*******************************************************************************
* irace: An implementation in R of Iterated Race
* Version: 3.1.2112M
* Copyright (C) 2010-2018
* Manuel Lopez-Ibanez     <manuel.lopez-ibanez@manchester.ac.uk>
* Jeremie Dubois-Lacoste  
* Leslie Perez Caceres    <leslie.perez.caceres@ulb.ac.be>
*
* This is free software, and you are welcome to redistribute it under certain
* conditions.  See the GNU General Public License for details. There is NO
* WARRANTY; not even for MERCHANTABILITY or FITNESS FOR A PARTICULAR PURPOSE.
*
* irace builds upon previous code from the race package:
*
* race: Racing methods for the selection of the best
* Copyright (C) 2003 Mauro Birattari
*******************************************************************************
# installed at: /home/cemvieira/bin/R/irace
# called with: -s scenario.txt --max-experiments 2000 -p ./cifar10/parameters-1540437.txt --parallel 32 --train-instances-file cifar10/instances.txt --log-file ./output/cifar10/cifar10-3f2k15m-irace-1540437.Rdata
# 8 expression(s) specifying forbidden configurations read from '/home/cemvieira/isklearn/forbidden.txt'
# 2020-06-25 14:26:27 BRT: Initialization
# Elitist race
# Elitist new instances: 1
# Elitist limit: 2
# nbIterations: 7
# minNbSurvival: 7
# nbParameters: 50
# seed: 997142723
# confidence level: 0.95
# budget: 2000
# mu: 5
# deterministic: TRUE

# 2020-06-25 14:26:27 BRT: Iteration 1 of 7
# experimentsUsedSoFar: 0
# remainingBudget: 2000
# currentBudget: 285
# nbConfigurations: 47
  Markers:
     x No test is performed.
     - The test is performed and some configurations are discarded.
     = The test is performed but no configuration is discarded.
     ! The test is performed and configurations could be discarded but elite configurations are preserved.
     . All alive configurations are elite and nothing is discarded

+-+-----------+-----------+-----------+---------------+-----------+--------+-----+----+------+
| |   Instance|      Alive|       Best|      Mean best| Exp so far|  W time|  rho|KenW|  Qvar|
+-+-----------+-----------+-----------+---------------+-----------+--------+-----+----+------+
|x|          1|         47|         38|  -0.2521333333|         47|00:30:01|   NA|  NA|    NA|
|x|          2|         47|         38|  -0.2518666667|         94|00:30:02|+1.00|1.00|0.0000|
|x|          3|         47|         38|  -0.2551111111|        141|00:30:01|+1.00|1.00|0.0000|
|x|          4|         47|         38|  -0.2555666667|        188|00:30:01|+1.00|1.00|0.0000|
|!|          5|          1|         38|  -0.2561600000|        235|00:30:01|   NA|  NA|    NA|
+-+-----------+-----------+-----------+---------------+-----------+--------+-----+----+------+
Best-so-far configuration:          38    mean value:   -0.2561600000
Description of the best-so-far configuration:
   .ID. dataset  job_id cutoff metafolds           task sparse    f_eng1 f_eng2 scaling    algorithm pre_scaling extraction ext_components       selection lr_C lr_solver multi_class  C kernel rf_estimators criterion_classification criterion_regression max_features max_depth min_samples_leaf solver alpha hidden_layers neurons1 activation n_neighbors weights ab_estimators ab_learning_rate ab_loss whiten svd_solver ica_algorithm ica_fun dl_fit_algorithm dl_transform_algorithm    sel_model sel_score_classification sel_score_regression sel_percentile sel_threshold max_iter lr_penalty degree gamma max_depth_value mlp_learning_rate learning_rate_init neurons2 neurons3 lr_dual .PARENT.
38   38 cifar10 1540437     15         3 classification  False Selection   None   False RandomForest        True       <NA>             NA SelectFromModel   NA      <NA>        <NA> NA   <NA>           292                  entropy                   NA       0.1937     value           0.1008   <NA>    NA            NA       NA       <NA>          NA    <NA>            NA               NA      NA   <NA>       <NA>          <NA>    <NA>             <NA>                   <NA> RandomForest                     <NA>                   NA             NA        median       NA       <NA>     NA    NA              25              <NA>                 NA       NA       NA      NA       NA

# 2020-06-25 16:56:35 BRT: Elite configurations (first number is the configuration ID; listed from best to worst according to the sum of ranks):
   dataset  job_id cutoff metafolds           task sparse    f_eng1 f_eng2 scaling    algorithm pre_scaling extraction ext_components       selection lr_C lr_solver multi_class  C kernel rf_estimators criterion_classification criterion_regression max_features max_depth min_samples_leaf solver alpha hidden_layers neurons1 activation n_neighbors weights ab_estimators ab_learning_rate ab_loss whiten svd_solver ica_algorithm ica_fun dl_fit_algorithm dl_transform_algorithm    sel_model sel_score_classification sel_score_regression sel_percentile sel_threshold max_iter lr_penalty degree gamma max_depth_value mlp_learning_rate learning_rate_init neurons2 neurons3 lr_dual
38 cifar10 1540437     15         3 classification  False Selection   None   False RandomForest        True       <NA>             NA SelectFromModel   NA      <NA>        <NA> NA   <NA>           292                  entropy                   NA       0.1937     value           0.1008   <NA>    NA            NA       NA       <NA>          NA    <NA>            NA               NA      NA   <NA>       <NA>          <NA>    <NA>             <NA>                   <NA> RandomForest                     <NA>                   NA             NA        median       NA       <NA>     NA    NA              25              <NA>                 NA       NA       NA      NA
# 2020-06-25 16:56:35 BRT: Iteration 2 of 7
# experimentsUsedSoFar: 235
# remainingBudget: 1765
# currentBudget: 294
# nbConfigurations: 42
  Markers:
     x No test is performed.
     - The test is performed and some configurations are discarded.
     = The test is performed but no configuration is discarded.
     ! The test is performed and configurations could be discarded but elite configurations are preserved.
     . All alive configurations are elite and nothing is discarded

+-+-----------+-----------+-----------+---------------+-----------+--------+-----+----+------+
| |   Instance|      Alive|       Best|      Mean best| Exp so far|  W time|  rho|KenW|  Qvar|
+-+-----------+-----------+-----------+---------------+-----------+--------+-----+----+------+
|x|          6|         42|         49|  -0.2956000000|         42|00:30:00|   NA|  NA|    NA|
|x|          3|         42|         49|  -0.2969333333|         83|00:30:02|+0.84|0.92|0.1417|
|x|          2|         42|         49|  -0.2953333333|        124|00:30:01|+0.90|0.93|0.0945|
|x|          4|         42|         49|  -0.2963000000|        165|00:30:01|+0.93|0.94|0.0708|
|!|          5|          3|         49|  -0.2968266667|        206|00:30:02|+0.80|0.84|0.2005|
+-+-----------+-----------+-----------+---------------+-----------+--------+-----+----+------+
Best-so-far configuration:          38    mean value:     715827882.5
Description of the best-so-far configuration:
   .ID. dataset  job_id cutoff metafolds           task sparse    f_eng1 f_eng2 scaling    algorithm pre_scaling extraction ext_components       selection lr_C lr_solver multi_class  C kernel rf_estimators criterion_classification criterion_regression max_features max_depth min_samples_leaf solver alpha hidden_layers neurons1 activation n_neighbors weights ab_estimators ab_learning_rate ab_loss whiten svd_solver ica_algorithm ica_fun dl_fit_algorithm dl_transform_algorithm    sel_model sel_score_classification sel_score_regression sel_percentile sel_threshold max_iter lr_penalty degree gamma max_depth_value mlp_learning_rate learning_rate_init neurons2 neurons3 lr_dual .PARENT.
38   38 cifar10 1540437     15         3 classification  False Selection   None   False RandomForest        True       <NA>             NA SelectFromModel   NA      <NA>        <NA> NA   <NA>           292                  entropy                   NA       0.1937     value           0.1008   <NA>    NA            NA       NA       <NA>          NA    <NA>            NA               NA      NA   <NA>       <NA>          <NA>    <NA>             <NA>                   <NA> RandomForest                     <NA>                   NA             NA        median       NA       <NA>     NA    NA              25              <NA>                 NA       NA       NA      NA       NA

# 2020-06-25 19:26:45 BRT: Elite configurations (first number is the configuration ID; listed from best to worst according to the sum of ranks):
   dataset  job_id cutoff metafolds           task sparse    f_eng1    f_eng2 scaling    algorithm pre_scaling extraction ext_components        selection lr_C lr_solver multi_class  C kernel rf_estimators criterion_classification criterion_regression max_features max_depth min_samples_leaf solver alpha hidden_layers neurons1 activation n_neighbors  weights ab_estimators ab_learning_rate ab_loss whiten svd_solver ica_algorithm ica_fun dl_fit_algorithm dl_transform_algorithm    sel_model sel_score_classification sel_score_regression sel_percentile sel_threshold max_iter lr_penalty degree gamma max_depth_value mlp_learning_rate learning_rate_init neurons2 neurons3 lr_dual
38 cifar10 1540437     15         3 classification  False Selection      None   False RandomForest        True       <NA>             NA  SelectFromModel   NA      <NA>        <NA> NA   <NA>           292                  entropy                   NA       0.1937     value           0.1008   <NA>    NA            NA       NA       <NA>          NA     <NA>            NA               NA      NA   <NA>       <NA>          <NA>    <NA>             <NA>                   <NA> RandomForest                     <NA>                   NA             NA        median       NA       <NA>     NA    NA              25              <NA>                 NA       NA       NA      NA
49 cifar10 1540437     15         3 classification  False      None Selection   False RandomForest        True       <NA>             NA SelectPercentile   NA      <NA>        <NA> NA   <NA>            15                     gini                   NA       0.0360     value           0.0334   <NA>    NA            NA       NA       <NA>          NA     <NA>            NA               NA      NA   <NA>       <NA>          <NA>    <NA>             <NA>                   <NA>         <NA>                f_classif                   NA             78          <NA>       NA       <NA>     NA    NA              28              <NA>                 NA       NA       NA      NA
57 cifar10 1540437     15         3 classification  False      None      None    True   KNeighbors        <NA>       <NA>             NA             <NA>   NA      <NA>        <NA> NA   <NA>            NA                     <NA>                   NA           NA      <NA>               NA   <NA>    NA            NA       NA       <NA>          93 distance            NA               NA      NA   <NA>       <NA>          <NA>    <NA>             <NA>                   <NA>         <NA>                     <NA>                   NA             NA          <NA>       NA       <NA>     NA    NA              NA              <NA>                 NA       NA       NA      NA
# 2020-06-25 19:26:45 BRT: Iteration 3 of 7
# experimentsUsedSoFar: 441
# remainingBudget: 1559
# currentBudget: 311
# nbConfigurations: 41
  Markers:
     x No test is performed.
     - The test is performed and some configurations are discarded.
     = The test is performed but no configuration is discarded.
     ! The test is performed and configurations could be discarded but elite configurations are preserved.
     . All alive configurations are elite and nothing is discarded

+-+-----------+-----------+-----------+---------------+-----------+--------+-----+----+------+
| |   Instance|      Alive|       Best|      Mean best| Exp so far|  W time|  rho|KenW|  Qvar|
+-+-----------+-----------+-----------+---------------+-----------+--------+-----+----+------+
|x|          7|         41|        125|  -0.3117333333|         41|00:24:02|   NA|  NA|    NA|
|x|          4|         41|        125|  -0.3138666667|         79|00:21:50|+0.92|0.96|0.0524|
|x|          5|         41|        125|  -0.3144000000|        117|00:23:19|+0.95|0.97|0.0350|
|x|          6|         41|        125|  -0.3129666667|        155|00:22:04|+0.95|0.96|0.0350|
|!|          1|          4|        125|  -0.3110133333|        195|00:23:44|+0.88|0.90|0.2603|
+-+-----------+-----------+-----------+---------------+-----------+--------+-----+----+------+
Best-so-far configuration:          49    mean value:   -0.2953523810
Description of the best-so-far configuration:
   .ID. dataset  job_id cutoff metafolds           task sparse f_eng1    f_eng2 scaling    algorithm pre_scaling extraction ext_components        selection lr_C lr_solver multi_class  C kernel rf_estimators criterion_classification criterion_regression max_features max_depth min_samples_leaf solver alpha hidden_layers neurons1 activation n_neighbors weights ab_estimators ab_learning_rate ab_loss whiten svd_solver ica_algorithm ica_fun dl_fit_algorithm dl_transform_algorithm sel_model sel_score_classification sel_score_regression sel_percentile sel_threshold max_iter lr_penalty degree gamma max_depth_value mlp_learning_rate learning_rate_init neurons2 neurons3 lr_dual .PARENT.
49   49 cifar10 1540437     15         3 classification  False   None Selection   False RandomForest        True       <NA>             NA SelectPercentile   NA      <NA>        <NA> NA   <NA>            15                     gini                   NA        0.036     value           0.0334   <NA>    NA            NA       NA       <NA>          NA    <NA>            NA               NA      NA   <NA>       <NA>          <NA>    <NA>             <NA>                   <NA>      <NA>                f_classif                   NA             78          <NA>       NA       <NA>     NA    NA              28              <NA>                 NA       NA       NA      NA       38

# 2020-06-25 21:21:48 BRT: Elite configurations (first number is the configuration ID; listed from best to worst according to the sum of ranks):
    dataset  job_id cutoff metafolds           task sparse    f_eng1    f_eng2 scaling    algorithm pre_scaling extraction ext_components        selection lr_C lr_solver multi_class  C kernel rf_estimators criterion_classification criterion_regression max_features max_depth min_samples_leaf solver alpha hidden_layers neurons1 activation n_neighbors  weights ab_estimators ab_learning_rate ab_loss whiten svd_solver ica_algorithm ica_fun dl_fit_algorithm dl_transform_algorithm    sel_model sel_score_classification sel_score_regression sel_percentile sel_threshold max_iter lr_penalty degree gamma max_depth_value mlp_learning_rate learning_rate_init neurons2 neurons3 lr_dual
49  cifar10 1540437     15         3 classification  False      None Selection   False RandomForest        True       <NA>             NA SelectPercentile   NA      <NA>        <NA> NA   <NA>            15                     gini                   NA       0.0360     value           0.0334   <NA>    NA            NA       NA       <NA>          NA     <NA>            NA               NA      NA   <NA>       <NA>          <NA>    <NA>             <NA>                   <NA>         <NA>                f_classif                   NA             78          <NA>       NA       <NA>     NA    NA              28              <NA>                 NA       NA       NA      NA
38  cifar10 1540437     15         3 classification  False Selection      None   False RandomForest        True       <NA>             NA  SelectFromModel   NA      <NA>        <NA> NA   <NA>           292                  entropy                   NA       0.1937     value           0.1008   <NA>    NA            NA       NA       <NA>          NA     <NA>            NA               NA      NA   <NA>       <NA>          <NA>    <NA>             <NA>                   <NA> RandomForest                     <NA>                   NA             NA        median       NA       <NA>     NA    NA              25              <NA>                 NA       NA       NA      NA
57  cifar10 1540437     15         3 classification  False      None      None    True   KNeighbors        <NA>       <NA>             NA             <NA>   NA      <NA>        <NA> NA   <NA>            NA                     <NA>                   NA           NA      <NA>               NA   <NA>    NA            NA       NA       <NA>          93 distance            NA               NA      NA   <NA>       <NA>          <NA>    <NA>             <NA>                   <NA>         <NA>                     <NA>                   NA             NA          <NA>       NA       <NA>     NA    NA              NA              <NA>                 NA       NA       NA      NA
125 cifar10 1540437     15         3 classification  False      None      None   False RandomForest        <NA>       <NA>             NA             <NA>   NA      <NA>        <NA> NA   <NA>           115                  entropy                   NA       0.5681      none           0.0350   <NA>    NA            NA       NA       <NA>          NA     <NA>            NA               NA      NA   <NA>       <NA>          <NA>    <NA>             <NA>                   <NA>         <NA>                     <NA>                   NA             NA          <NA>       NA       <NA>     NA    NA              NA              <NA>                 NA       NA       NA      NA
# 2020-06-25 21:21:48 BRT: Iteration 4 of 7
# experimentsUsedSoFar: 636
# remainingBudget: 1364
# currentBudget: 341
# nbConfigurations: 41
  Markers:
     x No test is performed.
     - The test is performed and some configurations are discarded.
     = The test is performed but no configuration is discarded.
     ! The test is performed and configurations could be discarded but elite configurations are preserved.
     . All alive configurations are elite and nothing is discarded

+-+-----------+-----------+-----------+---------------+-----------+--------+-----+----+------+
| |   Instance|      Alive|       Best|      Mean best| Exp so far|  W time|  rho|KenW|  Qvar|
+-+-----------+-----------+-----------+---------------+-----------+--------+-----+----+------+
|x|          8|         41|         49|  -0.2844000000|         41|00:23:03|   NA|  NA|    NA|
|x|          7|         41|         49|  -0.2898666667|         78|00:19:44|+0.87|0.93|0.1380|
|x|          1|         41|         49|  -0.2892444444|        115|00:20:08|+0.87|0.91|0.1210|
|x|          4|         41|         49|  -0.2917333333|        152|00:19:58|+0.89|0.92|0.0980|
|!|          5|          7|         49|  -0.2931733333|        189|00:19:30|+0.70|0.76|0.4625|
+-+-----------+-----------+-----------+---------------+-----------+--------+-----+----+------+
Best-so-far configuration:          49    mean value:   -0.2939833333
Description of the best-so-far configuration:
   .ID. dataset  job_id cutoff metafolds           task sparse f_eng1    f_eng2 scaling    algorithm pre_scaling extraction ext_components        selection lr_C lr_solver multi_class  C kernel rf_estimators criterion_classification criterion_regression max_features max_depth min_samples_leaf solver alpha hidden_layers neurons1 activation n_neighbors weights ab_estimators ab_learning_rate ab_loss whiten svd_solver ica_algorithm ica_fun dl_fit_algorithm dl_transform_algorithm sel_model sel_score_classification sel_score_regression sel_percentile sel_threshold max_iter lr_penalty degree gamma max_depth_value mlp_learning_rate learning_rate_init neurons2 neurons3 lr_dual .PARENT.
49   49 cifar10 1540437     15         3 classification  False   None Selection   False RandomForest        True       <NA>             NA SelectPercentile   NA      <NA>        <NA> NA   <NA>            15                     gini                   NA        0.036     value           0.0334   <NA>    NA            NA       NA       <NA>          NA    <NA>            NA               NA      NA   <NA>       <NA>          <NA>    <NA>             <NA>                   <NA>      <NA>                f_classif                   NA             78          <NA>       NA       <NA>     NA    NA              28              <NA>                 NA       NA       NA      NA       38

# 2020-06-25 23:04:15 BRT: Elite configurations (first number is the configuration ID; listed from best to worst according to the sum of ranks):
    dataset  job_id cutoff metafolds           task sparse    f_eng1    f_eng2 scaling    algorithm pre_scaling extraction ext_components        selection lr_C lr_solver multi_class  C kernel rf_estimators criterion_classification criterion_regression max_features max_depth min_samples_leaf solver alpha hidden_layers neurons1 activation n_neighbors  weights ab_estimators ab_learning_rate ab_loss whiten svd_solver ica_algorithm ica_fun dl_fit_algorithm dl_transform_algorithm    sel_model sel_score_classification sel_score_regression sel_percentile sel_threshold max_iter lr_penalty degree gamma max_depth_value mlp_learning_rate learning_rate_init neurons2 neurons3 lr_dual
49  cifar10 1540437     15         3 classification  False      None Selection   False RandomForest        True       <NA>             NA SelectPercentile   NA      <NA>        <NA> NA   <NA>            15                     gini                   NA       0.0360     value           0.0334   <NA>    NA            NA       NA       <NA>          NA     <NA>            NA               NA      NA   <NA>       <NA>          <NA>    <NA>             <NA>                   <NA>         <NA>                f_classif                   NA             78          <NA>       NA       <NA>     NA    NA              28              <NA>                 NA       NA       NA      NA
38  cifar10 1540437     15         3 classification  False Selection      None   False RandomForest        True       <NA>             NA  SelectFromModel   NA      <NA>        <NA> NA   <NA>           292                  entropy                   NA       0.1937     value           0.1008   <NA>    NA            NA       NA       <NA>          NA     <NA>            NA               NA      NA   <NA>       <NA>          <NA>    <NA>             <NA>                   <NA> RandomForest                     <NA>                   NA             NA        median       NA       <NA>     NA    NA              25              <NA>                 NA       NA       NA      NA
57  cifar10 1540437     15         3 classification  False      None      None    True   KNeighbors        <NA>       <NA>             NA             <NA>   NA      <NA>        <NA> NA   <NA>            NA                     <NA>                   NA           NA      <NA>               NA   <NA>    NA            NA       NA       <NA>          93 distance            NA               NA      NA   <NA>       <NA>          <NA>    <NA>             <NA>                   <NA>         <NA>                     <NA>                   NA             NA          <NA>       NA       <NA>     NA    NA              NA              <NA>                 NA       NA       NA      NA
125 cifar10 1540437     15         3 classification  False      None      None   False RandomForest        <NA>       <NA>             NA             <NA>   NA      <NA>        <NA> NA   <NA>           115                  entropy                   NA       0.5681      none           0.0350   <NA>    NA            NA       NA       <NA>          NA     <NA>            NA               NA      NA   <NA>       <NA>          <NA>    <NA>             <NA>                   <NA>         <NA>                     <NA>                   NA             NA          <NA>       NA       <NA>     NA    NA              NA              <NA>                 NA       NA       NA      NA
141 cifar10 1540437     15         3 classification  False      None Selection   False RandomForest        True       <NA>             NA SelectPercentile   NA      <NA>        <NA> NA   <NA>            32                     gini                   NA       0.3837     value           0.0447   <NA>    NA            NA       NA       <NA>          NA     <NA>            NA               NA      NA   <NA>       <NA>          <NA>    <NA>             <NA>                   <NA>         <NA>                f_classif                   NA             45          <NA>       NA       <NA>     NA    NA              32              <NA>                 NA       NA       NA      NA
146 cifar10 1540437     15         3 classification  False      None Selection   False RandomForest        True       <NA>             NA SelectPercentile   NA      <NA>        <NA> NA   <NA>           197                     gini                   NA       0.2075     value           0.0697   <NA>    NA            NA       NA       <NA>          NA     <NA>            NA               NA      NA   <NA>       <NA>          <NA>    <NA>             <NA>                   <NA>         <NA>                f_classif                   NA             80          <NA>       NA       <NA>     NA    NA              26              <NA>                 NA       NA       NA      NA
153 cifar10 1540437     15         3 classification  False Selection      None   False RandomForest        True       <NA>             NA  SelectFromModel   NA      <NA>        <NA> NA   <NA>            78                  entropy                   NA       0.2146      none           0.0688   <NA>    NA            NA       NA       <NA>          NA     <NA>            NA               NA      NA   <NA>       <NA>          <NA>    <NA>             <NA>                   <NA> RandomForest                     <NA>                   NA             NA        median       NA       <NA>     NA    NA              NA              <NA>                 NA       NA       NA      NA
# 2020-06-25 23:04:15 BRT: Iteration 5 of 7
# experimentsUsedSoFar: 825
# remainingBudget: 1175
# currentBudget: 391
# nbConfigurations: 44
  Markers:
     x No test is performed.
     - The test is performed and some configurations are discarded.
     = The test is performed but no configuration is discarded.
     ! The test is performed and configurations could be discarded but elite configurations are preserved.
     . All alive configurations are elite and nothing is discarded

+-+-----------+-----------+-----------+---------------+-----------+--------+-----+----+------+
| |   Instance|      Alive|       Best|      Mean best| Exp so far|  W time|  rho|KenW|  Qvar|
+-+-----------+-----------+-----------+---------------+-----------+--------+-----+----+------+
|x|          9|         44|        196|  -0.3182666667|         44|00:21:34|   NA|  NA|    NA|
|x|          1|         44|        196|  -0.3234000000|         81|00:19:55|+0.83|0.92|0.0989|
|x|          5|         44|        196|  -0.3272888889|        118|00:20:09|+0.89|0.92|0.0659|
|x|          8|         44|        182|  -0.3211333333|        155|00:20:02|+0.88|0.91|0.0787|
|!|          6|         11|        182|  -0.3225333333|        195|00:19:54|+0.75|0.80|0.6473|
|!|          4|          9|        182|  -0.3244888889|        199|00:02:12|+0.78|0.82|0.5826|
|!|          7|          5|        196|  -0.3267047619|        201|00:01:35|+0.89|0.90|0.2495|
+-+-----------+-----------+-----------+---------------+-----------+--------+-----+----+------+
Best-so-far configuration:          49    mean value:   -0.2940592593
Description of the best-so-far configuration:
   .ID. dataset  job_id cutoff metafolds           task sparse f_eng1    f_eng2 scaling    algorithm pre_scaling extraction ext_components        selection lr_C lr_solver multi_class  C kernel rf_estimators criterion_classification criterion_regression max_features max_depth min_samples_leaf solver alpha hidden_layers neurons1 activation n_neighbors weights ab_estimators ab_learning_rate ab_loss whiten svd_solver ica_algorithm ica_fun dl_fit_algorithm dl_transform_algorithm sel_model sel_score_classification sel_score_regression sel_percentile sel_threshold max_iter lr_penalty degree gamma max_depth_value mlp_learning_rate learning_rate_init neurons2 neurons3 lr_dual .PARENT.
49   49 cifar10 1540437     15         3 classification  False   None Selection   False RandomForest        True       <NA>             NA SelectPercentile   NA      <NA>        <NA> NA   <NA>            15                     gini                   NA        0.036     value           0.0334   <NA>    NA            NA       NA       <NA>          NA    <NA>            NA               NA      NA   <NA>       <NA>          <NA>    <NA>             <NA>                   <NA>      <NA>                f_classif                   NA             78          <NA>       NA       <NA>     NA    NA              28              <NA>                 NA       NA       NA      NA       38

# 2020-06-26 00:49:43 BRT: Elite configurations (first number is the configuration ID; listed from best to worst according to the sum of ranks):
    dataset  job_id cutoff metafolds           task sparse    f_eng1    f_eng2 scaling    algorithm pre_scaling extraction ext_components        selection lr_C lr_solver multi_class  C kernel rf_estimators criterion_classification criterion_regression max_features max_depth min_samples_leaf solver alpha hidden_layers neurons1 activation n_neighbors  weights ab_estimators ab_learning_rate ab_loss whiten svd_solver ica_algorithm ica_fun dl_fit_algorithm dl_transform_algorithm    sel_model sel_score_classification sel_score_regression sel_percentile sel_threshold max_iter lr_penalty degree gamma max_depth_value mlp_learning_rate learning_rate_init neurons2 neurons3 lr_dual
49  cifar10 1540437     15         3 classification  False      None Selection   False RandomForest        True       <NA>             NA SelectPercentile   NA      <NA>        <NA> NA   <NA>            15                     gini                   NA       0.0360     value           0.0334   <NA>    NA            NA       NA       <NA>          NA     <NA>            NA               NA      NA   <NA>       <NA>          <NA>    <NA>             <NA>                   <NA>         <NA>                f_classif                   NA             78          <NA>       NA       <NA>     NA    NA              28              <NA>                 NA       NA       NA      NA
38  cifar10 1540437     15         3 classification  False Selection      None   False RandomForest        True       <NA>             NA  SelectFromModel   NA      <NA>        <NA> NA   <NA>           292                  entropy                   NA       0.1937     value           0.1008   <NA>    NA            NA       NA       <NA>          NA     <NA>            NA               NA      NA   <NA>       <NA>          <NA>    <NA>             <NA>                   <NA> RandomForest                     <NA>                   NA             NA        median       NA       <NA>     NA    NA              25              <NA>                 NA       NA       NA      NA
57  cifar10 1540437     15         3 classification  False      None      None    True   KNeighbors        <NA>       <NA>             NA             <NA>   NA      <NA>        <NA> NA   <NA>            NA                     <NA>                   NA           NA      <NA>               NA   <NA>    NA            NA       NA       <NA>          93 distance            NA               NA      NA   <NA>       <NA>          <NA>    <NA>             <NA>                   <NA>         <NA>                     <NA>                   NA             NA          <NA>       NA       <NA>     NA    NA              NA              <NA>                 NA       NA       NA      NA
196 cifar10 1540437     15         3 classification  False      None Selection   False RandomForest        True       <NA>             NA SelectPercentile   NA      <NA>        <NA> NA   <NA>           276                     gini                   NA       0.0657     value           0.0119   <NA>    NA            NA       NA       <NA>          NA     <NA>            NA               NA      NA   <NA>       <NA>          <NA>    <NA>             <NA>                   <NA>         <NA>                f_classif                   NA             42          <NA>       NA       <NA>     NA    NA              16              <NA>                 NA       NA       NA      NA
182 cifar10 1540437     15         3 classification  False      None      None   False RandomForest        <NA>       <NA>             NA             <NA>   NA      <NA>        <NA> NA   <NA>           790                     gini                   NA       0.0642     value           0.0258   <NA>    NA            NA       NA       <NA>          NA     <NA>            NA               NA      NA   <NA>       <NA>          <NA>    <NA>             <NA>                   <NA>         <NA>                     <NA>                   NA             NA          <NA>       NA       <NA>     NA    NA              25              <NA>                 NA       NA       NA      NA
# 2020-06-26 00:49:43 BRT: Iteration 6 of 7
# experimentsUsedSoFar: 1026
# remainingBudget: 974
# currentBudget: 487
# nbConfigurations: 53
  Markers:
     x No test is performed.
     - The test is performed and some configurations are discarded.
     = The test is performed but no configuration is discarded.
     ! The test is performed and configurations could be discarded but elite configurations are preserved.
     . All alive configurations are elite and nothing is discarded

+-+-----------+-----------+-----------+---------------+-----------+--------+-----+----+------+
| |   Instance|      Alive|       Best|      Mean best| Exp so far|  W time|  rho|KenW|  Qvar|
+-+-----------+-----------+-----------+---------------+-----------+--------+-----+----+------+
|x|         10|         53|        242|  -0.3482666667|         53|00:28:03|   NA|  NA|    NA|
|x|          7|         53|        242|  -0.3452666667|        101|00:24:53|+0.92|0.96|0.1286|
|x|          8|         53|        242|  -0.3426222222|        149|00:25:17|+0.95|0.96|0.0862|
|x|          5|         53|        242|  -0.3443666667|        197|00:24:15|+0.92|0.94|0.1146|
|!|          9|          8|        242|  -0.3433600000|        245|00:24:59|+0.97|0.98|0.3172|
|!|          6|          6|        242|  -0.3434666667|        248|00:03:47|+0.94|0.95|0.2405|
+-+-----------+-----------+-----------+---------------+-----------+--------+-----+----+------+
Best-so-far configuration:          49    mean value:   -0.2944133333
Description of the best-so-far configuration:
   .ID. dataset  job_id cutoff metafolds           task sparse f_eng1    f_eng2 scaling    algorithm pre_scaling extraction ext_components        selection lr_C lr_solver multi_class  C kernel rf_estimators criterion_classification criterion_regression max_features max_depth min_samples_leaf solver alpha hidden_layers neurons1 activation n_neighbors weights ab_estimators ab_learning_rate ab_loss whiten svd_solver ica_algorithm ica_fun dl_fit_algorithm dl_transform_algorithm sel_model sel_score_classification sel_score_regression sel_percentile sel_threshold max_iter lr_penalty degree gamma max_depth_value mlp_learning_rate learning_rate_init neurons2 neurons3 lr_dual .PARENT.
49   49 cifar10 1540437     15         3 classification  False   None Selection   False RandomForest        True       <NA>             NA SelectPercentile   NA      <NA>        <NA> NA   <NA>            15                     gini                   NA        0.036     value           0.0334   <NA>    NA            NA       NA       <NA>          NA    <NA>            NA               NA      NA   <NA>       <NA>          <NA>    <NA>             <NA>                   <NA>      <NA>                f_classif                   NA             78          <NA>       NA       <NA>     NA    NA              28              <NA>                 NA       NA       NA      NA       38

# 2020-06-26 03:01:01 BRT: Elite configurations (first number is the configuration ID; listed from best to worst according to the sum of ranks):
    dataset  job_id cutoff metafolds           task sparse    f_eng1    f_eng2 scaling    algorithm pre_scaling extraction ext_components        selection lr_C lr_solver multi_class  C kernel rf_estimators criterion_classification criterion_regression max_features max_depth min_samples_leaf solver alpha hidden_layers neurons1 activation n_neighbors  weights ab_estimators ab_learning_rate ab_loss whiten svd_solver ica_algorithm ica_fun dl_fit_algorithm dl_transform_algorithm    sel_model sel_score_classification sel_score_regression sel_percentile sel_threshold max_iter lr_penalty degree gamma max_depth_value mlp_learning_rate learning_rate_init neurons2 neurons3 lr_dual
49  cifar10 1540437     15         3 classification  False      None Selection   False RandomForest        True       <NA>             NA SelectPercentile   NA      <NA>        <NA> NA   <NA>            15                     gini                   NA       0.0360     value           0.0334   <NA>    NA            NA       NA       <NA>          NA     <NA>            NA               NA      NA   <NA>       <NA>          <NA>    <NA>             <NA>                   <NA>         <NA>                f_classif                   NA             78          <NA>       NA       <NA>     NA    NA              28              <NA>                 NA       NA       NA      NA
38  cifar10 1540437     15         3 classification  False Selection      None   False RandomForest        True       <NA>             NA  SelectFromModel   NA      <NA>        <NA> NA   <NA>           292                  entropy                   NA       0.1937     value           0.1008   <NA>    NA            NA       NA       <NA>          NA     <NA>            NA               NA      NA   <NA>       <NA>          <NA>    <NA>             <NA>                   <NA> RandomForest                     <NA>                   NA             NA        median       NA       <NA>     NA    NA              25              <NA>                 NA       NA       NA      NA
57  cifar10 1540437     15         3 classification  False      None      None    True   KNeighbors        <NA>       <NA>             NA             <NA>   NA      <NA>        <NA> NA   <NA>            NA                     <NA>                   NA           NA      <NA>               NA   <NA>    NA            NA       NA       <NA>          93 distance            NA               NA      NA   <NA>       <NA>          <NA>    <NA>             <NA>                   <NA>         <NA>                     <NA>                   NA             NA          <NA>       NA       <NA>     NA    NA              NA              <NA>                 NA       NA       NA      NA
196 cifar10 1540437     15         3 classification  False      None Selection   False RandomForest        True       <NA>             NA SelectPercentile   NA      <NA>        <NA> NA   <NA>           276                     gini                   NA       0.0657     value           0.0119   <NA>    NA            NA       NA       <NA>          NA     <NA>            NA               NA      NA   <NA>       <NA>          <NA>    <NA>             <NA>                   <NA>         <NA>                f_classif                   NA             42          <NA>       NA       <NA>     NA    NA              16              <NA>                 NA       NA       NA      NA
182 cifar10 1540437     15         3 classification  False      None      None   False RandomForest        <NA>       <NA>             NA             <NA>   NA      <NA>        <NA> NA   <NA>           790                     gini                   NA       0.0642     value           0.0258   <NA>    NA            NA       NA       <NA>          NA     <NA>            NA               NA      NA   <NA>       <NA>          <NA>    <NA>             <NA>                   <NA>         <NA>                     <NA>                   NA             NA          <NA>       NA       <NA>     NA    NA              25              <NA>                 NA       NA       NA      NA
242 cifar10 1540437     15         3 classification  False      None Selection   False RandomForest        True       <NA>             NA SelectPercentile   NA      <NA>        <NA> NA   <NA>           197                     gini                   NA       0.3716     value           0.0123   <NA>    NA            NA       NA       <NA>          NA     <NA>            NA               NA      NA   <NA>       <NA>          <NA>    <NA>             <NA>                   <NA>         <NA>                f_classif                   NA             91          <NA>       NA       <NA>     NA    NA              10              <NA>                 NA       NA       NA      NA
# 2020-06-26 03:01:01 BRT: Iteration 7 of 7
# experimentsUsedSoFar: 1274
# remainingBudget: 726
# currentBudget: 726
# nbConfigurations: 71
  Markers:
     x No test is performed.
     - The test is performed and some configurations are discarded.
     = The test is performed but no configuration is discarded.
     ! The test is performed and configurations could be discarded but elite configurations are preserved.
     . All alive configurations are elite and nothing is discarded

+-+-----------+-----------+-----------+---------------+-----------+--------+-----+----+------+
| |   Instance|      Alive|       Best|      Mean best| Exp so far|  W time|  rho|KenW|  Qvar|
+-+-----------+-----------+-----------+---------------+-----------+--------+-----+----+------+
|x|         11|         71|        196|  -0.3352000000|         71|00:30:02|   NA|  NA|    NA|
|x|          3|         71|        196|  -0.3309333333|        139|00:30:02|+0.93|0.97|0.0763|
|x|          9|         71|        196|  -0.3267111111|        204|00:26:45|+0.91|0.94|0.0768|
|x|          1|         71|        196|  -0.3271666667|        270|00:28:20|+0.92|0.94|0.0754|
|!|          2|         10|        196|  -0.3263466667|        338|00:29:46|+0.75|0.80|0.6076|
|!|          4|          7|        196|  -0.3284666667|        343|00:03:47|+0.58|0.65|0.6972|
+-+-----------+-----------+-----------+---------------+-----------+--------+-----+----+------+
Best-so-far configuration:         196    mean value:   -0.3275515152
Description of the best-so-far configuration:
    .ID. dataset  job_id cutoff metafolds           task sparse f_eng1    f_eng2 scaling    algorithm pre_scaling extraction ext_components        selection lr_C lr_solver multi_class  C kernel rf_estimators criterion_classification criterion_regression max_features max_depth min_samples_leaf solver alpha hidden_layers neurons1 activation n_neighbors weights ab_estimators ab_learning_rate ab_loss whiten svd_solver ica_algorithm ica_fun dl_fit_algorithm dl_transform_algorithm sel_model sel_score_classification sel_score_regression sel_percentile sel_threshold max_iter lr_penalty degree gamma max_depth_value mlp_learning_rate learning_rate_init neurons2 neurons3 lr_dual .PARENT.
196  196 cifar10 1540437     15         3 classification  False   None Selection   False RandomForest        True       <NA>             NA SelectPercentile   NA      <NA>        <NA> NA   <NA>           276                     gini                   NA       0.0657     value           0.0119   <NA>    NA            NA       NA       <NA>          NA    <NA>            NA               NA      NA   <NA>       <NA>          <NA>    <NA>             <NA>                   <NA>      <NA>                f_classif                   NA             42          <NA>       NA       <NA>     NA    NA              16              <NA>                 NA       NA       NA      NA       49

# 2020-06-26 05:29:50 BRT: Elite configurations (first number is the configuration ID; listed from best to worst according to the sum of ranks):
    dataset  job_id cutoff metafolds           task sparse    f_eng1    f_eng2 scaling    algorithm pre_scaling extraction ext_components        selection lr_C lr_solver multi_class  C kernel rf_estimators criterion_classification criterion_regression max_features max_depth min_samples_leaf solver alpha hidden_layers neurons1 activation n_neighbors  weights ab_estimators ab_learning_rate ab_loss whiten svd_solver ica_algorithm ica_fun dl_fit_algorithm dl_transform_algorithm    sel_model sel_score_classification sel_score_regression sel_percentile sel_threshold max_iter lr_penalty degree gamma max_depth_value mlp_learning_rate learning_rate_init neurons2 neurons3 lr_dual
196 cifar10 1540437     15         3 classification  False      None Selection   False RandomForest        True       <NA>             NA SelectPercentile   NA      <NA>        <NA> NA   <NA>           276                     gini                   NA       0.0657     value           0.0119   <NA>    NA            NA       NA       <NA>          NA     <NA>            NA               NA      NA   <NA>       <NA>          <NA>    <NA>             <NA>                   <NA>         <NA>                f_classif                   NA             42          <NA>       NA       <NA>     NA    NA              16              <NA>                 NA       NA       NA      NA
182 cifar10 1540437     15         3 classification  False      None      None   False RandomForest        <NA>       <NA>             NA             <NA>   NA      <NA>        <NA> NA   <NA>           790                     gini                   NA       0.0642     value           0.0258   <NA>    NA            NA       NA       <NA>          NA     <NA>            NA               NA      NA   <NA>       <NA>          <NA>    <NA>             <NA>                   <NA>         <NA>                     <NA>                   NA             NA          <NA>       NA       <NA>     NA    NA              25              <NA>                 NA       NA       NA      NA
242 cifar10 1540437     15         3 classification  False      None Selection   False RandomForest        True       <NA>             NA SelectPercentile   NA      <NA>        <NA> NA   <NA>           197                     gini                   NA       0.3716     value           0.0123   <NA>    NA            NA       NA       <NA>          NA     <NA>            NA               NA      NA   <NA>       <NA>          <NA>    <NA>             <NA>                   <NA>         <NA>                f_classif                   NA             91          <NA>       NA       <NA>     NA    NA              10              <NA>                 NA       NA       NA      NA
49  cifar10 1540437     15         3 classification  False      None Selection   False RandomForest        True       <NA>             NA SelectPercentile   NA      <NA>        <NA> NA   <NA>            15                     gini                   NA       0.0360     value           0.0334   <NA>    NA            NA       NA       <NA>          NA     <NA>            NA               NA      NA   <NA>       <NA>          <NA>    <NA>             <NA>                   <NA>         <NA>                f_classif                   NA             78          <NA>       NA       <NA>     NA    NA              28              <NA>                 NA       NA       NA      NA
38  cifar10 1540437     15         3 classification  False Selection      None   False RandomForest        True       <NA>             NA  SelectFromModel   NA      <NA>        <NA> NA   <NA>           292                  entropy                   NA       0.1937     value           0.1008   <NA>    NA            NA       NA       <NA>          NA     <NA>            NA               NA      NA   <NA>       <NA>          <NA>    <NA>             <NA>                   <NA> RandomForest                     <NA>                   NA             NA        median       NA       <NA>     NA    NA              25              <NA>                 NA       NA       NA      NA
57  cifar10 1540437     15         3 classification  False      None      None    True   KNeighbors        <NA>       <NA>             NA             <NA>   NA      <NA>        <NA> NA   <NA>            NA                     <NA>                   NA           NA      <NA>               NA   <NA>    NA            NA       NA       <NA>          93 distance            NA               NA      NA   <NA>       <NA>          <NA>    <NA>             <NA>                   <NA>         <NA>                     <NA>                   NA             NA          <NA>       NA       <NA>     NA    NA              NA              <NA>                 NA       NA       NA      NA
307 cifar10 1540437     15         3 classification  False      None Selection   False RandomForest        True       <NA>             NA SelectPercentile   NA      <NA>        <NA> NA   <NA>           290                     gini                   NA       0.3072     value           0.0339   <NA>    NA            NA       NA       <NA>          NA     <NA>            NA               NA      NA   <NA>       <NA>          <NA>    <NA>             <NA>                   <NA>         <NA>                f_classif                   NA             62          <NA>       NA       <NA>     NA    NA              27              <NA>                 NA       NA       NA      NA
# 2020-06-26 05:29:50 BRT: Iteration 8 of 8
# experimentsUsedSoFar: 1617
# remainingBudget: 383
# currentBudget: 383
# nbConfigurations: 38
  Markers:
     x No test is performed.
     - The test is performed and some configurations are discarded.
     = The test is performed but no configuration is discarded.
     ! The test is performed and configurations could be discarded but elite configurations are preserved.
     . All alive configurations are elite and nothing is discarded

+-+-----------+-----------+-----------+---------------+-----------+--------+-----+----+------+
| |   Instance|      Alive|       Best|      Mean best| Exp so far|  W time|  rho|KenW|  Qvar|
+-+-----------+-----------+-----------+---------------+-----------+--------+-----+----+------+
|x|         12|         38|        341|  -0.3229333333|         38|00:20:23|   NA|  NA|    NA|
|x|          5|         38|        196|  -0.3263333333|         70|00:15:01|+0.28|0.64|0.6026|
|x|          9|         38|        196|  -0.3236444444|        101|00:15:01|+0.41|0.61|0.5509|
|x|          2|         38|        196|  -0.3235000000|        132|00:15:01|+0.49|0.62|0.4855|
|!|          4|         14|        196|  -0.3266133333|        163|00:15:01|+0.42|0.54|0.9854|
|!|          7|          9|        196|  -0.3266000000|        171|00:03:49|+0.40|0.50|0.8377|
|!|          3|          8|        196|  -0.3266095238|        173|00:01:25|+0.37|0.46|0.8377|
|-|          8|          8|        328|    536870911.7|        175|00:01:59|+0.42|0.50|0.7886|
|-|         10|          8|        328|    477218588.2|        177|00:01:55|+0.47|0.53|0.7380|
|-|          1|          8|        328|    429496729.3|        178|00:01:01|+0.46|0.51|0.7493|
|-|          6|          8|        328|    390451572.1|        180|00:01:45|+0.49|0.54|0.7129|
|!|         11|          4|        328|    357913941.0|        181|00:01:01|+0.06|0.14|0.7694|
+-+-----------+-----------+-----------+---------------+-----------+--------+-----+----+------+
Best-so-far configuration:         328    mean value:     357913941.0
Description of the best-so-far configuration:
    .ID. dataset  job_id cutoff metafolds           task sparse f_eng1    f_eng2 scaling    algorithm pre_scaling extraction ext_components        selection lr_C lr_solver multi_class  C kernel rf_estimators criterion_classification criterion_regression max_features max_depth min_samples_leaf solver alpha hidden_layers neurons1 activation n_neighbors weights ab_estimators ab_learning_rate ab_loss whiten svd_solver ica_algorithm ica_fun dl_fit_algorithm dl_transform_algorithm sel_model sel_score_classification sel_score_regression sel_percentile sel_threshold max_iter lr_penalty degree gamma max_depth_value mlp_learning_rate learning_rate_init neurons2 neurons3 lr_dual .PARENT.
328  328 cifar10 1540437     15         3 classification  False   None Selection   False RandomForest        True       <NA>             NA SelectPercentile   NA      <NA>        <NA> NA   <NA>           401                     gini                   NA       0.1076     value           0.0145   <NA>    NA            NA       NA       <NA>          NA    <NA>            NA               NA      NA   <NA>       <NA>          <NA>    <NA>             <NA>                   <NA>      <NA>                f_classif                   NA             52          <NA>       NA       <NA>     NA    NA              24              <NA>                 NA       NA       NA      NA       49

# 2020-06-26 07:03:18 BRT: Elite configurations (first number is the configuration ID; listed from best to worst according to the sum of ranks):
    dataset  job_id cutoff metafolds           task sparse f_eng1    f_eng2 scaling    algorithm pre_scaling extraction ext_components        selection lr_C lr_solver multi_class  C kernel rf_estimators criterion_classification criterion_regression max_features max_depth min_samples_leaf solver alpha hidden_layers neurons1 activation n_neighbors weights ab_estimators ab_learning_rate ab_loss whiten svd_solver ica_algorithm ica_fun dl_fit_algorithm dl_transform_algorithm sel_model sel_score_classification sel_score_regression sel_percentile sel_threshold max_iter lr_penalty degree gamma max_depth_value mlp_learning_rate learning_rate_init neurons2 neurons3 lr_dual
328 cifar10 1540437     15         3 classification  False   None Selection   False RandomForest        True       <NA>             NA SelectPercentile   NA      <NA>        <NA> NA   <NA>           401                     gini                   NA       0.1076     value           0.0145   <NA>    NA            NA       NA       <NA>          NA    <NA>            NA               NA      NA   <NA>       <NA>          <NA>    <NA>             <NA>                   <NA>      <NA>                f_classif                   NA             52          <NA>       NA       <NA>     NA    NA              24              <NA>                 NA       NA       NA      NA
242 cifar10 1540437     15         3 classification  False   None Selection   False RandomForest        True       <NA>             NA SelectPercentile   NA      <NA>        <NA> NA   <NA>           197                     gini                   NA       0.3716     value           0.0123   <NA>    NA            NA       NA       <NA>          NA    <NA>            NA               NA      NA   <NA>       <NA>          <NA>    <NA>             <NA>                   <NA>      <NA>                f_classif                   NA             91          <NA>       NA       <NA>     NA    NA              10              <NA>                 NA       NA       NA      NA
196 cifar10 1540437     15         3 classification  False   None Selection   False RandomForest        True       <NA>             NA SelectPercentile   NA      <NA>        <NA> NA   <NA>           276                     gini                   NA       0.0657     value           0.0119   <NA>    NA            NA       NA       <NA>          NA    <NA>            NA               NA      NA   <NA>       <NA>          <NA>    <NA>             <NA>                   <NA>      <NA>                f_classif                   NA             42          <NA>       NA       <NA>     NA    NA              16              <NA>                 NA       NA       NA      NA
182 cifar10 1540437     15         3 classification  False   None      None   False RandomForest        <NA>       <NA>             NA             <NA>   NA      <NA>        <NA> NA   <NA>           790                     gini                   NA       0.0642     value           0.0258   <NA>    NA            NA       NA       <NA>          NA    <NA>            NA               NA      NA   <NA>       <NA>          <NA>    <NA>             <NA>                   <NA>      <NA>                     <NA>                   NA             NA          <NA>       NA       <NA>     NA    NA              25              <NA>                 NA       NA       NA      NA
# 2020-06-26 07:03:18 BRT: Iteration 9 of 9
# experimentsUsedSoFar: 1798
# remainingBudget: 202
# currentBudget: 202
# nbConfigurations: 19
  Markers:
     x No test is performed.
     - The test is performed and some configurations are discarded.
     = The test is performed but no configuration is discarded.
     ! The test is performed and configurations could be discarded but elite configurations are preserved.
     . All alive configurations are elite and nothing is discarded

+-+-----------+-----------+-----------+---------------+-----------+--------+-----+----+------+
| |   Instance|      Alive|       Best|      Mean best| Exp so far|  W time|  rho|KenW|  Qvar|
+-+-----------+-----------+-----------+---------------+-----------+--------+-----+----+------+
|x|         13|         19|        242|  -0.3344000000|         19|00:15:00|   NA|  NA|    NA|
|x|          3|         19|        328|  -0.3284000000|         34|00:15:02|+0.46|0.73|0.5294|
|x|          6|         19|        328|  -0.3299555556|         49|00:14:07|+0.52|0.68|1.0377|
|x|         12|         19|        196|  -0.3248666667|         64|00:14:48|+0.35|0.52|1.0376|
|!|         11|          9|        196|  -0.3269333333|         79|00:15:01|+0.24|0.39|0.9037|
|!|          7|          5|        345|    715827882.4|         84|00:08:16|+0.15|0.29|0.8408|
+-+-----------+-----------+-----------+---------------+-----------+--------+-----+----+------+
Best-so-far configuration:         242    mean value:     1651910498.
Description of the best-so-far configuration:
    .ID. dataset  job_id cutoff metafolds           task sparse f_eng1    f_eng2 scaling    algorithm pre_scaling extraction ext_components        selection lr_C lr_solver multi_class  C kernel rf_estimators criterion_classification criterion_regression max_features max_depth min_samples_leaf solver alpha hidden_layers neurons1 activation n_neighbors weights ab_estimators ab_learning_rate ab_loss whiten svd_solver ica_algorithm ica_fun dl_fit_algorithm dl_transform_algorithm sel_model sel_score_classification sel_score_regression sel_percentile sel_threshold max_iter lr_penalty degree gamma max_depth_value mlp_learning_rate learning_rate_init neurons2 neurons3 lr_dual .PARENT.
242  242 cifar10 1540437     15         3 classification  False   None Selection   False RandomForest        True       <NA>             NA SelectPercentile   NA      <NA>        <NA> NA   <NA>           197                     gini                   NA       0.3716     value           0.0123   <NA>    NA            NA       NA       <NA>          NA    <NA>            NA               NA      NA   <NA>       <NA>          <NA>    <NA>             <NA>                   <NA>      <NA>                f_classif                   NA             91          <NA>       NA       <NA>     NA    NA              10              <NA>                 NA       NA       NA      NA       49

# 2020-06-26 08:25:36 BRT: Elite configurations (first number is the configuration ID; listed from best to worst according to the sum of ranks):
    dataset  job_id cutoff metafolds           task sparse f_eng1    f_eng2 scaling    algorithm pre_scaling extraction ext_components        selection lr_C lr_solver multi_class  C kernel rf_estimators criterion_classification criterion_regression max_features max_depth min_samples_leaf solver alpha hidden_layers neurons1 activation n_neighbors weights ab_estimators ab_learning_rate ab_loss whiten svd_solver ica_algorithm ica_fun dl_fit_algorithm dl_transform_algorithm sel_model sel_score_classification sel_score_regression sel_percentile sel_threshold max_iter lr_penalty degree gamma max_depth_value mlp_learning_rate learning_rate_init neurons2 neurons3 lr_dual
242 cifar10 1540437     15         3 classification  False   None Selection   False RandomForest        True       <NA>             NA SelectPercentile   NA      <NA>        <NA> NA   <NA>           197                     gini                   NA       0.3716     value           0.0123   <NA>    NA            NA       NA       <NA>          NA    <NA>            NA               NA      NA   <NA>       <NA>          <NA>    <NA>             <NA>                   <NA>      <NA>                f_classif                   NA             91          <NA>       NA       <NA>     NA    NA              10              <NA>                 NA       NA       NA      NA
328 cifar10 1540437     15         3 classification  False   None Selection   False RandomForest        True       <NA>             NA SelectPercentile   NA      <NA>        <NA> NA   <NA>           401                     gini                   NA       0.1076     value           0.0145   <NA>    NA            NA       NA       <NA>          NA    <NA>            NA               NA      NA   <NA>       <NA>          <NA>    <NA>             <NA>                   <NA>      <NA>                f_classif                   NA             52          <NA>       NA       <NA>     NA    NA              24              <NA>                 NA       NA       NA      NA
196 cifar10 1540437     15         3 classification  False   None Selection   False RandomForest        True       <NA>             NA SelectPercentile   NA      <NA>        <NA> NA   <NA>           276                     gini                   NA       0.0657     value           0.0119   <NA>    NA            NA       NA       <NA>          NA    <NA>            NA               NA      NA   <NA>       <NA>          <NA>    <NA>             <NA>                   <NA>      <NA>                f_classif                   NA             42          <NA>       NA       <NA>     NA    NA              16              <NA>                 NA       NA       NA      NA
182 cifar10 1540437     15         3 classification  False   None      None   False RandomForest        <NA>       <NA>             NA             <NA>   NA      <NA>        <NA> NA   <NA>           790                     gini                   NA       0.0642     value           0.0258   <NA>    NA            NA       NA       <NA>          NA    <NA>            NA               NA      NA   <NA>       <NA>          <NA>    <NA>             <NA>                   <NA>      <NA>                     <NA>                   NA             NA          <NA>       NA       <NA>     NA    NA              25              <NA>                 NA       NA       NA      NA
345 cifar10 1540437     15         3 classification  False   None      None   False RandomForest        <NA>       <NA>             NA             <NA>   NA      <NA>        <NA> NA   <NA>           770                     gini                   NA       0.1822     value           0.0107   <NA>    NA            NA       NA       <NA>          NA    <NA>            NA               NA      NA   <NA>       <NA>          <NA>    <NA>             <NA>                   <NA>      <NA>                     <NA>                   NA             NA          <NA>       NA       <NA>     NA    NA              17              <NA>                 NA       NA       NA      NA
# 2020-06-26 08:25:36 BRT: Iteration 10 of 10
# experimentsUsedSoFar: 1882
# remainingBudget: 118
# currentBudget: 118
# nbConfigurations: 13
  Markers:
     x No test is performed.
     - The test is performed and some configurations are discarded.
     = The test is performed but no configuration is discarded.
     ! The test is performed and configurations could be discarded but elite configurations are preserved.
     . All alive configurations are elite and nothing is discarded

+-+-----------+-----------+-----------+---------------+-----------+--------+-----+----+------+
| |   Instance|      Alive|       Best|      Mean best| Exp so far|  W time|  rho|KenW|  Qvar|
+-+-----------+-----------+-----------+---------------+-----------+--------+-----+----+------+
|x|         14|         13|        345|  -0.3481333333|         13|00:15:00|   NA|  NA|    NA|
|x|         12|         13|        345|  -0.3486666667|         21|00:09:03|+0.04|0.52|1.0690|
|x|          6|         13|        345|  -0.3502666667|         29|00:09:17|+0.34|0.56|1.1250|
|x|          7|         13|        345|  -0.3499666667|         37|00:08:42|+0.51|0.63|0.9464|
|!|         10|          5|        345|  -0.3507466667|         46|00:11:29|+0.74|0.79|0.2378|
|.|          3|          5|        345|  -0.3502888889|         46|23:59:59|+0.61|0.67|0.4932|
+-+-----------+-----------+-----------+---------------+-----------+--------+-----+----+------+
Best-so-far configuration:         242    mean value:     1533916891.
Description of the best-so-far configuration:
    .ID. dataset  job_id cutoff metafolds           task sparse f_eng1    f_eng2 scaling    algorithm pre_scaling extraction ext_components        selection lr_C lr_solver multi_class  C kernel rf_estimators criterion_classification criterion_regression max_features max_depth min_samples_leaf solver alpha hidden_layers neurons1 activation n_neighbors weights ab_estimators ab_learning_rate ab_loss whiten svd_solver ica_algorithm ica_fun dl_fit_algorithm dl_transform_algorithm sel_model sel_score_classification sel_score_regression sel_percentile sel_threshold max_iter lr_penalty degree gamma max_depth_value mlp_learning_rate learning_rate_init neurons2 neurons3 lr_dual .PARENT.
242  242 cifar10 1540437     15         3 classification  False   None Selection   False RandomForest        True       <NA>             NA SelectPercentile   NA      <NA>        <NA> NA   <NA>           197                     gini                   NA       0.3716     value           0.0123   <NA>    NA            NA       NA       <NA>          NA    <NA>            NA               NA      NA   <NA>       <NA>          <NA>    <NA>             <NA>                   <NA>      <NA>                f_classif                   NA             91          <NA>       NA       <NA>     NA    NA              10              <NA>                 NA       NA       NA      NA       49

# 2020-06-26 09:19:10 BRT: Elite configurations (first number is the configuration ID; listed from best to worst according to the sum of ranks):
    dataset  job_id cutoff metafolds           task sparse f_eng1    f_eng2 scaling    algorithm pre_scaling extraction ext_components        selection lr_C lr_solver multi_class  C kernel rf_estimators criterion_classification criterion_regression max_features max_depth min_samples_leaf solver alpha hidden_layers neurons1 activation n_neighbors weights ab_estimators ab_learning_rate ab_loss whiten svd_solver ica_algorithm ica_fun dl_fit_algorithm dl_transform_algorithm sel_model sel_score_classification sel_score_regression sel_percentile sel_threshold max_iter lr_penalty degree gamma max_depth_value mlp_learning_rate learning_rate_init neurons2 neurons3 lr_dual
242 cifar10 1540437     15         3 classification  False   None Selection   False RandomForest        True       <NA>             NA SelectPercentile   NA      <NA>        <NA> NA   <NA>           197                     gini                   NA       0.3716     value           0.0123   <NA>    NA            NA       NA       <NA>          NA    <NA>            NA               NA      NA   <NA>       <NA>          <NA>    <NA>             <NA>                   <NA>      <NA>                f_classif                   NA             91          <NA>       NA       <NA>     NA    NA              10              <NA>                 NA       NA       NA      NA
328 cifar10 1540437     15         3 classification  False   None Selection   False RandomForest        True       <NA>             NA SelectPercentile   NA      <NA>        <NA> NA   <NA>           401                     gini                   NA       0.1076     value           0.0145   <NA>    NA            NA       NA       <NA>          NA    <NA>            NA               NA      NA   <NA>       <NA>          <NA>    <NA>             <NA>                   <NA>      <NA>                f_classif                   NA             52          <NA>       NA       <NA>     NA    NA              24              <NA>                 NA       NA       NA      NA
196 cifar10 1540437     15         3 classification  False   None Selection   False RandomForest        True       <NA>             NA SelectPercentile   NA      <NA>        <NA> NA   <NA>           276                     gini                   NA       0.0657     value           0.0119   <NA>    NA            NA       NA       <NA>          NA    <NA>            NA               NA      NA   <NA>       <NA>          <NA>    <NA>             <NA>                   <NA>      <NA>                f_classif                   NA             42          <NA>       NA       <NA>     NA    NA              16              <NA>                 NA       NA       NA      NA
182 cifar10 1540437     15         3 classification  False   None      None   False RandomForest        <NA>       <NA>             NA             <NA>   NA      <NA>        <NA> NA   <NA>           790                     gini                   NA       0.0642     value           0.0258   <NA>    NA            NA       NA       <NA>          NA    <NA>            NA               NA      NA   <NA>       <NA>          <NA>    <NA>             <NA>                   <NA>      <NA>                     <NA>                   NA             NA          <NA>       NA       <NA>     NA    NA              25              <NA>                 NA       NA       NA      NA
345 cifar10 1540437     15         3 classification  False   None      None   False RandomForest        <NA>       <NA>             NA             <NA>   NA      <NA>        <NA> NA   <NA>           770                     gini                   NA       0.1822     value           0.0107   <NA>    NA            NA       NA       <NA>          NA    <NA>            NA               NA      NA   <NA>       <NA>          <NA>    <NA>             <NA>                   <NA>      <NA>                     <NA>                   NA             NA          <NA>       NA       <NA>     NA    NA              17              <NA>                 NA       NA       NA      NA
# 2020-06-26 09:19:10 BRT: Iteration 11 of 11
# experimentsUsedSoFar: 1928
# remainingBudget: 72
# currentBudget: 72
# nbConfigurations: 9
  Markers:
     x No test is performed.
     - The test is performed and some configurations are discarded.
     = The test is performed but no configuration is discarded.
     ! The test is performed and configurations could be discarded but elite configurations are preserved.
     . All alive configurations are elite and nothing is discarded

+-+-----------+-----------+-----------+---------------+-----------+--------+-----+----+------+
| |   Instance|      Alive|       Best|      Mean best| Exp so far|  W time|  rho|KenW|  Qvar|
+-+-----------+-----------+-----------+---------------+-----------+--------+-----+----+------+
|x|         15|          9|        345|  -0.3497333333|          9|00:11:03|   NA|  NA|    NA|
|x|          9|          9|        345|  -0.3472666667|         14|00:07:21|+1.00|1.00|0.0011|
|x|          4|          9|        345|  -0.3526222222|         19|00:07:25|+0.99|0.99|0.0016|
|x|         13|          9|        242|  -0.3408666667|         23|00:03:14|+0.69|0.77|0.6327|
|!|         14|          5|        242|  -0.3415200000|         27|00:03:11|+0.54|0.63|0.5758|
+-+-----------+-----------+-----------+---------------+-----------+--------+-----+----+------+
Best-so-far configuration:         242    mean value:     1431655765.
Description of the best-so-far configuration:
    .ID. dataset  job_id cutoff metafolds           task sparse f_eng1    f_eng2 scaling    algorithm pre_scaling extraction ext_components        selection lr_C lr_solver multi_class  C kernel rf_estimators criterion_classification criterion_regression max_features max_depth min_samples_leaf solver alpha hidden_layers neurons1 activation n_neighbors weights ab_estimators ab_learning_rate ab_loss whiten svd_solver ica_algorithm ica_fun dl_fit_algorithm dl_transform_algorithm sel_model sel_score_classification sel_score_regression sel_percentile sel_threshold max_iter lr_penalty degree gamma max_depth_value mlp_learning_rate learning_rate_init neurons2 neurons3 lr_dual .PARENT.
242  242 cifar10 1540437     15         3 classification  False   None Selection   False RandomForest        True       <NA>             NA SelectPercentile   NA      <NA>        <NA> NA   <NA>           197                     gini                   NA       0.3716     value           0.0123   <NA>    NA            NA       NA       <NA>          NA    <NA>            NA               NA      NA   <NA>       <NA>          <NA>    <NA>             <NA>                   <NA>      <NA>                f_classif                   NA             91          <NA>       NA       <NA>     NA    NA              10              <NA>                 NA       NA       NA      NA       49

# 2020-06-26 09:51:27 BRT: Elite configurations (first number is the configuration ID; listed from best to worst according to the sum of ranks):
    dataset  job_id cutoff metafolds           task sparse f_eng1    f_eng2 scaling    algorithm pre_scaling extraction ext_components        selection lr_C lr_solver multi_class  C kernel rf_estimators criterion_classification criterion_regression max_features max_depth min_samples_leaf solver alpha hidden_layers neurons1 activation n_neighbors weights ab_estimators ab_learning_rate ab_loss whiten svd_solver ica_algorithm ica_fun dl_fit_algorithm dl_transform_algorithm sel_model sel_score_classification sel_score_regression sel_percentile sel_threshold max_iter lr_penalty degree gamma max_depth_value mlp_learning_rate learning_rate_init neurons2 neurons3 lr_dual
242 cifar10 1540437     15         3 classification  False   None Selection   False RandomForest        True       <NA>             NA SelectPercentile   NA      <NA>        <NA> NA   <NA>           197                     gini                   NA       0.3716     value           0.0123   <NA>    NA            NA       NA       <NA>          NA    <NA>            NA               NA      NA   <NA>       <NA>          <NA>    <NA>             <NA>                   <NA>      <NA>                f_classif                   NA             91          <NA>       NA       <NA>     NA    NA              10              <NA>                 NA       NA       NA      NA
328 cifar10 1540437     15         3 classification  False   None Selection   False RandomForest        True       <NA>             NA SelectPercentile   NA      <NA>        <NA> NA   <NA>           401                     gini                   NA       0.1076     value           0.0145   <NA>    NA            NA       NA       <NA>          NA    <NA>            NA               NA      NA   <NA>       <NA>          <NA>    <NA>             <NA>                   <NA>      <NA>                f_classif                   NA             52          <NA>       NA       <NA>     NA    NA              24              <NA>                 NA       NA       NA      NA
196 cifar10 1540437     15         3 classification  False   None Selection   False RandomForest        True       <NA>             NA SelectPercentile   NA      <NA>        <NA> NA   <NA>           276                     gini                   NA       0.0657     value           0.0119   <NA>    NA            NA       NA       <NA>          NA    <NA>            NA               NA      NA   <NA>       <NA>          <NA>    <NA>             <NA>                   <NA>      <NA>                f_classif                   NA             42          <NA>       NA       <NA>     NA    NA              16              <NA>                 NA       NA       NA      NA
182 cifar10 1540437     15         3 classification  False   None      None   False RandomForest        <NA>       <NA>             NA             <NA>   NA      <NA>        <NA> NA   <NA>           790                     gini                   NA       0.0642     value           0.0258   <NA>    NA            NA       NA       <NA>          NA    <NA>            NA               NA      NA   <NA>       <NA>          <NA>    <NA>             <NA>                   <NA>      <NA>                     <NA>                   NA             NA          <NA>       NA       <NA>     NA    NA              25              <NA>                 NA       NA       NA      NA
345 cifar10 1540437     15         3 classification  False   None      None   False RandomForest        <NA>       <NA>             NA             <NA>   NA      <NA>        <NA> NA   <NA>           770                     gini                   NA       0.1822     value           0.0107   <NA>    NA            NA       NA       <NA>          NA    <NA>            NA               NA      NA   <NA>       <NA>          <NA>    <NA>             <NA>                   <NA>      <NA>                     <NA>                   NA             NA          <NA>       NA       <NA>     NA    NA              17              <NA>                 NA       NA       NA      NA
# 2020-06-26 09:51:27 BRT: Stopped because there is not enough budget left to race more than the minimum (7)
# You may either increase the budget or set 'minNbSurvival' to a lower value
# Iteration: 12
# nbIterations: 12
# experimentsUsedSoFar: 1955
# timeUsed: 0
# remainingBudget: 45
# currentBudget: 45
# number of elites: 5
# nbConfigurations: 7
# Best configurations (first number is the configuration ID; listed from best to worst according to the sum of ranks):
    dataset  job_id cutoff metafolds           task sparse f_eng1    f_eng2 scaling    algorithm pre_scaling extraction ext_components        selection lr_C lr_solver multi_class  C kernel rf_estimators criterion_classification criterion_regression max_features max_depth min_samples_leaf solver alpha hidden_layers neurons1 activation n_neighbors weights ab_estimators ab_learning_rate ab_loss whiten svd_solver ica_algorithm ica_fun dl_fit_algorithm dl_transform_algorithm sel_model sel_score_classification sel_score_regression sel_percentile sel_threshold max_iter lr_penalty degree gamma max_depth_value mlp_learning_rate learning_rate_init neurons2 neurons3 lr_dual
242 cifar10 1540437     15         3 classification  False   None Selection   False RandomForest        True       <NA>             NA SelectPercentile   NA      <NA>        <NA> NA   <NA>           197                     gini                   NA       0.3716     value           0.0123   <NA>    NA            NA       NA       <NA>          NA    <NA>            NA               NA      NA   <NA>       <NA>          <NA>    <NA>             <NA>                   <NA>      <NA>                f_classif                   NA             91          <NA>       NA       <NA>     NA    NA              10              <NA>                 NA       NA       NA      NA
328 cifar10 1540437     15         3 classification  False   None Selection   False RandomForest        True       <NA>             NA SelectPercentile   NA      <NA>        <NA> NA   <NA>           401                     gini                   NA       0.1076     value           0.0145   <NA>    NA            NA       NA       <NA>          NA    <NA>            NA               NA      NA   <NA>       <NA>          <NA>    <NA>             <NA>                   <NA>      <NA>                f_classif                   NA             52          <NA>       NA       <NA>     NA    NA              24              <NA>                 NA       NA       NA      NA
196 cifar10 1540437     15         3 classification  False   None Selection   False RandomForest        True       <NA>             NA SelectPercentile   NA      <NA>        <NA> NA   <NA>           276                     gini                   NA       0.0657     value           0.0119   <NA>    NA            NA       NA       <NA>          NA    <NA>            NA               NA      NA   <NA>       <NA>          <NA>    <NA>             <NA>                   <NA>      <NA>                f_classif                   NA             42          <NA>       NA       <NA>     NA    NA              16              <NA>                 NA       NA       NA      NA
182 cifar10 1540437     15         3 classification  False   None      None   False RandomForest        <NA>       <NA>             NA             <NA>   NA      <NA>        <NA> NA   <NA>           790                     gini                   NA       0.0642     value           0.0258   <NA>    NA            NA       NA       <NA>          NA    <NA>            NA               NA      NA   <NA>       <NA>          <NA>    <NA>             <NA>                   <NA>      <NA>                     <NA>                   NA             NA          <NA>       NA       <NA>     NA    NA              25              <NA>                 NA       NA       NA      NA
345 cifar10 1540437     15         3 classification  False   None      None   False RandomForest        <NA>       <NA>             NA             <NA>   NA      <NA>        <NA> NA   <NA>           770                     gini                   NA       0.1822     value           0.0107   <NA>    NA            NA       NA       <NA>          NA    <NA>            NA               NA      NA   <NA>       <NA>          <NA>    <NA>             <NA>                   <NA>      <NA>                     <NA>                   NA             NA          <NA>       NA       <NA>     NA    NA              17              <NA>                 NA       NA       NA      NA
# Best configurations as commandlines (first number is the configuration ID; same order as above):
242  --dataset cifar10 --job_id 1540437 --cutoff 15 --metafolds 3 --task classification --sparse False --f_eng1 None --f_eng2 Selection --pre_scaling True --selection SelectPercentile --sel_score_classification f_classif --sel_percentile 91 --scaling False --algorithm RandomForest --rf_estimators 197 --criterion_classification gini --max_features 0.3716 --max_depth value --max_depth_value 10 --min_samples_leaf 0.0123
328  --dataset cifar10 --job_id 1540437 --cutoff 15 --metafolds 3 --task classification --sparse False --f_eng1 None --f_eng2 Selection --pre_scaling True --selection SelectPercentile --sel_score_classification f_classif --sel_percentile 52 --scaling False --algorithm RandomForest --rf_estimators 401 --criterion_classification gini --max_features 0.1076 --max_depth value --max_depth_value 24 --min_samples_leaf 0.0145
196  --dataset cifar10 --job_id 1540437 --cutoff 15 --metafolds 3 --task classification --sparse False --f_eng1 None --f_eng2 Selection --pre_scaling True --selection SelectPercentile --sel_score_classification f_classif --sel_percentile 42 --scaling False --algorithm RandomForest --rf_estimators 276 --criterion_classification gini --max_features 0.0657 --max_depth value --max_depth_value 16 --min_samples_leaf 0.0119
182  --dataset cifar10 --job_id 1540437 --cutoff 15 --metafolds 3 --task classification --sparse False --f_eng1 None --f_eng2 None --scaling False --algorithm RandomForest --rf_estimators 790 --criterion_classification gini --max_features 0.0642 --max_depth value --max_depth_value 25 --min_samples_leaf 0.0258
345  --dataset cifar10 --job_id 1540437 --cutoff 15 --metafolds 3 --task classification --sparse False --f_eng1 None --f_eng2 None --scaling False --algorithm RandomForest --rf_estimators 770 --criterion_classification gini --max_features 0.1822 --max_depth value --max_depth_value 17 --min_samples_leaf 0.0107
