*******************************************************************************
* irace: An implementation in R of Iterated Race
* Version: 3.1.2112M
* Copyright (C) 2010-2018
* Manuel Lopez-Ibanez     <manuel.lopez-ibanez@manchester.ac.uk>
* Jeremie Dubois-Lacoste  
* Leslie Perez Caceres    <leslie.perez.caceres@ulb.ac.be>
*
* This is free software, and you are welcome to redistribute it under certain
* conditions.  See the GNU General Public License for details. There is NO
* WARRANTY; not even for MERCHANTABILITY or FITNESS FOR A PARTICULAR PURPOSE.
*
* irace builds upon previous code from the race package:
*
* race: Racing methods for the selection of the best
* Copyright (C) 2003 Mauro Birattari
*******************************************************************************
# installed at: /home/cemvieira/bin/R/irace
# called with: -s scenario.txt --max-experiments 2000 -p ./cifar10/parameters-1540436.txt --parallel 32 --train-instances-file cifar10/instances.txt --log-file ./output/cifar10/cifar10-3f2k15m-irace-1540436.Rdata
# 8 expression(s) specifying forbidden configurations read from '/home/cemvieira/isklearn/forbidden.txt'
# 2020-06-25 14:26:27 BRT: Initialization
# Elitist race
# Elitist new instances: 1
# Elitist limit: 2
# nbIterations: 7
# minNbSurvival: 7
# nbParameters: 50
# seed: 1044176455
# confidence level: 0.95
# budget: 2000
# mu: 5
# deterministic: TRUE

# 2020-06-25 14:26:27 BRT: Iteration 1 of 7
# experimentsUsedSoFar: 0
# remainingBudget: 2000
# currentBudget: 285
# nbConfigurations: 47
  Markers:
     x No test is performed.
     - The test is performed and some configurations are discarded.
     = The test is performed but no configuration is discarded.
     ! The test is performed and configurations could be discarded but elite configurations are preserved.
     . All alive configurations are elite and nothing is discarded

+-+-----------+-----------+-----------+---------------+-----------+--------+-----+----+------+
| |   Instance|      Alive|       Best|      Mean best| Exp so far|  W time|  rho|KenW|  Qvar|
+-+-----------+-----------+-----------+---------------+-----------+--------+-----+----+------+
|x|          1|         47|         35|  -0.1929333333|         47|00:30:01|   NA|  NA|    NA|
|x|          2|         47|         35|  -0.1980666667|         94|00:30:02|+1.00|1.00|0.0000|
|x|          3|         47|         35|  -0.2003555556|        141|00:30:01|+1.00|1.00|0.0000|
|x|          4|         47|         35|  -0.1998000000|        188|00:30:01|+1.00|1.00|0.0000|
|!|          5|          1|         35|  -0.1989600000|        235|00:30:01|   NA|  NA|    NA|
+-+-----------+-----------+-----------+---------------+-----------+--------+-----+----+------+
Best-so-far configuration:          35    mean value:   -0.1989600000
Description of the best-so-far configuration:
   .ID. dataset  job_id cutoff metafolds           task sparse f_eng1 f_eng2 scaling    algorithm pre_scaling extraction ext_components selection lr_C lr_solver multi_class  C kernel rf_estimators criterion_classification criterion_regression max_features max_depth min_samples_leaf solver alpha hidden_layers neurons1 activation n_neighbors weights ab_estimators ab_learning_rate ab_loss whiten svd_solver ica_algorithm ica_fun dl_fit_algorithm dl_transform_algorithm sel_model sel_score_classification sel_score_regression sel_percentile sel_threshold max_iter lr_penalty degree gamma max_depth_value mlp_learning_rate learning_rate_init neurons2 neurons3 lr_dual .PARENT.
35   35 cifar10 1540436     15         3 classification  False   None   None   False DecisionTree        <NA>       <NA>             NA      <NA>   NA      <NA>        <NA> NA   <NA>            NA                     gini                   NA       0.1901     value           0.1673   <NA>    NA            NA       NA       <NA>          NA    <NA>            NA               NA      NA   <NA>       <NA>          <NA>    <NA>             <NA>                   <NA>      <NA>                     <NA>                   NA             NA          <NA>       NA       <NA>     NA    NA              29              <NA>                 NA       NA       NA      NA       NA

# 2020-06-25 16:56:35 BRT: Elite configurations (first number is the configuration ID; listed from best to worst according to the sum of ranks):
   dataset  job_id cutoff metafolds           task sparse f_eng1 f_eng2 scaling    algorithm pre_scaling extraction ext_components selection lr_C lr_solver multi_class  C kernel rf_estimators criterion_classification criterion_regression max_features max_depth min_samples_leaf solver alpha hidden_layers neurons1 activation n_neighbors weights ab_estimators ab_learning_rate ab_loss whiten svd_solver ica_algorithm ica_fun dl_fit_algorithm dl_transform_algorithm sel_model sel_score_classification sel_score_regression sel_percentile sel_threshold max_iter lr_penalty degree gamma max_depth_value mlp_learning_rate learning_rate_init neurons2 neurons3 lr_dual
35 cifar10 1540436     15         3 classification  False   None   None   False DecisionTree        <NA>       <NA>             NA      <NA>   NA      <NA>        <NA> NA   <NA>            NA                     gini                   NA       0.1901     value           0.1673   <NA>    NA            NA       NA       <NA>          NA    <NA>            NA               NA      NA   <NA>       <NA>          <NA>    <NA>             <NA>                   <NA>      <NA>                     <NA>                   NA             NA          <NA>       NA       <NA>     NA    NA              29              <NA>                 NA       NA       NA      NA
# 2020-06-25 16:56:35 BRT: Iteration 2 of 7
# experimentsUsedSoFar: 235
# remainingBudget: 1765
# currentBudget: 294
# nbConfigurations: 42
  Markers:
     x No test is performed.
     - The test is performed and some configurations are discarded.
     = The test is performed but no configuration is discarded.
     ! The test is performed and configurations could be discarded but elite configurations are preserved.
     . All alive configurations are elite and nothing is discarded

+-+-----------+-----------+-----------+---------------+-----------+--------+-----+----+------+
| |   Instance|      Alive|       Best|      Mean best| Exp so far|  W time|  rho|KenW|  Qvar|
+-+-----------+-----------+-----------+---------------+-----------+--------+-----+----+------+
|x|          6|         42|         54|  -0.3538666667|         42|00:30:01|   NA|  NA|    NA|
|x|          1|         42|         54|  -0.3526000000|         83|00:30:01|+1.00|1.00|0.0000|
|x|          5|         42|         54|  -0.3567111111|        124|00:30:01|+1.00|1.00|0.0000|
|x|          2|         42|         54|  -0.3546333333|        165|00:30:01|+1.00|1.00|0.0000|
|!|          4|          2|         54|  -0.3572533333|        206|00:30:01|+1.00|1.00|0.0000|
+-+-----------+-----------+-----------+---------------+-----------+--------+-----+----+------+
Best-so-far configuration:          35    mean value:   -0.1991111111
Description of the best-so-far configuration:
   .ID. dataset  job_id cutoff metafolds           task sparse f_eng1 f_eng2 scaling    algorithm pre_scaling extraction ext_components selection lr_C lr_solver multi_class  C kernel rf_estimators criterion_classification criterion_regression max_features max_depth min_samples_leaf solver alpha hidden_layers neurons1 activation n_neighbors weights ab_estimators ab_learning_rate ab_loss whiten svd_solver ica_algorithm ica_fun dl_fit_algorithm dl_transform_algorithm sel_model sel_score_classification sel_score_regression sel_percentile sel_threshold max_iter lr_penalty degree gamma max_depth_value mlp_learning_rate learning_rate_init neurons2 neurons3 lr_dual .PARENT.
35   35 cifar10 1540436     15         3 classification  False   None   None   False DecisionTree        <NA>       <NA>             NA      <NA>   NA      <NA>        <NA> NA   <NA>            NA                     gini                   NA       0.1901     value           0.1673   <NA>    NA            NA       NA       <NA>          NA    <NA>            NA               NA      NA   <NA>       <NA>          <NA>    <NA>             <NA>                   <NA>      <NA>                     <NA>                   NA             NA          <NA>       NA       <NA>     NA    NA              29              <NA>                 NA       NA       NA      NA       NA

# 2020-06-25 19:26:43 BRT: Elite configurations (first number is the configuration ID; listed from best to worst according to the sum of ranks):
   dataset  job_id cutoff metafolds           task sparse f_eng1 f_eng2 scaling          algorithm pre_scaling extraction ext_components selection    lr_C lr_solver multi_class  C kernel rf_estimators criterion_classification criterion_regression max_features max_depth min_samples_leaf solver alpha hidden_layers neurons1 activation n_neighbors weights ab_estimators ab_learning_rate ab_loss whiten svd_solver ica_algorithm ica_fun dl_fit_algorithm dl_transform_algorithm sel_model sel_score_classification sel_score_regression sel_percentile sel_threshold max_iter lr_penalty degree gamma max_depth_value mlp_learning_rate learning_rate_init neurons2 neurons3 lr_dual
35 cifar10 1540436     15         3 classification  False   None   None   False       DecisionTree        <NA>       <NA>             NA      <NA>      NA      <NA>        <NA> NA   <NA>            NA                     gini                   NA       0.1901     value           0.1673   <NA>    NA            NA       NA       <NA>          NA    <NA>            NA               NA      NA   <NA>       <NA>          <NA>    <NA>             <NA>                   <NA>      <NA>                     <NA>                   NA             NA          <NA>       NA       <NA>     NA    NA              29              <NA>                 NA       NA       NA      NA
54 cifar10 1540436     15         3 classification  False   None   None    True LogisticRegression        <NA>       <NA>             NA      <NA> -3.2532     lbfgs         ovr NA   <NA>            NA                     <NA>                   NA           NA      <NA>               NA   <NA>    NA            NA       NA       <NA>          NA    <NA>            NA               NA      NA   <NA>       <NA>          <NA>    <NA>             <NA>                   <NA>      <NA>                     <NA>                   NA             NA          <NA>      622       <NA>     NA    NA              NA              <NA>                 NA       NA       NA      NA
# 2020-06-25 19:26:43 BRT: Iteration 3 of 7
# experimentsUsedSoFar: 441
# remainingBudget: 1559
# currentBudget: 311
# nbConfigurations: 40
  Markers:
     x No test is performed.
     - The test is performed and some configurations are discarded.
     = The test is performed but no configuration is discarded.
     ! The test is performed and configurations could be discarded but elite configurations are preserved.
     . All alive configurations are elite and nothing is discarded

+-+-----------+-----------+-----------+---------------+-----------+--------+-----+----+------+
| |   Instance|      Alive|       Best|      Mean best| Exp so far|  W time|  rho|KenW|  Qvar|
+-+-----------+-----------+-----------+---------------+-----------+--------+-----+----+------+
|x|          7|         40|        122|  -0.2884000000|         40|00:19:02|   NA|  NA|    NA|
|x|          1|         40|        122|  -0.2877333333|         78|00:18:49|+0.90|0.95|0.0610|
|x|          5|         40|        122|  -0.2884444444|        116|00:19:05|+0.93|0.96|0.0407|
|x|          4|         40|        122|  -0.2894000000|        154|00:18:25|+0.95|0.96|0.0305|
|!|          2|          5|        122|  -0.2884266667|        192|00:18:31|+0.56|0.65|0.5920|
+-+-----------+-----------+-----------+---------------+-----------+--------+-----+----+------+
Best-so-far configuration:          35    mean value:   -0.1980190476
Description of the best-so-far configuration:
   .ID. dataset  job_id cutoff metafolds           task sparse f_eng1 f_eng2 scaling    algorithm pre_scaling extraction ext_components selection lr_C lr_solver multi_class  C kernel rf_estimators criterion_classification criterion_regression max_features max_depth min_samples_leaf solver alpha hidden_layers neurons1 activation n_neighbors weights ab_estimators ab_learning_rate ab_loss whiten svd_solver ica_algorithm ica_fun dl_fit_algorithm dl_transform_algorithm sel_model sel_score_classification sel_score_regression sel_percentile sel_threshold max_iter lr_penalty degree gamma max_depth_value mlp_learning_rate learning_rate_init neurons2 neurons3 lr_dual .PARENT.
35   35 cifar10 1540436     15         3 classification  False   None   None   False DecisionTree        <NA>       <NA>             NA      <NA>   NA      <NA>        <NA> NA   <NA>            NA                     gini                   NA       0.1901     value           0.1673   <NA>    NA            NA       NA       <NA>          NA    <NA>            NA               NA      NA   <NA>       <NA>          <NA>    <NA>             <NA>                   <NA>      <NA>                     <NA>                   NA             NA          <NA>       NA       <NA>     NA    NA              29              <NA>                 NA       NA       NA      NA       NA

# 2020-06-25 21:00:39 BRT: Elite configurations (first number is the configuration ID; listed from best to worst according to the sum of ranks):
    dataset  job_id cutoff metafolds           task sparse f_eng1 f_eng2 scaling          algorithm pre_scaling extraction ext_components selection    lr_C lr_solver multi_class  C kernel rf_estimators criterion_classification criterion_regression max_features max_depth min_samples_leaf solver alpha hidden_layers neurons1 activation n_neighbors weights ab_estimators ab_learning_rate ab_loss whiten svd_solver ica_algorithm ica_fun dl_fit_algorithm dl_transform_algorithm sel_model sel_score_classification sel_score_regression sel_percentile sel_threshold max_iter lr_penalty degree gamma max_depth_value mlp_learning_rate learning_rate_init neurons2 neurons3 lr_dual
35  cifar10 1540436     15         3 classification  False   None   None   False       DecisionTree        <NA>       <NA>             NA      <NA>      NA      <NA>        <NA> NA   <NA>            NA                     gini                   NA       0.1901     value           0.1673   <NA>    NA            NA       NA       <NA>          NA    <NA>            NA               NA      NA   <NA>       <NA>          <NA>    <NA>             <NA>                   <NA>      <NA>                     <NA>                   NA             NA          <NA>       NA       <NA>     NA    NA              29              <NA>                 NA       NA       NA      NA
54  cifar10 1540436     15         3 classification  False   None   None    True LogisticRegression        <NA>       <NA>             NA      <NA> -3.2532     lbfgs         ovr NA   <NA>            NA                     <NA>                   NA           NA      <NA>               NA   <NA>    NA            NA       NA       <NA>          NA    <NA>            NA               NA      NA   <NA>       <NA>          <NA>    <NA>             <NA>                   <NA>      <NA>                     <NA>                   NA             NA          <NA>      622       <NA>     NA    NA              NA              <NA>                 NA       NA       NA      NA
122 cifar10 1540436     15         3 classification  False   None   None    True       RandomForest        <NA>       <NA>             NA      <NA>      NA      <NA>        <NA> NA   <NA>           230                     gini                   NA       0.0659     value           0.0469   <NA>    NA            NA       NA       <NA>          NA    <NA>            NA               NA      NA   <NA>       <NA>          <NA>    <NA>             <NA>                   <NA>      <NA>                     <NA>                   NA             NA          <NA>       NA       <NA>     NA    NA               3              <NA>                 NA       NA       NA      NA
111 cifar10 1540436     15         3 classification  False   None   None   False         KNeighbors        <NA>       <NA>             NA      <NA>      NA      <NA>        <NA> NA   <NA>            NA                     <NA>                   NA           NA      <NA>               NA   <NA>    NA            NA       NA       <NA>          45 uniform            NA               NA      NA   <NA>       <NA>          <NA>    <NA>             <NA>                   <NA>      <NA>                     <NA>                   NA             NA          <NA>       NA       <NA>     NA    NA              NA              <NA>                 NA       NA       NA      NA
109 cifar10 1540436     15         3 classification  False   None   None    True         KNeighbors        <NA>       <NA>             NA      <NA>      NA      <NA>        <NA> NA   <NA>            NA                     <NA>                   NA           NA      <NA>               NA   <NA>    NA            NA       NA       <NA>          68 uniform            NA               NA      NA   <NA>       <NA>          <NA>    <NA>             <NA>                   <NA>      <NA>                     <NA>                   NA             NA          <NA>       NA       <NA>     NA    NA              NA              <NA>                 NA       NA       NA      NA
# 2020-06-25 21:00:39 BRT: Iteration 4 of 7
# experimentsUsedSoFar: 633
# remainingBudget: 1367
# currentBudget: 341
# nbConfigurations: 41
  Markers:
     x No test is performed.
     - The test is performed and some configurations are discarded.
     = The test is performed but no configuration is discarded.
     ! The test is performed and configurations could be discarded but elite configurations are preserved.
     . All alive configurations are elite and nothing is discarded

+-+-----------+-----------+-----------+---------------+-----------+--------+-----+----+------+
| |   Instance|      Alive|       Best|      Mean best| Exp so far|  W time|  rho|KenW|  Qvar|
+-+-----------+-----------+-----------+---------------+-----------+--------+-----+----+------+
|x|          8|         41|        122|  -0.2856000000|         41|00:19:51|   NA|  NA|    NA|
|x|          7|         41|        122|  -0.2870000000|         77|00:16:26|+0.86|0.93|0.1420|
|x|          4|         41|        122|  -0.2887555556|        113|00:15:47|+0.85|0.90|0.1266|
|x|          5|         41|        122|  -0.2890333333|        149|00:16:25|+0.87|0.90|0.1029|
|!|          2|          8|        122|  -0.2881333333|        185|00:16:32|+0.54|0.63|0.9763|
|!|          3|          7|        122|  -0.2893111111|        192|00:01:49|+0.57|0.64|0.8480|
+-+-----------+-----------+-----------+---------------+-----------+--------+-----+----+------+
Best-so-far configuration:          54    mean value:     1073741824.
Description of the best-so-far configuration:
   .ID. dataset  job_id cutoff metafolds           task sparse f_eng1 f_eng2 scaling          algorithm pre_scaling extraction ext_components selection    lr_C lr_solver multi_class  C kernel rf_estimators criterion_classification criterion_regression max_features max_depth min_samples_leaf solver alpha hidden_layers neurons1 activation n_neighbors weights ab_estimators ab_learning_rate ab_loss whiten svd_solver ica_algorithm ica_fun dl_fit_algorithm dl_transform_algorithm sel_model sel_score_classification sel_score_regression sel_percentile sel_threshold max_iter lr_penalty degree gamma max_depth_value mlp_learning_rate learning_rate_init neurons2 neurons3 lr_dual .PARENT.
54   54 cifar10 1540436     15         3 classification  False   None   None    True LogisticRegression        <NA>       <NA>             NA      <NA> -3.2532     lbfgs         ovr NA   <NA>            NA                     <NA>                   NA           NA      <NA>               NA   <NA>    NA            NA       NA       <NA>          NA    <NA>            NA               NA      NA   <NA>       <NA>          <NA>    <NA>             <NA>                   <NA>      <NA>                     <NA>                   NA             NA          <NA>      622       <NA>     NA    NA              NA              <NA>                 NA       NA       NA    <NA>       35

# 2020-06-25 22:27:33 BRT: Elite configurations (first number is the configuration ID; listed from best to worst according to the sum of ranks):
    dataset  job_id cutoff metafolds           task sparse f_eng1 f_eng2 scaling          algorithm pre_scaling extraction ext_components selection    lr_C lr_solver multi_class  C kernel rf_estimators criterion_classification criterion_regression max_features max_depth min_samples_leaf solver alpha hidden_layers neurons1 activation n_neighbors  weights ab_estimators ab_learning_rate ab_loss whiten svd_solver ica_algorithm ica_fun dl_fit_algorithm dl_transform_algorithm sel_model sel_score_classification sel_score_regression sel_percentile sel_threshold max_iter lr_penalty degree gamma max_depth_value mlp_learning_rate learning_rate_init neurons2 neurons3 lr_dual
54  cifar10 1540436     15         3 classification  False   None   None    True LogisticRegression        <NA>       <NA>             NA      <NA> -3.2532     lbfgs         ovr NA   <NA>            NA                     <NA>                   NA           NA      <NA>               NA   <NA>    NA            NA       NA       <NA>          NA     <NA>            NA               NA      NA   <NA>       <NA>          <NA>    <NA>             <NA>                   <NA>      <NA>                     <NA>                   NA             NA          <NA>      622       <NA>     NA    NA              NA              <NA>                 NA       NA       NA    <NA>
35  cifar10 1540436     15         3 classification  False   None   None   False       DecisionTree        <NA>       <NA>             NA      <NA>      NA      <NA>        <NA> NA   <NA>            NA                     gini                   NA       0.1901     value           0.1673   <NA>    NA            NA       NA       <NA>          NA     <NA>            NA               NA      NA   <NA>       <NA>          <NA>    <NA>             <NA>                   <NA>      <NA>                     <NA>                   NA             NA          <NA>       NA       <NA>     NA    NA              29              <NA>                 NA       NA       NA    <NA>
122 cifar10 1540436     15         3 classification  False   None   None    True       RandomForest        <NA>       <NA>             NA      <NA>      NA      <NA>        <NA> NA   <NA>           230                     gini                   NA       0.0659     value           0.0469   <NA>    NA            NA       NA       <NA>          NA     <NA>            NA               NA      NA   <NA>       <NA>          <NA>    <NA>             <NA>                   <NA>      <NA>                     <NA>                   NA             NA          <NA>       NA       <NA>     NA    NA               3              <NA>                 NA       NA       NA    <NA>
111 cifar10 1540436     15         3 classification  False   None   None   False         KNeighbors        <NA>       <NA>             NA      <NA>      NA      <NA>        <NA> NA   <NA>            NA                     <NA>                   NA           NA      <NA>               NA   <NA>    NA            NA       NA       <NA>          45  uniform            NA               NA      NA   <NA>       <NA>          <NA>    <NA>             <NA>                   <NA>      <NA>                     <NA>                   NA             NA          <NA>       NA       <NA>     NA    NA              NA              <NA>                 NA       NA       NA    <NA>
109 cifar10 1540436     15         3 classification  False   None   None    True         KNeighbors        <NA>       <NA>             NA      <NA>      NA      <NA>        <NA> NA   <NA>            NA                     <NA>                   NA           NA      <NA>               NA   <NA>    NA            NA       NA       <NA>          68  uniform            NA               NA      NA   <NA>       <NA>          <NA>    <NA>             <NA>                   <NA>      <NA>                     <NA>                   NA             NA          <NA>       NA       <NA>     NA    NA              NA              <NA>                 NA       NA       NA    <NA>
130 cifar10 1540436     15         3 classification  False   None   None    True         KNeighbors        <NA>       <NA>             NA      <NA>      NA      <NA>        <NA> NA   <NA>            NA                     <NA>                   NA           NA      <NA>               NA   <NA>    NA            NA       NA       <NA>          37 distance            NA               NA      NA   <NA>       <NA>          <NA>    <NA>             <NA>                   <NA>      <NA>                     <NA>                   NA             NA          <NA>       NA       <NA>     NA    NA              NA              <NA>                 NA       NA       NA    <NA>
156 cifar10 1540436     15         3 classification  False   None   None   False         KNeighbors        <NA>       <NA>             NA      <NA>      NA      <NA>        <NA> NA   <NA>            NA                     <NA>                   NA           NA      <NA>               NA   <NA>    NA            NA       NA       <NA>          24  uniform            NA               NA      NA   <NA>       <NA>          <NA>    <NA>             <NA>                   <NA>      <NA>                     <NA>                   NA             NA          <NA>       NA       <NA>     NA    NA              NA              <NA>                 NA       NA       NA    <NA>
# 2020-06-25 22:27:33 BRT: Iteration 5 of 7
# experimentsUsedSoFar: 825
# remainingBudget: 1175
# currentBudget: 391
# nbConfigurations: 44
  Markers:
     x No test is performed.
     - The test is performed and some configurations are discarded.
     = The test is performed but no configuration is discarded.
     ! The test is performed and configurations could be discarded but elite configurations are preserved.
     . All alive configurations are elite and nothing is discarded

+-+-----------+-----------+-----------+---------------+-----------+--------+-----+----+------+
| |   Instance|      Alive|       Best|      Mean best| Exp so far|  W time|  rho|KenW|  Qvar|
+-+-----------+-----------+-----------+---------------+-----------+--------+-----+----+------+
|x|          9|         44|         54|  -0.3586666667|         44|00:17:07|   NA|  NA|    NA|
|x|          8|         44|        122|  -0.2872000000|         81|00:15:26|+0.87|0.93|0.1185|
|x|          2|         44|        122|  -0.2863111111|        118|00:16:06|+0.91|0.94|0.0790|
|x|          7|         44|        122|  -0.2868333333|        155|00:15:59|+0.91|0.93|0.0768|
|!|          6|          8|        122|  -0.2867466667|        197|00:16:48|+0.52|0.62|0.9754|
|!|          4|          7|        122|  -0.2876666667|        198|00:00:36|+0.58|0.65|0.8493|
|.|          5|          7|        122|  -0.2879809524|        198|23:59:59|+0.62|0.67|0.7587|
+-+-----------+-----------+-----------+---------------+-----------+--------+-----+----+------+
Best-so-far configuration:         122    mean value:   -0.2886814815
Description of the best-so-far configuration:
    .ID. dataset  job_id cutoff metafolds           task sparse f_eng1 f_eng2 scaling    algorithm pre_scaling extraction ext_components selection lr_C lr_solver multi_class  C kernel rf_estimators criterion_classification criterion_regression max_features max_depth min_samples_leaf solver alpha hidden_layers neurons1 activation n_neighbors weights ab_estimators ab_learning_rate ab_loss whiten svd_solver ica_algorithm ica_fun dl_fit_algorithm dl_transform_algorithm sel_model sel_score_classification sel_score_regression sel_percentile sel_threshold max_iter lr_penalty degree gamma max_depth_value mlp_learning_rate learning_rate_init neurons2 neurons3 lr_dual .PARENT.
122  122 cifar10 1540436     15         3 classification  False   None   None    True RandomForest        <NA>       <NA>             NA      <NA>   NA      <NA>        <NA> NA   <NA>           230                     gini                   NA       0.0659     value           0.0469   <NA>    NA            NA       NA       <NA>          NA    <NA>            NA               NA      NA   <NA>       <NA>          <NA>    <NA>             <NA>                   <NA>      <NA>                     <NA>                   NA             NA          <NA>       NA       <NA>     NA    NA               3              <NA>                 NA       NA       NA    <NA>       54

# 2020-06-25 23:49:41 BRT: Elite configurations (first number is the configuration ID; listed from best to worst according to the sum of ranks):
    dataset  job_id cutoff metafolds           task sparse f_eng1 f_eng2 scaling          algorithm pre_scaling extraction ext_components selection    lr_C lr_solver multi_class  C kernel rf_estimators criterion_classification criterion_regression max_features max_depth min_samples_leaf solver alpha hidden_layers neurons1 activation n_neighbors  weights ab_estimators ab_learning_rate ab_loss whiten svd_solver ica_algorithm ica_fun dl_fit_algorithm dl_transform_algorithm sel_model sel_score_classification sel_score_regression sel_percentile sel_threshold max_iter lr_penalty degree gamma max_depth_value mlp_learning_rate learning_rate_init neurons2 neurons3 lr_dual
122 cifar10 1540436     15         3 classification  False   None   None    True       RandomForest        <NA>       <NA>             NA      <NA>      NA      <NA>        <NA> NA   <NA>           230                     gini                   NA       0.0659     value           0.0469   <NA>    NA            NA       NA       <NA>          NA     <NA>            NA               NA      NA   <NA>       <NA>          <NA>    <NA>             <NA>                   <NA>      <NA>                     <NA>                   NA             NA          <NA>       NA       <NA>     NA    NA               3              <NA>                 NA       NA       NA    <NA>
54  cifar10 1540436     15         3 classification  False   None   None    True LogisticRegression        <NA>       <NA>             NA      <NA> -3.2532     lbfgs         ovr NA   <NA>            NA                     <NA>                   NA           NA      <NA>               NA   <NA>    NA            NA       NA       <NA>          NA     <NA>            NA               NA      NA   <NA>       <NA>          <NA>    <NA>             <NA>                   <NA>      <NA>                     <NA>                   NA             NA          <NA>      622       <NA>     NA    NA              NA              <NA>                 NA       NA       NA    <NA>
111 cifar10 1540436     15         3 classification  False   None   None   False         KNeighbors        <NA>       <NA>             NA      <NA>      NA      <NA>        <NA> NA   <NA>            NA                     <NA>                   NA           NA      <NA>               NA   <NA>    NA            NA       NA       <NA>          45  uniform            NA               NA      NA   <NA>       <NA>          <NA>    <NA>             <NA>                   <NA>      <NA>                     <NA>                   NA             NA          <NA>       NA       <NA>     NA    NA              NA              <NA>                 NA       NA       NA    <NA>
109 cifar10 1540436     15         3 classification  False   None   None    True         KNeighbors        <NA>       <NA>             NA      <NA>      NA      <NA>        <NA> NA   <NA>            NA                     <NA>                   NA           NA      <NA>               NA   <NA>    NA            NA       NA       <NA>          68  uniform            NA               NA      NA   <NA>       <NA>          <NA>    <NA>             <NA>                   <NA>      <NA>                     <NA>                   NA             NA          <NA>       NA       <NA>     NA    NA              NA              <NA>                 NA       NA       NA    <NA>
35  cifar10 1540436     15         3 classification  False   None   None   False       DecisionTree        <NA>       <NA>             NA      <NA>      NA      <NA>        <NA> NA   <NA>            NA                     gini                   NA       0.1901     value           0.1673   <NA>    NA            NA       NA       <NA>          NA     <NA>            NA               NA      NA   <NA>       <NA>          <NA>    <NA>             <NA>                   <NA>      <NA>                     <NA>                   NA             NA          <NA>       NA       <NA>     NA    NA              29              <NA>                 NA       NA       NA    <NA>
130 cifar10 1540436     15         3 classification  False   None   None    True         KNeighbors        <NA>       <NA>             NA      <NA>      NA      <NA>        <NA> NA   <NA>            NA                     <NA>                   NA           NA      <NA>               NA   <NA>    NA            NA       NA       <NA>          37 distance            NA               NA      NA   <NA>       <NA>          <NA>    <NA>             <NA>                   <NA>      <NA>                     <NA>                   NA             NA          <NA>       NA       <NA>     NA    NA              NA              <NA>                 NA       NA       NA    <NA>
156 cifar10 1540436     15         3 classification  False   None   None   False         KNeighbors        <NA>       <NA>             NA      <NA>      NA      <NA>        <NA> NA   <NA>            NA                     <NA>                   NA           NA      <NA>               NA   <NA>    NA            NA       NA       <NA>          24  uniform            NA               NA      NA   <NA>       <NA>          <NA>    <NA>             <NA>                   <NA>      <NA>                     <NA>                   NA             NA          <NA>       NA       <NA>     NA    NA              NA              <NA>                 NA       NA       NA    <NA>
# 2020-06-25 23:49:41 BRT: Iteration 6 of 7
# experimentsUsedSoFar: 1023
# remainingBudget: 977
# currentBudget: 488
# nbConfigurations: 55
  Markers:
     x No test is performed.
     - The test is performed and some configurations are discarded.
     = The test is performed but no configuration is discarded.
     ! The test is performed and configurations could be discarded but elite configurations are preserved.
     . All alive configurations are elite and nothing is discarded

+-+-----------+-----------+-----------+---------------+-----------+--------+-----+----+------+
| |   Instance|      Alive|       Best|      Mean best| Exp so far|  W time|  rho|KenW|  Qvar|
+-+-----------+-----------+-----------+---------------+-----------+--------+-----+----+------+
|x|         10|         55|        233|  -0.3600000000|         55|00:26:55|   NA|  NA|    NA|
|x|          7|         55|        239|  -0.3545333333|        103|00:24:34|+0.90|0.95|0.0759|
|x|          2|         55|        237|  -0.3504888889|        151|00:27:21|+0.86|0.91|0.1484|
|x|          9|         55|        239|  -0.3511666667|        199|00:25:10|+0.88|0.91|0.1250|
|!|          3|         13|        239|  -0.3523200000|        247|00:28:10|+0.73|0.78|0.7677|
|!|          1|         10|        239|  -0.3510666667|        255|00:05:33|+0.68|0.74|0.6789|
|-|          5|         10|        239|  -0.3520000000|        258|00:01:54|+0.71|0.75|0.6064|
|-|          8|         10|        239|  -0.3513166667|        261|00:02:07|+0.68|0.72|0.6821|
|-|          6|         10|        239|  -0.3508000000|        264|00:02:10|+0.70|0.73|0.6376|
|!|          4|          3|        239|  -0.3518000000|        267|00:02:07|+0.34|0.40|0.3847|
+-+-----------+-----------+-----------+---------------+-----------+--------+-----+----+------+
Best-so-far configuration:         239    mean value:   -0.3518000000
Description of the best-so-far configuration:
    .ID. dataset  job_id cutoff metafolds           task sparse f_eng1 f_eng2 scaling          algorithm pre_scaling extraction ext_components selection    lr_C lr_solver multi_class  C kernel rf_estimators criterion_classification criterion_regression max_features max_depth min_samples_leaf solver alpha hidden_layers neurons1 activation n_neighbors weights ab_estimators ab_learning_rate ab_loss whiten svd_solver ica_algorithm ica_fun dl_fit_algorithm dl_transform_algorithm sel_model sel_score_classification sel_score_regression sel_percentile sel_threshold max_iter lr_penalty degree gamma max_depth_value mlp_learning_rate learning_rate_init neurons2 neurons3 lr_dual .PARENT.
239  239 cifar10 1540436     15         3 classification  False   None   None    True LogisticRegression        <NA>       <NA>             NA      <NA> -3.6946     lbfgs         ovr NA   <NA>            NA                     <NA>                   NA           NA      <NA>               NA   <NA>    NA            NA       NA       <NA>          NA    <NA>            NA               NA      NA   <NA>       <NA>          <NA>    <NA>             <NA>                   <NA>      <NA>                     <NA>                   NA             NA          <NA>      571       <NA>     NA    NA              NA              <NA>                 NA       NA       NA    <NA>       54

# 2020-06-26 02:15:49 BRT: Elite configurations (first number is the configuration ID; listed from best to worst according to the sum of ranks):
    dataset  job_id cutoff metafolds           task sparse f_eng1 f_eng2 scaling          algorithm pre_scaling extraction ext_components selection    lr_C lr_solver multi_class  C kernel rf_estimators criterion_classification criterion_regression max_features max_depth min_samples_leaf solver alpha hidden_layers neurons1 activation n_neighbors weights ab_estimators ab_learning_rate ab_loss whiten svd_solver ica_algorithm ica_fun dl_fit_algorithm dl_transform_algorithm sel_model sel_score_classification sel_score_regression sel_percentile sel_threshold max_iter lr_penalty degree gamma max_depth_value mlp_learning_rate learning_rate_init neurons2 neurons3 lr_dual
239 cifar10 1540436     15         3 classification  False   None   None    True LogisticRegression        <NA>       <NA>             NA      <NA> -3.6946     lbfgs         ovr NA   <NA>            NA                     <NA>                   NA           NA      <NA>               NA   <NA>    NA            NA       NA       <NA>          NA    <NA>            NA               NA      NA   <NA>       <NA>          <NA>    <NA>             <NA>                   <NA>      <NA>                     <NA>                   NA             NA          <NA>      571       <NA>     NA    NA              NA              <NA>                 NA       NA       NA    <NA>
237 cifar10 1540436     15         3 classification  False   None   None    True LogisticRegression        <NA>       <NA>             NA      <NA> -2.7142     lbfgs         ovr NA   <NA>            NA                     <NA>                   NA           NA      <NA>               NA   <NA>    NA            NA       NA       <NA>          NA    <NA>            NA               NA      NA   <NA>       <NA>          <NA>    <NA>             <NA>                   <NA>      <NA>                     <NA>                   NA             NA          <NA>      347       <NA>     NA    NA              NA              <NA>                 NA       NA       NA    <NA>
243 cifar10 1540436     15         3 classification  False   None   None    True LogisticRegression        <NA>       <NA>             NA      <NA> -3.7722     lbfgs         ovr NA   <NA>            NA                     <NA>                   NA           NA      <NA>               NA   <NA>    NA            NA       NA       <NA>          NA    <NA>            NA               NA      NA   <NA>       <NA>          <NA>    <NA>             <NA>                   <NA>      <NA>                     <NA>                   NA             NA          <NA>      802       <NA>     NA    NA              NA              <NA>                 NA       NA       NA    <NA>
# 2020-06-26 02:15:49 BRT: Iteration 7 of 7
# experimentsUsedSoFar: 1290
# remainingBudget: 710
# currentBudget: 710
# nbConfigurations: 67
  Markers:
     x No test is performed.
     - The test is performed and some configurations are discarded.
     = The test is performed but no configuration is discarded.
     ! The test is performed and configurations could be discarded but elite configurations are preserved.
     . All alive configurations are elite and nothing is discarded

+-+-----------+-----------+-----------+---------------+-----------+--------+-----+----+------+
| |   Instance|      Alive|       Best|      Mean best| Exp so far|  W time|  rho|KenW|  Qvar|
+-+-----------+-----------+-----------+---------------+-----------+--------+-----+----+------+
|x|         11|         67|        310|  -0.3557333333|         67|00:33:23|   NA|  NA|    NA|
|x|          7|         67|        239|    2147483648.|        131|00:30:03|-0.05|0.48|1.0312|
|x|          3|         67|        239|    1431655765.|        195|00:30:02|+0.30|0.53|0.6875|
|x|          4|         67|        239|    1073741824.|        259|00:30:03|+0.48|0.61|0.5156|
|!|          5|          3|        239|    858993458.9|        323|00:30:03|+0.19|0.35|0.3407|
|.|         10|          3|        239|    715827882.4|        323|23:59:59|+0.16|0.30|0.4611|
|.|          6|          3|        239|    613566756.3|        323|23:59:59|+0.25|0.35|0.4170|
|.|          9|          3|        239|    536870911.7|        323|23:59:59|+0.34|0.42|0.3784|
|.|          8|          3|        239|    477218588.1|        323|23:59:59|+0.35|0.42|0.3703|
|.|          1|          3|        239|    429496729.3|        323|23:59:59|+0.31|0.38|0.3836|
|.|          2|          3|        239|    390451572.0|        323|23:59:59|+0.30|0.37|0.3753|
+-+-----------+-----------+-----------+---------------+-----------+--------+-----+----+------+
Best-so-far configuration:         239    mean value:     390451572.0
Description of the best-so-far configuration:
    .ID. dataset  job_id cutoff metafolds           task sparse f_eng1 f_eng2 scaling          algorithm pre_scaling extraction ext_components selection    lr_C lr_solver multi_class  C kernel rf_estimators criterion_classification criterion_regression max_features max_depth min_samples_leaf solver alpha hidden_layers neurons1 activation n_neighbors weights ab_estimators ab_learning_rate ab_loss whiten svd_solver ica_algorithm ica_fun dl_fit_algorithm dl_transform_algorithm sel_model sel_score_classification sel_score_regression sel_percentile sel_threshold max_iter lr_penalty degree gamma max_depth_value mlp_learning_rate learning_rate_init neurons2 neurons3 lr_dual .PARENT.
239  239 cifar10 1540436     15         3 classification  False   None   None    True LogisticRegression        <NA>       <NA>             NA      <NA> -3.6946     lbfgs         ovr NA   <NA>            NA                     <NA>                   NA           NA      <NA>               NA   <NA>    NA            NA       NA       <NA>          NA    <NA>            NA               NA      NA   <NA>       <NA>          <NA>    <NA>             <NA>                   <NA>      <NA>                     <NA>                   NA             NA          <NA>      571       <NA>     NA    NA              NA              <NA>                 NA       NA       NA    <NA>       54

# 2020-06-26 04:49:29 BRT: Elite configurations (first number is the configuration ID; listed from best to worst according to the sum of ranks):
    dataset  job_id cutoff metafolds           task sparse f_eng1 f_eng2 scaling          algorithm pre_scaling extraction ext_components selection    lr_C lr_solver multi_class  C kernel rf_estimators criterion_classification criterion_regression max_features max_depth min_samples_leaf solver alpha hidden_layers neurons1 activation n_neighbors weights ab_estimators ab_learning_rate ab_loss whiten svd_solver ica_algorithm ica_fun dl_fit_algorithm dl_transform_algorithm sel_model sel_score_classification sel_score_regression sel_percentile sel_threshold max_iter lr_penalty degree gamma max_depth_value mlp_learning_rate learning_rate_init neurons2 neurons3 lr_dual
239 cifar10 1540436     15         3 classification  False   None   None    True LogisticRegression        <NA>       <NA>             NA      <NA> -3.6946     lbfgs         ovr NA   <NA>            NA                     <NA>                   NA           NA      <NA>               NA   <NA>    NA            NA       NA       <NA>          NA    <NA>            NA               NA      NA   <NA>       <NA>          <NA>    <NA>             <NA>                   <NA>      <NA>                     <NA>                   NA             NA          <NA>      571       <NA>     NA    NA              NA              <NA>                 NA       NA       NA    <NA>
237 cifar10 1540436     15         3 classification  False   None   None    True LogisticRegression        <NA>       <NA>             NA      <NA> -2.7142     lbfgs         ovr NA   <NA>            NA                     <NA>                   NA           NA      <NA>               NA   <NA>    NA            NA       NA       <NA>          NA    <NA>            NA               NA      NA   <NA>       <NA>          <NA>    <NA>             <NA>                   <NA>      <NA>                     <NA>                   NA             NA          <NA>      347       <NA>     NA    NA              NA              <NA>                 NA       NA       NA    <NA>
243 cifar10 1540436     15         3 classification  False   None   None    True LogisticRegression        <NA>       <NA>             NA      <NA> -3.7722     lbfgs         ovr NA   <NA>            NA                     <NA>                   NA           NA      <NA>               NA   <NA>    NA            NA       NA       <NA>          NA    <NA>            NA               NA      NA   <NA>       <NA>          <NA>    <NA>             <NA>                   <NA>      <NA>                     <NA>                   NA             NA          <NA>      802       <NA>     NA    NA              NA              <NA>                 NA       NA       NA    <NA>
# 2020-06-26 04:49:29 BRT: Iteration 8 of 8
# experimentsUsedSoFar: 1613
# remainingBudget: 387
# currentBudget: 387
# nbConfigurations: 35
  Markers:
     x No test is performed.
     - The test is performed and some configurations are discarded.
     = The test is performed but no configuration is discarded.
     ! The test is performed and configurations could be discarded but elite configurations are preserved.
     . All alive configurations are elite and nothing is discarded

+-+-----------+-----------+-----------+---------------+-----------+--------+-----+----+------+
| |   Instance|      Alive|       Best|      Mean best| Exp so far|  W time|  rho|KenW|  Qvar|
+-+-----------+-----------+-----------+---------------+-----------+--------+-----+----+------+
|x|         12|         35|        341|  -0.2824000000|         35|00:27:45|   NA|  NA|    NA|
|x|          3|         35|        239|    2147483648.|         67|00:15:02|-0.09|0.45|1.0625|
|x|          4|         35|        239|    1431655765.|         99|00:15:01|+0.27|0.51|0.7083|
|x|         10|         35|        239|    1073741824.|        131|00:15:01|+0.45|0.59|0.5312|
|!|          7|          3|        239|    858993458.9|        163|00:15:02|+0.19|0.35|0.4845|
|.|          5|          3|        239|    715827882.4|        163|23:59:59|+0.16|0.30|0.4611|
|.|          2|          3|        239|    613566756.3|        163|23:59:59|+0.19|0.31|0.4331|
|.|          1|          3|        239|    536870911.7|        163|23:59:59|+0.24|0.34|0.4124|
|.|         11|          3|        239|    954437176.6|        163|23:59:59|+0.21|0.30|0.3856|
|.|          6|          3|        239|    858993458.9|        163|23:59:59|+0.24|0.31|0.3780|
|.|          9|          3|        239|    780903144.4|        163|23:59:59|+0.30|0.36|0.3531|
|.|          8|          3|        239|    715827882.4|        163|23:59:59|+0.28|0.34|0.3633|
+-+-----------+-----------+-----------+---------------+-----------+--------+-----+----+------+
Best-so-far configuration:         239    mean value:     715827882.4
Description of the best-so-far configuration:
    .ID. dataset  job_id cutoff metafolds           task sparse f_eng1 f_eng2 scaling          algorithm pre_scaling extraction ext_components selection    lr_C lr_solver multi_class  C kernel rf_estimators criterion_classification criterion_regression max_features max_depth min_samples_leaf solver alpha hidden_layers neurons1 activation n_neighbors weights ab_estimators ab_learning_rate ab_loss whiten svd_solver ica_algorithm ica_fun dl_fit_algorithm dl_transform_algorithm sel_model sel_score_classification sel_score_regression sel_percentile sel_threshold max_iter lr_penalty degree gamma max_depth_value mlp_learning_rate learning_rate_init neurons2 neurons3 lr_dual .PARENT.
239  239 cifar10 1540436     15         3 classification  False   None   None    True LogisticRegression        <NA>       <NA>             NA      <NA> -3.6946     lbfgs         ovr NA   <NA>            NA                     <NA>                   NA           NA      <NA>               NA   <NA>    NA            NA       NA       <NA>          NA    <NA>            NA               NA      NA   <NA>       <NA>          <NA>    <NA>             <NA>                   <NA>      <NA>                     <NA>                   NA             NA          <NA>      571       <NA>     NA    NA              NA              <NA>                 NA       NA       NA    <NA>       54

# 2020-06-26 06:17:24 BRT: Elite configurations (first number is the configuration ID; listed from best to worst according to the sum of ranks):
    dataset  job_id cutoff metafolds           task sparse f_eng1 f_eng2 scaling          algorithm pre_scaling extraction ext_components selection    lr_C lr_solver multi_class  C kernel rf_estimators criterion_classification criterion_regression max_features max_depth min_samples_leaf solver alpha hidden_layers neurons1 activation n_neighbors weights ab_estimators ab_learning_rate ab_loss whiten svd_solver ica_algorithm ica_fun dl_fit_algorithm dl_transform_algorithm sel_model sel_score_classification sel_score_regression sel_percentile sel_threshold max_iter lr_penalty degree gamma max_depth_value mlp_learning_rate learning_rate_init neurons2 neurons3 lr_dual
239 cifar10 1540436     15         3 classification  False   None   None    True LogisticRegression        <NA>       <NA>             NA      <NA> -3.6946     lbfgs         ovr NA   <NA>            NA                     <NA>                   NA           NA      <NA>               NA   <NA>    NA            NA       NA       <NA>          NA    <NA>            NA               NA      NA   <NA>       <NA>          <NA>    <NA>             <NA>                   <NA>      <NA>                     <NA>                   NA             NA          <NA>      571       <NA>     NA    NA              NA              <NA>                 NA       NA       NA    <NA>
237 cifar10 1540436     15         3 classification  False   None   None    True LogisticRegression        <NA>       <NA>             NA      <NA> -2.7142     lbfgs         ovr NA   <NA>            NA                     <NA>                   NA           NA      <NA>               NA   <NA>    NA            NA       NA       <NA>          NA    <NA>            NA               NA      NA   <NA>       <NA>          <NA>    <NA>             <NA>                   <NA>      <NA>                     <NA>                   NA             NA          <NA>      347       <NA>     NA    NA              NA              <NA>                 NA       NA       NA    <NA>
243 cifar10 1540436     15         3 classification  False   None   None    True LogisticRegression        <NA>       <NA>             NA      <NA> -3.7722     lbfgs         ovr NA   <NA>            NA                     <NA>                   NA           NA      <NA>               NA   <NA>    NA            NA       NA       <NA>          NA    <NA>            NA               NA      NA   <NA>       <NA>          <NA>    <NA>             <NA>                   <NA>      <NA>                     <NA>                   NA             NA          <NA>      802       <NA>     NA    NA              NA              <NA>                 NA       NA       NA    <NA>
# 2020-06-26 06:17:24 BRT: Iteration 9 of 9
# experimentsUsedSoFar: 1776
# remainingBudget: 224
# currentBudget: 224
# nbConfigurations: 20
  Markers:
     x No test is performed.
     - The test is performed and some configurations are discarded.
     = The test is performed but no configuration is discarded.
     ! The test is performed and configurations could be discarded but elite configurations are preserved.
     . All alive configurations are elite and nothing is discarded

+-+-----------+-----------+-----------+---------------+-----------+--------+-----+----+------+
| |   Instance|      Alive|       Best|      Mean best| Exp so far|  W time|  rho|KenW|  Qvar|
+-+-----------+-----------+-----------+---------------+-----------+--------+-----+----+------+
|x|         13|         20|        357|  -0.3517333333|         20|00:15:01|   NA|  NA|    NA|
|x|          8|         20|        357|  -0.3514000000|         37|00:15:01|+0.91|0.96|0.1273|
|x|          4|         20|        357|  -0.3570222222|         54|00:15:00|+0.84|0.89|0.1546|
|x|          3|         20|        357|  -0.3578333333|         71|00:15:01|+0.88|0.91|0.1172|
|!|          9|          5|        357|  -0.3578133333|         88|00:15:02|+0.90|0.92|0.2297|
+-+-----------+-----------+-----------+---------------+-----------+--------+-----+----+------+
Best-so-far configuration:         239    mean value:     660764199.1
Description of the best-so-far configuration:
    .ID. dataset  job_id cutoff metafolds           task sparse f_eng1 f_eng2 scaling          algorithm pre_scaling extraction ext_components selection    lr_C lr_solver multi_class  C kernel rf_estimators criterion_classification criterion_regression max_features max_depth min_samples_leaf solver alpha hidden_layers neurons1 activation n_neighbors weights ab_estimators ab_learning_rate ab_loss whiten svd_solver ica_algorithm ica_fun dl_fit_algorithm dl_transform_algorithm sel_model sel_score_classification sel_score_regression sel_percentile sel_threshold max_iter lr_penalty degree gamma max_depth_value mlp_learning_rate learning_rate_init neurons2 neurons3 lr_dual .PARENT.
239  239 cifar10 1540436     15         3 classification  False   None   None    True LogisticRegression        <NA>       <NA>             NA      <NA> -3.6946     lbfgs         ovr NA   <NA>            NA                     <NA>                   NA           NA      <NA>               NA   <NA>    NA            NA       NA       <NA>          NA    <NA>            NA               NA      NA   <NA>       <NA>          <NA>    <NA>             <NA>                   <NA>      <NA>                     <NA>                   NA             NA          <NA>      571       <NA>     NA    NA              NA              <NA>                 NA       NA       NA    <NA>       54

# 2020-06-26 07:32:31 BRT: Elite configurations (first number is the configuration ID; listed from best to worst according to the sum of ranks):
    dataset  job_id cutoff metafolds           task sparse f_eng1 f_eng2 scaling          algorithm pre_scaling extraction ext_components selection    lr_C lr_solver multi_class  C kernel rf_estimators criterion_classification criterion_regression max_features max_depth min_samples_leaf solver alpha hidden_layers neurons1 activation n_neighbors weights ab_estimators ab_learning_rate ab_loss whiten svd_solver ica_algorithm ica_fun dl_fit_algorithm dl_transform_algorithm sel_model sel_score_classification sel_score_regression sel_percentile sel_threshold max_iter lr_penalty degree gamma max_depth_value mlp_learning_rate learning_rate_init neurons2 neurons3 lr_dual
239 cifar10 1540436     15         3 classification  False   None   None    True LogisticRegression        <NA>       <NA>             NA      <NA> -3.6946     lbfgs         ovr NA   <NA>            NA                     <NA>                   NA           NA      <NA>               NA   <NA>    NA            NA       NA       <NA>          NA    <NA>            NA               NA      NA   <NA>       <NA>          <NA>    <NA>             <NA>                   <NA>      <NA>                     <NA>                   NA             NA          <NA>      571       <NA>     NA    NA              NA              <NA>                 NA       NA       NA    <NA>
237 cifar10 1540436     15         3 classification  False   None   None    True LogisticRegression        <NA>       <NA>             NA      <NA> -2.7142     lbfgs         ovr NA   <NA>            NA                     <NA>                   NA           NA      <NA>               NA   <NA>    NA            NA       NA       <NA>          NA    <NA>            NA               NA      NA   <NA>       <NA>          <NA>    <NA>             <NA>                   <NA>      <NA>                     <NA>                   NA             NA          <NA>      347       <NA>     NA    NA              NA              <NA>                 NA       NA       NA    <NA>
243 cifar10 1540436     15         3 classification  False   None   None    True LogisticRegression        <NA>       <NA>             NA      <NA> -3.7722     lbfgs         ovr NA   <NA>            NA                     <NA>                   NA           NA      <NA>               NA   <NA>    NA            NA       NA       <NA>          NA    <NA>            NA               NA      NA   <NA>       <NA>          <NA>    <NA>             <NA>                   <NA>      <NA>                     <NA>                   NA             NA          <NA>      802       <NA>     NA    NA              NA              <NA>                 NA       NA       NA    <NA>
357 cifar10 1540436     15         3 classification  False   None   None    True LogisticRegression        <NA>       <NA>             NA      <NA> -3.4267     lbfgs         ovr NA   <NA>            NA                     <NA>                   NA           NA      <NA>               NA   <NA>    NA            NA       NA       <NA>          NA    <NA>            NA               NA      NA   <NA>       <NA>          <NA>    <NA>             <NA>                   <NA>      <NA>                     <NA>                   NA             NA          <NA>      946       <NA>     NA    NA              NA              <NA>                 NA       NA       NA    <NA>
345 cifar10 1540436     15         3 classification  False   None   None    True LogisticRegression        <NA>       <NA>             NA      <NA> -3.7030     lbfgs         ovr NA   <NA>            NA                     <NA>                   NA           NA      <NA>               NA   <NA>    NA            NA       NA       <NA>          NA    <NA>            NA               NA      NA   <NA>       <NA>          <NA>    <NA>             <NA>                   <NA>      <NA>                     <NA>                   NA             NA          <NA>      691       <NA>     NA    NA              NA              <NA>                 NA       NA       NA    <NA>
# 2020-06-26 07:32:31 BRT: Iteration 10 of 10
# experimentsUsedSoFar: 1864
# remainingBudget: 136
# currentBudget: 136
# nbConfigurations: 14
  Markers:
     x No test is performed.
     - The test is performed and some configurations are discarded.
     = The test is performed but no configuration is discarded.
     ! The test is performed and configurations could be discarded but elite configurations are preserved.
     . All alive configurations are elite and nothing is discarded

+-+-----------+-----------+-----------+---------------+-----------+--------+-----+----+------+
| |   Instance|      Alive|       Best|      Mean best| Exp so far|  W time|  rho|KenW|  Qvar|
+-+-----------+-----------+-----------+---------------+-----------+--------+-----+----+------+
|x|         14|         14|        368|  -0.3697333333|         14|00:15:00|   NA|  NA|    NA|
|x|         13|         14|        368|  -0.3608000000|         23|00:14:45|+0.74|0.87|1.0000|
|x|         12|         14|        368|  -0.3579111111|         34|00:15:00|+0.69|0.79|0.6809|
|x|          3|         14|        368|  -0.3585333333|         43|00:13:57|+0.78|0.83|0.6508|
|!|          8|          7|        368|  -0.3568800000|         52|00:13:20|+0.82|0.85|0.2632|
+-+-----------+-----------+-----------+---------------+-----------+--------+-----+----+------+
Best-so-far configuration:         239    mean value:     613566756.3
Description of the best-so-far configuration:
    .ID. dataset  job_id cutoff metafolds           task sparse f_eng1 f_eng2 scaling          algorithm pre_scaling extraction ext_components selection    lr_C lr_solver multi_class  C kernel rf_estimators criterion_classification criterion_regression max_features max_depth min_samples_leaf solver alpha hidden_layers neurons1 activation n_neighbors weights ab_estimators ab_learning_rate ab_loss whiten svd_solver ica_algorithm ica_fun dl_fit_algorithm dl_transform_algorithm sel_model sel_score_classification sel_score_regression sel_percentile sel_threshold max_iter lr_penalty degree gamma max_depth_value mlp_learning_rate learning_rate_init neurons2 neurons3 lr_dual .PARENT.
239  239 cifar10 1540436     15         3 classification  False   None   None    True LogisticRegression        <NA>       <NA>             NA      <NA> -3.6946     lbfgs         ovr NA   <NA>            NA                     <NA>                   NA           NA      <NA>               NA   <NA>    NA            NA       NA       <NA>          NA    <NA>            NA               NA      NA   <NA>       <NA>          <NA>    <NA>             <NA>                   <NA>      <NA>                     <NA>                   NA             NA          <NA>      571       <NA>     NA    NA              NA              <NA>                 NA       NA       NA    <NA>       54

# 2020-06-26 08:44:36 BRT: Elite configurations (first number is the configuration ID; listed from best to worst according to the sum of ranks):
    dataset  job_id cutoff metafolds           task sparse f_eng1 f_eng2 scaling          algorithm pre_scaling extraction ext_components selection    lr_C lr_solver multi_class  C kernel rf_estimators criterion_classification criterion_regression max_features max_depth min_samples_leaf solver alpha hidden_layers neurons1 activation n_neighbors weights ab_estimators ab_learning_rate ab_loss whiten svd_solver ica_algorithm ica_fun dl_fit_algorithm dl_transform_algorithm sel_model sel_score_classification sel_score_regression sel_percentile sel_threshold max_iter lr_penalty degree gamma max_depth_value mlp_learning_rate learning_rate_init neurons2 neurons3 lr_dual
239 cifar10 1540436     15         3 classification  False   None   None    True LogisticRegression        <NA>       <NA>             NA      <NA> -3.6946     lbfgs         ovr NA   <NA>            NA                     <NA>                   NA           NA      <NA>               NA   <NA>    NA            NA       NA       <NA>          NA    <NA>            NA               NA      NA   <NA>       <NA>          <NA>    <NA>             <NA>                   <NA>      <NA>                     <NA>                   NA             NA          <NA>      571       <NA>     NA    NA              NA              <NA>                 NA       NA       NA    <NA>
237 cifar10 1540436     15         3 classification  False   None   None    True LogisticRegression        <NA>       <NA>             NA      <NA> -2.7142     lbfgs         ovr NA   <NA>            NA                     <NA>                   NA           NA      <NA>               NA   <NA>    NA            NA       NA       <NA>          NA    <NA>            NA               NA      NA   <NA>       <NA>          <NA>    <NA>             <NA>                   <NA>      <NA>                     <NA>                   NA             NA          <NA>      347       <NA>     NA    NA              NA              <NA>                 NA       NA       NA    <NA>
243 cifar10 1540436     15         3 classification  False   None   None    True LogisticRegression        <NA>       <NA>             NA      <NA> -3.7722     lbfgs         ovr NA   <NA>            NA                     <NA>                   NA           NA      <NA>               NA   <NA>    NA            NA       NA       <NA>          NA    <NA>            NA               NA      NA   <NA>       <NA>          <NA>    <NA>             <NA>                   <NA>      <NA>                     <NA>                   NA             NA          <NA>      802       <NA>     NA    NA              NA              <NA>                 NA       NA       NA    <NA>
357 cifar10 1540436     15         3 classification  False   None   None    True LogisticRegression        <NA>       <NA>             NA      <NA> -3.4267     lbfgs         ovr NA   <NA>            NA                     <NA>                   NA           NA      <NA>               NA   <NA>    NA            NA       NA       <NA>          NA    <NA>            NA               NA      NA   <NA>       <NA>          <NA>    <NA>             <NA>                   <NA>      <NA>                     <NA>                   NA             NA          <NA>      946       <NA>     NA    NA              NA              <NA>                 NA       NA       NA    <NA>
345 cifar10 1540436     15         3 classification  False   None   None    True LogisticRegression        <NA>       <NA>             NA      <NA> -3.7030     lbfgs         ovr NA   <NA>            NA                     <NA>                   NA           NA      <NA>               NA   <NA>    NA            NA       NA       <NA>          NA    <NA>            NA               NA      NA   <NA>       <NA>          <NA>    <NA>             <NA>                   <NA>      <NA>                     <NA>                   NA             NA          <NA>      691       <NA>     NA    NA              NA              <NA>                 NA       NA       NA    <NA>
368 cifar10 1540436     15         3 classification  False   None   None    True LogisticRegression        <NA>       <NA>             NA      <NA> -3.3788     lbfgs         ovr NA   <NA>            NA                     <NA>                   NA           NA      <NA>               NA   <NA>    NA            NA       NA       <NA>          NA    <NA>            NA               NA      NA   <NA>       <NA>          <NA>    <NA>             <NA>                   <NA>      <NA>                     <NA>                   NA             NA          <NA>      633       <NA>     NA    NA              NA              <NA>                 NA       NA       NA    <NA>
367 cifar10 1540436     15         3 classification  False   None   None    True LogisticRegression        <NA>       <NA>             NA      <NA> -3.4554     lbfgs         ovr NA   <NA>            NA                     <NA>                   NA           NA      <NA>               NA   <NA>    NA            NA       NA       <NA>          NA    <NA>            NA               NA      NA   <NA>       <NA>          <NA>    <NA>             <NA>                   <NA>      <NA>                     <NA>                   NA             NA          <NA>      546       <NA>     NA    NA              NA              <NA>                 NA       NA       NA    <NA>
# 2020-06-26 08:44:36 BRT: Iteration 11 of 11
# experimentsUsedSoFar: 1916
# remainingBudget: 84
# currentBudget: 84
# nbConfigurations: 12
  Markers:
     x No test is performed.
     - The test is performed and some configurations are discarded.
     = The test is performed but no configuration is discarded.
     ! The test is performed and configurations could be discarded but elite configurations are preserved.
     . All alive configurations are elite and nothing is discarded

+-+-----------+-----------+-----------+---------------+-----------+--------+-----+----+------+
| |   Instance|      Alive|       Best|      Mean best| Exp so far|  W time|  rho|KenW|  Qvar|
+-+-----------+-----------+-----------+---------------+-----------+--------+-----+----+------+
|x|         15|         12|        368|  -0.3542666667|         12|00:09:09|   NA|  NA|    NA|
|x|          3|         12|        368|  -0.3573333333|         17|00:05:04|+0.89|0.94|0.0244|
|x|          8|         12|        368|  -0.3549777778|         22|00:05:11|+0.90|0.93|0.0146|
|x|          9|         12|        368|  -0.3560333333|         29|00:06:16|+0.92|0.94|0.0129|
|!|         13|          7|        368|  -0.3552000000|         34|00:05:25|+0.84|0.87|0.2851|
+-+-----------+-----------+-----------+---------------+-----------+--------+-----+----+------+
Best-so-far configuration:         239    mean value:     572662305.8
Description of the best-so-far configuration:
    .ID. dataset  job_id cutoff metafolds           task sparse f_eng1 f_eng2 scaling          algorithm pre_scaling extraction ext_components selection    lr_C lr_solver multi_class  C kernel rf_estimators criterion_classification criterion_regression max_features max_depth min_samples_leaf solver alpha hidden_layers neurons1 activation n_neighbors weights ab_estimators ab_learning_rate ab_loss whiten svd_solver ica_algorithm ica_fun dl_fit_algorithm dl_transform_algorithm sel_model sel_score_classification sel_score_regression sel_percentile sel_threshold max_iter lr_penalty degree gamma max_depth_value mlp_learning_rate learning_rate_init neurons2 neurons3 lr_dual .PARENT.
239  239 cifar10 1540436     15         3 classification  False   None   None    True LogisticRegression        <NA>       <NA>             NA      <NA> -3.6946     lbfgs         ovr NA   <NA>            NA                     <NA>                   NA           NA      <NA>               NA   <NA>    NA            NA       NA       <NA>          NA    <NA>            NA               NA      NA   <NA>       <NA>          <NA>    <NA>             <NA>                   <NA>      <NA>                     <NA>                   NA             NA          <NA>      571       <NA>     NA    NA              NA              <NA>                 NA       NA       NA    <NA>       54

# 2020-06-26 09:15:45 BRT: Elite configurations (first number is the configuration ID; listed from best to worst according to the sum of ranks):
    dataset  job_id cutoff metafolds           task sparse f_eng1 f_eng2 scaling          algorithm pre_scaling extraction ext_components selection    lr_C lr_solver multi_class  C kernel rf_estimators criterion_classification criterion_regression max_features max_depth min_samples_leaf solver alpha hidden_layers neurons1 activation n_neighbors weights ab_estimators ab_learning_rate ab_loss whiten svd_solver ica_algorithm ica_fun dl_fit_algorithm dl_transform_algorithm sel_model sel_score_classification sel_score_regression sel_percentile sel_threshold max_iter lr_penalty degree gamma max_depth_value mlp_learning_rate learning_rate_init neurons2 neurons3 lr_dual
239 cifar10 1540436     15         3 classification  False   None   None    True LogisticRegression        <NA>       <NA>             NA      <NA> -3.6946     lbfgs         ovr NA   <NA>            NA                     <NA>                   NA           NA      <NA>               NA   <NA>    NA            NA       NA       <NA>          NA    <NA>            NA               NA      NA   <NA>       <NA>          <NA>    <NA>             <NA>                   <NA>      <NA>                     <NA>                   NA             NA          <NA>      571       <NA>     NA    NA              NA              <NA>                 NA       NA       NA    <NA>
237 cifar10 1540436     15         3 classification  False   None   None    True LogisticRegression        <NA>       <NA>             NA      <NA> -2.7142     lbfgs         ovr NA   <NA>            NA                     <NA>                   NA           NA      <NA>               NA   <NA>    NA            NA       NA       <NA>          NA    <NA>            NA               NA      NA   <NA>       <NA>          <NA>    <NA>             <NA>                   <NA>      <NA>                     <NA>                   NA             NA          <NA>      347       <NA>     NA    NA              NA              <NA>                 NA       NA       NA    <NA>
243 cifar10 1540436     15         3 classification  False   None   None    True LogisticRegression        <NA>       <NA>             NA      <NA> -3.7722     lbfgs         ovr NA   <NA>            NA                     <NA>                   NA           NA      <NA>               NA   <NA>    NA            NA       NA       <NA>          NA    <NA>            NA               NA      NA   <NA>       <NA>          <NA>    <NA>             <NA>                   <NA>      <NA>                     <NA>                   NA             NA          <NA>      802       <NA>     NA    NA              NA              <NA>                 NA       NA       NA    <NA>
357 cifar10 1540436     15         3 classification  False   None   None    True LogisticRegression        <NA>       <NA>             NA      <NA> -3.4267     lbfgs         ovr NA   <NA>            NA                     <NA>                   NA           NA      <NA>               NA   <NA>    NA            NA       NA       <NA>          NA    <NA>            NA               NA      NA   <NA>       <NA>          <NA>    <NA>             <NA>                   <NA>      <NA>                     <NA>                   NA             NA          <NA>      946       <NA>     NA    NA              NA              <NA>                 NA       NA       NA    <NA>
345 cifar10 1540436     15         3 classification  False   None   None    True LogisticRegression        <NA>       <NA>             NA      <NA> -3.7030     lbfgs         ovr NA   <NA>            NA                     <NA>                   NA           NA      <NA>               NA   <NA>    NA            NA       NA       <NA>          NA    <NA>            NA               NA      NA   <NA>       <NA>          <NA>    <NA>             <NA>                   <NA>      <NA>                     <NA>                   NA             NA          <NA>      691       <NA>     NA    NA              NA              <NA>                 NA       NA       NA    <NA>
368 cifar10 1540436     15         3 classification  False   None   None    True LogisticRegression        <NA>       <NA>             NA      <NA> -3.3788     lbfgs         ovr NA   <NA>            NA                     <NA>                   NA           NA      <NA>               NA   <NA>    NA            NA       NA       <NA>          NA    <NA>            NA               NA      NA   <NA>       <NA>          <NA>    <NA>             <NA>                   <NA>      <NA>                     <NA>                   NA             NA          <NA>      633       <NA>     NA    NA              NA              <NA>                 NA       NA       NA    <NA>
367 cifar10 1540436     15         3 classification  False   None   None    True LogisticRegression        <NA>       <NA>             NA      <NA> -3.4554     lbfgs         ovr NA   <NA>            NA                     <NA>                   NA           NA      <NA>               NA   <NA>    NA            NA       NA       <NA>          NA    <NA>            NA               NA      NA   <NA>       <NA>          <NA>    <NA>             <NA>                   <NA>      <NA>                     <NA>                   NA             NA          <NA>      546       <NA>     NA    NA              NA              <NA>                 NA       NA       NA    <NA>
# 2020-06-26 09:15:45 BRT: Iteration 12 of 12
# experimentsUsedSoFar: 1950
# remainingBudget: 50
# currentBudget: 50
# nbConfigurations: 9
  Markers:
     x No test is performed.
     - The test is performed and some configurations are discarded.
     = The test is performed but no configuration is discarded.
     ! The test is performed and configurations could be discarded but elite configurations are preserved.
     . All alive configurations are elite and nothing is discarded

+-+-----------+-----------+-----------+---------------+-----------+--------+-----+----+------+
| |   Instance|      Alive|       Best|      Mean best| Exp so far|  W time|  rho|KenW|  Qvar|
+-+-----------+-----------+-----------+---------------+-----------+--------+-----+----+------+
|x|         16|          9|        375|  -0.3600000000|          9|00:07:34|   NA|  NA|    NA|
|x|          2|          9|        375|  -0.3539333333|         15|00:05:10|+0.83|0.92|0.0014|
|x|         14|          9|        375|  -0.3591111111|         17|00:02:34|+0.86|0.90|0.0016|
|x|          8|          9|        375|  -0.3564000000|         19|00:02:33|+0.82|0.87|0.0034|
|!|          9|          8|        375|  -0.3570400000|         21|00:02:33|+0.79|0.83|0.0877|
|-|         12|          8|        375|  -0.3562444444|         22|00:00:34|+0.81|0.84|0.1193|
|-|          1|          8|        375|  -0.3554476190|         27|00:03:09|+0.81|0.84|0.1114|
|-|         15|          8|        375|  -0.3556833333|         28|00:00:33|+0.82|0.85|0.1142|
|-|         11|          8|        375|  -0.3562814815|         33|00:03:06|+0.83|0.85|0.1273|
|-|          5|          8|        375|  -0.3570933333|         38|00:03:09|+0.84|0.86|0.1270|
|-|          4|          8|        375|  -0.3580484848|         41|00:01:58|+0.83|0.84|0.1173|
|-|          7|          8|        375|  -0.3586333333|         46|00:03:25|+0.83|0.85|0.1202|
+-+-----------+-----------+-----------+---------------+-----------+--------+-----+----+------+
Best-so-far configuration:         239    mean value:     536870911.7
Description of the best-so-far configuration:
    .ID. dataset  job_id cutoff metafolds           task sparse f_eng1 f_eng2 scaling          algorithm pre_scaling extraction ext_components selection    lr_C lr_solver multi_class  C kernel rf_estimators criterion_classification criterion_regression max_features max_depth min_samples_leaf solver alpha hidden_layers neurons1 activation n_neighbors weights ab_estimators ab_learning_rate ab_loss whiten svd_solver ica_algorithm ica_fun dl_fit_algorithm dl_transform_algorithm sel_model sel_score_classification sel_score_regression sel_percentile sel_threshold max_iter lr_penalty degree gamma max_depth_value mlp_learning_rate learning_rate_init neurons2 neurons3 lr_dual .PARENT.
239  239 cifar10 1540436     15         3 classification  False   None   None    True LogisticRegression        <NA>       <NA>             NA      <NA> -3.6946     lbfgs         ovr NA   <NA>            NA                     <NA>                   NA           NA      <NA>               NA   <NA>    NA            NA       NA       <NA>          NA    <NA>            NA               NA      NA   <NA>       <NA>          <NA>    <NA>             <NA>                   <NA>      <NA>                     <NA>                   NA             NA          <NA>      571       <NA>     NA    NA              NA              <NA>                 NA       NA       NA    <NA>       54

# 2020-06-26 09:52:09 BRT: Elite configurations (first number is the configuration ID; listed from best to worst according to the sum of ranks):
    dataset  job_id cutoff metafolds           task sparse f_eng1 f_eng2 scaling          algorithm pre_scaling extraction ext_components selection    lr_C lr_solver multi_class  C kernel rf_estimators criterion_classification criterion_regression max_features max_depth min_samples_leaf solver alpha hidden_layers neurons1 activation n_neighbors weights ab_estimators ab_learning_rate ab_loss whiten svd_solver ica_algorithm ica_fun dl_fit_algorithm dl_transform_algorithm sel_model sel_score_classification sel_score_regression sel_percentile sel_threshold max_iter lr_penalty degree gamma max_depth_value mlp_learning_rate learning_rate_init neurons2 neurons3 lr_dual
239 cifar10 1540436     15         3 classification  False   None   None    True LogisticRegression        <NA>       <NA>             NA      <NA> -3.6946     lbfgs         ovr NA   <NA>            NA                     <NA>                   NA           NA      <NA>               NA   <NA>    NA            NA       NA       <NA>          NA    <NA>            NA               NA      NA   <NA>       <NA>          <NA>    <NA>             <NA>                   <NA>      <NA>                     <NA>                   NA             NA          <NA>      571       <NA>     NA    NA              NA              <NA>                 NA       NA       NA    <NA>
237 cifar10 1540436     15         3 classification  False   None   None    True LogisticRegression        <NA>       <NA>             NA      <NA> -2.7142     lbfgs         ovr NA   <NA>            NA                     <NA>                   NA           NA      <NA>               NA   <NA>    NA            NA       NA       <NA>          NA    <NA>            NA               NA      NA   <NA>       <NA>          <NA>    <NA>             <NA>                   <NA>      <NA>                     <NA>                   NA             NA          <NA>      347       <NA>     NA    NA              NA              <NA>                 NA       NA       NA    <NA>
243 cifar10 1540436     15         3 classification  False   None   None    True LogisticRegression        <NA>       <NA>             NA      <NA> -3.7722     lbfgs         ovr NA   <NA>            NA                     <NA>                   NA           NA      <NA>               NA   <NA>    NA            NA       NA       <NA>          NA    <NA>            NA               NA      NA   <NA>       <NA>          <NA>    <NA>             <NA>                   <NA>      <NA>                     <NA>                   NA             NA          <NA>      802       <NA>     NA    NA              NA              <NA>                 NA       NA       NA    <NA>
368 cifar10 1540436     15         3 classification  False   None   None    True LogisticRegression        <NA>       <NA>             NA      <NA> -3.3788     lbfgs         ovr NA   <NA>            NA                     <NA>                   NA           NA      <NA>               NA   <NA>    NA            NA       NA       <NA>          NA    <NA>            NA               NA      NA   <NA>       <NA>          <NA>    <NA>             <NA>                   <NA>      <NA>                     <NA>                   NA             NA          <NA>      633       <NA>     NA    NA              NA              <NA>                 NA       NA       NA    <NA>
367 cifar10 1540436     15         3 classification  False   None   None    True LogisticRegression        <NA>       <NA>             NA      <NA> -3.4554     lbfgs         ovr NA   <NA>            NA                     <NA>                   NA           NA      <NA>               NA   <NA>    NA            NA       NA       <NA>          NA    <NA>            NA               NA      NA   <NA>       <NA>          <NA>    <NA>             <NA>                   <NA>      <NA>                     <NA>                   NA             NA          <NA>      546       <NA>     NA    NA              NA              <NA>                 NA       NA       NA    <NA>
357 cifar10 1540436     15         3 classification  False   None   None    True LogisticRegression        <NA>       <NA>             NA      <NA> -3.4267     lbfgs         ovr NA   <NA>            NA                     <NA>                   NA           NA      <NA>               NA   <NA>    NA            NA       NA       <NA>          NA    <NA>            NA               NA      NA   <NA>       <NA>          <NA>    <NA>             <NA>                   <NA>      <NA>                     <NA>                   NA             NA          <NA>      946       <NA>     NA    NA              NA              <NA>                 NA       NA       NA    <NA>
345 cifar10 1540436     15         3 classification  False   None   None    True LogisticRegression        <NA>       <NA>             NA      <NA> -3.7030     lbfgs         ovr NA   <NA>            NA                     <NA>                   NA           NA      <NA>               NA   <NA>    NA            NA       NA       <NA>          NA    <NA>            NA               NA      NA   <NA>       <NA>          <NA>    <NA>             <NA>                   <NA>      <NA>                     <NA>                   NA             NA          <NA>      691       <NA>     NA    NA              NA              <NA>                 NA       NA       NA    <NA>
# 2020-06-26 09:52:09 BRT: Stopped because there is not enough budget left to race more than the minimum (7)
# You may either increase the budget or set 'minNbSurvival' to a lower value
# Iteration: 13
# nbIterations: 13
# experimentsUsedSoFar: 1996
# timeUsed: 0
# remainingBudget: 4
# currentBudget: 4
# number of elites: 7
# nbConfigurations: 6
# Best configurations (first number is the configuration ID; listed from best to worst according to the sum of ranks):
    dataset  job_id cutoff metafolds           task sparse f_eng1 f_eng2 scaling          algorithm pre_scaling extraction ext_components selection    lr_C lr_solver multi_class  C kernel rf_estimators criterion_classification criterion_regression max_features max_depth min_samples_leaf solver alpha hidden_layers neurons1 activation n_neighbors weights ab_estimators ab_learning_rate ab_loss whiten svd_solver ica_algorithm ica_fun dl_fit_algorithm dl_transform_algorithm sel_model sel_score_classification sel_score_regression sel_percentile sel_threshold max_iter lr_penalty degree gamma max_depth_value mlp_learning_rate learning_rate_init neurons2 neurons3 lr_dual
239 cifar10 1540436     15         3 classification  False   None   None    True LogisticRegression        <NA>       <NA>             NA      <NA> -3.6946     lbfgs         ovr NA   <NA>            NA                     <NA>                   NA           NA      <NA>               NA   <NA>    NA            NA       NA       <NA>          NA    <NA>            NA               NA      NA   <NA>       <NA>          <NA>    <NA>             <NA>                   <NA>      <NA>                     <NA>                   NA             NA          <NA>      571       <NA>     NA    NA              NA              <NA>                 NA       NA       NA    <NA>
237 cifar10 1540436     15         3 classification  False   None   None    True LogisticRegression        <NA>       <NA>             NA      <NA> -2.7142     lbfgs         ovr NA   <NA>            NA                     <NA>                   NA           NA      <NA>               NA   <NA>    NA            NA       NA       <NA>          NA    <NA>            NA               NA      NA   <NA>       <NA>          <NA>    <NA>             <NA>                   <NA>      <NA>                     <NA>                   NA             NA          <NA>      347       <NA>     NA    NA              NA              <NA>                 NA       NA       NA    <NA>
243 cifar10 1540436     15         3 classification  False   None   None    True LogisticRegression        <NA>       <NA>             NA      <NA> -3.7722     lbfgs         ovr NA   <NA>            NA                     <NA>                   NA           NA      <NA>               NA   <NA>    NA            NA       NA       <NA>          NA    <NA>            NA               NA      NA   <NA>       <NA>          <NA>    <NA>             <NA>                   <NA>      <NA>                     <NA>                   NA             NA          <NA>      802       <NA>     NA    NA              NA              <NA>                 NA       NA       NA    <NA>
368 cifar10 1540436     15         3 classification  False   None   None    True LogisticRegression        <NA>       <NA>             NA      <NA> -3.3788     lbfgs         ovr NA   <NA>            NA                     <NA>                   NA           NA      <NA>               NA   <NA>    NA            NA       NA       <NA>          NA    <NA>            NA               NA      NA   <NA>       <NA>          <NA>    <NA>             <NA>                   <NA>      <NA>                     <NA>                   NA             NA          <NA>      633       <NA>     NA    NA              NA              <NA>                 NA       NA       NA    <NA>
367 cifar10 1540436     15         3 classification  False   None   None    True LogisticRegression        <NA>       <NA>             NA      <NA> -3.4554     lbfgs         ovr NA   <NA>            NA                     <NA>                   NA           NA      <NA>               NA   <NA>    NA            NA       NA       <NA>          NA    <NA>            NA               NA      NA   <NA>       <NA>          <NA>    <NA>             <NA>                   <NA>      <NA>                     <NA>                   NA             NA          <NA>      546       <NA>     NA    NA              NA              <NA>                 NA       NA       NA    <NA>
357 cifar10 1540436     15         3 classification  False   None   None    True LogisticRegression        <NA>       <NA>             NA      <NA> -3.4267     lbfgs         ovr NA   <NA>            NA                     <NA>                   NA           NA      <NA>               NA   <NA>    NA            NA       NA       <NA>          NA    <NA>            NA               NA      NA   <NA>       <NA>          <NA>    <NA>             <NA>                   <NA>      <NA>                     <NA>                   NA             NA          <NA>      946       <NA>     NA    NA              NA              <NA>                 NA       NA       NA    <NA>
345 cifar10 1540436     15         3 classification  False   None   None    True LogisticRegression        <NA>       <NA>             NA      <NA> -3.7030     lbfgs         ovr NA   <NA>            NA                     <NA>                   NA           NA      <NA>               NA   <NA>    NA            NA       NA       <NA>          NA    <NA>            NA               NA      NA   <NA>       <NA>          <NA>    <NA>             <NA>                   <NA>      <NA>                     <NA>                   NA             NA          <NA>      691       <NA>     NA    NA              NA              <NA>                 NA       NA       NA    <NA>
# Best configurations as commandlines (first number is the configuration ID; same order as above):
239  --dataset cifar10 --job_id 1540436 --cutoff 15 --metafolds 3 --task classification --sparse False --f_eng1 None --f_eng2 None --scaling True --algorithm LogisticRegression --lr_C -3.6946 --lr_solver lbfgs --multi_class ovr --max_iter 571
237  --dataset cifar10 --job_id 1540436 --cutoff 15 --metafolds 3 --task classification --sparse False --f_eng1 None --f_eng2 None --scaling True --algorithm LogisticRegression --lr_C -2.7142 --lr_solver lbfgs --multi_class ovr --max_iter 347
243  --dataset cifar10 --job_id 1540436 --cutoff 15 --metafolds 3 --task classification --sparse False --f_eng1 None --f_eng2 None --scaling True --algorithm LogisticRegression --lr_C -3.7722 --lr_solver lbfgs --multi_class ovr --max_iter 802
368  --dataset cifar10 --job_id 1540436 --cutoff 15 --metafolds 3 --task classification --sparse False --f_eng1 None --f_eng2 None --scaling True --algorithm LogisticRegression --lr_C -3.3788 --lr_solver lbfgs --multi_class ovr --max_iter 633
367  --dataset cifar10 --job_id 1540436 --cutoff 15 --metafolds 3 --task classification --sparse False --f_eng1 None --f_eng2 None --scaling True --algorithm LogisticRegression --lr_C -3.4554 --lr_solver lbfgs --multi_class ovr --max_iter 546
357  --dataset cifar10 --job_id 1540436 --cutoff 15 --metafolds 3 --task classification --sparse False --f_eng1 None --f_eng2 None --scaling True --algorithm LogisticRegression --lr_C -3.4267 --lr_solver lbfgs --multi_class ovr --max_iter 946
345  --dataset cifar10 --job_id 1540436 --cutoff 15 --metafolds 3 --task classification --sparse False --f_eng1 None --f_eng2 None --scaling True --algorithm LogisticRegression --lr_C -3.703 --lr_solver lbfgs --multi_class ovr --max_iter 691
