*******************************************************************************
* irace: An implementation in R of Iterated Race
* Version: 3.1.2112M
* Copyright (C) 2010-2018
* Manuel Lopez-Ibanez     <manuel.lopez-ibanez@manchester.ac.uk>
* Jeremie Dubois-Lacoste  
* Leslie Perez Caceres    <leslie.perez.caceres@ulb.ac.be>
*
* This is free software, and you are welcome to redistribute it under certain
* conditions.  See the GNU General Public License for details. There is NO
* WARRANTY; not even for MERCHANTABILITY or FITNESS FOR A PARTICULAR PURPOSE.
*
* irace builds upon previous code from the race package:
*
* race: Racing methods for the selection of the best
* Copyright (C) 2003 Mauro Birattari
*******************************************************************************
# installed at: /home/cemvieira/bin/R/irace
# called with: -s scenario.txt --max-experiments 2000 -p ./cifar10/parameters-1585146.txt --parallel 32 --train-instances-file cifar10/new-instances.txt --log-file ./output/cifar10/cifar10-1f2k20m-irace-1585146.Rdata
# 8 expression(s) specifying forbidden configurations read from '/home/cemvieira/isklearn/forbidden.txt'
# 2020-08-15 00:38:09 BRT: Initialization
# Elitist race
# Elitist new instances: 1
# Elitist limit: 2
# nbIterations: 7
# minNbSurvival: 7
# nbParameters: 50
# seed: 923912319
# confidence level: 0.95
# budget: 2000
# mu: 5
# deterministic: TRUE

# 2020-08-15 00:38:09 BRT: Iteration 1 of 7
# experimentsUsedSoFar: 0
# remainingBudget: 2000
# currentBudget: 285
# nbConfigurations: 47
  Markers:
     x No test is performed.
     - The test is performed and some configurations are discarded.
     = The test is performed but no configuration is discarded.
     ! The test is performed and configurations could be discarded but elite configurations are preserved.
     . All alive configurations are elite and nothing is discarded

+-+-----------+-----------+-----------+---------------+-----------+--------+-----+----+------+
| |   Instance|      Alive|       Best|      Mean best| Exp so far|  W time|  rho|KenW|  Qvar|
+-+-----------+-----------+-----------+---------------+-----------+--------+-----+----+------+
|x|          1|         47|         36|  -0.2700000000|         47|00:40:01|   NA|  NA|    NA|
|x|          2|         47|         36|  -0.2628000000|         94|00:40:00|+1.00|1.00|0.0000|
|x|          3|         47|         36|  -0.2640000000|        141|00:40:01|+1.00|1.00|0.0000|
|x|          4|         47|         36|  -0.2705000000|        188|00:40:00|+1.00|1.00|0.0000|
|!|          5|          1|         36|  -0.2685600000|        235|00:40:01|   NA|  NA|    NA|
+-+-----------+-----------+-----------+---------------+-----------+--------+-----+----+------+
Best-so-far configuration:          36    mean value:   -0.2685600000
Description of the best-so-far configuration:
   .ID. dataset  job_id cutoff metafolds           task sparse    f_eng1     f_eng2 scaling  algorithm pre_scaling extraction ext_components       selection lr_C lr_solver multi_class  C kernel rf_estimators criterion_classification criterion_regression max_features max_depth min_samples_leaf solver alpha hidden_layers neurons1 activation n_neighbors weights ab_estimators ab_learning_rate ab_loss whiten svd_solver ica_algorithm ica_fun dl_fit_algorithm dl_transform_algorithm    sel_model sel_score_classification sel_score_regression sel_percentile sel_threshold max_iter lr_penalty degree gamma max_depth_value mlp_learning_rate learning_rate_init neurons2 neurons3 lr_dual .PARENT.
36   36 cifar10 1585146     20         1 classification  False Selection Extraction   False KNeighbors       False        PCA          0.128 SelectFromModel   NA      <NA>        <NA> NA   <NA>            NA                     <NA>                   NA           NA      <NA>               NA   <NA>    NA            NA       NA       <NA>          26 uniform            NA               NA      NA  False randomized          <NA>    <NA>             <NA>                   <NA> DecisionTree                     <NA>                   NA             NA          mean       NA         NA     NA    NA              NA              <NA>                 NA       NA       NA      NA       NA

# 2020-08-15 03:58:16 BRT: Elite configurations (first number is the configuration ID; listed from best to worst according to the sum of ranks):
   dataset  job_id cutoff metafolds           task sparse    f_eng1     f_eng2 scaling  algorithm pre_scaling extraction ext_components       selection lr_C lr_solver multi_class  C kernel rf_estimators criterion_classification criterion_regression max_features max_depth min_samples_leaf solver alpha hidden_layers neurons1 activation n_neighbors weights ab_estimators ab_learning_rate ab_loss whiten svd_solver ica_algorithm ica_fun dl_fit_algorithm dl_transform_algorithm    sel_model sel_score_classification sel_score_regression sel_percentile sel_threshold max_iter lr_penalty degree gamma max_depth_value mlp_learning_rate learning_rate_init neurons2 neurons3 lr_dual
36 cifar10 1585146     20         1 classification  False Selection Extraction   False KNeighbors       False        PCA          0.128 SelectFromModel   NA      <NA>        <NA> NA   <NA>            NA                     <NA>                   NA           NA      <NA>               NA   <NA>    NA            NA       NA       <NA>          26 uniform            NA               NA      NA  False randomized          <NA>    <NA>             <NA>                   <NA> DecisionTree                     <NA>                   NA             NA          mean       NA         NA     NA    NA              NA              <NA>                 NA       NA       NA      NA
# 2020-08-15 03:58:16 BRT: Iteration 2 of 7
# experimentsUsedSoFar: 235
# remainingBudget: 1765
# currentBudget: 294
# nbConfigurations: 42
  Markers:
     x No test is performed.
     - The test is performed and some configurations are discarded.
     = The test is performed but no configuration is discarded.
     ! The test is performed and configurations could be discarded but elite configurations are preserved.
     . All alive configurations are elite and nothing is discarded

+-+-----------+-----------+-----------+---------------+-----------+--------+-----+----+------+
| |   Instance|      Alive|       Best|      Mean best| Exp so far|  W time|  rho|KenW|  Qvar|
+-+-----------+-----------+-----------+---------------+-----------+--------+-----+----+------+
|x|          6|         42|         88|  -0.2980000000|         42|00:40:00|   NA|  NA|    NA|
|x|          2|         42|         88|  -0.3002000000|         83|00:40:01|+1.00|1.00|0.0000|
|x|          5|         42|         88|  -0.2998666667|        124|00:40:00|+1.00|1.00|0.0000|
|x|          1|         42|         88|  -0.2993000000|        165|00:40:00|+1.00|1.00|0.0000|
|!|          4|          2|         88|  -0.2996800000|        206|00:40:00|+1.00|1.00|0.0000|
+-+-----------+-----------+-----------+---------------+-----------+--------+-----+----+------+
Best-so-far configuration:          36    mean value:   -0.2708666667
Description of the best-so-far configuration:
   .ID. dataset  job_id cutoff metafolds           task sparse    f_eng1     f_eng2 scaling  algorithm pre_scaling extraction ext_components       selection lr_C lr_solver multi_class  C kernel rf_estimators criterion_classification criterion_regression max_features max_depth min_samples_leaf solver alpha hidden_layers neurons1 activation n_neighbors weights ab_estimators ab_learning_rate ab_loss whiten svd_solver ica_algorithm ica_fun dl_fit_algorithm dl_transform_algorithm    sel_model sel_score_classification sel_score_regression sel_percentile sel_threshold max_iter lr_penalty degree gamma max_depth_value mlp_learning_rate learning_rate_init neurons2 neurons3 lr_dual .PARENT.
36   36 cifar10 1585146     20         1 classification  False Selection Extraction   False KNeighbors       False        PCA          0.128 SelectFromModel   NA      <NA>        <NA> NA   <NA>            NA                     <NA>                   NA           NA      <NA>               NA   <NA>    NA            NA       NA       <NA>          26 uniform            NA               NA      NA  False randomized          <NA>    <NA>             <NA>                   <NA> DecisionTree                     <NA>                   NA             NA          mean       NA       <NA>     NA    NA              NA              <NA>                 NA       NA       NA      NA       NA

# 2020-08-15 07:18:22 BRT: Elite configurations (first number is the configuration ID; listed from best to worst according to the sum of ranks):
   dataset  job_id cutoff metafolds           task sparse    f_eng1     f_eng2 scaling  algorithm pre_scaling extraction ext_components       selection lr_C lr_solver multi_class  C kernel rf_estimators criterion_classification criterion_regression max_features max_depth min_samples_leaf solver alpha hidden_layers neurons1 activation n_neighbors weights ab_estimators ab_learning_rate ab_loss whiten svd_solver ica_algorithm ica_fun dl_fit_algorithm dl_transform_algorithm    sel_model sel_score_classification sel_score_regression sel_percentile sel_threshold max_iter lr_penalty degree gamma max_depth_value mlp_learning_rate learning_rate_init neurons2 neurons3 lr_dual
36 cifar10 1585146     20         1 classification  False Selection Extraction   False KNeighbors       False        PCA         0.1280 SelectFromModel   NA      <NA>        <NA> NA   <NA>            NA                     <NA>                   NA           NA      <NA>               NA   <NA>    NA            NA       NA       <NA>          26 uniform            NA               NA      NA  False randomized          <NA>    <NA>             <NA>                   <NA> DecisionTree                     <NA>                   NA             NA          mean       NA       <NA>     NA    NA              NA              <NA>                 NA       NA       NA      NA
88 cifar10 1585146     20         1 classification  False Selection Extraction   False   AdaBoost        True        PCA         0.0193 SelectFromModel   NA      <NA>        <NA> NA   <NA>            NA                     <NA>                   NA           NA      <NA>               NA   <NA>    NA            NA       NA       <NA>          NA    <NA>            93           0.4892      NA  False     arpack          <NA>    <NA>             <NA>                   <NA> RandomForest                     <NA>                   NA             NA          mean       NA       <NA>     NA    NA              NA              <NA>                 NA       NA       NA      NA
# 2020-08-15 07:18:22 BRT: Iteration 3 of 7
# experimentsUsedSoFar: 441
# remainingBudget: 1559
# currentBudget: 311
# nbConfigurations: 40
  Markers:
     x No test is performed.
     - The test is performed and some configurations are discarded.
     = The test is performed but no configuration is discarded.
     ! The test is performed and configurations could be discarded but elite configurations are preserved.
     . All alive configurations are elite and nothing is discarded

+-+-----------+-----------+-----------+---------------+-----------+--------+-----+----+------+
| |   Instance|      Alive|       Best|      Mean best| Exp so far|  W time|  rho|KenW|  Qvar|
+-+-----------+-----------+-----------+---------------+-----------+--------+-----+----+------+
|x|          7|         40|         88|  -0.3004000000|         40|00:30:04|   NA|  NA|    NA|
|x|          3|         40|         88|  -0.2968000000|         79|00:29:24|+1.00|1.00|0.0000|
|x|          1|         40|         88|  -0.2970666667|        117|00:28:49|+0.97|0.98|0.0385|
|x|          5|         40|         88|  -0.2976000000|        155|00:28:29|+0.97|0.98|0.0385|
|!|          6|          3|         88|  -0.2976800000|        193|00:28:36|+1.00|1.00|0.0108|
+-+-----------+-----------+-----------+---------------+-----------+--------+-----+----+------+
Best-so-far configuration:          88    mean value:   -0.2988571429
Description of the best-so-far configuration:
   .ID. dataset  job_id cutoff metafolds           task sparse    f_eng1     f_eng2 scaling algorithm pre_scaling extraction ext_components       selection lr_C lr_solver multi_class  C kernel rf_estimators criterion_classification criterion_regression max_features max_depth min_samples_leaf solver alpha hidden_layers neurons1 activation n_neighbors weights ab_estimators ab_learning_rate ab_loss whiten svd_solver ica_algorithm ica_fun dl_fit_algorithm dl_transform_algorithm    sel_model sel_score_classification sel_score_regression sel_percentile sel_threshold max_iter lr_penalty degree gamma max_depth_value mlp_learning_rate learning_rate_init neurons2 neurons3 lr_dual .PARENT.
88   88 cifar10 1585146     20         1 classification  False Selection Extraction   False  AdaBoost        True        PCA         0.0193 SelectFromModel   NA      <NA>        <NA> NA   <NA>            NA                     <NA>                   NA           NA      <NA>               NA   <NA>    NA            NA       NA       <NA>          NA    <NA>            93           0.4892      NA  False     arpack          <NA>    <NA>             <NA>                   <NA> RandomForest                     <NA>                   NA             NA          mean       NA       <NA>     NA    NA              NA              <NA>                 NA       NA       NA      NA       36

# 2020-08-15 09:43:47 BRT: Elite configurations (first number is the configuration ID; listed from best to worst according to the sum of ranks):
    dataset  job_id cutoff metafolds           task sparse    f_eng1     f_eng2 scaling  algorithm pre_scaling extraction ext_components       selection lr_C lr_solver multi_class      C  kernel rf_estimators criterion_classification criterion_regression max_features max_depth min_samples_leaf solver alpha hidden_layers neurons1 activation n_neighbors weights ab_estimators ab_learning_rate ab_loss whiten svd_solver ica_algorithm ica_fun dl_fit_algorithm dl_transform_algorithm    sel_model sel_score_classification sel_score_regression sel_percentile sel_threshold max_iter lr_penalty degree   gamma max_depth_value mlp_learning_rate learning_rate_init neurons2 neurons3 lr_dual
88  cifar10 1585146     20         1 classification  False Selection Extraction   False   AdaBoost        True        PCA         0.0193 SelectFromModel   NA      <NA>        <NA>     NA    <NA>            NA                     <NA>                   NA           NA      <NA>               NA   <NA>    NA            NA       NA       <NA>          NA    <NA>            93           0.4892      NA  False     arpack          <NA>    <NA>             <NA>                   <NA> RandomForest                     <NA>                   NA             NA          mean       NA       <NA>     NA      NA              NA              <NA>                 NA       NA       NA      NA
36  cifar10 1585146     20         1 classification  False Selection Extraction   False KNeighbors       False        PCA         0.1280 SelectFromModel   NA      <NA>        <NA>     NA    <NA>            NA                     <NA>                   NA           NA      <NA>               NA   <NA>    NA            NA       NA       <NA>          26 uniform            NA               NA      NA  False randomized          <NA>    <NA>             <NA>                   <NA> DecisionTree                     <NA>                   NA             NA          mean       NA       <NA>     NA      NA              NA              <NA>                 NA       NA       NA      NA
115 cifar10 1585146     20         1 classification  False Selection Extraction    True        SVM       False        PCA         0.1030 SelectFromModel   NA      <NA>        <NA> 2.8841 sigmoid            NA                     <NA>                   NA           NA      <NA>               NA   <NA>    NA            NA       NA       <NA>          NA    <NA>            NA               NA      NA  False randomized          <NA>    <NA>             <NA>                   <NA> RandomForest                     <NA>                   NA             NA          mean       NA       <NA>     NA -3.6782              NA              <NA>                 NA       NA       NA      NA
# 2020-08-15 09:43:47 BRT: Iteration 4 of 7
# experimentsUsedSoFar: 634
# remainingBudget: 1366
# currentBudget: 341
# nbConfigurations: 40
  Markers:
     x No test is performed.
     - The test is performed and some configurations are discarded.
     = The test is performed but no configuration is discarded.
     ! The test is performed and configurations could be discarded but elite configurations are preserved.
     . All alive configurations are elite and nothing is discarded

+-+-----------+-----------+-----------+---------------+-----------+--------+-----+----+------+
| |   Instance|      Alive|       Best|      Mean best| Exp so far|  W time|  rho|KenW|  Qvar|
+-+-----------+-----------+-----------+---------------+-----------+--------+-----+----+------+
|x|          8|         40|        115|  -0.3124000000|         40|00:23:21|   NA|  NA|    NA|
|x|          7|         40|         88|  -0.3004000000|         77|00:22:42|+0.98|0.99|0.0483|
|x|          1|         40|         88|  -0.2994666667|        114|00:22:42|+0.98|0.99|0.0322|
|x|          4|         40|        115|  -0.3067000000|        152|00:22:49|+0.98|0.99|0.0322|
|!|          3|          4|         88|  -0.2985600000|        189|00:22:42|+0.74|0.79|0.1304|
+-+-----------+-----------+-----------+---------------+-----------+--------+-----+----+------+
Best-so-far configuration:          88    mean value:   -0.2990500000
Description of the best-so-far configuration:
   .ID. dataset  job_id cutoff metafolds           task sparse    f_eng1     f_eng2 scaling algorithm pre_scaling extraction ext_components       selection lr_C lr_solver multi_class  C kernel rf_estimators criterion_classification criterion_regression max_features max_depth min_samples_leaf solver alpha hidden_layers neurons1 activation n_neighbors weights ab_estimators ab_learning_rate ab_loss whiten svd_solver ica_algorithm ica_fun dl_fit_algorithm dl_transform_algorithm    sel_model sel_score_classification sel_score_regression sel_percentile sel_threshold max_iter lr_penalty degree gamma max_depth_value mlp_learning_rate learning_rate_init neurons2 neurons3 lr_dual .PARENT.
88   88 cifar10 1585146     20         1 classification  False Selection Extraction   False  AdaBoost        True        PCA         0.0193 SelectFromModel   NA      <NA>        <NA> NA   <NA>            NA                     <NA>                   NA           NA      <NA>               NA   <NA>    NA            NA       NA       <NA>          NA    <NA>            93           0.4892      NA  False     arpack          <NA>    <NA>             <NA>                   <NA> RandomForest                     <NA>                   NA             NA          mean       NA       <NA>     NA    NA              NA              <NA>                 NA       NA       NA      NA       36

# 2020-08-15 11:38:07 BRT: Elite configurations (first number is the configuration ID; listed from best to worst according to the sum of ranks):
    dataset  job_id cutoff metafolds           task sparse    f_eng1     f_eng2 scaling  algorithm pre_scaling extraction ext_components       selection lr_C lr_solver multi_class      C  kernel rf_estimators criterion_classification criterion_regression max_features max_depth min_samples_leaf solver alpha hidden_layers neurons1 activation n_neighbors weights ab_estimators ab_learning_rate ab_loss whiten svd_solver ica_algorithm ica_fun dl_fit_algorithm dl_transform_algorithm    sel_model sel_score_classification sel_score_regression sel_percentile sel_threshold max_iter lr_penalty degree   gamma max_depth_value mlp_learning_rate learning_rate_init neurons2 neurons3 lr_dual
88  cifar10 1585146     20         1 classification  False Selection Extraction   False   AdaBoost        True        PCA         0.0193 SelectFromModel   NA      <NA>        <NA>     NA    <NA>            NA                     <NA>                   NA           NA      <NA>               NA   <NA>    NA            NA       NA       <NA>          NA    <NA>            93           0.4892      NA  False     arpack          <NA>    <NA>             <NA>                   <NA> RandomForest                     <NA>                   NA             NA          mean       NA       <NA>     NA      NA              NA              <NA>                 NA       NA       NA      NA
36  cifar10 1585146     20         1 classification  False Selection Extraction   False KNeighbors       False        PCA         0.1280 SelectFromModel   NA      <NA>        <NA>     NA    <NA>            NA                     <NA>                   NA           NA      <NA>               NA   <NA>    NA            NA       NA       <NA>          26 uniform            NA               NA      NA  False randomized          <NA>    <NA>             <NA>                   <NA> DecisionTree                     <NA>                   NA             NA          mean       NA       <NA>     NA      NA              NA              <NA>                 NA       NA       NA      NA
115 cifar10 1585146     20         1 classification  False Selection Extraction    True        SVM       False        PCA         0.1030 SelectFromModel   NA      <NA>        <NA> 2.8841 sigmoid            NA                     <NA>                   NA           NA      <NA>               NA   <NA>    NA            NA       NA       <NA>          NA    <NA>            NA               NA      NA  False randomized          <NA>    <NA>             <NA>                   <NA> RandomForest                     <NA>                   NA             NA          mean       NA       <NA>     NA -3.6782              NA              <NA>                 NA       NA       NA      NA
162 cifar10 1585146     20         1 classification  False Selection Extraction    True        SVM       False        PCA         0.3128 SelectFromModel   NA      <NA>        <NA> 3.3332 sigmoid            NA                     <NA>                   NA           NA      <NA>               NA   <NA>    NA            NA       NA       <NA>          NA    <NA>            NA               NA      NA  False randomized          <NA>    <NA>             <NA>                   <NA> DecisionTree                     <NA>                   NA             NA          mean       NA       <NA>     NA -4.4790              NA              <NA>                 NA       NA       NA      NA
# 2020-08-15 11:38:07 BRT: Iteration 5 of 7
# experimentsUsedSoFar: 823
# remainingBudget: 1177
# currentBudget: 392
# nbConfigurations: 42
  Markers:
     x No test is performed.
     - The test is performed and some configurations are discarded.
     = The test is performed but no configuration is discarded.
     ! The test is performed and configurations could be discarded but elite configurations are preserved.
     . All alive configurations are elite and nothing is discarded

+-+-----------+-----------+-----------+---------------+-----------+--------+-----+----+------+
| |   Instance|      Alive|       Best|      Mean best| Exp so far|  W time|  rho|KenW|  Qvar|
+-+-----------+-----------+-----------+---------------+-----------+--------+-----+----+------+
|x|          9|         42|        172|  -0.3160000000|         42|00:30:46|   NA|  NA|    NA|
|x|          1|         42|        172|  -0.3270000000|         80|00:24:52|+0.74|0.87|0.2652|
|x|          6|         42|        172|  -0.3302666667|        119|00:25:59|+0.82|0.88|0.1771|
|x|          5|         42|        172|  -0.3269000000|        158|00:25:59|+0.86|0.90|0.1329|
|!|          8|          6|        172|  -0.3302400000|        196|00:24:49|+0.84|0.88|0.3421|
+-+-----------+-----------+-----------+---------------+-----------+--------+-----+----+------+
Best-so-far configuration:          88    mean value:   -0.2988444444
Description of the best-so-far configuration:
   .ID. dataset  job_id cutoff metafolds           task sparse    f_eng1     f_eng2 scaling algorithm pre_scaling extraction ext_components       selection lr_C lr_solver multi_class  C kernel rf_estimators criterion_classification criterion_regression max_features max_depth min_samples_leaf solver alpha hidden_layers neurons1 activation n_neighbors weights ab_estimators ab_learning_rate ab_loss whiten svd_solver ica_algorithm ica_fun dl_fit_algorithm dl_transform_algorithm    sel_model sel_score_classification sel_score_regression sel_percentile sel_threshold max_iter lr_penalty degree gamma max_depth_value mlp_learning_rate learning_rate_init neurons2 neurons3 lr_dual .PARENT.
88   88 cifar10 1585146     20         1 classification  False Selection Extraction   False  AdaBoost        True        PCA         0.0193 SelectFromModel   NA      <NA>        <NA> NA   <NA>            NA                     <NA>                   NA           NA      <NA>               NA   <NA>    NA            NA       NA       <NA>          NA    <NA>            93           0.4892      NA  False     arpack          <NA>    <NA>             <NA>                   <NA> RandomForest                     <NA>                   NA             NA          mean       NA       <NA>     NA    NA              NA              <NA>                 NA       NA       NA      NA       36

# 2020-08-15 13:50:36 BRT: Elite configurations (first number is the configuration ID; listed from best to worst according to the sum of ranks):
    dataset  job_id cutoff metafolds           task sparse    f_eng1     f_eng2 scaling          algorithm pre_scaling extraction ext_components       selection    lr_C lr_solver multi_class      C  kernel rf_estimators criterion_classification criterion_regression max_features max_depth min_samples_leaf solver alpha hidden_layers neurons1 activation n_neighbors weights ab_estimators ab_learning_rate ab_loss whiten svd_solver ica_algorithm ica_fun dl_fit_algorithm dl_transform_algorithm    sel_model sel_score_classification sel_score_regression sel_percentile sel_threshold max_iter lr_penalty degree   gamma max_depth_value mlp_learning_rate learning_rate_init neurons2 neurons3 lr_dual
88  cifar10 1585146     20         1 classification  False Selection Extraction   False           AdaBoost        True        PCA         0.0193 SelectFromModel      NA      <NA>        <NA>     NA    <NA>            NA                     <NA>                   NA           NA      <NA>               NA   <NA>    NA            NA       NA       <NA>          NA    <NA>            93           0.4892      NA  False     arpack          <NA>    <NA>             <NA>                   <NA> RandomForest                     <NA>                   NA             NA          mean       NA       <NA>     NA      NA              NA              <NA>                 NA       NA       NA      NA
36  cifar10 1585146     20         1 classification  False Selection Extraction   False         KNeighbors       False        PCA         0.1280 SelectFromModel      NA      <NA>        <NA>     NA    <NA>            NA                     <NA>                   NA           NA      <NA>               NA   <NA>    NA            NA       NA       <NA>          26 uniform            NA               NA      NA  False randomized          <NA>    <NA>             <NA>                   <NA> DecisionTree                     <NA>                   NA             NA          mean       NA       <NA>     NA      NA              NA              <NA>                 NA       NA       NA      NA
115 cifar10 1585146     20         1 classification  False Selection Extraction    True                SVM       False        PCA         0.1030 SelectFromModel      NA      <NA>        <NA> 2.8841 sigmoid            NA                     <NA>                   NA           NA      <NA>               NA   <NA>    NA            NA       NA       <NA>          NA    <NA>            NA               NA      NA  False randomized          <NA>    <NA>             <NA>                   <NA> RandomForest                     <NA>                   NA             NA          mean       NA       <NA>     NA -3.6782              NA              <NA>                 NA       NA       NA      NA
162 cifar10 1585146     20         1 classification  False Selection Extraction    True                SVM       False        PCA         0.3128 SelectFromModel      NA      <NA>        <NA> 3.3332 sigmoid            NA                     <NA>                   NA           NA      <NA>               NA   <NA>    NA            NA       NA       <NA>          NA    <NA>            NA               NA      NA  False randomized          <NA>    <NA>             <NA>                   <NA> DecisionTree                     <NA>                   NA             NA          mean       NA       <NA>     NA -4.4790              NA              <NA>                 NA       NA       NA      NA
172 cifar10 1585146     20         1 classification  False      none  Selection    True LogisticRegression       False       <NA>             NA SelectFromModel -3.9532 newton-cg multinomial     NA    <NA>            NA                     <NA>                   NA           NA      <NA>               NA   <NA>    NA            NA       NA       <NA>          NA    <NA>            NA               NA      NA   <NA>       <NA>          <NA>    <NA>             <NA>                   <NA> RandomForest                     <NA>                   NA             NA          mean      910       <NA>     NA      NA              NA              <NA>                 NA       NA       NA      NA
199 cifar10 1585146     20         1 classification  False Selection Extraction   False         KNeighbors       False        PCA         0.0636 SelectFromModel      NA      <NA>        <NA>     NA    <NA>            NA                     <NA>                   NA           NA      <NA>               NA   <NA>    NA            NA       NA       <NA>          20 uniform            NA               NA      NA  False randomized          <NA>    <NA>             <NA>                   <NA> DecisionTree                     <NA>                   NA             NA          mean       NA       <NA>     NA      NA              NA              <NA>                 NA       NA       NA      NA
# 2020-08-15 13:50:36 BRT: Iteration 6 of 7
# experimentsUsedSoFar: 1019
# remainingBudget: 981
# currentBudget: 490
# nbConfigurations: 54
  Markers:
     x No test is performed.
     - The test is performed and some configurations are discarded.
     = The test is performed but no configuration is discarded.
     ! The test is performed and configurations could be discarded but elite configurations are preserved.
     . All alive configurations are elite and nothing is discarded

+-+-----------+-----------+-----------+---------------+-----------+--------+-----+----+------+
| |   Instance|      Alive|       Best|      Mean best| Exp so far|  W time|  rho|KenW|  Qvar|
+-+-----------+-----------+-----------+---------------+-----------+--------+-----+----+------+
|x|         10|         54|        238|  -0.3284000000|         54|00:39:43|   NA|  NA|    NA|
|x|          1|         54|        172|  -0.3314000000|        102|00:36:44|+0.83|0.92|0.2268|
|x|          7|         54|        238|  -0.3269333333|        152|00:37:33|+0.88|0.92|0.1521|
|x|          5|         54|        238|  -0.3246000000|        200|00:36:37|+0.90|0.92|0.1204|
|!|          8|          9|        238|  -0.3279200000|        248|00:36:32|+0.81|0.85|0.3988|
|!|          4|          7|        238|  -0.3345333333|        253|00:01:08|+0.84|0.86|0.3439|
+-+-----------+-----------+-----------+---------------+-----------+--------+-----+----+------+
Best-so-far configuration:          88    mean value:   -0.2990000000
Description of the best-so-far configuration:
   .ID. dataset  job_id cutoff metafolds           task sparse    f_eng1     f_eng2 scaling algorithm pre_scaling extraction ext_components       selection lr_C lr_solver multi_class  C kernel rf_estimators criterion_classification criterion_regression max_features max_depth min_samples_leaf solver alpha hidden_layers neurons1 activation n_neighbors weights ab_estimators ab_learning_rate ab_loss whiten svd_solver ica_algorithm ica_fun dl_fit_algorithm dl_transform_algorithm    sel_model sel_score_classification sel_score_regression sel_percentile sel_threshold max_iter lr_penalty degree gamma max_depth_value mlp_learning_rate learning_rate_init neurons2 neurons3 lr_dual .PARENT.
88   88 cifar10 1585146     20         1 classification  False Selection Extraction   False  AdaBoost        True        PCA         0.0193 SelectFromModel   NA      <NA>        <NA> NA   <NA>            NA                     <NA>                   NA           NA      <NA>               NA   <NA>    NA            NA       NA       <NA>          NA    <NA>            93           0.4892      NA  False     arpack          <NA>    <NA>             <NA>                   <NA> RandomForest                     <NA>                   NA             NA          mean       NA       <NA>     NA    NA              NA              <NA>                 NA       NA       NA      NA       36

# 2020-08-15 16:58:59 BRT: Elite configurations (first number is the configuration ID; listed from best to worst according to the sum of ranks):
    dataset  job_id cutoff metafolds           task sparse    f_eng1     f_eng2 scaling          algorithm pre_scaling extraction ext_components       selection    lr_C lr_solver multi_class      C  kernel rf_estimators criterion_classification criterion_regression max_features max_depth min_samples_leaf solver alpha hidden_layers neurons1 activation n_neighbors weights ab_estimators ab_learning_rate ab_loss whiten svd_solver ica_algorithm ica_fun dl_fit_algorithm dl_transform_algorithm    sel_model sel_score_classification sel_score_regression sel_percentile sel_threshold max_iter lr_penalty degree   gamma max_depth_value mlp_learning_rate learning_rate_init neurons2 neurons3 lr_dual
88  cifar10 1585146     20         1 classification  False Selection Extraction   False           AdaBoost        True        PCA         0.0193 SelectFromModel      NA      <NA>        <NA>     NA    <NA>            NA                     <NA>                   NA           NA      <NA>               NA   <NA>    NA            NA       NA       <NA>          NA    <NA>            93           0.4892      NA  False     arpack          <NA>    <NA>             <NA>                   <NA> RandomForest                     <NA>                   NA             NA          mean       NA       <NA>     NA      NA              NA              <NA>                 NA       NA       NA      NA
36  cifar10 1585146     20         1 classification  False Selection Extraction   False         KNeighbors       False        PCA         0.1280 SelectFromModel      NA      <NA>        <NA>     NA    <NA>            NA                     <NA>                   NA           NA      <NA>               NA   <NA>    NA            NA       NA       <NA>          26 uniform            NA               NA      NA  False randomized          <NA>    <NA>             <NA>                   <NA> DecisionTree                     <NA>                   NA             NA          mean       NA       <NA>     NA      NA              NA              <NA>                 NA       NA       NA      NA
115 cifar10 1585146     20         1 classification  False Selection Extraction    True                SVM       False        PCA         0.1030 SelectFromModel      NA      <NA>        <NA> 2.8841 sigmoid            NA                     <NA>                   NA           NA      <NA>               NA   <NA>    NA            NA       NA       <NA>          NA    <NA>            NA               NA      NA  False randomized          <NA>    <NA>             <NA>                   <NA> RandomForest                     <NA>                   NA             NA          mean       NA       <NA>     NA -3.6782              NA              <NA>                 NA       NA       NA      NA
162 cifar10 1585146     20         1 classification  False Selection Extraction    True                SVM       False        PCA         0.3128 SelectFromModel      NA      <NA>        <NA> 3.3332 sigmoid            NA                     <NA>                   NA           NA      <NA>               NA   <NA>    NA            NA       NA       <NA>          NA    <NA>            NA               NA      NA  False randomized          <NA>    <NA>             <NA>                   <NA> DecisionTree                     <NA>                   NA             NA          mean       NA       <NA>     NA -4.4790              NA              <NA>                 NA       NA       NA      NA
172 cifar10 1585146     20         1 classification  False      none  Selection    True LogisticRegression       False       <NA>             NA SelectFromModel -3.9532 newton-cg multinomial     NA    <NA>            NA                     <NA>                   NA           NA      <NA>               NA   <NA>    NA            NA       NA       <NA>          NA    <NA>            NA               NA      NA   <NA>       <NA>          <NA>    <NA>             <NA>                   <NA> RandomForest                     <NA>                   NA             NA          mean      910       <NA>     NA      NA              NA              <NA>                 NA       NA       NA      NA
199 cifar10 1585146     20         1 classification  False Selection Extraction   False         KNeighbors       False        PCA         0.0636 SelectFromModel      NA      <NA>        <NA>     NA    <NA>            NA                     <NA>                   NA           NA      <NA>               NA   <NA>    NA            NA       NA       <NA>          20 uniform            NA               NA      NA  False randomized          <NA>    <NA>             <NA>                   <NA> DecisionTree                     <NA>                   NA             NA          mean       NA       <NA>     NA      NA              NA              <NA>                 NA       NA       NA      NA
238 cifar10 1585146     20         1 classification  False Selection Extraction    True LogisticRegression       False        PCA         0.0883 SelectFromModel -2.4563       sag multinomial     NA    <NA>            NA                     <NA>                   NA           NA      <NA>               NA   <NA>    NA            NA       NA       <NA>          NA    <NA>            NA               NA      NA  False randomized          <NA>    <NA>             <NA>                   <NA> RandomForest                     <NA>                   NA             NA          mean      665       <NA>     NA      NA              NA              <NA>                 NA       NA       NA      NA
# 2020-08-15 16:58:59 BRT: Iteration 7 of 7
# experimentsUsedSoFar: 1272
# remainingBudget: 728
# currentBudget: 728
# nbConfigurations: 72
  Markers:
     x No test is performed.
     - The test is performed and some configurations are discarded.
     = The test is performed but no configuration is discarded.
     ! The test is performed and configurations could be discarded but elite configurations are preserved.
     . All alive configurations are elite and nothing is discarded

+-+-----------+-----------+-----------+---------------+-----------+--------+-----+----+------+
| |   Instance|      Alive|       Best|      Mean best| Exp so far|  W time|  rho|KenW|  Qvar|
+-+-----------+-----------+-----------+---------------+-----------+--------+-----+----+------+
|x|         11|         72|        289|  -0.3396000000|         72|00:40:01|   NA|  NA|    NA|
|x|          4|         72|        289|  -0.3644000000|        137|00:40:01|+0.83|0.91|0.1676|
|x|          9|         72|        289|  -0.3614666667|        203|00:40:01|+0.87|0.91|0.1442|
|x|          7|         72|        289|  -0.3586000000|        268|00:40:01|+0.89|0.92|0.1270|
|!|          3|         14|        289|  -0.3556800000|        336|00:40:01|+0.89|0.91|0.4417|
|!|          6|          9|        289|  -0.3570000000|        344|00:02:08|+0.90|0.92|0.4726|
|-|          5|          9|        289|  -0.3560571429|        346|00:00:17|+0.91|0.93|0.4777|
|-|         10|          9|        289|  -0.3560000000|        348|00:00:17|+0.92|0.93|0.4634|
|-|          2|          9|        289|  -0.3553777778|        355|00:01:58|+0.92|0.93|0.4406|
|-|          8|          9|        289|  -0.3554400000|        357|00:00:17|+0.93|0.93|0.4168|
|!|          1|          2|        289|  -0.3547636364|        359|00:00:17|+0.06|0.15|0.4273|
+-+-----------+-----------+-----------+---------------+-----------+--------+-----+----+------+
Best-so-far configuration:         289    mean value:   -0.3547636364
Description of the best-so-far configuration:
    .ID. dataset  job_id cutoff metafolds           task sparse f_eng1    f_eng2 scaling          algorithm pre_scaling extraction ext_components       selection    lr_C lr_solver multi_class  C kernel rf_estimators criterion_classification criterion_regression max_features max_depth min_samples_leaf solver alpha hidden_layers neurons1 activation n_neighbors weights ab_estimators ab_learning_rate ab_loss whiten svd_solver ica_algorithm ica_fun dl_fit_algorithm dl_transform_algorithm    sel_model sel_score_classification sel_score_regression sel_percentile sel_threshold max_iter lr_penalty degree gamma max_depth_value mlp_learning_rate learning_rate_init neurons2 neurons3 lr_dual .PARENT.
289  289 cifar10 1585146     20         1 classification  False   none Selection    True LogisticRegression       False       <NA>             NA SelectFromModel -2.8555 newton-cg multinomial NA   <NA>            NA                     <NA>                   NA           NA      <NA>               NA   <NA>    NA            NA       NA       <NA>          NA    <NA>            NA               NA      NA   <NA>       <NA>          <NA>    <NA>             <NA>                   <NA> RandomForest                     <NA>                   NA             NA          mean      818       <NA>     NA    NA              NA              <NA>                 NA       NA       NA      NA      172

# 2020-08-15 20:24:27 BRT: Elite configurations (first number is the configuration ID; listed from best to worst according to the sum of ranks):
    dataset  job_id cutoff metafolds           task sparse f_eng1    f_eng2 scaling          algorithm pre_scaling extraction ext_components       selection    lr_C lr_solver multi_class  C kernel rf_estimators criterion_classification criterion_regression max_features max_depth min_samples_leaf solver alpha hidden_layers neurons1 activation n_neighbors weights ab_estimators ab_learning_rate ab_loss whiten svd_solver ica_algorithm ica_fun dl_fit_algorithm dl_transform_algorithm    sel_model sel_score_classification sel_score_regression sel_percentile sel_threshold max_iter lr_penalty degree gamma max_depth_value mlp_learning_rate learning_rate_init neurons2 neurons3 lr_dual
289 cifar10 1585146     20         1 classification  False   none Selection    True LogisticRegression       False       <NA>             NA SelectFromModel -2.8555 newton-cg multinomial NA   <NA>            NA                     <NA>                   NA           NA      <NA>               NA   <NA>    NA            NA       NA       <NA>          NA    <NA>            NA               NA      NA   <NA>       <NA>          <NA>    <NA>             <NA>                   <NA> RandomForest                     <NA>                   NA             NA          mean      818       <NA>     NA    NA              NA              <NA>                 NA       NA       NA      NA
252 cifar10 1585146     20         1 classification  False   none Selection    True LogisticRegression       False       <NA>             NA SelectFromModel -3.2135 newton-cg multinomial NA   <NA>            NA                     <NA>                   NA           NA      <NA>               NA   <NA>    NA            NA       NA       <NA>          NA    <NA>            NA               NA      NA   <NA>       <NA>          <NA>    <NA>             <NA>                   <NA> RandomForest                     <NA>                   NA             NA          mean      347       <NA>     NA    NA              NA              <NA>                 NA       NA       NA      NA
# 2020-08-15 20:24:27 BRT: Iteration 8 of 8
# experimentsUsedSoFar: 1631
# remainingBudget: 369
# currentBudget: 369
# nbConfigurations: 32
  Markers:
     x No test is performed.
     - The test is performed and some configurations are discarded.
     = The test is performed but no configuration is discarded.
     ! The test is performed and configurations could be discarded but elite configurations are preserved.
     . All alive configurations are elite and nothing is discarded

+-+-----------+-----------+-----------+---------------+-----------+--------+-----+----+------+
| |   Instance|      Alive|       Best|      Mean best| Exp so far|  W time|  rho|KenW|  Qvar|
+-+-----------+-----------+-----------+---------------+-----------+--------+-----+----+------+
|x|         12|         32|        289|  -0.3600000000|         32|00:07:38|   NA|  NA|    NA|
|x|          5|         32|        289|  -0.3552000000|         62|00:07:34|+0.95|0.98|0.0270|
|x|          9|         32|        289|  -0.3553333333|         92|00:07:27|+0.96|0.97|0.0235|
|x|          1|         32|        315|  -0.3540000000|        122|00:07:33|+0.96|0.97|0.0292|
|!|          8|          4|        315|  -0.3545600000|        152|00:07:15|-0.12|0.10|0.8691|
+-+-----------+-----------+-----------+---------------+-----------+--------+-----+----+------+
Best-so-far configuration:         289    mean value:   -0.3552000000
Description of the best-so-far configuration:
    .ID. dataset  job_id cutoff metafolds           task sparse f_eng1    f_eng2 scaling          algorithm pre_scaling extraction ext_components       selection    lr_C lr_solver multi_class  C kernel rf_estimators criterion_classification criterion_regression max_features max_depth min_samples_leaf solver alpha hidden_layers neurons1 activation n_neighbors weights ab_estimators ab_learning_rate ab_loss whiten svd_solver ica_algorithm ica_fun dl_fit_algorithm dl_transform_algorithm    sel_model sel_score_classification sel_score_regression sel_percentile sel_threshold max_iter lr_penalty degree gamma max_depth_value mlp_learning_rate learning_rate_init neurons2 neurons3 lr_dual .PARENT.
289  289 cifar10 1585146     20         1 classification  False   none Selection    True LogisticRegression       False       <NA>             NA SelectFromModel -2.8555 newton-cg multinomial NA   <NA>            NA                     <NA>                   NA           NA      <NA>               NA   <NA>    NA            NA       NA       <NA>          NA    <NA>            NA               NA      NA   <NA>       <NA>          <NA>    <NA>             <NA>                   <NA> RandomForest                     <NA>                   NA             NA          mean      818       <NA>     NA    NA              NA              <NA>                 NA       NA       NA      NA      172

# 2020-08-15 21:01:58 BRT: Elite configurations (first number is the configuration ID; listed from best to worst according to the sum of ranks):
    dataset  job_id cutoff metafolds           task sparse f_eng1    f_eng2 scaling          algorithm pre_scaling extraction ext_components       selection    lr_C lr_solver multi_class  C kernel rf_estimators criterion_classification criterion_regression max_features max_depth min_samples_leaf solver alpha hidden_layers neurons1 activation n_neighbors weights ab_estimators ab_learning_rate ab_loss whiten svd_solver ica_algorithm ica_fun dl_fit_algorithm dl_transform_algorithm    sel_model sel_score_classification sel_score_regression sel_percentile sel_threshold max_iter lr_penalty degree gamma max_depth_value mlp_learning_rate learning_rate_init neurons2 neurons3 lr_dual
289 cifar10 1585146     20         1 classification  False   none Selection    True LogisticRegression       False       <NA>             NA SelectFromModel -2.8555 newton-cg multinomial NA   <NA>            NA                     <NA>                   NA           NA      <NA>               NA   <NA>    NA            NA       NA       <NA>          NA    <NA>            NA               NA      NA   <NA>       <NA>          <NA>    <NA>             <NA>                   <NA> RandomForest                     <NA>                   NA             NA          mean      818       <NA>     NA    NA              NA              <NA>                 NA       NA       NA      NA
252 cifar10 1585146     20         1 classification  False   none Selection    True LogisticRegression       False       <NA>             NA SelectFromModel -3.2135 newton-cg multinomial NA   <NA>            NA                     <NA>                   NA           NA      <NA>               NA   <NA>    NA            NA       NA       <NA>          NA    <NA>            NA               NA      NA   <NA>       <NA>          <NA>    <NA>             <NA>                   <NA> RandomForest                     <NA>                   NA             NA          mean      347       <NA>     NA    NA              NA              <NA>                 NA       NA       NA      NA
315 cifar10 1585146     20         1 classification  False   none Selection    True LogisticRegression       False       <NA>             NA SelectFromModel -2.8869 newton-cg multinomial NA   <NA>            NA                     <NA>                   NA           NA      <NA>               NA   <NA>    NA            NA       NA       <NA>          NA    <NA>            NA               NA      NA   <NA>       <NA>          <NA>    <NA>             <NA>                   <NA> RandomForest                     <NA>                   NA             NA          mean      822       <NA>     NA    NA              NA              <NA>                 NA       NA       NA      NA
316 cifar10 1585146     20         1 classification  False   none Selection    True LogisticRegression       False       <NA>             NA SelectFromModel -3.1980 newton-cg multinomial NA   <NA>            NA                     <NA>                   NA           NA      <NA>               NA   <NA>    NA            NA       NA       <NA>          NA    <NA>            NA               NA      NA   <NA>       <NA>          <NA>    <NA>             <NA>                   <NA> RandomForest                     <NA>                   NA             NA          mean      215       <NA>     NA    NA              NA              <NA>                 NA       NA       NA      NA
# 2020-08-15 21:01:58 BRT: Iteration 9 of 9
# experimentsUsedSoFar: 1783
# remainingBudget: 217
# currentBudget: 217
# nbConfigurations: 20
  Markers:
     x No test is performed.
     - The test is performed and some configurations are discarded.
     = The test is performed but no configuration is discarded.
     ! The test is performed and configurations could be discarded but elite configurations are preserved.
     . All alive configurations are elite and nothing is discarded

+-+-----------+-----------+-----------+---------------+-----------+--------+-----+----+------+
| |   Instance|      Alive|       Best|      Mean best| Exp so far|  W time|  rho|KenW|  Qvar|
+-+-----------+-----------+-----------+---------------+-----------+--------+-----+----+------+
|x|         13|         20|        289|  -0.3864000000|         20|00:03:37|   NA|  NA|    NA|
|x|          4|         20|        289|  -0.3878000000|         38|00:03:18|+0.95|0.97|0.0433|
|x|         10|         20|        289|  -0.3770666667|         56|00:03:16|+0.95|0.97|0.0350|
|x|         12|         20|        289|  -0.3728000000|         72|00:02:57|+0.95|0.97|0.0300|
|!|          8|          5|        289|  -0.3694400000|         88|00:02:57|-0.18|0.06|0.9461|
+-+-----------+-----------+-----------+---------------+-----------+--------+-----+----+------+
Best-so-far configuration:         289    mean value:   -0.3576000000
Description of the best-so-far configuration:
    .ID. dataset  job_id cutoff metafolds           task sparse f_eng1    f_eng2 scaling          algorithm pre_scaling extraction ext_components       selection    lr_C lr_solver multi_class  C kernel rf_estimators criterion_classification criterion_regression max_features max_depth min_samples_leaf solver alpha hidden_layers neurons1 activation n_neighbors weights ab_estimators ab_learning_rate ab_loss whiten svd_solver ica_algorithm ica_fun dl_fit_algorithm dl_transform_algorithm    sel_model sel_score_classification sel_score_regression sel_percentile sel_threshold max_iter lr_penalty degree gamma max_depth_value mlp_learning_rate learning_rate_init neurons2 neurons3 lr_dual .PARENT.
289  289 cifar10 1585146     20         1 classification  False   none Selection    True LogisticRegression       False       <NA>             NA SelectFromModel -2.8555 newton-cg multinomial NA   <NA>            NA                     <NA>                   NA           NA      <NA>               NA   <NA>    NA            NA       NA       <NA>          NA    <NA>            NA               NA      NA   <NA>       <NA>          <NA>    <NA>             <NA>                   <NA> RandomForest                     <NA>                   NA             NA          mean      818       <NA>     NA    NA              NA              <NA>                 NA       NA       NA      NA      172

# 2020-08-15 21:18:05 BRT: Elite configurations (first number is the configuration ID; listed from best to worst according to the sum of ranks):
    dataset  job_id cutoff metafolds           task sparse f_eng1    f_eng2 scaling          algorithm pre_scaling extraction ext_components       selection    lr_C lr_solver multi_class  C kernel rf_estimators criterion_classification criterion_regression max_features max_depth min_samples_leaf solver alpha hidden_layers neurons1 activation n_neighbors weights ab_estimators ab_learning_rate ab_loss whiten svd_solver ica_algorithm ica_fun dl_fit_algorithm dl_transform_algorithm    sel_model sel_score_classification sel_score_regression sel_percentile sel_threshold max_iter lr_penalty degree gamma max_depth_value mlp_learning_rate learning_rate_init neurons2 neurons3 lr_dual
289 cifar10 1585146     20         1 classification  False   none Selection    True LogisticRegression       False       <NA>             NA SelectFromModel -2.8555 newton-cg multinomial NA   <NA>            NA                     <NA>                   NA           NA      <NA>               NA   <NA>    NA            NA       NA       <NA>          NA    <NA>            NA               NA      NA   <NA>       <NA>          <NA>    <NA>             <NA>                   <NA> RandomForest                     <NA>                   NA             NA          mean      818       <NA>     NA    NA              NA              <NA>                 NA       NA       NA      NA
252 cifar10 1585146     20         1 classification  False   none Selection    True LogisticRegression       False       <NA>             NA SelectFromModel -3.2135 newton-cg multinomial NA   <NA>            NA                     <NA>                   NA           NA      <NA>               NA   <NA>    NA            NA       NA       <NA>          NA    <NA>            NA               NA      NA   <NA>       <NA>          <NA>    <NA>             <NA>                   <NA> RandomForest                     <NA>                   NA             NA          mean      347       <NA>     NA    NA              NA              <NA>                 NA       NA       NA      NA
315 cifar10 1585146     20         1 classification  False   none Selection    True LogisticRegression       False       <NA>             NA SelectFromModel -2.8869 newton-cg multinomial NA   <NA>            NA                     <NA>                   NA           NA      <NA>               NA   <NA>    NA            NA       NA       <NA>          NA    <NA>            NA               NA      NA   <NA>       <NA>          <NA>    <NA>             <NA>                   <NA> RandomForest                     <NA>                   NA             NA          mean      822       <NA>     NA    NA              NA              <NA>                 NA       NA       NA      NA
316 cifar10 1585146     20         1 classification  False   none Selection    True LogisticRegression       False       <NA>             NA SelectFromModel -3.1980 newton-cg multinomial NA   <NA>            NA                     <NA>                   NA           NA      <NA>               NA   <NA>    NA            NA       NA       <NA>          NA    <NA>            NA               NA      NA   <NA>       <NA>          <NA>    <NA>             <NA>                   <NA> RandomForest                     <NA>                   NA             NA          mean      215       <NA>     NA    NA              NA              <NA>                 NA       NA       NA      NA
351 cifar10 1585146     20         1 classification  False   none Selection    True LogisticRegression       False       <NA>             NA SelectFromModel -3.0647 newton-cg multinomial NA   <NA>            NA                     <NA>                   NA           NA      <NA>               NA   <NA>    NA            NA       NA       <NA>          NA    <NA>            NA               NA      NA   <NA>       <NA>          <NA>    <NA>             <NA>                   <NA> RandomForest                     <NA>                   NA             NA          mean      615       <NA>     NA    NA              NA              <NA>                 NA       NA       NA      NA
# 2020-08-15 21:18:05 BRT: Iteration 10 of 10
# experimentsUsedSoFar: 1871
# remainingBudget: 129
# currentBudget: 129
# nbConfigurations: 13
  Markers:
     x No test is performed.
     - The test is performed and some configurations are discarded.
     = The test is performed but no configuration is discarded.
     ! The test is performed and configurations could be discarded but elite configurations are preserved.
     . All alive configurations are elite and nothing is discarded

+-+-----------+-----------+-----------+---------------+-----------+--------+-----+----+------+
| |   Instance|      Alive|       Best|      Mean best| Exp so far|  W time|  rho|KenW|  Qvar|
+-+-----------+-----------+-----------+---------------+-----------+--------+-----+----+------+
|x|         14|         13|        351|  -0.3824000000|         13|00:02:36|   NA|  NA|    NA|
|x|          2|         13|        289|  -0.3644000000|         24|00:02:18|+0.82|0.91|0.0165|
|x|          8|         13|        361|  -0.3610666667|         32|00:01:43|+0.73|0.82|0.0183|
|x|          6|         13|        289|  -0.3621000000|         43|00:02:16|+0.78|0.83|0.0174|
|!|          4|          7|        289|  -0.3675200000|         51|00:01:43|+0.01|0.20|0.8119|
+-+-----------+-----------+-----------+---------------+-----------+--------+-----+----+------+
Best-so-far configuration:         289    mean value:   -0.3590857143
Description of the best-so-far configuration:
    .ID. dataset  job_id cutoff metafolds           task sparse f_eng1    f_eng2 scaling          algorithm pre_scaling extraction ext_components       selection    lr_C lr_solver multi_class  C kernel rf_estimators criterion_classification criterion_regression max_features max_depth min_samples_leaf solver alpha hidden_layers neurons1 activation n_neighbors weights ab_estimators ab_learning_rate ab_loss whiten svd_solver ica_algorithm ica_fun dl_fit_algorithm dl_transform_algorithm    sel_model sel_score_classification sel_score_regression sel_percentile sel_threshold max_iter lr_penalty degree gamma max_depth_value mlp_learning_rate learning_rate_init neurons2 neurons3 lr_dual .PARENT.
289  289 cifar10 1585146     20         1 classification  False   none Selection    True LogisticRegression       False       <NA>             NA SelectFromModel -2.8555 newton-cg multinomial NA   <NA>            NA                     <NA>                   NA           NA      <NA>               NA   <NA>    NA            NA       NA       <NA>          NA    <NA>            NA               NA      NA   <NA>       <NA>          <NA>    <NA>             <NA>                   <NA> RandomForest                     <NA>                   NA             NA          mean      818       <NA>     NA    NA              NA              <NA>                 NA       NA       NA      NA      172

# 2020-08-15 21:28:43 BRT: Elite configurations (first number is the configuration ID; listed from best to worst according to the sum of ranks):
    dataset  job_id cutoff metafolds           task sparse f_eng1    f_eng2 scaling          algorithm pre_scaling extraction ext_components       selection    lr_C lr_solver multi_class  C kernel rf_estimators criterion_classification criterion_regression max_features max_depth min_samples_leaf solver alpha hidden_layers neurons1 activation n_neighbors weights ab_estimators ab_learning_rate ab_loss whiten svd_solver ica_algorithm ica_fun dl_fit_algorithm dl_transform_algorithm    sel_model sel_score_classification sel_score_regression sel_percentile sel_threshold max_iter lr_penalty degree gamma max_depth_value mlp_learning_rate learning_rate_init neurons2 neurons3 lr_dual
289 cifar10 1585146     20         1 classification  False   none Selection    True LogisticRegression       False       <NA>             NA SelectFromModel -2.8555 newton-cg multinomial NA   <NA>            NA                     <NA>                   NA           NA      <NA>               NA   <NA>    NA            NA       NA       <NA>          NA    <NA>            NA               NA      NA   <NA>       <NA>          <NA>    <NA>             <NA>                   <NA> RandomForest                     <NA>                   NA             NA          mean      818       <NA>     NA    NA              NA              <NA>                 NA       NA       NA      NA
252 cifar10 1585146     20         1 classification  False   none Selection    True LogisticRegression       False       <NA>             NA SelectFromModel -3.2135 newton-cg multinomial NA   <NA>            NA                     <NA>                   NA           NA      <NA>               NA   <NA>    NA            NA       NA       <NA>          NA    <NA>            NA               NA      NA   <NA>       <NA>          <NA>    <NA>             <NA>                   <NA> RandomForest                     <NA>                   NA             NA          mean      347       <NA>     NA    NA              NA              <NA>                 NA       NA       NA      NA
315 cifar10 1585146     20         1 classification  False   none Selection    True LogisticRegression       False       <NA>             NA SelectFromModel -2.8869 newton-cg multinomial NA   <NA>            NA                     <NA>                   NA           NA      <NA>               NA   <NA>    NA            NA       NA       <NA>          NA    <NA>            NA               NA      NA   <NA>       <NA>          <NA>    <NA>             <NA>                   <NA> RandomForest                     <NA>                   NA             NA          mean      822       <NA>     NA    NA              NA              <NA>                 NA       NA       NA      NA
316 cifar10 1585146     20         1 classification  False   none Selection    True LogisticRegression       False       <NA>             NA SelectFromModel -3.1980 newton-cg multinomial NA   <NA>            NA                     <NA>                   NA           NA      <NA>               NA   <NA>    NA            NA       NA       <NA>          NA    <NA>            NA               NA      NA   <NA>       <NA>          <NA>    <NA>             <NA>                   <NA> RandomForest                     <NA>                   NA             NA          mean      215       <NA>     NA    NA              NA              <NA>                 NA       NA       NA      NA
351 cifar10 1585146     20         1 classification  False   none Selection    True LogisticRegression       False       <NA>             NA SelectFromModel -3.0647 newton-cg multinomial NA   <NA>            NA                     <NA>                   NA           NA      <NA>               NA   <NA>    NA            NA       NA       <NA>          NA    <NA>            NA               NA      NA   <NA>       <NA>          <NA>    <NA>             <NA>                   <NA> RandomForest                     <NA>                   NA             NA          mean      615       <NA>     NA    NA              NA              <NA>                 NA       NA       NA      NA
368 cifar10 1585146     20         1 classification  False   none Selection    True LogisticRegression       False       <NA>             NA SelectFromModel -2.7496 newton-cg multinomial NA   <NA>            NA                     <NA>                   NA           NA      <NA>               NA   <NA>    NA            NA       NA       <NA>          NA    <NA>            NA               NA      NA   <NA>       <NA>          <NA>    <NA>             <NA>                   <NA> RandomForest                     <NA>                   NA             NA          mean      287       <NA>     NA    NA              NA              <NA>                 NA       NA       NA      NA
361 cifar10 1585146     20         1 classification  False   none Selection    True LogisticRegression       False       <NA>             NA SelectFromModel -3.0109 newton-cg multinomial NA   <NA>            NA                     <NA>                   NA           NA      <NA>               NA   <NA>    NA            NA       NA       <NA>          NA    <NA>            NA               NA      NA   <NA>       <NA>          <NA>    <NA>             <NA>                   <NA> RandomForest                     <NA>                   NA             NA          mean      688       <NA>     NA    NA              NA              <NA>                 NA       NA       NA      NA
# 2020-08-15 21:28:43 BRT: Iteration 11 of 11
# experimentsUsedSoFar: 1922
# remainingBudget: 78
# currentBudget: 78
# nbConfigurations: 11
  Markers:
     x No test is performed.
     - The test is performed and some configurations are discarded.
     = The test is performed but no configuration is discarded.
     ! The test is performed and configurations could be discarded but elite configurations are preserved.
     . All alive configurations are elite and nothing is discarded

+-+-----------+-----------+-----------+---------------+-----------+--------+-----+----+------+
| |   Instance|      Alive|       Best|      Mean best| Exp so far|  W time|  rho|KenW|  Qvar|
+-+-----------+-----------+-----------+---------------+-----------+--------+-----+----+------+
|x|         15|         11|        289|  -0.3528000000|         11|00:01:52|   NA|  NA|    NA|
|x|         10|         11|        368|  -0.3548000000|         17|00:01:02|+0.64|0.82|0.0138|
|x|          7|         11|        289|  -0.3528000000|         26|00:01:32|+0.48|0.65|0.0409|
|x|         14|         11|        368|  -0.3592000000|         30|00:00:41|+0.49|0.62|0.0471|
|!|          3|          8|        368|  -0.3568800000|         39|00:01:34|-0.18|0.06|1.0594|
|=|          8|          8|        361|  -0.3566000000|         40|00:00:09|-0.12|0.07|1.0079|
|=|          4|          8|        361|  -0.3610857143|         41|00:00:09|-0.06|0.09|0.9421|
|=|          9|          8|        368|  -0.3606500000|         45|00:00:36|+0.00|0.13|0.8828|
|=|          2|          8|        289|  -0.3591111111|         46|00:00:09|-0.01|0.10|0.8891|
|=|          6|          8|        289|  -0.3595600000|         47|00:00:09|+0.04|0.14|0.8510|
|=|          1|          8|        289|  -0.3585090909|         51|00:00:36|+0.03|0.12|0.8698|
|=|         11|          8|        315|  -0.3574333333|         57|00:00:55|+0.04|0.12|0.8667|
|=|         13|          8|        289|  -0.3592000000|         60|00:00:26|+0.06|0.14|0.8461|
|!|         12|          7|        289|  -0.3592571429|         63|00:00:27|-0.00|0.07|0.8762|
+-+-----------+-----------+-----------+---------------+-----------+--------+-----+----+------+
Best-so-far configuration:         289    mean value:   -0.3586666667
Description of the best-so-far configuration:
    .ID. dataset  job_id cutoff metafolds           task sparse f_eng1    f_eng2 scaling          algorithm pre_scaling extraction ext_components       selection    lr_C lr_solver multi_class  C kernel rf_estimators criterion_classification criterion_regression max_features max_depth min_samples_leaf solver alpha hidden_layers neurons1 activation n_neighbors weights ab_estimators ab_learning_rate ab_loss whiten svd_solver ica_algorithm ica_fun dl_fit_algorithm dl_transform_algorithm    sel_model sel_score_classification sel_score_regression sel_percentile sel_threshold max_iter lr_penalty degree gamma max_depth_value mlp_learning_rate learning_rate_init neurons2 neurons3 lr_dual .PARENT.
289  289 cifar10 1585146     20         1 classification  False   none Selection    True LogisticRegression       False       <NA>             NA SelectFromModel -2.8555 newton-cg multinomial NA   <NA>            NA                     <NA>                   NA           NA      <NA>               NA   <NA>    NA            NA       NA       <NA>          NA    <NA>            NA               NA      NA   <NA>       <NA>          <NA>    <NA>             <NA>                   <NA> RandomForest                     <NA>                   NA             NA          mean      818       <NA>     NA    NA              NA              <NA>                 NA       NA       NA      NA      172

# 2020-08-15 21:39:05 BRT: Elite configurations (first number is the configuration ID; listed from best to worst according to the sum of ranks):
    dataset  job_id cutoff metafolds           task sparse f_eng1    f_eng2 scaling          algorithm pre_scaling extraction ext_components       selection    lr_C lr_solver multi_class  C kernel rf_estimators criterion_classification criterion_regression max_features max_depth min_samples_leaf solver alpha hidden_layers neurons1 activation n_neighbors weights ab_estimators ab_learning_rate ab_loss whiten svd_solver ica_algorithm ica_fun dl_fit_algorithm dl_transform_algorithm    sel_model sel_score_classification sel_score_regression sel_percentile sel_threshold max_iter lr_penalty degree gamma max_depth_value mlp_learning_rate learning_rate_init neurons2 neurons3 lr_dual
289 cifar10 1585146     20         1 classification  False   none Selection    True LogisticRegression       False       <NA>             NA SelectFromModel -2.8555 newton-cg multinomial NA   <NA>            NA                     <NA>                   NA           NA      <NA>               NA   <NA>    NA            NA       NA       <NA>          NA    <NA>            NA               NA      NA   <NA>       <NA>          <NA>    <NA>             <NA>                   <NA> RandomForest                     <NA>                   NA             NA          mean      818       <NA>     NA    NA              NA              <NA>                 NA       NA       NA      NA
315 cifar10 1585146     20         1 classification  False   none Selection    True LogisticRegression       False       <NA>             NA SelectFromModel -2.8869 newton-cg multinomial NA   <NA>            NA                     <NA>                   NA           NA      <NA>               NA   <NA>    NA            NA       NA       <NA>          NA    <NA>            NA               NA      NA   <NA>       <NA>          <NA>    <NA>             <NA>                   <NA> RandomForest                     <NA>                   NA             NA          mean      822       <NA>     NA    NA              NA              <NA>                 NA       NA       NA      NA
316 cifar10 1585146     20         1 classification  False   none Selection    True LogisticRegression       False       <NA>             NA SelectFromModel -3.1980 newton-cg multinomial NA   <NA>            NA                     <NA>                   NA           NA      <NA>               NA   <NA>    NA            NA       NA       <NA>          NA    <NA>            NA               NA      NA   <NA>       <NA>          <NA>    <NA>             <NA>                   <NA> RandomForest                     <NA>                   NA             NA          mean      215       <NA>     NA    NA              NA              <NA>                 NA       NA       NA      NA
252 cifar10 1585146     20         1 classification  False   none Selection    True LogisticRegression       False       <NA>             NA SelectFromModel -3.2135 newton-cg multinomial NA   <NA>            NA                     <NA>                   NA           NA      <NA>               NA   <NA>    NA            NA       NA       <NA>          NA    <NA>            NA               NA      NA   <NA>       <NA>          <NA>    <NA>             <NA>                   <NA> RandomForest                     <NA>                   NA             NA          mean      347       <NA>     NA    NA              NA              <NA>                 NA       NA       NA      NA
351 cifar10 1585146     20         1 classification  False   none Selection    True LogisticRegression       False       <NA>             NA SelectFromModel -3.0647 newton-cg multinomial NA   <NA>            NA                     <NA>                   NA           NA      <NA>               NA   <NA>    NA            NA       NA       <NA>          NA    <NA>            NA               NA      NA   <NA>       <NA>          <NA>    <NA>             <NA>                   <NA> RandomForest                     <NA>                   NA             NA          mean      615       <NA>     NA    NA              NA              <NA>                 NA       NA       NA      NA
368 cifar10 1585146     20         1 classification  False   none Selection    True LogisticRegression       False       <NA>             NA SelectFromModel -2.7496 newton-cg multinomial NA   <NA>            NA                     <NA>                   NA           NA      <NA>               NA   <NA>    NA            NA       NA       <NA>          NA    <NA>            NA               NA      NA   <NA>       <NA>          <NA>    <NA>             <NA>                   <NA> RandomForest                     <NA>                   NA             NA          mean      287       <NA>     NA    NA              NA              <NA>                 NA       NA       NA      NA
361 cifar10 1585146     20         1 classification  False   none Selection    True LogisticRegression       False       <NA>             NA SelectFromModel -3.0109 newton-cg multinomial NA   <NA>            NA                     <NA>                   NA           NA      <NA>               NA   <NA>    NA            NA       NA       <NA>          NA    <NA>            NA               NA      NA   <NA>       <NA>          <NA>    <NA>             <NA>                   <NA> RandomForest                     <NA>                   NA             NA          mean      688       <NA>     NA    NA              NA              <NA>                 NA       NA       NA      NA
# 2020-08-15 21:39:05 BRT: Stopped because there is not enough budget left to race more than the minimum (7)
# You may either increase the budget or set 'minNbSurvival' to a lower value
# Iteration: 12
# nbIterations: 12
# experimentsUsedSoFar: 1985
# timeUsed: 0
# remainingBudget: 15
# currentBudget: 15
# number of elites: 7
# nbConfigurations: 7
# Best configurations (first number is the configuration ID; listed from best to worst according to the sum of ranks):
    dataset  job_id cutoff metafolds           task sparse f_eng1    f_eng2 scaling          algorithm pre_scaling extraction ext_components       selection    lr_C lr_solver multi_class  C kernel rf_estimators criterion_classification criterion_regression max_features max_depth min_samples_leaf solver alpha hidden_layers neurons1 activation n_neighbors weights ab_estimators ab_learning_rate ab_loss whiten svd_solver ica_algorithm ica_fun dl_fit_algorithm dl_transform_algorithm    sel_model sel_score_classification sel_score_regression sel_percentile sel_threshold max_iter lr_penalty degree gamma max_depth_value mlp_learning_rate learning_rate_init neurons2 neurons3 lr_dual
289 cifar10 1585146     20         1 classification  False   none Selection    True LogisticRegression       False       <NA>             NA SelectFromModel -2.8555 newton-cg multinomial NA   <NA>            NA                     <NA>                   NA           NA      <NA>               NA   <NA>    NA            NA       NA       <NA>          NA    <NA>            NA               NA      NA   <NA>       <NA>          <NA>    <NA>             <NA>                   <NA> RandomForest                     <NA>                   NA             NA          mean      818       <NA>     NA    NA              NA              <NA>                 NA       NA       NA      NA
315 cifar10 1585146     20         1 classification  False   none Selection    True LogisticRegression       False       <NA>             NA SelectFromModel -2.8869 newton-cg multinomial NA   <NA>            NA                     <NA>                   NA           NA      <NA>               NA   <NA>    NA            NA       NA       <NA>          NA    <NA>            NA               NA      NA   <NA>       <NA>          <NA>    <NA>             <NA>                   <NA> RandomForest                     <NA>                   NA             NA          mean      822       <NA>     NA    NA              NA              <NA>                 NA       NA       NA      NA
316 cifar10 1585146     20         1 classification  False   none Selection    True LogisticRegression       False       <NA>             NA SelectFromModel -3.1980 newton-cg multinomial NA   <NA>            NA                     <NA>                   NA           NA      <NA>               NA   <NA>    NA            NA       NA       <NA>          NA    <NA>            NA               NA      NA   <NA>       <NA>          <NA>    <NA>             <NA>                   <NA> RandomForest                     <NA>                   NA             NA          mean      215       <NA>     NA    NA              NA              <NA>                 NA       NA       NA      NA
252 cifar10 1585146     20         1 classification  False   none Selection    True LogisticRegression       False       <NA>             NA SelectFromModel -3.2135 newton-cg multinomial NA   <NA>            NA                     <NA>                   NA           NA      <NA>               NA   <NA>    NA            NA       NA       <NA>          NA    <NA>            NA               NA      NA   <NA>       <NA>          <NA>    <NA>             <NA>                   <NA> RandomForest                     <NA>                   NA             NA          mean      347       <NA>     NA    NA              NA              <NA>                 NA       NA       NA      NA
351 cifar10 1585146     20         1 classification  False   none Selection    True LogisticRegression       False       <NA>             NA SelectFromModel -3.0647 newton-cg multinomial NA   <NA>            NA                     <NA>                   NA           NA      <NA>               NA   <NA>    NA            NA       NA       <NA>          NA    <NA>            NA               NA      NA   <NA>       <NA>          <NA>    <NA>             <NA>                   <NA> RandomForest                     <NA>                   NA             NA          mean      615       <NA>     NA    NA              NA              <NA>                 NA       NA       NA      NA
368 cifar10 1585146     20         1 classification  False   none Selection    True LogisticRegression       False       <NA>             NA SelectFromModel -2.7496 newton-cg multinomial NA   <NA>            NA                     <NA>                   NA           NA      <NA>               NA   <NA>    NA            NA       NA       <NA>          NA    <NA>            NA               NA      NA   <NA>       <NA>          <NA>    <NA>             <NA>                   <NA> RandomForest                     <NA>                   NA             NA          mean      287       <NA>     NA    NA              NA              <NA>                 NA       NA       NA      NA
361 cifar10 1585146     20         1 classification  False   none Selection    True LogisticRegression       False       <NA>             NA SelectFromModel -3.0109 newton-cg multinomial NA   <NA>            NA                     <NA>                   NA           NA      <NA>               NA   <NA>    NA            NA       NA       <NA>          NA    <NA>            NA               NA      NA   <NA>       <NA>          <NA>    <NA>             <NA>                   <NA> RandomForest                     <NA>                   NA             NA          mean      688       <NA>     NA    NA              NA              <NA>                 NA       NA       NA      NA
# Best configurations as commandlines (first number is the configuration ID; same order as above):
289  --dataset cifar10 --job_id 1585146 --cutoff 20 --metafolds 1 --task classification --sparse False --f_eng1 none --f_eng2 Selection --pre_scaling False --selection SelectFromModel --sel_model RandomForest --sel_threshold mean --scaling True --algorithm LogisticRegression --lr_C -2.8555 --lr_solver newton-cg --multi_class multinomial --max_iter 818
315  --dataset cifar10 --job_id 1585146 --cutoff 20 --metafolds 1 --task classification --sparse False --f_eng1 none --f_eng2 Selection --pre_scaling False --selection SelectFromModel --sel_model RandomForest --sel_threshold mean --scaling True --algorithm LogisticRegression --lr_C -2.8869 --lr_solver newton-cg --multi_class multinomial --max_iter 822
316  --dataset cifar10 --job_id 1585146 --cutoff 20 --metafolds 1 --task classification --sparse False --f_eng1 none --f_eng2 Selection --pre_scaling False --selection SelectFromModel --sel_model RandomForest --sel_threshold mean --scaling True --algorithm LogisticRegression --lr_C -3.198 --lr_solver newton-cg --multi_class multinomial --max_iter 215
252  --dataset cifar10 --job_id 1585146 --cutoff 20 --metafolds 1 --task classification --sparse False --f_eng1 none --f_eng2 Selection --pre_scaling False --selection SelectFromModel --sel_model RandomForest --sel_threshold mean --scaling True --algorithm LogisticRegression --lr_C -3.2135 --lr_solver newton-cg --multi_class multinomial --max_iter 347
351  --dataset cifar10 --job_id 1585146 --cutoff 20 --metafolds 1 --task classification --sparse False --f_eng1 none --f_eng2 Selection --pre_scaling False --selection SelectFromModel --sel_model RandomForest --sel_threshold mean --scaling True --algorithm LogisticRegression --lr_C -3.0647 --lr_solver newton-cg --multi_class multinomial --max_iter 615
368  --dataset cifar10 --job_id 1585146 --cutoff 20 --metafolds 1 --task classification --sparse False --f_eng1 none --f_eng2 Selection --pre_scaling False --selection SelectFromModel --sel_model RandomForest --sel_threshold mean --scaling True --algorithm LogisticRegression --lr_C -2.7496 --lr_solver newton-cg --multi_class multinomial --max_iter 287
361  --dataset cifar10 --job_id 1585146 --cutoff 20 --metafolds 1 --task classification --sparse False --f_eng1 none --f_eng2 Selection --pre_scaling False --selection SelectFromModel --sel_model RandomForest --sel_threshold mean --scaling True --algorithm LogisticRegression --lr_C -3.0109 --lr_solver newton-cg --multi_class multinomial --max_iter 688
