*******************************************************************************
* irace: An implementation in R of Iterated Race
* Version: 3.1.2112M
* Copyright (C) 2010-2018
* Manuel Lopez-Ibanez     <manuel.lopez-ibanez@manchester.ac.uk>
* Jeremie Dubois-Lacoste  
* Leslie Perez Caceres    <leslie.perez.caceres@ulb.ac.be>
*
* This is free software, and you are welcome to redistribute it under certain
* conditions.  See the GNU General Public License for details. There is NO
* WARRANTY; not even for MERCHANTABILITY or FITNESS FOR A PARTICULAR PURPOSE.
*
* irace builds upon previous code from the race package:
*
* race: Racing methods for the selection of the best
* Copyright (C) 2003 Mauro Birattari
*******************************************************************************
# installed at: /home/cemvieira/bin/R/irace
# called with: -s scenario.txt --max-experiments 2000 -p ./cifar10/parameters-1585137.txt --parallel 32 --train-instances-file cifar10/new-instances.txt --log-file ./output/cifar10/cifar10-1f2k10m-irace-1585137.Rdata
# 8 expression(s) specifying forbidden configurations read from '/home/cemvieira/isklearn/forbidden.txt'
# 2020-08-14 22:29:05 BRT: Initialization
# Elitist race
# Elitist new instances: 1
# Elitist limit: 2
# nbIterations: 7
# minNbSurvival: 7
# nbParameters: 50
# seed: 2054641610
# confidence level: 0.95
# budget: 2000
# mu: 5
# deterministic: TRUE

# 2020-08-14 22:29:05 BRT: Iteration 1 of 7
# experimentsUsedSoFar: 0
# remainingBudget: 2000
# currentBudget: 285
# nbConfigurations: 47
  Markers:
     x No test is performed.
     - The test is performed and some configurations are discarded.
     = The test is performed but no configuration is discarded.
     ! The test is performed and configurations could be discarded but elite configurations are preserved.
     . All alive configurations are elite and nothing is discarded

+-+-----------+-----------+-----------+---------------+-----------+--------+-----+----+------+
| |   Instance|      Alive|       Best|      Mean best| Exp so far|  W time|  rho|KenW|  Qvar|
+-+-----------+-----------+-----------+---------------+-----------+--------+-----+----+------+
|x|          1|         47|         47|  -0.2704000000|         47|00:20:00|   NA|  NA|    NA|
|x|          2|         47|         47|  -0.2714000000|         94|00:20:00|+1.00|1.00|0.0000|
|x|          3|         47|         47|  -0.2674666667|        141|00:20:01|+1.00|1.00|0.0000|
|x|          4|         47|         47|  -0.2688000000|        188|00:20:00|+1.00|1.00|0.0000|
|!|          5|          1|         47|  -0.2687200000|        235|00:20:00|   NA|  NA|    NA|
+-+-----------+-----------+-----------+---------------+-----------+--------+-----+----+------+
Best-so-far configuration:          47    mean value:   -0.2687200000
Description of the best-so-far configuration:
   .ID. dataset  job_id cutoff metafolds           task sparse f_eng1    f_eng2 scaling algorithm pre_scaling extraction ext_components       selection lr_C lr_solver multi_class       C kernel rf_estimators criterion_classification criterion_regression max_features max_depth min_samples_leaf solver alpha hidden_layers neurons1 activation n_neighbors weights ab_estimators ab_learning_rate ab_loss whiten svd_solver ica_algorithm ica_fun dl_fit_algorithm dl_transform_algorithm    sel_model sel_score_classification sel_score_regression sel_percentile sel_threshold max_iter lr_penalty degree   gamma max_depth_value mlp_learning_rate learning_rate_init neurons2 neurons3 lr_dual .PARENT.
47   47 cifar10 1585137     10         1 classification  False   none Selection   False       SVM        True       <NA>             NA SelectFromModel   NA      <NA>        <NA> -3.9929    rbf            NA                     <NA>                   NA           NA      <NA>               NA   <NA>    NA            NA       NA       <NA>          NA    <NA>            NA               NA      NA   <NA>       <NA>          <NA>    <NA>             <NA>                   <NA> DecisionTree                     <NA>                   NA             NA          mean       NA       <NA>     NA -3.6997              NA              <NA>                 NA       NA       NA    <NA>       NA

# 2020-08-15 00:09:10 BRT: Elite configurations (first number is the configuration ID; listed from best to worst according to the sum of ranks):
   dataset  job_id cutoff metafolds           task sparse f_eng1    f_eng2 scaling algorithm pre_scaling extraction ext_components       selection lr_C lr_solver multi_class       C kernel rf_estimators criterion_classification criterion_regression max_features max_depth min_samples_leaf solver alpha hidden_layers neurons1 activation n_neighbors weights ab_estimators ab_learning_rate ab_loss whiten svd_solver ica_algorithm ica_fun dl_fit_algorithm dl_transform_algorithm    sel_model sel_score_classification sel_score_regression sel_percentile sel_threshold max_iter lr_penalty degree   gamma max_depth_value mlp_learning_rate learning_rate_init neurons2 neurons3 lr_dual
47 cifar10 1585137     10         1 classification  False   none Selection   False       SVM        True       <NA>             NA SelectFromModel   NA      <NA>        <NA> -3.9929    rbf            NA                     <NA>                   NA           NA      <NA>               NA   <NA>    NA            NA       NA       <NA>          NA    <NA>            NA               NA      NA   <NA>       <NA>          <NA>    <NA>             <NA>                   <NA> DecisionTree                     <NA>                   NA             NA          mean       NA       <NA>     NA -3.6997              NA              <NA>                 NA       NA       NA    <NA>
# 2020-08-15 00:09:10 BRT: Iteration 2 of 7
# experimentsUsedSoFar: 235
# remainingBudget: 1765
# currentBudget: 294
# nbConfigurations: 42
  Markers:
     x No test is performed.
     - The test is performed and some configurations are discarded.
     = The test is performed but no configuration is discarded.
     ! The test is performed and configurations could be discarded but elite configurations are preserved.
     . All alive configurations are elite and nothing is discarded

+-+-----------+-----------+-----------+---------------+-----------+--------+-----+----+------+
| |   Instance|      Alive|       Best|      Mean best| Exp so far|  W time|  rho|KenW|  Qvar|
+-+-----------+-----------+-----------+---------------+-----------+--------+-----+----+------+
|x|          6|         42|         80|  -0.3172000000|         42|00:20:00|   NA|  NA|    NA|
|x|          1|         42|         80|  -0.3208000000|         83|00:20:00|+0.90|0.95|0.0762|
|x|          3|         42|         80|  -0.3173333333|        124|00:20:01|+0.94|0.96|0.0508|
|x|          2|         42|         80|  -0.3148000000|        165|00:20:00|+0.95|0.96|0.0381|
|!|          5|          3|         80|  -0.3156800000|        206|00:20:00|+0.70|0.76|0.1819|
+-+-----------+-----------+-----------+---------------+-----------+--------+-----+----+------+
Best-so-far configuration:          47    mean value:     715827882.4
Description of the best-so-far configuration:
   .ID. dataset  job_id cutoff metafolds           task sparse f_eng1    f_eng2 scaling algorithm pre_scaling extraction ext_components       selection lr_C lr_solver multi_class       C kernel rf_estimators criterion_classification criterion_regression max_features max_depth min_samples_leaf solver alpha hidden_layers neurons1 activation n_neighbors weights ab_estimators ab_learning_rate ab_loss whiten svd_solver ica_algorithm ica_fun dl_fit_algorithm dl_transform_algorithm    sel_model sel_score_classification sel_score_regression sel_percentile sel_threshold max_iter lr_penalty degree   gamma max_depth_value mlp_learning_rate learning_rate_init neurons2 neurons3 lr_dual .PARENT.
47   47 cifar10 1585137     10         1 classification  False   none Selection   False       SVM        True       <NA>             NA SelectFromModel   NA      <NA>        <NA> -3.9929    rbf            NA                     <NA>                   NA           NA      <NA>               NA   <NA>    NA            NA       NA       <NA>          NA    <NA>            NA               NA      NA   <NA>       <NA>          <NA>    <NA>             <NA>                   <NA> DecisionTree                     <NA>                   NA             NA          mean       NA       <NA>     NA -3.6997              NA              <NA>                 NA       NA       NA    <NA>       NA

# 2020-08-15 01:49:16 BRT: Elite configurations (first number is the configuration ID; listed from best to worst according to the sum of ranks):
   dataset  job_id cutoff metafolds           task sparse     f_eng1    f_eng2 scaling  algorithm pre_scaling extraction ext_components        selection lr_C lr_solver multi_class       C kernel rf_estimators criterion_classification criterion_regression max_features max_depth min_samples_leaf solver  alpha hidden_layers neurons1 activation n_neighbors  weights ab_estimators ab_learning_rate ab_loss whiten svd_solver ica_algorithm ica_fun dl_fit_algorithm dl_transform_algorithm    sel_model sel_score_classification sel_score_regression sel_percentile sel_threshold max_iter lr_penalty degree   gamma max_depth_value mlp_learning_rate learning_rate_init neurons2 neurons3 lr_dual
47 cifar10 1585137     10         1 classification  False       none Selection   False        SVM        True       <NA>             NA  SelectFromModel   NA      <NA>        <NA> -3.9929    rbf            NA                     <NA>                   NA           NA      <NA>               NA   <NA>     NA            NA       NA       <NA>          NA     <NA>            NA               NA      NA   <NA>       <NA>          <NA>    <NA>             <NA>                   <NA> DecisionTree                     <NA>                   NA             NA          mean       NA       <NA>     NA -3.6997              NA              <NA>                 NA       NA       NA    <NA>
80 cifar10 1585137     10         1 classification  False Extraction      none    True        MLP       False        PCA         0.0653             <NA>   NA      <NA>        <NA>      NA   <NA>            NA                     <NA>                   NA           NA      <NA>               NA    sgd -1.746             1      437       relu          NA     <NA>            NA               NA      NA  False       auto          <NA>    <NA>             <NA>                   <NA>         <NA>                     <NA>                   NA             NA          <NA>       NA       <NA>     NA      NA              NA          adaptive            -2.6095       NA       NA    <NA>
63 cifar10 1585137     10         1 classification  False  Selection      none   False KNeighbors        True       <NA>             NA SelectPercentile   NA      <NA>        <NA>      NA   <NA>            NA                     <NA>                   NA           NA      <NA>               NA   <NA>     NA            NA       NA       <NA>           8 distance            NA               NA      NA   <NA>       <NA>          <NA>    <NA>             <NA>                   <NA>         <NA>                f_classif                   NA             86          <NA>       NA       <NA>     NA      NA              NA              <NA>                 NA       NA       NA    <NA>
# 2020-08-15 01:49:16 BRT: Iteration 3 of 7
# experimentsUsedSoFar: 441
# remainingBudget: 1559
# currentBudget: 311
# nbConfigurations: 41
  Markers:
     x No test is performed.
     - The test is performed and some configurations are discarded.
     = The test is performed but no configuration is discarded.
     ! The test is performed and configurations could be discarded but elite configurations are preserved.
     . All alive configurations are elite and nothing is discarded

+-+-----------+-----------+-----------+---------------+-----------+--------+-----+----+------+
| |   Instance|      Alive|       Best|      Mean best| Exp so far|  W time|  rho|KenW|  Qvar|
+-+-----------+-----------+-----------+---------------+-----------+--------+-----+----+------+
|x|          7|         41|        103|  -0.2488000000|         41|00:20:00|   NA|  NA|    NA|
|x|          6|         41|        103|  -0.2386000000|         79|00:20:00|+0.62|0.81|0.3037|
|x|          1|         41|        103|  -0.2377333333|        117|00:20:01|+0.56|0.70|0.4166|
|x|          2|         41|        103|  -0.2386000000|        155|00:20:00|+0.63|0.72|0.3660|
|!|          3|          4|        103|  -0.2383200000|        193|00:20:07|+0.24|0.39|0.6405|
+-+-----------+-----------+-----------+---------------+-----------+--------+-----+----+------+
Best-so-far configuration:          47    mean value:     1227133513.
Description of the best-so-far configuration:
   .ID. dataset  job_id cutoff metafolds           task sparse f_eng1    f_eng2 scaling algorithm pre_scaling extraction ext_components       selection lr_C lr_solver multi_class       C kernel rf_estimators criterion_classification criterion_regression max_features max_depth min_samples_leaf solver alpha hidden_layers neurons1 activation n_neighbors weights ab_estimators ab_learning_rate ab_loss whiten svd_solver ica_algorithm ica_fun dl_fit_algorithm dl_transform_algorithm    sel_model sel_score_classification sel_score_regression sel_percentile sel_threshold max_iter lr_penalty degree   gamma max_depth_value mlp_learning_rate learning_rate_init neurons2 neurons3 lr_dual .PARENT.
47   47 cifar10 1585137     10         1 classification  False   none Selection   False       SVM        True       <NA>             NA SelectFromModel   NA      <NA>        <NA> -3.9929    rbf            NA                     <NA>                   NA           NA      <NA>               NA   <NA>    NA            NA       NA       <NA>          NA    <NA>            NA               NA      NA   <NA>       <NA>          <NA>    <NA>             <NA>                   <NA> DecisionTree                     <NA>                   NA             NA          mean       NA       <NA>     NA -3.6997              NA              <NA>                 NA       NA       NA    <NA>       NA

# 2020-08-15 03:29:29 BRT: Elite configurations (first number is the configuration ID; listed from best to worst according to the sum of ranks):
    dataset  job_id cutoff metafolds           task sparse     f_eng1    f_eng2 scaling  algorithm pre_scaling extraction ext_components        selection lr_C lr_solver multi_class       C kernel rf_estimators criterion_classification criterion_regression max_features max_depth min_samples_leaf solver   alpha hidden_layers neurons1 activation n_neighbors  weights ab_estimators ab_learning_rate ab_loss whiten svd_solver ica_algorithm ica_fun dl_fit_algorithm dl_transform_algorithm    sel_model sel_score_classification sel_score_regression sel_percentile sel_threshold max_iter lr_penalty degree   gamma max_depth_value mlp_learning_rate learning_rate_init neurons2 neurons3 lr_dual
47  cifar10 1585137     10         1 classification  False       none Selection   False        SVM        True       <NA>             NA  SelectFromModel   NA      <NA>        <NA> -3.9929    rbf            NA                     <NA>                   NA           NA      <NA>               NA   <NA>      NA            NA       NA       <NA>          NA     <NA>            NA               NA      NA   <NA>       <NA>          <NA>    <NA>             <NA>                   <NA> DecisionTree                     <NA>                   NA             NA          mean       NA       <NA>     NA -3.6997              NA              <NA>                 NA       NA       NA    <NA>
80  cifar10 1585137     10         1 classification  False Extraction      none    True        MLP       False        PCA         0.0653             <NA>   NA      <NA>        <NA>      NA   <NA>            NA                     <NA>                   NA           NA      <NA>               NA    sgd -1.7460             1      437       relu          NA     <NA>            NA               NA      NA  False       auto          <NA>    <NA>             <NA>                   <NA>         <NA>                     <NA>                   NA             NA          <NA>       NA       <NA>     NA      NA              NA          adaptive            -2.6095       NA       NA    <NA>
63  cifar10 1585137     10         1 classification  False  Selection      none   False KNeighbors        True       <NA>             NA SelectPercentile   NA      <NA>        <NA>      NA   <NA>            NA                     <NA>                   NA           NA      <NA>               NA   <NA>      NA            NA       NA       <NA>           8 distance            NA               NA      NA   <NA>       <NA>          <NA>    <NA>             <NA>                   <NA>         <NA>                f_classif                   NA             86          <NA>       NA       <NA>     NA      NA              NA              <NA>                 NA       NA       NA    <NA>
103 cifar10 1585137     10         1 classification  False Extraction      none   False        MLP       False        PCA         0.0636             <NA>   NA      <NA>        <NA>      NA   <NA>            NA                     <NA>                   NA           NA      <NA>               NA  lbfgs  1.1921             1      496   identity          NA     <NA>            NA               NA      NA  False randomized          <NA>    <NA>             <NA>                   <NA>         <NA>                     <NA>                   NA             NA          <NA>       NA       <NA>     NA      NA              NA              <NA>                 NA       NA       NA    <NA>
# 2020-08-15 03:29:29 BRT: Iteration 4 of 7
# experimentsUsedSoFar: 634
# remainingBudget: 1366
# currentBudget: 341
# nbConfigurations: 41
  Markers:
     x No test is performed.
     - The test is performed and some configurations are discarded.
     = The test is performed but no configuration is discarded.
     ! The test is performed and configurations could be discarded but elite configurations are preserved.
     . All alive configurations are elite and nothing is discarded

+-+-----------+-----------+-----------+---------------+-----------+--------+-----+----+------+
| |   Instance|      Alive|       Best|      Mean best| Exp so far|  W time|  rho|KenW|  Qvar|
+-+-----------+-----------+-----------+---------------+-----------+--------+-----+----+------+
|x|          8|         41|        161|  -0.3048000000|         41|00:20:00|   NA|  NA|    NA|
|x|          6|         41|        161|  -0.2950000000|         78|00:16:47|+0.77|0.88|0.1962|
|x|          2|         41|        161|  -0.2933333333|        115|00:17:29|+0.80|0.87|0.1671|
|x|          4|         41|        161|  -0.3000000000|        155|00:20:01|+0.79|0.85|0.1716|
|!|          7|          7|        161|  -0.2996800000|        192|00:16:52|+0.18|0.34|0.7145|
+-+-----------+-----------+-----------+---------------+-----------+--------+-----+----+------+
Best-so-far configuration:          80    mean value:     1610612736.
Description of the best-so-far configuration:
   .ID. dataset  job_id cutoff metafolds           task sparse     f_eng1 f_eng2 scaling algorithm pre_scaling extraction ext_components selection lr_C lr_solver multi_class  C kernel rf_estimators criterion_classification criterion_regression max_features max_depth min_samples_leaf solver  alpha hidden_layers neurons1 activation n_neighbors weights ab_estimators ab_learning_rate ab_loss whiten svd_solver ica_algorithm ica_fun dl_fit_algorithm dl_transform_algorithm sel_model sel_score_classification sel_score_regression sel_percentile sel_threshold max_iter lr_penalty degree gamma max_depth_value mlp_learning_rate learning_rate_init neurons2 neurons3 lr_dual .PARENT.
80   80 cifar10 1585137     10         1 classification  False Extraction   none    True       MLP       False        PCA         0.0653      <NA>   NA      <NA>        <NA> NA   <NA>            NA                     <NA>                   NA           NA      <NA>               NA    sgd -1.746             1      437       relu          NA    <NA>            NA               NA      NA  False       auto          <NA>    <NA>             <NA>                   <NA>      <NA>                     <NA>                   NA             NA          <NA>       NA       <NA>     NA    NA              NA          adaptive            -2.6095       NA       NA    <NA>       47

# 2020-08-15 05:00:41 BRT: Elite configurations (first number is the configuration ID; listed from best to worst according to the sum of ranks):
    dataset  job_id cutoff metafolds           task sparse     f_eng1    f_eng2 scaling  algorithm pre_scaling extraction ext_components        selection lr_C lr_solver multi_class       C kernel rf_estimators criterion_classification criterion_regression max_features max_depth min_samples_leaf solver   alpha hidden_layers neurons1 activation n_neighbors  weights ab_estimators ab_learning_rate ab_loss whiten svd_solver ica_algorithm ica_fun dl_fit_algorithm dl_transform_algorithm    sel_model sel_score_classification sel_score_regression sel_percentile sel_threshold max_iter lr_penalty degree   gamma max_depth_value mlp_learning_rate learning_rate_init neurons2 neurons3 lr_dual
80  cifar10 1585137     10         1 classification  False Extraction      none    True        MLP       False        PCA         0.0653             <NA>   NA      <NA>        <NA>      NA   <NA>            NA                     <NA>                   NA           NA      <NA>               NA    sgd -1.7460             1      437       relu          NA     <NA>            NA               NA      NA  False       auto          <NA>    <NA>             <NA>                   <NA>         <NA>                     <NA>                   NA             NA          <NA>       NA       <NA>     NA      NA              NA          adaptive            -2.6095       NA       NA    <NA>
47  cifar10 1585137     10         1 classification  False       none Selection   False        SVM        True       <NA>             NA  SelectFromModel   NA      <NA>        <NA> -3.9929    rbf            NA                     <NA>                   NA           NA      <NA>               NA   <NA>      NA            NA       NA       <NA>          NA     <NA>            NA               NA      NA   <NA>       <NA>          <NA>    <NA>             <NA>                   <NA> DecisionTree                     <NA>                   NA             NA          mean       NA       <NA>     NA -3.6997              NA              <NA>                 NA       NA       NA    <NA>
63  cifar10 1585137     10         1 classification  False  Selection      none   False KNeighbors        True       <NA>             NA SelectPercentile   NA      <NA>        <NA>      NA   <NA>            NA                     <NA>                   NA           NA      <NA>               NA   <NA>      NA            NA       NA       <NA>           8 distance            NA               NA      NA   <NA>       <NA>          <NA>    <NA>             <NA>                   <NA>         <NA>                f_classif                   NA             86          <NA>       NA       <NA>     NA      NA              NA              <NA>                 NA       NA       NA    <NA>
103 cifar10 1585137     10         1 classification  False Extraction      none   False        MLP       False        PCA         0.0636             <NA>   NA      <NA>        <NA>      NA   <NA>            NA                     <NA>                   NA           NA      <NA>               NA  lbfgs  1.1921             1      496   identity          NA     <NA>            NA               NA      NA  False randomized          <NA>    <NA>             <NA>                   <NA>         <NA>                     <NA>                   NA             NA          <NA>       NA       <NA>     NA      NA              NA              <NA>                 NA       NA       NA    <NA>
161 cifar10 1585137     10         1 classification  False Extraction      none   False        MLP        True        PCA         0.1793             <NA>   NA      <NA>        <NA>      NA   <NA>            NA                     <NA>                   NA           NA      <NA>               NA  lbfgs  2.5110             1      311   identity          NA     <NA>            NA               NA      NA  False randomized          <NA>    <NA>             <NA>                   <NA>         <NA>                     <NA>                   NA             NA          <NA>       NA       <NA>     NA      NA              NA              <NA>                 NA       NA       NA    <NA>
128 cifar10 1585137     10         1 classification  False       none Selection   False KNeighbors        True       <NA>             NA  SelectFromModel   NA      <NA>        <NA>      NA   <NA>            NA                     <NA>                   NA           NA      <NA>               NA   <NA>      NA            NA       NA       <NA>          32 distance            NA               NA      NA   <NA>       <NA>          <NA>    <NA>             <NA>                   <NA> RandomForest                     <NA>                   NA             NA          mean       NA       <NA>     NA      NA              NA              <NA>                 NA       NA       NA    <NA>
163 cifar10 1585137     10         1 classification  False  Selection      none   False        SVM        True       <NA>             NA SelectPercentile   NA      <NA>        <NA> -3.8370   poly            NA                     <NA>                   NA           NA      <NA>               NA   <NA>      NA            NA       NA       <NA>          NA     <NA>            NA               NA      NA   <NA>       <NA>          <NA>    <NA>             <NA>                   <NA>         <NA>                f_classif                   NA             36          <NA>       NA       <NA>      1 -4.1369              NA              <NA>                 NA       NA       NA    <NA>
# 2020-08-15 05:00:41 BRT: Iteration 5 of 7
# experimentsUsedSoFar: 826
# remainingBudget: 1174
# currentBudget: 391
# nbConfigurations: 44
  Markers:
     x No test is performed.
     - The test is performed and some configurations are discarded.
     = The test is performed but no configuration is discarded.
     ! The test is performed and configurations could be discarded but elite configurations are preserved.
     . All alive configurations are elite and nothing is discarded

+-+-----------+-----------+-----------+---------------+-----------+--------+-----+----+------+
| |   Instance|      Alive|       Best|      Mean best| Exp so far|  W time|  rho|KenW|  Qvar|
+-+-----------+-----------+-----------+---------------+-----------+--------+-----+----+------+
|x|          9|         44|        161|  -0.3260000000|         44|00:17:43|   NA|  NA|    NA|
|x|          6|         44|        197|  -0.3038000000|         81|00:13:37|+0.67|0.84|0.2652|
|x|          2|         44|        197|  -0.3018666667|        118|00:13:29|+0.74|0.83|0.2044|
|x|          3|         44|        197|  -0.2969000000|        158|00:15:58|+0.73|0.79|0.2057|
|!|          1|         12|        197|  -0.2987200000|        198|00:15:50|+0.48|0.58|0.7974|
|!|          5|          9|        197|  -0.2977333333|        207|00:01:33|+0.52|0.60|0.7274|
|-|          8|          9|        197|  -0.2965142857|        209|00:01:08|+0.42|0.50|0.7825|
|-|          7|          9|        197|  -0.2958500000|        211|00:01:08|+0.38|0.46|0.7840|
|!|          4|          4|        197|  -0.2976444444|        213|00:01:07|-0.04|0.07|0.7365|
+-+-----------+-----------+-----------+---------------+-----------+--------+-----+----+------+
Best-so-far configuration:         197    mean value:   -0.2976444444
Description of the best-so-far configuration:
    .ID. dataset  job_id cutoff metafolds           task sparse f_eng1    f_eng2 scaling algorithm pre_scaling extraction ext_components       selection lr_C lr_solver multi_class       C kernel rf_estimators criterion_classification criterion_regression max_features max_depth min_samples_leaf solver alpha hidden_layers neurons1 activation n_neighbors weights ab_estimators ab_learning_rate ab_loss whiten svd_solver ica_algorithm ica_fun dl_fit_algorithm dl_transform_algorithm    sel_model sel_score_classification sel_score_regression sel_percentile sel_threshold max_iter lr_penalty degree   gamma max_depth_value mlp_learning_rate learning_rate_init neurons2 neurons3 lr_dual .PARENT.
197  197 cifar10 1585137     10         1 classification  False   none Selection   False       SVM        True       <NA>             NA SelectFromModel   NA      <NA>        <NA> -2.1473    rbf            NA                     <NA>                   NA           NA      <NA>               NA   <NA>    NA            NA       NA       <NA>          NA    <NA>            NA               NA      NA   <NA>       <NA>          <NA>    <NA>             <NA>                   <NA> DecisionTree                     <NA>                   NA             NA          mean       NA       <NA>     NA -2.8927              NA              <NA>                 NA       NA       NA    <NA>       47

# 2020-08-15 06:22:22 BRT: Elite configurations (first number is the configuration ID; listed from best to worst according to the sum of ranks):
    dataset  job_id cutoff metafolds           task sparse     f_eng1    f_eng2 scaling algorithm pre_scaling extraction ext_components        selection lr_C lr_solver multi_class       C kernel rf_estimators criterion_classification criterion_regression max_features max_depth min_samples_leaf solver  alpha hidden_layers neurons1 activation n_neighbors weights ab_estimators ab_learning_rate ab_loss whiten svd_solver ica_algorithm ica_fun dl_fit_algorithm dl_transform_algorithm    sel_model sel_score_classification sel_score_regression sel_percentile sel_threshold max_iter lr_penalty degree   gamma max_depth_value mlp_learning_rate learning_rate_init neurons2 neurons3 lr_dual
197 cifar10 1585137     10         1 classification  False       none Selection   False       SVM        True       <NA>             NA  SelectFromModel   NA      <NA>        <NA> -2.1473    rbf            NA                     <NA>                   NA           NA      <NA>               NA   <NA>     NA            NA       NA       <NA>          NA    <NA>            NA               NA      NA   <NA>       <NA>          <NA>    <NA>             <NA>                   <NA> DecisionTree                     <NA>                   NA             NA          mean       NA       <NA>     NA -2.8927              NA              <NA>                 NA       NA       NA    <NA>
80  cifar10 1585137     10         1 classification  False Extraction      none    True       MLP       False        PCA         0.0653             <NA>   NA      <NA>        <NA>      NA   <NA>            NA                     <NA>                   NA           NA      <NA>               NA    sgd -1.746             1      437       relu          NA    <NA>            NA               NA      NA  False       auto          <NA>    <NA>             <NA>                   <NA>         <NA>                     <NA>                   NA             NA          <NA>       NA       <NA>     NA      NA              NA          adaptive            -2.6095       NA       NA    <NA>
161 cifar10 1585137     10         1 classification  False Extraction      none   False       MLP        True        PCA         0.1793             <NA>   NA      <NA>        <NA>      NA   <NA>            NA                     <NA>                   NA           NA      <NA>               NA  lbfgs  2.511             1      311   identity          NA    <NA>            NA               NA      NA  False randomized          <NA>    <NA>             <NA>                   <NA>         <NA>                     <NA>                   NA             NA          <NA>       NA       <NA>     NA      NA              NA              <NA>                 NA       NA       NA    <NA>
198 cifar10 1585137     10         1 classification  False  Selection      none   False       SVM        True       <NA>             NA SelectPercentile   NA      <NA>        <NA> -2.7641 linear            NA                     <NA>                   NA           NA      <NA>               NA   <NA>     NA            NA       NA       <NA>          NA    <NA>            NA               NA      NA   <NA>       <NA>          <NA>    <NA>             <NA>                   <NA>         <NA>                f_classif                   NA             24          <NA>       NA       <NA>     NA      NA              NA              <NA>                 NA       NA       NA    <NA>
# 2020-08-15 06:22:37 BRT: Iteration 6 of 7
# experimentsUsedSoFar: 1039
# remainingBudget: 961
# currentBudget: 480
# nbConfigurations: 51
  Markers:
     x No test is performed.
     - The test is performed and some configurations are discarded.
     = The test is performed but no configuration is discarded.
     ! The test is performed and configurations could be discarded but elite configurations are preserved.
     . All alive configurations are elite and nothing is discarded

+-+-----------+-----------+-----------+---------------+-----------+--------+-----+----+------+
| |   Instance|      Alive|       Best|      Mean best| Exp so far|  W time|  rho|KenW|  Qvar|
+-+-----------+-----------+-----------+---------------+-----------+--------+-----+----+------+
|x|         10|         51|        246|  -0.3796000000|         51|00:20:01|   NA|  NA|    NA|
|x|          7|         51|        246|  -0.3726000000|         98|00:20:01|+0.71|0.86|0.2573|
|x|          5|         51|        246|  -0.3648000000|        145|00:20:01|+0.77|0.85|0.2056|
|x|          8|         51|        246|  -0.3645000000|        192|00:20:00|+0.83|0.87|0.1552|
|!|          2|          6|        246|  -0.3627200000|        239|00:20:01|+0.63|0.71|0.5191|
+-+-----------+-----------+-----------+---------------+-----------+--------+-----+----+------+
Best-so-far configuration:         197    mean value:     429496729.3
Description of the best-so-far configuration:
    .ID. dataset  job_id cutoff metafolds           task sparse f_eng1    f_eng2 scaling algorithm pre_scaling extraction ext_components       selection lr_C lr_solver multi_class       C kernel rf_estimators criterion_classification criterion_regression max_features max_depth min_samples_leaf solver alpha hidden_layers neurons1 activation n_neighbors weights ab_estimators ab_learning_rate ab_loss whiten svd_solver ica_algorithm ica_fun dl_fit_algorithm dl_transform_algorithm    sel_model sel_score_classification sel_score_regression sel_percentile sel_threshold max_iter lr_penalty degree   gamma max_depth_value mlp_learning_rate learning_rate_init neurons2 neurons3 lr_dual .PARENT.
197  197 cifar10 1585137     10         1 classification  False   none Selection   False       SVM        True       <NA>             NA SelectFromModel   NA      <NA>        <NA> -2.1473    rbf            NA                     <NA>                   NA           NA      <NA>               NA   <NA>    NA            NA       NA       <NA>          NA    <NA>            NA               NA      NA   <NA>       <NA>          <NA>    <NA>             <NA>                   <NA> DecisionTree                     <NA>                   NA             NA          mean       NA       <NA>     NA -2.8927              NA              <NA>                 NA       NA       NA    <NA>       47

# 2020-08-15 08:02:45 BRT: Elite configurations (first number is the configuration ID; listed from best to worst according to the sum of ranks):
    dataset  job_id cutoff metafolds           task sparse     f_eng1    f_eng2 scaling algorithm pre_scaling extraction ext_components        selection lr_C lr_solver multi_class       C kernel rf_estimators criterion_classification criterion_regression max_features max_depth min_samples_leaf solver   alpha hidden_layers neurons1 activation n_neighbors weights ab_estimators ab_learning_rate ab_loss whiten svd_solver ica_algorithm ica_fun dl_fit_algorithm dl_transform_algorithm    sel_model sel_score_classification sel_score_regression sel_percentile sel_threshold max_iter lr_penalty degree   gamma max_depth_value mlp_learning_rate learning_rate_init neurons2 neurons3 lr_dual
197 cifar10 1585137     10         1 classification  False       none Selection   False       SVM        True       <NA>             NA  SelectFromModel   NA      <NA>        <NA> -2.1473    rbf            NA                     <NA>                   NA           NA      <NA>               NA   <NA>      NA            NA       NA       <NA>          NA    <NA>            NA               NA      NA   <NA>       <NA>          <NA>    <NA>             <NA>                   <NA> DecisionTree                     <NA>                   NA             NA          mean       NA       <NA>     NA -2.8927              NA              <NA>                 NA       NA       NA    <NA>
80  cifar10 1585137     10         1 classification  False Extraction      none    True       MLP       False        PCA         0.0653             <NA>   NA      <NA>        <NA>      NA   <NA>            NA                     <NA>                   NA           NA      <NA>               NA    sgd -1.7460             1      437       relu          NA    <NA>            NA               NA      NA  False       auto          <NA>    <NA>             <NA>                   <NA>         <NA>                     <NA>                   NA             NA          <NA>       NA       <NA>     NA      NA              NA          adaptive            -2.6095       NA       NA    <NA>
161 cifar10 1585137     10         1 classification  False Extraction      none   False       MLP        True        PCA         0.1793             <NA>   NA      <NA>        <NA>      NA   <NA>            NA                     <NA>                   NA           NA      <NA>               NA  lbfgs  2.5110             1      311   identity          NA    <NA>            NA               NA      NA  False randomized          <NA>    <NA>             <NA>                   <NA>         <NA>                     <NA>                   NA             NA          <NA>       NA       <NA>     NA      NA              NA              <NA>                 NA       NA       NA    <NA>
198 cifar10 1585137     10         1 classification  False  Selection      none   False       SVM        True       <NA>             NA SelectPercentile   NA      <NA>        <NA> -2.7641 linear            NA                     <NA>                   NA           NA      <NA>               NA   <NA>      NA            NA       NA       <NA>          NA    <NA>            NA               NA      NA   <NA>       <NA>          <NA>    <NA>             <NA>                   <NA>         <NA>                f_classif                   NA             24          <NA>       NA       <NA>     NA      NA              NA              <NA>                 NA       NA       NA    <NA>
246 cifar10 1585137     10         1 classification  False Extraction      none    True       MLP       False        PCA         0.0397             <NA>   NA      <NA>        <NA>      NA   <NA>            NA                     <NA>                   NA           NA      <NA>               NA    sgd -0.3580             1      274       relu          NA    <NA>            NA               NA      NA  False       auto          <NA>    <NA>             <NA>                   <NA>         <NA>                     <NA>                   NA             NA          <NA>       NA       <NA>     NA      NA              NA          adaptive            -2.0080       NA       NA    <NA>
209 cifar10 1585137     10         1 classification  False Extraction      none   False       MLP        True        PCA         0.0997             <NA>   NA      <NA>        <NA>      NA   <NA>            NA                     <NA>                   NA           NA      <NA>               NA  lbfgs  2.0522             1       66   identity          NA    <NA>            NA               NA      NA  False randomized          <NA>    <NA>             <NA>                   <NA>         <NA>                     <NA>                   NA             NA          <NA>       NA       <NA>     NA      NA              NA              <NA>                 NA       NA       NA    <NA>
# 2020-08-15 08:02:45 BRT: Iteration 7 of 7
# experimentsUsedSoFar: 1278
# remainingBudget: 722
# currentBudget: 722
# nbConfigurations: 71
  Markers:
     x No test is performed.
     - The test is performed and some configurations are discarded.
     = The test is performed but no configuration is discarded.
     ! The test is performed and configurations could be discarded but elite configurations are preserved.
     . All alive configurations are elite and nothing is discarded

+-+-----------+-----------+-----------+---------------+-----------+--------+-----+----+------+
| |   Instance|      Alive|       Best|      Mean best| Exp so far|  W time|  rho|KenW|  Qvar|
+-+-----------+-----------+-----------+---------------+-----------+--------+-----+----+------+
|x|         11|         71|        209|  -0.3308000000|         71|00:26:09|   NA|  NA|    NA|
|x|          3|         71|        209|  -0.3324000000|        138|00:24:43|+0.67|0.83|0.2983|
|x|         10|         71|        301|  -0.3438666667|        203|00:20:48|+0.64|0.76|0.3312|
|x|          1|         71|        301|  -0.3447000000|        270|00:24:44|+0.70|0.77|0.2821|
|!|          8|         11|        301|  -0.3451200000|        335|00:20:47|+0.34|0.47|0.5823|
|!|          4|          7|        301|  -0.3444000000|        342|00:01:50|+0.45|0.54|0.6549|
+-+-----------+-----------+-----------+---------------+-----------+--------+-----+----+------+
Best-so-far configuration:         197    mean value:     780903144.5
Description of the best-so-far configuration:
    .ID. dataset  job_id cutoff metafolds           task sparse f_eng1    f_eng2 scaling algorithm pre_scaling extraction ext_components       selection lr_C lr_solver multi_class       C kernel rf_estimators criterion_classification criterion_regression max_features max_depth min_samples_leaf solver alpha hidden_layers neurons1 activation n_neighbors weights ab_estimators ab_learning_rate ab_loss whiten svd_solver ica_algorithm ica_fun dl_fit_algorithm dl_transform_algorithm    sel_model sel_score_classification sel_score_regression sel_percentile sel_threshold max_iter lr_penalty degree   gamma max_depth_value mlp_learning_rate learning_rate_init neurons2 neurons3 lr_dual .PARENT.
197  197 cifar10 1585137     10         1 classification  False   none Selection   False       SVM        True       <NA>             NA SelectFromModel   NA      <NA>        <NA> -2.1473    rbf            NA                     <NA>                   NA           NA      <NA>               NA   <NA>    NA            NA       NA       <NA>          NA    <NA>            NA               NA      NA   <NA>       <NA>          <NA>    <NA>             <NA>                   <NA> DecisionTree                     <NA>                   NA             NA          mean       NA       <NA>     NA -2.8927              NA              <NA>                 NA       NA       NA    <NA>       47

# 2020-08-15 10:01:50 BRT: Elite configurations (first number is the configuration ID; listed from best to worst according to the sum of ranks):
    dataset  job_id cutoff metafolds           task sparse     f_eng1    f_eng2 scaling algorithm pre_scaling extraction ext_components        selection lr_C lr_solver multi_class       C kernel rf_estimators criterion_classification criterion_regression max_features max_depth min_samples_leaf solver   alpha hidden_layers neurons1 activation n_neighbors weights ab_estimators ab_learning_rate ab_loss whiten svd_solver ica_algorithm ica_fun dl_fit_algorithm dl_transform_algorithm    sel_model sel_score_classification sel_score_regression sel_percentile sel_threshold max_iter lr_penalty degree   gamma max_depth_value mlp_learning_rate learning_rate_init neurons2 neurons3 lr_dual
197 cifar10 1585137     10         1 classification  False       none Selection   False       SVM        True       <NA>             NA  SelectFromModel   NA      <NA>        <NA> -2.1473    rbf            NA                     <NA>                   NA           NA      <NA>               NA   <NA>      NA            NA       NA       <NA>          NA    <NA>            NA               NA      NA   <NA>       <NA>          <NA>    <NA>             <NA>                   <NA> DecisionTree                     <NA>                   NA             NA          mean       NA       <NA>     NA -2.8927              NA              <NA>                 NA       NA       NA    <NA>
80  cifar10 1585137     10         1 classification  False Extraction      none    True       MLP       False        PCA         0.0653             <NA>   NA      <NA>        <NA>      NA   <NA>            NA                     <NA>                   NA           NA      <NA>               NA    sgd -1.7460             1      437       relu          NA    <NA>            NA               NA      NA  False       auto          <NA>    <NA>             <NA>                   <NA>         <NA>                     <NA>                   NA             NA          <NA>       NA       <NA>     NA      NA              NA          adaptive            -2.6095       NA       NA    <NA>
161 cifar10 1585137     10         1 classification  False Extraction      none   False       MLP        True        PCA         0.1793             <NA>   NA      <NA>        <NA>      NA   <NA>            NA                     <NA>                   NA           NA      <NA>               NA  lbfgs  2.5110             1      311   identity          NA    <NA>            NA               NA      NA  False randomized          <NA>    <NA>             <NA>                   <NA>         <NA>                     <NA>                   NA             NA          <NA>       NA       <NA>     NA      NA              NA              <NA>                 NA       NA       NA    <NA>
198 cifar10 1585137     10         1 classification  False  Selection      none   False       SVM        True       <NA>             NA SelectPercentile   NA      <NA>        <NA> -2.7641 linear            NA                     <NA>                   NA           NA      <NA>               NA   <NA>      NA            NA       NA       <NA>          NA    <NA>            NA               NA      NA   <NA>       <NA>          <NA>    <NA>             <NA>                   <NA>         <NA>                f_classif                   NA             24          <NA>       NA       <NA>     NA      NA              NA              <NA>                 NA       NA       NA    <NA>
246 cifar10 1585137     10         1 classification  False Extraction      none    True       MLP       False        PCA         0.0397             <NA>   NA      <NA>        <NA>      NA   <NA>            NA                     <NA>                   NA           NA      <NA>               NA    sgd -0.3580             1      274       relu          NA    <NA>            NA               NA      NA  False       auto          <NA>    <NA>             <NA>                   <NA>         <NA>                     <NA>                   NA             NA          <NA>       NA       <NA>     NA      NA              NA          adaptive            -2.0080       NA       NA    <NA>
209 cifar10 1585137     10         1 classification  False Extraction      none   False       MLP        True        PCA         0.0997             <NA>   NA      <NA>        <NA>      NA   <NA>            NA                     <NA>                   NA           NA      <NA>               NA  lbfgs  2.0522             1       66   identity          NA    <NA>            NA               NA      NA  False randomized          <NA>    <NA>             <NA>                   <NA>         <NA>                     <NA>                   NA             NA          <NA>       NA       <NA>     NA      NA              NA              <NA>                 NA       NA       NA    <NA>
301 cifar10 1585137     10         1 classification  False Extraction      none   False       MLP        True        PCA         0.0194             <NA>   NA      <NA>        <NA>      NA   <NA>            NA                     <NA>                   NA           NA      <NA>               NA  lbfgs  1.2080             1       90   identity          NA    <NA>            NA               NA      NA  False randomized          <NA>    <NA>             <NA>                   <NA>         <NA>                     <NA>                   NA             NA          <NA>       NA       <NA>     NA      NA              NA              <NA>                 NA       NA       NA    <NA>
# 2020-08-15 10:01:50 BRT: Iteration 8 of 8
# experimentsUsedSoFar: 1620
# remainingBudget: 380
# currentBudget: 380
# nbConfigurations: 38
  Markers:
     x No test is performed.
     - The test is performed and some configurations are discarded.
     = The test is performed but no configuration is discarded.
     ! The test is performed and configurations could be discarded but elite configurations are preserved.
     . All alive configurations are elite and nothing is discarded

+-+-----------+-----------+-----------+---------------+-----------+--------+-----+----+------+
| |   Instance|      Alive|       Best|      Mean best| Exp so far|  W time|  rho|KenW|  Qvar|
+-+-----------+-----------+-----------+---------------+-----------+--------+-----+----+------+
|x|         12|         38|        209|  -0.3384000000|         38|00:16:39|   NA|  NA|    NA|
|x|          4|         38|        336|  -0.3394000000|         69|00:10:00|+0.49|0.74|0.5286|
|x|          5|         38|        301|  -0.3350666667|        101|00:10:00|+0.61|0.74|0.3886|
|x|          3|         38|        301|  -0.3353000000|        132|00:10:00|+0.67|0.75|0.3282|
|!|          2|          9|        301|  -0.3335200000|        164|00:10:00|+0.47|0.57|0.7386|
|!|          8|          8|        301|  -0.3357333333|        166|00:00:31|+0.50|0.59|0.6766|
|-|          1|          8|        301|  -0.3373714286|        167|00:00:12|+0.49|0.56|0.6899|
|-|          6|          8|        301|  -0.3359500000|        171|00:01:18|+0.51|0.57|0.6927|
|-|          7|          8|        301|  -0.3358666667|        173|00:00:24|+0.53|0.58|0.6888|
|-|          9|          8|        301|  -0.3382000000|        177|00:01:18|+0.55|0.59|0.6710|
|-|         11|          8|        301|  -0.3371272727|        178|00:00:13|+0.55|0.59|0.6413|
|!|         10|          4|        301|  -0.3398000000|        179|00:00:11|-0.01|0.07|0.7612|
+-+-----------+-----------+-----------+---------------+-----------+--------+-----+----+------+
Best-so-far configuration:         301    mean value:   -0.3398000000
Description of the best-so-far configuration:
    .ID. dataset  job_id cutoff metafolds           task sparse     f_eng1 f_eng2 scaling algorithm pre_scaling extraction ext_components selection lr_C lr_solver multi_class  C kernel rf_estimators criterion_classification criterion_regression max_features max_depth min_samples_leaf solver alpha hidden_layers neurons1 activation n_neighbors weights ab_estimators ab_learning_rate ab_loss whiten svd_solver ica_algorithm ica_fun dl_fit_algorithm dl_transform_algorithm sel_model sel_score_classification sel_score_regression sel_percentile sel_threshold max_iter lr_penalty degree gamma max_depth_value mlp_learning_rate learning_rate_init neurons2 neurons3 lr_dual .PARENT.
301  301 cifar10 1585137     10         1 classification  False Extraction   none   False       MLP        True        PCA         0.0194      <NA>   NA      <NA>        <NA> NA   <NA>            NA                     <NA>                   NA           NA      <NA>               NA  lbfgs 1.208             1       90   identity          NA    <NA>            NA               NA      NA  False randomized          <NA>    <NA>             <NA>                   <NA>      <NA>                     <NA>                   NA             NA          <NA>       NA       <NA>     NA    NA              NA              <NA>                 NA       NA       NA    <NA>      161

# 2020-08-15 11:02:44 BRT: Elite configurations (first number is the configuration ID; listed from best to worst according to the sum of ranks):
    dataset  job_id cutoff metafolds           task sparse     f_eng1 f_eng2 scaling algorithm pre_scaling extraction ext_components selection lr_C lr_solver multi_class  C kernel rf_estimators criterion_classification criterion_regression max_features max_depth min_samples_leaf solver   alpha hidden_layers neurons1 activation n_neighbors weights ab_estimators ab_learning_rate ab_loss whiten svd_solver ica_algorithm ica_fun dl_fit_algorithm dl_transform_algorithm sel_model sel_score_classification sel_score_regression sel_percentile sel_threshold max_iter lr_penalty degree gamma max_depth_value mlp_learning_rate learning_rate_init neurons2 neurons3 lr_dual
301 cifar10 1585137     10         1 classification  False Extraction   none   False       MLP        True        PCA         0.0194      <NA>   NA      <NA>        <NA> NA   <NA>            NA                     <NA>                   NA           NA      <NA>               NA  lbfgs  1.2080             1       90   identity          NA    <NA>            NA               NA      NA  False randomized          <NA>    <NA>             <NA>                   <NA>      <NA>                     <NA>                   NA             NA          <NA>       NA       <NA>     NA    NA              NA              <NA>                 NA       NA       NA    <NA>
246 cifar10 1585137     10         1 classification  False Extraction   none    True       MLP       False        PCA         0.0397      <NA>   NA      <NA>        <NA> NA   <NA>            NA                     <NA>                   NA           NA      <NA>               NA    sgd -0.3580             1      274       relu          NA    <NA>            NA               NA      NA  False       auto          <NA>    <NA>             <NA>                   <NA>      <NA>                     <NA>                   NA             NA          <NA>       NA       <NA>     NA    NA              NA          adaptive             -2.008       NA       NA    <NA>
336 cifar10 1585137     10         1 classification  False Extraction   none   False       MLP        True        PCA         0.0815      <NA>   NA      <NA>        <NA> NA   <NA>            NA                     <NA>                   NA           NA      <NA>               NA  lbfgs  2.7344             1      197   identity          NA    <NA>            NA               NA      NA  False randomized          <NA>    <NA>             <NA>                   <NA>      <NA>                     <NA>                   NA             NA          <NA>       NA       <NA>     NA    NA              NA              <NA>                 NA       NA       NA    <NA>
209 cifar10 1585137     10         1 classification  False Extraction   none   False       MLP        True        PCA         0.0997      <NA>   NA      <NA>        <NA> NA   <NA>            NA                     <NA>                   NA           NA      <NA>               NA  lbfgs  2.0522             1       66   identity          NA    <NA>            NA               NA      NA  False randomized          <NA>    <NA>             <NA>                   <NA>      <NA>                     <NA>                   NA             NA          <NA>       NA       <NA>     NA    NA              NA              <NA>                 NA       NA       NA    <NA>
# 2020-08-15 11:02:44 BRT: Iteration 9 of 9
# experimentsUsedSoFar: 1799
# remainingBudget: 201
# currentBudget: 201
# nbConfigurations: 19
  Markers:
     x No test is performed.
     - The test is performed and some configurations are discarded.
     = The test is performed but no configuration is discarded.
     ! The test is performed and configurations could be discarded but elite configurations are preserved.
     . All alive configurations are elite and nothing is discarded

+-+-----------+-----------+-----------+---------------+-----------+--------+-----+----+------+
| |   Instance|      Alive|       Best|      Mean best| Exp so far|  W time|  rho|KenW|  Qvar|
+-+-----------+-----------+-----------+---------------+-----------+--------+-----+----+------+
|x|         13|         19|        301|  -0.3292000000|         19|00:10:00|   NA|  NA|    NA|
|x|          8|         19|        301|  -0.3380000000|         34|00:10:00|+0.80|0.90|0.0957|
|x|          9|         19|        301|  -0.3450666667|         49|00:10:00|+0.88|0.92|0.0638|
|x|          5|         19|        301|  -0.3429000000|         64|00:10:00|+0.90|0.92|0.0479|
|!|          3|          5|        301|  -0.3415200000|         79|00:10:00|+0.11|0.29|0.8969|
+-+-----------+-----------+-----------+---------------+-----------+--------+-----+----+------+
Best-so-far configuration:         301    mean value:   -0.3389846154
Description of the best-so-far configuration:
    .ID. dataset  job_id cutoff metafolds           task sparse     f_eng1 f_eng2 scaling algorithm pre_scaling extraction ext_components selection lr_C lr_solver multi_class  C kernel rf_estimators criterion_classification criterion_regression max_features max_depth min_samples_leaf solver alpha hidden_layers neurons1 activation n_neighbors weights ab_estimators ab_learning_rate ab_loss whiten svd_solver ica_algorithm ica_fun dl_fit_algorithm dl_transform_algorithm sel_model sel_score_classification sel_score_regression sel_percentile sel_threshold max_iter lr_penalty degree gamma max_depth_value mlp_learning_rate learning_rate_init neurons2 neurons3 lr_dual .PARENT.
301  301 cifar10 1585137     10         1 classification  False Extraction   none   False       MLP        True        PCA         0.0194      <NA>   NA      <NA>        <NA> NA   <NA>            NA                     <NA>                   NA           NA      <NA>               NA  lbfgs 1.208             1       90   identity          NA    <NA>            NA               NA      NA  False randomized          <NA>    <NA>             <NA>                   <NA>      <NA>                     <NA>                   NA             NA          <NA>       NA       <NA>     NA    NA              NA              <NA>                 NA       NA       NA    <NA>      161

# 2020-08-15 11:52:46 BRT: Elite configurations (first number is the configuration ID; listed from best to worst according to the sum of ranks):
    dataset  job_id cutoff metafolds           task sparse     f_eng1 f_eng2 scaling algorithm pre_scaling extraction ext_components selection lr_C lr_solver multi_class  C kernel rf_estimators criterion_classification criterion_regression max_features max_depth min_samples_leaf solver   alpha hidden_layers neurons1 activation n_neighbors weights ab_estimators ab_learning_rate ab_loss whiten svd_solver ica_algorithm ica_fun dl_fit_algorithm dl_transform_algorithm sel_model sel_score_classification sel_score_regression sel_percentile sel_threshold max_iter lr_penalty degree gamma max_depth_value mlp_learning_rate learning_rate_init neurons2 neurons3 lr_dual
301 cifar10 1585137     10         1 classification  False Extraction   none   False       MLP        True        PCA         0.0194      <NA>   NA      <NA>        <NA> NA   <NA>            NA                     <NA>                   NA           NA      <NA>               NA  lbfgs  1.2080             1       90   identity          NA    <NA>            NA               NA      NA  False randomized          <NA>    <NA>             <NA>                   <NA>      <NA>                     <NA>                   NA             NA          <NA>       NA       <NA>     NA    NA              NA              <NA>                 NA       NA       NA    <NA>
246 cifar10 1585137     10         1 classification  False Extraction   none    True       MLP       False        PCA         0.0397      <NA>   NA      <NA>        <NA> NA   <NA>            NA                     <NA>                   NA           NA      <NA>               NA    sgd -0.3580             1      274       relu          NA    <NA>            NA               NA      NA  False       auto          <NA>    <NA>             <NA>                   <NA>      <NA>                     <NA>                   NA             NA          <NA>       NA       <NA>     NA    NA              NA          adaptive             -2.008       NA       NA    <NA>
336 cifar10 1585137     10         1 classification  False Extraction   none   False       MLP        True        PCA         0.0815      <NA>   NA      <NA>        <NA> NA   <NA>            NA                     <NA>                   NA           NA      <NA>               NA  lbfgs  2.7344             1      197   identity          NA    <NA>            NA               NA      NA  False randomized          <NA>    <NA>             <NA>                   <NA>      <NA>                     <NA>                   NA             NA          <NA>       NA       <NA>     NA    NA              NA              <NA>                 NA       NA       NA    <NA>
209 cifar10 1585137     10         1 classification  False Extraction   none   False       MLP        True        PCA         0.0997      <NA>   NA      <NA>        <NA> NA   <NA>            NA                     <NA>                   NA           NA      <NA>               NA  lbfgs  2.0522             1       66   identity          NA    <NA>            NA               NA      NA  False randomized          <NA>    <NA>             <NA>                   <NA>      <NA>                     <NA>                   NA             NA          <NA>       NA       <NA>     NA    NA              NA              <NA>                 NA       NA       NA    <NA>
356 cifar10 1585137     10         1 classification  False Extraction   none   False       MLP        True        PCA         0.0114      <NA>   NA      <NA>        <NA> NA   <NA>            NA                     <NA>                   NA           NA      <NA>               NA  lbfgs -1.0289             1      116   identity          NA    <NA>            NA               NA      NA  False randomized          <NA>    <NA>             <NA>                   <NA>      <NA>                     <NA>                   NA             NA          <NA>       NA       <NA>     NA    NA              NA              <NA>                 NA       NA       NA    <NA>
# 2020-08-15 11:52:46 BRT: Iteration 10 of 10
# experimentsUsedSoFar: 1878
# remainingBudget: 122
# currentBudget: 122
# nbConfigurations: 13
  Markers:
     x No test is performed.
     - The test is performed and some configurations are discarded.
     = The test is performed but no configuration is discarded.
     ! The test is performed and configurations could be discarded but elite configurations are preserved.
     . All alive configurations are elite and nothing is discarded

+-+-----------+-----------+-----------+---------------+-----------+--------+-----+----+------+
| |   Instance|      Alive|       Best|      Mean best| Exp so far|  W time|  rho|KenW|  Qvar|
+-+-----------+-----------+-----------+---------------+-----------+--------+-----+----+------+
|x|         14|         13|        364|  -0.3528000000|         13|00:10:00|   NA|  NA|    NA|
|x|          7|         13|        246|  -0.3588000000|         22|00:08:44|+0.81|0.91|0.8535|
|x|         11|         13|        364|  -0.3374666667|         31|00:08:48|+0.55|0.70|1.0455|
|x|          1|         13|        364|  -0.3436000000|         40|00:08:47|+0.59|0.69|0.9032|
|!|          4|          6|        364|  -0.3456800000|         49|00:08:42|-0.06|0.15|0.9012|
+-+-----------+-----------+-----------+---------------+-----------+--------+-----+----+------+
Best-so-far configuration:         301    mean value:   -0.3389142857
Description of the best-so-far configuration:
    .ID. dataset  job_id cutoff metafolds           task sparse     f_eng1 f_eng2 scaling algorithm pre_scaling extraction ext_components selection lr_C lr_solver multi_class  C kernel rf_estimators criterion_classification criterion_regression max_features max_depth min_samples_leaf solver alpha hidden_layers neurons1 activation n_neighbors weights ab_estimators ab_learning_rate ab_loss whiten svd_solver ica_algorithm ica_fun dl_fit_algorithm dl_transform_algorithm sel_model sel_score_classification sel_score_regression sel_percentile sel_threshold max_iter lr_penalty degree gamma max_depth_value mlp_learning_rate learning_rate_init neurons2 neurons3 lr_dual .PARENT.
301  301 cifar10 1585137     10         1 classification  False Extraction   none   False       MLP        True        PCA         0.0194      <NA>   NA      <NA>        <NA> NA   <NA>            NA                     <NA>                   NA           NA      <NA>               NA  lbfgs 1.208             1       90   identity          NA    <NA>            NA               NA      NA  False randomized          <NA>    <NA>             <NA>                   <NA>      <NA>                     <NA>                   NA             NA          <NA>       NA       <NA>     NA    NA              NA              <NA>                 NA       NA       NA    <NA>      161

# 2020-08-15 12:37:49 BRT: Elite configurations (first number is the configuration ID; listed from best to worst according to the sum of ranks):
    dataset  job_id cutoff metafolds           task sparse     f_eng1 f_eng2 scaling algorithm pre_scaling extraction ext_components selection lr_C lr_solver multi_class  C kernel rf_estimators criterion_classification criterion_regression max_features max_depth min_samples_leaf solver   alpha hidden_layers neurons1 activation n_neighbors weights ab_estimators ab_learning_rate ab_loss whiten svd_solver ica_algorithm ica_fun dl_fit_algorithm dl_transform_algorithm sel_model sel_score_classification sel_score_regression sel_percentile sel_threshold max_iter lr_penalty degree gamma max_depth_value mlp_learning_rate learning_rate_init neurons2 neurons3 lr_dual
301 cifar10 1585137     10         1 classification  False Extraction   none   False       MLP        True        PCA         0.0194      <NA>   NA      <NA>        <NA> NA   <NA>            NA                     <NA>                   NA           NA      <NA>               NA  lbfgs  1.2080             1       90   identity          NA    <NA>            NA               NA      NA  False randomized          <NA>    <NA>             <NA>                   <NA>      <NA>                     <NA>                   NA             NA          <NA>       NA       <NA>     NA    NA              NA              <NA>                 NA       NA       NA    <NA>
246 cifar10 1585137     10         1 classification  False Extraction   none    True       MLP       False        PCA         0.0397      <NA>   NA      <NA>        <NA> NA   <NA>            NA                     <NA>                   NA           NA      <NA>               NA    sgd -0.3580             1      274       relu          NA    <NA>            NA               NA      NA  False       auto          <NA>    <NA>             <NA>                   <NA>      <NA>                     <NA>                   NA             NA          <NA>       NA       <NA>     NA    NA              NA          adaptive             -2.008       NA       NA    <NA>
336 cifar10 1585137     10         1 classification  False Extraction   none   False       MLP        True        PCA         0.0815      <NA>   NA      <NA>        <NA> NA   <NA>            NA                     <NA>                   NA           NA      <NA>               NA  lbfgs  2.7344             1      197   identity          NA    <NA>            NA               NA      NA  False randomized          <NA>    <NA>             <NA>                   <NA>      <NA>                     <NA>                   NA             NA          <NA>       NA       <NA>     NA    NA              NA              <NA>                 NA       NA       NA    <NA>
209 cifar10 1585137     10         1 classification  False Extraction   none   False       MLP        True        PCA         0.0997      <NA>   NA      <NA>        <NA> NA   <NA>            NA                     <NA>                   NA           NA      <NA>               NA  lbfgs  2.0522             1       66   identity          NA    <NA>            NA               NA      NA  False randomized          <NA>    <NA>             <NA>                   <NA>      <NA>                     <NA>                   NA             NA          <NA>       NA       <NA>     NA    NA              NA              <NA>                 NA       NA       NA    <NA>
356 cifar10 1585137     10         1 classification  False Extraction   none   False       MLP        True        PCA         0.0114      <NA>   NA      <NA>        <NA> NA   <NA>            NA                     <NA>                   NA           NA      <NA>               NA  lbfgs -1.0289             1      116   identity          NA    <NA>            NA               NA      NA  False randomized          <NA>    <NA>             <NA>                   <NA>      <NA>                     <NA>                   NA             NA          <NA>       NA       <NA>     NA    NA              NA              <NA>                 NA       NA       NA    <NA>
364 cifar10 1585137     10         1 classification  False Extraction   none   False       MLP        True        PCA         0.0251      <NA>   NA      <NA>        <NA> NA   <NA>            NA                     <NA>                   NA           NA      <NA>               NA  lbfgs  1.9611             1       48   identity          NA    <NA>            NA               NA      NA  False randomized          <NA>    <NA>             <NA>                   <NA>      <NA>                     <NA>                   NA             NA          <NA>       NA       <NA>     NA    NA              NA              <NA>                 NA       NA       NA    <NA>
# 2020-08-15 12:37:49 BRT: Iteration 11 of 11
# experimentsUsedSoFar: 1927
# remainingBudget: 73
# currentBudget: 73
# nbConfigurations: 10
  Markers:
     x No test is performed.
     - The test is performed and some configurations are discarded.
     = The test is performed but no configuration is discarded.
     ! The test is performed and configurations could be discarded but elite configurations are preserved.
     . All alive configurations are elite and nothing is discarded

+-+-----------+-----------+-----------+---------------+-----------+--------+-----+----+------+
| |   Instance|      Alive|       Best|      Mean best| Exp so far|  W time|  rho|KenW|  Qvar|
+-+-----------+-----------+-----------+---------------+-----------+--------+-----+----+------+
|x|         15|         10|        246|  -0.3868000000|         10|00:03:42|   NA|  NA|    NA|
|x|         12|         10|        364|  -0.3698000000|         16|00:01:52|+0.25|0.62|1.2501|
|x|          4|         10|        364|  -0.3645333333|         20|00:01:35|+0.50|0.67|0.8395|
|x|          9|         10|        364|  -0.3649000000|         25|00:01:45|+0.45|0.59|0.7012|
|!|         11|          6|        364|  -0.3572000000|         29|00:01:32|+0.07|0.26|0.7001|
+-+-----------+-----------+-----------+---------------+-----------+--------+-----+----+------+
Best-so-far configuration:         246    mean value:     1431655765.
Description of the best-so-far configuration:
    .ID. dataset  job_id cutoff metafolds           task sparse     f_eng1 f_eng2 scaling algorithm pre_scaling extraction ext_components selection lr_C lr_solver multi_class  C kernel rf_estimators criterion_classification criterion_regression max_features max_depth min_samples_leaf solver  alpha hidden_layers neurons1 activation n_neighbors weights ab_estimators ab_learning_rate ab_loss whiten svd_solver ica_algorithm ica_fun dl_fit_algorithm dl_transform_algorithm sel_model sel_score_classification sel_score_regression sel_percentile sel_threshold max_iter lr_penalty degree gamma max_depth_value mlp_learning_rate learning_rate_init neurons2 neurons3 lr_dual .PARENT.
246  246 cifar10 1585137     10         1 classification  False Extraction   none    True       MLP       False        PCA         0.0397      <NA>   NA      <NA>        <NA> NA   <NA>            NA                     <NA>                   NA           NA      <NA>               NA    sgd -0.358             1      274       relu          NA    <NA>            NA               NA      NA  False       auto          <NA>    <NA>             <NA>                   <NA>      <NA>                     <NA>                   NA             NA          <NA>       NA       <NA>     NA    NA              NA          adaptive             -2.008       NA       NA    <NA>       80

# 2020-08-15 12:48:18 BRT: Elite configurations (first number is the configuration ID; listed from best to worst according to the sum of ranks):
    dataset  job_id cutoff metafolds           task sparse     f_eng1 f_eng2 scaling algorithm pre_scaling extraction ext_components selection lr_C lr_solver multi_class  C kernel rf_estimators criterion_classification criterion_regression max_features max_depth min_samples_leaf solver   alpha hidden_layers neurons1 activation n_neighbors weights ab_estimators ab_learning_rate ab_loss whiten svd_solver ica_algorithm ica_fun dl_fit_algorithm dl_transform_algorithm sel_model sel_score_classification sel_score_regression sel_percentile sel_threshold max_iter lr_penalty degree gamma max_depth_value mlp_learning_rate learning_rate_init neurons2 neurons3 lr_dual
246 cifar10 1585137     10         1 classification  False Extraction   none    True       MLP       False        PCA         0.0397      <NA>   NA      <NA>        <NA> NA   <NA>            NA                     <NA>                   NA           NA      <NA>               NA    sgd -0.3580             1      274       relu          NA    <NA>            NA               NA      NA  False       auto          <NA>    <NA>             <NA>                   <NA>      <NA>                     <NA>                   NA             NA          <NA>       NA       <NA>     NA    NA              NA          adaptive             -2.008       NA       NA    <NA>
301 cifar10 1585137     10         1 classification  False Extraction   none   False       MLP        True        PCA         0.0194      <NA>   NA      <NA>        <NA> NA   <NA>            NA                     <NA>                   NA           NA      <NA>               NA  lbfgs  1.2080             1       90   identity          NA    <NA>            NA               NA      NA  False randomized          <NA>    <NA>             <NA>                   <NA>      <NA>                     <NA>                   NA             NA          <NA>       NA       <NA>     NA    NA              NA              <NA>                 NA       NA       NA    <NA>
336 cifar10 1585137     10         1 classification  False Extraction   none   False       MLP        True        PCA         0.0815      <NA>   NA      <NA>        <NA> NA   <NA>            NA                     <NA>                   NA           NA      <NA>               NA  lbfgs  2.7344             1      197   identity          NA    <NA>            NA               NA      NA  False randomized          <NA>    <NA>             <NA>                   <NA>      <NA>                     <NA>                   NA             NA          <NA>       NA       <NA>     NA    NA              NA              <NA>                 NA       NA       NA    <NA>
209 cifar10 1585137     10         1 classification  False Extraction   none   False       MLP        True        PCA         0.0997      <NA>   NA      <NA>        <NA> NA   <NA>            NA                     <NA>                   NA           NA      <NA>               NA  lbfgs  2.0522             1       66   identity          NA    <NA>            NA               NA      NA  False randomized          <NA>    <NA>             <NA>                   <NA>      <NA>                     <NA>                   NA             NA          <NA>       NA       <NA>     NA    NA              NA              <NA>                 NA       NA       NA    <NA>
356 cifar10 1585137     10         1 classification  False Extraction   none   False       MLP        True        PCA         0.0114      <NA>   NA      <NA>        <NA> NA   <NA>            NA                     <NA>                   NA           NA      <NA>               NA  lbfgs -1.0289             1      116   identity          NA    <NA>            NA               NA      NA  False randomized          <NA>    <NA>             <NA>                   <NA>      <NA>                     <NA>                   NA             NA          <NA>       NA       <NA>     NA    NA              NA              <NA>                 NA       NA       NA    <NA>
364 cifar10 1585137     10         1 classification  False Extraction   none   False       MLP        True        PCA         0.0251      <NA>   NA      <NA>        <NA> NA   <NA>            NA                     <NA>                   NA           NA      <NA>               NA  lbfgs  1.9611             1       48   identity          NA    <NA>            NA               NA      NA  False randomized          <NA>    <NA>             <NA>                   <NA>      <NA>                     <NA>                   NA             NA          <NA>       NA       <NA>     NA    NA              NA              <NA>                 NA       NA       NA    <NA>
# 2020-08-15 12:48:19 BRT: Iteration 12 of 12
# experimentsUsedSoFar: 1956
# remainingBudget: 44
# currentBudget: 44
# nbConfigurations: 8
  Markers:
     x No test is performed.
     - The test is performed and some configurations are discarded.
     = The test is performed but no configuration is discarded.
     ! The test is performed and configurations could be discarded but elite configurations are preserved.
     . All alive configurations are elite and nothing is discarded

+-+-----------+-----------+-----------+---------------+-----------+--------+-----+----+------+
| |   Instance|      Alive|       Best|      Mean best| Exp so far|  W time|  rho|KenW|  Qvar|
+-+-----------+-----------+-----------+---------------+-----------+--------+-----+----+------+
|x|         16|          8|        246|  -0.3576000000|          8|00:03:24|   NA|  NA|    NA|
|x|          3|          8|        364|  -0.3472000000|         11|00:01:35|+0.11|0.55|1.1089|
|x|         13|          8|        364|  -0.3450666667|         14|00:01:35|+0.41|0.60|0.7393|
|x|          1|          8|        364|  -0.3493000000|         16|00:01:25|+0.54|0.65|0.5545|
|!|          9|          6|        364|  -0.3526400000|         18|00:01:25|+0.37|0.50|0.7573|
+-+-----------+-----------+-----------+---------------+-----------+--------+-----+----+------+
Best-so-far configuration:         246    mean value:     1342177280.
Description of the best-so-far configuration:
    .ID. dataset  job_id cutoff metafolds           task sparse     f_eng1 f_eng2 scaling algorithm pre_scaling extraction ext_components selection lr_C lr_solver multi_class  C kernel rf_estimators criterion_classification criterion_regression max_features max_depth min_samples_leaf solver  alpha hidden_layers neurons1 activation n_neighbors weights ab_estimators ab_learning_rate ab_loss whiten svd_solver ica_algorithm ica_fun dl_fit_algorithm dl_transform_algorithm sel_model sel_score_classification sel_score_regression sel_percentile sel_threshold max_iter lr_penalty degree gamma max_depth_value mlp_learning_rate learning_rate_init neurons2 neurons3 lr_dual .PARENT.
246  246 cifar10 1585137     10         1 classification  False Extraction   none    True       MLP       False        PCA         0.0397      <NA>   NA      <NA>        <NA> NA   <NA>            NA                     <NA>                   NA           NA      <NA>               NA    sgd -0.358             1      274       relu          NA    <NA>            NA               NA      NA  False       auto          <NA>    <NA>             <NA>                   <NA>      <NA>                     <NA>                   NA             NA          <NA>       NA       <NA>     NA    NA              NA          adaptive             -2.008       NA       NA    <NA>       80

# 2020-08-15 12:57:45 BRT: Elite configurations (first number is the configuration ID; listed from best to worst according to the sum of ranks):
    dataset  job_id cutoff metafolds           task sparse     f_eng1 f_eng2 scaling algorithm pre_scaling extraction ext_components selection lr_C lr_solver multi_class  C kernel rf_estimators criterion_classification criterion_regression max_features max_depth min_samples_leaf solver   alpha hidden_layers neurons1 activation n_neighbors weights ab_estimators ab_learning_rate ab_loss whiten svd_solver ica_algorithm ica_fun dl_fit_algorithm dl_transform_algorithm sel_model sel_score_classification sel_score_regression sel_percentile sel_threshold max_iter lr_penalty degree gamma max_depth_value mlp_learning_rate learning_rate_init neurons2 neurons3 lr_dual
246 cifar10 1585137     10         1 classification  False Extraction   none    True       MLP       False        PCA         0.0397      <NA>   NA      <NA>        <NA> NA   <NA>            NA                     <NA>                   NA           NA      <NA>               NA    sgd -0.3580             1      274       relu          NA    <NA>            NA               NA      NA  False       auto          <NA>    <NA>             <NA>                   <NA>      <NA>                     <NA>                   NA             NA          <NA>       NA       <NA>     NA    NA              NA          adaptive             -2.008       NA       NA    <NA>
301 cifar10 1585137     10         1 classification  False Extraction   none   False       MLP        True        PCA         0.0194      <NA>   NA      <NA>        <NA> NA   <NA>            NA                     <NA>                   NA           NA      <NA>               NA  lbfgs  1.2080             1       90   identity          NA    <NA>            NA               NA      NA  False randomized          <NA>    <NA>             <NA>                   <NA>      <NA>                     <NA>                   NA             NA          <NA>       NA       <NA>     NA    NA              NA              <NA>                 NA       NA       NA    <NA>
336 cifar10 1585137     10         1 classification  False Extraction   none   False       MLP        True        PCA         0.0815      <NA>   NA      <NA>        <NA> NA   <NA>            NA                     <NA>                   NA           NA      <NA>               NA  lbfgs  2.7344             1      197   identity          NA    <NA>            NA               NA      NA  False randomized          <NA>    <NA>             <NA>                   <NA>      <NA>                     <NA>                   NA             NA          <NA>       NA       <NA>     NA    NA              NA              <NA>                 NA       NA       NA    <NA>
209 cifar10 1585137     10         1 classification  False Extraction   none   False       MLP        True        PCA         0.0997      <NA>   NA      <NA>        <NA> NA   <NA>            NA                     <NA>                   NA           NA      <NA>               NA  lbfgs  2.0522             1       66   identity          NA    <NA>            NA               NA      NA  False randomized          <NA>    <NA>             <NA>                   <NA>      <NA>                     <NA>                   NA             NA          <NA>       NA       <NA>     NA    NA              NA              <NA>                 NA       NA       NA    <NA>
356 cifar10 1585137     10         1 classification  False Extraction   none   False       MLP        True        PCA         0.0114      <NA>   NA      <NA>        <NA> NA   <NA>            NA                     <NA>                   NA           NA      <NA>               NA  lbfgs -1.0289             1      116   identity          NA    <NA>            NA               NA      NA  False randomized          <NA>    <NA>             <NA>                   <NA>      <NA>                     <NA>                   NA             NA          <NA>       NA       <NA>     NA    NA              NA              <NA>                 NA       NA       NA    <NA>
364 cifar10 1585137     10         1 classification  False Extraction   none   False       MLP        True        PCA         0.0251      <NA>   NA      <NA>        <NA> NA   <NA>            NA                     <NA>                   NA           NA      <NA>               NA  lbfgs  1.9611             1       48   identity          NA    <NA>            NA               NA      NA  False randomized          <NA>    <NA>             <NA>                   <NA>      <NA>                     <NA>                   NA             NA          <NA>       NA       <NA>     NA    NA              NA              <NA>                 NA       NA       NA    <NA>
# 2020-08-15 12:57:45 BRT: Stopped because there is not enough budget left to race more than the minimum (7)
# You may either increase the budget or set 'minNbSurvival' to a lower value
# Iteration: 13
# nbIterations: 13
# experimentsUsedSoFar: 1974
# timeUsed: 0
# remainingBudget: 26
# currentBudget: 26
# number of elites: 6
# nbConfigurations: 7
# Best configurations (first number is the configuration ID; listed from best to worst according to the sum of ranks):
    dataset  job_id cutoff metafolds           task sparse     f_eng1 f_eng2 scaling algorithm pre_scaling extraction ext_components selection lr_C lr_solver multi_class  C kernel rf_estimators criterion_classification criterion_regression max_features max_depth min_samples_leaf solver   alpha hidden_layers neurons1 activation n_neighbors weights ab_estimators ab_learning_rate ab_loss whiten svd_solver ica_algorithm ica_fun dl_fit_algorithm dl_transform_algorithm sel_model sel_score_classification sel_score_regression sel_percentile sel_threshold max_iter lr_penalty degree gamma max_depth_value mlp_learning_rate learning_rate_init neurons2 neurons3 lr_dual
246 cifar10 1585137     10         1 classification  False Extraction   none    True       MLP       False        PCA         0.0397      <NA>   NA      <NA>        <NA> NA   <NA>            NA                     <NA>                   NA           NA      <NA>               NA    sgd -0.3580             1      274       relu          NA    <NA>            NA               NA      NA  False       auto          <NA>    <NA>             <NA>                   <NA>      <NA>                     <NA>                   NA             NA          <NA>       NA       <NA>     NA    NA              NA          adaptive             -2.008       NA       NA    <NA>
301 cifar10 1585137     10         1 classification  False Extraction   none   False       MLP        True        PCA         0.0194      <NA>   NA      <NA>        <NA> NA   <NA>            NA                     <NA>                   NA           NA      <NA>               NA  lbfgs  1.2080             1       90   identity          NA    <NA>            NA               NA      NA  False randomized          <NA>    <NA>             <NA>                   <NA>      <NA>                     <NA>                   NA             NA          <NA>       NA       <NA>     NA    NA              NA              <NA>                 NA       NA       NA    <NA>
336 cifar10 1585137     10         1 classification  False Extraction   none   False       MLP        True        PCA         0.0815      <NA>   NA      <NA>        <NA> NA   <NA>            NA                     <NA>                   NA           NA      <NA>               NA  lbfgs  2.7344             1      197   identity          NA    <NA>            NA               NA      NA  False randomized          <NA>    <NA>             <NA>                   <NA>      <NA>                     <NA>                   NA             NA          <NA>       NA       <NA>     NA    NA              NA              <NA>                 NA       NA       NA    <NA>
209 cifar10 1585137     10         1 classification  False Extraction   none   False       MLP        True        PCA         0.0997      <NA>   NA      <NA>        <NA> NA   <NA>            NA                     <NA>                   NA           NA      <NA>               NA  lbfgs  2.0522             1       66   identity          NA    <NA>            NA               NA      NA  False randomized          <NA>    <NA>             <NA>                   <NA>      <NA>                     <NA>                   NA             NA          <NA>       NA       <NA>     NA    NA              NA              <NA>                 NA       NA       NA    <NA>
356 cifar10 1585137     10         1 classification  False Extraction   none   False       MLP        True        PCA         0.0114      <NA>   NA      <NA>        <NA> NA   <NA>            NA                     <NA>                   NA           NA      <NA>               NA  lbfgs -1.0289             1      116   identity          NA    <NA>            NA               NA      NA  False randomized          <NA>    <NA>             <NA>                   <NA>      <NA>                     <NA>                   NA             NA          <NA>       NA       <NA>     NA    NA              NA              <NA>                 NA       NA       NA    <NA>
364 cifar10 1585137     10         1 classification  False Extraction   none   False       MLP        True        PCA         0.0251      <NA>   NA      <NA>        <NA> NA   <NA>            NA                     <NA>                   NA           NA      <NA>               NA  lbfgs  1.9611             1       48   identity          NA    <NA>            NA               NA      NA  False randomized          <NA>    <NA>             <NA>                   <NA>      <NA>                     <NA>                   NA             NA          <NA>       NA       <NA>     NA    NA              NA              <NA>                 NA       NA       NA    <NA>
# Best configurations as commandlines (first number is the configuration ID; same order as above):
246  --dataset cifar10 --job_id 1585137 --cutoff 10 --metafolds 1 --task classification --sparse False --f_eng1 Extraction --f_eng2 none --pre_scaling False --extraction PCA --ext_components 0.0397 --whiten False --svd_solver auto --scaling True --algorithm MLP --solver sgd --alpha -0.358 --mlp_learning_rate adaptive --learning_rate_init -2.008 --hidden_layers 1 --neurons1 274 --activation relu
301  --dataset cifar10 --job_id 1585137 --cutoff 10 --metafolds 1 --task classification --sparse False --f_eng1 Extraction --f_eng2 none --pre_scaling True --extraction PCA --ext_components 0.0194 --whiten False --svd_solver randomized --scaling False --algorithm MLP --solver lbfgs --alpha 1.208 --hidden_layers 1 --neurons1 90 --activation identity
336  --dataset cifar10 --job_id 1585137 --cutoff 10 --metafolds 1 --task classification --sparse False --f_eng1 Extraction --f_eng2 none --pre_scaling True --extraction PCA --ext_components 0.0815 --whiten False --svd_solver randomized --scaling False --algorithm MLP --solver lbfgs --alpha 2.7344 --hidden_layers 1 --neurons1 197 --activation identity
209  --dataset cifar10 --job_id 1585137 --cutoff 10 --metafolds 1 --task classification --sparse False --f_eng1 Extraction --f_eng2 none --pre_scaling True --extraction PCA --ext_components 0.0997 --whiten False --svd_solver randomized --scaling False --algorithm MLP --solver lbfgs --alpha 2.0522 --hidden_layers 1 --neurons1 66 --activation identity
356  --dataset cifar10 --job_id 1585137 --cutoff 10 --metafolds 1 --task classification --sparse False --f_eng1 Extraction --f_eng2 none --pre_scaling True --extraction PCA --ext_components 0.0114 --whiten False --svd_solver randomized --scaling False --algorithm MLP --solver lbfgs --alpha -1.0289 --hidden_layers 1 --neurons1 116 --activation identity
364  --dataset cifar10 --job_id 1585137 --cutoff 10 --metafolds 1 --task classification --sparse False --f_eng1 Extraction --f_eng2 none --pre_scaling True --extraction PCA --ext_components 0.0251 --whiten False --svd_solver randomized --scaling False --algorithm MLP --solver lbfgs --alpha 1.9611 --hidden_layers 1 --neurons1 48 --activation identity
