*******************************************************************************
* irace: An implementation in R of Iterated Race
* Version: 3.1.2112M
* Copyright (C) 2010-2018
* Manuel Lopez-Ibanez     <manuel.lopez-ibanez@manchester.ac.uk>
* Jeremie Dubois-Lacoste  
* Leslie Perez Caceres    <leslie.perez.caceres@ulb.ac.be>
*
* This is free software, and you are welcome to redistribute it under certain
* conditions.  See the GNU General Public License for details. There is NO
* WARRANTY; not even for MERCHANTABILITY or FITNESS FOR A PARTICULAR PURPOSE.
*
* irace builds upon previous code from the race package:
*
* race: Racing methods for the selection of the best
* Copyright (C) 2003 Mauro Birattari
*******************************************************************************
# installed at: /home/cemvieira/bin/R/irace
# called with: -s scenario.txt --max-experiments 2000 -p ./cifar10/parameters-1540450.txt --parallel 32 --train-instances-file cifar10/instances.txt --log-file ./output/cifar10/cifar10-3f2k30m-irace-1540450.Rdata
# 8 expression(s) specifying forbidden configurations read from '/home/cemvieira/isklearn/forbidden.txt'
# 2020-06-25 18:48:26 BRT: Initialization
# Elitist race
# Elitist new instances: 1
# Elitist limit: 2
# nbIterations: 7
# minNbSurvival: 7
# nbParameters: 50
# seed: 1879188822
# confidence level: 0.95
# budget: 2000
# mu: 5
# deterministic: TRUE

# 2020-06-25 18:48:26 BRT: Iteration 1 of 7
# experimentsUsedSoFar: 0
# remainingBudget: 2000
# currentBudget: 285
# nbConfigurations: 47
  Markers:
     x No test is performed.
     - The test is performed and some configurations are discarded.
     = The test is performed but no configuration is discarded.
     ! The test is performed and configurations could be discarded but elite configurations are preserved.
     . All alive configurations are elite and nothing is discarded

+-+-----------+-----------+-----------+---------------+-----------+--------+-----+----+------+
| |   Instance|      Alive|       Best|      Mean best| Exp so far|  W time|  rho|KenW|  Qvar|
+-+-----------+-----------+-----------+---------------+-----------+--------+-----+----+------+
|x|          1|         47|         35|  -0.3105333333|         47|01:00:01|   NA|  NA|    NA|
|x|          2|         47|         35|  -0.3043333333|         94|01:00:00|+1.00|1.00|0.0000|
|x|          3|         47|         35|  -0.3025777778|        141|01:00:02|+1.00|1.00|0.0000|
|x|          4|         47|         35|  -0.3021666667|        188|01:00:01|+1.00|1.00|0.0000|
|!|          5|          1|         35|  -0.3019200000|        235|01:00:03|   NA|  NA|    NA|
+-+-----------+-----------+-----------+---------------+-----------+--------+-----+----+------+
Best-so-far configuration:          35    mean value:   -0.3019200000
Description of the best-so-far configuration:
   .ID. dataset  job_id cutoff metafolds           task sparse     f_eng1 f_eng2 scaling          algorithm pre_scaling extraction ext_components selection   lr_C lr_solver multi_class  C kernel rf_estimators criterion_classification criterion_regression max_features max_depth min_samples_leaf solver alpha hidden_layers neurons1 activation n_neighbors weights ab_estimators ab_learning_rate ab_loss whiten svd_solver ica_algorithm ica_fun dl_fit_algorithm dl_transform_algorithm sel_model sel_score_classification sel_score_regression sel_percentile sel_threshold max_iter lr_penalty degree gamma max_depth_value mlp_learning_rate learning_rate_init neurons2 neurons3 lr_dual .PARENT.
35   35 cifar10 1540450     30         3 classification  False Extraction   None   False LogisticRegression        True        PCA         0.0571      <NA> 3.8542     lbfgs         ovr NA   <NA>            NA                     <NA>                   NA           NA      <NA>               NA   <NA>    NA            NA       NA       <NA>          NA    <NA>            NA               NA      NA   True randomized          <NA>    <NA>             <NA>                   <NA>      <NA>                     <NA>                   NA             NA          <NA>      350       <NA>     NA    NA              NA                NA                 NA       NA       NA      NA       NA

# 2020-06-25 23:48:39 BRT: Elite configurations (first number is the configuration ID; listed from best to worst according to the sum of ranks):
   dataset  job_id cutoff metafolds           task sparse     f_eng1 f_eng2 scaling          algorithm pre_scaling extraction ext_components selection   lr_C lr_solver multi_class  C kernel rf_estimators criterion_classification criterion_regression max_features max_depth min_samples_leaf solver alpha hidden_layers neurons1 activation n_neighbors weights ab_estimators ab_learning_rate ab_loss whiten svd_solver ica_algorithm ica_fun dl_fit_algorithm dl_transform_algorithm sel_model sel_score_classification sel_score_regression sel_percentile sel_threshold max_iter lr_penalty degree gamma max_depth_value mlp_learning_rate learning_rate_init neurons2 neurons3 lr_dual
35 cifar10 1540450     30         3 classification  False Extraction   None   False LogisticRegression        True        PCA         0.0571      <NA> 3.8542     lbfgs         ovr NA   <NA>            NA                     <NA>                   NA           NA      <NA>               NA   <NA>    NA            NA       NA       <NA>          NA    <NA>            NA               NA      NA   True randomized          <NA>    <NA>             <NA>                   <NA>      <NA>                     <NA>                   NA             NA          <NA>      350       <NA>     NA    NA              NA                NA                 NA       NA       NA      NA
# 2020-06-25 23:48:39 BRT: Iteration 2 of 7
# experimentsUsedSoFar: 235
# remainingBudget: 1765
# currentBudget: 294
# nbConfigurations: 42
  Markers:
     x No test is performed.
     - The test is performed and some configurations are discarded.
     = The test is performed but no configuration is discarded.
     ! The test is performed and configurations could be discarded but elite configurations are preserved.
     . All alive configurations are elite and nothing is discarded

+-+-----------+-----------+-----------+---------------+-----------+--------+-----+----+------+
| |   Instance|      Alive|       Best|      Mean best| Exp so far|  W time|  rho|KenW|  Qvar|
+-+-----------+-----------+-----------+---------------+-----------+--------+-----+----+------+
|x|          6|         42|         35|  -0.3124000000|         42|01:00:01|   NA|  NA|    NA|
|x|          4|         42|         35|  -0.3066666667|         83|01:00:01|+1.00|1.00|0.0000|
|x|          2|         42|         35|  -0.3038222222|        124|01:00:01|+1.00|1.00|0.0000|
|x|          1|         42|         35|  -0.3055000000|        165|01:00:01|+1.00|1.00|0.0000|
|!|          5|          1|         35|  -0.3045866667|        206|01:00:01|   NA|  NA|    NA|
|.|          3|          1|         35|  -0.3036666667|        206|23:59:59|   NA|  NA|    NA|
+-+-----------+-----------+-----------+---------------+-----------+--------+-----+----+------+
Best-so-far configuration:          35    mean value:   -0.3036666667
Description of the best-so-far configuration:
   .ID. dataset  job_id cutoff metafolds           task sparse     f_eng1 f_eng2 scaling          algorithm pre_scaling extraction ext_components selection   lr_C lr_solver multi_class  C kernel rf_estimators criterion_classification criterion_regression max_features max_depth min_samples_leaf solver alpha hidden_layers neurons1 activation n_neighbors weights ab_estimators ab_learning_rate ab_loss whiten svd_solver ica_algorithm ica_fun dl_fit_algorithm dl_transform_algorithm sel_model sel_score_classification sel_score_regression sel_percentile sel_threshold max_iter lr_penalty degree gamma max_depth_value mlp_learning_rate learning_rate_init neurons2 neurons3 lr_dual .PARENT.
35   35 cifar10 1540450     30         3 classification  False Extraction   None   False LogisticRegression        True        PCA         0.0571      <NA> 3.8542     lbfgs         ovr NA   <NA>            NA                     <NA>                   NA           NA      <NA>               NA   <NA>    NA            NA       NA       <NA>          NA    <NA>            NA               NA      NA   True randomized          <NA>    <NA>             <NA>                   <NA>      <NA>                     <NA>                   NA             NA          <NA>      350       <NA>     NA    NA              NA              <NA>                 NA       NA       NA    <NA>       NA

# 2020-06-26 04:48:47 BRT: Elite configurations (first number is the configuration ID; listed from best to worst according to the sum of ranks):
   dataset  job_id cutoff metafolds           task sparse     f_eng1 f_eng2 scaling          algorithm pre_scaling extraction ext_components selection   lr_C lr_solver multi_class  C kernel rf_estimators criterion_classification criterion_regression max_features max_depth min_samples_leaf solver alpha hidden_layers neurons1 activation n_neighbors weights ab_estimators ab_learning_rate ab_loss whiten svd_solver ica_algorithm ica_fun dl_fit_algorithm dl_transform_algorithm sel_model sel_score_classification sel_score_regression sel_percentile sel_threshold max_iter lr_penalty degree gamma max_depth_value mlp_learning_rate learning_rate_init neurons2 neurons3 lr_dual
35 cifar10 1540450     30         3 classification  False Extraction   None   False LogisticRegression        True        PCA         0.0571      <NA> 3.8542     lbfgs         ovr NA   <NA>            NA                     <NA>                   NA           NA      <NA>               NA   <NA>    NA            NA       NA       <NA>          NA    <NA>            NA               NA      NA   True randomized          <NA>    <NA>             <NA>                   <NA>      <NA>                     <NA>                   NA             NA          <NA>      350       <NA>     NA    NA              NA              <NA>                 NA       NA       NA    <NA>
# 2020-06-26 04:48:47 BRT: Iteration 3 of 7
# experimentsUsedSoFar: 441
# remainingBudget: 1559
# currentBudget: 311
# nbConfigurations: 39
  Markers:
     x No test is performed.
     - The test is performed and some configurations are discarded.
     = The test is performed but no configuration is discarded.
     ! The test is performed and configurations could be discarded but elite configurations are preserved.
     . All alive configurations are elite and nothing is discarded

+-+-----------+-----------+-----------+---------------+-----------+--------+-----+----+------+
| |   Instance|      Alive|       Best|      Mean best| Exp so far|  W time|  rho|KenW|  Qvar|
+-+-----------+-----------+-----------+---------------+-----------+--------+-----+----+------+
|x|          7|         39|         35|  -0.3009333333|         39|01:00:02|   NA|  NA|    NA|
|x|          6|         39|         35|  -0.3066666667|         77|01:00:03|+1.00|1.00|0.0000|
|x|          4|         39|         35|  -0.3047555556|        115|01:00:01|+1.00|1.00|0.0000|
|x|          1|         39|         35|  -0.3062000000|        153|01:00:01|+1.00|1.00|0.0000|
|!|          2|          2|         35|  -0.3045866667|        191|00:59:50|+1.00|1.00|0.0000|
+-+-----------+-----------+-----------+---------------+-----------+--------+-----+----+------+
Best-so-far configuration:          35    mean value:   -0.3032761905
Description of the best-so-far configuration:
   .ID. dataset  job_id cutoff metafolds           task sparse     f_eng1 f_eng2 scaling          algorithm pre_scaling extraction ext_components selection   lr_C lr_solver multi_class  C kernel rf_estimators criterion_classification criterion_regression max_features max_depth min_samples_leaf solver alpha hidden_layers neurons1 activation n_neighbors weights ab_estimators ab_learning_rate ab_loss whiten svd_solver ica_algorithm ica_fun dl_fit_algorithm dl_transform_algorithm sel_model sel_score_classification sel_score_regression sel_percentile sel_threshold max_iter lr_penalty degree gamma max_depth_value mlp_learning_rate learning_rate_init neurons2 neurons3 lr_dual .PARENT.
35   35 cifar10 1540450     30         3 classification  False Extraction   None   False LogisticRegression        True        PCA         0.0571      <NA> 3.8542     lbfgs         ovr NA   <NA>            NA                     <NA>                   NA           NA      <NA>               NA   <NA>    NA            NA       NA       <NA>          NA    <NA>            NA               NA      NA   True randomized          <NA>    <NA>             <NA>                   <NA>      <NA>                     <NA>                   NA             NA          <NA>      350       <NA>     NA    NA              NA              <NA>                 NA       NA       NA    <NA>       NA

# 2020-06-26 09:48:47 BRT: Elite configurations (first number is the configuration ID; listed from best to worst according to the sum of ranks):
    dataset  job_id cutoff metafolds           task sparse     f_eng1 f_eng2 scaling          algorithm pre_scaling extraction ext_components selection   lr_C lr_solver multi_class  C kernel rf_estimators criterion_classification criterion_regression max_features max_depth min_samples_leaf solver alpha hidden_layers neurons1 activation n_neighbors weights ab_estimators ab_learning_rate ab_loss whiten svd_solver ica_algorithm ica_fun dl_fit_algorithm dl_transform_algorithm sel_model sel_score_classification sel_score_regression sel_percentile sel_threshold max_iter lr_penalty degree gamma max_depth_value mlp_learning_rate learning_rate_init neurons2 neurons3 lr_dual
35  cifar10 1540450     30         3 classification  False Extraction   None   False LogisticRegression        True        PCA         0.0571      <NA> 3.8542     lbfgs         ovr NA   <NA>            NA                     <NA>                   NA           NA      <NA>               NA   <NA>    NA            NA       NA       <NA>          NA    <NA>            NA               NA      NA   True randomized          <NA>    <NA>             <NA>                   <NA>      <NA>                     <NA>                   NA             NA          <NA>      350       <NA>     NA    NA              NA              <NA>                 NA       NA       NA    <NA>
126 cifar10 1540450     30         3 classification  False Extraction   None    True LogisticRegression        True        PCA         0.1390      <NA> 2.1202     lbfgs         ovr NA   <NA>            NA                     <NA>                   NA           NA      <NA>               NA   <NA>    NA            NA       NA       <NA>          NA    <NA>            NA               NA      NA   True randomized          <NA>    <NA>             <NA>                   <NA>      <NA>                     <NA>                   NA             NA          <NA>      563       <NA>     NA    NA              NA              <NA>                 NA       NA       NA    <NA>
# 2020-06-26 09:48:47 BRT: Iteration 4 of 7
# experimentsUsedSoFar: 632
# remainingBudget: 1368
# currentBudget: 342
# nbConfigurations: 39
  Markers:
     x No test is performed.
     - The test is performed and some configurations are discarded.
     = The test is performed but no configuration is discarded.
     ! The test is performed and configurations could be discarded but elite configurations are preserved.
     . All alive configurations are elite and nothing is discarded

+-+-----------+-----------+-----------+---------------+-----------+--------+-----+----+------+
| |   Instance|      Alive|       Best|      Mean best| Exp so far|  W time|  rho|KenW|  Qvar|
+-+-----------+-----------+-----------+---------------+-----------+--------+-----+----+------+
|x|          8|         39|        160|  -0.3568000000|         39|01:00:01|   NA|  NA|    NA|
|x|          5|         39|        160|  -0.3456000000|         77|01:00:01|+0.94|0.97|0.0861|
|x|          6|         39|        160|  -0.3432444444|        114|01:00:01|+0.90|0.94|0.1139|
|x|          2|         39|        160|  -0.3420000000|        151|01:00:01|+0.91|0.93|0.0996|
|!|          4|          4|        160|  -0.3417600000|        188|01:00:00|+1.00|1.00|0.0418|
+-+-----------+-----------+-----------+---------------+-----------+--------+-----+----+------+
Best-so-far configuration:          35    mean value:   -0.3057000000
Description of the best-so-far configuration:
   .ID. dataset  job_id cutoff metafolds           task sparse     f_eng1 f_eng2 scaling          algorithm pre_scaling extraction ext_components selection   lr_C lr_solver multi_class  C kernel rf_estimators criterion_classification criterion_regression max_features max_depth min_samples_leaf solver alpha hidden_layers neurons1 activation n_neighbors weights ab_estimators ab_learning_rate ab_loss whiten svd_solver ica_algorithm ica_fun dl_fit_algorithm dl_transform_algorithm sel_model sel_score_classification sel_score_regression sel_percentile sel_threshold max_iter lr_penalty degree gamma max_depth_value mlp_learning_rate learning_rate_init neurons2 neurons3 lr_dual .PARENT.
35   35 cifar10 1540450     30         3 classification  False Extraction   None   False LogisticRegression        True        PCA         0.0571      <NA> 3.8542     lbfgs         ovr NA   <NA>            NA                     <NA>                   NA           NA      <NA>               NA   <NA>    NA            NA       NA       <NA>          NA    <NA>            NA               NA      NA   True randomized          <NA>    <NA>             <NA>                   <NA>      <NA>                     <NA>                   NA             NA          <NA>      350       <NA>     NA    NA              NA              <NA>                 NA       NA       NA    <NA>       NA

# 2020-06-26 14:48:56 BRT: Elite configurations (first number is the configuration ID; listed from best to worst according to the sum of ranks):
    dataset  job_id cutoff metafolds           task sparse     f_eng1 f_eng2 scaling          algorithm pre_scaling extraction ext_components selection   lr_C lr_solver multi_class  C kernel rf_estimators criterion_classification criterion_regression max_features max_depth min_samples_leaf solver alpha hidden_layers neurons1 activation n_neighbors weights ab_estimators ab_learning_rate ab_loss whiten svd_solver ica_algorithm ica_fun dl_fit_algorithm dl_transform_algorithm sel_model sel_score_classification sel_score_regression sel_percentile sel_threshold max_iter lr_penalty degree gamma max_depth_value mlp_learning_rate learning_rate_init neurons2 neurons3 lr_dual
35  cifar10 1540450     30         3 classification  False Extraction   None   False LogisticRegression        True        PCA         0.0571      <NA> 3.8542     lbfgs         ovr NA   <NA>            NA                     <NA>                   NA           NA      <NA>               NA   <NA>    NA            NA       NA       <NA>          NA    <NA>            NA               NA      NA   True randomized          <NA>    <NA>             <NA>                   <NA>      <NA>                     <NA>                   NA             NA          <NA>      350       <NA>     NA    NA              NA              <NA>                 NA       NA       NA    <NA>
126 cifar10 1540450     30         3 classification  False Extraction   None    True LogisticRegression        True        PCA         0.1390      <NA> 2.1202     lbfgs         ovr NA   <NA>            NA                     <NA>                   NA           NA      <NA>               NA   <NA>    NA            NA       NA       <NA>          NA    <NA>            NA               NA      NA   True randomized          <NA>    <NA>             <NA>                   <NA>      <NA>                     <NA>                   NA             NA          <NA>      563       <NA>     NA    NA              NA              <NA>                 NA       NA       NA    <NA>
160 cifar10 1540450     30         3 classification  False       None   None    True       RandomForest        <NA>       <NA>             NA      <NA>     NA      <NA>        <NA> NA   <NA>           439                     gini                   NA       0.1282      none           0.0143   <NA>    NA            NA       NA       <NA>          NA    <NA>            NA               NA      NA   <NA>       <NA>          <NA>    <NA>             <NA>                   <NA>      <NA>                     <NA>                   NA             NA          <NA>       NA       <NA>     NA    NA              NA              <NA>                 NA       NA       NA    <NA>
149 cifar10 1540450     30         3 classification  False Extraction   None   False LogisticRegression        True        PCA         0.0708      <NA> 3.8590     lbfgs         ovr NA   <NA>            NA                     <NA>                   NA           NA      <NA>               NA   <NA>    NA            NA       NA       <NA>          NA    <NA>            NA               NA      NA   True randomized          <NA>    <NA>             <NA>                   <NA>      <NA>                     <NA>                   NA             NA          <NA>      304       <NA>     NA    NA              NA              <NA>                 NA       NA       NA    <NA>
# 2020-06-26 14:48:56 BRT: Iteration 5 of 7
# experimentsUsedSoFar: 820
# remainingBudget: 1180
# currentBudget: 393
# nbConfigurations: 42
  Markers:
     x No test is performed.
     - The test is performed and some configurations are discarded.
     = The test is performed but no configuration is discarded.
     ! The test is performed and configurations could be discarded but elite configurations are preserved.
     . All alive configurations are elite and nothing is discarded

+-+-----------+-----------+-----------+---------------+-----------+--------+-----+----+------+
| |   Instance|      Alive|       Best|      Mean best| Exp so far|  W time|  rho|KenW|  Qvar|
+-+-----------+-----------+-----------+---------------+-----------+--------+-----+----+------+
|x|          9|         42|        193|  -0.3432000000|         42|01:00:01|   NA|  NA|    NA|
|x|          7|         42|        175|  -0.3334000000|         82|01:00:01|+0.91|0.96|0.1202|
|x|          3|         42|        193|  -0.3332444444|        123|01:00:01|+0.94|0.96|0.0802|
|x|          1|         42|        175|  -0.3313000000|        163|01:00:01|+0.94|0.96|0.0802|
|!|          4|          7|        193|  -0.3326133333|        201|01:00:03|+0.70|0.76|0.5004|
+-+-----------+-----------+-----------+---------------+-----------+--------+-----+----+------+
Best-so-far configuration:          35    mean value:   -0.3074074074
Description of the best-so-far configuration:
   .ID. dataset  job_id cutoff metafolds           task sparse     f_eng1 f_eng2 scaling          algorithm pre_scaling extraction ext_components selection   lr_C lr_solver multi_class  C kernel rf_estimators criterion_classification criterion_regression max_features max_depth min_samples_leaf solver alpha hidden_layers neurons1 activation n_neighbors weights ab_estimators ab_learning_rate ab_loss whiten svd_solver ica_algorithm ica_fun dl_fit_algorithm dl_transform_algorithm sel_model sel_score_classification sel_score_regression sel_percentile sel_threshold max_iter lr_penalty degree gamma max_depth_value mlp_learning_rate learning_rate_init neurons2 neurons3 lr_dual .PARENT.
35   35 cifar10 1540450     30         3 classification  False Extraction   None   False LogisticRegression        True        PCA         0.0571      <NA> 3.8542     lbfgs         ovr NA   <NA>            NA                     <NA>                   NA           NA      <NA>               NA   <NA>    NA            NA       NA       <NA>          NA    <NA>            NA               NA      NA   True randomized          <NA>    <NA>             <NA>                   <NA>      <NA>                     <NA>                   NA             NA          <NA>      350       <NA>     NA    NA              NA              <NA>                 NA       NA       NA    <NA>       NA

# 2020-06-26 19:49:08 BRT: Elite configurations (first number is the configuration ID; listed from best to worst according to the sum of ranks):
    dataset  job_id cutoff metafolds           task sparse     f_eng1 f_eng2 scaling          algorithm pre_scaling extraction ext_components selection    lr_C lr_solver multi_class  C kernel rf_estimators criterion_classification criterion_regression max_features max_depth min_samples_leaf solver alpha hidden_layers neurons1 activation n_neighbors weights ab_estimators ab_learning_rate ab_loss whiten svd_solver ica_algorithm ica_fun dl_fit_algorithm dl_transform_algorithm sel_model sel_score_classification sel_score_regression sel_percentile sel_threshold max_iter lr_penalty degree gamma max_depth_value mlp_learning_rate learning_rate_init neurons2 neurons3 lr_dual
35  cifar10 1540450     30         3 classification  False Extraction   None   False LogisticRegression        True        PCA         0.0571      <NA>  3.8542     lbfgs         ovr NA   <NA>            NA                     <NA>                   NA           NA      <NA>               NA   <NA>    NA            NA       NA       <NA>          NA    <NA>            NA               NA      NA   True randomized          <NA>    <NA>             <NA>                   <NA>      <NA>                     <NA>                   NA             NA          <NA>      350       <NA>     NA    NA              NA              <NA>                 NA       NA       NA    <NA>
160 cifar10 1540450     30         3 classification  False       None   None    True       RandomForest        <NA>       <NA>             NA      <NA>      NA      <NA>        <NA> NA   <NA>           439                     gini                   NA       0.1282      none           0.0143   <NA>    NA            NA       NA       <NA>          NA    <NA>            NA               NA      NA   <NA>       <NA>          <NA>    <NA>             <NA>                   <NA>      <NA>                     <NA>                   NA             NA          <NA>       NA       <NA>     NA    NA              NA              <NA>                 NA       NA       NA    <NA>
149 cifar10 1540450     30         3 classification  False Extraction   None   False LogisticRegression        True        PCA         0.0708      <NA>  3.8590     lbfgs         ovr NA   <NA>            NA                     <NA>                   NA           NA      <NA>               NA   <NA>    NA            NA       NA       <NA>          NA    <NA>            NA               NA      NA   True randomized          <NA>    <NA>             <NA>                   <NA>      <NA>                     <NA>                   NA             NA          <NA>      304       <NA>     NA    NA              NA              <NA>                 NA       NA       NA    <NA>
126 cifar10 1540450     30         3 classification  False Extraction   None    True LogisticRegression        True        PCA         0.1390      <NA>  2.1202     lbfgs         ovr NA   <NA>            NA                     <NA>                   NA           NA      <NA>               NA   <NA>    NA            NA       NA       <NA>          NA    <NA>            NA               NA      NA   True randomized          <NA>    <NA>             <NA>                   <NA>      <NA>                     <NA>                   NA             NA          <NA>      563       <NA>     NA    NA              NA              <NA>                 NA       NA       NA    <NA>
193 cifar10 1540450     30         3 classification  False Extraction   None   False LogisticRegression        True        PCA         0.0303      <NA> -0.2944     lbfgs         ovr NA   <NA>            NA                     <NA>                   NA           NA      <NA>               NA   <NA>    NA            NA       NA       <NA>          NA    <NA>            NA               NA      NA   True randomized          <NA>    <NA>             <NA>                   <NA>      <NA>                     <NA>                   NA             NA          <NA>      971       <NA>     NA    NA              NA              <NA>                 NA       NA       NA    <NA>
175 cifar10 1540450     30         3 classification  False Extraction   None   False LogisticRegression        True        PCA         0.0308      <NA>  1.2283      saga         ovr NA   <NA>            NA                     <NA>                   NA           NA      <NA>               NA   <NA>    NA            NA       NA       <NA>          NA    <NA>            NA               NA      NA   True randomized          <NA>    <NA>             <NA>                   <NA>      <NA>                     <NA>                   NA             NA          <NA>       NA         l2     NA    NA              NA              <NA>                 NA       NA       NA    <NA>
167 cifar10 1540450     30         3 classification  False       None   None    True       RandomForest        <NA>       <NA>             NA      <NA>      NA      <NA>        <NA> NA   <NA>           104                     gini                   NA       0.1032      none           0.0775   <NA>    NA            NA       NA       <NA>          NA    <NA>            NA               NA      NA   <NA>       <NA>          <NA>    <NA>             <NA>                   <NA>      <NA>                     <NA>                   NA             NA          <NA>       NA       <NA>     NA    NA              NA              <NA>                 NA       NA       NA    <NA>
# 2020-06-26 19:49:08 BRT: Iteration 6 of 7
# experimentsUsedSoFar: 1021
# remainingBudget: 979
# currentBudget: 489
# nbConfigurations: 55
  Markers:
     x No test is performed.
     - The test is performed and some configurations are discarded.
     = The test is performed but no configuration is discarded.
     ! The test is performed and configurations could be discarded but elite configurations are preserved.
     . All alive configurations are elite and nothing is discarded

+-+-----------+-----------+-----------+---------------+-----------+--------+-----+----+------+
| |   Instance|      Alive|       Best|      Mean best| Exp so far|  W time|  rho|KenW|  Qvar|
+-+-----------+-----------+-----------+---------------+-----------+--------+-----+----+------+
|x|         10|         55|        211|  -0.3393333333|         55|01:00:03|   NA|  NA|    NA|
|x|          3|         55|        204|  -0.3354000000|        103|00:55:45|+0.92|0.96|0.1741|
|x|          4|         55|        204|  -0.3352000000|        151|00:54:59|+0.89|0.93|0.1618|
|x|          5|         55|        204|  -0.3327333333|        202|00:56:43|+0.90|0.93|0.1328|
|!|          7|         12|        204|  -0.3319733333|        250|00:55:28|+0.70|0.76|0.4684|
|!|          2|         10|        204|  -0.3320666667|        258|00:03:17|+0.62|0.69|0.4855|
|-|          8|         10|        204|  -0.3332761905|        264|00:02:21|+0.62|0.68|0.4407|
|-|          1|         10|        211|  -0.3331166667|        267|00:01:03|+0.61|0.65|0.5084|
|-|          6|         10|        211|  -0.3338222222|        273|00:02:19|+0.63|0.67|0.4985|
|!|          9|          3|        211|  -0.3355333333|        276|00:01:03|+0.19|0.27|0.5550|
+-+-----------+-----------+-----------+---------------+-----------+--------+-----+----+------+
Best-so-far configuration:         204    mean value:   -0.3360266667
Description of the best-so-far configuration:
    .ID. dataset  job_id cutoff metafolds           task sparse     f_eng1 f_eng2 scaling          algorithm pre_scaling extraction ext_components selection   lr_C lr_solver multi_class  C kernel rf_estimators criterion_classification criterion_regression max_features max_depth min_samples_leaf solver alpha hidden_layers neurons1 activation n_neighbors weights ab_estimators ab_learning_rate ab_loss whiten svd_solver ica_algorithm ica_fun dl_fit_algorithm dl_transform_algorithm sel_model sel_score_classification sel_score_regression sel_percentile sel_threshold max_iter lr_penalty degree gamma max_depth_value mlp_learning_rate learning_rate_init neurons2 neurons3 lr_dual .PARENT.
204  204 cifar10 1540450     30         3 classification  False Extraction   None   False LogisticRegression        True        PCA         0.0196      <NA> 2.7255     lbfgs         ovr NA   <NA>            NA                     <NA>                   NA           NA      <NA>               NA   <NA>    NA            NA       NA       <NA>          NA    <NA>            NA               NA      NA   True randomized          <NA>    <NA>             <NA>                   <NA>      <NA>                     <NA>                   NA             NA          <NA>      401       <NA>     NA    NA              NA              <NA>                 NA       NA       NA    <NA>       35

# 2020-06-27 00:42:15 BRT: Elite configurations (first number is the configuration ID; listed from best to worst according to the sum of ranks):
    dataset  job_id cutoff metafolds           task sparse     f_eng1 f_eng2 scaling          algorithm pre_scaling extraction ext_components selection   lr_C lr_solver multi_class  C kernel rf_estimators criterion_classification criterion_regression max_features max_depth min_samples_leaf solver alpha hidden_layers neurons1 activation n_neighbors weights ab_estimators ab_learning_rate ab_loss whiten svd_solver ica_algorithm ica_fun dl_fit_algorithm dl_transform_algorithm sel_model sel_score_classification sel_score_regression sel_percentile sel_threshold max_iter lr_penalty degree gamma max_depth_value mlp_learning_rate learning_rate_init neurons2 neurons3 lr_dual
204 cifar10 1540450     30         3 classification  False Extraction   None   False LogisticRegression        True        PCA         0.0196      <NA> 2.7255     lbfgs         ovr NA   <NA>            NA                     <NA>                   NA           NA      <NA>               NA   <NA>    NA            NA       NA       <NA>          NA    <NA>            NA               NA      NA   True randomized          <NA>    <NA>             <NA>                   <NA>      <NA>                     <NA>                   NA             NA          <NA>      401       <NA>     NA    NA              NA              <NA>                 NA       NA       NA    <NA>
211 cifar10 1540450     30         3 classification  False Extraction   None   False LogisticRegression        True        PCA         0.0227      <NA> 4.6279     lbfgs         ovr NA   <NA>            NA                     <NA>                   NA           NA      <NA>               NA   <NA>    NA            NA       NA       <NA>          NA    <NA>            NA               NA      NA   True randomized          <NA>    <NA>             <NA>                   <NA>      <NA>                     <NA>                   NA             NA          <NA>      271       <NA>     NA    NA              NA              <NA>                 NA       NA       NA    <NA>
243 cifar10 1540450     30         3 classification  False Extraction   None   False LogisticRegression        True        PCA         0.0280      <NA> 4.1228     lbfgs         ovr NA   <NA>            NA                     <NA>                   NA           NA      <NA>               NA   <NA>    NA            NA       NA       <NA>          NA    <NA>            NA               NA      NA   True randomized          <NA>    <NA>             <NA>                   <NA>      <NA>                     <NA>                   NA             NA          <NA>      553       <NA>     NA    NA              NA              <NA>                 NA       NA       NA    <NA>
# 2020-06-27 00:42:15 BRT: Iteration 7 of 7
# experimentsUsedSoFar: 1297
# remainingBudget: 703
# currentBudget: 703
# nbConfigurations: 66
  Markers:
     x No test is performed.
     - The test is performed and some configurations are discarded.
     = The test is performed but no configuration is discarded.
     ! The test is performed and configurations could be discarded but elite configurations are preserved.
     . All alive configurations are elite and nothing is discarded

+-+-----------+-----------+-----------+---------------+-----------+--------+-----+----+------+
| |   Instance|      Alive|       Best|      Mean best| Exp so far|  W time|  rho|KenW|  Qvar|
+-+-----------+-----------+-----------+---------------+-----------+--------+-----+----+------+
|x|         11|         66|        243|  -0.3472000000|         66|01:00:53|   NA|  NA|    NA|
|x|          7|         66|        243|  -0.3384000000|        129|01:00:08|+0.97|0.98|0.0649|
|x|          6|         66|        243|  -0.3374222222|        192|01:00:04|+0.98|0.98|0.0437|
|x|          1|         66|        211|  -0.3358333333|        255|01:00:07|+0.98|0.98|0.0382|
|!|          8|          6|        211|  -0.3375733333|        318|01:00:04|-0.11|0.11|0.8914|
+-+-----------+-----------+-----------+---------------+-----------+--------+-----+----+------+
Best-so-far configuration:         211    mean value:   -0.3361090909
Description of the best-so-far configuration:
    .ID. dataset  job_id cutoff metafolds           task sparse     f_eng1 f_eng2 scaling          algorithm pre_scaling extraction ext_components selection   lr_C lr_solver multi_class  C kernel rf_estimators criterion_classification criterion_regression max_features max_depth min_samples_leaf solver alpha hidden_layers neurons1 activation n_neighbors weights ab_estimators ab_learning_rate ab_loss whiten svd_solver ica_algorithm ica_fun dl_fit_algorithm dl_transform_algorithm sel_model sel_score_classification sel_score_regression sel_percentile sel_threshold max_iter lr_penalty degree gamma max_depth_value mlp_learning_rate learning_rate_init neurons2 neurons3 lr_dual .PARENT.
211  211 cifar10 1540450     30         3 classification  False Extraction   None   False LogisticRegression        True        PCA         0.0227      <NA> 4.6279     lbfgs         ovr NA   <NA>            NA                     <NA>                   NA           NA      <NA>               NA   <NA>    NA            NA       NA       <NA>          NA    <NA>            NA               NA      NA   True randomized          <NA>    <NA>             <NA>                   <NA>      <NA>                     <NA>                   NA             NA          <NA>      271       <NA>     NA    NA              NA              <NA>                 NA       NA       NA    <NA>      149

# 2020-06-27 05:43:36 BRT: Elite configurations (first number is the configuration ID; listed from best to worst according to the sum of ranks):
    dataset  job_id cutoff metafolds           task sparse     f_eng1 f_eng2 scaling          algorithm pre_scaling extraction ext_components selection   lr_C lr_solver multi_class  C kernel rf_estimators criterion_classification criterion_regression max_features max_depth min_samples_leaf solver alpha hidden_layers neurons1 activation n_neighbors weights ab_estimators ab_learning_rate ab_loss whiten svd_solver ica_algorithm ica_fun dl_fit_algorithm dl_transform_algorithm sel_model sel_score_classification sel_score_regression sel_percentile sel_threshold max_iter lr_penalty degree gamma max_depth_value mlp_learning_rate learning_rate_init neurons2 neurons3 lr_dual
211 cifar10 1540450     30         3 classification  False Extraction   None   False LogisticRegression        True        PCA         0.0227      <NA> 4.6279     lbfgs         ovr NA   <NA>            NA                     <NA>                   NA           NA      <NA>               NA   <NA>    NA            NA       NA       <NA>          NA    <NA>            NA               NA      NA   True randomized          <NA>    <NA>             <NA>                   <NA>      <NA>                     <NA>                   NA             NA          <NA>      271       <NA>     NA    NA              NA              <NA>                 NA       NA       NA    <NA>
204 cifar10 1540450     30         3 classification  False Extraction   None   False LogisticRegression        True        PCA         0.0196      <NA> 2.7255     lbfgs         ovr NA   <NA>            NA                     <NA>                   NA           NA      <NA>               NA   <NA>    NA            NA       NA       <NA>          NA    <NA>            NA               NA      NA   True randomized          <NA>    <NA>             <NA>                   <NA>      <NA>                     <NA>                   NA             NA          <NA>      401       <NA>     NA    NA              NA              <NA>                 NA       NA       NA    <NA>
243 cifar10 1540450     30         3 classification  False Extraction   None   False LogisticRegression        True        PCA         0.0280      <NA> 4.1228     lbfgs         ovr NA   <NA>            NA                     <NA>                   NA           NA      <NA>               NA   <NA>    NA            NA       NA       <NA>          NA    <NA>            NA               NA      NA   True randomized          <NA>    <NA>             <NA>                   <NA>      <NA>                     <NA>                   NA             NA          <NA>      553       <NA>     NA    NA              NA              <NA>                 NA       NA       NA    <NA>
297 cifar10 1540450     30         3 classification  False Extraction   None   False LogisticRegression        True        PCA         0.0239      <NA> 0.3807     lbfgs         ovr NA   <NA>            NA                     <NA>                   NA           NA      <NA>               NA   <NA>    NA            NA       NA       <NA>          NA    <NA>            NA               NA      NA   True randomized          <NA>    <NA>             <NA>                   <NA>      <NA>                     <NA>                   NA             NA          <NA>      209       <NA>     NA    NA              NA              <NA>                 NA       NA       NA    <NA>
306 cifar10 1540450     30         3 classification  False Extraction   None   False LogisticRegression        True        PCA         0.0253      <NA> 4.6387     lbfgs         ovr NA   <NA>            NA                     <NA>                   NA           NA      <NA>               NA   <NA>    NA            NA       NA       <NA>          NA    <NA>            NA               NA      NA   True randomized          <NA>    <NA>             <NA>                   <NA>      <NA>                     <NA>                   NA             NA          <NA>      392       <NA>     NA    NA              NA              <NA>                 NA       NA       NA    <NA>
296 cifar10 1540450     30         3 classification  False Extraction   None   False LogisticRegression        True        PCA         0.0156      <NA> 3.5621     lbfgs         ovr NA   <NA>            NA                     <NA>                   NA           NA      <NA>               NA   <NA>    NA            NA       NA       <NA>          NA    <NA>            NA               NA      NA   True randomized          <NA>    <NA>             <NA>                   <NA>      <NA>                     <NA>                   NA             NA          <NA>      384       <NA>     NA    NA              NA              <NA>                 NA       NA       NA    <NA>
# 2020-06-27 05:43:36 BRT: Iteration 8 of 8
# experimentsUsedSoFar: 1615
# remainingBudget: 385
# currentBudget: 385
# nbConfigurations: 37
  Markers:
     x No test is performed.
     - The test is performed and some configurations are discarded.
     = The test is performed but no configuration is discarded.
     ! The test is performed and configurations could be discarded but elite configurations are preserved.
     . All alive configurations are elite and nothing is discarded

+-+-----------+-----------+-----------+---------------+-----------+--------+-----+----+------+
| |   Instance|      Alive|       Best|      Mean best| Exp so far|  W time|  rho|KenW|  Qvar|
+-+-----------+-----------+-----------+---------------+-----------+--------+-----+----+------+
|x|         12|         37|        243|  -0.3390666667|         37|00:36:40|   NA|  NA|    NA|
|x|          6|         37|        243|  -0.3372666667|         68|00:30:01|+0.89|0.95|0.2418|
|x|         11|         37|        243|  -0.3405777778|         99|00:30:12|+0.92|0.95|0.1612|
|x|          5|         37|        211|  -0.3359666667|        133|00:31:41|+0.93|0.94|0.1419|
|!|         10|          7|        297|  -0.3361600000|        167|00:31:46|-0.07|0.15|0.8099|
+-+-----------+-----------+-----------+---------------+-----------+--------+-----+----+------+
Best-so-far configuration:         211    mean value:   -0.3360555556
Description of the best-so-far configuration:
    .ID. dataset  job_id cutoff metafolds           task sparse     f_eng1 f_eng2 scaling          algorithm pre_scaling extraction ext_components selection   lr_C lr_solver multi_class  C kernel rf_estimators criterion_classification criterion_regression max_features max_depth min_samples_leaf solver alpha hidden_layers neurons1 activation n_neighbors weights ab_estimators ab_learning_rate ab_loss whiten svd_solver ica_algorithm ica_fun dl_fit_algorithm dl_transform_algorithm sel_model sel_score_classification sel_score_regression sel_percentile sel_threshold max_iter lr_penalty degree gamma max_depth_value mlp_learning_rate learning_rate_init neurons2 neurons3 lr_dual .PARENT.
211  211 cifar10 1540450     30         3 classification  False Extraction   None   False LogisticRegression        True        PCA         0.0227      <NA> 4.6279     lbfgs         ovr NA   <NA>            NA                     <NA>                   NA           NA      <NA>               NA   <NA>    NA            NA       NA       <NA>          NA    <NA>            NA               NA      NA   True randomized          <NA>    <NA>             <NA>                   <NA>      <NA>                     <NA>                   NA             NA          <NA>      271       <NA>     NA    NA              NA              <NA>                 NA       NA       NA    <NA>      149

# 2020-06-27 08:23:59 BRT: Elite configurations (first number is the configuration ID; listed from best to worst according to the sum of ranks):
    dataset  job_id cutoff metafolds           task sparse     f_eng1 f_eng2 scaling          algorithm pre_scaling extraction ext_components selection   lr_C lr_solver multi_class  C kernel rf_estimators criterion_classification criterion_regression max_features max_depth min_samples_leaf solver alpha hidden_layers neurons1 activation n_neighbors weights ab_estimators ab_learning_rate ab_loss whiten svd_solver ica_algorithm ica_fun dl_fit_algorithm dl_transform_algorithm sel_model sel_score_classification sel_score_regression sel_percentile sel_threshold max_iter lr_penalty degree gamma max_depth_value mlp_learning_rate learning_rate_init neurons2 neurons3 lr_dual
211 cifar10 1540450     30         3 classification  False Extraction   None   False LogisticRegression        True        PCA         0.0227      <NA> 4.6279     lbfgs         ovr NA   <NA>            NA                     <NA>                   NA           NA      <NA>               NA   <NA>    NA            NA       NA       <NA>          NA    <NA>            NA               NA      NA   True randomized          <NA>    <NA>             <NA>                   <NA>      <NA>                     <NA>                   NA             NA          <NA>      271       <NA>     NA    NA              NA              <NA>                 NA       NA       NA    <NA>
204 cifar10 1540450     30         3 classification  False Extraction   None   False LogisticRegression        True        PCA         0.0196      <NA> 2.7255     lbfgs         ovr NA   <NA>            NA                     <NA>                   NA           NA      <NA>               NA   <NA>    NA            NA       NA       <NA>          NA    <NA>            NA               NA      NA   True randomized          <NA>    <NA>             <NA>                   <NA>      <NA>                     <NA>                   NA             NA          <NA>      401       <NA>     NA    NA              NA              <NA>                 NA       NA       NA    <NA>
243 cifar10 1540450     30         3 classification  False Extraction   None   False LogisticRegression        True        PCA         0.0280      <NA> 4.1228     lbfgs         ovr NA   <NA>            NA                     <NA>                   NA           NA      <NA>               NA   <NA>    NA            NA       NA       <NA>          NA    <NA>            NA               NA      NA   True randomized          <NA>    <NA>             <NA>                   <NA>      <NA>                     <NA>                   NA             NA          <NA>      553       <NA>     NA    NA              NA              <NA>                 NA       NA       NA    <NA>
297 cifar10 1540450     30         3 classification  False Extraction   None   False LogisticRegression        True        PCA         0.0239      <NA> 0.3807     lbfgs         ovr NA   <NA>            NA                     <NA>                   NA           NA      <NA>               NA   <NA>    NA            NA       NA       <NA>          NA    <NA>            NA               NA      NA   True randomized          <NA>    <NA>             <NA>                   <NA>      <NA>                     <NA>                   NA             NA          <NA>      209       <NA>     NA    NA              NA              <NA>                 NA       NA       NA    <NA>
306 cifar10 1540450     30         3 classification  False Extraction   None   False LogisticRegression        True        PCA         0.0253      <NA> 4.6387     lbfgs         ovr NA   <NA>            NA                     <NA>                   NA           NA      <NA>               NA   <NA>    NA            NA       NA       <NA>          NA    <NA>            NA               NA      NA   True randomized          <NA>    <NA>             <NA>                   <NA>      <NA>                     <NA>                   NA             NA          <NA>      392       <NA>     NA    NA              NA              <NA>                 NA       NA       NA    <NA>
296 cifar10 1540450     30         3 classification  False Extraction   None   False LogisticRegression        True        PCA         0.0156      <NA> 3.5621     lbfgs         ovr NA   <NA>            NA                     <NA>                   NA           NA      <NA>               NA   <NA>    NA            NA       NA       <NA>          NA    <NA>            NA               NA      NA   True randomized          <NA>    <NA>             <NA>                   <NA>      <NA>                     <NA>                   NA             NA          <NA>      384       <NA>     NA    NA              NA              <NA>                 NA       NA       NA    <NA>
337 cifar10 1540450     30         3 classification  False Extraction   None   False LogisticRegression        True        PCA         0.0180      <NA> 4.5159     lbfgs         ovr NA   <NA>            NA                     <NA>                   NA           NA      <NA>               NA   <NA>    NA            NA       NA       <NA>          NA    <NA>            NA               NA      NA   True randomized          <NA>    <NA>             <NA>                   <NA>      <NA>                     <NA>                   NA             NA          <NA>      701       <NA>     NA    NA              NA              <NA>                 NA       NA       NA    <NA>
# 2020-06-27 08:23:59 BRT: Iteration 9 of 9
# experimentsUsedSoFar: 1782
# remainingBudget: 218
# currentBudget: 218
# nbConfigurations: 23
  Markers:
     x No test is performed.
     - The test is performed and some configurations are discarded.
     = The test is performed but no configuration is discarded.
     ! The test is performed and configurations could be discarded but elite configurations are preserved.
     . All alive configurations are elite and nothing is discarded

+-+-----------+-----------+-----------+---------------+-----------+--------+-----+----+------+
| |   Instance|      Alive|       Best|      Mean best| Exp so far|  W time|  rho|KenW|  Qvar|
+-+-----------+-----------+-----------+---------------+-----------+--------+-----+----+------+
|x|         13|         23|        297|  -0.3452000000|         23|00:30:01|   NA|  NA|    NA|
|x|          2|         23|        204|  -0.3387333333|         43|00:30:00|+0.97|0.98|0.0000|
|x|         11|         23|        297|  -0.3389777778|         59|00:30:00|+0.93|0.95|0.0535|
|x|          4|         23|        306|  -0.3388333333|         79|00:30:00|+0.95|0.96|0.0401|
|!|          9|          7|        204|  -0.3411733333|         99|00:30:07|-0.02|0.18|0.7872|
+-+-----------+-----------+-----------+---------------+-----------+--------+-----+----+------+
Best-so-far configuration:         204    mean value:   -0.3367589744
Description of the best-so-far configuration:
    .ID. dataset  job_id cutoff metafolds           task sparse     f_eng1 f_eng2 scaling          algorithm pre_scaling extraction ext_components selection   lr_C lr_solver multi_class  C kernel rf_estimators criterion_classification criterion_regression max_features max_depth min_samples_leaf solver alpha hidden_layers neurons1 activation n_neighbors weights ab_estimators ab_learning_rate ab_loss whiten svd_solver ica_algorithm ica_fun dl_fit_algorithm dl_transform_algorithm sel_model sel_score_classification sel_score_regression sel_percentile sel_threshold max_iter lr_penalty degree gamma max_depth_value mlp_learning_rate learning_rate_init neurons2 neurons3 lr_dual .PARENT.
204  204 cifar10 1540450     30         3 classification  False Extraction   None   False LogisticRegression        True        PCA         0.0196      <NA> 2.7255     lbfgs         ovr NA   <NA>            NA                     <NA>                   NA           NA      <NA>               NA   <NA>    NA            NA       NA       <NA>          NA    <NA>            NA               NA      NA   True randomized          <NA>    <NA>             <NA>                   <NA>      <NA>                     <NA>                   NA             NA          <NA>      401       <NA>     NA    NA              NA              <NA>                 NA       NA       NA    <NA>       35

# 2020-06-27 10:54:10 BRT: Elite configurations (first number is the configuration ID; listed from best to worst according to the sum of ranks):
    dataset  job_id cutoff metafolds           task sparse     f_eng1 f_eng2 scaling          algorithm pre_scaling extraction ext_components selection   lr_C lr_solver multi_class  C kernel rf_estimators criterion_classification criterion_regression max_features max_depth min_samples_leaf solver alpha hidden_layers neurons1 activation n_neighbors weights ab_estimators ab_learning_rate ab_loss whiten svd_solver ica_algorithm ica_fun dl_fit_algorithm dl_transform_algorithm sel_model sel_score_classification sel_score_regression sel_percentile sel_threshold max_iter lr_penalty degree gamma max_depth_value mlp_learning_rate learning_rate_init neurons2 neurons3 lr_dual
204 cifar10 1540450     30         3 classification  False Extraction   None   False LogisticRegression        True        PCA         0.0196      <NA> 2.7255     lbfgs         ovr NA   <NA>            NA                     <NA>                   NA           NA      <NA>               NA   <NA>    NA            NA       NA       <NA>          NA    <NA>            NA               NA      NA   True randomized          <NA>    <NA>             <NA>                   <NA>      <NA>                     <NA>                   NA             NA          <NA>      401       <NA>     NA    NA              NA              <NA>                 NA       NA       NA    <NA>
211 cifar10 1540450     30         3 classification  False Extraction   None   False LogisticRegression        True        PCA         0.0227      <NA> 4.6279     lbfgs         ovr NA   <NA>            NA                     <NA>                   NA           NA      <NA>               NA   <NA>    NA            NA       NA       <NA>          NA    <NA>            NA               NA      NA   True randomized          <NA>    <NA>             <NA>                   <NA>      <NA>                     <NA>                   NA             NA          <NA>      271       <NA>     NA    NA              NA              <NA>                 NA       NA       NA    <NA>
243 cifar10 1540450     30         3 classification  False Extraction   None   False LogisticRegression        True        PCA         0.0280      <NA> 4.1228     lbfgs         ovr NA   <NA>            NA                     <NA>                   NA           NA      <NA>               NA   <NA>    NA            NA       NA       <NA>          NA    <NA>            NA               NA      NA   True randomized          <NA>    <NA>             <NA>                   <NA>      <NA>                     <NA>                   NA             NA          <NA>      553       <NA>     NA    NA              NA              <NA>                 NA       NA       NA    <NA>
297 cifar10 1540450     30         3 classification  False Extraction   None   False LogisticRegression        True        PCA         0.0239      <NA> 0.3807     lbfgs         ovr NA   <NA>            NA                     <NA>                   NA           NA      <NA>               NA   <NA>    NA            NA       NA       <NA>          NA    <NA>            NA               NA      NA   True randomized          <NA>    <NA>             <NA>                   <NA>      <NA>                     <NA>                   NA             NA          <NA>      209       <NA>     NA    NA              NA              <NA>                 NA       NA       NA    <NA>
306 cifar10 1540450     30         3 classification  False Extraction   None   False LogisticRegression        True        PCA         0.0253      <NA> 4.6387     lbfgs         ovr NA   <NA>            NA                     <NA>                   NA           NA      <NA>               NA   <NA>    NA            NA       NA       <NA>          NA    <NA>            NA               NA      NA   True randomized          <NA>    <NA>             <NA>                   <NA>      <NA>                     <NA>                   NA             NA          <NA>      392       <NA>     NA    NA              NA              <NA>                 NA       NA       NA    <NA>
296 cifar10 1540450     30         3 classification  False Extraction   None   False LogisticRegression        True        PCA         0.0156      <NA> 3.5621     lbfgs         ovr NA   <NA>            NA                     <NA>                   NA           NA      <NA>               NA   <NA>    NA            NA       NA       <NA>          NA    <NA>            NA               NA      NA   True randomized          <NA>    <NA>             <NA>                   <NA>      <NA>                     <NA>                   NA             NA          <NA>      384       <NA>     NA    NA              NA              <NA>                 NA       NA       NA    <NA>
337 cifar10 1540450     30         3 classification  False Extraction   None   False LogisticRegression        True        PCA         0.0180      <NA> 4.5159     lbfgs         ovr NA   <NA>            NA                     <NA>                   NA           NA      <NA>               NA   <NA>    NA            NA       NA       <NA>          NA    <NA>            NA               NA      NA   True randomized          <NA>    <NA>             <NA>                   <NA>      <NA>                     <NA>                   NA             NA          <NA>      701       <NA>     NA    NA              NA              <NA>                 NA       NA       NA    <NA>
# 2020-06-27 10:54:10 BRT: Iteration 10 of 10
# experimentsUsedSoFar: 1881
# remainingBudget: 119
# currentBudget: 119
# nbConfigurations: 15
  Markers:
     x No test is performed.
     - The test is performed and some configurations are discarded.
     = The test is performed but no configuration is discarded.
     ! The test is performed and configurations could be discarded but elite configurations are preserved.
     . All alive configurations are elite and nothing is discarded

+-+-----------+-----------+-----------+---------------+-----------+--------+-----+----+------+
| |   Instance|      Alive|       Best|      Mean best| Exp so far|  W time|  rho|KenW|  Qvar|
+-+-----------+-----------+-----------+---------------+-----------+--------+-----+----+------+
|x|         14|         15|        362|  -0.3400000000|         15|00:13:23|   NA|  NA|    NA|
|x|          2|         15|        362|  -0.3373333333|         23|00:10:28|+0.95|0.97|0.0007|
|x|          6|         15|        362|  -0.3349333333|         31|00:10:30|+0.82|0.88|0.0043|
|x|          9|         15|        204|  -0.3393000000|         39|00:10:29|+0.84|0.88|0.0041|
|!|          1|          8|        211|  -0.3376266667|         48|00:10:57|+0.12|0.30|0.7557|
|=|          7|          8|        362|  -0.3360666667|         50|00:00:40|+0.07|0.22|0.8008|
|=|          8|          8|        362|  -0.3370476190|         52|00:00:41|-0.02|0.12|0.8809|
|=|          5|          8|        362|  -0.3365166667|         53|00:00:19|+0.05|0.17|0.8216|
|=|         12|          8|        362|  -0.3363703704|         54|00:00:19|-0.03|0.09|0.8776|
|=|         11|          8|        362|  -0.3370000000|         55|00:00:19|-0.06|0.05|0.9045|
|=|         13|          8|        362|  -0.3375757576|         56|00:00:19|-0.04|0.05|0.8824|
|=|          4|          8|        362|  -0.3373444444|         57|00:00:19|-0.01|0.07|0.8508|
|=|         10|          8|        362|  -0.3367487179|         58|00:00:19|-0.01|0.07|0.8458|
|=|          3|          8|        362|  -0.3364476190|         63|00:01:46|-0.00|0.07|0.8367|
|=|         15|          8|        204|  -0.3369066667|         71|00:02:58|+0.01|0.07|0.8317|
+-+-----------+-----------+-----------+---------------+-----------+--------+-----+----+------+
Best-so-far configuration:         204    mean value:   -0.3369066667
Description of the best-so-far configuration:
    .ID. dataset  job_id cutoff metafolds           task sparse     f_eng1 f_eng2 scaling          algorithm pre_scaling extraction ext_components selection   lr_C lr_solver multi_class  C kernel rf_estimators criterion_classification criterion_regression max_features max_depth min_samples_leaf solver alpha hidden_layers neurons1 activation n_neighbors weights ab_estimators ab_learning_rate ab_loss whiten svd_solver ica_algorithm ica_fun dl_fit_algorithm dl_transform_algorithm sel_model sel_score_classification sel_score_regression sel_percentile sel_threshold max_iter lr_penalty degree gamma max_depth_value mlp_learning_rate learning_rate_init neurons2 neurons3 lr_dual .PARENT.
204  204 cifar10 1540450     30         3 classification  False Extraction   None   False LogisticRegression        True        PCA         0.0196      <NA> 2.7255     lbfgs         ovr NA   <NA>            NA                     <NA>                   NA           NA      <NA>               NA   <NA>    NA            NA       NA       <NA>          NA    <NA>            NA               NA      NA   True randomized          <NA>    <NA>             <NA>                   <NA>      <NA>                     <NA>                   NA             NA          <NA>      401       <NA>     NA    NA              NA              <NA>                 NA       NA       NA    <NA>       35

# 2020-06-27 11:58:05 BRT: Elite configurations (first number is the configuration ID; listed from best to worst according to the sum of ranks):
    dataset  job_id cutoff metafolds           task sparse     f_eng1 f_eng2 scaling          algorithm pre_scaling extraction ext_components selection   lr_C lr_solver multi_class  C kernel rf_estimators criterion_classification criterion_regression max_features max_depth min_samples_leaf solver alpha hidden_layers neurons1 activation n_neighbors weights ab_estimators ab_learning_rate ab_loss whiten svd_solver ica_algorithm ica_fun dl_fit_algorithm dl_transform_algorithm sel_model sel_score_classification sel_score_regression sel_percentile sel_threshold max_iter lr_penalty degree gamma max_depth_value mlp_learning_rate learning_rate_init neurons2 neurons3 lr_dual
204 cifar10 1540450     30         3 classification  False Extraction   None   False LogisticRegression        True        PCA         0.0196      <NA> 2.7255     lbfgs         ovr NA   <NA>            NA                     <NA>                   NA           NA      <NA>               NA   <NA>    NA            NA       NA       <NA>          NA    <NA>            NA               NA      NA   True randomized          <NA>    <NA>             <NA>                   <NA>      <NA>                     <NA>                   NA             NA          <NA>      401       <NA>     NA    NA              NA              <NA>                 NA       NA       NA    <NA>
362 cifar10 1540450     30         3 classification  False Extraction   None   False LogisticRegression        True        PCA         0.0128      <NA> 4.6198     lbfgs         ovr NA   <NA>            NA                     <NA>                   NA           NA      <NA>               NA   <NA>    NA            NA       NA       <NA>          NA    <NA>            NA               NA      NA   True randomized          <NA>    <NA>             <NA>                   <NA>      <NA>                     <NA>                   NA             NA          <NA>      585       <NA>     NA    NA              NA              <NA>                 NA       NA       NA    <NA>
297 cifar10 1540450     30         3 classification  False Extraction   None   False LogisticRegression        True        PCA         0.0239      <NA> 0.3807     lbfgs         ovr NA   <NA>            NA                     <NA>                   NA           NA      <NA>               NA   <NA>    NA            NA       NA       <NA>          NA    <NA>            NA               NA      NA   True randomized          <NA>    <NA>             <NA>                   <NA>      <NA>                     <NA>                   NA             NA          <NA>      209       <NA>     NA    NA              NA              <NA>                 NA       NA       NA    <NA>
211 cifar10 1540450     30         3 classification  False Extraction   None   False LogisticRegression        True        PCA         0.0227      <NA> 4.6279     lbfgs         ovr NA   <NA>            NA                     <NA>                   NA           NA      <NA>               NA   <NA>    NA            NA       NA       <NA>          NA    <NA>            NA               NA      NA   True randomized          <NA>    <NA>             <NA>                   <NA>      <NA>                     <NA>                   NA             NA          <NA>      271       <NA>     NA    NA              NA              <NA>                 NA       NA       NA    <NA>
296 cifar10 1540450     30         3 classification  False Extraction   None   False LogisticRegression        True        PCA         0.0156      <NA> 3.5621     lbfgs         ovr NA   <NA>            NA                     <NA>                   NA           NA      <NA>               NA   <NA>    NA            NA       NA       <NA>          NA    <NA>            NA               NA      NA   True randomized          <NA>    <NA>             <NA>                   <NA>      <NA>                     <NA>                   NA             NA          <NA>      384       <NA>     NA    NA              NA              <NA>                 NA       NA       NA    <NA>
306 cifar10 1540450     30         3 classification  False Extraction   None   False LogisticRegression        True        PCA         0.0253      <NA> 4.6387     lbfgs         ovr NA   <NA>            NA                     <NA>                   NA           NA      <NA>               NA   <NA>    NA            NA       NA       <NA>          NA    <NA>            NA               NA      NA   True randomized          <NA>    <NA>             <NA>                   <NA>      <NA>                     <NA>                   NA             NA          <NA>      392       <NA>     NA    NA              NA              <NA>                 NA       NA       NA    <NA>
337 cifar10 1540450     30         3 classification  False Extraction   None   False LogisticRegression        True        PCA         0.0180      <NA> 4.5159     lbfgs         ovr NA   <NA>            NA                     <NA>                   NA           NA      <NA>               NA   <NA>    NA            NA       NA       <NA>          NA    <NA>            NA               NA      NA   True randomized          <NA>    <NA>             <NA>                   <NA>      <NA>                     <NA>                   NA             NA          <NA>      701       <NA>     NA    NA              NA              <NA>                 NA       NA       NA    <NA>
# 2020-06-27 11:58:05 BRT: Iteration 11 of 11
# experimentsUsedSoFar: 1952
# remainingBudget: 48
# currentBudget: 48
# nbConfigurations: 9
  Markers:
     x No test is performed.
     - The test is performed and some configurations are discarded.
     = The test is performed but no configuration is discarded.
     ! The test is performed and configurations could be discarded but elite configurations are preserved.
     . All alive configurations are elite and nothing is discarded

+-+-----------+-----------+-----------+---------------+-----------+--------+-----+----+------+
| |   Instance|      Alive|       Best|      Mean best| Exp so far|  W time|  rho|KenW|  Qvar|
+-+-----------+-----------+-----------+---------------+-----------+--------+-----+----+------+
|x|         16|          9|        337|  -0.3420000000|          9|00:04:13|   NA|  NA|    NA|
|x|         12|          9|        296|  -0.3385333333|         11|00:01:14|+0.27|0.63|0.0100|
|x|          2|          9|        296|  -0.3373777778|         13|00:01:14|+0.54|0.70|0.0053|
|x|         14|          9|        296|  -0.3370666667|         15|00:01:17|+0.60|0.70|0.0043|
|!|          8|          7|        296|  -0.3370666667|         17|00:01:13|-0.11|0.11|0.9284|
|.|          1|          7|        296|  -0.3363111111|         17|23:59:59|-0.06|0.11|0.8632|
|.|         11|          7|        296|  -0.3366285714|         17|23:59:59|-0.05|0.10|0.8785|
|.|          5|          7|        296|  -0.3357833333|         17|23:59:59|+0.01|0.13|0.8294|
|.|         13|          7|        296|  -0.3363555556|         17|23:59:59|-0.02|0.09|0.8451|
|.|          9|          7|        296|  -0.3370933333|         17|23:59:59|-0.06|0.04|0.8742|
|.|          4|          7|        296|  -0.3368000000|         17|23:59:59|-0.05|0.05|0.8530|
|.|          3|          7|        296|  -0.3364222222|         17|23:59:59|-0.02|0.06|0.8251|
|.|         15|          7|        296|  -0.3368102564|         17|23:59:59|-0.02|0.06|0.8233|
|.|          6|          7|        296|  -0.3361904762|         17|23:59:59|-0.03|0.05|0.8318|
|.|          7|          7|        296|  -0.3360088889|         17|23:59:59|-0.01|0.06|0.8216|
|.|         10|          7|        296|  -0.3355000000|         17|23:59:59|-0.02|0.05|0.8313|
+-+-----------+-----------+-----------+---------------+-----------+--------+-----+----+------+
Best-so-far configuration:         362    mean value:   -0.3369083333
Description of the best-so-far configuration:
    .ID. dataset  job_id cutoff metafolds           task sparse     f_eng1 f_eng2 scaling          algorithm pre_scaling extraction ext_components selection   lr_C lr_solver multi_class  C kernel rf_estimators criterion_classification criterion_regression max_features max_depth min_samples_leaf solver alpha hidden_layers neurons1 activation n_neighbors weights ab_estimators ab_learning_rate ab_loss whiten svd_solver ica_algorithm ica_fun dl_fit_algorithm dl_transform_algorithm sel_model sel_score_classification sel_score_regression sel_percentile sel_threshold max_iter lr_penalty degree gamma max_depth_value mlp_learning_rate learning_rate_init neurons2 neurons3 lr_dual .PARENT.
362  362 cifar10 1540450     30         3 classification  False Extraction   None   False LogisticRegression        True        PCA         0.0128      <NA> 4.6198     lbfgs         ovr NA   <NA>            NA                     <NA>                   NA           NA      <NA>               NA   <NA>    NA            NA       NA       <NA>          NA    <NA>            NA               NA      NA   True randomized          <NA>    <NA>             <NA>                   <NA>      <NA>                     <NA>                   NA             NA          <NA>      585       <NA>     NA    NA              NA              <NA>                 NA       NA       NA    <NA>      306

# 2020-06-27 12:07:18 BRT: Elite configurations (first number is the configuration ID; listed from best to worst according to the sum of ranks):
    dataset  job_id cutoff metafolds           task sparse     f_eng1 f_eng2 scaling          algorithm pre_scaling extraction ext_components selection   lr_C lr_solver multi_class  C kernel rf_estimators criterion_classification criterion_regression max_features max_depth min_samples_leaf solver alpha hidden_layers neurons1 activation n_neighbors weights ab_estimators ab_learning_rate ab_loss whiten svd_solver ica_algorithm ica_fun dl_fit_algorithm dl_transform_algorithm sel_model sel_score_classification sel_score_regression sel_percentile sel_threshold max_iter lr_penalty degree gamma max_depth_value mlp_learning_rate learning_rate_init neurons2 neurons3 lr_dual
362 cifar10 1540450     30         3 classification  False Extraction   None   False LogisticRegression        True        PCA         0.0128      <NA> 4.6198     lbfgs         ovr NA   <NA>            NA                     <NA>                   NA           NA      <NA>               NA   <NA>    NA            NA       NA       <NA>          NA    <NA>            NA               NA      NA   True randomized          <NA>    <NA>             <NA>                   <NA>      <NA>                     <NA>                   NA             NA          <NA>      585       <NA>     NA    NA              NA              <NA>                 NA       NA       NA    <NA>
204 cifar10 1540450     30         3 classification  False Extraction   None   False LogisticRegression        True        PCA         0.0196      <NA> 2.7255     lbfgs         ovr NA   <NA>            NA                     <NA>                   NA           NA      <NA>               NA   <NA>    NA            NA       NA       <NA>          NA    <NA>            NA               NA      NA   True randomized          <NA>    <NA>             <NA>                   <NA>      <NA>                     <NA>                   NA             NA          <NA>      401       <NA>     NA    NA              NA              <NA>                 NA       NA       NA    <NA>
297 cifar10 1540450     30         3 classification  False Extraction   None   False LogisticRegression        True        PCA         0.0239      <NA> 0.3807     lbfgs         ovr NA   <NA>            NA                     <NA>                   NA           NA      <NA>               NA   <NA>    NA            NA       NA       <NA>          NA    <NA>            NA               NA      NA   True randomized          <NA>    <NA>             <NA>                   <NA>      <NA>                     <NA>                   NA             NA          <NA>      209       <NA>     NA    NA              NA              <NA>                 NA       NA       NA    <NA>
211 cifar10 1540450     30         3 classification  False Extraction   None   False LogisticRegression        True        PCA         0.0227      <NA> 4.6279     lbfgs         ovr NA   <NA>            NA                     <NA>                   NA           NA      <NA>               NA   <NA>    NA            NA       NA       <NA>          NA    <NA>            NA               NA      NA   True randomized          <NA>    <NA>             <NA>                   <NA>      <NA>                     <NA>                   NA             NA          <NA>      271       <NA>     NA    NA              NA              <NA>                 NA       NA       NA    <NA>
296 cifar10 1540450     30         3 classification  False Extraction   None   False LogisticRegression        True        PCA         0.0156      <NA> 3.5621     lbfgs         ovr NA   <NA>            NA                     <NA>                   NA           NA      <NA>               NA   <NA>    NA            NA       NA       <NA>          NA    <NA>            NA               NA      NA   True randomized          <NA>    <NA>             <NA>                   <NA>      <NA>                     <NA>                   NA             NA          <NA>      384       <NA>     NA    NA              NA              <NA>                 NA       NA       NA    <NA>
337 cifar10 1540450     30         3 classification  False Extraction   None   False LogisticRegression        True        PCA         0.0180      <NA> 4.5159     lbfgs         ovr NA   <NA>            NA                     <NA>                   NA           NA      <NA>               NA   <NA>    NA            NA       NA       <NA>          NA    <NA>            NA               NA      NA   True randomized          <NA>    <NA>             <NA>                   <NA>      <NA>                     <NA>                   NA             NA          <NA>      701       <NA>     NA    NA              NA              <NA>                 NA       NA       NA    <NA>
306 cifar10 1540450     30         3 classification  False Extraction   None   False LogisticRegression        True        PCA         0.0253      <NA> 4.6387     lbfgs         ovr NA   <NA>            NA                     <NA>                   NA           NA      <NA>               NA   <NA>    NA            NA       NA       <NA>          NA    <NA>            NA               NA      NA   True randomized          <NA>    <NA>             <NA>                   <NA>      <NA>                     <NA>                   NA             NA          <NA>      392       <NA>     NA    NA              NA              <NA>                 NA       NA       NA    <NA>
# 2020-06-27 12:07:18 BRT: Iteration 12 of 12
# experimentsUsedSoFar: 1969
# remainingBudget: 31
# currentBudget: 31
# nbConfigurations: 8
  Markers:
     x No test is performed.
     - The test is performed and some configurations are discarded.
     = The test is performed but no configuration is discarded.
     ! The test is performed and configurations could be discarded but elite configurations are preserved.
     . All alive configurations are elite and nothing is discarded

+-+-----------+-----------+-----------+---------------+-----------+--------+-----+----+------+
| |   Instance|      Alive|       Best|      Mean best| Exp so far|  W time|  rho|KenW|  Qvar|
+-+-----------+-----------+-----------+---------------+-----------+--------+-----+----+------+
|x|         17|          8|        211|  -0.3389333333|          8|00:03:50|   NA|  NA|    NA|
|x|         11|          8|        306|  -0.3422000000|          9|00:01:07|+0.76|0.88|0.0007|
|x|         13|          8|        306|  -0.3428000000|         10|00:01:07|+0.50|0.67|0.0011|
|x|          7|          8|        362|  -0.3384666667|         11|00:01:07|+0.30|0.47|0.0019|
|!|         10|          7|        297|  -0.3383466667|         12|00:01:07|-0.02|0.18|0.8542|
|.|          2|          7|        297|  -0.3366888889|         12|23:59:59|-0.08|0.10|0.9391|
|.|          4|          7|        297|  -0.3360380952|         12|23:59:59|-0.02|0.12|0.8605|
|.|         16|          7|        297|  -0.3350333333|         12|23:59:59|-0.06|0.07|0.8937|
|.|          1|          7|        297|  -0.3350222222|         12|23:59:59|-0.04|0.07|0.8851|
|.|          6|          7|        297|  -0.3352000000|         12|23:59:59|-0.04|0.06|0.8771|
|.|         12|          7|        297|  -0.3353090909|         12|23:59:59|-0.03|0.06|0.8409|
|.|          5|          7|        297|  -0.3342666667|         12|23:59:59|-0.03|0.05|0.8500|
|.|          8|          7|        297|  -0.3350564103|         12|23:59:59|-0.03|0.05|0.8465|
|.|         15|          7|        297|  -0.3353142857|         12|23:59:59|-0.04|0.03|0.8584|
|.|          9|          7|        297|  -0.3361422222|         12|23:59:59|-0.04|0.03|0.8579|
|.|          3|          7|        297|  -0.3359250000|         12|23:59:59|-0.03|0.04|0.8401|
|.|         14|          7|        297|  -0.3357254902|         12|23:59:59|-0.02|0.04|0.8405|
+-+-----------+-----------+-----------+---------------+-----------+--------+-----+----+------+
Best-so-far configuration:         362    mean value:   -0.3368313725
Description of the best-so-far configuration:
    .ID. dataset  job_id cutoff metafolds           task sparse     f_eng1 f_eng2 scaling          algorithm pre_scaling extraction ext_components selection   lr_C lr_solver multi_class  C kernel rf_estimators criterion_classification criterion_regression max_features max_depth min_samples_leaf solver alpha hidden_layers neurons1 activation n_neighbors weights ab_estimators ab_learning_rate ab_loss whiten svd_solver ica_algorithm ica_fun dl_fit_algorithm dl_transform_algorithm sel_model sel_score_classification sel_score_regression sel_percentile sel_threshold max_iter lr_penalty degree gamma max_depth_value mlp_learning_rate learning_rate_init neurons2 neurons3 lr_dual .PARENT.
362  362 cifar10 1540450     30         3 classification  False Extraction   None   False LogisticRegression        True        PCA         0.0128      <NA> 4.6198     lbfgs         ovr NA   <NA>            NA                     <NA>                   NA           NA      <NA>               NA   <NA>    NA            NA       NA       <NA>          NA    <NA>            NA               NA      NA   True randomized          <NA>    <NA>             <NA>                   <NA>      <NA>                     <NA>                   NA             NA          <NA>      585       <NA>     NA    NA              NA              <NA>                 NA       NA       NA    <NA>      306

# 2020-06-27 12:15:38 BRT: Elite configurations (first number is the configuration ID; listed from best to worst according to the sum of ranks):
    dataset  job_id cutoff metafolds           task sparse     f_eng1 f_eng2 scaling          algorithm pre_scaling extraction ext_components selection   lr_C lr_solver multi_class  C kernel rf_estimators criterion_classification criterion_regression max_features max_depth min_samples_leaf solver alpha hidden_layers neurons1 activation n_neighbors weights ab_estimators ab_learning_rate ab_loss whiten svd_solver ica_algorithm ica_fun dl_fit_algorithm dl_transform_algorithm sel_model sel_score_classification sel_score_regression sel_percentile sel_threshold max_iter lr_penalty degree gamma max_depth_value mlp_learning_rate learning_rate_init neurons2 neurons3 lr_dual
362 cifar10 1540450     30         3 classification  False Extraction   None   False LogisticRegression        True        PCA         0.0128      <NA> 4.6198     lbfgs         ovr NA   <NA>            NA                     <NA>                   NA           NA      <NA>               NA   <NA>    NA            NA       NA       <NA>          NA    <NA>            NA               NA      NA   True randomized          <NA>    <NA>             <NA>                   <NA>      <NA>                     <NA>                   NA             NA          <NA>      585       <NA>     NA    NA              NA              <NA>                 NA       NA       NA    <NA>
204 cifar10 1540450     30         3 classification  False Extraction   None   False LogisticRegression        True        PCA         0.0196      <NA> 2.7255     lbfgs         ovr NA   <NA>            NA                     <NA>                   NA           NA      <NA>               NA   <NA>    NA            NA       NA       <NA>          NA    <NA>            NA               NA      NA   True randomized          <NA>    <NA>             <NA>                   <NA>      <NA>                     <NA>                   NA             NA          <NA>      401       <NA>     NA    NA              NA              <NA>                 NA       NA       NA    <NA>
211 cifar10 1540450     30         3 classification  False Extraction   None   False LogisticRegression        True        PCA         0.0227      <NA> 4.6279     lbfgs         ovr NA   <NA>            NA                     <NA>                   NA           NA      <NA>               NA   <NA>    NA            NA       NA       <NA>          NA    <NA>            NA               NA      NA   True randomized          <NA>    <NA>             <NA>                   <NA>      <NA>                     <NA>                   NA             NA          <NA>      271       <NA>     NA    NA              NA              <NA>                 NA       NA       NA    <NA>
297 cifar10 1540450     30         3 classification  False Extraction   None   False LogisticRegression        True        PCA         0.0239      <NA> 0.3807     lbfgs         ovr NA   <NA>            NA                     <NA>                   NA           NA      <NA>               NA   <NA>    NA            NA       NA       <NA>          NA    <NA>            NA               NA      NA   True randomized          <NA>    <NA>             <NA>                   <NA>      <NA>                     <NA>                   NA             NA          <NA>      209       <NA>     NA    NA              NA              <NA>                 NA       NA       NA    <NA>
296 cifar10 1540450     30         3 classification  False Extraction   None   False LogisticRegression        True        PCA         0.0156      <NA> 3.5621     lbfgs         ovr NA   <NA>            NA                     <NA>                   NA           NA      <NA>               NA   <NA>    NA            NA       NA       <NA>          NA    <NA>            NA               NA      NA   True randomized          <NA>    <NA>             <NA>                   <NA>      <NA>                     <NA>                   NA             NA          <NA>      384       <NA>     NA    NA              NA              <NA>                 NA       NA       NA    <NA>
337 cifar10 1540450     30         3 classification  False Extraction   None   False LogisticRegression        True        PCA         0.0180      <NA> 4.5159     lbfgs         ovr NA   <NA>            NA                     <NA>                   NA           NA      <NA>               NA   <NA>    NA            NA       NA       <NA>          NA    <NA>            NA               NA      NA   True randomized          <NA>    <NA>             <NA>                   <NA>      <NA>                     <NA>                   NA             NA          <NA>      701       <NA>     NA    NA              NA              <NA>                 NA       NA       NA    <NA>
306 cifar10 1540450     30         3 classification  False Extraction   None   False LogisticRegression        True        PCA         0.0253      <NA> 4.6387     lbfgs         ovr NA   <NA>            NA                     <NA>                   NA           NA      <NA>               NA   <NA>    NA            NA       NA       <NA>          NA    <NA>            NA               NA      NA   True randomized          <NA>    <NA>             <NA>                   <NA>      <NA>                     <NA>                   NA             NA          <NA>      392       <NA>     NA    NA              NA              <NA>                 NA       NA       NA    <NA>
# 2020-06-27 12:15:38 BRT: Stopped because there is not enough budget left to race more than the minimum (7)
# You may either increase the budget or set 'minNbSurvival' to a lower value
# Iteration: 13
# nbIterations: 13
# experimentsUsedSoFar: 1981
# timeUsed: 0
# remainingBudget: 19
# currentBudget: 19
# number of elites: 7
# nbConfigurations: 7
# Best configurations (first number is the configuration ID; listed from best to worst according to the sum of ranks):
    dataset  job_id cutoff metafolds           task sparse     f_eng1 f_eng2 scaling          algorithm pre_scaling extraction ext_components selection   lr_C lr_solver multi_class  C kernel rf_estimators criterion_classification criterion_regression max_features max_depth min_samples_leaf solver alpha hidden_layers neurons1 activation n_neighbors weights ab_estimators ab_learning_rate ab_loss whiten svd_solver ica_algorithm ica_fun dl_fit_algorithm dl_transform_algorithm sel_model sel_score_classification sel_score_regression sel_percentile sel_threshold max_iter lr_penalty degree gamma max_depth_value mlp_learning_rate learning_rate_init neurons2 neurons3 lr_dual
362 cifar10 1540450     30         3 classification  False Extraction   None   False LogisticRegression        True        PCA         0.0128      <NA> 4.6198     lbfgs         ovr NA   <NA>            NA                     <NA>                   NA           NA      <NA>               NA   <NA>    NA            NA       NA       <NA>          NA    <NA>            NA               NA      NA   True randomized          <NA>    <NA>             <NA>                   <NA>      <NA>                     <NA>                   NA             NA          <NA>      585       <NA>     NA    NA              NA              <NA>                 NA       NA       NA    <NA>
204 cifar10 1540450     30         3 classification  False Extraction   None   False LogisticRegression        True        PCA         0.0196      <NA> 2.7255     lbfgs         ovr NA   <NA>            NA                     <NA>                   NA           NA      <NA>               NA   <NA>    NA            NA       NA       <NA>          NA    <NA>            NA               NA      NA   True randomized          <NA>    <NA>             <NA>                   <NA>      <NA>                     <NA>                   NA             NA          <NA>      401       <NA>     NA    NA              NA              <NA>                 NA       NA       NA    <NA>
211 cifar10 1540450     30         3 classification  False Extraction   None   False LogisticRegression        True        PCA         0.0227      <NA> 4.6279     lbfgs         ovr NA   <NA>            NA                     <NA>                   NA           NA      <NA>               NA   <NA>    NA            NA       NA       <NA>          NA    <NA>            NA               NA      NA   True randomized          <NA>    <NA>             <NA>                   <NA>      <NA>                     <NA>                   NA             NA          <NA>      271       <NA>     NA    NA              NA              <NA>                 NA       NA       NA    <NA>
297 cifar10 1540450     30         3 classification  False Extraction   None   False LogisticRegression        True        PCA         0.0239      <NA> 0.3807     lbfgs         ovr NA   <NA>            NA                     <NA>                   NA           NA      <NA>               NA   <NA>    NA            NA       NA       <NA>          NA    <NA>            NA               NA      NA   True randomized          <NA>    <NA>             <NA>                   <NA>      <NA>                     <NA>                   NA             NA          <NA>      209       <NA>     NA    NA              NA              <NA>                 NA       NA       NA    <NA>
296 cifar10 1540450     30         3 classification  False Extraction   None   False LogisticRegression        True        PCA         0.0156      <NA> 3.5621     lbfgs         ovr NA   <NA>            NA                     <NA>                   NA           NA      <NA>               NA   <NA>    NA            NA       NA       <NA>          NA    <NA>            NA               NA      NA   True randomized          <NA>    <NA>             <NA>                   <NA>      <NA>                     <NA>                   NA             NA          <NA>      384       <NA>     NA    NA              NA              <NA>                 NA       NA       NA    <NA>
337 cifar10 1540450     30         3 classification  False Extraction   None   False LogisticRegression        True        PCA         0.0180      <NA> 4.5159     lbfgs         ovr NA   <NA>            NA                     <NA>                   NA           NA      <NA>               NA   <NA>    NA            NA       NA       <NA>          NA    <NA>            NA               NA      NA   True randomized          <NA>    <NA>             <NA>                   <NA>      <NA>                     <NA>                   NA             NA          <NA>      701       <NA>     NA    NA              NA              <NA>                 NA       NA       NA    <NA>
306 cifar10 1540450     30         3 classification  False Extraction   None   False LogisticRegression        True        PCA         0.0253      <NA> 4.6387     lbfgs         ovr NA   <NA>            NA                     <NA>                   NA           NA      <NA>               NA   <NA>    NA            NA       NA       <NA>          NA    <NA>            NA               NA      NA   True randomized          <NA>    <NA>             <NA>                   <NA>      <NA>                     <NA>                   NA             NA          <NA>      392       <NA>     NA    NA              NA              <NA>                 NA       NA       NA    <NA>
# Best configurations as commandlines (first number is the configuration ID; same order as above):
362  --dataset cifar10 --job_id 1540450 --cutoff 30 --metafolds 3 --task classification --sparse False --f_eng1 Extraction --f_eng2 None --pre_scaling True --extraction PCA --ext_components 0.0128 --whiten True --svd_solver randomized --scaling False --algorithm LogisticRegression --lr_C 4.6198 --lr_solver lbfgs --multi_class ovr --max_iter 585
204  --dataset cifar10 --job_id 1540450 --cutoff 30 --metafolds 3 --task classification --sparse False --f_eng1 Extraction --f_eng2 None --pre_scaling True --extraction PCA --ext_components 0.0196 --whiten True --svd_solver randomized --scaling False --algorithm LogisticRegression --lr_C 2.7255 --lr_solver lbfgs --multi_class ovr --max_iter 401
211  --dataset cifar10 --job_id 1540450 --cutoff 30 --metafolds 3 --task classification --sparse False --f_eng1 Extraction --f_eng2 None --pre_scaling True --extraction PCA --ext_components 0.0227 --whiten True --svd_solver randomized --scaling False --algorithm LogisticRegression --lr_C 4.6279 --lr_solver lbfgs --multi_class ovr --max_iter 271
297  --dataset cifar10 --job_id 1540450 --cutoff 30 --metafolds 3 --task classification --sparse False --f_eng1 Extraction --f_eng2 None --pre_scaling True --extraction PCA --ext_components 0.0239 --whiten True --svd_solver randomized --scaling False --algorithm LogisticRegression --lr_C 0.3807 --lr_solver lbfgs --multi_class ovr --max_iter 209
296  --dataset cifar10 --job_id 1540450 --cutoff 30 --metafolds 3 --task classification --sparse False --f_eng1 Extraction --f_eng2 None --pre_scaling True --extraction PCA --ext_components 0.0156 --whiten True --svd_solver randomized --scaling False --algorithm LogisticRegression --lr_C 3.5621 --lr_solver lbfgs --multi_class ovr --max_iter 384
337  --dataset cifar10 --job_id 1540450 --cutoff 30 --metafolds 3 --task classification --sparse False --f_eng1 Extraction --f_eng2 None --pre_scaling True --extraction PCA --ext_components 0.018 --whiten True --svd_solver randomized --scaling False --algorithm LogisticRegression --lr_C 4.5159 --lr_solver lbfgs --multi_class ovr --max_iter 701
306  --dataset cifar10 --job_id 1540450 --cutoff 30 --metafolds 3 --task classification --sparse False --f_eng1 Extraction --f_eng2 None --pre_scaling True --extraction PCA --ext_components 0.0253 --whiten True --svd_solver randomized --scaling False --algorithm LogisticRegression --lr_C 4.6387 --lr_solver lbfgs --multi_class ovr --max_iter 392
