*******************************************************************************
* irace: An implementation in R of Iterated Race
* Version: 3.1.2112M
* Copyright (C) 2010-2018
* Manuel Lopez-Ibanez     <manuel.lopez-ibanez@manchester.ac.uk>
* Jeremie Dubois-Lacoste  
* Leslie Perez Caceres    <leslie.perez.caceres@ulb.ac.be>
*
* This is free software, and you are welcome to redistribute it under certain
* conditions.  See the GNU General Public License for details. There is NO
* WARRANTY; not even for MERCHANTABILITY or FITNESS FOR A PARTICULAR PURPOSE.
*
* irace builds upon previous code from the race package:
*
* race: Racing methods for the selection of the best
* Copyright (C) 2003 Mauro Birattari
*******************************************************************************
# installed at: /home/cemvieira/bin/R/irace
# called with: -s scenario.txt --max-experiments 2000 -p ./cifar10/parameters-1585120.txt --parallel 32 --train-instances-file cifar10/instances.txt --log-file ./output/cifar10/cifar10-3f2k15m-irace-1585120.Rdata
# 8 expression(s) specifying forbidden configurations read from '/home/cemvieira/isklearn/forbidden.txt'
# 2020-08-14 13:28:42 BRT: Initialization
# Elitist race
# Elitist new instances: 1
# Elitist limit: 2
# nbIterations: 7
# minNbSurvival: 7
# nbParameters: 50
# seed: 1242180265
# confidence level: 0.95
# budget: 2000
# mu: 5
# deterministic: TRUE

# 2020-08-14 13:28:42 BRT: Iteration 1 of 7
# experimentsUsedSoFar: 0
# remainingBudget: 2000
# currentBudget: 285
# nbConfigurations: 47
  Markers:
     x No test is performed.
     - The test is performed and some configurations are discarded.
     = The test is performed but no configuration is discarded.
     ! The test is performed and configurations could be discarded but elite configurations are preserved.
     . All alive configurations are elite and nothing is discarded

+-+-----------+-----------+-----------+---------------+-----------+--------+-----+----+------+
| |   Instance|      Alive|       Best|      Mean best| Exp so far|  W time|  rho|KenW|  Qvar|
+-+-----------+-----------+-----------+---------------+-----------+--------+-----+----+------+
|x|          1|         47|          8|  -0.2233333333|         47|00:30:03|   NA|  NA|    NA|
|x|          2|         47|          8|  -0.2256000000|         94|00:30:01|+1.00|1.00|0.0000|
|x|          3|         47|          8|  -0.2277333333|        141|00:30:01|+1.00|1.00|0.0000|
|x|          4|         47|          8|  -0.2258000000|        188|00:30:01|+1.00|1.00|0.0000|
|!|          5|          1|          8|  -0.2275200000|        235|00:30:07|   NA|  NA|    NA|
+-+-----------+-----------+-----------+---------------+-----------+--------+-----+----+------+
Best-so-far configuration:           8    mean value:   -0.2275200000
Description of the best-so-far configuration:
  .ID. dataset  job_id cutoff metafolds           task sparse    f_eng1 f_eng2 scaling    algorithm pre_scaling extraction ext_components       selection lr_C lr_solver multi_class  C kernel rf_estimators criterion_classification criterion_regression max_features max_depth min_samples_leaf solver alpha hidden_layers neurons1 activation n_neighbors weights ab_estimators ab_learning_rate ab_loss whiten svd_solver ica_algorithm ica_fun dl_fit_algorithm dl_transform_algorithm    sel_model sel_score_classification sel_score_regression sel_percentile sel_threshold max_iter lr_penalty degree gamma max_depth_value mlp_learning_rate learning_rate_init neurons2 neurons3 lr_dual .PARENT.
8    8 cifar10 1585120     15         3 classification  False Selection   none   False DecisionTree        True       <NA>             NA SelectFromModel   NA      <NA>        <NA> NA   <NA>            NA                     gini                   NA       0.3679     value           0.0674   <NA>    NA            NA       NA       <NA>          NA    <NA>            NA               NA      NA   <NA>       <NA>          <NA>    <NA>             <NA>                   <NA> RandomForest                     <NA>                   NA             NA          mean       NA       <NA>     NA    NA              21              <NA>                 NA       NA       NA      NA       NA

# 2020-08-14 15:58:59 BRT: Elite configurations (first number is the configuration ID; listed from best to worst according to the sum of ranks):
  dataset  job_id cutoff metafolds           task sparse    f_eng1 f_eng2 scaling    algorithm pre_scaling extraction ext_components       selection lr_C lr_solver multi_class  C kernel rf_estimators criterion_classification criterion_regression max_features max_depth min_samples_leaf solver alpha hidden_layers neurons1 activation n_neighbors weights ab_estimators ab_learning_rate ab_loss whiten svd_solver ica_algorithm ica_fun dl_fit_algorithm dl_transform_algorithm    sel_model sel_score_classification sel_score_regression sel_percentile sel_threshold max_iter lr_penalty degree gamma max_depth_value mlp_learning_rate learning_rate_init neurons2 neurons3 lr_dual
8 cifar10 1585120     15         3 classification  False Selection   none   False DecisionTree        True       <NA>             NA SelectFromModel   NA      <NA>        <NA> NA   <NA>            NA                     gini                   NA       0.3679     value           0.0674   <NA>    NA            NA       NA       <NA>          NA    <NA>            NA               NA      NA   <NA>       <NA>          <NA>    <NA>             <NA>                   <NA> RandomForest                     <NA>                   NA             NA          mean       NA       <NA>     NA    NA              21              <NA>                 NA       NA       NA      NA
# 2020-08-14 15:59:00 BRT: Iteration 2 of 7
# experimentsUsedSoFar: 235
# remainingBudget: 1765
# currentBudget: 294
# nbConfigurations: 42
  Markers:
     x No test is performed.
     - The test is performed and some configurations are discarded.
     = The test is performed but no configuration is discarded.
     ! The test is performed and configurations could be discarded but elite configurations are preserved.
     . All alive configurations are elite and nothing is discarded

+-+-----------+-----------+-----------+---------------+-----------+--------+-----+----+------+
| |   Instance|      Alive|       Best|      Mean best| Exp so far|  W time|  rho|KenW|  Qvar|
+-+-----------+-----------+-----------+---------------+-----------+--------+-----+----+------+
|x|          6|         42|         87|  -0.2585333333|         42|00:30:00|   NA|  NA|    NA|
|x|          1|         42|         87|  -0.2574000000|         83|00:30:01|+1.00|1.00|0.0000|
|x|          4|         42|         87|  -0.2521333333|        124|00:30:00|+1.00|1.00|0.0000|
|x|          5|         42|         87|  -0.2525333333|        165|00:30:00|+1.00|1.00|0.0000|
|!|          3|          2|         87|  -0.2554933333|        206|00:30:00|+1.00|1.00|0.0000|
+-+-----------+-----------+-----------+---------------+-----------+--------+-----+----+------+
Best-so-far configuration:           8    mean value:   -0.2276444444
Description of the best-so-far configuration:
  .ID. dataset  job_id cutoff metafolds           task sparse    f_eng1 f_eng2 scaling    algorithm pre_scaling extraction ext_components       selection lr_C lr_solver multi_class  C kernel rf_estimators criterion_classification criterion_regression max_features max_depth min_samples_leaf solver alpha hidden_layers neurons1 activation n_neighbors weights ab_estimators ab_learning_rate ab_loss whiten svd_solver ica_algorithm ica_fun dl_fit_algorithm dl_transform_algorithm    sel_model sel_score_classification sel_score_regression sel_percentile sel_threshold max_iter lr_penalty degree gamma max_depth_value mlp_learning_rate learning_rate_init neurons2 neurons3 lr_dual .PARENT.
8    8 cifar10 1585120     15         3 classification  False Selection   none   False DecisionTree        True       <NA>             NA SelectFromModel   NA      <NA>        <NA> NA   <NA>            NA                     gini                   NA       0.3679     value           0.0674   <NA>    NA            NA       NA       <NA>          NA    <NA>            NA               NA      NA   <NA>       <NA>          <NA>    <NA>             <NA>                   <NA> RandomForest                     <NA>                   NA             NA          mean       NA       <NA>     NA    NA              21              <NA>                 NA       NA       NA      NA       NA

# 2020-08-14 18:29:06 BRT: Elite configurations (first number is the configuration ID; listed from best to worst according to the sum of ranks):
   dataset  job_id cutoff metafolds           task sparse    f_eng1 f_eng2 scaling          algorithm pre_scaling extraction ext_components       selection    lr_C lr_solver multi_class  C kernel rf_estimators criterion_classification criterion_regression max_features max_depth min_samples_leaf solver alpha hidden_layers neurons1 activation n_neighbors weights ab_estimators ab_learning_rate ab_loss whiten svd_solver ica_algorithm ica_fun dl_fit_algorithm dl_transform_algorithm    sel_model sel_score_classification sel_score_regression sel_percentile sel_threshold max_iter lr_penalty degree gamma max_depth_value mlp_learning_rate learning_rate_init neurons2 neurons3 lr_dual
8  cifar10 1585120     15         3 classification  False Selection   none   False       DecisionTree        True       <NA>             NA SelectFromModel      NA      <NA>        <NA> NA   <NA>            NA                     gini                   NA       0.3679     value           0.0674   <NA>    NA            NA       NA       <NA>          NA    <NA>            NA               NA      NA   <NA>       <NA>          <NA>    <NA>             <NA>                   <NA> RandomForest                     <NA>                   NA             NA          mean       NA       <NA>     NA    NA              21              <NA>                 NA       NA       NA      NA
87 cifar10 1585120     15         3 classification  False      none   none    True LogisticRegression        <NA>       <NA>             NA            <NA> -1.8423 liblinear         ovr NA   <NA>            NA                     <NA>                   NA           NA      <NA>               NA   <NA>    NA            NA       NA       <NA>          NA    <NA>            NA               NA      NA   <NA>       <NA>          <NA>    <NA>             <NA>                   <NA>         <NA>                     <NA>                   NA             NA          <NA>       NA         l1     NA    NA              NA              <NA>                 NA       NA       NA      NA
# 2020-08-14 18:29:06 BRT: Iteration 3 of 7
# experimentsUsedSoFar: 441
# remainingBudget: 1559
# currentBudget: 311
# nbConfigurations: 40
  Markers:
     x No test is performed.
     - The test is performed and some configurations are discarded.
     = The test is performed but no configuration is discarded.
     ! The test is performed and configurations could be discarded but elite configurations are preserved.
     . All alive configurations are elite and nothing is discarded

+-+-----------+-----------+-----------+---------------+-----------+--------+-----+----+------+
| |   Instance|      Alive|       Best|      Mean best| Exp so far|  W time|  rho|KenW|  Qvar|
+-+-----------+-----------+-----------+---------------+-----------+--------+-----+----+------+
|x|          7|         40|        125|  -0.2469333333|         40|00:20:01|   NA|  NA|    NA|
|x|          3|         40|         96|  -0.2441333333|         78|00:16:55|+0.91|0.95|0.0577|
|x|          6|         40|         96|  -0.2428000000|        116|00:21:03|+0.91|0.94|0.0792|
|x|          1|         40|         96|  -0.2414333333|        154|00:19:45|+0.93|0.95|0.0696|
|!|          4|          5|        125|  -0.2401066667|        192|00:20:31|+0.54|0.63|0.5570|
+-+-----------+-----------+-----------+---------------+-----------+--------+-----+----+------+
Best-so-far configuration:           8    mean value:   -0.2291238095
Description of the best-so-far configuration:
  .ID. dataset  job_id cutoff metafolds           task sparse    f_eng1 f_eng2 scaling    algorithm pre_scaling extraction ext_components       selection lr_C lr_solver multi_class  C kernel rf_estimators criterion_classification criterion_regression max_features max_depth min_samples_leaf solver alpha hidden_layers neurons1 activation n_neighbors weights ab_estimators ab_learning_rate ab_loss whiten svd_solver ica_algorithm ica_fun dl_fit_algorithm dl_transform_algorithm    sel_model sel_score_classification sel_score_regression sel_percentile sel_threshold max_iter lr_penalty degree gamma max_depth_value mlp_learning_rate learning_rate_init neurons2 neurons3 lr_dual .PARENT.
8    8 cifar10 1585120     15         3 classification  False Selection   none   False DecisionTree        True       <NA>             NA SelectFromModel   NA      <NA>        <NA> NA   <NA>            NA                     gini                   NA       0.3679     value           0.0674   <NA>    NA            NA       NA       <NA>          NA    <NA>            NA               NA      NA   <NA>       <NA>          <NA>    <NA>             <NA>                   <NA> RandomForest                     <NA>                   NA             NA          mean       NA       <NA>     NA    NA              21              <NA>                 NA       NA       NA      NA       NA

# 2020-08-14 20:07:25 BRT: Elite configurations (first number is the configuration ID; listed from best to worst according to the sum of ranks):
    dataset  job_id cutoff metafolds           task sparse    f_eng1 f_eng2 scaling          algorithm pre_scaling extraction ext_components        selection    lr_C lr_solver multi_class  C kernel rf_estimators criterion_classification criterion_regression max_features max_depth min_samples_leaf solver alpha hidden_layers neurons1 activation n_neighbors  weights ab_estimators ab_learning_rate ab_loss whiten svd_solver ica_algorithm ica_fun dl_fit_algorithm dl_transform_algorithm    sel_model sel_score_classification sel_score_regression sel_percentile sel_threshold max_iter lr_penalty degree gamma max_depth_value mlp_learning_rate learning_rate_init neurons2 neurons3 lr_dual
8   cifar10 1585120     15         3 classification  False Selection   none   False       DecisionTree        True       <NA>             NA  SelectFromModel      NA      <NA>        <NA> NA   <NA>            NA                     gini                   NA       0.3679     value           0.0674   <NA>    NA            NA       NA       <NA>          NA     <NA>            NA               NA      NA   <NA>       <NA>          <NA>    <NA>             <NA>                   <NA> RandomForest                     <NA>                   NA             NA          mean       NA       <NA>     NA    NA              21              <NA>                 NA       NA       NA      NA
87  cifar10 1585120     15         3 classification  False      none   none    True LogisticRegression        <NA>       <NA>             NA             <NA> -1.8423 liblinear         ovr NA   <NA>            NA                     <NA>                   NA           NA      <NA>               NA   <NA>    NA            NA       NA       <NA>          NA     <NA>            NA               NA      NA   <NA>       <NA>          <NA>    <NA>             <NA>                   <NA>         <NA>                     <NA>                   NA             NA          <NA>       NA         l1     NA    NA              NA              <NA>                 NA       NA       NA      NA
125 cifar10 1585120     15         3 classification  False      none   none   False         KNeighbors        <NA>       <NA>             NA             <NA>      NA      <NA>        <NA> NA   <NA>            NA                     <NA>                   NA           NA      <NA>               NA   <NA>    NA            NA       NA       <NA>          85 distance            NA               NA      NA   <NA>       <NA>          <NA>    <NA>             <NA>                   <NA>         <NA>                     <NA>                   NA             NA          <NA>       NA       <NA>     NA    NA              NA              <NA>                 NA       NA       NA      NA
96  cifar10 1585120     15         3 classification  False Selection   none    True       DecisionTree       False       <NA>             NA SelectPercentile      NA      <NA>        <NA> NA   <NA>            NA                     gini                   NA       0.6355      none           0.0388   <NA>    NA            NA       NA       <NA>          NA     <NA>            NA               NA      NA   <NA>       <NA>          <NA>    <NA>             <NA>                   <NA>         <NA>                f_classif                   NA             58          <NA>       NA       <NA>     NA    NA              38              <NA>                 NA       NA       NA      NA
112 cifar10 1585120     15         3 classification  False Selection   none   False       DecisionTree        True       <NA>             NA  SelectFromModel      NA      <NA>        <NA> NA   <NA>            NA                  entropy                   NA       0.3976     value           0.1037   <NA>    NA            NA       NA       <NA>          NA     <NA>            NA               NA      NA   <NA>       <NA>          <NA>    <NA>             <NA>                   <NA> RandomForest                     <NA>                   NA             NA        median       NA       <NA>     NA    NA              44              <NA>                 NA       NA       NA      NA
# 2020-08-14 20:07:25 BRT: Iteration 4 of 7
# experimentsUsedSoFar: 633
# remainingBudget: 1367
# currentBudget: 341
# nbConfigurations: 41
  Markers:
     x No test is performed.
     - The test is performed and some configurations are discarded.
     = The test is performed but no configuration is discarded.
     ! The test is performed and configurations could be discarded but elite configurations are preserved.
     . All alive configurations are elite and nothing is discarded

+-+-----------+-----------+-----------+---------------+-----------+--------+-----+----+------+
| |   Instance|      Alive|       Best|      Mean best| Exp so far|  W time|  rho|KenW|  Qvar|
+-+-----------+-----------+-----------+---------------+-----------+--------+-----+----+------+
|x|          8|         41|        156|  -0.3382666667|         41|00:22:56|   NA|  NA|    NA|
|x|          7|         41|        156|  -0.3352666667|         77|00:21:57|+0.90|0.95|0.1000|
|x|          1|         41|        156|  -0.3356888889|        113|00:19:47|+0.88|0.92|0.0985|
|x|          2|         41|        156|  -0.3355000000|        153|00:32:09|+0.82|0.87|0.1393|
|!|          6|         10|         96|  -0.2342400000|        189|00:38:25|+0.18|0.35|0.8526|
|!|          5|          8|        156|    715827882.4|        197|00:04:53|+0.15|0.29|0.8228|
|!|          4|          7|        156|    613566756.3|        200|00:02:12|+0.24|0.35|0.7606|
+-+-----------+-----------+-----------+---------------+-----------+--------+-----+----+------+
Best-so-far configuration:          87    mean value:     1610612736.
Description of the best-so-far configuration:
   .ID. dataset  job_id cutoff metafolds           task sparse f_eng1 f_eng2 scaling          algorithm pre_scaling extraction ext_components selection    lr_C lr_solver multi_class  C kernel rf_estimators criterion_classification criterion_regression max_features max_depth min_samples_leaf solver alpha hidden_layers neurons1 activation n_neighbors weights ab_estimators ab_learning_rate ab_loss whiten svd_solver ica_algorithm ica_fun dl_fit_algorithm dl_transform_algorithm sel_model sel_score_classification sel_score_regression sel_percentile sel_threshold max_iter lr_penalty degree gamma max_depth_value mlp_learning_rate learning_rate_init neurons2 neurons3 lr_dual .PARENT.
87   87 cifar10 1585120     15         3 classification  False   none   none    True LogisticRegression        <NA>       <NA>             NA      <NA> -1.8423 liblinear         ovr NA   <NA>            NA                     <NA>                   NA           NA      <NA>               NA   <NA>    NA            NA       NA       <NA>          NA    <NA>            NA               NA      NA   <NA>       <NA>          <NA>    <NA>             <NA>                   <NA>      <NA>                     <NA>                   NA             NA          <NA>       NA         l1     NA    NA              NA              <NA>                 NA       NA       NA      NA        8

# 2020-08-14 22:29:50 BRT: Elite configurations (first number is the configuration ID; listed from best to worst according to the sum of ranks):
    dataset  job_id cutoff metafolds           task sparse    f_eng1 f_eng2 scaling          algorithm pre_scaling extraction ext_components        selection    lr_C lr_solver multi_class  C kernel rf_estimators criterion_classification criterion_regression max_features max_depth min_samples_leaf solver alpha hidden_layers neurons1 activation n_neighbors  weights ab_estimators ab_learning_rate ab_loss whiten svd_solver ica_algorithm ica_fun dl_fit_algorithm dl_transform_algorithm    sel_model sel_score_classification sel_score_regression sel_percentile sel_threshold max_iter lr_penalty degree gamma max_depth_value mlp_learning_rate learning_rate_init neurons2 neurons3 lr_dual
87  cifar10 1585120     15         3 classification  False      none   none    True LogisticRegression        <NA>       <NA>             NA             <NA> -1.8423 liblinear         ovr NA   <NA>            NA                     <NA>                   NA           NA      <NA>               NA   <NA>    NA            NA       NA       <NA>          NA     <NA>            NA               NA      NA   <NA>       <NA>          <NA>    <NA>             <NA>                   <NA>         <NA>                     <NA>                   NA             NA          <NA>       NA         l1     NA    NA              NA              <NA>                 NA       NA       NA      NA
96  cifar10 1585120     15         3 classification  False Selection   none    True       DecisionTree       False       <NA>             NA SelectPercentile      NA      <NA>        <NA> NA   <NA>            NA                     gini                   NA       0.6355      none           0.0388   <NA>    NA            NA       NA       <NA>          NA     <NA>            NA               NA      NA   <NA>       <NA>          <NA>    <NA>             <NA>                   <NA>         <NA>                f_classif                   NA             58          <NA>       NA       <NA>     NA    NA              38              <NA>                 NA       NA       NA      NA
125 cifar10 1585120     15         3 classification  False      none   none   False         KNeighbors        <NA>       <NA>             NA             <NA>      NA      <NA>        <NA> NA   <NA>            NA                     <NA>                   NA           NA      <NA>               NA   <NA>    NA            NA       NA       <NA>          85 distance            NA               NA      NA   <NA>       <NA>          <NA>    <NA>             <NA>                   <NA>         <NA>                     <NA>                   NA             NA          <NA>       NA       <NA>     NA    NA              NA              <NA>                 NA       NA       NA      NA
8   cifar10 1585120     15         3 classification  False Selection   none   False       DecisionTree        True       <NA>             NA  SelectFromModel      NA      <NA>        <NA> NA   <NA>            NA                     gini                   NA       0.3679     value           0.0674   <NA>    NA            NA       NA       <NA>          NA     <NA>            NA               NA      NA   <NA>       <NA>          <NA>    <NA>             <NA>                   <NA> RandomForest                     <NA>                   NA             NA          mean       NA       <NA>     NA    NA              21              <NA>                 NA       NA       NA      NA
112 cifar10 1585120     15         3 classification  False Selection   none   False       DecisionTree        True       <NA>             NA  SelectFromModel      NA      <NA>        <NA> NA   <NA>            NA                  entropy                   NA       0.3976     value           0.1037   <NA>    NA            NA       NA       <NA>          NA     <NA>            NA               NA      NA   <NA>       <NA>          <NA>    <NA>             <NA>                   <NA> RandomForest                     <NA>                   NA             NA        median       NA       <NA>     NA    NA              44              <NA>                 NA       NA       NA      NA
156 cifar10 1585120     15         3 classification  False      none   none    True LogisticRegression        <NA>       <NA>             NA             <NA> -2.3085     lbfgs         ovr NA   <NA>            NA                     <NA>                   NA           NA      <NA>               NA   <NA>    NA            NA       NA       <NA>          NA     <NA>            NA               NA      NA   <NA>       <NA>          <NA>    <NA>             <NA>                   <NA>         <NA>                     <NA>                   NA             NA          <NA>      414       <NA>     NA    NA              NA              <NA>                 NA       NA       NA      NA
158 cifar10 1585120     15         3 classification  False Selection   none   False         KNeighbors        True       <NA>             NA  SelectFromModel      NA      <NA>        <NA> NA   <NA>            NA                     <NA>                   NA           NA      <NA>               NA   <NA>    NA            NA       NA       <NA>          80  uniform            NA               NA      NA   <NA>       <NA>          <NA>    <NA>             <NA>                   <NA> RandomForest                     <NA>                   NA             NA          mean       NA       <NA>     NA    NA              NA              <NA>                 NA       NA       NA      NA
# 2020-08-14 22:29:50 BRT: Iteration 5 of 7
# experimentsUsedSoFar: 833
# remainingBudget: 1167
# currentBudget: 389
# nbConfigurations: 44
  Markers:
     x No test is performed.
     - The test is performed and some configurations are discarded.
     = The test is performed but no configuration is discarded.
     ! The test is performed and configurations could be discarded but elite configurations are preserved.
     . All alive configurations are elite and nothing is discarded

+-+-----------+-----------+-----------+---------------+-----------+--------+-----+----+------+
| |   Instance|      Alive|       Best|      Mean best| Exp so far|  W time|  rho|KenW|  Qvar|
+-+-----------+-----------+-----------+---------------+-----------+--------+-----+----+------+
|x|          9|         44|        186|  -0.3454666667|         44|00:20:48|   NA|  NA|    NA|
|x|          3|         44|        186|  -0.3467333333|         83|00:18:40|+0.87|0.93|0.0850|
|x|          8|         44|        186|  -0.3475111111|        120|00:16:32|+0.88|0.92|0.0869|
|x|          2|         44|        186|  -0.3484333333|        157|00:16:32|+0.89|0.92|0.0728|
|!|          1|          9|        186|  -0.3494400000|        194|00:16:29|+0.65|0.72|0.4734|
|!|          7|          8|        186|  -0.3496000000|        196|00:01:52|+0.67|0.72|0.4752|
|-|          4|          8|        186|  -0.3496380952|        197|00:00:43|+0.68|0.73|0.4764|
|-|          5|          8|        186|  -0.3509000000|        198|00:00:43|+0.68|0.72|0.4640|
|!|          6|          1|        186|  -0.3503703704|        199|00:00:43|   NA|  NA|    NA|
+-+-----------+-----------+-----------+---------------+-----------+--------+-----+----+------+
Best-so-far configuration:         186    mean value:   -0.3503703704
Description of the best-so-far configuration:
    .ID. dataset  job_id cutoff metafolds           task sparse f_eng1 f_eng2 scaling          algorithm pre_scaling extraction ext_components selection   lr_C lr_solver multi_class  C kernel rf_estimators criterion_classification criterion_regression max_features max_depth min_samples_leaf solver alpha hidden_layers neurons1 activation n_neighbors weights ab_estimators ab_learning_rate ab_loss whiten svd_solver ica_algorithm ica_fun dl_fit_algorithm dl_transform_algorithm sel_model sel_score_classification sel_score_regression sel_percentile sel_threshold max_iter lr_penalty degree gamma max_depth_value mlp_learning_rate learning_rate_init neurons2 neurons3 lr_dual .PARENT.
186  186 cifar10 1585120     15         3 classification  False   none   none    True LogisticRegression        <NA>       <NA>             NA      <NA> -2.659     lbfgs         ovr NA   <NA>            NA                     <NA>                   NA           NA      <NA>               NA   <NA>    NA            NA       NA       <NA>          NA    <NA>            NA               NA      NA   <NA>       <NA>          <NA>    <NA>             <NA>                   <NA>      <NA>                     <NA>                   NA             NA          <NA>      711       <NA>     NA    NA              NA              <NA>                 NA       NA       NA    <NA>      156

# 2020-08-15 00:02:58 BRT: Elite configurations (first number is the configuration ID; listed from best to worst according to the sum of ranks):
    dataset  job_id cutoff metafolds           task sparse f_eng1 f_eng2 scaling          algorithm pre_scaling extraction ext_components selection   lr_C lr_solver multi_class  C kernel rf_estimators criterion_classification criterion_regression max_features max_depth min_samples_leaf solver alpha hidden_layers neurons1 activation n_neighbors weights ab_estimators ab_learning_rate ab_loss whiten svd_solver ica_algorithm ica_fun dl_fit_algorithm dl_transform_algorithm sel_model sel_score_classification sel_score_regression sel_percentile sel_threshold max_iter lr_penalty degree gamma max_depth_value mlp_learning_rate learning_rate_init neurons2 neurons3 lr_dual
186 cifar10 1585120     15         3 classification  False   none   none    True LogisticRegression        <NA>       <NA>             NA      <NA> -2.659     lbfgs         ovr NA   <NA>            NA                     <NA>                   NA           NA      <NA>               NA   <NA>    NA            NA       NA       <NA>          NA    <NA>            NA               NA      NA   <NA>       <NA>          <NA>    <NA>             <NA>                   <NA>      <NA>                     <NA>                   NA             NA          <NA>      711       <NA>     NA    NA              NA              <NA>                 NA       NA       NA    <NA>
# 2020-08-15 00:02:59 BRT: Iteration 6 of 7
# experimentsUsedSoFar: 1032
# remainingBudget: 968
# currentBudget: 484
# nbConfigurations: 49
  Markers:
     x No test is performed.
     - The test is performed and some configurations are discarded.
     = The test is performed but no configuration is discarded.
     ! The test is performed and configurations could be discarded but elite configurations are preserved.
     . All alive configurations are elite and nothing is discarded

+-+-----------+-----------+-----------+---------------+-----------+--------+-----+----+------+
| |   Instance|      Alive|       Best|      Mean best| Exp so far|  W time|  rho|KenW|  Qvar|
+-+-----------+-----------+-----------+---------------+-----------+--------+-----+----+------+
|x|         10|         49|        232|  -0.3618666667|         49|00:30:04|   NA|  NA|    NA|
|x|          1|         49|        232|  -0.3618666667|         97|00:30:03|+0.86|0.93|0.1512|
|x|          9|         49|        232|  -0.3580888889|        145|00:30:02|+0.91|0.94|0.1008|
|x|          2|         49|        232|  -0.3582666667|        193|00:30:02|+0.93|0.95|0.0756|
|!|          4|          4|        247|  -0.3586666667|        241|00:30:01|+0.52|0.62|0.0048|
+-+-----------+-----------+-----------+---------------+-----------+--------+-----+----+------+
Best-so-far configuration:         186    mean value:     429496729.3
Description of the best-so-far configuration:
    .ID. dataset  job_id cutoff metafolds           task sparse f_eng1 f_eng2 scaling          algorithm pre_scaling extraction ext_components selection   lr_C lr_solver multi_class  C kernel rf_estimators criterion_classification criterion_regression max_features max_depth min_samples_leaf solver alpha hidden_layers neurons1 activation n_neighbors weights ab_estimators ab_learning_rate ab_loss whiten svd_solver ica_algorithm ica_fun dl_fit_algorithm dl_transform_algorithm sel_model sel_score_classification sel_score_regression sel_percentile sel_threshold max_iter lr_penalty degree gamma max_depth_value mlp_learning_rate learning_rate_init neurons2 neurons3 lr_dual .PARENT.
186  186 cifar10 1585120     15         3 classification  False   none   none    True LogisticRegression        <NA>       <NA>             NA      <NA> -2.659     lbfgs         ovr NA   <NA>            NA                     <NA>                   NA           NA      <NA>               NA   <NA>    NA            NA       NA       <NA>          NA    <NA>            NA               NA      NA   <NA>       <NA>          <NA>    <NA>             <NA>                   <NA>      <NA>                     <NA>                   NA             NA          <NA>      711       <NA>     NA    NA              NA              <NA>                 NA       NA       NA    <NA>      156

# 2020-08-15 02:33:14 BRT: Elite configurations (first number is the configuration ID; listed from best to worst according to the sum of ranks):
    dataset  job_id cutoff metafolds           task sparse f_eng1 f_eng2 scaling          algorithm pre_scaling extraction ext_components selection    lr_C lr_solver multi_class  C kernel rf_estimators criterion_classification criterion_regression max_features max_depth min_samples_leaf solver alpha hidden_layers neurons1 activation n_neighbors weights ab_estimators ab_learning_rate ab_loss whiten svd_solver ica_algorithm ica_fun dl_fit_algorithm dl_transform_algorithm sel_model sel_score_classification sel_score_regression sel_percentile sel_threshold max_iter lr_penalty degree gamma max_depth_value mlp_learning_rate learning_rate_init neurons2 neurons3 lr_dual
186 cifar10 1585120     15         3 classification  False   none   none    True LogisticRegression        <NA>       <NA>             NA      <NA> -2.6590     lbfgs         ovr NA   <NA>            NA                     <NA>                   NA           NA      <NA>               NA   <NA>    NA            NA       NA       <NA>          NA    <NA>            NA               NA      NA   <NA>       <NA>          <NA>    <NA>             <NA>                   <NA>      <NA>                     <NA>                   NA             NA          <NA>      711       <NA>     NA    NA              NA              <NA>                 NA       NA       NA    <NA>
247 cifar10 1585120     15         3 classification  False   none   none    True LogisticRegression        <NA>       <NA>             NA      <NA> -3.0388     lbfgs         ovr NA   <NA>            NA                     <NA>                   NA           NA      <NA>               NA   <NA>    NA            NA       NA       <NA>          NA    <NA>            NA               NA      NA   <NA>       <NA>          <NA>    <NA>             <NA>                   <NA>      <NA>                     <NA>                   NA             NA          <NA>      631       <NA>     NA    NA              NA              <NA>                 NA       NA       NA    <NA>
233 cifar10 1585120     15         3 classification  False   none   none    True LogisticRegression        <NA>       <NA>             NA      <NA> -3.0190     lbfgs         ovr NA   <NA>            NA                     <NA>                   NA           NA      <NA>               NA   <NA>    NA            NA       NA       <NA>          NA    <NA>            NA               NA      NA   <NA>       <NA>          <NA>    <NA>             <NA>                   <NA>      <NA>                     <NA>                   NA             NA          <NA>      681       <NA>     NA    NA              NA              <NA>                 NA       NA       NA    <NA>
232 cifar10 1585120     15         3 classification  False   none   none    True LogisticRegression        <NA>       <NA>             NA      <NA> -2.9954     lbfgs         ovr NA   <NA>            NA                     <NA>                   NA           NA      <NA>               NA   <NA>    NA            NA       NA       <NA>          NA    <NA>            NA               NA      NA   <NA>       <NA>          <NA>    <NA>             <NA>                   <NA>      <NA>                     <NA>                   NA             NA          <NA>      694       <NA>     NA    NA              NA              <NA>                 NA       NA       NA    <NA>
# 2020-08-15 02:33:14 BRT: Iteration 7 of 7
# experimentsUsedSoFar: 1273
# remainingBudget: 727
# currentBudget: 727
# nbConfigurations: 69
  Markers:
     x No test is performed.
     - The test is performed and some configurations are discarded.
     = The test is performed but no configuration is discarded.
     ! The test is performed and configurations could be discarded but elite configurations are preserved.
     . All alive configurations are elite and nothing is discarded

+-+-----------+-----------+-----------+---------------+-----------+--------+-----+----+------+
| |   Instance|      Alive|       Best|      Mean best| Exp so far|  W time|  rho|KenW|  Qvar|
+-+-----------+-----------+-----------+---------------+-----------+--------+-----+----+------+
|x|         11|         69|        310|  -0.3533333333|         69|00:40:37|   NA|  NA|    NA|
|x|         10|         69|        312|  -0.2839333333|        134|00:31:43|+0.16|0.58|0.8181|
|x|          6|         69|        312|  -0.2844888889|        202|00:36:54|+0.38|0.59|0.6162|
|x|          8|         69|        312|  -0.2851333333|        270|00:36:56|+0.52|0.64|0.4799|
|!|          2|          5|        312|  -0.2846133333|        335|00:31:41|-0.24|0.01|0.9019|
+-+-----------+-----------+-----------+---------------+-----------+--------+-----+----+------+
Best-so-far configuration:         186    mean value:     780903144.4
Description of the best-so-far configuration:
    .ID. dataset  job_id cutoff metafolds           task sparse f_eng1 f_eng2 scaling          algorithm pre_scaling extraction ext_components selection   lr_C lr_solver multi_class  C kernel rf_estimators criterion_classification criterion_regression max_features max_depth min_samples_leaf solver alpha hidden_layers neurons1 activation n_neighbors weights ab_estimators ab_learning_rate ab_loss whiten svd_solver ica_algorithm ica_fun dl_fit_algorithm dl_transform_algorithm sel_model sel_score_classification sel_score_regression sel_percentile sel_threshold max_iter lr_penalty degree gamma max_depth_value mlp_learning_rate learning_rate_init neurons2 neurons3 lr_dual .PARENT.
186  186 cifar10 1585120     15         3 classification  False   none   none    True LogisticRegression        <NA>       <NA>             NA      <NA> -2.659     lbfgs         ovr NA   <NA>            NA                     <NA>                   NA           NA      <NA>               NA   <NA>    NA            NA       NA       <NA>          NA    <NA>            NA               NA      NA   <NA>       <NA>          <NA>    <NA>             <NA>                   <NA>      <NA>                     <NA>                   NA             NA          <NA>      711       <NA>     NA    NA              NA              <NA>                 NA       NA       NA    <NA>      156

# 2020-08-15 05:31:09 BRT: Elite configurations (first number is the configuration ID; listed from best to worst according to the sum of ranks):
    dataset  job_id cutoff metafolds           task sparse f_eng1 f_eng2 scaling          algorithm pre_scaling extraction ext_components selection    lr_C lr_solver multi_class  C kernel rf_estimators criterion_classification criterion_regression max_features max_depth min_samples_leaf solver alpha hidden_layers neurons1 activation n_neighbors weights ab_estimators ab_learning_rate ab_loss whiten svd_solver ica_algorithm ica_fun dl_fit_algorithm dl_transform_algorithm sel_model sel_score_classification sel_score_regression sel_percentile sel_threshold max_iter lr_penalty degree gamma max_depth_value mlp_learning_rate learning_rate_init neurons2 neurons3 lr_dual
186 cifar10 1585120     15         3 classification  False   none   none    True LogisticRegression        <NA>       <NA>             NA      <NA> -2.6590     lbfgs         ovr NA   <NA>            NA                     <NA>                   NA           NA      <NA>               NA   <NA>    NA            NA       NA       <NA>          NA    <NA>            NA               NA      NA   <NA>       <NA>          <NA>    <NA>             <NA>                   <NA>      <NA>                     <NA>                   NA             NA          <NA>      711       <NA>     NA    NA              NA              <NA>                 NA       NA       NA    <NA>
247 cifar10 1585120     15         3 classification  False   none   none    True LogisticRegression        <NA>       <NA>             NA      <NA> -3.0388     lbfgs         ovr NA   <NA>            NA                     <NA>                   NA           NA      <NA>               NA   <NA>    NA            NA       NA       <NA>          NA    <NA>            NA               NA      NA   <NA>       <NA>          <NA>    <NA>             <NA>                   <NA>      <NA>                     <NA>                   NA             NA          <NA>      631       <NA>     NA    NA              NA              <NA>                 NA       NA       NA    <NA>
233 cifar10 1585120     15         3 classification  False   none   none    True LogisticRegression        <NA>       <NA>             NA      <NA> -3.0190     lbfgs         ovr NA   <NA>            NA                     <NA>                   NA           NA      <NA>               NA   <NA>    NA            NA       NA       <NA>          NA    <NA>            NA               NA      NA   <NA>       <NA>          <NA>    <NA>             <NA>                   <NA>      <NA>                     <NA>                   NA             NA          <NA>      681       <NA>     NA    NA              NA              <NA>                 NA       NA       NA    <NA>
232 cifar10 1585120     15         3 classification  False   none   none    True LogisticRegression        <NA>       <NA>             NA      <NA> -2.9954     lbfgs         ovr NA   <NA>            NA                     <NA>                   NA           NA      <NA>               NA   <NA>    NA            NA       NA       <NA>          NA    <NA>            NA               NA      NA   <NA>       <NA>          <NA>    <NA>             <NA>                   <NA>      <NA>                     <NA>                   NA             NA          <NA>      694       <NA>     NA    NA              NA              <NA>                 NA       NA       NA    <NA>
312 cifar10 1585120     15         3 classification  False   none   none    True LogisticRegression        <NA>       <NA>             NA      <NA> -1.2569     lbfgs         ovr NA   <NA>            NA                     <NA>                   NA           NA      <NA>               NA   <NA>    NA            NA       NA       <NA>          NA    <NA>            NA               NA      NA   <NA>       <NA>          <NA>    <NA>             <NA>                   <NA>      <NA>                     <NA>                   NA             NA          <NA>      485       <NA>     NA    NA              NA              <NA>                 NA       NA       NA    <NA>
# 2020-08-15 05:31:09 BRT: Iteration 8 of 8
# experimentsUsedSoFar: 1608
# remainingBudget: 392
# currentBudget: 392
# nbConfigurations: 37
  Markers:
     x No test is performed.
     - The test is performed and some configurations are discarded.
     = The test is performed but no configuration is discarded.
     ! The test is performed and configurations could be discarded but elite configurations are preserved.
     . All alive configurations are elite and nothing is discarded

+-+-----------+-----------+-----------+---------------+-----------+--------+-----+----+------+
| |   Instance|      Alive|       Best|      Mean best| Exp so far|  W time|  rho|KenW|  Qvar|
+-+-----------+-----------+-----------+---------------+-----------+--------+-----+----+------+
|x|         12|         37|        340|  -0.3554666667|         37|00:22:10|   NA|  NA|    NA|
|x|          4|         37|        344|  -0.3142000000|         70|00:16:06|+0.05|0.52|0.9000|
|x|          5|         37|        344|  -0.3177333333|        106|00:21:30|+0.35|0.57|0.6000|
|x|          1|         37|        344|  -0.3176333333|        139|00:16:06|+0.40|0.55|0.5625|
|!|          2|          6|        186|    858993458.9|        171|00:15:01|+0.12|0.30|0.7806|
+-+-----------+-----------+-----------+---------------+-----------+--------+-----+----+------+
Best-so-far configuration:         186    mean value:     1073741824.
Description of the best-so-far configuration:
    .ID. dataset  job_id cutoff metafolds           task sparse f_eng1 f_eng2 scaling          algorithm pre_scaling extraction ext_components selection   lr_C lr_solver multi_class  C kernel rf_estimators criterion_classification criterion_regression max_features max_depth min_samples_leaf solver alpha hidden_layers neurons1 activation n_neighbors weights ab_estimators ab_learning_rate ab_loss whiten svd_solver ica_algorithm ica_fun dl_fit_algorithm dl_transform_algorithm sel_model sel_score_classification sel_score_regression sel_percentile sel_threshold max_iter lr_penalty degree gamma max_depth_value mlp_learning_rate learning_rate_init neurons2 neurons3 lr_dual .PARENT.
186  186 cifar10 1585120     15         3 classification  False   none   none    True LogisticRegression        <NA>       <NA>             NA      <NA> -2.659     lbfgs         ovr NA   <NA>            NA                     <NA>                   NA           NA      <NA>               NA   <NA>    NA            NA       NA       <NA>          NA    <NA>            NA               NA      NA   <NA>       <NA>          <NA>    <NA>             <NA>                   <NA>      <NA>                     <NA>                   NA             NA          <NA>      711       <NA>     NA    NA              NA              <NA>                 NA       NA       NA    <NA>      156

# 2020-08-15 07:02:06 BRT: Elite configurations (first number is the configuration ID; listed from best to worst according to the sum of ranks):
    dataset  job_id cutoff metafolds           task sparse f_eng1 f_eng2 scaling          algorithm pre_scaling extraction ext_components selection    lr_C lr_solver multi_class  C kernel rf_estimators criterion_classification criterion_regression max_features max_depth min_samples_leaf solver alpha hidden_layers neurons1 activation n_neighbors weights ab_estimators ab_learning_rate ab_loss whiten svd_solver ica_algorithm ica_fun dl_fit_algorithm dl_transform_algorithm sel_model sel_score_classification sel_score_regression sel_percentile sel_threshold max_iter lr_penalty degree gamma max_depth_value mlp_learning_rate learning_rate_init neurons2 neurons3 lr_dual
186 cifar10 1585120     15         3 classification  False   none   none    True LogisticRegression        <NA>       <NA>             NA      <NA> -2.6590     lbfgs         ovr NA   <NA>            NA                     <NA>                   NA           NA      <NA>               NA   <NA>    NA            NA       NA       <NA>          NA    <NA>            NA               NA      NA   <NA>       <NA>          <NA>    <NA>             <NA>                   <NA>      <NA>                     <NA>                   NA             NA          <NA>      711       <NA>     NA    NA              NA              <NA>                 NA       NA       NA    <NA>
247 cifar10 1585120     15         3 classification  False   none   none    True LogisticRegression        <NA>       <NA>             NA      <NA> -3.0388     lbfgs         ovr NA   <NA>            NA                     <NA>                   NA           NA      <NA>               NA   <NA>    NA            NA       NA       <NA>          NA    <NA>            NA               NA      NA   <NA>       <NA>          <NA>    <NA>             <NA>                   <NA>      <NA>                     <NA>                   NA             NA          <NA>      631       <NA>     NA    NA              NA              <NA>                 NA       NA       NA    <NA>
233 cifar10 1585120     15         3 classification  False   none   none    True LogisticRegression        <NA>       <NA>             NA      <NA> -3.0190     lbfgs         ovr NA   <NA>            NA                     <NA>                   NA           NA      <NA>               NA   <NA>    NA            NA       NA       <NA>          NA    <NA>            NA               NA      NA   <NA>       <NA>          <NA>    <NA>             <NA>                   <NA>      <NA>                     <NA>                   NA             NA          <NA>      681       <NA>     NA    NA              NA              <NA>                 NA       NA       NA    <NA>
232 cifar10 1585120     15         3 classification  False   none   none    True LogisticRegression        <NA>       <NA>             NA      <NA> -2.9954     lbfgs         ovr NA   <NA>            NA                     <NA>                   NA           NA      <NA>               NA   <NA>    NA            NA       NA       <NA>          NA    <NA>            NA               NA      NA   <NA>       <NA>          <NA>    <NA>             <NA>                   <NA>      <NA>                     <NA>                   NA             NA          <NA>      694       <NA>     NA    NA              NA              <NA>                 NA       NA       NA    <NA>
312 cifar10 1585120     15         3 classification  False   none   none    True LogisticRegression        <NA>       <NA>             NA      <NA> -1.2569     lbfgs         ovr NA   <NA>            NA                     <NA>                   NA           NA      <NA>               NA   <NA>    NA            NA       NA       <NA>          NA    <NA>            NA               NA      NA   <NA>       <NA>          <NA>    <NA>             <NA>                   <NA>      <NA>                     <NA>                   NA             NA          <NA>      485       <NA>     NA    NA              NA              <NA>                 NA       NA       NA    <NA>
344 cifar10 1585120     15         3 classification  False   none   none    True LogisticRegression        <NA>       <NA>             NA      <NA> -1.9031     lbfgs         ovr NA   <NA>            NA                     <NA>                   NA           NA      <NA>               NA   <NA>    NA            NA       NA       <NA>          NA    <NA>            NA               NA      NA   <NA>       <NA>          <NA>    <NA>             <NA>                   <NA>      <NA>                     <NA>                   NA             NA          <NA>      623       <NA>     NA    NA              NA              <NA>                 NA       NA       NA    <NA>
# 2020-08-15 07:02:06 BRT: Iteration 9 of 9
# experimentsUsedSoFar: 1779
# remainingBudget: 221
# currentBudget: 221
# nbConfigurations: 22
  Markers:
     x No test is performed.
     - The test is performed and some configurations are discarded.
     = The test is performed but no configuration is discarded.
     ! The test is performed and configurations could be discarded but elite configurations are preserved.
     . All alive configurations are elite and nothing is discarded

+-+-----------+-----------+-----------+---------------+-----------+--------+-----+----+------+
| |   Instance|      Alive|       Best|      Mean best| Exp so far|  W time|  rho|KenW|  Qvar|
+-+-----------+-----------+-----------+---------------+-----------+--------+-----+----+------+
|x|         13|         22|        345|  -0.3516000000|         22|00:15:00|   NA|  NA|    NA|
|x|          6|         22|        345|  -0.3514000000|         39|00:15:00|+0.52|0.76|0.3993|
|x|         12|         22|        345|  -0.3524888889|         55|00:15:00|+0.66|0.77|0.3475|
|x|          8|         22|        345|  -0.3520333333|         72|00:15:00|+0.72|0.79|0.2916|
|!|          1|         11|        345|  -0.3545333333|         88|00:15:00|+0.48|0.58|0.5960|
|!|          5|         10|        345|  -0.3560000000|         93|00:03:13|+0.53|0.61|0.5467|
|-|          3|         10|        345|  -0.3560190476|        102|00:08:28|+0.39|0.48|0.5933|
|-|          2|         10|        345|  -0.3567666667|        106|00:02:39|+0.38|0.46|0.6479|
|-|         10|         10|        345|  -0.3572888889|        111|00:03:58|+0.38|0.45|0.7186|
|-|          7|         10|        345|  -0.3576400000|        120|00:08:29|+0.42|0.48|0.6963|
|!|          4|          9|        345|  -0.3569333333|        124|00:02:39|+0.31|0.37|0.5978|
|-|          9|          9|        345|  -0.3560555556|        129|00:04:36|+0.31|0.36|0.5786|
|!|         11|          4|        355|    330382099.4|        133|00:02:38|+0.12|0.19|0.6746|
+-+-----------+-----------+-----------+---------------+-----------+--------+-----+----+------+
Best-so-far configuration:         355    mean value:     330382099.4
Description of the best-so-far configuration:
    .ID. dataset  job_id cutoff metafolds           task sparse f_eng1 f_eng2 scaling          algorithm pre_scaling extraction ext_components selection    lr_C lr_solver multi_class  C kernel rf_estimators criterion_classification criterion_regression max_features max_depth min_samples_leaf solver alpha hidden_layers neurons1 activation n_neighbors weights ab_estimators ab_learning_rate ab_loss whiten svd_solver ica_algorithm ica_fun dl_fit_algorithm dl_transform_algorithm sel_model sel_score_classification sel_score_regression sel_percentile sel_threshold max_iter lr_penalty degree gamma max_depth_value mlp_learning_rate learning_rate_init neurons2 neurons3 lr_dual .PARENT.
355  355 cifar10 1585120     15         3 classification  False   none   none    True LogisticRegression        <NA>       <NA>             NA      <NA> -3.0967     lbfgs         ovr NA   <NA>            NA                     <NA>                   NA           NA      <NA>               NA   <NA>    NA            NA       NA       <NA>          NA    <NA>            NA               NA      NA   <NA>       <NA>          <NA>    <NA>             <NA>                   <NA>      <NA>                     <NA>                   NA             NA          <NA>      490       <NA>     NA    NA              NA              <NA>                 NA       NA       NA    <NA>      247

# 2020-08-15 08:53:54 BRT: Elite configurations (first number is the configuration ID; listed from best to worst according to the sum of ranks):
    dataset  job_id cutoff metafolds           task sparse f_eng1 f_eng2 scaling          algorithm pre_scaling extraction ext_components selection    lr_C lr_solver multi_class  C kernel rf_estimators criterion_classification criterion_regression max_features max_depth min_samples_leaf solver alpha hidden_layers neurons1 activation n_neighbors weights ab_estimators ab_learning_rate ab_loss whiten svd_solver ica_algorithm ica_fun dl_fit_algorithm dl_transform_algorithm sel_model sel_score_classification sel_score_regression sel_percentile sel_threshold max_iter lr_penalty degree gamma max_depth_value mlp_learning_rate learning_rate_init neurons2 neurons3 lr_dual
355 cifar10 1585120     15         3 classification  False   none   none    True LogisticRegression        <NA>       <NA>             NA      <NA> -3.0967     lbfgs         ovr NA   <NA>            NA                     <NA>                   NA           NA      <NA>               NA   <NA>    NA            NA       NA       <NA>          NA    <NA>            NA               NA      NA   <NA>       <NA>          <NA>    <NA>             <NA>                   <NA>      <NA>                     <NA>                   NA             NA          <NA>      490       <NA>     NA    NA              NA              <NA>                 NA       NA       NA    <NA>
345 cifar10 1585120     15         3 classification  False   none   none    True LogisticRegression        <NA>       <NA>             NA      <NA> -3.5559     lbfgs         ovr NA   <NA>            NA                     <NA>                   NA           NA      <NA>               NA   <NA>    NA            NA       NA       <NA>          NA    <NA>            NA               NA      NA   <NA>       <NA>          <NA>    <NA>             <NA>                   <NA>      <NA>                     <NA>                   NA             NA          <NA>      729       <NA>     NA    NA              NA              <NA>                 NA       NA       NA    <NA>
347 cifar10 1585120     15         3 classification  False   none   none    True LogisticRegression        <NA>       <NA>             NA      <NA> -3.0609     lbfgs         ovr NA   <NA>            NA                     <NA>                   NA           NA      <NA>               NA   <NA>    NA            NA       NA       <NA>          NA    <NA>            NA               NA      NA   <NA>       <NA>          <NA>    <NA>             <NA>                   <NA>      <NA>                     <NA>                   NA             NA          <NA>      546       <NA>     NA    NA              NA              <NA>                 NA       NA       NA    <NA>
346 cifar10 1585120     15         3 classification  False   none   none    True LogisticRegression        <NA>       <NA>             NA      <NA> -3.6102     lbfgs         ovr NA   <NA>            NA                     <NA>                   NA           NA      <NA>               NA   <NA>    NA            NA       NA       <NA>          NA    <NA>            NA               NA      NA   <NA>       <NA>          <NA>    <NA>             <NA>                   <NA>      <NA>                     <NA>                   NA             NA          <NA>      474       <NA>     NA    NA              NA              <NA>                 NA       NA       NA    <NA>
# 2020-08-15 08:53:54 BRT: Iteration 10 of 10
# experimentsUsedSoFar: 1912
# remainingBudget: 88
# currentBudget: 88
# nbConfigurations: 10
  Markers:
     x No test is performed.
     - The test is performed and some configurations are discarded.
     = The test is performed but no configuration is discarded.
     ! The test is performed and configurations could be discarded but elite configurations are preserved.
     . All alive configurations are elite and nothing is discarded

+-+-----------+-----------+-----------+---------------+-----------+--------+-----+----+------+
| |   Instance|      Alive|       Best|      Mean best| Exp so far|  W time|  rho|KenW|  Qvar|
+-+-----------+-----------+-----------+---------------+-----------+--------+-----+----+------+
|x|         14|         10|        347|  -0.3576000000|         10|00:15:00|   NA|  NA|    NA|
|x|         11|         10|        355|  -0.3578000000|         16|00:14:28|+0.96|0.98|0.1096|
|x|          5|         10|        347|  -0.3616000000|         22|00:14:20|+0.98|0.98|0.0732|
|x|          6|         10|        355|  -0.3600000000|         28|00:14:21|+0.98|0.98|0.0554|
|!|          9|          4|        355|  -0.3581333333|         34|00:14:23|+0.88|0.90|0.0240|
|.|          8|          4|        355|  -0.3572888889|         34|23:59:59|+0.89|0.91|0.0237|
|.|          2|          4|        355|  -0.3573523810|         34|23:59:59|+0.37|0.46|0.4397|
|.|          4|          4|        355|  -0.3574500000|         34|23:59:59|+0.44|0.51|0.3882|
|.|          1|          4|        355|  -0.3577333333|         34|23:59:59|+0.22|0.31|0.5776|
|.|          3|          4|        355|  -0.3576133333|         34|23:59:59|+0.27|0.34|0.5399|
|.|          7|          4|        355|  -0.3577939394|         34|23:59:59|+0.15|0.23|0.6187|
|.|         13|          4|        355|    357913941.0|         34|23:59:59|+0.08|0.16|0.6941|
|.|         12|          4|        355|    330382099.4|         34|23:59:59|+0.11|0.18|0.6817|
|.|         10|          4|        355|    306783378.0|         34|23:59:59|+0.15|0.21|0.6499|
+-+-----------+-----------+-----------+---------------+-----------+--------+-----+----+------+
Best-so-far configuration:         355    mean value:     306783378.0
Description of the best-so-far configuration:
    .ID. dataset  job_id cutoff metafolds           task sparse f_eng1 f_eng2 scaling          algorithm pre_scaling extraction ext_components selection    lr_C lr_solver multi_class  C kernel rf_estimators criterion_classification criterion_regression max_features max_depth min_samples_leaf solver alpha hidden_layers neurons1 activation n_neighbors weights ab_estimators ab_learning_rate ab_loss whiten svd_solver ica_algorithm ica_fun dl_fit_algorithm dl_transform_algorithm sel_model sel_score_classification sel_score_regression sel_percentile sel_threshold max_iter lr_penalty degree gamma max_depth_value mlp_learning_rate learning_rate_init neurons2 neurons3 lr_dual .PARENT.
355  355 cifar10 1585120     15         3 classification  False   none   none    True LogisticRegression        <NA>       <NA>             NA      <NA> -3.0967     lbfgs         ovr NA   <NA>            NA                     <NA>                   NA           NA      <NA>               NA   <NA>    NA            NA       NA       <NA>          NA    <NA>            NA               NA      NA   <NA>       <NA>          <NA>    <NA>             <NA>                   <NA>      <NA>                     <NA>                   NA             NA          <NA>      490       <NA>     NA    NA              NA              <NA>                 NA       NA       NA    <NA>      247

# 2020-08-15 10:06:29 BRT: Elite configurations (first number is the configuration ID; listed from best to worst according to the sum of ranks):
    dataset  job_id cutoff metafolds           task sparse f_eng1 f_eng2 scaling          algorithm pre_scaling extraction ext_components selection    lr_C lr_solver multi_class  C kernel rf_estimators criterion_classification criterion_regression max_features max_depth min_samples_leaf solver alpha hidden_layers neurons1 activation n_neighbors weights ab_estimators ab_learning_rate ab_loss whiten svd_solver ica_algorithm ica_fun dl_fit_algorithm dl_transform_algorithm sel_model sel_score_classification sel_score_regression sel_percentile sel_threshold max_iter lr_penalty degree gamma max_depth_value mlp_learning_rate learning_rate_init neurons2 neurons3 lr_dual
355 cifar10 1585120     15         3 classification  False   none   none    True LogisticRegression        <NA>       <NA>             NA      <NA> -3.0967     lbfgs         ovr NA   <NA>            NA                     <NA>                   NA           NA      <NA>               NA   <NA>    NA            NA       NA       <NA>          NA    <NA>            NA               NA      NA   <NA>       <NA>          <NA>    <NA>             <NA>                   <NA>      <NA>                     <NA>                   NA             NA          <NA>      490       <NA>     NA    NA              NA              <NA>                 NA       NA       NA    <NA>
347 cifar10 1585120     15         3 classification  False   none   none    True LogisticRegression        <NA>       <NA>             NA      <NA> -3.0609     lbfgs         ovr NA   <NA>            NA                     <NA>                   NA           NA      <NA>               NA   <NA>    NA            NA       NA       <NA>          NA    <NA>            NA               NA      NA   <NA>       <NA>          <NA>    <NA>             <NA>                   <NA>      <NA>                     <NA>                   NA             NA          <NA>      546       <NA>     NA    NA              NA              <NA>                 NA       NA       NA    <NA>
345 cifar10 1585120     15         3 classification  False   none   none    True LogisticRegression        <NA>       <NA>             NA      <NA> -3.5559     lbfgs         ovr NA   <NA>            NA                     <NA>                   NA           NA      <NA>               NA   <NA>    NA            NA       NA       <NA>          NA    <NA>            NA               NA      NA   <NA>       <NA>          <NA>    <NA>             <NA>                   <NA>      <NA>                     <NA>                   NA             NA          <NA>      729       <NA>     NA    NA              NA              <NA>                 NA       NA       NA    <NA>
346 cifar10 1585120     15         3 classification  False   none   none    True LogisticRegression        <NA>       <NA>             NA      <NA> -3.6102     lbfgs         ovr NA   <NA>            NA                     <NA>                   NA           NA      <NA>               NA   <NA>    NA            NA       NA       <NA>          NA    <NA>            NA               NA      NA   <NA>       <NA>          <NA>    <NA>             <NA>                   <NA>      <NA>                     <NA>                   NA             NA          <NA>      474       <NA>     NA    NA              NA              <NA>                 NA       NA       NA    <NA>
# 2020-08-15 10:06:29 BRT: Stopped because there is not enough budget left to race more than the minimum (7)
# You may either increase the budget or set 'minNbSurvival' to a lower value
# Iteration: 11
# nbIterations: 11
# experimentsUsedSoFar: 1946
# timeUsed: 0
# remainingBudget: 54
# currentBudget: 54
# number of elites: 4
# nbConfigurations: 7
# Best configurations (first number is the configuration ID; listed from best to worst according to the sum of ranks):
    dataset  job_id cutoff metafolds           task sparse f_eng1 f_eng2 scaling          algorithm pre_scaling extraction ext_components selection    lr_C lr_solver multi_class  C kernel rf_estimators criterion_classification criterion_regression max_features max_depth min_samples_leaf solver alpha hidden_layers neurons1 activation n_neighbors weights ab_estimators ab_learning_rate ab_loss whiten svd_solver ica_algorithm ica_fun dl_fit_algorithm dl_transform_algorithm sel_model sel_score_classification sel_score_regression sel_percentile sel_threshold max_iter lr_penalty degree gamma max_depth_value mlp_learning_rate learning_rate_init neurons2 neurons3 lr_dual
355 cifar10 1585120     15         3 classification  False   none   none    True LogisticRegression        <NA>       <NA>             NA      <NA> -3.0967     lbfgs         ovr NA   <NA>            NA                     <NA>                   NA           NA      <NA>               NA   <NA>    NA            NA       NA       <NA>          NA    <NA>            NA               NA      NA   <NA>       <NA>          <NA>    <NA>             <NA>                   <NA>      <NA>                     <NA>                   NA             NA          <NA>      490       <NA>     NA    NA              NA              <NA>                 NA       NA       NA    <NA>
347 cifar10 1585120     15         3 classification  False   none   none    True LogisticRegression        <NA>       <NA>             NA      <NA> -3.0609     lbfgs         ovr NA   <NA>            NA                     <NA>                   NA           NA      <NA>               NA   <NA>    NA            NA       NA       <NA>          NA    <NA>            NA               NA      NA   <NA>       <NA>          <NA>    <NA>             <NA>                   <NA>      <NA>                     <NA>                   NA             NA          <NA>      546       <NA>     NA    NA              NA              <NA>                 NA       NA       NA    <NA>
345 cifar10 1585120     15         3 classification  False   none   none    True LogisticRegression        <NA>       <NA>             NA      <NA> -3.5559     lbfgs         ovr NA   <NA>            NA                     <NA>                   NA           NA      <NA>               NA   <NA>    NA            NA       NA       <NA>          NA    <NA>            NA               NA      NA   <NA>       <NA>          <NA>    <NA>             <NA>                   <NA>      <NA>                     <NA>                   NA             NA          <NA>      729       <NA>     NA    NA              NA              <NA>                 NA       NA       NA    <NA>
346 cifar10 1585120     15         3 classification  False   none   none    True LogisticRegression        <NA>       <NA>             NA      <NA> -3.6102     lbfgs         ovr NA   <NA>            NA                     <NA>                   NA           NA      <NA>               NA   <NA>    NA            NA       NA       <NA>          NA    <NA>            NA               NA      NA   <NA>       <NA>          <NA>    <NA>             <NA>                   <NA>      <NA>                     <NA>                   NA             NA          <NA>      474       <NA>     NA    NA              NA              <NA>                 NA       NA       NA    <NA>
# Best configurations as commandlines (first number is the configuration ID; same order as above):
355  --dataset cifar10 --job_id 1585120 --cutoff 15 --metafolds 3 --task classification --sparse False --f_eng1 none --f_eng2 none --scaling True --algorithm LogisticRegression --lr_C -3.0967 --lr_solver lbfgs --multi_class ovr --max_iter 490
347  --dataset cifar10 --job_id 1585120 --cutoff 15 --metafolds 3 --task classification --sparse False --f_eng1 none --f_eng2 none --scaling True --algorithm LogisticRegression --lr_C -3.0609 --lr_solver lbfgs --multi_class ovr --max_iter 546
345  --dataset cifar10 --job_id 1585120 --cutoff 15 --metafolds 3 --task classification --sparse False --f_eng1 none --f_eng2 none --scaling True --algorithm LogisticRegression --lr_C -3.5559 --lr_solver lbfgs --multi_class ovr --max_iter 729
346  --dataset cifar10 --job_id 1585120 --cutoff 15 --metafolds 3 --task classification --sparse False --f_eng1 none --f_eng2 none --scaling True --algorithm LogisticRegression --lr_C -3.6102 --lr_solver lbfgs --multi_class ovr --max_iter 474
