*******************************************************************************
* irace: An implementation in R of Iterated Race
* Version: 3.1.2112M
* Copyright (C) 2010-2018
* Manuel Lopez-Ibanez     <manuel.lopez-ibanez@manchester.ac.uk>
* Jeremie Dubois-Lacoste  
* Leslie Perez Caceres    <leslie.perez.caceres@ulb.ac.be>
*
* This is free software, and you are welcome to redistribute it under certain
* conditions.  See the GNU General Public License for details. There is NO
* WARRANTY; not even for MERCHANTABILITY or FITNESS FOR A PARTICULAR PURPOSE.
*
* irace builds upon previous code from the race package:
*
* race: Racing methods for the selection of the best
* Copyright (C) 2003 Mauro Birattari
*******************************************************************************
# installed at: /home/cemvieira/bin/R/irace
# called with: -s scenario.txt --max-experiments 2000 -p ./fashion-mnist/parameters-1545514.txt --parallel 32 --train-instances-file fashion-mnist/new-instances.txt --log-file ./output/fashion-mnist/fashion-mnist-1f2k10m-irace-1545514.Rdata
# 8 expression(s) specifying forbidden configurations read from '/home/cemvieira/isklearn/forbidden.txt'
# 2020-06-29 18:16:25 BRT: Initialization
# Elitist race
# Elitist new instances: 1
# Elitist limit: 2
# nbIterations: 7
# minNbSurvival: 7
# nbParameters: 50
# seed: 1534529412
# confidence level: 0.95
# budget: 2000
# mu: 5
# deterministic: TRUE

# 2020-06-29 18:16:25 BRT: Iteration 1 of 7
# experimentsUsedSoFar: 0
# remainingBudget: 2000
# currentBudget: 285
# nbConfigurations: 47
  Markers:
     x No test is performed.
     - The test is performed and some configurations are discarded.
     = The test is performed but no configuration is discarded.
     ! The test is performed and configurations could be discarded but elite configurations are preserved.
     . All alive configurations are elite and nothing is discarded

+-+-----------+-----------+-----------+---------------+-----------+--------+-----+----+------+
| |   Instance|      Alive|       Best|      Mean best| Exp so far|  W time|  rho|KenW|  Qvar|
+-+-----------+-----------+-----------+---------------+-----------+--------+-----+----+------+
|x|          1|         47|          8|  -0.8180000000|         47|00:20:01|   NA|  NA|    NA|
|x|          2|         47|          8|  -0.8258333333|         94|00:20:01|+0.97|0.99|0.0460|
|x|          3|         47|          8|  -0.8254444444|        141|00:20:01|+0.98|0.99|0.0307|
|x|          4|         47|          8|  -0.8270000000|        188|00:20:02|+0.99|0.99|0.0230|
|!|          5|          1|          8|  -0.8240666667|        235|00:20:01|   NA|  NA|    NA|
+-+-----------+-----------+-----------+---------------+-----------+--------+-----+----+------+
Best-so-far configuration:           8    mean value:   -0.8240666667
Description of the best-so-far configuration:
  .ID.       dataset  job_id cutoff metafolds           task sparse f_eng1 f_eng2 scaling          algorithm pre_scaling extraction ext_components selection    lr_C lr_solver multi_class  C kernel rf_estimators criterion_classification criterion_regression max_features max_depth min_samples_leaf solver alpha hidden_layers neurons1 activation n_neighbors weights ab_estimators ab_learning_rate ab_loss whiten svd_solver ica_algorithm ica_fun dl_fit_algorithm dl_transform_algorithm sel_model sel_score_classification sel_score_regression sel_percentile sel_threshold max_iter lr_penalty degree gamma max_depth_value mlp_learning_rate learning_rate_init neurons2 neurons3 lr_dual .PARENT.
8    8 fashion-mnist 1545514     10         1 classification  False   None   None    True LogisticRegression        <NA>       <NA>             NA      <NA> -1.4728 newton-cg multinomial NA   <NA>            NA                     <NA>                   NA           NA      <NA>               NA   <NA>    NA            NA       NA       <NA>          NA    <NA>            NA               NA      NA   <NA>       <NA>          <NA>    <NA>             <NA>                   <NA>      <NA>                     <NA>                   NA             NA          <NA>      371       <NA>     NA    NA              NA              <NA>                 NA       NA       NA    <NA>       NA

# 2020-06-29 19:56:35 BRT: Elite configurations (first number is the configuration ID; listed from best to worst according to the sum of ranks):
        dataset  job_id cutoff metafolds           task sparse f_eng1 f_eng2 scaling          algorithm pre_scaling extraction ext_components selection    lr_C lr_solver multi_class  C kernel rf_estimators criterion_classification criterion_regression max_features max_depth min_samples_leaf solver alpha hidden_layers neurons1 activation n_neighbors weights ab_estimators ab_learning_rate ab_loss whiten svd_solver ica_algorithm ica_fun dl_fit_algorithm dl_transform_algorithm sel_model sel_score_classification sel_score_regression sel_percentile sel_threshold max_iter lr_penalty degree gamma max_depth_value mlp_learning_rate learning_rate_init neurons2 neurons3 lr_dual
8 fashion-mnist 1545514     10         1 classification  False   None   None    True LogisticRegression        <NA>       <NA>             NA      <NA> -1.4728 newton-cg multinomial NA   <NA>            NA                     <NA>                   NA           NA      <NA>               NA   <NA>    NA            NA       NA       <NA>          NA    <NA>            NA               NA      NA   <NA>       <NA>          <NA>    <NA>             <NA>                   <NA>      <NA>                     <NA>                   NA             NA          <NA>      371       <NA>     NA    NA              NA              <NA>                 NA       NA       NA    <NA>
# 2020-06-29 19:56:35 BRT: Iteration 2 of 7
# experimentsUsedSoFar: 235
# remainingBudget: 1765
# currentBudget: 294
# nbConfigurations: 42
  Markers:
     x No test is performed.
     - The test is performed and some configurations are discarded.
     = The test is performed but no configuration is discarded.
     ! The test is performed and configurations could be discarded but elite configurations are preserved.
     . All alive configurations are elite and nothing is discarded

+-+-----------+-----------+-----------+---------------+-----------+--------+-----+----+------+
| |   Instance|      Alive|       Best|      Mean best| Exp so far|  W time|  rho|KenW|  Qvar|
+-+-----------+-----------+-----------+---------------+-----------+--------+-----+----+------+
|x|          6|         42|          8|  -0.8213333333|         42|00:20:00|   NA|  NA|    NA|
|x|          4|         42|          8|  -0.8265000000|         83|00:20:01|+0.91|0.96|0.0642|
|x|          2|         42|          8|  -0.8288888889|        124|00:20:01|+0.94|0.96|0.0428|
|x|          5|         42|          8|  -0.8247500000|        165|00:20:01|+0.94|0.95|0.0428|
|!|          3|          3|          8|  -0.8247333333|        206|00:20:01|+1.00|1.00|0.0013|
+-+-----------+-----------+-----------+---------------+-----------+--------+-----+----+------+
Best-so-far configuration:           8    mean value:   -0.8236111111
Description of the best-so-far configuration:
  .ID.       dataset  job_id cutoff metafolds           task sparse f_eng1 f_eng2 scaling          algorithm pre_scaling extraction ext_components selection    lr_C lr_solver multi_class  C kernel rf_estimators criterion_classification criterion_regression max_features max_depth min_samples_leaf solver alpha hidden_layers neurons1 activation n_neighbors weights ab_estimators ab_learning_rate ab_loss whiten svd_solver ica_algorithm ica_fun dl_fit_algorithm dl_transform_algorithm sel_model sel_score_classification sel_score_regression sel_percentile sel_threshold max_iter lr_penalty degree gamma max_depth_value mlp_learning_rate learning_rate_init neurons2 neurons3 lr_dual .PARENT.
8    8 fashion-mnist 1545514     10         1 classification  False   None   None    True LogisticRegression        <NA>       <NA>             NA      <NA> -1.4728 newton-cg multinomial NA   <NA>            NA                     <NA>                   NA           NA      <NA>               NA   <NA>    NA            NA       NA       <NA>          NA    <NA>            NA               NA      NA   <NA>       <NA>          <NA>    <NA>             <NA>                   <NA>      <NA>                     <NA>                   NA             NA          <NA>      371       <NA>     NA    NA              NA              <NA>                 NA       NA       NA    <NA>       NA

# 2020-06-29 21:36:44 BRT: Elite configurations (first number is the configuration ID; listed from best to worst according to the sum of ranks):
         dataset  job_id cutoff metafolds           task sparse     f_eng1    f_eng2 scaling          algorithm pre_scaling extraction ext_components       selection    lr_C lr_solver multi_class  C kernel rf_estimators criterion_classification criterion_regression max_features max_depth min_samples_leaf solver alpha hidden_layers neurons1 activation n_neighbors weights ab_estimators ab_learning_rate ab_loss whiten svd_solver ica_algorithm ica_fun dl_fit_algorithm dl_transform_algorithm    sel_model sel_score_classification sel_score_regression sel_percentile sel_threshold max_iter lr_penalty degree gamma max_depth_value mlp_learning_rate learning_rate_init neurons2 neurons3 lr_dual
8  fashion-mnist 1545514     10         1 classification  False       None      None    True LogisticRegression        <NA>       <NA>             NA            <NA> -1.4728 newton-cg multinomial NA   <NA>            NA                     <NA>                   NA           NA      <NA>               NA   <NA>    NA            NA       NA       <NA>          NA    <NA>            NA               NA      NA   <NA>       <NA>          <NA>    <NA>             <NA>                   <NA>         <NA>                     <NA>                   NA             NA          <NA>      371       <NA>     NA    NA              NA              <NA>                 NA       NA       NA    <NA>
71 fashion-mnist 1545514     10         1 classification  False       None      None    True LogisticRegression        <NA>       <NA>             NA            <NA> -2.0084 liblinear         ovr NA   <NA>            NA                     <NA>                   NA           NA      <NA>               NA   <NA>    NA            NA       NA       <NA>          NA    <NA>            NA               NA      NA   <NA>       <NA>          <NA>    <NA>             <NA>                   <NA>         <NA>                     <NA>                   NA             NA          <NA>       NA         l2     NA    NA              NA              <NA>                 NA       NA       NA    True
68 fashion-mnist 1545514     10         1 classification  False Extraction Selection   False LogisticRegression       False        PCA         0.0815 SelectFromModel -0.6243     lbfgs multinomial NA   <NA>            NA                     <NA>                   NA           NA      <NA>               NA   <NA>    NA            NA       NA       <NA>          NA    <NA>            NA               NA      NA   True       full          <NA>    <NA>             <NA>                   <NA> DecisionTree                     <NA>                   NA             NA          mean      282       <NA>     NA    NA              NA              <NA>                 NA       NA       NA    <NA>
# 2020-06-29 21:36:44 BRT: Iteration 3 of 7
# experimentsUsedSoFar: 441
# remainingBudget: 1559
# currentBudget: 311
# nbConfigurations: 41
  Markers:
     x No test is performed.
     - The test is performed and some configurations are discarded.
     = The test is performed but no configuration is discarded.
     ! The test is performed and configurations could be discarded but elite configurations are preserved.
     . All alive configurations are elite and nothing is discarded

+-+-----------+-----------+-----------+---------------+-----------+--------+-----+----+------+
| |   Instance|      Alive|       Best|      Mean best| Exp so far|  W time|  rho|KenW|  Qvar|
+-+-----------+-----------+-----------+---------------+-----------+--------+-----+----+------+
|x|          7|         41|          8|  -0.8240000000|         41|00:13:25|   NA|  NA|    NA|
|x|          1|         41|          8|  -0.8210000000|         81|00:12:43|+1.00|1.00|0.0000|
|x|          2|         41|          8|  -0.8252222222|        119|00:11:57|+1.00|1.00|0.0000|
|x|          3|         41|          8|  -0.8250833333|        157|00:12:02|+1.00|1.00|0.0000|
|!|          4|          3|          8|  -0.8264000000|        195|00:12:01|+1.00|1.00|0.0025|
|.|          6|          3|          8|  -0.8255555556|        195|23:59:59|+1.00|1.00|0.0023|
|.|          5|          3|          8|  -0.8236666667|        195|23:59:59|+1.00|1.00|0.0019|
+-+-----------+-----------+-----------+---------------+-----------+--------+-----+----+------+
Best-so-far configuration:           8    mean value:   -0.8236666667
Description of the best-so-far configuration:
  .ID.       dataset  job_id cutoff metafolds           task sparse f_eng1 f_eng2 scaling          algorithm pre_scaling extraction ext_components selection    lr_C lr_solver multi_class  C kernel rf_estimators criterion_classification criterion_regression max_features max_depth min_samples_leaf solver alpha hidden_layers neurons1 activation n_neighbors weights ab_estimators ab_learning_rate ab_loss whiten svd_solver ica_algorithm ica_fun dl_fit_algorithm dl_transform_algorithm sel_model sel_score_classification sel_score_regression sel_percentile sel_threshold max_iter lr_penalty degree gamma max_depth_value mlp_learning_rate learning_rate_init neurons2 neurons3 lr_dual .PARENT.
8    8 fashion-mnist 1545514     10         1 classification  False   None   None    True LogisticRegression        <NA>       <NA>             NA      <NA> -1.4728 newton-cg multinomial NA   <NA>            NA                     <NA>                   NA           NA      <NA>               NA   <NA>    NA            NA       NA       <NA>          NA    <NA>            NA               NA      NA   <NA>       <NA>          <NA>    <NA>             <NA>                   <NA>      <NA>                     <NA>                   NA             NA          <NA>      371       <NA>     NA    NA              NA              <NA>                 NA       NA       NA    <NA>       NA

# 2020-06-29 22:38:55 BRT: Elite configurations (first number is the configuration ID; listed from best to worst according to the sum of ranks):
         dataset  job_id cutoff metafolds           task sparse     f_eng1    f_eng2 scaling          algorithm pre_scaling extraction ext_components       selection    lr_C lr_solver multi_class  C kernel rf_estimators criterion_classification criterion_regression max_features max_depth min_samples_leaf solver alpha hidden_layers neurons1 activation n_neighbors weights ab_estimators ab_learning_rate ab_loss whiten svd_solver ica_algorithm ica_fun dl_fit_algorithm dl_transform_algorithm    sel_model sel_score_classification sel_score_regression sel_percentile sel_threshold max_iter lr_penalty degree gamma max_depth_value mlp_learning_rate learning_rate_init neurons2 neurons3 lr_dual
8  fashion-mnist 1545514     10         1 classification  False       None      None    True LogisticRegression        <NA>       <NA>             NA            <NA> -1.4728 newton-cg multinomial NA   <NA>            NA                     <NA>                   NA           NA      <NA>               NA   <NA>    NA            NA       NA       <NA>          NA    <NA>            NA               NA      NA   <NA>       <NA>          <NA>    <NA>             <NA>                   <NA>         <NA>                     <NA>                   NA             NA          <NA>      371       <NA>     NA    NA              NA              <NA>                 NA       NA       NA    <NA>
71 fashion-mnist 1545514     10         1 classification  False       None      None    True LogisticRegression        <NA>       <NA>             NA            <NA> -2.0084 liblinear         ovr NA   <NA>            NA                     <NA>                   NA           NA      <NA>               NA   <NA>    NA            NA       NA       <NA>          NA    <NA>            NA               NA      NA   <NA>       <NA>          <NA>    <NA>             <NA>                   <NA>         <NA>                     <NA>                   NA             NA          <NA>       NA         l2     NA    NA              NA              <NA>                 NA       NA       NA    True
68 fashion-mnist 1545514     10         1 classification  False Extraction Selection   False LogisticRegression       False        PCA         0.0815 SelectFromModel -0.6243     lbfgs multinomial NA   <NA>            NA                     <NA>                   NA           NA      <NA>               NA   <NA>    NA            NA       NA       <NA>          NA    <NA>            NA               NA      NA   True       full          <NA>    <NA>             <NA>                   <NA> DecisionTree                     <NA>                   NA             NA          mean      282       <NA>     NA    NA              NA              <NA>                 NA       NA       NA    <NA>
# 2020-06-29 22:38:55 BRT: Iteration 4 of 7
# experimentsUsedSoFar: 636
# remainingBudget: 1364
# currentBudget: 341
# nbConfigurations: 40
  Markers:
     x No test is performed.
     - The test is performed and some configurations are discarded.
     = The test is performed but no configuration is discarded.
     ! The test is performed and configurations could be discarded but elite configurations are preserved.
     . All alive configurations are elite and nothing is discarded

+-+-----------+-----------+-----------+---------------+-----------+--------+-----+----+------+
| |   Instance|      Alive|       Best|      Mean best| Exp so far|  W time|  rho|KenW|  Qvar|
+-+-----------+-----------+-----------+---------------+-----------+--------+-----+----+------+
|x|          8|         40|        146|  -0.8313333333|         40|00:14:56|   NA|  NA|    NA|
|x|          6|         40|        137|  -0.8280000000|         77|00:12:42|+0.99|1.00|0.0000|
|x|          3|         40|        137|  -0.8281111111|        114|00:12:48|+1.00|1.00|0.0000|
|x|          1|         40|        137|  -0.8281666667|        151|00:12:43|+1.00|1.00|0.0000|
|!|          7|          5|        137|  -0.8278000000|        188|00:12:40|+0.91|0.93|0.0030|
+-+-----------+-----------+-----------+---------------+-----------+--------+-----+----+------+
Best-so-far configuration:           8    mean value:   -0.8238750000
Description of the best-so-far configuration:
  .ID.       dataset  job_id cutoff metafolds           task sparse f_eng1 f_eng2 scaling          algorithm pre_scaling extraction ext_components selection    lr_C lr_solver multi_class  C kernel rf_estimators criterion_classification criterion_regression max_features max_depth min_samples_leaf solver alpha hidden_layers neurons1 activation n_neighbors weights ab_estimators ab_learning_rate ab_loss whiten svd_solver ica_algorithm ica_fun dl_fit_algorithm dl_transform_algorithm sel_model sel_score_classification sel_score_regression sel_percentile sel_threshold max_iter lr_penalty degree gamma max_depth_value mlp_learning_rate learning_rate_init neurons2 neurons3 lr_dual .PARENT.
8    8 fashion-mnist 1545514     10         1 classification  False   None   None    True LogisticRegression        <NA>       <NA>             NA      <NA> -1.4728 newton-cg multinomial NA   <NA>            NA                     <NA>                   NA           NA      <NA>               NA   <NA>    NA            NA       NA       <NA>          NA    <NA>            NA               NA      NA   <NA>       <NA>          <NA>    <NA>             <NA>                   <NA>      <NA>                     <NA>                   NA             NA          <NA>      371       <NA>     NA    NA              NA              <NA>                 NA       NA       NA    <NA>       NA

# 2020-06-29 23:44:48 BRT: Elite configurations (first number is the configuration ID; listed from best to worst according to the sum of ranks):
          dataset  job_id cutoff metafolds           task sparse     f_eng1    f_eng2 scaling          algorithm pre_scaling extraction ext_components       selection    lr_C lr_solver multi_class       C kernel rf_estimators criterion_classification criterion_regression max_features max_depth min_samples_leaf solver alpha hidden_layers neurons1 activation n_neighbors weights ab_estimators ab_learning_rate ab_loss whiten svd_solver ica_algorithm ica_fun dl_fit_algorithm dl_transform_algorithm    sel_model sel_score_classification sel_score_regression sel_percentile sel_threshold max_iter lr_penalty degree gamma max_depth_value mlp_learning_rate learning_rate_init neurons2 neurons3 lr_dual
8   fashion-mnist 1545514     10         1 classification  False       None      None    True LogisticRegression        <NA>       <NA>             NA            <NA> -1.4728 newton-cg multinomial      NA   <NA>            NA                     <NA>                   NA           NA      <NA>               NA   <NA>    NA            NA       NA       <NA>          NA    <NA>            NA               NA      NA   <NA>       <NA>          <NA>    <NA>             <NA>                   <NA>         <NA>                     <NA>                   NA             NA          <NA>      371       <NA>     NA    NA              NA              <NA>                 NA       NA       NA    <NA>
71  fashion-mnist 1545514     10         1 classification  False       None      None    True LogisticRegression        <NA>       <NA>             NA            <NA> -2.0084 liblinear         ovr      NA   <NA>            NA                     <NA>                   NA           NA      <NA>               NA   <NA>    NA            NA       NA       <NA>          NA    <NA>            NA               NA      NA   <NA>       <NA>          <NA>    <NA>             <NA>                   <NA>         <NA>                     <NA>                   NA             NA          <NA>       NA         l2     NA    NA              NA              <NA>                 NA       NA       NA    True
68  fashion-mnist 1545514     10         1 classification  False Extraction Selection   False LogisticRegression       False        PCA         0.0815 SelectFromModel -0.6243     lbfgs multinomial      NA   <NA>            NA                     <NA>                   NA           NA      <NA>               NA   <NA>    NA            NA       NA       <NA>          NA    <NA>            NA               NA      NA   True       full          <NA>    <NA>             <NA>                   <NA> DecisionTree                     <NA>                   NA             NA          mean      282       <NA>     NA    NA              NA              <NA>                 NA       NA       NA    <NA>
137 fashion-mnist 1545514     10         1 classification  False       None      None    True                SVM        <NA>       <NA>             NA            <NA>      NA      <NA>        <NA> -1.9406 linear            NA                     <NA>                   NA           NA      <NA>               NA   <NA>    NA            NA       NA       <NA>          NA    <NA>            NA               NA      NA   <NA>       <NA>          <NA>    <NA>             <NA>                   <NA>         <NA>                     <NA>                   NA             NA          <NA>       NA       <NA>     NA    NA              NA              <NA>                 NA       NA       NA    <NA>
146 fashion-mnist 1545514     10         1 classification  False       None      None    True LogisticRegression        <NA>       <NA>             NA            <NA> -2.0149 newton-cg multinomial      NA   <NA>            NA                     <NA>                   NA           NA      <NA>               NA   <NA>    NA            NA       NA       <NA>          NA    <NA>            NA               NA      NA   <NA>       <NA>          <NA>    <NA>             <NA>                   <NA>         <NA>                     <NA>                   NA             NA          <NA>      132       <NA>     NA    NA              NA              <NA>                 NA       NA       NA    <NA>
# 2020-06-29 23:44:48 BRT: Iteration 5 of 7
# experimentsUsedSoFar: 824
# remainingBudget: 1176
# currentBudget: 392
# nbConfigurations: 43
  Markers:
     x No test is performed.
     - The test is performed and some configurations are discarded.
     = The test is performed but no configuration is discarded.
     ! The test is performed and configurations could be discarded but elite configurations are preserved.
     . All alive configurations are elite and nothing is discarded

+-+-----------+-----------+-----------+---------------+-----------+--------+-----+----+------+
| |   Instance|      Alive|       Best|      Mean best| Exp so far|  W time|  rho|KenW|  Qvar|
+-+-----------+-----------+-----------+---------------+-----------+--------+-----+----+------+
|x|          9|         43|        137|  -0.8190000000|         43|00:15:31|   NA|  NA|    NA|
|x|          2|         43|        137|  -0.8300000000|         83|00:15:03|+0.92|0.96|0.1284|
|x|          4|         43|        137|  -0.8338888889|        123|00:15:09|+0.94|0.96|0.0856|
|x|          1|         43|        137|  -0.8325000000|        161|00:14:25|+0.92|0.94|0.1281|
|!|          8|          8|        137|  -0.8316000000|        199|00:14:25|+0.77|0.81|0.0087|
|!|          5|          7|        137|  -0.8285000000|        204|00:00:51|+0.75|0.79|0.0081|
+-+-----------+-----------+-----------+---------------+-----------+--------+-----+----+------+
Best-so-far configuration:         137    mean value:   -0.8281851852
Description of the best-so-far configuration:
    .ID.       dataset  job_id cutoff metafolds           task sparse f_eng1 f_eng2 scaling algorithm pre_scaling extraction ext_components selection lr_C lr_solver multi_class       C kernel rf_estimators criterion_classification criterion_regression max_features max_depth min_samples_leaf solver alpha hidden_layers neurons1 activation n_neighbors weights ab_estimators ab_learning_rate ab_loss whiten svd_solver ica_algorithm ica_fun dl_fit_algorithm dl_transform_algorithm sel_model sel_score_classification sel_score_regression sel_percentile sel_threshold max_iter lr_penalty degree gamma max_depth_value mlp_learning_rate learning_rate_init neurons2 neurons3 lr_dual .PARENT.
137  137 fashion-mnist 1545514     10         1 classification  False   None   None    True       SVM        <NA>       <NA>             NA      <NA>   NA      <NA>        <NA> -1.9406 linear            NA                     <NA>                   NA           NA      <NA>               NA   <NA>    NA            NA       NA       <NA>          NA    <NA>            NA               NA      NA   <NA>       <NA>          <NA>    <NA>             <NA>                   <NA>      <NA>                     <NA>                   NA             NA          <NA>       NA       <NA>     NA    NA              NA              <NA>                 NA       NA       NA    <NA>       71

# 2020-06-30 01:00:15 BRT: Elite configurations (first number is the configuration ID; listed from best to worst according to the sum of ranks):
          dataset  job_id cutoff metafolds           task sparse     f_eng1    f_eng2 scaling          algorithm pre_scaling extraction ext_components       selection    lr_C lr_solver multi_class       C kernel rf_estimators criterion_classification criterion_regression max_features max_depth min_samples_leaf solver alpha hidden_layers neurons1 activation n_neighbors weights ab_estimators ab_learning_rate ab_loss whiten svd_solver ica_algorithm ica_fun dl_fit_algorithm dl_transform_algorithm    sel_model sel_score_classification sel_score_regression sel_percentile sel_threshold max_iter lr_penalty degree gamma max_depth_value mlp_learning_rate learning_rate_init neurons2 neurons3 lr_dual
137 fashion-mnist 1545514     10         1 classification  False       None      None    True                SVM        <NA>       <NA>             NA            <NA>      NA      <NA>        <NA> -1.9406 linear            NA                     <NA>                   NA           NA      <NA>               NA   <NA>    NA            NA       NA       <NA>          NA    <NA>            NA               NA      NA   <NA>       <NA>          <NA>    <NA>             <NA>                   <NA>         <NA>                     <NA>                   NA             NA          <NA>       NA       <NA>     NA    NA              NA              <NA>                 NA       NA       NA    <NA>
146 fashion-mnist 1545514     10         1 classification  False       None      None    True LogisticRegression        <NA>       <NA>             NA            <NA> -2.0149 newton-cg multinomial      NA   <NA>            NA                     <NA>                   NA           NA      <NA>               NA   <NA>    NA            NA       NA       <NA>          NA    <NA>            NA               NA      NA   <NA>       <NA>          <NA>    <NA>             <NA>                   <NA>         <NA>                     <NA>                   NA             NA          <NA>      132       <NA>     NA    NA              NA              <NA>                 NA       NA       NA    <NA>
8   fashion-mnist 1545514     10         1 classification  False       None      None    True LogisticRegression        <NA>       <NA>             NA            <NA> -1.4728 newton-cg multinomial      NA   <NA>            NA                     <NA>                   NA           NA      <NA>               NA   <NA>    NA            NA       NA       <NA>          NA    <NA>            NA               NA      NA   <NA>       <NA>          <NA>    <NA>             <NA>                   <NA>         <NA>                     <NA>                   NA             NA          <NA>      371       <NA>     NA    NA              NA              <NA>                 NA       NA       NA    <NA>
71  fashion-mnist 1545514     10         1 classification  False       None      None    True LogisticRegression        <NA>       <NA>             NA            <NA> -2.0084 liblinear         ovr      NA   <NA>            NA                     <NA>                   NA           NA      <NA>               NA   <NA>    NA            NA       NA       <NA>          NA    <NA>            NA               NA      NA   <NA>       <NA>          <NA>    <NA>             <NA>                   <NA>         <NA>                     <NA>                   NA             NA          <NA>       NA         l2     NA    NA              NA              <NA>                 NA       NA       NA    True
68  fashion-mnist 1545514     10         1 classification  False Extraction Selection   False LogisticRegression       False        PCA         0.0815 SelectFromModel -0.6243     lbfgs multinomial      NA   <NA>            NA                     <NA>                   NA           NA      <NA>               NA   <NA>    NA            NA       NA       <NA>          NA    <NA>            NA               NA      NA   True       full          <NA>    <NA>             <NA>                   <NA> DecisionTree                     <NA>                   NA             NA          mean      282       <NA>     NA    NA              NA              <NA>                 NA       NA       NA    <NA>
169 fashion-mnist 1545514     10         1 classification  False       None      None    True LogisticRegression        <NA>       <NA>             NA            <NA> -1.5627 newton-cg multinomial      NA   <NA>            NA                     <NA>                   NA           NA      <NA>               NA   <NA>    NA            NA       NA       <NA>          NA    <NA>            NA               NA      NA   <NA>       <NA>          <NA>    <NA>             <NA>                   <NA>         <NA>                     <NA>                   NA             NA          <NA>      613       <NA>     NA    NA              NA              <NA>                 NA       NA       NA    <NA>
186 fashion-mnist 1545514     10         1 classification  False       None      None    True LogisticRegression        <NA>       <NA>             NA            <NA> -1.7166 newton-cg multinomial      NA   <NA>            NA                     <NA>                   NA           NA      <NA>               NA   <NA>    NA            NA       NA       <NA>          NA    <NA>            NA               NA      NA   <NA>       <NA>          <NA>    <NA>             <NA>                   <NA>         <NA>                     <NA>                   NA             NA          <NA>      230       <NA>     NA    NA              NA              <NA>                 NA       NA       NA    <NA>
# 2020-06-30 01:00:15 BRT: Iteration 6 of 7
# experimentsUsedSoFar: 1028
# remainingBudget: 972
# currentBudget: 486
# nbConfigurations: 54
  Markers:
     x No test is performed.
     - The test is performed and some configurations are discarded.
     = The test is performed but no configuration is discarded.
     ! The test is performed and configurations could be discarded but elite configurations are preserved.
     . All alive configurations are elite and nothing is discarded

+-+-----------+-----------+-----------+---------------+-----------+--------+-----+----+------+
| |   Instance|      Alive|       Best|      Mean best| Exp so far|  W time|  rho|KenW|  Qvar|
+-+-----------+-----------+-----------+---------------+-----------+--------+-----+----+------+
|x|         10|         54|        137|  -0.8270000000|         54|00:12:48|   NA|  NA|    NA|
|x|          3|         54|        137|  -0.8276666667|        103|00:11:09|+0.96|0.98|0.1137|
|x|          7|         54|        137|  -0.8272222222|        152|00:11:01|+0.97|0.98|0.0758|
|x|          5|         54|        234|  -0.8228333333|        199|00:10:46|+0.95|0.96|0.1144|
|!|          9|          9|        234|  -0.8221333333|        246|00:10:36|+0.73|0.78|0.0168|
|!|          6|          8|        234|  -0.8222222222|        250|00:00:35|+0.77|0.81|0.0130|
|-|          4|          8|        137|  -0.8261904762|        251|00:00:09|+0.70|0.74|0.0140|
|-|          1|          8|        137|  -0.8264583333|        252|00:00:09|+0.72|0.75|0.0124|
|-|          8|          8|        137|  -0.8266296296|        253|00:00:09|+0.71|0.75|0.0118|
|!|          2|          3|        137|  -0.8280666667|        254|00:00:10|-0.03|0.07|0.6640|
+-+-----------+-----------+-----------+---------------+-----------+--------+-----+----+------+
Best-so-far configuration:         137    mean value:   -0.8280666667
Description of the best-so-far configuration:
    .ID.       dataset  job_id cutoff metafolds           task sparse f_eng1 f_eng2 scaling algorithm pre_scaling extraction ext_components selection lr_C lr_solver multi_class       C kernel rf_estimators criterion_classification criterion_regression max_features max_depth min_samples_leaf solver alpha hidden_layers neurons1 activation n_neighbors weights ab_estimators ab_learning_rate ab_loss whiten svd_solver ica_algorithm ica_fun dl_fit_algorithm dl_transform_algorithm sel_model sel_score_classification sel_score_regression sel_percentile sel_threshold max_iter lr_penalty degree gamma max_depth_value mlp_learning_rate learning_rate_init neurons2 neurons3 lr_dual .PARENT.
137  137 fashion-mnist 1545514     10         1 classification  False   None   None    True       SVM        <NA>       <NA>             NA      <NA>   NA      <NA>        <NA> -1.9406 linear            NA                     <NA>                   NA           NA      <NA>               NA   <NA>    NA            NA       NA       <NA>          NA    <NA>            NA               NA      NA   <NA>       <NA>          <NA>    <NA>             <NA>                   <NA>      <NA>                     <NA>                   NA             NA          <NA>       NA       <NA>     NA    NA              NA              <NA>                 NA       NA       NA    <NA>       71

# 2020-06-30 01:57:54 BRT: Elite configurations (first number is the configuration ID; listed from best to worst according to the sum of ranks):
          dataset  job_id cutoff metafolds           task sparse f_eng1 f_eng2 scaling          algorithm pre_scaling extraction ext_components selection    lr_C lr_solver multi_class       C kernel rf_estimators criterion_classification criterion_regression max_features max_depth min_samples_leaf solver alpha hidden_layers neurons1 activation n_neighbors weights ab_estimators ab_learning_rate ab_loss whiten svd_solver ica_algorithm ica_fun dl_fit_algorithm dl_transform_algorithm sel_model sel_score_classification sel_score_regression sel_percentile sel_threshold max_iter lr_penalty degree gamma max_depth_value mlp_learning_rate learning_rate_init neurons2 neurons3 lr_dual
137 fashion-mnist 1545514     10         1 classification  False   None   None    True                SVM        <NA>       <NA>             NA      <NA>      NA      <NA>        <NA> -1.9406 linear            NA                     <NA>                   NA           NA      <NA>               NA   <NA>    NA            NA       NA       <NA>          NA    <NA>            NA               NA      NA   <NA>       <NA>          <NA>    <NA>             <NA>                   <NA>      <NA>                     <NA>                   NA             NA          <NA>       NA       <NA>     NA    NA              NA              <NA>                 NA       NA       NA    <NA>
234 fashion-mnist 1545514     10         1 classification  False   None   None    True LogisticRegression        <NA>       <NA>             NA      <NA> -1.8068 newton-cg multinomial      NA   <NA>            NA                     <NA>                   NA           NA      <NA>               NA   <NA>    NA            NA       NA       <NA>          NA    <NA>            NA               NA      NA   <NA>       <NA>          <NA>    <NA>             <NA>                   <NA>      <NA>                     <NA>                   NA             NA          <NA>      524       <NA>     NA    NA              NA              <NA>                 NA       NA       NA    <NA>
146 fashion-mnist 1545514     10         1 classification  False   None   None    True LogisticRegression        <NA>       <NA>             NA      <NA> -2.0149 newton-cg multinomial      NA   <NA>            NA                     <NA>                   NA           NA      <NA>               NA   <NA>    NA            NA       NA       <NA>          NA    <NA>            NA               NA      NA   <NA>       <NA>          <NA>    <NA>             <NA>                   <NA>      <NA>                     <NA>                   NA             NA          <NA>      132       <NA>     NA    NA              NA              <NA>                 NA       NA       NA    <NA>
# 2020-06-30 01:57:54 BRT: Iteration 7 of 7
# experimentsUsedSoFar: 1282
# remainingBudget: 718
# currentBudget: 718
# nbConfigurations: 68
  Markers:
     x No test is performed.
     - The test is performed and some configurations are discarded.
     = The test is performed but no configuration is discarded.
     ! The test is performed and configurations could be discarded but elite configurations are preserved.
     . All alive configurations are elite and nothing is discarded

+-+-----------+-----------+-----------+---------------+-----------+--------+-----+----+------+
| |   Instance|      Alive|       Best|      Mean best| Exp so far|  W time|  rho|KenW|  Qvar|
+-+-----------+-----------+-----------+---------------+-----------+--------+-----+----+------+
|x|         11|         68|        294|  -0.8303333333|         68|00:11:52|   NA|  NA|    NA|
|x|          7|         68|        294|  -0.8295000000|        133|00:11:13|+0.97|0.98|0.0045|
|x|          1|         68|        294|  -0.8281111111|        198|00:11:17|+0.96|0.97|0.0044|
|x|          2|         68|        284|  -0.8312500000|        263|00:11:24|+0.96|0.97|0.0044|
|!|         10|          9|        305|  -0.8312000000|        328|00:11:32|+0.18|0.35|0.6566|
|=|          3|          9|        305|  -0.8306666667|        334|00:00:53|+0.17|0.31|0.6560|
|!|          4|          6|        305|  -0.8326666667|        340|00:00:51|+0.24|0.35|0.5886|
+-+-----------+-----------+-----------+---------------+-----------+--------+-----+----+------+
Best-so-far configuration:         137    mean value:   -0.8278181818
Description of the best-so-far configuration:
    .ID.       dataset  job_id cutoff metafolds           task sparse f_eng1 f_eng2 scaling algorithm pre_scaling extraction ext_components selection lr_C lr_solver multi_class       C kernel rf_estimators criterion_classification criterion_regression max_features max_depth min_samples_leaf solver alpha hidden_layers neurons1 activation n_neighbors weights ab_estimators ab_learning_rate ab_loss whiten svd_solver ica_algorithm ica_fun dl_fit_algorithm dl_transform_algorithm sel_model sel_score_classification sel_score_regression sel_percentile sel_threshold max_iter lr_penalty degree gamma max_depth_value mlp_learning_rate learning_rate_init neurons2 neurons3 lr_dual .PARENT.
137  137 fashion-mnist 1545514     10         1 classification  False   None   None    True       SVM        <NA>       <NA>             NA      <NA>   NA      <NA>        <NA> -1.9406 linear            NA                     <NA>                   NA           NA      <NA>               NA   <NA>    NA            NA       NA       <NA>          NA    <NA>            NA               NA      NA   <NA>       <NA>          <NA>    <NA>             <NA>                   <NA>      <NA>                     <NA>                   NA             NA          <NA>       NA       <NA>     NA    NA              NA              <NA>                 NA       NA       NA    <NA>       71

# 2020-06-30 02:57:01 BRT: Elite configurations (first number is the configuration ID; listed from best to worst according to the sum of ranks):
          dataset  job_id cutoff metafolds           task sparse f_eng1 f_eng2 scaling          algorithm pre_scaling extraction ext_components selection    lr_C lr_solver multi_class       C kernel rf_estimators criterion_classification criterion_regression max_features max_depth min_samples_leaf solver alpha hidden_layers neurons1 activation n_neighbors weights ab_estimators ab_learning_rate ab_loss whiten svd_solver ica_algorithm ica_fun dl_fit_algorithm dl_transform_algorithm sel_model sel_score_classification sel_score_regression sel_percentile sel_threshold max_iter lr_penalty degree gamma max_depth_value mlp_learning_rate learning_rate_init neurons2 neurons3 lr_dual
137 fashion-mnist 1545514     10         1 classification  False   None   None    True                SVM        <NA>       <NA>             NA      <NA>      NA      <NA>        <NA> -1.9406 linear            NA                     <NA>                   NA           NA      <NA>               NA   <NA>    NA            NA       NA       <NA>          NA    <NA>            NA               NA      NA   <NA>       <NA>          <NA>    <NA>             <NA>                   <NA>      <NA>                     <NA>                   NA             NA          <NA>       NA       <NA>     NA    NA              NA              <NA>                 NA       NA       NA    <NA>
234 fashion-mnist 1545514     10         1 classification  False   None   None    True LogisticRegression        <NA>       <NA>             NA      <NA> -1.8068 newton-cg multinomial      NA   <NA>            NA                     <NA>                   NA           NA      <NA>               NA   <NA>    NA            NA       NA       <NA>          NA    <NA>            NA               NA      NA   <NA>       <NA>          <NA>    <NA>             <NA>                   <NA>      <NA>                     <NA>                   NA             NA          <NA>      524       <NA>     NA    NA              NA              <NA>                 NA       NA       NA    <NA>
146 fashion-mnist 1545514     10         1 classification  False   None   None    True LogisticRegression        <NA>       <NA>             NA      <NA> -2.0149 newton-cg multinomial      NA   <NA>            NA                     <NA>                   NA           NA      <NA>               NA   <NA>    NA            NA       NA       <NA>          NA    <NA>            NA               NA      NA   <NA>       <NA>          <NA>    <NA>             <NA>                   <NA>      <NA>                     <NA>                   NA             NA          <NA>      132       <NA>     NA    NA              NA              <NA>                 NA       NA       NA    <NA>
305 fashion-mnist 1545514     10         1 classification  False   None   None    True                SVM        <NA>       <NA>             NA      <NA>      NA      <NA>        <NA> -2.0163 linear            NA                     <NA>                   NA           NA      <NA>               NA   <NA>    NA            NA       NA       <NA>          NA    <NA>            NA               NA      NA   <NA>       <NA>          <NA>    <NA>             <NA>                   <NA>      <NA>                     <NA>                   NA             NA          <NA>       NA       <NA>     NA    NA              NA              <NA>                 NA       NA       NA    <NA>
284 fashion-mnist 1545514     10         1 classification  False   None   None    True                SVM        <NA>       <NA>             NA      <NA>      NA      <NA>        <NA> -1.9956 linear            NA                     <NA>                   NA           NA      <NA>               NA   <NA>    NA            NA       NA       <NA>          NA    <NA>            NA               NA      NA   <NA>       <NA>          <NA>    <NA>             <NA>                   <NA>      <NA>                     <NA>                   NA             NA          <NA>       NA       <NA>     NA    NA              NA              <NA>                 NA       NA       NA    <NA>
294 fashion-mnist 1545514     10         1 classification  False   None   None    True                SVM        <NA>       <NA>             NA      <NA>      NA      <NA>        <NA> -2.3535 linear            NA                     <NA>                   NA           NA      <NA>               NA   <NA>    NA            NA       NA       <NA>          NA    <NA>            NA               NA      NA   <NA>       <NA>          <NA>    <NA>             <NA>                   <NA>      <NA>                     <NA>                   NA             NA          <NA>       NA       <NA>     NA    NA              NA              <NA>                 NA       NA       NA    <NA>
# 2020-06-30 02:57:01 BRT: Iteration 8 of 8
# experimentsUsedSoFar: 1622
# remainingBudget: 378
# currentBudget: 378
# nbConfigurations: 37
  Markers:
     x No test is performed.
     - The test is performed and some configurations are discarded.
     = The test is performed but no configuration is discarded.
     ! The test is performed and configurations could be discarded but elite configurations are preserved.
     . All alive configurations are elite and nothing is discarded

+-+-----------+-----------+-----------+---------------+-----------+--------+-----+----+------+
| |   Instance|      Alive|       Best|      Mean best| Exp so far|  W time|  rho|KenW|  Qvar|
+-+-----------+-----------+-----------+---------------+-----------+--------+-----+----+------+
|x|         12|         37|        305|  -0.8336666667|         37|00:07:12|   NA|  NA|    NA|
|x|          2|         37|        284|  -0.8376666667|         68|00:06:07|+0.99|0.99|0.0088|
|x|          1|         37|        284|  -0.8346666667|         99|00:06:08|+0.98|0.98|0.0228|
|x|          6|         37|        342|  -0.8332500000|        133|00:06:39|+0.98|0.98|0.0196|
|!|          9|          7|        342|  -0.8309333333|        167|00:06:44|+0.56|0.65|0.3442|
+-+-----------+-----------+-----------+---------------+-----------+--------+-----+----+------+
Best-so-far configuration:         137    mean value:   -0.8282222222
Description of the best-so-far configuration:
    .ID.       dataset  job_id cutoff metafolds           task sparse f_eng1 f_eng2 scaling algorithm pre_scaling extraction ext_components selection lr_C lr_solver multi_class       C kernel rf_estimators criterion_classification criterion_regression max_features max_depth min_samples_leaf solver alpha hidden_layers neurons1 activation n_neighbors weights ab_estimators ab_learning_rate ab_loss whiten svd_solver ica_algorithm ica_fun dl_fit_algorithm dl_transform_algorithm sel_model sel_score_classification sel_score_regression sel_percentile sel_threshold max_iter lr_penalty degree gamma max_depth_value mlp_learning_rate learning_rate_init neurons2 neurons3 lr_dual .PARENT.
137  137 fashion-mnist 1545514     10         1 classification  False   None   None    True       SVM        <NA>       <NA>             NA      <NA>   NA      <NA>        <NA> -1.9406 linear            NA                     <NA>                   NA           NA      <NA>               NA   <NA>    NA            NA       NA       <NA>          NA    <NA>            NA               NA      NA   <NA>       <NA>          <NA>    <NA>             <NA>                   <NA>      <NA>                     <NA>                   NA             NA          <NA>       NA       <NA>     NA    NA              NA              <NA>                 NA       NA       NA    <NA>       71

# 2020-06-30 03:29:54 BRT: Elite configurations (first number is the configuration ID; listed from best to worst according to the sum of ranks):
          dataset  job_id cutoff metafolds           task sparse f_eng1 f_eng2 scaling          algorithm pre_scaling extraction ext_components selection    lr_C lr_solver multi_class       C kernel rf_estimators criterion_classification criterion_regression max_features max_depth min_samples_leaf solver alpha hidden_layers neurons1 activation n_neighbors weights ab_estimators ab_learning_rate ab_loss whiten svd_solver ica_algorithm ica_fun dl_fit_algorithm dl_transform_algorithm sel_model sel_score_classification sel_score_regression sel_percentile sel_threshold max_iter lr_penalty degree gamma max_depth_value mlp_learning_rate learning_rate_init neurons2 neurons3 lr_dual
137 fashion-mnist 1545514     10         1 classification  False   None   None    True                SVM        <NA>       <NA>             NA      <NA>      NA      <NA>        <NA> -1.9406 linear            NA                     <NA>                   NA           NA      <NA>               NA   <NA>    NA            NA       NA       <NA>          NA    <NA>            NA               NA      NA   <NA>       <NA>          <NA>    <NA>             <NA>                   <NA>      <NA>                     <NA>                   NA             NA          <NA>       NA       <NA>     NA    NA              NA              <NA>                 NA       NA       NA    <NA>
146 fashion-mnist 1545514     10         1 classification  False   None   None    True LogisticRegression        <NA>       <NA>             NA      <NA> -2.0149 newton-cg multinomial      NA   <NA>            NA                     <NA>                   NA           NA      <NA>               NA   <NA>    NA            NA       NA       <NA>          NA    <NA>            NA               NA      NA   <NA>       <NA>          <NA>    <NA>             <NA>                   <NA>      <NA>                     <NA>                   NA             NA          <NA>      132       <NA>     NA    NA              NA              <NA>                 NA       NA       NA    <NA>
234 fashion-mnist 1545514     10         1 classification  False   None   None    True LogisticRegression        <NA>       <NA>             NA      <NA> -1.8068 newton-cg multinomial      NA   <NA>            NA                     <NA>                   NA           NA      <NA>               NA   <NA>    NA            NA       NA       <NA>          NA    <NA>            NA               NA      NA   <NA>       <NA>          <NA>    <NA>             <NA>                   <NA>      <NA>                     <NA>                   NA             NA          <NA>      524       <NA>     NA    NA              NA              <NA>                 NA       NA       NA    <NA>
305 fashion-mnist 1545514     10         1 classification  False   None   None    True                SVM        <NA>       <NA>             NA      <NA>      NA      <NA>        <NA> -2.0163 linear            NA                     <NA>                   NA           NA      <NA>               NA   <NA>    NA            NA       NA       <NA>          NA    <NA>            NA               NA      NA   <NA>       <NA>          <NA>    <NA>             <NA>                   <NA>      <NA>                     <NA>                   NA             NA          <NA>       NA       <NA>     NA    NA              NA              <NA>                 NA       NA       NA    <NA>
284 fashion-mnist 1545514     10         1 classification  False   None   None    True                SVM        <NA>       <NA>             NA      <NA>      NA      <NA>        <NA> -1.9956 linear            NA                     <NA>                   NA           NA      <NA>               NA   <NA>    NA            NA       NA       <NA>          NA    <NA>            NA               NA      NA   <NA>       <NA>          <NA>    <NA>             <NA>                   <NA>      <NA>                     <NA>                   NA             NA          <NA>       NA       <NA>     NA    NA              NA              <NA>                 NA       NA       NA    <NA>
294 fashion-mnist 1545514     10         1 classification  False   None   None    True                SVM        <NA>       <NA>             NA      <NA>      NA      <NA>        <NA> -2.3535 linear            NA                     <NA>                   NA           NA      <NA>               NA   <NA>    NA            NA       NA       <NA>          NA    <NA>            NA               NA      NA   <NA>       <NA>          <NA>    <NA>             <NA>                   <NA>      <NA>                     <NA>                   NA             NA          <NA>       NA       <NA>     NA    NA              NA              <NA>                 NA       NA       NA    <NA>
342 fashion-mnist 1545514     10         1 classification  False   None   None    True                SVM        <NA>       <NA>             NA      <NA>      NA      <NA>        <NA> -2.1152 linear            NA                     <NA>                   NA           NA      <NA>               NA   <NA>    NA            NA       NA       <NA>          NA    <NA>            NA               NA      NA   <NA>       <NA>          <NA>    <NA>             <NA>                   <NA>      <NA>                     <NA>                   NA             NA          <NA>       NA       <NA>     NA    NA              NA              <NA>                 NA       NA       NA    <NA>
# 2020-06-30 03:29:54 BRT: Iteration 9 of 9
# experimentsUsedSoFar: 1789
# remainingBudget: 211
# currentBudget: 211
# nbConfigurations: 22
  Markers:
     x No test is performed.
     - The test is performed and some configurations are discarded.
     = The test is performed but no configuration is discarded.
     ! The test is performed and configurations could be discarded but elite configurations are preserved.
     . All alive configurations are elite and nothing is discarded

+-+-----------+-----------+-----------+---------------+-----------+--------+-----+----+------+
| |   Instance|      Alive|       Best|      Mean best| Exp so far|  W time|  rho|KenW|  Qvar|
+-+-----------+-----------+-----------+---------------+-----------+--------+-----+----+------+
|x|         13|         22|        350|  -0.8383333333|         22|00:03:02|   NA|  NA|    NA|
|x|          8|         22|        350|  -0.8376666667|         41|00:02:34|+0.97|0.99|0.0068|
|x|          6|         22|        350|  -0.8345555556|         56|00:02:27|+0.98|0.99|0.0080|
|x|          1|         22|        342|  -0.8330000000|         71|00:02:23|+0.97|0.97|0.0082|
|!|          3|          8|        342|  -0.8323333333|         87|00:02:26|+0.48|0.58|0.3764|
|-|          7|          8|        342|  -0.8320555556|         89|00:00:17|+0.53|0.61|0.3689|
|-|         11|          8|        350|  -0.8314761905|         91|00:00:17|+0.51|0.58|0.3639|
|-|          4|          8|        350|  -0.8327916667|         93|00:00:16|+0.43|0.50|0.4014|
|-|          9|          8|        350|  -0.8313703704|         94|00:00:15|+0.39|0.46|0.4500|
|-|         10|          8|        342|  -0.8309666667|         96|00:00:15|+0.40|0.46|0.4321|
|-|         12|          8|        342|  -0.8310000000|         97|00:00:15|+0.38|0.43|0.4506|
|-|          5|          8|        350|  -0.8301666667|        102|00:00:16|+0.33|0.38|0.5058|
|!|          2|          5|        350|  -0.8310256410|        103|00:00:15|-0.01|0.06|0.7742|
+-+-----------+-----------+-----------+---------------+-----------+--------+-----+----+------+
Best-so-far configuration:         342    mean value:   -0.8306923077
Description of the best-so-far configuration:
    .ID.       dataset  job_id cutoff metafolds           task sparse f_eng1 f_eng2 scaling algorithm pre_scaling extraction ext_components selection lr_C lr_solver multi_class       C kernel rf_estimators criterion_classification criterion_regression max_features max_depth min_samples_leaf solver alpha hidden_layers neurons1 activation n_neighbors weights ab_estimators ab_learning_rate ab_loss whiten svd_solver ica_algorithm ica_fun dl_fit_algorithm dl_transform_algorithm sel_model sel_score_classification sel_score_regression sel_percentile sel_threshold max_iter lr_penalty degree gamma max_depth_value mlp_learning_rate learning_rate_init neurons2 neurons3 lr_dual .PARENT.
342  342 fashion-mnist 1545514     10         1 classification  False   None   None    True       SVM        <NA>       <NA>             NA      <NA>   NA      <NA>        <NA> -2.1152 linear            NA                     <NA>                   NA           NA      <NA>               NA   <NA>    NA            NA       NA       <NA>          NA    <NA>            NA               NA      NA   <NA>       <NA>          <NA>    <NA>             <NA>                   <NA>      <NA>                     <NA>                   NA             NA          <NA>       NA       <NA>     NA    NA              NA              <NA>                 NA       NA       NA    <NA>      137

# 2020-06-30 03:44:59 BRT: Elite configurations (first number is the configuration ID; listed from best to worst according to the sum of ranks):
          dataset  job_id cutoff metafolds           task sparse f_eng1 f_eng2 scaling algorithm pre_scaling extraction ext_components selection lr_C lr_solver multi_class       C kernel rf_estimators criterion_classification criterion_regression max_features max_depth min_samples_leaf solver alpha hidden_layers neurons1 activation n_neighbors weights ab_estimators ab_learning_rate ab_loss whiten svd_solver ica_algorithm ica_fun dl_fit_algorithm dl_transform_algorithm sel_model sel_score_classification sel_score_regression sel_percentile sel_threshold max_iter lr_penalty degree gamma max_depth_value mlp_learning_rate learning_rate_init neurons2 neurons3 lr_dual
342 fashion-mnist 1545514     10         1 classification  False   None   None    True       SVM        <NA>       <NA>             NA      <NA>   NA      <NA>        <NA> -2.1152 linear            NA                     <NA>                   NA           NA      <NA>               NA   <NA>    NA            NA       NA       <NA>          NA    <NA>            NA               NA      NA   <NA>       <NA>          <NA>    <NA>             <NA>                   <NA>      <NA>                     <NA>                   NA             NA          <NA>       NA       <NA>     NA    NA              NA              <NA>                 NA       NA       NA    <NA>
350 fashion-mnist 1545514     10         1 classification  False   None   None    True       SVM        <NA>       <NA>             NA      <NA>   NA      <NA>        <NA> -2.1951 linear            NA                     <NA>                   NA           NA      <NA>               NA   <NA>    NA            NA       NA       <NA>          NA    <NA>            NA               NA      NA   <NA>       <NA>          <NA>    <NA>             <NA>                   <NA>      <NA>                     <NA>                   NA             NA          <NA>       NA       <NA>     NA    NA              NA              <NA>                 NA       NA       NA    <NA>
305 fashion-mnist 1545514     10         1 classification  False   None   None    True       SVM        <NA>       <NA>             NA      <NA>   NA      <NA>        <NA> -2.0163 linear            NA                     <NA>                   NA           NA      <NA>               NA   <NA>    NA            NA       NA       <NA>          NA    <NA>            NA               NA      NA   <NA>       <NA>          <NA>    <NA>             <NA>                   <NA>      <NA>                     <NA>                   NA             NA          <NA>       NA       <NA>     NA    NA              NA              <NA>                 NA       NA       NA    <NA>
284 fashion-mnist 1545514     10         1 classification  False   None   None    True       SVM        <NA>       <NA>             NA      <NA>   NA      <NA>        <NA> -1.9956 linear            NA                     <NA>                   NA           NA      <NA>               NA   <NA>    NA            NA       NA       <NA>          NA    <NA>            NA               NA      NA   <NA>       <NA>          <NA>    <NA>             <NA>                   <NA>      <NA>                     <NA>                   NA             NA          <NA>       NA       <NA>     NA    NA              NA              <NA>                 NA       NA       NA    <NA>
294 fashion-mnist 1545514     10         1 classification  False   None   None    True       SVM        <NA>       <NA>             NA      <NA>   NA      <NA>        <NA> -2.3535 linear            NA                     <NA>                   NA           NA      <NA>               NA   <NA>    NA            NA       NA       <NA>          NA    <NA>            NA               NA      NA   <NA>       <NA>          <NA>    <NA>             <NA>                   <NA>      <NA>                     <NA>                   NA             NA          <NA>       NA       <NA>     NA    NA              NA              <NA>                 NA       NA       NA    <NA>
# 2020-06-30 03:44:59 BRT: Iteration 10 of 10
# experimentsUsedSoFar: 1892
# remainingBudget: 108
# currentBudget: 108
# nbConfigurations: 12
  Markers:
     x No test is performed.
     - The test is performed and some configurations are discarded.
     = The test is performed but no configuration is discarded.
     ! The test is performed and configurations could be discarded but elite configurations are preserved.
     . All alive configurations are elite and nothing is discarded

+-+-----------+-----------+-----------+---------------+-----------+--------+-----+----+------+
| |   Instance|      Alive|       Best|      Mean best| Exp so far|  W time|  rho|KenW|  Qvar|
+-+-----------+-----------+-----------+---------------+-----------+--------+-----+----+------+
|x|         14|         12|        294|  -0.8350000000|         12|00:00:19|   NA|  NA|    NA|
|x|         13|         12|        350|  -0.8360000000|         19|00:00:18|+0.94|0.97|0.0698|
|x|          8|         12|        350|  -0.8363333333|         26|00:00:18|+0.90|0.93|0.0739|
|x|          4|         12|        350|  -0.8377500000|         33|00:00:17|+0.71|0.78|0.1119|
|!|          3|          5|        350|  -0.8362666667|         40|00:00:17|+0.19|0.35|0.6061|
|.|         12|          5|        350|  -0.8356111111|         40|23:59:59|+0.00|0.17|0.7801|
|.|          1|          5|        350|  -0.8344761905|         40|23:59:59|-0.06|0.09|0.8150|
|.|         11|          5|        350|  -0.8337083333|         40|23:59:59|-0.03|0.10|0.8076|
|.|          2|          5|        350|  -0.8345555556|         40|23:59:59|-0.07|0.04|0.8237|
|.|         10|          5|        350|  -0.8339666667|         40|23:59:59|-0.08|0.03|0.8325|
|.|          7|          5|        350|  -0.8336363636|         40|23:59:59|-0.04|0.05|0.7975|
|.|          9|          5|        350|  -0.8325000000|         40|23:59:59|-0.05|0.04|0.7901|
|.|          6|          5|        350|  -0.8321794872|         40|23:59:59|-0.03|0.05|0.7805|
|.|          5|          5|        350|  -0.8312142857|         40|23:59:59|-0.00|0.07|0.7720|
+-+-----------+-----------+-----------+---------------+-----------+--------+-----+----+------+
Best-so-far configuration:         342    mean value:   -0.8306666667
Description of the best-so-far configuration:
    .ID.       dataset  job_id cutoff metafolds           task sparse f_eng1 f_eng2 scaling algorithm pre_scaling extraction ext_components selection lr_C lr_solver multi_class       C kernel rf_estimators criterion_classification criterion_regression max_features max_depth min_samples_leaf solver alpha hidden_layers neurons1 activation n_neighbors weights ab_estimators ab_learning_rate ab_loss whiten svd_solver ica_algorithm ica_fun dl_fit_algorithm dl_transform_algorithm sel_model sel_score_classification sel_score_regression sel_percentile sel_threshold max_iter lr_penalty degree gamma max_depth_value mlp_learning_rate learning_rate_init neurons2 neurons3 lr_dual .PARENT.
342  342 fashion-mnist 1545514     10         1 classification  False   None   None    True       SVM        <NA>       <NA>             NA      <NA>   NA      <NA>        <NA> -2.1152 linear            NA                     <NA>                   NA           NA      <NA>               NA   <NA>    NA            NA       NA       <NA>          NA    <NA>            NA               NA      NA   <NA>       <NA>          <NA>    <NA>             <NA>                   <NA>      <NA>                     <NA>                   NA             NA          <NA>       NA       <NA>     NA    NA              NA              <NA>                 NA       NA       NA    <NA>      137

# 2020-06-30 03:46:31 BRT: Elite configurations (first number is the configuration ID; listed from best to worst according to the sum of ranks):
          dataset  job_id cutoff metafolds           task sparse f_eng1 f_eng2 scaling algorithm pre_scaling extraction ext_components selection lr_C lr_solver multi_class       C kernel rf_estimators criterion_classification criterion_regression max_features max_depth min_samples_leaf solver alpha hidden_layers neurons1 activation n_neighbors weights ab_estimators ab_learning_rate ab_loss whiten svd_solver ica_algorithm ica_fun dl_fit_algorithm dl_transform_algorithm sel_model sel_score_classification sel_score_regression sel_percentile sel_threshold max_iter lr_penalty degree gamma max_depth_value mlp_learning_rate learning_rate_init neurons2 neurons3 lr_dual
342 fashion-mnist 1545514     10         1 classification  False   None   None    True       SVM        <NA>       <NA>             NA      <NA>   NA      <NA>        <NA> -2.1152 linear            NA                     <NA>                   NA           NA      <NA>               NA   <NA>    NA            NA       NA       <NA>          NA    <NA>            NA               NA      NA   <NA>       <NA>          <NA>    <NA>             <NA>                   <NA>      <NA>                     <NA>                   NA             NA          <NA>       NA       <NA>     NA    NA              NA              <NA>                 NA       NA       NA    <NA>
350 fashion-mnist 1545514     10         1 classification  False   None   None    True       SVM        <NA>       <NA>             NA      <NA>   NA      <NA>        <NA> -2.1951 linear            NA                     <NA>                   NA           NA      <NA>               NA   <NA>    NA            NA       NA       <NA>          NA    <NA>            NA               NA      NA   <NA>       <NA>          <NA>    <NA>             <NA>                   <NA>      <NA>                     <NA>                   NA             NA          <NA>       NA       <NA>     NA    NA              NA              <NA>                 NA       NA       NA    <NA>
294 fashion-mnist 1545514     10         1 classification  False   None   None    True       SVM        <NA>       <NA>             NA      <NA>   NA      <NA>        <NA> -2.3535 linear            NA                     <NA>                   NA           NA      <NA>               NA   <NA>    NA            NA       NA       <NA>          NA    <NA>            NA               NA      NA   <NA>       <NA>          <NA>    <NA>             <NA>                   <NA>      <NA>                     <NA>                   NA             NA          <NA>       NA       <NA>     NA    NA              NA              <NA>                 NA       NA       NA    <NA>
305 fashion-mnist 1545514     10         1 classification  False   None   None    True       SVM        <NA>       <NA>             NA      <NA>   NA      <NA>        <NA> -2.0163 linear            NA                     <NA>                   NA           NA      <NA>               NA   <NA>    NA            NA       NA       <NA>          NA    <NA>            NA               NA      NA   <NA>       <NA>          <NA>    <NA>             <NA>                   <NA>      <NA>                     <NA>                   NA             NA          <NA>       NA       <NA>     NA    NA              NA              <NA>                 NA       NA       NA    <NA>
284 fashion-mnist 1545514     10         1 classification  False   None   None    True       SVM        <NA>       <NA>             NA      <NA>   NA      <NA>        <NA> -1.9956 linear            NA                     <NA>                   NA           NA      <NA>               NA   <NA>    NA            NA       NA       <NA>          NA    <NA>            NA               NA      NA   <NA>       <NA>          <NA>    <NA>             <NA>                   <NA>      <NA>                     <NA>                   NA             NA          <NA>       NA       <NA>     NA    NA              NA              <NA>                 NA       NA       NA    <NA>
# 2020-06-30 03:46:31 BRT: Iteration 11 of 11
# experimentsUsedSoFar: 1932
# remainingBudget: 68
# currentBudget: 68
# nbConfigurations: 9
  Markers:
     x No test is performed.
     - The test is performed and some configurations are discarded.
     = The test is performed but no configuration is discarded.
     ! The test is performed and configurations could be discarded but elite configurations are preserved.
     . All alive configurations are elite and nothing is discarded

+-+-----------+-----------+-----------+---------------+-----------+--------+-----+----+------+
| |   Instance|      Alive|       Best|      Mean best| Exp so far|  W time|  rho|KenW|  Qvar|
+-+-----------+-----------+-----------+---------------+-----------+--------+-----+----+------+
|x|         15|          9|        368|  -0.8293333333|          9|00:00:17|   NA|  NA|    NA|
|x|          1|          9|        284|  -0.8278333333|         13|00:00:16|+0.50|0.75|0.0346|
|x|          4|          9|        284|  -0.8332222222|         17|00:00:16|+0.61|0.74|0.0306|
|x|          5|          9|        350|  -0.8285833333|         21|00:00:16|+0.61|0.71|0.0331|
|!|          3|          6|        350|  -0.8289333333|         25|00:00:16|-0.19|0.05|1.0113|
+-+-----------+-----------+-----------+---------------+-----------+--------+-----+----+------+
Best-so-far configuration:         350    mean value:   -0.8308666667
Description of the best-so-far configuration:
    .ID.       dataset  job_id cutoff metafolds           task sparse f_eng1 f_eng2 scaling algorithm pre_scaling extraction ext_components selection lr_C lr_solver multi_class       C kernel rf_estimators criterion_classification criterion_regression max_features max_depth min_samples_leaf solver alpha hidden_layers neurons1 activation n_neighbors weights ab_estimators ab_learning_rate ab_loss whiten svd_solver ica_algorithm ica_fun dl_fit_algorithm dl_transform_algorithm sel_model sel_score_classification sel_score_regression sel_percentile sel_threshold max_iter lr_penalty degree gamma max_depth_value mlp_learning_rate learning_rate_init neurons2 neurons3 lr_dual .PARENT.
350  350 fashion-mnist 1545514     10         1 classification  False   None   None    True       SVM        <NA>       <NA>             NA      <NA>   NA      <NA>        <NA> -2.1951 linear            NA                     <NA>                   NA           NA      <NA>               NA   <NA>    NA            NA       NA       <NA>          NA    <NA>            NA               NA      NA   <NA>       <NA>          <NA>    <NA>             <NA>                   <NA>      <NA>                     <NA>                   NA             NA          <NA>       NA       <NA>     NA    NA              NA              <NA>                 NA       NA       NA    <NA>      305

# 2020-06-30 03:47:55 BRT: Elite configurations (first number is the configuration ID; listed from best to worst according to the sum of ranks):
          dataset  job_id cutoff metafolds           task sparse f_eng1 f_eng2 scaling algorithm pre_scaling extraction ext_components selection lr_C lr_solver multi_class       C kernel rf_estimators criterion_classification criterion_regression max_features max_depth min_samples_leaf solver alpha hidden_layers neurons1 activation n_neighbors weights ab_estimators ab_learning_rate ab_loss whiten svd_solver ica_algorithm ica_fun dl_fit_algorithm dl_transform_algorithm sel_model sel_score_classification sel_score_regression sel_percentile sel_threshold max_iter lr_penalty degree gamma max_depth_value mlp_learning_rate learning_rate_init neurons2 neurons3 lr_dual
350 fashion-mnist 1545514     10         1 classification  False   None   None    True       SVM        <NA>       <NA>             NA      <NA>   NA      <NA>        <NA> -2.1951 linear            NA                     <NA>                   NA           NA      <NA>               NA   <NA>    NA            NA       NA       <NA>          NA    <NA>            NA               NA      NA   <NA>       <NA>          <NA>    <NA>             <NA>                   <NA>      <NA>                     <NA>                   NA             NA          <NA>       NA       <NA>     NA    NA              NA              <NA>                 NA       NA       NA    <NA>
342 fashion-mnist 1545514     10         1 classification  False   None   None    True       SVM        <NA>       <NA>             NA      <NA>   NA      <NA>        <NA> -2.1152 linear            NA                     <NA>                   NA           NA      <NA>               NA   <NA>    NA            NA       NA       <NA>          NA    <NA>            NA               NA      NA   <NA>       <NA>          <NA>    <NA>             <NA>                   <NA>      <NA>                     <NA>                   NA             NA          <NA>       NA       <NA>     NA    NA              NA              <NA>                 NA       NA       NA    <NA>
294 fashion-mnist 1545514     10         1 classification  False   None   None    True       SVM        <NA>       <NA>             NA      <NA>   NA      <NA>        <NA> -2.3535 linear            NA                     <NA>                   NA           NA      <NA>               NA   <NA>    NA            NA       NA       <NA>          NA    <NA>            NA               NA      NA   <NA>       <NA>          <NA>    <NA>             <NA>                   <NA>      <NA>                     <NA>                   NA             NA          <NA>       NA       <NA>     NA    NA              NA              <NA>                 NA       NA       NA    <NA>
305 fashion-mnist 1545514     10         1 classification  False   None   None    True       SVM        <NA>       <NA>             NA      <NA>   NA      <NA>        <NA> -2.0163 linear            NA                     <NA>                   NA           NA      <NA>               NA   <NA>    NA            NA       NA       <NA>          NA    <NA>            NA               NA      NA   <NA>       <NA>          <NA>    <NA>             <NA>                   <NA>      <NA>                     <NA>                   NA             NA          <NA>       NA       <NA>     NA    NA              NA              <NA>                 NA       NA       NA    <NA>
284 fashion-mnist 1545514     10         1 classification  False   None   None    True       SVM        <NA>       <NA>             NA      <NA>   NA      <NA>        <NA> -1.9956 linear            NA                     <NA>                   NA           NA      <NA>               NA   <NA>    NA            NA       NA       <NA>          NA    <NA>            NA               NA      NA   <NA>       <NA>          <NA>    <NA>             <NA>                   <NA>      <NA>                     <NA>                   NA             NA          <NA>       NA       <NA>     NA    NA              NA              <NA>                 NA       NA       NA    <NA>
368 fashion-mnist 1545514     10         1 classification  False   None   None    True       SVM        <NA>       <NA>             NA      <NA>   NA      <NA>        <NA> -2.5151 linear            NA                     <NA>                   NA           NA      <NA>               NA   <NA>    NA            NA       NA       <NA>          NA    <NA>            NA               NA      NA   <NA>       <NA>          <NA>    <NA>             <NA>                   <NA>      <NA>                     <NA>                   NA             NA          <NA>       NA       <NA>     NA    NA              NA              <NA>                 NA       NA       NA    <NA>
# 2020-06-30 03:47:55 BRT: Iteration 12 of 12
# experimentsUsedSoFar: 1957
# remainingBudget: 43
# currentBudget: 43
# nbConfigurations: 8
  Markers:
     x No test is performed.
     - The test is performed and some configurations are discarded.
     = The test is performed but no configuration is discarded.
     ! The test is performed and configurations could be discarded but elite configurations are preserved.
     . All alive configurations are elite and nothing is discarded

+-+-----------+-----------+-----------+---------------+-----------+--------+-----+----+------+
| |   Instance|      Alive|       Best|      Mean best| Exp so far|  W time|  rho|KenW|  Qvar|
+-+-----------+-----------+-----------+---------------+-----------+--------+-----+----+------+
|x|         16|          8|        368|  -0.8286666667|          8|00:00:17|   NA|  NA|    NA|
|x|         12|          8|        305|  -0.8305000000|         11|00:00:16|+0.46|0.73|0.2551|
|x|          2|          8|        305|  -0.8342222222|         14|00:00:16|+0.53|0.69|0.1465|
|x|          6|          8|        305|  -0.8326666667|         17|00:00:16|+0.36|0.52|0.1462|
|!|          8|          7|        305|  -0.8320000000|         20|00:00:16|-0.07|0.14|0.9094|
+-+-----------+-----------+-----------+---------------+-----------+--------+-----+----+------+
Best-so-far configuration:         342    mean value:   -0.8301041667
Description of the best-so-far configuration:
    .ID.       dataset  job_id cutoff metafolds           task sparse f_eng1 f_eng2 scaling algorithm pre_scaling extraction ext_components selection lr_C lr_solver multi_class       C kernel rf_estimators criterion_classification criterion_regression max_features max_depth min_samples_leaf solver alpha hidden_layers neurons1 activation n_neighbors weights ab_estimators ab_learning_rate ab_loss whiten svd_solver ica_algorithm ica_fun dl_fit_algorithm dl_transform_algorithm sel_model sel_score_classification sel_score_regression sel_percentile sel_threshold max_iter lr_penalty degree gamma max_depth_value mlp_learning_rate learning_rate_init neurons2 neurons3 lr_dual .PARENT.
342  342 fashion-mnist 1545514     10         1 classification  False   None   None    True       SVM        <NA>       <NA>             NA      <NA>   NA      <NA>        <NA> -2.1152 linear            NA                     <NA>                   NA           NA      <NA>               NA   <NA>    NA            NA       NA       <NA>          NA    <NA>            NA               NA      NA   <NA>       <NA>          <NA>    <NA>             <NA>                   <NA>      <NA>                     <NA>                   NA             NA          <NA>       NA       <NA>     NA    NA              NA              <NA>                 NA       NA       NA    <NA>      137

# 2020-06-30 03:49:19 BRT: Elite configurations (first number is the configuration ID; listed from best to worst according to the sum of ranks):
          dataset  job_id cutoff metafolds           task sparse f_eng1 f_eng2 scaling algorithm pre_scaling extraction ext_components selection lr_C lr_solver multi_class       C kernel rf_estimators criterion_classification criterion_regression max_features max_depth min_samples_leaf solver alpha hidden_layers neurons1 activation n_neighbors weights ab_estimators ab_learning_rate ab_loss whiten svd_solver ica_algorithm ica_fun dl_fit_algorithm dl_transform_algorithm sel_model sel_score_classification sel_score_regression sel_percentile sel_threshold max_iter lr_penalty degree gamma max_depth_value mlp_learning_rate learning_rate_init neurons2 neurons3 lr_dual
342 fashion-mnist 1545514     10         1 classification  False   None   None    True       SVM        <NA>       <NA>             NA      <NA>   NA      <NA>        <NA> -2.1152 linear            NA                     <NA>                   NA           NA      <NA>               NA   <NA>    NA            NA       NA       <NA>          NA    <NA>            NA               NA      NA   <NA>       <NA>          <NA>    <NA>             <NA>                   <NA>      <NA>                     <NA>                   NA             NA          <NA>       NA       <NA>     NA    NA              NA              <NA>                 NA       NA       NA    <NA>
350 fashion-mnist 1545514     10         1 classification  False   None   None    True       SVM        <NA>       <NA>             NA      <NA>   NA      <NA>        <NA> -2.1951 linear            NA                     <NA>                   NA           NA      <NA>               NA   <NA>    NA            NA       NA       <NA>          NA    <NA>            NA               NA      NA   <NA>       <NA>          <NA>    <NA>             <NA>                   <NA>      <NA>                     <NA>                   NA             NA          <NA>       NA       <NA>     NA    NA              NA              <NA>                 NA       NA       NA    <NA>
294 fashion-mnist 1545514     10         1 classification  False   None   None    True       SVM        <NA>       <NA>             NA      <NA>   NA      <NA>        <NA> -2.3535 linear            NA                     <NA>                   NA           NA      <NA>               NA   <NA>    NA            NA       NA       <NA>          NA    <NA>            NA               NA      NA   <NA>       <NA>          <NA>    <NA>             <NA>                   <NA>      <NA>                     <NA>                   NA             NA          <NA>       NA       <NA>     NA    NA              NA              <NA>                 NA       NA       NA    <NA>
305 fashion-mnist 1545514     10         1 classification  False   None   None    True       SVM        <NA>       <NA>             NA      <NA>   NA      <NA>        <NA> -2.0163 linear            NA                     <NA>                   NA           NA      <NA>               NA   <NA>    NA            NA       NA       <NA>          NA    <NA>            NA               NA      NA   <NA>       <NA>          <NA>    <NA>             <NA>                   <NA>      <NA>                     <NA>                   NA             NA          <NA>       NA       <NA>     NA    NA              NA              <NA>                 NA       NA       NA    <NA>
284 fashion-mnist 1545514     10         1 classification  False   None   None    True       SVM        <NA>       <NA>             NA      <NA>   NA      <NA>        <NA> -1.9956 linear            NA                     <NA>                   NA           NA      <NA>               NA   <NA>    NA            NA       NA       <NA>          NA    <NA>            NA               NA      NA   <NA>       <NA>          <NA>    <NA>             <NA>                   <NA>      <NA>                     <NA>                   NA             NA          <NA>       NA       <NA>     NA    NA              NA              <NA>                 NA       NA       NA    <NA>
368 fashion-mnist 1545514     10         1 classification  False   None   None    True       SVM        <NA>       <NA>             NA      <NA>   NA      <NA>        <NA> -2.5151 linear            NA                     <NA>                   NA           NA      <NA>               NA   <NA>    NA            NA       NA       <NA>          NA    <NA>            NA               NA      NA   <NA>       <NA>          <NA>    <NA>             <NA>                   <NA>      <NA>                     <NA>                   NA             NA          <NA>       NA       <NA>     NA    NA              NA              <NA>                 NA       NA       NA    <NA>
372 fashion-mnist 1545514     10         1 classification  False   None   None    True       SVM        <NA>       <NA>             NA      <NA>   NA      <NA>        <NA> -1.8456 linear            NA                     <NA>                   NA           NA      <NA>               NA   <NA>    NA            NA       NA       <NA>          NA    <NA>            NA               NA      NA   <NA>       <NA>          <NA>    <NA>             <NA>                   <NA>      <NA>                     <NA>                   NA             NA          <NA>       NA       <NA>     NA    NA              NA              <NA>                 NA       NA       NA    <NA>
# 2020-06-30 03:49:19 BRT: Stopped because there is not enough budget left to race more than the minimum (7)
# You may either increase the budget or set 'minNbSurvival' to a lower value
# Iteration: 13
# nbIterations: 13
# experimentsUsedSoFar: 1977
# timeUsed: 0
# remainingBudget: 23
# currentBudget: 23
# number of elites: 7
# nbConfigurations: 7
# Best configurations (first number is the configuration ID; listed from best to worst according to the sum of ranks):
          dataset  job_id cutoff metafolds           task sparse f_eng1 f_eng2 scaling algorithm pre_scaling extraction ext_components selection lr_C lr_solver multi_class       C kernel rf_estimators criterion_classification criterion_regression max_features max_depth min_samples_leaf solver alpha hidden_layers neurons1 activation n_neighbors weights ab_estimators ab_learning_rate ab_loss whiten svd_solver ica_algorithm ica_fun dl_fit_algorithm dl_transform_algorithm sel_model sel_score_classification sel_score_regression sel_percentile sel_threshold max_iter lr_penalty degree gamma max_depth_value mlp_learning_rate learning_rate_init neurons2 neurons3 lr_dual
342 fashion-mnist 1545514     10         1 classification  False   None   None    True       SVM        <NA>       <NA>             NA      <NA>   NA      <NA>        <NA> -2.1152 linear            NA                     <NA>                   NA           NA      <NA>               NA   <NA>    NA            NA       NA       <NA>          NA    <NA>            NA               NA      NA   <NA>       <NA>          <NA>    <NA>             <NA>                   <NA>      <NA>                     <NA>                   NA             NA          <NA>       NA       <NA>     NA    NA              NA              <NA>                 NA       NA       NA    <NA>
350 fashion-mnist 1545514     10         1 classification  False   None   None    True       SVM        <NA>       <NA>             NA      <NA>   NA      <NA>        <NA> -2.1951 linear            NA                     <NA>                   NA           NA      <NA>               NA   <NA>    NA            NA       NA       <NA>          NA    <NA>            NA               NA      NA   <NA>       <NA>          <NA>    <NA>             <NA>                   <NA>      <NA>                     <NA>                   NA             NA          <NA>       NA       <NA>     NA    NA              NA              <NA>                 NA       NA       NA    <NA>
294 fashion-mnist 1545514     10         1 classification  False   None   None    True       SVM        <NA>       <NA>             NA      <NA>   NA      <NA>        <NA> -2.3535 linear            NA                     <NA>                   NA           NA      <NA>               NA   <NA>    NA            NA       NA       <NA>          NA    <NA>            NA               NA      NA   <NA>       <NA>          <NA>    <NA>             <NA>                   <NA>      <NA>                     <NA>                   NA             NA          <NA>       NA       <NA>     NA    NA              NA              <NA>                 NA       NA       NA    <NA>
305 fashion-mnist 1545514     10         1 classification  False   None   None    True       SVM        <NA>       <NA>             NA      <NA>   NA      <NA>        <NA> -2.0163 linear            NA                     <NA>                   NA           NA      <NA>               NA   <NA>    NA            NA       NA       <NA>          NA    <NA>            NA               NA      NA   <NA>       <NA>          <NA>    <NA>             <NA>                   <NA>      <NA>                     <NA>                   NA             NA          <NA>       NA       <NA>     NA    NA              NA              <NA>                 NA       NA       NA    <NA>
284 fashion-mnist 1545514     10         1 classification  False   None   None    True       SVM        <NA>       <NA>             NA      <NA>   NA      <NA>        <NA> -1.9956 linear            NA                     <NA>                   NA           NA      <NA>               NA   <NA>    NA            NA       NA       <NA>          NA    <NA>            NA               NA      NA   <NA>       <NA>          <NA>    <NA>             <NA>                   <NA>      <NA>                     <NA>                   NA             NA          <NA>       NA       <NA>     NA    NA              NA              <NA>                 NA       NA       NA    <NA>
368 fashion-mnist 1545514     10         1 classification  False   None   None    True       SVM        <NA>       <NA>             NA      <NA>   NA      <NA>        <NA> -2.5151 linear            NA                     <NA>                   NA           NA      <NA>               NA   <NA>    NA            NA       NA       <NA>          NA    <NA>            NA               NA      NA   <NA>       <NA>          <NA>    <NA>             <NA>                   <NA>      <NA>                     <NA>                   NA             NA          <NA>       NA       <NA>     NA    NA              NA              <NA>                 NA       NA       NA    <NA>
372 fashion-mnist 1545514     10         1 classification  False   None   None    True       SVM        <NA>       <NA>             NA      <NA>   NA      <NA>        <NA> -1.8456 linear            NA                     <NA>                   NA           NA      <NA>               NA   <NA>    NA            NA       NA       <NA>          NA    <NA>            NA               NA      NA   <NA>       <NA>          <NA>    <NA>             <NA>                   <NA>      <NA>                     <NA>                   NA             NA          <NA>       NA       <NA>     NA    NA              NA              <NA>                 NA       NA       NA    <NA>
# Best configurations as commandlines (first number is the configuration ID; same order as above):
342  --dataset fashion-mnist --job_id 1545514 --cutoff 10 --metafolds 1 --task classification --sparse False --f_eng1 None --f_eng2 None --scaling True --algorithm SVM --C -2.1152 --kernel linear
350  --dataset fashion-mnist --job_id 1545514 --cutoff 10 --metafolds 1 --task classification --sparse False --f_eng1 None --f_eng2 None --scaling True --algorithm SVM --C -2.1951 --kernel linear
294  --dataset fashion-mnist --job_id 1545514 --cutoff 10 --metafolds 1 --task classification --sparse False --f_eng1 None --f_eng2 None --scaling True --algorithm SVM --C -2.3535 --kernel linear
305  --dataset fashion-mnist --job_id 1545514 --cutoff 10 --metafolds 1 --task classification --sparse False --f_eng1 None --f_eng2 None --scaling True --algorithm SVM --C -2.0163 --kernel linear
284  --dataset fashion-mnist --job_id 1545514 --cutoff 10 --metafolds 1 --task classification --sparse False --f_eng1 None --f_eng2 None --scaling True --algorithm SVM --C -1.9956 --kernel linear
368  --dataset fashion-mnist --job_id 1545514 --cutoff 10 --metafolds 1 --task classification --sparse False --f_eng1 None --f_eng2 None --scaling True --algorithm SVM --C -2.5151 --kernel linear
372  --dataset fashion-mnist --job_id 1545514 --cutoff 10 --metafolds 1 --task classification --sparse False --f_eng1 None --f_eng2 None --scaling True --algorithm SVM --C -1.8456 --kernel linear
