*******************************************************************************
* irace: An implementation in R of Iterated Race
* Version: 3.1.2112M
* Copyright (C) 2010-2018
* Manuel Lopez-Ibanez     <manuel.lopez-ibanez@manchester.ac.uk>
* Jeremie Dubois-Lacoste  
* Leslie Perez Caceres    <leslie.perez.caceres@ulb.ac.be>
*
* This is free software, and you are welcome to redistribute it under certain
* conditions.  See the GNU General Public License for details. There is NO
* WARRANTY; not even for MERCHANTABILITY or FITNESS FOR A PARTICULAR PURPOSE.
*
* irace builds upon previous code from the race package:
*
* race: Racing methods for the selection of the best
* Copyright (C) 2003 Mauro Birattari
*******************************************************************************
# installed at: /home/cemvieira/bin/R/irace
# called with: -s scenario.txt --max-experiments 2000 -p ./fashion-mnist/parameters-1545497.txt --parallel 32 --train-instances-file fashion-mnist/instances.txt --log-file ./output/fashion-mnist/fashion-mnist-3f2k15m-irace-1545497.Rdata
# 8 expression(s) specifying forbidden configurations read from '/home/cemvieira/isklearn/forbidden.txt'
# 2020-06-29 02:21:03 BRT: Initialization
# Elitist race
# Elitist new instances: 1
# Elitist limit: 2
# nbIterations: 7
# minNbSurvival: 7
# nbParameters: 50
# seed: 231995335
# confidence level: 0.95
# budget: 2000
# mu: 5
# deterministic: TRUE

# 2020-06-29 02:21:03 BRT: Iteration 1 of 7
# experimentsUsedSoFar: 0
# remainingBudget: 2000
# currentBudget: 285
# nbConfigurations: 47
  Markers:
     x No test is performed.
     - The test is performed and some configurations are discarded.
     = The test is performed but no configuration is discarded.
     ! The test is performed and configurations could be discarded but elite configurations are preserved.
     . All alive configurations are elite and nothing is discarded

+-+-----------+-----------+-----------+---------------+-----------+--------+-----+----+------+
| |   Instance|      Alive|       Best|      Mean best| Exp so far|  W time|  rho|KenW|  Qvar|
+-+-----------+-----------+-----------+---------------+-----------+--------+-----+----+------+
|x|          1|         47|         27|  -0.8077777778|         47|00:30:01|   NA|  NA|    NA|
|x|          2|         47|          7|  -0.8063888889|         94|00:30:01|+1.00|1.00|0.0000|
|x|          3|         47|          7|  -0.8054814815|        141|00:30:01|+1.00|1.00|0.0000|
|x|          4|         47|          7|  -0.8041944444|        188|00:30:01|+1.00|1.00|0.0000|
|!|          5|          2|          7|  -0.8041777778|        235|00:30:01|-0.20|0.04|0.6000|
+-+-----------+-----------+-----------+---------------+-----------+--------+-----+----+------+
Best-so-far configuration:           7    mean value:   -0.8041777778
Description of the best-so-far configuration:
  .ID.       dataset  job_id cutoff metafolds           task sparse f_eng1 f_eng2 scaling algorithm pre_scaling extraction ext_components selection lr_C lr_solver multi_class       C kernel rf_estimators criterion_classification criterion_regression max_features max_depth min_samples_leaf solver alpha hidden_layers neurons1 activation n_neighbors weights ab_estimators ab_learning_rate ab_loss whiten svd_solver ica_algorithm ica_fun dl_fit_algorithm dl_transform_algorithm sel_model sel_score_classification sel_score_regression sel_percentile sel_threshold max_iter lr_penalty degree gamma max_depth_value mlp_learning_rate learning_rate_init neurons2 neurons3 lr_dual .PARENT.
7    7 fashion-mnist 1545497     15         3 classification  False   None   None   False       SVM        <NA>       <NA>             NA      <NA>   NA      <NA>        <NA> -0.1686 linear            NA                     <NA>                   NA           NA      <NA>               NA   <NA>    NA            NA       NA       <NA>          NA    <NA>            NA               NA      NA   <NA>       <NA>          <NA>    <NA>             <NA>                   <NA>      <NA>                     <NA>                   NA             NA          <NA>       NA       <NA>     NA    NA              NA                NA                 NA       NA       NA    <NA>       NA

# 2020-06-29 04:51:11 BRT: Elite configurations (first number is the configuration ID; listed from best to worst according to the sum of ranks):
         dataset  job_id cutoff metafolds           task sparse f_eng1 f_eng2 scaling algorithm pre_scaling extraction ext_components selection lr_C lr_solver multi_class       C kernel rf_estimators criterion_classification criterion_regression max_features max_depth min_samples_leaf solver alpha hidden_layers neurons1 activation n_neighbors weights ab_estimators ab_learning_rate ab_loss whiten svd_solver ica_algorithm ica_fun dl_fit_algorithm dl_transform_algorithm sel_model sel_score_classification sel_score_regression sel_percentile sel_threshold max_iter lr_penalty degree gamma max_depth_value mlp_learning_rate learning_rate_init neurons2 neurons3 lr_dual
7  fashion-mnist 1545497     15         3 classification  False   None   None   False       SVM        <NA>       <NA>             NA      <NA>   NA      <NA>        <NA> -0.1686 linear            NA                     <NA>                   NA           NA      <NA>               NA   <NA>    NA            NA       NA       <NA>          NA    <NA>            NA               NA      NA   <NA>       <NA>          <NA>    <NA>             <NA>                   <NA>      <NA>                     <NA>                   NA             NA          <NA>       NA       <NA>     NA    NA              NA                NA                 NA       NA       NA    <NA>
27 fashion-mnist 1545497     15         3 classification  False   None   None    True       SVM        <NA>       <NA>             NA      <NA>   NA      <NA>        <NA>  2.9340 linear            NA                     <NA>                   NA           NA      <NA>               NA   <NA>    NA            NA       NA       <NA>          NA    <NA>            NA               NA      NA   <NA>       <NA>          <NA>    <NA>             <NA>                   <NA>      <NA>                     <NA>                   NA             NA          <NA>       NA       <NA>     NA    NA              NA                NA                 NA       NA       NA    <NA>
# 2020-06-29 04:51:11 BRT: Iteration 2 of 7
# experimentsUsedSoFar: 235
# remainingBudget: 1765
# currentBudget: 294
# nbConfigurations: 43
  Markers:
     x No test is performed.
     - The test is performed and some configurations are discarded.
     = The test is performed but no configuration is discarded.
     ! The test is performed and configurations could be discarded but elite configurations are preserved.
     . All alive configurations are elite and nothing is discarded

+-+-----------+-----------+-----------+---------------+-----------+--------+-----+----+------+
| |   Instance|      Alive|       Best|      Mean best| Exp so far|  W time|  rho|KenW|  Qvar|
+-+-----------+-----------+-----------+---------------+-----------+--------+-----+----+------+
|x|          6|         43|          7|  -0.8087777778|         43|00:30:00|   NA|  NA|    NA|
|x|          2|         43|          7|  -0.8091666667|         84|00:30:00|+1.00|1.00|0.0000|
|x|          5|         43|          7|  -0.8074814815|        125|00:30:01|+1.00|1.00|0.0000|
|x|          1|         43|          7|  -0.8064166667|        166|00:30:01|+1.00|1.00|0.0000|
|!|          4|          4|          7|  -0.8052000000|        207|00:30:01|-0.20|0.04|0.9000|
+-+-----------+-----------+-----------+---------------+-----------+--------+-----+----+------+
Best-so-far configuration:           7    mean value:   -0.8049444444
Description of the best-so-far configuration:
  .ID.       dataset  job_id cutoff metafolds           task sparse f_eng1 f_eng2 scaling algorithm pre_scaling extraction ext_components selection lr_C lr_solver multi_class       C kernel rf_estimators criterion_classification criterion_regression max_features max_depth min_samples_leaf solver alpha hidden_layers neurons1 activation n_neighbors weights ab_estimators ab_learning_rate ab_loss whiten svd_solver ica_algorithm ica_fun dl_fit_algorithm dl_transform_algorithm sel_model sel_score_classification sel_score_regression sel_percentile sel_threshold max_iter lr_penalty degree gamma max_depth_value mlp_learning_rate learning_rate_init neurons2 neurons3 lr_dual .PARENT.
7    7 fashion-mnist 1545497     15         3 classification  False   None   None   False       SVM        <NA>       <NA>             NA      <NA>   NA      <NA>        <NA> -0.1686 linear            NA                     <NA>                   NA           NA      <NA>               NA   <NA>    NA            NA       NA       <NA>          NA    <NA>            NA               NA      NA   <NA>       <NA>          <NA>    <NA>             <NA>                   <NA>      <NA>                     <NA>                   NA             NA          <NA>       NA       <NA>     NA    NA              NA              <NA>                 NA       NA       NA    <NA>       NA

# 2020-06-29 07:21:18 BRT: Elite configurations (first number is the configuration ID; listed from best to worst according to the sum of ranks):
         dataset  job_id cutoff metafolds           task sparse f_eng1 f_eng2 scaling algorithm pre_scaling extraction ext_components selection lr_C lr_solver multi_class       C kernel rf_estimators criterion_classification criterion_regression max_features max_depth min_samples_leaf solver alpha hidden_layers neurons1 activation n_neighbors weights ab_estimators ab_learning_rate ab_loss whiten svd_solver ica_algorithm ica_fun dl_fit_algorithm dl_transform_algorithm sel_model sel_score_classification sel_score_regression sel_percentile sel_threshold max_iter lr_penalty degree   gamma max_depth_value mlp_learning_rate learning_rate_init neurons2 neurons3 lr_dual
7  fashion-mnist 1545497     15         3 classification  False   None   None   False       SVM        <NA>       <NA>             NA      <NA>   NA      <NA>        <NA> -0.1686 linear            NA                     <NA>                   NA           NA      <NA>               NA   <NA>    NA            NA       NA       <NA>          NA    <NA>            NA               NA      NA   <NA>       <NA>          <NA>    <NA>             <NA>                   <NA>      <NA>                     <NA>                   NA             NA          <NA>       NA       <NA>     NA      NA              NA              <NA>                 NA       NA       NA    <NA>
27 fashion-mnist 1545497     15         3 classification  False   None   None    True       SVM        <NA>       <NA>             NA      <NA>   NA      <NA>        <NA>  2.9340 linear            NA                     <NA>                   NA           NA      <NA>               NA   <NA>    NA            NA       NA       <NA>          NA    <NA>            NA               NA      NA   <NA>       <NA>          <NA>    <NA>             <NA>                   <NA>      <NA>                     <NA>                   NA             NA          <NA>       NA       <NA>     NA      NA              NA              <NA>                 NA       NA       NA    <NA>
48 fashion-mnist 1545497     15         3 classification  False   None   None   False       SVM        <NA>       <NA>             NA      <NA>   NA      <NA>        <NA>  1.5599 linear            NA                     <NA>                   NA           NA      <NA>               NA   <NA>    NA            NA       NA       <NA>          NA    <NA>            NA               NA      NA   <NA>       <NA>          <NA>    <NA>             <NA>                   <NA>      <NA>                     <NA>                   NA             NA          <NA>       NA       <NA>     NA      NA              NA              <NA>                 NA       NA       NA    <NA>
88 fashion-mnist 1545497     15         3 classification  False   None   None    True       SVM        <NA>       <NA>             NA      <NA>   NA      <NA>        <NA>  3.0476   poly            NA                     <NA>                   NA           NA      <NA>               NA   <NA>    NA            NA       NA       <NA>          NA    <NA>            NA               NA      NA   <NA>       <NA>          <NA>    <NA>             <NA>                   <NA>      <NA>                     <NA>                   NA             NA          <NA>       NA       <NA>      1 -2.5715              NA              <NA>                 NA       NA       NA    <NA>
# 2020-06-29 07:21:18 BRT: Iteration 3 of 7
# experimentsUsedSoFar: 442
# remainingBudget: 1558
# currentBudget: 311
# nbConfigurations: 41
  Markers:
     x No test is performed.
     - The test is performed and some configurations are discarded.
     = The test is performed but no configuration is discarded.
     ! The test is performed and configurations could be discarded but elite configurations are preserved.
     . All alive configurations are elite and nothing is discarded

+-+-----------+-----------+-----------+---------------+-----------+--------+-----+----+------+
| |   Instance|      Alive|       Best|      Mean best| Exp so far|  W time|  rho|KenW|  Qvar|
+-+-----------+-----------+-----------+---------------+-----------+--------+-----+----+------+
|x|          7|         41|        112|  -0.8312222222|         41|00:19:22|   NA|  NA|    NA|
|x|          1|         41|        112|  -0.8328333333|         78|00:16:37|+0.99|1.00|0.0000|
|x|          3|         41|        112|  -0.8324444444|        117|00:19:06|+0.99|0.99|0.0000|
|x|          2|         41|        112|  -0.8341666667|        154|00:16:33|+0.99|0.99|0.0000|
|!|          5|          6|        112|  -0.8337333333|        191|00:16:34|+0.71|0.76|0.0150|
+-+-----------+-----------+-----------+---------------+-----------+--------+-----+----+------+
Best-so-far configuration:           7    mean value:   -0.8034444444
Description of the best-so-far configuration:
  .ID.       dataset  job_id cutoff metafolds           task sparse f_eng1 f_eng2 scaling algorithm pre_scaling extraction ext_components selection lr_C lr_solver multi_class       C kernel rf_estimators criterion_classification criterion_regression max_features max_depth min_samples_leaf solver alpha hidden_layers neurons1 activation n_neighbors weights ab_estimators ab_learning_rate ab_loss whiten svd_solver ica_algorithm ica_fun dl_fit_algorithm dl_transform_algorithm sel_model sel_score_classification sel_score_regression sel_percentile sel_threshold max_iter lr_penalty degree gamma max_depth_value mlp_learning_rate learning_rate_init neurons2 neurons3 lr_dual .PARENT.
7    7 fashion-mnist 1545497     15         3 classification  False   None   None   False       SVM        <NA>       <NA>             NA      <NA>   NA      <NA>        <NA> -0.1686 linear            NA                     <NA>                   NA           NA      <NA>               NA   <NA>    NA            NA       NA       <NA>          NA    <NA>            NA               NA      NA   <NA>       <NA>          <NA>    <NA>             <NA>                   <NA>      <NA>                     <NA>                   NA             NA          <NA>       NA       <NA>     NA    NA              NA              <NA>                 NA       NA       NA    <NA>       NA

# 2020-06-29 08:49:33 BRT: Elite configurations (first number is the configuration ID; listed from best to worst according to the sum of ranks):
          dataset  job_id cutoff metafolds           task sparse f_eng1 f_eng2 scaling algorithm pre_scaling extraction ext_components selection lr_C lr_solver multi_class       C kernel rf_estimators criterion_classification criterion_regression max_features max_depth min_samples_leaf solver alpha hidden_layers neurons1 activation n_neighbors weights ab_estimators ab_learning_rate ab_loss whiten svd_solver ica_algorithm ica_fun dl_fit_algorithm dl_transform_algorithm sel_model sel_score_classification sel_score_regression sel_percentile sel_threshold max_iter lr_penalty degree   gamma max_depth_value mlp_learning_rate learning_rate_init neurons2 neurons3 lr_dual
7   fashion-mnist 1545497     15         3 classification  False   None   None   False       SVM        <NA>       <NA>             NA      <NA>   NA      <NA>        <NA> -0.1686 linear            NA                     <NA>                   NA           NA      <NA>               NA   <NA>    NA            NA       NA       <NA>          NA    <NA>            NA               NA      NA   <NA>       <NA>          <NA>    <NA>             <NA>                   <NA>      <NA>                     <NA>                   NA             NA          <NA>       NA       <NA>     NA      NA              NA              <NA>                 NA       NA       NA    <NA>
48  fashion-mnist 1545497     15         3 classification  False   None   None   False       SVM        <NA>       <NA>             NA      <NA>   NA      <NA>        <NA>  1.5599 linear            NA                     <NA>                   NA           NA      <NA>               NA   <NA>    NA            NA       NA       <NA>          NA    <NA>            NA               NA      NA   <NA>       <NA>          <NA>    <NA>             <NA>                   <NA>      <NA>                     <NA>                   NA             NA          <NA>       NA       <NA>     NA      NA              NA              <NA>                 NA       NA       NA    <NA>
88  fashion-mnist 1545497     15         3 classification  False   None   None    True       SVM        <NA>       <NA>             NA      <NA>   NA      <NA>        <NA>  3.0476   poly            NA                     <NA>                   NA           NA      <NA>               NA   <NA>    NA            NA       NA       <NA>          NA    <NA>            NA               NA      NA   <NA>       <NA>          <NA>    <NA>             <NA>                   <NA>      <NA>                     <NA>                   NA             NA          <NA>       NA       <NA>      1 -2.5715              NA              <NA>                 NA       NA       NA    <NA>
27  fashion-mnist 1545497     15         3 classification  False   None   None    True       SVM        <NA>       <NA>             NA      <NA>   NA      <NA>        <NA>  2.9340 linear            NA                     <NA>                   NA           NA      <NA>               NA   <NA>    NA            NA       NA       <NA>          NA    <NA>            NA               NA      NA   <NA>       <NA>          <NA>    <NA>             <NA>                   <NA>      <NA>                     <NA>                   NA             NA          <NA>       NA       <NA>     NA      NA              NA              <NA>                 NA       NA       NA    <NA>
112 fashion-mnist 1545497     15         3 classification  False   None   None    True       SVM        <NA>       <NA>             NA      <NA>   NA      <NA>        <NA>  2.6183    rbf            NA                     <NA>                   NA           NA      <NA>               NA   <NA>    NA            NA       NA       <NA>          NA    <NA>            NA               NA      NA   <NA>       <NA>          <NA>    <NA>             <NA>                   <NA>      <NA>                     <NA>                   NA             NA          <NA>       NA       <NA>     NA -3.1543              NA              <NA>                 NA       NA       NA    <NA>
113 fashion-mnist 1545497     15         3 classification  False   None   None    True       SVM        <NA>       <NA>             NA      <NA>   NA      <NA>        <NA> -2.1773 linear            NA                     <NA>                   NA           NA      <NA>               NA   <NA>    NA            NA       NA       <NA>          NA    <NA>            NA               NA      NA   <NA>       <NA>          <NA>    <NA>             <NA>                   <NA>      <NA>                     <NA>                   NA             NA          <NA>       NA       <NA>     NA      NA              NA              <NA>                 NA       NA       NA    <NA>
# 2020-06-29 08:49:33 BRT: Iteration 4 of 7
# experimentsUsedSoFar: 633
# remainingBudget: 1367
# currentBudget: 341
# nbConfigurations: 42
  Markers:
     x No test is performed.
     - The test is performed and some configurations are discarded.
     = The test is performed but no configuration is discarded.
     ! The test is performed and configurations could be discarded but elite configurations are preserved.
     . All alive configurations are elite and nothing is discarded

+-+-----------+-----------+-----------+---------------+-----------+--------+-----+----+------+
| |   Instance|      Alive|       Best|      Mean best| Exp so far|  W time|  rho|KenW|  Qvar|
+-+-----------+-----------+-----------+---------------+-----------+--------+-----+----+------+
|x|          8|         42|        112|  -0.8305555556|         42|00:20:29|   NA|  NA|    NA|
|x|          5|         42|        112|  -0.8312777778|         78|00:16:48|+0.98|0.99|0.0993|
|x|          6|         42|        112|  -0.8350370370|        116|00:19:49|+0.98|0.99|0.0662|
|x|          4|         42|        112|  -0.8337777778|        154|00:19:43|+0.97|0.98|0.0497|
|!|          3|          8|        112|  -0.8333555556|        190|00:16:52|+0.84|0.87|0.0114|
|!|          1|          6|        112|  -0.8335370370|        192|00:01:11|+0.73|0.77|0.0127|
|.|          7|          6|        112|  -0.8332063492|        192|23:59:59|+0.71|0.75|0.0110|
|.|          2|          6|        112|  -0.8339722222|        192|23:59:59|+0.73|0.76|0.0124|
+-+-----------+-----------+-----------+---------------+-----------+--------+-----+----+------+
Best-so-far configuration:         112    mean value:   -0.8339722222
Description of the best-so-far configuration:
    .ID.       dataset  job_id cutoff metafolds           task sparse f_eng1 f_eng2 scaling algorithm pre_scaling extraction ext_components selection lr_C lr_solver multi_class      C kernel rf_estimators criterion_classification criterion_regression max_features max_depth min_samples_leaf solver alpha hidden_layers neurons1 activation n_neighbors weights ab_estimators ab_learning_rate ab_loss whiten svd_solver ica_algorithm ica_fun dl_fit_algorithm dl_transform_algorithm sel_model sel_score_classification sel_score_regression sel_percentile sel_threshold max_iter lr_penalty degree   gamma max_depth_value mlp_learning_rate learning_rate_init neurons2 neurons3 lr_dual .PARENT.
112  112 fashion-mnist 1545497     15         3 classification  False   None   None    True       SVM        <NA>       <NA>             NA      <NA>   NA      <NA>        <NA> 2.6183    rbf            NA                     <NA>                   NA           NA      <NA>               NA   <NA>    NA            NA       NA       <NA>          NA    <NA>            NA               NA      NA   <NA>       <NA>          <NA>    <NA>             <NA>                   <NA>      <NA>                     <NA>                   NA             NA          <NA>       NA       <NA>     NA -3.1543              NA              <NA>                 NA       NA       NA    <NA>       27

# 2020-06-29 10:24:29 BRT: Elite configurations (first number is the configuration ID; listed from best to worst according to the sum of ranks):
          dataset  job_id cutoff metafolds           task sparse f_eng1 f_eng2 scaling algorithm pre_scaling extraction ext_components selection lr_C lr_solver multi_class       C kernel rf_estimators criterion_classification criterion_regression max_features max_depth min_samples_leaf solver alpha hidden_layers neurons1 activation n_neighbors weights ab_estimators ab_learning_rate ab_loss whiten svd_solver ica_algorithm ica_fun dl_fit_algorithm dl_transform_algorithm sel_model sel_score_classification sel_score_regression sel_percentile sel_threshold max_iter lr_penalty degree   gamma max_depth_value mlp_learning_rate learning_rate_init neurons2 neurons3 lr_dual
112 fashion-mnist 1545497     15         3 classification  False   None   None    True       SVM        <NA>       <NA>             NA      <NA>   NA      <NA>        <NA>  2.6183    rbf            NA                     <NA>                   NA           NA      <NA>               NA   <NA>    NA            NA       NA       <NA>          NA    <NA>            NA               NA      NA   <NA>       <NA>          <NA>    <NA>             <NA>                   <NA>      <NA>                     <NA>                   NA             NA          <NA>       NA       <NA>     NA -3.1543              NA              <NA>                 NA       NA       NA    <NA>
113 fashion-mnist 1545497     15         3 classification  False   None   None    True       SVM        <NA>       <NA>             NA      <NA>   NA      <NA>        <NA> -2.1773 linear            NA                     <NA>                   NA           NA      <NA>               NA   <NA>    NA            NA       NA       <NA>          NA    <NA>            NA               NA      NA   <NA>       <NA>          <NA>    <NA>             <NA>                   <NA>      <NA>                     <NA>                   NA             NA          <NA>       NA       <NA>     NA      NA              NA              <NA>                 NA       NA       NA    <NA>
7   fashion-mnist 1545497     15         3 classification  False   None   None   False       SVM        <NA>       <NA>             NA      <NA>   NA      <NA>        <NA> -0.1686 linear            NA                     <NA>                   NA           NA      <NA>               NA   <NA>    NA            NA       NA       <NA>          NA    <NA>            NA               NA      NA   <NA>       <NA>          <NA>    <NA>             <NA>                   <NA>      <NA>                     <NA>                   NA             NA          <NA>       NA       <NA>     NA      NA              NA              <NA>                 NA       NA       NA    <NA>
48  fashion-mnist 1545497     15         3 classification  False   None   None   False       SVM        <NA>       <NA>             NA      <NA>   NA      <NA>        <NA>  1.5599 linear            NA                     <NA>                   NA           NA      <NA>               NA   <NA>    NA            NA       NA       <NA>          NA    <NA>            NA               NA      NA   <NA>       <NA>          <NA>    <NA>             <NA>                   <NA>      <NA>                     <NA>                   NA             NA          <NA>       NA       <NA>     NA      NA              NA              <NA>                 NA       NA       NA    <NA>
88  fashion-mnist 1545497     15         3 classification  False   None   None    True       SVM        <NA>       <NA>             NA      <NA>   NA      <NA>        <NA>  3.0476   poly            NA                     <NA>                   NA           NA      <NA>               NA   <NA>    NA            NA       NA       <NA>          NA    <NA>            NA               NA      NA   <NA>       <NA>          <NA>    <NA>             <NA>                   <NA>      <NA>                     <NA>                   NA             NA          <NA>       NA       <NA>      1 -2.5715              NA              <NA>                 NA       NA       NA    <NA>
27  fashion-mnist 1545497     15         3 classification  False   None   None    True       SVM        <NA>       <NA>             NA      <NA>   NA      <NA>        <NA>  2.9340 linear            NA                     <NA>                   NA           NA      <NA>               NA   <NA>    NA            NA       NA       <NA>          NA    <NA>            NA               NA      NA   <NA>       <NA>          <NA>    <NA>             <NA>                   <NA>      <NA>                     <NA>                   NA             NA          <NA>       NA       <NA>     NA      NA              NA              <NA>                 NA       NA       NA    <NA>
# 2020-06-29 10:24:30 BRT: Iteration 5 of 7
# experimentsUsedSoFar: 825
# remainingBudget: 1175
# currentBudget: 391
# nbConfigurations: 43
  Markers:
     x No test is performed.
     - The test is performed and some configurations are discarded.
     = The test is performed but no configuration is discarded.
     ! The test is performed and configurations could be discarded but elite configurations are preserved.
     . All alive configurations are elite and nothing is discarded

+-+-----------+-----------+-----------+---------------+-----------+--------+-----+----+------+
| |   Instance|      Alive|       Best|      Mean best| Exp so far|  W time|  rho|KenW|  Qvar|
+-+-----------+-----------+-----------+---------------+-----------+--------+-----+----+------+
|x|          9|         43|        112|  -0.8406666667|         43|00:17:30|   NA|  NA|    NA|
|x|          5|         43|        112|  -0.8363333333|         80|00:15:57|+0.99|1.00|0.0000|
|x|          3|         43|        112|  -0.8347777778|        117|00:15:57|+0.99|1.00|0.0000|
|x|          6|         43|        112|  -0.8367222222|        154|00:16:03|+0.98|0.99|0.0000|
|!|          4|          8|        112|  -0.8353777778|        191|00:15:58|+0.90|0.92|0.0263|
|!|          2|          6|        112|  -0.8360370370|        193|00:00:55|+0.82|0.85|0.0110|
|.|          8|          6|        112|  -0.8352539683|        193|23:59:59|+0.85|0.87|0.0093|
|.|          1|          6|        112|  -0.8351527778|        193|23:59:59|+0.78|0.81|0.0121|
|.|          7|          6|        112|  -0.8347160494|        193|23:59:59|+0.75|0.77|0.0111|
+-+-----------+-----------+-----------+---------------+-----------+--------+-----+----+------+
Best-so-far configuration:         112    mean value:   -0.8347160494
Description of the best-so-far configuration:
    .ID.       dataset  job_id cutoff metafolds           task sparse f_eng1 f_eng2 scaling algorithm pre_scaling extraction ext_components selection lr_C lr_solver multi_class      C kernel rf_estimators criterion_classification criterion_regression max_features max_depth min_samples_leaf solver alpha hidden_layers neurons1 activation n_neighbors weights ab_estimators ab_learning_rate ab_loss whiten svd_solver ica_algorithm ica_fun dl_fit_algorithm dl_transform_algorithm sel_model sel_score_classification sel_score_regression sel_percentile sel_threshold max_iter lr_penalty degree   gamma max_depth_value mlp_learning_rate learning_rate_init neurons2 neurons3 lr_dual .PARENT.
112  112 fashion-mnist 1545497     15         3 classification  False   None   None    True       SVM        <NA>       <NA>             NA      <NA>   NA      <NA>        <NA> 2.6183    rbf            NA                     <NA>                   NA           NA      <NA>               NA   <NA>    NA            NA       NA       <NA>          NA    <NA>            NA               NA      NA   <NA>       <NA>          <NA>    <NA>             <NA>                   <NA>      <NA>                     <NA>                   NA             NA          <NA>       NA       <NA>     NA -3.1543              NA              <NA>                 NA       NA       NA    <NA>       27

# 2020-06-29 11:46:55 BRT: Elite configurations (first number is the configuration ID; listed from best to worst according to the sum of ranks):
          dataset  job_id cutoff metafolds           task sparse f_eng1 f_eng2 scaling algorithm pre_scaling extraction ext_components selection lr_C lr_solver multi_class       C kernel rf_estimators criterion_classification criterion_regression max_features max_depth min_samples_leaf solver alpha hidden_layers neurons1 activation n_neighbors weights ab_estimators ab_learning_rate ab_loss whiten svd_solver ica_algorithm ica_fun dl_fit_algorithm dl_transform_algorithm sel_model sel_score_classification sel_score_regression sel_percentile sel_threshold max_iter lr_penalty degree   gamma max_depth_value mlp_learning_rate learning_rate_init neurons2 neurons3 lr_dual
112 fashion-mnist 1545497     15         3 classification  False   None   None    True       SVM        <NA>       <NA>             NA      <NA>   NA      <NA>        <NA>  2.6183    rbf            NA                     <NA>                   NA           NA      <NA>               NA   <NA>    NA            NA       NA       <NA>          NA    <NA>            NA               NA      NA   <NA>       <NA>          <NA>    <NA>             <NA>                   <NA>      <NA>                     <NA>                   NA             NA          <NA>       NA       <NA>     NA -3.1543              NA              <NA>                 NA       NA       NA    <NA>
113 fashion-mnist 1545497     15         3 classification  False   None   None    True       SVM        <NA>       <NA>             NA      <NA>   NA      <NA>        <NA> -2.1773 linear            NA                     <NA>                   NA           NA      <NA>               NA   <NA>    NA            NA       NA       <NA>          NA    <NA>            NA               NA      NA   <NA>       <NA>          <NA>    <NA>             <NA>                   <NA>      <NA>                     <NA>                   NA             NA          <NA>       NA       <NA>     NA      NA              NA              <NA>                 NA       NA       NA    <NA>
7   fashion-mnist 1545497     15         3 classification  False   None   None   False       SVM        <NA>       <NA>             NA      <NA>   NA      <NA>        <NA> -0.1686 linear            NA                     <NA>                   NA           NA      <NA>               NA   <NA>    NA            NA       NA       <NA>          NA    <NA>            NA               NA      NA   <NA>       <NA>          <NA>    <NA>             <NA>                   <NA>      <NA>                     <NA>                   NA             NA          <NA>       NA       <NA>     NA      NA              NA              <NA>                 NA       NA       NA    <NA>
48  fashion-mnist 1545497     15         3 classification  False   None   None   False       SVM        <NA>       <NA>             NA      <NA>   NA      <NA>        <NA>  1.5599 linear            NA                     <NA>                   NA           NA      <NA>               NA   <NA>    NA            NA       NA       <NA>          NA    <NA>            NA               NA      NA   <NA>       <NA>          <NA>    <NA>             <NA>                   <NA>      <NA>                     <NA>                   NA             NA          <NA>       NA       <NA>     NA      NA              NA              <NA>                 NA       NA       NA    <NA>
88  fashion-mnist 1545497     15         3 classification  False   None   None    True       SVM        <NA>       <NA>             NA      <NA>   NA      <NA>        <NA>  3.0476   poly            NA                     <NA>                   NA           NA      <NA>               NA   <NA>    NA            NA       NA       <NA>          NA    <NA>            NA               NA      NA   <NA>       <NA>          <NA>    <NA>             <NA>                   <NA>      <NA>                     <NA>                   NA             NA          <NA>       NA       <NA>      1 -2.5715              NA              <NA>                 NA       NA       NA    <NA>
27  fashion-mnist 1545497     15         3 classification  False   None   None    True       SVM        <NA>       <NA>             NA      <NA>   NA      <NA>        <NA>  2.9340 linear            NA                     <NA>                   NA           NA      <NA>               NA   <NA>    NA            NA       NA       <NA>          NA    <NA>            NA               NA      NA   <NA>       <NA>          <NA>    <NA>             <NA>                   <NA>      <NA>                     <NA>                   NA             NA          <NA>       NA       <NA>     NA      NA              NA              <NA>                 NA       NA       NA    <NA>
# 2020-06-29 11:46:55 BRT: Iteration 6 of 7
# experimentsUsedSoFar: 1018
# remainingBudget: 982
# currentBudget: 491
# nbConfigurations: 54
  Markers:
     x No test is performed.
     - The test is performed and some configurations are discarded.
     = The test is performed but no configuration is discarded.
     ! The test is performed and configurations could be discarded but elite configurations are preserved.
     . All alive configurations are elite and nothing is discarded

+-+-----------+-----------+-----------+---------------+-----------+--------+-----+----+------+
| |   Instance|      Alive|       Best|      Mean best| Exp so far|  W time|  rho|KenW|  Qvar|
+-+-----------+-----------+-----------+---------------+-----------+--------+-----+----+------+
|x|         10|         54|        236|  -0.8378888889|         54|00:15:00|   NA|  NA|    NA|
|x|          5|         54|        236|  -0.8367222222|        102|00:15:01|+1.00|1.00|0.0000|
|x|          1|         54|        236|  -0.8364444444|        150|00:15:00|+0.86|0.91|0.0000|
|x|          9|         54|        236|  -0.8374444444|        198|00:15:00|+0.89|0.92|0.0000|
|!|          3|         11|        236|  -0.8369333333|        246|00:15:00|+0.87|0.89|0.0116|
|!|          2|          7|        236|  -0.8377962963|        251|00:01:11|+0.89|0.90|0.0093|
+-+-----------+-----------+-----------+---------------+-----------+--------+-----+----+------+
Best-so-far configuration:         112    mean value:   -0.8348777778
Description of the best-so-far configuration:
    .ID.       dataset  job_id cutoff metafolds           task sparse f_eng1 f_eng2 scaling algorithm pre_scaling extraction ext_components selection lr_C lr_solver multi_class      C kernel rf_estimators criterion_classification criterion_regression max_features max_depth min_samples_leaf solver alpha hidden_layers neurons1 activation n_neighbors weights ab_estimators ab_learning_rate ab_loss whiten svd_solver ica_algorithm ica_fun dl_fit_algorithm dl_transform_algorithm sel_model sel_score_classification sel_score_regression sel_percentile sel_threshold max_iter lr_penalty degree   gamma max_depth_value mlp_learning_rate learning_rate_init neurons2 neurons3 lr_dual .PARENT.
112  112 fashion-mnist 1545497     15         3 classification  False   None   None    True       SVM        <NA>       <NA>             NA      <NA>   NA      <NA>        <NA> 2.6183    rbf            NA                     <NA>                   NA           NA      <NA>               NA   <NA>    NA            NA       NA       <NA>          NA    <NA>            NA               NA      NA   <NA>       <NA>          <NA>    <NA>             <NA>                   <NA>      <NA>                     <NA>                   NA             NA          <NA>       NA       <NA>     NA -3.1543              NA              <NA>                 NA       NA       NA    <NA>       27

# 2020-06-29 13:03:12 BRT: Elite configurations (first number is the configuration ID; listed from best to worst according to the sum of ranks):
          dataset  job_id cutoff metafolds           task sparse f_eng1 f_eng2 scaling algorithm pre_scaling extraction ext_components selection lr_C lr_solver multi_class       C kernel rf_estimators criterion_classification criterion_regression max_features max_depth min_samples_leaf solver alpha hidden_layers neurons1 activation n_neighbors weights ab_estimators ab_learning_rate ab_loss whiten svd_solver ica_algorithm ica_fun dl_fit_algorithm dl_transform_algorithm sel_model sel_score_classification sel_score_regression sel_percentile sel_threshold max_iter lr_penalty degree   gamma max_depth_value mlp_learning_rate learning_rate_init neurons2 neurons3 lr_dual
112 fashion-mnist 1545497     15         3 classification  False   None   None    True       SVM        <NA>       <NA>             NA      <NA>   NA      <NA>        <NA>  2.6183    rbf            NA                     <NA>                   NA           NA      <NA>               NA   <NA>    NA            NA       NA       <NA>          NA    <NA>            NA               NA      NA   <NA>       <NA>          <NA>    <NA>             <NA>                   <NA>      <NA>                     <NA>                   NA             NA          <NA>       NA       <NA>     NA -3.1543              NA              <NA>                 NA       NA       NA    <NA>
113 fashion-mnist 1545497     15         3 classification  False   None   None    True       SVM        <NA>       <NA>             NA      <NA>   NA      <NA>        <NA> -2.1773 linear            NA                     <NA>                   NA           NA      <NA>               NA   <NA>    NA            NA       NA       <NA>          NA    <NA>            NA               NA      NA   <NA>       <NA>          <NA>    <NA>             <NA>                   <NA>      <NA>                     <NA>                   NA             NA          <NA>       NA       <NA>     NA      NA              NA              <NA>                 NA       NA       NA    <NA>
7   fashion-mnist 1545497     15         3 classification  False   None   None   False       SVM        <NA>       <NA>             NA      <NA>   NA      <NA>        <NA> -0.1686 linear            NA                     <NA>                   NA           NA      <NA>               NA   <NA>    NA            NA       NA       <NA>          NA    <NA>            NA               NA      NA   <NA>       <NA>          <NA>    <NA>             <NA>                   <NA>      <NA>                     <NA>                   NA             NA          <NA>       NA       <NA>     NA      NA              NA              <NA>                 NA       NA       NA    <NA>
48  fashion-mnist 1545497     15         3 classification  False   None   None   False       SVM        <NA>       <NA>             NA      <NA>   NA      <NA>        <NA>  1.5599 linear            NA                     <NA>                   NA           NA      <NA>               NA   <NA>    NA            NA       NA       <NA>          NA    <NA>            NA               NA      NA   <NA>       <NA>          <NA>    <NA>             <NA>                   <NA>      <NA>                     <NA>                   NA             NA          <NA>       NA       <NA>     NA      NA              NA              <NA>                 NA       NA       NA    <NA>
88  fashion-mnist 1545497     15         3 classification  False   None   None    True       SVM        <NA>       <NA>             NA      <NA>   NA      <NA>        <NA>  3.0476   poly            NA                     <NA>                   NA           NA      <NA>               NA   <NA>    NA            NA       NA       <NA>          NA    <NA>            NA               NA      NA   <NA>       <NA>          <NA>    <NA>             <NA>                   <NA>      <NA>                     <NA>                   NA             NA          <NA>       NA       <NA>      1 -2.5715              NA              <NA>                 NA       NA       NA    <NA>
27  fashion-mnist 1545497     15         3 classification  False   None   None    True       SVM        <NA>       <NA>             NA      <NA>   NA      <NA>        <NA>  2.9340 linear            NA                     <NA>                   NA           NA      <NA>               NA   <NA>    NA            NA       NA       <NA>          NA    <NA>            NA               NA      NA   <NA>       <NA>          <NA>    <NA>             <NA>                   <NA>      <NA>                     <NA>                   NA             NA          <NA>       NA       <NA>     NA      NA              NA              <NA>                 NA       NA       NA    <NA>
236 fashion-mnist 1545497     15         3 classification  False   None   None    True       SVM        <NA>       <NA>             NA      <NA>   NA      <NA>        <NA>  3.6012    rbf            NA                     <NA>                   NA           NA      <NA>               NA   <NA>    NA            NA       NA       <NA>          NA    <NA>            NA               NA      NA   <NA>       <NA>          <NA>    <NA>             <NA>                   <NA>      <NA>                     <NA>                   NA             NA          <NA>       NA       <NA>     NA -3.0813              NA              <NA>                 NA       NA       NA    <NA>
# 2020-06-29 13:03:12 BRT: Iteration 7 of 7
# experimentsUsedSoFar: 1269
# remainingBudget: 731
# currentBudget: 731
# nbConfigurations: 72
  Markers:
     x No test is performed.
     - The test is performed and some configurations are discarded.
     = The test is performed but no configuration is discarded.
     ! The test is performed and configurations could be discarded but elite configurations are preserved.
     . All alive configurations are elite and nothing is discarded

+-+-----------+-----------+-----------+---------------+-----------+--------+-----+----+------+
| |   Instance|      Alive|       Best|      Mean best| Exp so far|  W time|  rho|KenW|  Qvar|
+-+-----------+-----------+-----------+---------------+-----------+--------+-----+----+------+
|x|         11|         72|        311|  -0.8328888889|         72|00:09:04|   NA|  NA|    NA|
|x|         10|         72|        311|  -0.8362777778|        137|00:08:24|+0.98|0.99|0.0003|
|x|          2|         72|        311|  -0.8385185185|        202|00:08:24|+0.95|0.97|0.0004|
|x|          6|         72|        311|  -0.8397222222|        268|00:08:30|+0.95|0.97|0.0004|
|!|          9|         11|        311|  -0.8402666667|        333|00:08:22|+0.89|0.91|0.0132|
|!|          4|          8|        311|  -0.8390925926|        338|00:01:46|+0.90|0.92|0.0081|
|-|          7|          8|        311|  -0.8383809524|        340|00:01:22|+0.88|0.90|0.0074|
|-|          1|          8|        311|  -0.8384166667|        341|00:01:22|+0.87|0.89|0.0086|
|-|          3|          8|        311|  -0.8382592593|        342|00:01:24|+0.88|0.89|0.0084|
|!|          5|          7|        311|  -0.8381333333|        343|00:01:22|+0.85|0.86|0.0086|
+-+-----------+-----------+-----------+---------------+-----------+--------+-----+----+------+
Best-so-far configuration:         112    mean value:   -0.8342727273
Description of the best-so-far configuration:
    .ID.       dataset  job_id cutoff metafolds           task sparse f_eng1 f_eng2 scaling algorithm pre_scaling extraction ext_components selection lr_C lr_solver multi_class      C kernel rf_estimators criterion_classification criterion_regression max_features max_depth min_samples_leaf solver alpha hidden_layers neurons1 activation n_neighbors weights ab_estimators ab_learning_rate ab_loss whiten svd_solver ica_algorithm ica_fun dl_fit_algorithm dl_transform_algorithm sel_model sel_score_classification sel_score_regression sel_percentile sel_threshold max_iter lr_penalty degree   gamma max_depth_value mlp_learning_rate learning_rate_init neurons2 neurons3 lr_dual .PARENT.
112  112 fashion-mnist 1545497     15         3 classification  False   None   None    True       SVM        <NA>       <NA>             NA      <NA>   NA      <NA>        <NA> 2.6183    rbf            NA                     <NA>                   NA           NA      <NA>               NA   <NA>    NA            NA       NA       <NA>          NA    <NA>            NA               NA      NA   <NA>       <NA>          <NA>    <NA>             <NA>                   <NA>      <NA>                     <NA>                   NA             NA          <NA>       NA       <NA>     NA -3.1543              NA              <NA>                 NA       NA       NA    <NA>       27

# 2020-06-29 13:53:18 BRT: Elite configurations (first number is the configuration ID; listed from best to worst according to the sum of ranks):
          dataset  job_id cutoff metafolds           task sparse f_eng1 f_eng2 scaling algorithm pre_scaling extraction ext_components selection lr_C lr_solver multi_class       C kernel rf_estimators criterion_classification criterion_regression max_features max_depth min_samples_leaf solver alpha hidden_layers neurons1 activation n_neighbors weights ab_estimators ab_learning_rate ab_loss whiten svd_solver ica_algorithm ica_fun dl_fit_algorithm dl_transform_algorithm sel_model sel_score_classification sel_score_regression sel_percentile sel_threshold max_iter lr_penalty degree   gamma max_depth_value mlp_learning_rate learning_rate_init neurons2 neurons3 lr_dual
112 fashion-mnist 1545497     15         3 classification  False   None   None    True       SVM        <NA>       <NA>             NA      <NA>   NA      <NA>        <NA>  2.6183    rbf            NA                     <NA>                   NA           NA      <NA>               NA   <NA>    NA            NA       NA       <NA>          NA    <NA>            NA               NA      NA   <NA>       <NA>          <NA>    <NA>             <NA>                   <NA>      <NA>                     <NA>                   NA             NA          <NA>       NA       <NA>     NA -3.1543              NA              <NA>                 NA       NA       NA    <NA>
113 fashion-mnist 1545497     15         3 classification  False   None   None    True       SVM        <NA>       <NA>             NA      <NA>   NA      <NA>        <NA> -2.1773 linear            NA                     <NA>                   NA           NA      <NA>               NA   <NA>    NA            NA       NA       <NA>          NA    <NA>            NA               NA      NA   <NA>       <NA>          <NA>    <NA>             <NA>                   <NA>      <NA>                     <NA>                   NA             NA          <NA>       NA       <NA>     NA      NA              NA              <NA>                 NA       NA       NA    <NA>
7   fashion-mnist 1545497     15         3 classification  False   None   None   False       SVM        <NA>       <NA>             NA      <NA>   NA      <NA>        <NA> -0.1686 linear            NA                     <NA>                   NA           NA      <NA>               NA   <NA>    NA            NA       NA       <NA>          NA    <NA>            NA               NA      NA   <NA>       <NA>          <NA>    <NA>             <NA>                   <NA>      <NA>                     <NA>                   NA             NA          <NA>       NA       <NA>     NA      NA              NA              <NA>                 NA       NA       NA    <NA>
48  fashion-mnist 1545497     15         3 classification  False   None   None   False       SVM        <NA>       <NA>             NA      <NA>   NA      <NA>        <NA>  1.5599 linear            NA                     <NA>                   NA           NA      <NA>               NA   <NA>    NA            NA       NA       <NA>          NA    <NA>            NA               NA      NA   <NA>       <NA>          <NA>    <NA>             <NA>                   <NA>      <NA>                     <NA>                   NA             NA          <NA>       NA       <NA>     NA      NA              NA              <NA>                 NA       NA       NA    <NA>
88  fashion-mnist 1545497     15         3 classification  False   None   None    True       SVM        <NA>       <NA>             NA      <NA>   NA      <NA>        <NA>  3.0476   poly            NA                     <NA>                   NA           NA      <NA>               NA   <NA>    NA            NA       NA       <NA>          NA    <NA>            NA               NA      NA   <NA>       <NA>          <NA>    <NA>             <NA>                   <NA>      <NA>                     <NA>                   NA             NA          <NA>       NA       <NA>      1 -2.5715              NA              <NA>                 NA       NA       NA    <NA>
27  fashion-mnist 1545497     15         3 classification  False   None   None    True       SVM        <NA>       <NA>             NA      <NA>   NA      <NA>        <NA>  2.9340 linear            NA                     <NA>                   NA           NA      <NA>               NA   <NA>    NA            NA       NA       <NA>          NA    <NA>            NA               NA      NA   <NA>       <NA>          <NA>    <NA>             <NA>                   <NA>      <NA>                     <NA>                   NA             NA          <NA>       NA       <NA>     NA      NA              NA              <NA>                 NA       NA       NA    <NA>
311 fashion-mnist 1545497     15         3 classification  False   None   None    True       SVM        <NA>       <NA>             NA      <NA>   NA      <NA>        <NA>  4.6626    rbf            NA                     <NA>                   NA           NA      <NA>               NA   <NA>    NA            NA       NA       <NA>          NA    <NA>            NA               NA      NA   <NA>       <NA>          <NA>    <NA>             <NA>                   <NA>      <NA>                     <NA>                   NA             NA          <NA>       NA       <NA>     NA -2.7583              NA              <NA>                 NA       NA       NA    <NA>
# 2020-06-29 13:53:18 BRT: Iteration 8 of 8
# experimentsUsedSoFar: 1612
# remainingBudget: 388
# currentBudget: 388
# nbConfigurations: 38
  Markers:
     x No test is performed.
     - The test is performed and some configurations are discarded.
     = The test is performed but no configuration is discarded.
     ! The test is performed and configurations could be discarded but elite configurations are preserved.
     . All alive configurations are elite and nothing is discarded

+-+-----------+-----------+-----------+---------------+-----------+--------+-----+----+------+
| |   Instance|      Alive|       Best|      Mean best| Exp so far|  W time|  rho|KenW|  Qvar|
+-+-----------+-----------+-----------+---------------+-----------+--------+-----+----+------+
|x|         12|         38|        311|  -0.8376666667|         38|00:05:56|   NA|  NA|    NA|
|x|          1|         38|        311|  -0.8381666667|         69|00:05:06|+0.60|0.80|0.0003|
|x|          7|         38|        311|  -0.8368148148|        100|00:05:04|+0.69|0.80|0.0003|
|x|         10|         38|        311|  -0.8375277778|        131|00:05:04|+0.73|0.80|0.0003|
|!|          9|         11|        311|  -0.8385111111|        162|00:05:03|+0.92|0.94|0.0087|
|!|          2|          7|        311|  -0.8392592593|        166|00:01:42|+0.83|0.86|0.0083|
|.|          4|          7|        311|  -0.8383968254|        166|23:59:59|+0.82|0.85|0.0075|
+-+-----------+-----------+-----------+---------------+-----------+--------+-----+----+------+
Best-so-far configuration:         112    mean value:   -0.8343333333
Description of the best-so-far configuration:
    .ID.       dataset  job_id cutoff metafolds           task sparse f_eng1 f_eng2 scaling algorithm pre_scaling extraction ext_components selection lr_C lr_solver multi_class      C kernel rf_estimators criterion_classification criterion_regression max_features max_depth min_samples_leaf solver alpha hidden_layers neurons1 activation n_neighbors weights ab_estimators ab_learning_rate ab_loss whiten svd_solver ica_algorithm ica_fun dl_fit_algorithm dl_transform_algorithm sel_model sel_score_classification sel_score_regression sel_percentile sel_threshold max_iter lr_penalty degree   gamma max_depth_value mlp_learning_rate learning_rate_init neurons2 neurons3 lr_dual .PARENT.
112  112 fashion-mnist 1545497     15         3 classification  False   None   None    True       SVM        <NA>       <NA>             NA      <NA>   NA      <NA>        <NA> 2.6183    rbf            NA                     <NA>                   NA           NA      <NA>               NA   <NA>    NA            NA       NA       <NA>          NA    <NA>            NA               NA      NA   <NA>       <NA>          <NA>    <NA>             <NA>                   <NA>      <NA>                     <NA>                   NA             NA          <NA>       NA       <NA>     NA -3.1543              NA              <NA>                 NA       NA       NA    <NA>       27

# 2020-06-29 14:21:18 BRT: Elite configurations (first number is the configuration ID; listed from best to worst according to the sum of ranks):
          dataset  job_id cutoff metafolds           task sparse f_eng1 f_eng2 scaling algorithm pre_scaling extraction ext_components selection lr_C lr_solver multi_class       C kernel rf_estimators criterion_classification criterion_regression max_features max_depth min_samples_leaf solver alpha hidden_layers neurons1 activation n_neighbors weights ab_estimators ab_learning_rate ab_loss whiten svd_solver ica_algorithm ica_fun dl_fit_algorithm dl_transform_algorithm sel_model sel_score_classification sel_score_regression sel_percentile sel_threshold max_iter lr_penalty degree   gamma max_depth_value mlp_learning_rate learning_rate_init neurons2 neurons3 lr_dual
112 fashion-mnist 1545497     15         3 classification  False   None   None    True       SVM        <NA>       <NA>             NA      <NA>   NA      <NA>        <NA>  2.6183    rbf            NA                     <NA>                   NA           NA      <NA>               NA   <NA>    NA            NA       NA       <NA>          NA    <NA>            NA               NA      NA   <NA>       <NA>          <NA>    <NA>             <NA>                   <NA>      <NA>                     <NA>                   NA             NA          <NA>       NA       <NA>     NA -3.1543              NA              <NA>                 NA       NA       NA    <NA>
113 fashion-mnist 1545497     15         3 classification  False   None   None    True       SVM        <NA>       <NA>             NA      <NA>   NA      <NA>        <NA> -2.1773 linear            NA                     <NA>                   NA           NA      <NA>               NA   <NA>    NA            NA       NA       <NA>          NA    <NA>            NA               NA      NA   <NA>       <NA>          <NA>    <NA>             <NA>                   <NA>      <NA>                     <NA>                   NA             NA          <NA>       NA       <NA>     NA      NA              NA              <NA>                 NA       NA       NA    <NA>
7   fashion-mnist 1545497     15         3 classification  False   None   None   False       SVM        <NA>       <NA>             NA      <NA>   NA      <NA>        <NA> -0.1686 linear            NA                     <NA>                   NA           NA      <NA>               NA   <NA>    NA            NA       NA       <NA>          NA    <NA>            NA               NA      NA   <NA>       <NA>          <NA>    <NA>             <NA>                   <NA>      <NA>                     <NA>                   NA             NA          <NA>       NA       <NA>     NA      NA              NA              <NA>                 NA       NA       NA    <NA>
48  fashion-mnist 1545497     15         3 classification  False   None   None   False       SVM        <NA>       <NA>             NA      <NA>   NA      <NA>        <NA>  1.5599 linear            NA                     <NA>                   NA           NA      <NA>               NA   <NA>    NA            NA       NA       <NA>          NA    <NA>            NA               NA      NA   <NA>       <NA>          <NA>    <NA>             <NA>                   <NA>      <NA>                     <NA>                   NA             NA          <NA>       NA       <NA>     NA      NA              NA              <NA>                 NA       NA       NA    <NA>
88  fashion-mnist 1545497     15         3 classification  False   None   None    True       SVM        <NA>       <NA>             NA      <NA>   NA      <NA>        <NA>  3.0476   poly            NA                     <NA>                   NA           NA      <NA>               NA   <NA>    NA            NA       NA       <NA>          NA    <NA>            NA               NA      NA   <NA>       <NA>          <NA>    <NA>             <NA>                   <NA>      <NA>                     <NA>                   NA             NA          <NA>       NA       <NA>      1 -2.5715              NA              <NA>                 NA       NA       NA    <NA>
27  fashion-mnist 1545497     15         3 classification  False   None   None    True       SVM        <NA>       <NA>             NA      <NA>   NA      <NA>        <NA>  2.9340 linear            NA                     <NA>                   NA           NA      <NA>               NA   <NA>    NA            NA       NA       <NA>          NA    <NA>            NA               NA      NA   <NA>       <NA>          <NA>    <NA>             <NA>                   <NA>      <NA>                     <NA>                   NA             NA          <NA>       NA       <NA>     NA      NA              NA              <NA>                 NA       NA       NA    <NA>
311 fashion-mnist 1545497     15         3 classification  False   None   None    True       SVM        <NA>       <NA>             NA      <NA>   NA      <NA>        <NA>  4.6626    rbf            NA                     <NA>                   NA           NA      <NA>               NA   <NA>    NA            NA       NA       <NA>          NA    <NA>            NA               NA      NA   <NA>       <NA>          <NA>    <NA>             <NA>                   <NA>      <NA>                     <NA>                   NA             NA          <NA>       NA       <NA>     NA -2.7583              NA              <NA>                 NA       NA       NA    <NA>
# 2020-06-29 14:21:18 BRT: Iteration 9 of 9
# experimentsUsedSoFar: 1778
# remainingBudget: 222
# currentBudget: 222
# nbConfigurations: 23
  Markers:
     x No test is performed.
     - The test is performed and some configurations are discarded.
     = The test is performed but no configuration is discarded.
     ! The test is performed and configurations could be discarded but elite configurations are preserved.
     . All alive configurations are elite and nothing is discarded

+-+-----------+-----------+-----------+---------------+-----------+--------+-----+----+------+
| |   Instance|      Alive|       Best|      Mean best| Exp so far|  W time|  rho|KenW|  Qvar|
+-+-----------+-----------+-----------+---------------+-----------+--------+-----+----+------+
|x|         13|         23|        311|  -0.8357777778|         23|00:04:18|   NA|  NA|    NA|
|x|          4|         23|        311|  -0.8345000000|         39|00:03:34|+0.90|0.95|0.0000|
|x|          1|         23|        311|  -0.8358888889|         55|00:03:34|+0.94|0.96|0.0001|
|x|          9|         23|        311|  -0.8375277778|         71|00:03:34|+0.94|0.95|0.0001|
|!|         12|          7|        311|  -0.8375555556|         87|00:03:34|+0.81|0.85|0.0074|
|.|         10|          7|        311|  -0.8379074074|         87|23:59:59|+0.83|0.86|0.0062|
|.|          5|          7|        311|  -0.8377777778|         87|23:59:59|+0.85|0.87|0.0055|
|.|          2|          7|        311|  -0.8384305556|         87|23:59:59|+0.87|0.88|0.0068|
+-+-----------+-----------+-----------+---------------+-----------+--------+-----+----+------+
Best-so-far configuration:         112    mean value:   -0.8341452991
Description of the best-so-far configuration:
    .ID.       dataset  job_id cutoff metafolds           task sparse f_eng1 f_eng2 scaling algorithm pre_scaling extraction ext_components selection lr_C lr_solver multi_class      C kernel rf_estimators criterion_classification criterion_regression max_features max_depth min_samples_leaf solver alpha hidden_layers neurons1 activation n_neighbors weights ab_estimators ab_learning_rate ab_loss whiten svd_solver ica_algorithm ica_fun dl_fit_algorithm dl_transform_algorithm sel_model sel_score_classification sel_score_regression sel_percentile sel_threshold max_iter lr_penalty degree   gamma max_depth_value mlp_learning_rate learning_rate_init neurons2 neurons3 lr_dual .PARENT.
112  112 fashion-mnist 1545497     15         3 classification  False   None   None    True       SVM        <NA>       <NA>             NA      <NA>   NA      <NA>        <NA> 2.6183    rbf            NA                     <NA>                   NA           NA      <NA>               NA   <NA>    NA            NA       NA       <NA>          NA    <NA>            NA               NA      NA   <NA>       <NA>          <NA>    <NA>             <NA>                   <NA>      <NA>                     <NA>                   NA             NA          <NA>       NA       <NA>     NA -3.1543              NA              <NA>                 NA       NA       NA    <NA>       27

# 2020-06-29 14:39:54 BRT: Elite configurations (first number is the configuration ID; listed from best to worst according to the sum of ranks):
          dataset  job_id cutoff metafolds           task sparse f_eng1 f_eng2 scaling algorithm pre_scaling extraction ext_components selection lr_C lr_solver multi_class       C kernel rf_estimators criterion_classification criterion_regression max_features max_depth min_samples_leaf solver alpha hidden_layers neurons1 activation n_neighbors weights ab_estimators ab_learning_rate ab_loss whiten svd_solver ica_algorithm ica_fun dl_fit_algorithm dl_transform_algorithm sel_model sel_score_classification sel_score_regression sel_percentile sel_threshold max_iter lr_penalty degree   gamma max_depth_value mlp_learning_rate learning_rate_init neurons2 neurons3 lr_dual
112 fashion-mnist 1545497     15         3 classification  False   None   None    True       SVM        <NA>       <NA>             NA      <NA>   NA      <NA>        <NA>  2.6183    rbf            NA                     <NA>                   NA           NA      <NA>               NA   <NA>    NA            NA       NA       <NA>          NA    <NA>            NA               NA      NA   <NA>       <NA>          <NA>    <NA>             <NA>                   <NA>      <NA>                     <NA>                   NA             NA          <NA>       NA       <NA>     NA -3.1543              NA              <NA>                 NA       NA       NA    <NA>
113 fashion-mnist 1545497     15         3 classification  False   None   None    True       SVM        <NA>       <NA>             NA      <NA>   NA      <NA>        <NA> -2.1773 linear            NA                     <NA>                   NA           NA      <NA>               NA   <NA>    NA            NA       NA       <NA>          NA    <NA>            NA               NA      NA   <NA>       <NA>          <NA>    <NA>             <NA>                   <NA>      <NA>                     <NA>                   NA             NA          <NA>       NA       <NA>     NA      NA              NA              <NA>                 NA       NA       NA    <NA>
7   fashion-mnist 1545497     15         3 classification  False   None   None   False       SVM        <NA>       <NA>             NA      <NA>   NA      <NA>        <NA> -0.1686 linear            NA                     <NA>                   NA           NA      <NA>               NA   <NA>    NA            NA       NA       <NA>          NA    <NA>            NA               NA      NA   <NA>       <NA>          <NA>    <NA>             <NA>                   <NA>      <NA>                     <NA>                   NA             NA          <NA>       NA       <NA>     NA      NA              NA              <NA>                 NA       NA       NA    <NA>
48  fashion-mnist 1545497     15         3 classification  False   None   None   False       SVM        <NA>       <NA>             NA      <NA>   NA      <NA>        <NA>  1.5599 linear            NA                     <NA>                   NA           NA      <NA>               NA   <NA>    NA            NA       NA       <NA>          NA    <NA>            NA               NA      NA   <NA>       <NA>          <NA>    <NA>             <NA>                   <NA>      <NA>                     <NA>                   NA             NA          <NA>       NA       <NA>     NA      NA              NA              <NA>                 NA       NA       NA    <NA>
88  fashion-mnist 1545497     15         3 classification  False   None   None    True       SVM        <NA>       <NA>             NA      <NA>   NA      <NA>        <NA>  3.0476   poly            NA                     <NA>                   NA           NA      <NA>               NA   <NA>    NA            NA       NA       <NA>          NA    <NA>            NA               NA      NA   <NA>       <NA>          <NA>    <NA>             <NA>                   <NA>      <NA>                     <NA>                   NA             NA          <NA>       NA       <NA>      1 -2.5715              NA              <NA>                 NA       NA       NA    <NA>
27  fashion-mnist 1545497     15         3 classification  False   None   None    True       SVM        <NA>       <NA>             NA      <NA>   NA      <NA>        <NA>  2.9340 linear            NA                     <NA>                   NA           NA      <NA>               NA   <NA>    NA            NA       NA       <NA>          NA    <NA>            NA               NA      NA   <NA>       <NA>          <NA>    <NA>             <NA>                   <NA>      <NA>                     <NA>                   NA             NA          <NA>       NA       <NA>     NA      NA              NA              <NA>                 NA       NA       NA    <NA>
311 fashion-mnist 1545497     15         3 classification  False   None   None    True       SVM        <NA>       <NA>             NA      <NA>   NA      <NA>        <NA>  4.6626    rbf            NA                     <NA>                   NA           NA      <NA>               NA   <NA>    NA            NA       NA       <NA>          NA    <NA>            NA               NA      NA   <NA>       <NA>          <NA>    <NA>             <NA>                   <NA>      <NA>                     <NA>                   NA             NA          <NA>       NA       <NA>     NA -2.7583              NA              <NA>                 NA       NA       NA    <NA>
# 2020-06-29 14:39:54 BRT: Iteration 10 of 10
# experimentsUsedSoFar: 1865
# remainingBudget: 135
# currentBudget: 135
# nbConfigurations: 16
  Markers:
     x No test is performed.
     - The test is performed and some configurations are discarded.
     = The test is performed but no configuration is discarded.
     ! The test is performed and configurations could be discarded but elite configurations are preserved.
     . All alive configurations are elite and nothing is discarded

+-+-----------+-----------+-----------+---------------+-----------+--------+-----+----+------+
| |   Instance|      Alive|       Best|      Mean best| Exp so far|  W time|  rho|KenW|  Qvar|
+-+-----------+-----------+-----------+---------------+-----------+--------+-----+----+------+
|x|         14|         16|        311|  -0.8387777778|         16|00:02:38|   NA|  NA|    NA|
|x|          1|         16|        311|  -0.8387222222|         25|00:02:27|+0.99|1.00|0.0002|
|x|         10|         16|        311|  -0.8390370370|         34|00:02:27|+0.91|0.94|0.0004|
|x|          2|         16|        311|  -0.8400277778|         43|00:02:28|+0.91|0.93|0.0005|
|!|          9|          7|        311|  -0.8405111111|         52|00:02:27|+0.82|0.85|0.0116|
|.|         11|          7|        311|  -0.8392407407|         52|23:59:59|+0.83|0.85|0.0129|
|.|          5|          7|        311|  -0.8389206349|         52|23:59:59|+0.84|0.87|0.0112|
+-+-----------+-----------+-----------+---------------+-----------+--------+-----+----+------+
Best-so-far configuration:         112    mean value:   -0.8342380952
Description of the best-so-far configuration:
    .ID.       dataset  job_id cutoff metafolds           task sparse f_eng1 f_eng2 scaling algorithm pre_scaling extraction ext_components selection lr_C lr_solver multi_class      C kernel rf_estimators criterion_classification criterion_regression max_features max_depth min_samples_leaf solver alpha hidden_layers neurons1 activation n_neighbors weights ab_estimators ab_learning_rate ab_loss whiten svd_solver ica_algorithm ica_fun dl_fit_algorithm dl_transform_algorithm sel_model sel_score_classification sel_score_regression sel_percentile sel_threshold max_iter lr_penalty degree   gamma max_depth_value mlp_learning_rate learning_rate_init neurons2 neurons3 lr_dual .PARENT.
112  112 fashion-mnist 1545497     15         3 classification  False   None   None    True       SVM        <NA>       <NA>             NA      <NA>   NA      <NA>        <NA> 2.6183    rbf            NA                     <NA>                   NA           NA      <NA>               NA   <NA>    NA            NA       NA       <NA>          NA    <NA>            NA               NA      NA   <NA>       <NA>          <NA>    <NA>             <NA>                   <NA>      <NA>                     <NA>                   NA             NA          <NA>       NA       <NA>     NA -3.1543              NA              <NA>                 NA       NA       NA    <NA>       27

# 2020-06-29 14:52:25 BRT: Elite configurations (first number is the configuration ID; listed from best to worst according to the sum of ranks):
          dataset  job_id cutoff metafolds           task sparse f_eng1 f_eng2 scaling algorithm pre_scaling extraction ext_components selection lr_C lr_solver multi_class       C kernel rf_estimators criterion_classification criterion_regression max_features max_depth min_samples_leaf solver alpha hidden_layers neurons1 activation n_neighbors weights ab_estimators ab_learning_rate ab_loss whiten svd_solver ica_algorithm ica_fun dl_fit_algorithm dl_transform_algorithm sel_model sel_score_classification sel_score_regression sel_percentile sel_threshold max_iter lr_penalty degree   gamma max_depth_value mlp_learning_rate learning_rate_init neurons2 neurons3 lr_dual
112 fashion-mnist 1545497     15         3 classification  False   None   None    True       SVM        <NA>       <NA>             NA      <NA>   NA      <NA>        <NA>  2.6183    rbf            NA                     <NA>                   NA           NA      <NA>               NA   <NA>    NA            NA       NA       <NA>          NA    <NA>            NA               NA      NA   <NA>       <NA>          <NA>    <NA>             <NA>                   <NA>      <NA>                     <NA>                   NA             NA          <NA>       NA       <NA>     NA -3.1543              NA              <NA>                 NA       NA       NA    <NA>
113 fashion-mnist 1545497     15         3 classification  False   None   None    True       SVM        <NA>       <NA>             NA      <NA>   NA      <NA>        <NA> -2.1773 linear            NA                     <NA>                   NA           NA      <NA>               NA   <NA>    NA            NA       NA       <NA>          NA    <NA>            NA               NA      NA   <NA>       <NA>          <NA>    <NA>             <NA>                   <NA>      <NA>                     <NA>                   NA             NA          <NA>       NA       <NA>     NA      NA              NA              <NA>                 NA       NA       NA    <NA>
7   fashion-mnist 1545497     15         3 classification  False   None   None   False       SVM        <NA>       <NA>             NA      <NA>   NA      <NA>        <NA> -0.1686 linear            NA                     <NA>                   NA           NA      <NA>               NA   <NA>    NA            NA       NA       <NA>          NA    <NA>            NA               NA      NA   <NA>       <NA>          <NA>    <NA>             <NA>                   <NA>      <NA>                     <NA>                   NA             NA          <NA>       NA       <NA>     NA      NA              NA              <NA>                 NA       NA       NA    <NA>
48  fashion-mnist 1545497     15         3 classification  False   None   None   False       SVM        <NA>       <NA>             NA      <NA>   NA      <NA>        <NA>  1.5599 linear            NA                     <NA>                   NA           NA      <NA>               NA   <NA>    NA            NA       NA       <NA>          NA    <NA>            NA               NA      NA   <NA>       <NA>          <NA>    <NA>             <NA>                   <NA>      <NA>                     <NA>                   NA             NA          <NA>       NA       <NA>     NA      NA              NA              <NA>                 NA       NA       NA    <NA>
88  fashion-mnist 1545497     15         3 classification  False   None   None    True       SVM        <NA>       <NA>             NA      <NA>   NA      <NA>        <NA>  3.0476   poly            NA                     <NA>                   NA           NA      <NA>               NA   <NA>    NA            NA       NA       <NA>          NA    <NA>            NA               NA      NA   <NA>       <NA>          <NA>    <NA>             <NA>                   <NA>      <NA>                     <NA>                   NA             NA          <NA>       NA       <NA>      1 -2.5715              NA              <NA>                 NA       NA       NA    <NA>
27  fashion-mnist 1545497     15         3 classification  False   None   None    True       SVM        <NA>       <NA>             NA      <NA>   NA      <NA>        <NA>  2.9340 linear            NA                     <NA>                   NA           NA      <NA>               NA   <NA>    NA            NA       NA       <NA>          NA    <NA>            NA               NA      NA   <NA>       <NA>          <NA>    <NA>             <NA>                   <NA>      <NA>                     <NA>                   NA             NA          <NA>       NA       <NA>     NA      NA              NA              <NA>                 NA       NA       NA    <NA>
311 fashion-mnist 1545497     15         3 classification  False   None   None    True       SVM        <NA>       <NA>             NA      <NA>   NA      <NA>        <NA>  4.6626    rbf            NA                     <NA>                   NA           NA      <NA>               NA   <NA>    NA            NA       NA       <NA>          NA    <NA>            NA               NA      NA   <NA>       <NA>          <NA>    <NA>             <NA>                   <NA>      <NA>                     <NA>                   NA             NA          <NA>       NA       <NA>     NA -2.7583              NA              <NA>                 NA       NA       NA    <NA>
# 2020-06-29 14:52:25 BRT: Iteration 11 of 11
# experimentsUsedSoFar: 1917
# remainingBudget: 83
# currentBudget: 83
# nbConfigurations: 12
  Markers:
     x No test is performed.
     - The test is performed and some configurations are discarded.
     = The test is performed but no configuration is discarded.
     ! The test is performed and configurations could be discarded but elite configurations are preserved.
     . All alive configurations are elite and nothing is discarded

+-+-----------+-----------+-----------+---------------+-----------+--------+-----+----+------+
| |   Instance|      Alive|       Best|      Mean best| Exp so far|  W time|  rho|KenW|  Qvar|
+-+-----------+-----------+-----------+---------------+-----------+--------+-----+----+------+
|x|         15|         12|        368|  -0.8387777778|         12|00:03:27|   NA|  NA|    NA|
|x|          4|         12|        368|  -0.8361666667|         17|00:03:24|+0.89|0.94|0.0001|
|x|          8|         12|        368|  -0.8352962963|         23|00:03:23|+0.92|0.95|0.0001|
|x|         11|         12|        368|  -0.8348611111|         28|00:03:24|+0.94|0.95|0.0001|
|!|          2|          8|        368|  -0.8362000000|         33|00:03:23|+0.90|0.92|0.0067|
|-|          5|          8|        368|  -0.8361666667|         34|00:00:47|+0.91|0.93|0.0060|
|-|         14|          8|        368|  -0.8362222222|         35|00:00:47|+0.88|0.90|0.0081|
|-|         10|          8|        368|  -0.8368194444|         36|00:00:47|+0.89|0.91|0.0072|
|-|          6|          8|        311|  -0.8377160494|         37|00:00:47|+0.89|0.90|0.0082|
|-|          3|          8|        311|  -0.8376444444|         38|00:00:47|+0.90|0.91|0.0081|
|-|         13|          8|        311|  -0.8374747475|         39|00:00:47|+0.91|0.92|0.0075|
|-|         12|          8|        311|  -0.8374907407|         40|00:00:47|+0.91|0.92|0.0072|
|-|          9|          8|        311|  -0.8378717949|         41|00:00:47|+0.92|0.92|0.0067|
|-|          1|          8|        311|  -0.8379285714|         42|00:00:47|+0.90|0.91|0.0075|
|!|          7|          2|        311|  -0.8376740741|         43|00:00:58|-0.03|0.04|0.5143|
+-+-----------+-----------+-----------+---------------+-----------+--------+-----+----+------+
Best-so-far configuration:         311    mean value:   -0.8376740741
Description of the best-so-far configuration:
    .ID.       dataset  job_id cutoff metafolds           task sparse f_eng1 f_eng2 scaling algorithm pre_scaling extraction ext_components selection lr_C lr_solver multi_class      C kernel rf_estimators criterion_classification criterion_regression max_features max_depth min_samples_leaf solver alpha hidden_layers neurons1 activation n_neighbors weights ab_estimators ab_learning_rate ab_loss whiten svd_solver ica_algorithm ica_fun dl_fit_algorithm dl_transform_algorithm sel_model sel_score_classification sel_score_regression sel_percentile sel_threshold max_iter lr_penalty degree   gamma max_depth_value mlp_learning_rate learning_rate_init neurons2 neurons3 lr_dual .PARENT.
311  311 fashion-mnist 1545497     15         3 classification  False   None   None    True       SVM        <NA>       <NA>             NA      <NA>   NA      <NA>        <NA> 4.6626    rbf            NA                     <NA>                   NA           NA      <NA>               NA   <NA>    NA            NA       NA       <NA>          NA    <NA>            NA               NA      NA   <NA>       <NA>          <NA>    <NA>             <NA>                   <NA>      <NA>                     <NA>                   NA             NA          <NA>       NA       <NA>     NA -2.7583              NA              <NA>                 NA       NA       NA    <NA>      112

# 2020-06-29 15:17:35 BRT: Elite configurations (first number is the configuration ID; listed from best to worst according to the sum of ranks):
          dataset  job_id cutoff metafolds           task sparse f_eng1 f_eng2 scaling algorithm pre_scaling extraction ext_components selection lr_C lr_solver multi_class      C kernel rf_estimators criterion_classification criterion_regression max_features max_depth min_samples_leaf solver alpha hidden_layers neurons1 activation n_neighbors weights ab_estimators ab_learning_rate ab_loss whiten svd_solver ica_algorithm ica_fun dl_fit_algorithm dl_transform_algorithm sel_model sel_score_classification sel_score_regression sel_percentile sel_threshold max_iter lr_penalty degree   gamma max_depth_value mlp_learning_rate learning_rate_init neurons2 neurons3 lr_dual
311 fashion-mnist 1545497     15         3 classification  False   None   None    True       SVM        <NA>       <NA>             NA      <NA>   NA      <NA>        <NA> 4.6626    rbf            NA                     <NA>                   NA           NA      <NA>               NA   <NA>    NA            NA       NA       <NA>          NA    <NA>            NA               NA      NA   <NA>       <NA>          <NA>    <NA>             <NA>                   <NA>      <NA>                     <NA>                   NA             NA          <NA>       NA       <NA>     NA -2.7583              NA              <NA>                 NA       NA       NA    <NA>
368 fashion-mnist 1545497     15         3 classification  False   None   None    True       SVM        <NA>       <NA>             NA      <NA>   NA      <NA>        <NA> 1.2231    rbf            NA                     <NA>                   NA           NA      <NA>               NA   <NA>    NA            NA       NA       <NA>          NA    <NA>            NA               NA      NA   <NA>       <NA>          <NA>    <NA>             <NA>                   <NA>      <NA>                     <NA>                   NA             NA          <NA>       NA       <NA>     NA -3.7974              NA              <NA>                 NA       NA       NA    <NA>
# 2020-06-29 15:17:35 BRT: Stopped because there is not enough budget left to race more than the minimum (7)
# You may either increase the budget or set 'minNbSurvival' to a lower value
# Iteration: 12
# nbIterations: 12
# experimentsUsedSoFar: 1960
# timeUsed: 0
# remainingBudget: 40
# currentBudget: 40
# number of elites: 2
# nbConfigurations: 4
# Best configurations (first number is the configuration ID; listed from best to worst according to the sum of ranks):
          dataset  job_id cutoff metafolds           task sparse f_eng1 f_eng2 scaling algorithm pre_scaling extraction ext_components selection lr_C lr_solver multi_class      C kernel rf_estimators criterion_classification criterion_regression max_features max_depth min_samples_leaf solver alpha hidden_layers neurons1 activation n_neighbors weights ab_estimators ab_learning_rate ab_loss whiten svd_solver ica_algorithm ica_fun dl_fit_algorithm dl_transform_algorithm sel_model sel_score_classification sel_score_regression sel_percentile sel_threshold max_iter lr_penalty degree   gamma max_depth_value mlp_learning_rate learning_rate_init neurons2 neurons3 lr_dual
311 fashion-mnist 1545497     15         3 classification  False   None   None    True       SVM        <NA>       <NA>             NA      <NA>   NA      <NA>        <NA> 4.6626    rbf            NA                     <NA>                   NA           NA      <NA>               NA   <NA>    NA            NA       NA       <NA>          NA    <NA>            NA               NA      NA   <NA>       <NA>          <NA>    <NA>             <NA>                   <NA>      <NA>                     <NA>                   NA             NA          <NA>       NA       <NA>     NA -2.7583              NA              <NA>                 NA       NA       NA    <NA>
368 fashion-mnist 1545497     15         3 classification  False   None   None    True       SVM        <NA>       <NA>             NA      <NA>   NA      <NA>        <NA> 1.2231    rbf            NA                     <NA>                   NA           NA      <NA>               NA   <NA>    NA            NA       NA       <NA>          NA    <NA>            NA               NA      NA   <NA>       <NA>          <NA>    <NA>             <NA>                   <NA>      <NA>                     <NA>                   NA             NA          <NA>       NA       <NA>     NA -3.7974              NA              <NA>                 NA       NA       NA    <NA>
# Best configurations as commandlines (first number is the configuration ID; same order as above):
311  --dataset fashion-mnist --job_id 1545497 --cutoff 15 --metafolds 3 --task classification --sparse False --f_eng1 None --f_eng2 None --scaling True --algorithm SVM --C 4.6626 --kernel rbf --gamma -2.7583
368  --dataset fashion-mnist --job_id 1545497 --cutoff 15 --metafolds 3 --task classification --sparse False --f_eng1 None --f_eng2 None --scaling True --algorithm SVM --C 1.2231 --kernel rbf --gamma -3.7974
