*******************************************************************************
* irace: An implementation in R of Iterated Race
* Version: 3.1.2112M
* Copyright (C) 2010-2018
* Manuel Lopez-Ibanez     <manuel.lopez-ibanez@manchester.ac.uk>
* Jeremie Dubois-Lacoste  
* Leslie Perez Caceres    <leslie.perez.caceres@ulb.ac.be>
*
* This is free software, and you are welcome to redistribute it under certain
* conditions.  See the GNU General Public License for details. There is NO
* WARRANTY; not even for MERCHANTABILITY or FITNESS FOR A PARTICULAR PURPOSE.
*
* irace builds upon previous code from the race package:
*
* race: Racing methods for the selection of the best
* Copyright (C) 2003 Mauro Birattari
*******************************************************************************
# installed at: /home/cemvieira/bin/R/irace
# called with: -s scenario.txt --max-experiments 2000 -p ./fashion-mnist/parameters-1545506.txt --parallel 32 --train-instances-file fashion-mnist/instances.txt --log-file ./output/fashion-mnist/fashion-mnist-3f2k30m-irace-1545506.Rdata
# 8 expression(s) specifying forbidden configurations read from '/home/cemvieira/isklearn/forbidden.txt'
# 2020-06-29 05:49:56 BRT: Initialization
# Elitist race
# Elitist new instances: 1
# Elitist limit: 2
# nbIterations: 7
# minNbSurvival: 7
# nbParameters: 50
# seed: 1087026956
# confidence level: 0.95
# budget: 2000
# mu: 5
# deterministic: TRUE

# 2020-06-29 05:49:56 BRT: Iteration 1 of 7
# experimentsUsedSoFar: 0
# remainingBudget: 2000
# currentBudget: 285
# nbConfigurations: 47
  Markers:
     x No test is performed.
     - The test is performed and some configurations are discarded.
     = The test is performed but no configuration is discarded.
     ! The test is performed and configurations could be discarded but elite configurations are preserved.
     . All alive configurations are elite and nothing is discarded

+-+-----------+-----------+-----------+---------------+-----------+--------+-----+----+------+
| |   Instance|      Alive|       Best|      Mean best| Exp so far|  W time|  rho|KenW|  Qvar|
+-+-----------+-----------+-----------+---------------+-----------+--------+-----+----+------+
|x|          1|         47|         24|  -0.8290000000|         47|01:00:03|   NA|  NA|    NA|
|x|          2|         47|         24|  -0.8285000000|         94|01:00:01|+1.00|1.00|0.0000|
|x|          3|         47|         24|  -0.8295555556|        141|01:00:01|+1.00|1.00|0.0000|
|x|          4|         47|         24|  -0.8286388889|        188|01:00:01|+1.00|1.00|0.0000|
|!|          5|          1|         24|  -0.8288222222|        235|01:00:01|   NA|  NA|    NA|
+-+-----------+-----------+-----------+---------------+-----------+--------+-----+----+------+
Best-so-far configuration:          24    mean value:   -0.8288222222
Description of the best-so-far configuration:
   .ID.       dataset  job_id cutoff metafolds           task sparse f_eng1 f_eng2 scaling algorithm pre_scaling extraction ext_components selection lr_C lr_solver multi_class       C kernel rf_estimators criterion_classification criterion_regression max_features max_depth min_samples_leaf solver alpha hidden_layers neurons1 activation n_neighbors weights ab_estimators ab_learning_rate ab_loss whiten svd_solver ica_algorithm ica_fun dl_fit_algorithm dl_transform_algorithm sel_model sel_score_classification sel_score_regression sel_percentile sel_threshold max_iter lr_penalty degree gamma max_depth_value mlp_learning_rate learning_rate_init neurons2 neurons3 lr_dual .PARENT.
24   24 fashion-mnist 1545506     30         3 classification  False   None   None    True       SVM        <NA>       <NA>             NA      <NA>   NA      <NA>        <NA> -2.4545 linear            NA                     <NA>                   NA           NA      <NA>               NA   <NA>    NA            NA       NA       <NA>          NA    <NA>            NA               NA      NA   <NA>       <NA>          <NA>    <NA>             <NA>                   <NA>      <NA>                     <NA>                   NA             NA          <NA>       NA       <NA>     NA    NA              NA              <NA>                 NA       NA       NA      NA       NA

# 2020-06-29 10:50:07 BRT: Elite configurations (first number is the configuration ID; listed from best to worst according to the sum of ranks):
         dataset  job_id cutoff metafolds           task sparse f_eng1 f_eng2 scaling algorithm pre_scaling extraction ext_components selection lr_C lr_solver multi_class       C kernel rf_estimators criterion_classification criterion_regression max_features max_depth min_samples_leaf solver alpha hidden_layers neurons1 activation n_neighbors weights ab_estimators ab_learning_rate ab_loss whiten svd_solver ica_algorithm ica_fun dl_fit_algorithm dl_transform_algorithm sel_model sel_score_classification sel_score_regression sel_percentile sel_threshold max_iter lr_penalty degree gamma max_depth_value mlp_learning_rate learning_rate_init neurons2 neurons3 lr_dual
24 fashion-mnist 1545506     30         3 classification  False   None   None    True       SVM        <NA>       <NA>             NA      <NA>   NA      <NA>        <NA> -2.4545 linear            NA                     <NA>                   NA           NA      <NA>               NA   <NA>    NA            NA       NA       <NA>          NA    <NA>            NA               NA      NA   <NA>       <NA>          <NA>    <NA>             <NA>                   <NA>      <NA>                     <NA>                   NA             NA          <NA>       NA       <NA>     NA    NA              NA              <NA>                 NA       NA       NA      NA
# 2020-06-29 10:50:07 BRT: Iteration 2 of 7
# experimentsUsedSoFar: 235
# remainingBudget: 1765
# currentBudget: 294
# nbConfigurations: 42
  Markers:
     x No test is performed.
     - The test is performed and some configurations are discarded.
     = The test is performed but no configuration is discarded.
     ! The test is performed and configurations could be discarded but elite configurations are preserved.
     . All alive configurations are elite and nothing is discarded

+-+-----------+-----------+-----------+---------------+-----------+--------+-----+----+------+
| |   Instance|      Alive|       Best|      Mean best| Exp so far|  W time|  rho|KenW|  Qvar|
+-+-----------+-----------+-----------+---------------+-----------+--------+-----+----+------+
|x|          6|         42|         24|  -0.8325555556|         42|00:46:02|   NA|  NA|    NA|
|x|          1|         42|         24|  -0.8307777778|         83|00:46:03|+1.00|1.00|0.0000|
|x|          5|         42|         24|  -0.8303703704|        124|00:45:56|+1.00|1.00|0.0000|
|x|          3|         42|         24|  -0.8306944444|        165|00:45:20|+1.00|1.00|0.0000|
|!|          2|          1|         24|  -0.8301555556|        206|00:45:40|   NA|  NA|    NA|
|.|          4|          1|         24|  -0.8294444444|        206|23:59:59|   NA|  NA|    NA|
+-+-----------+-----------+-----------+---------------+-----------+--------+-----+----+------+
Best-so-far configuration:          24    mean value:   -0.8294444444
Description of the best-so-far configuration:
   .ID.       dataset  job_id cutoff metafolds           task sparse f_eng1 f_eng2 scaling algorithm pre_scaling extraction ext_components selection lr_C lr_solver multi_class       C kernel rf_estimators criterion_classification criterion_regression max_features max_depth min_samples_leaf solver alpha hidden_layers neurons1 activation n_neighbors weights ab_estimators ab_learning_rate ab_loss whiten svd_solver ica_algorithm ica_fun dl_fit_algorithm dl_transform_algorithm sel_model sel_score_classification sel_score_regression sel_percentile sel_threshold max_iter lr_penalty degree gamma max_depth_value mlp_learning_rate learning_rate_init neurons2 neurons3 lr_dual .PARENT.
24   24 fashion-mnist 1545506     30         3 classification  False   None   None    True       SVM        <NA>       <NA>             NA      <NA>   NA      <NA>        <NA> -2.4545 linear            NA                     <NA>                   NA           NA      <NA>               NA   <NA>    NA            NA       NA       <NA>          NA    <NA>            NA               NA      NA   <NA>       <NA>          <NA>    <NA>             <NA>                   <NA>      <NA>                     <NA>                   NA             NA          <NA>       NA       <NA>     NA    NA              NA              <NA>                 NA       NA       NA      NA       NA

# 2020-06-29 14:39:12 BRT: Elite configurations (first number is the configuration ID; listed from best to worst according to the sum of ranks):
         dataset  job_id cutoff metafolds           task sparse f_eng1 f_eng2 scaling algorithm pre_scaling extraction ext_components selection lr_C lr_solver multi_class       C kernel rf_estimators criterion_classification criterion_regression max_features max_depth min_samples_leaf solver alpha hidden_layers neurons1 activation n_neighbors weights ab_estimators ab_learning_rate ab_loss whiten svd_solver ica_algorithm ica_fun dl_fit_algorithm dl_transform_algorithm sel_model sel_score_classification sel_score_regression sel_percentile sel_threshold max_iter lr_penalty degree gamma max_depth_value mlp_learning_rate learning_rate_init neurons2 neurons3 lr_dual
24 fashion-mnist 1545506     30         3 classification  False   None   None    True       SVM        <NA>       <NA>             NA      <NA>   NA      <NA>        <NA> -2.4545 linear            NA                     <NA>                   NA           NA      <NA>               NA   <NA>    NA            NA       NA       <NA>          NA    <NA>            NA               NA      NA   <NA>       <NA>          <NA>    <NA>             <NA>                   <NA>      <NA>                     <NA>                   NA             NA          <NA>       NA       <NA>     NA    NA              NA              <NA>                 NA       NA       NA      NA
# 2020-06-29 14:39:12 BRT: Iteration 3 of 7
# experimentsUsedSoFar: 441
# remainingBudget: 1559
# currentBudget: 311
# nbConfigurations: 39
  Markers:
     x No test is performed.
     - The test is performed and some configurations are discarded.
     = The test is performed but no configuration is discarded.
     ! The test is performed and configurations could be discarded but elite configurations are preserved.
     . All alive configurations are elite and nothing is discarded

+-+-----------+-----------+-----------+---------------+-----------+--------+-----+----+------+
| |   Instance|      Alive|       Best|      Mean best| Exp so far|  W time|  rho|KenW|  Qvar|
+-+-----------+-----------+-----------+---------------+-----------+--------+-----+----+------+
|x|          7|         39|         24|  -0.8241111111|         39|00:33:59|   NA|  NA|    NA|
|x|          5|         39|         24|  -0.8268333333|         77|00:33:57|+1.00|1.00|0.0000|
|x|          3|         39|         24|  -0.8284444444|        115|00:33:55|+1.00|1.00|0.0000|
|x|          2|         39|         24|  -0.8283333333|        153|00:33:58|+1.00|1.00|0.0000|
|!|          6|          1|         24|  -0.8291777778|        191|00:33:55|   NA|  NA|    NA|
|.|          1|          1|         24|  -0.8291481481|        191|23:59:59|   NA|  NA|    NA|
|.|          4|          1|         24|  -0.8286825397|        191|23:59:59|   NA|  NA|    NA|
+-+-----------+-----------+-----------+---------------+-----------+--------+-----+----+------+
Best-so-far configuration:          24    mean value:   -0.8286825397
Description of the best-so-far configuration:
   .ID.       dataset  job_id cutoff metafolds           task sparse f_eng1 f_eng2 scaling algorithm pre_scaling extraction ext_components selection lr_C lr_solver multi_class       C kernel rf_estimators criterion_classification criterion_regression max_features max_depth min_samples_leaf solver alpha hidden_layers neurons1 activation n_neighbors weights ab_estimators ab_learning_rate ab_loss whiten svd_solver ica_algorithm ica_fun dl_fit_algorithm dl_transform_algorithm sel_model sel_score_classification sel_score_regression sel_percentile sel_threshold max_iter lr_penalty degree gamma max_depth_value mlp_learning_rate learning_rate_init neurons2 neurons3 lr_dual .PARENT.
24   24 fashion-mnist 1545506     30         3 classification  False   None   None    True       SVM        <NA>       <NA>             NA      <NA>   NA      <NA>        <NA> -2.4545 linear            NA                     <NA>                   NA           NA      <NA>               NA   <NA>    NA            NA       NA       <NA>          NA    <NA>            NA               NA      NA   <NA>       <NA>          <NA>    <NA>             <NA>                   <NA>      <NA>                     <NA>                   NA             NA          <NA>       NA       <NA>     NA    NA              NA              <NA>                 NA       NA       NA    <NA>       NA

# 2020-06-29 17:29:00 BRT: Elite configurations (first number is the configuration ID; listed from best to worst according to the sum of ranks):
         dataset  job_id cutoff metafolds           task sparse f_eng1 f_eng2 scaling algorithm pre_scaling extraction ext_components selection lr_C lr_solver multi_class       C kernel rf_estimators criterion_classification criterion_regression max_features max_depth min_samples_leaf solver alpha hidden_layers neurons1 activation n_neighbors weights ab_estimators ab_learning_rate ab_loss whiten svd_solver ica_algorithm ica_fun dl_fit_algorithm dl_transform_algorithm sel_model sel_score_classification sel_score_regression sel_percentile sel_threshold max_iter lr_penalty degree gamma max_depth_value mlp_learning_rate learning_rate_init neurons2 neurons3 lr_dual
24 fashion-mnist 1545506     30         3 classification  False   None   None    True       SVM        <NA>       <NA>             NA      <NA>   NA      <NA>        <NA> -2.4545 linear            NA                     <NA>                   NA           NA      <NA>               NA   <NA>    NA            NA       NA       <NA>          NA    <NA>            NA               NA      NA   <NA>       <NA>          <NA>    <NA>             <NA>                   <NA>      <NA>                     <NA>                   NA             NA          <NA>       NA       <NA>     NA    NA              NA              <NA>                 NA       NA       NA    <NA>
# 2020-06-29 17:29:01 BRT: Iteration 4 of 7
# experimentsUsedSoFar: 632
# remainingBudget: 1368
# currentBudget: 342
# nbConfigurations: 38
  Markers:
     x No test is performed.
     - The test is performed and some configurations are discarded.
     = The test is performed but no configuration is discarded.
     ! The test is performed and configurations could be discarded but elite configurations are preserved.
     . All alive configurations are elite and nothing is discarded

+-+-----------+-----------+-----------+---------------+-----------+--------+-----+----+------+
| |   Instance|      Alive|       Best|      Mean best| Exp so far|  W time|  rho|KenW|  Qvar|
+-+-----------+-----------+-----------+---------------+-----------+--------+-----+----+------+
|x|          8|         38|         24|  -0.8296666667|         38|00:30:01|   NA|  NA|    NA|
|x|          4|         38|         24|  -0.8277777778|         75|00:30:02|+1.00|1.00|0.0000|
|x|          6|         38|         24|  -0.8293703704|        112|00:30:01|+0.99|1.00|0.0000|
|x|          2|         38|         24|  -0.8290277778|        149|00:30:01|+0.99|0.99|0.0000|
|!|          3|          2|         24|  -0.8295555556|        186|00:30:02|+1.00|1.00|0.0000|
+-+-----------+-----------+-----------+---------------+-----------+--------+-----+----+------+
Best-so-far configuration:          24    mean value:   -0.8288055556
Description of the best-so-far configuration:
   .ID.       dataset  job_id cutoff metafolds           task sparse f_eng1 f_eng2 scaling algorithm pre_scaling extraction ext_components selection lr_C lr_solver multi_class       C kernel rf_estimators criterion_classification criterion_regression max_features max_depth min_samples_leaf solver alpha hidden_layers neurons1 activation n_neighbors weights ab_estimators ab_learning_rate ab_loss whiten svd_solver ica_algorithm ica_fun dl_fit_algorithm dl_transform_algorithm sel_model sel_score_classification sel_score_regression sel_percentile sel_threshold max_iter lr_penalty degree gamma max_depth_value mlp_learning_rate learning_rate_init neurons2 neurons3 lr_dual .PARENT.
24   24 fashion-mnist 1545506     30         3 classification  False   None   None    True       SVM        <NA>       <NA>             NA      <NA>   NA      <NA>        <NA> -2.4545 linear            NA                     <NA>                   NA           NA      <NA>               NA   <NA>    NA            NA       NA       <NA>          NA    <NA>            NA               NA      NA   <NA>       <NA>          <NA>    <NA>             <NA>                   <NA>      <NA>                     <NA>                   NA             NA          <NA>       NA       <NA>     NA    NA              NA              <NA>                 NA       NA       NA    <NA>       NA

# 2020-06-29 19:59:11 BRT: Elite configurations (first number is the configuration ID; listed from best to worst according to the sum of ranks):
          dataset  job_id cutoff metafolds           task sparse f_eng1 f_eng2 scaling algorithm pre_scaling extraction ext_components selection lr_C lr_solver multi_class       C kernel rf_estimators criterion_classification criterion_regression max_features max_depth min_samples_leaf solver alpha hidden_layers neurons1 activation n_neighbors weights ab_estimators ab_learning_rate ab_loss whiten svd_solver ica_algorithm ica_fun dl_fit_algorithm dl_transform_algorithm sel_model sel_score_classification sel_score_regression sel_percentile sel_threshold max_iter lr_penalty degree gamma max_depth_value mlp_learning_rate learning_rate_init neurons2 neurons3 lr_dual
24  fashion-mnist 1545506     30         3 classification  False   None   None    True       SVM        <NA>       <NA>             NA      <NA>   NA      <NA>        <NA> -2.4545 linear            NA                     <NA>                   NA           NA      <NA>               NA   <NA>    NA            NA       NA       <NA>          NA    <NA>            NA               NA      NA   <NA>       <NA>          <NA>    <NA>             <NA>                   <NA>      <NA>                     <NA>                   NA             NA          <NA>       NA       <NA>     NA    NA              NA              <NA>                 NA       NA       NA    <NA>
155 fashion-mnist 1545506     30         3 classification  False   None   None    True       SVM        <NA>       <NA>             NA      <NA>   NA      <NA>        <NA> -2.6564 linear            NA                     <NA>                   NA           NA      <NA>               NA   <NA>    NA            NA       NA       <NA>          NA    <NA>            NA               NA      NA   <NA>       <NA>          <NA>    <NA>             <NA>                   <NA>      <NA>                     <NA>                   NA             NA          <NA>       NA       <NA>     NA    NA              NA              <NA>                 NA       NA       NA    <NA>
# 2020-06-29 19:59:11 BRT: Iteration 5 of 7
# experimentsUsedSoFar: 818
# remainingBudget: 1182
# currentBudget: 394
# nbConfigurations: 41
  Markers:
     x No test is performed.
     - The test is performed and some configurations are discarded.
     = The test is performed but no configuration is discarded.
     ! The test is performed and configurations could be discarded but elite configurations are preserved.
     . All alive configurations are elite and nothing is discarded

+-+-----------+-----------+-----------+---------------+-----------+--------+-----+----+------+
| |   Instance|      Alive|       Best|      Mean best| Exp so far|  W time|  rho|KenW|  Qvar|
+-+-----------+-----------+-----------+---------------+-----------+--------+-----+----+------+
|x|          9|         41|         24|  -0.8285555556|         41|00:30:01|   NA|  NA|    NA|
|x|          6|         41|         24|  -0.8305555556|         80|00:30:00|+1.00|1.00|0.0000|
|x|          7|         41|         24|  -0.8284074074|        120|00:30:01|+0.95|0.97|0.0000|
|x|          2|         41|         24|  -0.8283055556|        159|00:30:00|+0.95|0.96|0.0000|
|!|          4|          4|         24|  -0.8278222222|        198|00:30:00|+0.88|0.90|0.0175|
+-+-----------+-----------+-----------+---------------+-----------+--------+-----+----+------+
Best-so-far configuration:          24    mean value:   -0.8287777778
Description of the best-so-far configuration:
   .ID.       dataset  job_id cutoff metafolds           task sparse f_eng1 f_eng2 scaling algorithm pre_scaling extraction ext_components selection lr_C lr_solver multi_class       C kernel rf_estimators criterion_classification criterion_regression max_features max_depth min_samples_leaf solver alpha hidden_layers neurons1 activation n_neighbors weights ab_estimators ab_learning_rate ab_loss whiten svd_solver ica_algorithm ica_fun dl_fit_algorithm dl_transform_algorithm sel_model sel_score_classification sel_score_regression sel_percentile sel_threshold max_iter lr_penalty degree gamma max_depth_value mlp_learning_rate learning_rate_init neurons2 neurons3 lr_dual .PARENT.
24   24 fashion-mnist 1545506     30         3 classification  False   None   None    True       SVM        <NA>       <NA>             NA      <NA>   NA      <NA>        <NA> -2.4545 linear            NA                     <NA>                   NA           NA      <NA>               NA   <NA>    NA            NA       NA       <NA>          NA    <NA>            NA               NA      NA   <NA>       <NA>          <NA>    <NA>             <NA>                   <NA>      <NA>                     <NA>                   NA             NA          <NA>       NA       <NA>     NA    NA              NA              <NA>                 NA       NA       NA    <NA>       NA

# 2020-06-29 22:29:16 BRT: Elite configurations (first number is the configuration ID; listed from best to worst according to the sum of ranks):
          dataset  job_id cutoff metafolds           task sparse f_eng1 f_eng2 scaling algorithm pre_scaling extraction ext_components selection lr_C lr_solver multi_class       C kernel rf_estimators criterion_classification criterion_regression max_features max_depth min_samples_leaf solver alpha hidden_layers neurons1 activation n_neighbors weights ab_estimators ab_learning_rate ab_loss whiten svd_solver ica_algorithm ica_fun dl_fit_algorithm dl_transform_algorithm sel_model sel_score_classification sel_score_regression sel_percentile sel_threshold max_iter lr_penalty degree gamma max_depth_value mlp_learning_rate learning_rate_init neurons2 neurons3 lr_dual
24  fashion-mnist 1545506     30         3 classification  False   None   None    True       SVM        <NA>       <NA>             NA      <NA>   NA      <NA>        <NA> -2.4545 linear            NA                     <NA>                   NA           NA      <NA>               NA   <NA>    NA            NA       NA       <NA>          NA    <NA>            NA               NA      NA   <NA>       <NA>          <NA>    <NA>             <NA>                   <NA>      <NA>                     <NA>                   NA             NA          <NA>       NA       <NA>     NA    NA              NA              <NA>                 NA       NA       NA    <NA>
155 fashion-mnist 1545506     30         3 classification  False   None   None    True       SVM        <NA>       <NA>             NA      <NA>   NA      <NA>        <NA> -2.6564 linear            NA                     <NA>                   NA           NA      <NA>               NA   <NA>    NA            NA       NA       <NA>          NA    <NA>            NA               NA      NA   <NA>       <NA>          <NA>    <NA>             <NA>                   <NA>      <NA>                     <NA>                   NA             NA          <NA>       NA       <NA>     NA    NA              NA              <NA>                 NA       NA       NA    <NA>
186 fashion-mnist 1545506     30         3 classification  False   None   None    True       SVM        <NA>       <NA>             NA      <NA>   NA      <NA>        <NA> -2.6452 linear            NA                     <NA>                   NA           NA      <NA>               NA   <NA>    NA            NA       NA       <NA>          NA    <NA>            NA               NA      NA   <NA>       <NA>          <NA>    <NA>             <NA>                   <NA>      <NA>                     <NA>                   NA             NA          <NA>       NA       <NA>     NA    NA              NA              <NA>                 NA       NA       NA    <NA>
196 fashion-mnist 1545506     30         3 classification  False   None   None    True       SVM        <NA>       <NA>             NA      <NA>   NA      <NA>        <NA> -2.6594 linear            NA                     <NA>                   NA           NA      <NA>               NA   <NA>    NA            NA       NA       <NA>          NA    <NA>            NA               NA      NA   <NA>       <NA>          <NA>    <NA>             <NA>                   <NA>      <NA>                     <NA>                   NA             NA          <NA>       NA       <NA>     NA    NA              NA              <NA>                 NA       NA       NA    <NA>
# 2020-06-29 22:29:16 BRT: Iteration 6 of 7
# experimentsUsedSoFar: 1016
# remainingBudget: 984
# currentBudget: 492
# nbConfigurations: 52
  Markers:
     x No test is performed.
     - The test is performed and some configurations are discarded.
     = The test is performed but no configuration is discarded.
     ! The test is performed and configurations could be discarded but elite configurations are preserved.
     . All alive configurations are elite and nothing is discarded

+-+-----------+-----------+-----------+---------------+-----------+--------+-----+----+------+
| |   Instance|      Alive|       Best|      Mean best| Exp so far|  W time|  rho|KenW|  Qvar|
+-+-----------+-----------+-----------+---------------+-----------+--------+-----+----+------+
|x|         10|         52|        230|  -0.8298888889|         52|00:17:36|   NA|  NA|    NA|
|x|          5|         52|        230|  -0.8301111111|        103|00:17:19|+0.99|1.00|0.0001|
|x|          2|         52|        230|  -0.8297037037|        151|00:17:06|+0.98|0.99|0.0003|
|x|          1|         52|        213|  -0.8298888889|        202|00:17:10|+0.98|0.99|0.0003|
|!|          6|          9|        213|  -0.8309777778|        250|00:16:58|+0.66|0.73|0.1832|
|!|          9|          8|        210|  -0.8315370370|        255|00:01:09|+0.73|0.77|0.1471|
|-|          3|          8|        210|  -0.8322539683|        261|00:01:09|+0.75|0.79|0.1325|
|!|          7|          7|        210|  -0.8321111111|        265|00:01:09|+0.78|0.81|0.1569|
+-+-----------+-----------+-----------+---------------+-----------+--------+-----+----+------+
Best-so-far configuration:          24    mean value:   -0.8288666667
Description of the best-so-far configuration:
   .ID.       dataset  job_id cutoff metafolds           task sparse f_eng1 f_eng2 scaling algorithm pre_scaling extraction ext_components selection lr_C lr_solver multi_class       C kernel rf_estimators criterion_classification criterion_regression max_features max_depth min_samples_leaf solver alpha hidden_layers neurons1 activation n_neighbors weights ab_estimators ab_learning_rate ab_loss whiten svd_solver ica_algorithm ica_fun dl_fit_algorithm dl_transform_algorithm sel_model sel_score_classification sel_score_regression sel_percentile sel_threshold max_iter lr_penalty degree gamma max_depth_value mlp_learning_rate learning_rate_init neurons2 neurons3 lr_dual .PARENT.
24   24 fashion-mnist 1545506     30         3 classification  False   None   None    True       SVM        <NA>       <NA>             NA      <NA>   NA      <NA>        <NA> -2.4545 linear            NA                     <NA>                   NA           NA      <NA>               NA   <NA>    NA            NA       NA       <NA>          NA    <NA>            NA               NA      NA   <NA>       <NA>          <NA>    <NA>             <NA>                   <NA>      <NA>                     <NA>                   NA             NA          <NA>       NA       <NA>     NA    NA              NA              <NA>                 NA       NA       NA    <NA>       NA

# 2020-06-29 23:58:59 BRT: Elite configurations (first number is the configuration ID; listed from best to worst according to the sum of ranks):
          dataset  job_id cutoff metafolds           task sparse f_eng1 f_eng2 scaling algorithm pre_scaling extraction ext_components selection lr_C lr_solver multi_class       C kernel rf_estimators criterion_classification criterion_regression max_features max_depth min_samples_leaf solver alpha hidden_layers neurons1 activation n_neighbors weights ab_estimators ab_learning_rate ab_loss whiten svd_solver ica_algorithm ica_fun dl_fit_algorithm dl_transform_algorithm sel_model sel_score_classification sel_score_regression sel_percentile sel_threshold max_iter lr_penalty degree   gamma max_depth_value mlp_learning_rate learning_rate_init neurons2 neurons3 lr_dual
24  fashion-mnist 1545506     30         3 classification  False   None   None    True       SVM        <NA>       <NA>             NA      <NA>   NA      <NA>        <NA> -2.4545 linear            NA                     <NA>                   NA           NA      <NA>               NA   <NA>    NA            NA       NA       <NA>          NA    <NA>            NA               NA      NA   <NA>       <NA>          <NA>    <NA>             <NA>                   <NA>      <NA>                     <NA>                   NA             NA          <NA>       NA       <NA>     NA      NA              NA              <NA>                 NA       NA       NA    <NA>
155 fashion-mnist 1545506     30         3 classification  False   None   None    True       SVM        <NA>       <NA>             NA      <NA>   NA      <NA>        <NA> -2.6564 linear            NA                     <NA>                   NA           NA      <NA>               NA   <NA>    NA            NA       NA       <NA>          NA    <NA>            NA               NA      NA   <NA>       <NA>          <NA>    <NA>             <NA>                   <NA>      <NA>                     <NA>                   NA             NA          <NA>       NA       <NA>     NA      NA              NA              <NA>                 NA       NA       NA    <NA>
186 fashion-mnist 1545506     30         3 classification  False   None   None    True       SVM        <NA>       <NA>             NA      <NA>   NA      <NA>        <NA> -2.6452 linear            NA                     <NA>                   NA           NA      <NA>               NA   <NA>    NA            NA       NA       <NA>          NA    <NA>            NA               NA      NA   <NA>       <NA>          <NA>    <NA>             <NA>                   <NA>      <NA>                     <NA>                   NA             NA          <NA>       NA       <NA>     NA      NA              NA              <NA>                 NA       NA       NA    <NA>
196 fashion-mnist 1545506     30         3 classification  False   None   None    True       SVM        <NA>       <NA>             NA      <NA>   NA      <NA>        <NA> -2.6594 linear            NA                     <NA>                   NA           NA      <NA>               NA   <NA>    NA            NA       NA       <NA>          NA    <NA>            NA               NA      NA   <NA>       <NA>          <NA>    <NA>             <NA>                   <NA>      <NA>                     <NA>                   NA             NA          <NA>       NA       <NA>     NA      NA              NA              <NA>                 NA       NA       NA    <NA>
210 fashion-mnist 1545506     30         3 classification  False   None   None    True       SVM        <NA>       <NA>             NA      <NA>   NA      <NA>        <NA> -1.0293   poly            NA                     <NA>                   NA           NA      <NA>               NA   <NA>    NA            NA       NA       <NA>          NA    <NA>            NA               NA      NA   <NA>       <NA>          <NA>    <NA>             <NA>                   <NA>      <NA>                     <NA>                   NA             NA          <NA>       NA       <NA>      2 -1.7761              NA              <NA>                 NA       NA       NA    <NA>
213 fashion-mnist 1545506     30         3 classification  False   None   None    True       SVM        <NA>       <NA>             NA      <NA>   NA      <NA>        <NA> -2.3062 linear            NA                     <NA>                   NA           NA      <NA>               NA   <NA>    NA            NA       NA       <NA>          NA    <NA>            NA               NA      NA   <NA>       <NA>          <NA>    <NA>             <NA>                   <NA>      <NA>                     <NA>                   NA             NA          <NA>       NA       <NA>     NA      NA              NA              <NA>                 NA       NA       NA    <NA>
230 fashion-mnist 1545506     30         3 classification  False   None   None    True       SVM        <NA>       <NA>             NA      <NA>   NA      <NA>        <NA> -2.4253 linear            NA                     <NA>                   NA           NA      <NA>               NA   <NA>    NA            NA       NA       <NA>          NA    <NA>            NA               NA      NA   <NA>       <NA>          <NA>    <NA>             <NA>                   <NA>      <NA>                     <NA>                   NA             NA          <NA>       NA       <NA>     NA      NA              NA              <NA>                 NA       NA       NA    <NA>
# 2020-06-29 23:58:59 BRT: Iteration 7 of 7
# experimentsUsedSoFar: 1281
# remainingBudget: 719
# currentBudget: 719
# nbConfigurations: 71
  Markers:
     x No test is performed.
     - The test is performed and some configurations are discarded.
     = The test is performed but no configuration is discarded.
     ! The test is performed and configurations could be discarded but elite configurations are preserved.
     . All alive configurations are elite and nothing is discarded

+-+-----------+-----------+-----------+---------------+-----------+--------+-----+----+------+
| |   Instance|      Alive|       Best|      Mean best| Exp so far|  W time|  rho|KenW|  Qvar|
+-+-----------+-----------+-----------+---------------+-----------+--------+-----+----+------+
|x|         11|         71|        210|  -0.8363333333|         71|00:08:36|   NA|  NA|    NA|
|x|          1|         71|        210|  -0.8333888889|        135|00:08:16|+0.96|0.98|0.0002|
|x|          8|         71|        308|  -0.8352222222|        204|00:08:35|+0.97|0.98|0.0002|
|x|         10|         71|        308|  -0.8344166667|        268|00:08:22|+0.97|0.98|0.0003|
|!|          5|         12|        308|  -0.8332666667|        332|00:08:32|+0.60|0.68|0.2597|
|!|          6|         10|        308|  -0.8340740741|        337|00:01:09|+0.70|0.75|0.2018|
|!|          4|          8|        308|  -0.8341746032|        343|00:01:12|+0.79|0.82|0.1652|
|-|          3|          8|        308|  -0.8344583333|        344|00:01:09|+0.80|0.83|0.1451|
|-|          9|          8|        308|  -0.8340123457|        345|00:01:07|+0.82|0.84|0.1345|
|-|          7|          8|        308|  -0.8336888889|        346|00:01:08|+0.82|0.84|0.1376|
|!|          2|          2|        308|  -0.8341212121|        347|00:01:08|-0.02|0.07|0.5091|
+-+-----------+-----------+-----------+---------------+-----------+--------+-----+----+------+
Best-so-far configuration:         308    mean value:   -0.8341212121
Description of the best-so-far configuration:
    .ID.       dataset  job_id cutoff metafolds           task sparse f_eng1 f_eng2 scaling algorithm pre_scaling extraction ext_components selection lr_C lr_solver multi_class       C kernel rf_estimators criterion_classification criterion_regression max_features max_depth min_samples_leaf solver alpha hidden_layers neurons1 activation n_neighbors weights ab_estimators ab_learning_rate ab_loss whiten svd_solver ica_algorithm ica_fun dl_fit_algorithm dl_transform_algorithm sel_model sel_score_classification sel_score_regression sel_percentile sel_threshold max_iter lr_penalty degree   gamma max_depth_value mlp_learning_rate learning_rate_init neurons2 neurons3 lr_dual .PARENT.
308  308 fashion-mnist 1545506     30         3 classification  False   None   None    True       SVM        <NA>       <NA>             NA      <NA>   NA      <NA>        <NA> -2.6996   poly            NA                     <NA>                   NA           NA      <NA>               NA   <NA>    NA            NA       NA       <NA>          NA    <NA>            NA               NA      NA   <NA>       <NA>          <NA>    <NA>             <NA>                   <NA>      <NA>                     <NA>                   NA             NA          <NA>       NA       <NA>      2 -1.1507              NA              <NA>                 NA       NA       NA    <NA>      210

# 2020-06-30 00:48:20 BRT: Elite configurations (first number is the configuration ID; listed from best to worst according to the sum of ranks):
          dataset  job_id cutoff metafolds           task sparse f_eng1 f_eng2 scaling algorithm pre_scaling extraction ext_components selection lr_C lr_solver multi_class       C kernel rf_estimators criterion_classification criterion_regression max_features max_depth min_samples_leaf solver alpha hidden_layers neurons1 activation n_neighbors weights ab_estimators ab_learning_rate ab_loss whiten svd_solver ica_algorithm ica_fun dl_fit_algorithm dl_transform_algorithm sel_model sel_score_classification sel_score_regression sel_percentile sel_threshold max_iter lr_penalty degree   gamma max_depth_value mlp_learning_rate learning_rate_init neurons2 neurons3 lr_dual
308 fashion-mnist 1545506     30         3 classification  False   None   None    True       SVM        <NA>       <NA>             NA      <NA>   NA      <NA>        <NA> -2.6996   poly            NA                     <NA>                   NA           NA      <NA>               NA   <NA>    NA            NA       NA       <NA>          NA    <NA>            NA               NA      NA   <NA>       <NA>          <NA>    <NA>             <NA>                   <NA>      <NA>                     <NA>                   NA             NA          <NA>       NA       <NA>      2 -1.1507              NA              <NA>                 NA       NA       NA    <NA>
210 fashion-mnist 1545506     30         3 classification  False   None   None    True       SVM        <NA>       <NA>             NA      <NA>   NA      <NA>        <NA> -1.0293   poly            NA                     <NA>                   NA           NA      <NA>               NA   <NA>    NA            NA       NA       <NA>          NA    <NA>            NA               NA      NA   <NA>       <NA>          <NA>    <NA>             <NA>                   <NA>      <NA>                     <NA>                   NA             NA          <NA>       NA       <NA>      2 -1.7761              NA              <NA>                 NA       NA       NA    <NA>
# 2020-06-30 00:48:20 BRT: Iteration 8 of 8
# experimentsUsedSoFar: 1628
# remainingBudget: 372
# currentBudget: 372
# nbConfigurations: 32
  Markers:
     x No test is performed.
     - The test is performed and some configurations are discarded.
     = The test is performed but no configuration is discarded.
     ! The test is performed and configurations could be discarded but elite configurations are preserved.
     . All alive configurations are elite and nothing is discarded

+-+-----------+-----------+-----------+---------------+-----------+--------+-----+----+------+
| |   Instance|      Alive|       Best|      Mean best| Exp so far|  W time|  rho|KenW|  Qvar|
+-+-----------+-----------+-----------+---------------+-----------+--------+-----+----+------+
|x|         12|         32|        210|  -0.8298888889|         32|00:06:06|   NA|  NA|    NA|
|x|         11|         32|        210|  -0.8331111111|         62|00:05:47|+0.97|0.98|0.0002|
|x|          9|         32|        210|  -0.8325555556|         92|00:05:48|+0.98|0.99|0.0003|
|x|          4|         32|        210|  -0.8329166667|        122|00:05:54|+0.98|0.99|0.0003|
|!|          6|          3|        210|  -0.8337111111|        152|00:05:58|-0.20|0.04|0.7951|
+-+-----------+-----------+-----------+---------------+-----------+--------+-----+----+------+
Best-so-far configuration:         308    mean value:   -0.8336111111
Description of the best-so-far configuration:
    .ID.       dataset  job_id cutoff metafolds           task sparse f_eng1 f_eng2 scaling algorithm pre_scaling extraction ext_components selection lr_C lr_solver multi_class       C kernel rf_estimators criterion_classification criterion_regression max_features max_depth min_samples_leaf solver alpha hidden_layers neurons1 activation n_neighbors weights ab_estimators ab_learning_rate ab_loss whiten svd_solver ica_algorithm ica_fun dl_fit_algorithm dl_transform_algorithm sel_model sel_score_classification sel_score_regression sel_percentile sel_threshold max_iter lr_penalty degree   gamma max_depth_value mlp_learning_rate learning_rate_init neurons2 neurons3 lr_dual .PARENT.
308  308 fashion-mnist 1545506     30         3 classification  False   None   None    True       SVM        <NA>       <NA>             NA      <NA>   NA      <NA>        <NA> -2.6996   poly            NA                     <NA>                   NA           NA      <NA>               NA   <NA>    NA            NA       NA       <NA>          NA    <NA>            NA               NA      NA   <NA>       <NA>          <NA>    <NA>             <NA>                   <NA>      <NA>                     <NA>                   NA             NA          <NA>       NA       <NA>      2 -1.1507              NA              <NA>                 NA       NA       NA    <NA>      210

# 2020-06-30 01:17:57 BRT: Elite configurations (first number is the configuration ID; listed from best to worst according to the sum of ranks):
          dataset  job_id cutoff metafolds           task sparse f_eng1 f_eng2 scaling algorithm pre_scaling extraction ext_components selection lr_C lr_solver multi_class       C kernel rf_estimators criterion_classification criterion_regression max_features max_depth min_samples_leaf solver alpha hidden_layers neurons1 activation n_neighbors weights ab_estimators ab_learning_rate ab_loss whiten svd_solver ica_algorithm ica_fun dl_fit_algorithm dl_transform_algorithm sel_model sel_score_classification sel_score_regression sel_percentile sel_threshold max_iter lr_penalty degree   gamma max_depth_value mlp_learning_rate learning_rate_init neurons2 neurons3 lr_dual
308 fashion-mnist 1545506     30         3 classification  False   None   None    True       SVM        <NA>       <NA>             NA      <NA>   NA      <NA>        <NA> -2.6996   poly            NA                     <NA>                   NA           NA      <NA>               NA   <NA>    NA            NA       NA       <NA>          NA    <NA>            NA               NA      NA   <NA>       <NA>          <NA>    <NA>             <NA>                   <NA>      <NA>                     <NA>                   NA             NA          <NA>       NA       <NA>      2 -1.1507              NA              <NA>                 NA       NA       NA    <NA>
210 fashion-mnist 1545506     30         3 classification  False   None   None    True       SVM        <NA>       <NA>             NA      <NA>   NA      <NA>        <NA> -1.0293   poly            NA                     <NA>                   NA           NA      <NA>               NA   <NA>    NA            NA       NA       <NA>          NA    <NA>            NA               NA      NA   <NA>       <NA>          <NA>    <NA>             <NA>                   <NA>      <NA>                     <NA>                   NA             NA          <NA>       NA       <NA>      2 -1.7761              NA              <NA>                 NA       NA       NA    <NA>
331 fashion-mnist 1545506     30         3 classification  False   None   None    True       SVM        <NA>       <NA>             NA      <NA>   NA      <NA>        <NA> -3.2109   poly            NA                     <NA>                   NA           NA      <NA>               NA   <NA>    NA            NA       NA       <NA>          NA    <NA>            NA               NA      NA   <NA>       <NA>          <NA>    <NA>             <NA>                   <NA>      <NA>                     <NA>                   NA             NA          <NA>       NA       <NA>      2 -0.9080              NA              <NA>                 NA       NA       NA    <NA>
# 2020-06-30 01:17:57 BRT: Iteration 9 of 9
# experimentsUsedSoFar: 1780
# remainingBudget: 220
# currentBudget: 220
# nbConfigurations: 19
  Markers:
     x No test is performed.
     - The test is performed and some configurations are discarded.
     = The test is performed but no configuration is discarded.
     ! The test is performed and configurations could be discarded but elite configurations are preserved.
     . All alive configurations are elite and nothing is discarded

+-+-----------+-----------+-----------+---------------+-----------+--------+-----+----+------+
| |   Instance|      Alive|       Best|      Mean best| Exp so far|  W time|  rho|KenW|  Qvar|
+-+-----------+-----------+-----------+---------------+-----------+--------+-----+----+------+
|x|         13|         19|        308|  -0.8322222222|         19|00:03:51|   NA|  NA|    NA|
|x|          5|         19|        308|  -0.8304444444|         36|00:03:32|+0.88|0.94|0.0004|
|x|          8|         19|        308|  -0.8330000000|         53|00:03:36|+0.90|0.93|0.0007|
|x|         12|         19|        308|  -0.8317500000|         69|00:03:25|+0.92|0.94|0.0006|
|!|          7|          3|        308|  -0.8315555556|         86|00:03:34|-0.25|0.00|0.8246|
+-+-----------+-----------+-----------+---------------+-----------+--------+-----+----+------+
Best-so-far configuration:         308    mean value:   -0.8335042735
Description of the best-so-far configuration:
    .ID.       dataset  job_id cutoff metafolds           task sparse f_eng1 f_eng2 scaling algorithm pre_scaling extraction ext_components selection lr_C lr_solver multi_class       C kernel rf_estimators criterion_classification criterion_regression max_features max_depth min_samples_leaf solver alpha hidden_layers neurons1 activation n_neighbors weights ab_estimators ab_learning_rate ab_loss whiten svd_solver ica_algorithm ica_fun dl_fit_algorithm dl_transform_algorithm sel_model sel_score_classification sel_score_regression sel_percentile sel_threshold max_iter lr_penalty degree   gamma max_depth_value mlp_learning_rate learning_rate_init neurons2 neurons3 lr_dual .PARENT.
308  308 fashion-mnist 1545506     30         3 classification  False   None   None    True       SVM        <NA>       <NA>             NA      <NA>   NA      <NA>        <NA> -2.6996   poly            NA                     <NA>                   NA           NA      <NA>               NA   <NA>    NA            NA       NA       <NA>          NA    <NA>            NA               NA      NA   <NA>       <NA>          <NA>    <NA>             <NA>                   <NA>      <NA>                     <NA>                   NA             NA          <NA>       NA       <NA>      2 -1.1507              NA              <NA>                 NA       NA       NA    <NA>      210

# 2020-06-30 01:35:58 BRT: Elite configurations (first number is the configuration ID; listed from best to worst according to the sum of ranks):
          dataset  job_id cutoff metafolds           task sparse f_eng1 f_eng2 scaling algorithm pre_scaling extraction ext_components selection lr_C lr_solver multi_class       C kernel rf_estimators criterion_classification criterion_regression max_features max_depth min_samples_leaf solver alpha hidden_layers neurons1 activation n_neighbors weights ab_estimators ab_learning_rate ab_loss whiten svd_solver ica_algorithm ica_fun dl_fit_algorithm dl_transform_algorithm sel_model sel_score_classification sel_score_regression sel_percentile sel_threshold max_iter lr_penalty degree   gamma max_depth_value mlp_learning_rate learning_rate_init neurons2 neurons3 lr_dual
308 fashion-mnist 1545506     30         3 classification  False   None   None    True       SVM        <NA>       <NA>             NA      <NA>   NA      <NA>        <NA> -2.6996   poly            NA                     <NA>                   NA           NA      <NA>               NA   <NA>    NA            NA       NA       <NA>          NA    <NA>            NA               NA      NA   <NA>       <NA>          <NA>    <NA>             <NA>                   <NA>      <NA>                     <NA>                   NA             NA          <NA>       NA       <NA>      2 -1.1507              NA              <NA>                 NA       NA       NA    <NA>
210 fashion-mnist 1545506     30         3 classification  False   None   None    True       SVM        <NA>       <NA>             NA      <NA>   NA      <NA>        <NA> -1.0293   poly            NA                     <NA>                   NA           NA      <NA>               NA   <NA>    NA            NA       NA       <NA>          NA    <NA>            NA               NA      NA   <NA>       <NA>          <NA>    <NA>             <NA>                   <NA>      <NA>                     <NA>                   NA             NA          <NA>       NA       <NA>      2 -1.7761              NA              <NA>                 NA       NA       NA    <NA>
331 fashion-mnist 1545506     30         3 classification  False   None   None    True       SVM        <NA>       <NA>             NA      <NA>   NA      <NA>        <NA> -3.2109   poly            NA                     <NA>                   NA           NA      <NA>               NA   <NA>    NA            NA       NA       <NA>          NA    <NA>            NA               NA      NA   <NA>       <NA>          <NA>    <NA>             <NA>                   <NA>      <NA>                     <NA>                   NA             NA          <NA>       NA       <NA>      2 -0.9080              NA              <NA>                 NA       NA       NA    <NA>
# 2020-06-30 01:35:58 BRT: Iteration 10 of 10
# experimentsUsedSoFar: 1866
# remainingBudget: 134
# currentBudget: 134
# nbConfigurations: 12
  Markers:
     x No test is performed.
     - The test is performed and some configurations are discarded.
     = The test is performed but no configuration is discarded.
     ! The test is performed and configurations could be discarded but elite configurations are preserved.
     . All alive configurations are elite and nothing is discarded

+-+-----------+-----------+-----------+---------------+-----------+--------+-----+----+------+
| |   Instance|      Alive|       Best|      Mean best| Exp so far|  W time|  rho|KenW|  Qvar|
+-+-----------+-----------+-----------+---------------+-----------+--------+-----+----+------+
|x|         14|         12|        210|  -0.8346666667|         12|00:03:02|   NA|  NA|    NA|
|x|         13|         12|        308|  -0.8323333333|         21|00:03:00|+0.97|0.99|0.0003|
|x|         11|         12|        210|  -0.8342592593|         30|00:03:01|+0.91|0.94|0.0004|
|x|          5|         12|        308|  -0.8322777778|         39|00:03:00|+0.87|0.91|0.0005|
|!|          1|          3|        308|  -0.8321777778|         49|00:03:03|+0.20|0.36|0.7044|
+-+-----------+-----------+-----------+---------------+-----------+--------+-----+----+------+
Best-so-far configuration:         308    mean value:   -0.8334285714
Description of the best-so-far configuration:
    .ID.       dataset  job_id cutoff metafolds           task sparse f_eng1 f_eng2 scaling algorithm pre_scaling extraction ext_components selection lr_C lr_solver multi_class       C kernel rf_estimators criterion_classification criterion_regression max_features max_depth min_samples_leaf solver alpha hidden_layers neurons1 activation n_neighbors weights ab_estimators ab_learning_rate ab_loss whiten svd_solver ica_algorithm ica_fun dl_fit_algorithm dl_transform_algorithm sel_model sel_score_classification sel_score_regression sel_percentile sel_threshold max_iter lr_penalty degree   gamma max_depth_value mlp_learning_rate learning_rate_init neurons2 neurons3 lr_dual .PARENT.
308  308 fashion-mnist 1545506     30         3 classification  False   None   None    True       SVM        <NA>       <NA>             NA      <NA>   NA      <NA>        <NA> -2.6996   poly            NA                     <NA>                   NA           NA      <NA>               NA   <NA>    NA            NA       NA       <NA>          NA    <NA>            NA               NA      NA   <NA>       <NA>          <NA>    <NA>             <NA>                   <NA>      <NA>                     <NA>                   NA             NA          <NA>       NA       <NA>      2 -1.1507              NA              <NA>                 NA       NA       NA    <NA>      210

# 2020-06-30 01:51:07 BRT: Elite configurations (first number is the configuration ID; listed from best to worst according to the sum of ranks):
          dataset  job_id cutoff metafolds           task sparse f_eng1 f_eng2 scaling algorithm pre_scaling extraction ext_components selection lr_C lr_solver multi_class       C kernel rf_estimators criterion_classification criterion_regression max_features max_depth min_samples_leaf solver alpha hidden_layers neurons1 activation n_neighbors weights ab_estimators ab_learning_rate ab_loss whiten svd_solver ica_algorithm ica_fun dl_fit_algorithm dl_transform_algorithm sel_model sel_score_classification sel_score_regression sel_percentile sel_threshold max_iter lr_penalty degree   gamma max_depth_value mlp_learning_rate learning_rate_init neurons2 neurons3 lr_dual
308 fashion-mnist 1545506     30         3 classification  False   None   None    True       SVM        <NA>       <NA>             NA      <NA>   NA      <NA>        <NA> -2.6996   poly            NA                     <NA>                   NA           NA      <NA>               NA   <NA>    NA            NA       NA       <NA>          NA    <NA>            NA               NA      NA   <NA>       <NA>          <NA>    <NA>             <NA>                   <NA>      <NA>                     <NA>                   NA             NA          <NA>       NA       <NA>      2 -1.1507              NA              <NA>                 NA       NA       NA    <NA>
210 fashion-mnist 1545506     30         3 classification  False   None   None    True       SVM        <NA>       <NA>             NA      <NA>   NA      <NA>        <NA> -1.0293   poly            NA                     <NA>                   NA           NA      <NA>               NA   <NA>    NA            NA       NA       <NA>          NA    <NA>            NA               NA      NA   <NA>       <NA>          <NA>    <NA>             <NA>                   <NA>      <NA>                     <NA>                   NA             NA          <NA>       NA       <NA>      2 -1.7761              NA              <NA>                 NA       NA       NA    <NA>
331 fashion-mnist 1545506     30         3 classification  False   None   None    True       SVM        <NA>       <NA>             NA      <NA>   NA      <NA>        <NA> -3.2109   poly            NA                     <NA>                   NA           NA      <NA>               NA   <NA>    NA            NA       NA       <NA>          NA    <NA>            NA               NA      NA   <NA>       <NA>          <NA>    <NA>             <NA>                   <NA>      <NA>                     <NA>                   NA             NA          <NA>       NA       <NA>      2 -0.9080              NA              <NA>                 NA       NA       NA    <NA>
# 2020-06-30 01:51:07 BRT: Iteration 11 of 11
# experimentsUsedSoFar: 1915
# remainingBudget: 85
# currentBudget: 85
# nbConfigurations: 8
  Markers:
     x No test is performed.
     - The test is performed and some configurations are discarded.
     = The test is performed but no configuration is discarded.
     ! The test is performed and configurations could be discarded but elite configurations are preserved.
     . All alive configurations are elite and nothing is discarded

+-+-----------+-----------+-----------+---------------+-----------+--------+-----+----+------+
| |   Instance|      Alive|       Best|      Mean best| Exp so far|  W time|  rho|KenW|  Qvar|
+-+-----------+-----------+-----------+---------------+-----------+--------+-----+----+------+
|x|         15|          8|        210|  -0.8313333333|          8|00:03:11|   NA|  NA|    NA|
|x|         14|          8|        210|  -0.8330000000|         13|00:03:11|+0.95|0.98|0.0001|
|x|         10|          8|        210|  -0.8311111111|         19|00:03:12|+0.92|0.95|0.0002|
|x|          1|          8|        308|  -0.8315277778|         24|00:03:10|+0.93|0.95|0.0002|
|!|          2|          3|        308|  -0.8329111111|         30|00:03:10|-0.10|0.12|0.7763|
+-+-----------+-----------+-----------+---------------+-----------+--------+-----+----+------+
Best-so-far configuration:         308    mean value:   -0.8331925926
Description of the best-so-far configuration:
    .ID.       dataset  job_id cutoff metafolds           task sparse f_eng1 f_eng2 scaling algorithm pre_scaling extraction ext_components selection lr_C lr_solver multi_class       C kernel rf_estimators criterion_classification criterion_regression max_features max_depth min_samples_leaf solver alpha hidden_layers neurons1 activation n_neighbors weights ab_estimators ab_learning_rate ab_loss whiten svd_solver ica_algorithm ica_fun dl_fit_algorithm dl_transform_algorithm sel_model sel_score_classification sel_score_regression sel_percentile sel_threshold max_iter lr_penalty degree   gamma max_depth_value mlp_learning_rate learning_rate_init neurons2 neurons3 lr_dual .PARENT.
308  308 fashion-mnist 1545506     30         3 classification  False   None   None    True       SVM        <NA>       <NA>             NA      <NA>   NA      <NA>        <NA> -2.6996   poly            NA                     <NA>                   NA           NA      <NA>               NA   <NA>    NA            NA       NA       <NA>          NA    <NA>            NA               NA      NA   <NA>       <NA>          <NA>    <NA>             <NA>                   <NA>      <NA>                     <NA>                   NA             NA          <NA>       NA       <NA>      2 -1.1507              NA              <NA>                 NA       NA       NA    <NA>      210

# 2020-06-30 02:07:04 BRT: Elite configurations (first number is the configuration ID; listed from best to worst according to the sum of ranks):
          dataset  job_id cutoff metafolds           task sparse f_eng1 f_eng2 scaling algorithm pre_scaling extraction ext_components selection lr_C lr_solver multi_class       C kernel rf_estimators criterion_classification criterion_regression max_features max_depth min_samples_leaf solver alpha hidden_layers neurons1 activation n_neighbors weights ab_estimators ab_learning_rate ab_loss whiten svd_solver ica_algorithm ica_fun dl_fit_algorithm dl_transform_algorithm sel_model sel_score_classification sel_score_regression sel_percentile sel_threshold max_iter lr_penalty degree   gamma max_depth_value mlp_learning_rate learning_rate_init neurons2 neurons3 lr_dual
308 fashion-mnist 1545506     30         3 classification  False   None   None    True       SVM        <NA>       <NA>             NA      <NA>   NA      <NA>        <NA> -2.6996   poly            NA                     <NA>                   NA           NA      <NA>               NA   <NA>    NA            NA       NA       <NA>          NA    <NA>            NA               NA      NA   <NA>       <NA>          <NA>    <NA>             <NA>                   <NA>      <NA>                     <NA>                   NA             NA          <NA>       NA       <NA>      2 -1.1507              NA              <NA>                 NA       NA       NA    <NA>
210 fashion-mnist 1545506     30         3 classification  False   None   None    True       SVM        <NA>       <NA>             NA      <NA>   NA      <NA>        <NA> -1.0293   poly            NA                     <NA>                   NA           NA      <NA>               NA   <NA>    NA            NA       NA       <NA>          NA    <NA>            NA               NA      NA   <NA>       <NA>          <NA>    <NA>             <NA>                   <NA>      <NA>                     <NA>                   NA             NA          <NA>       NA       <NA>      2 -1.7761              NA              <NA>                 NA       NA       NA    <NA>
331 fashion-mnist 1545506     30         3 classification  False   None   None    True       SVM        <NA>       <NA>             NA      <NA>   NA      <NA>        <NA> -3.2109   poly            NA                     <NA>                   NA           NA      <NA>               NA   <NA>    NA            NA       NA       <NA>          NA    <NA>            NA               NA      NA   <NA>       <NA>          <NA>    <NA>             <NA>                   <NA>      <NA>                     <NA>                   NA             NA          <NA>       NA       <NA>      2 -0.9080              NA              <NA>                 NA       NA       NA    <NA>
# 2020-06-30 02:07:04 BRT: Stopped because there is not enough budget left to race more than the minimum (7)
# You may either increase the budget or set 'minNbSurvival' to a lower value
# Iteration: 12
# nbIterations: 12
# experimentsUsedSoFar: 1945
# timeUsed: 0
# remainingBudget: 55
# currentBudget: 55
# number of elites: 3
# nbConfigurations: 6
# Best configurations (first number is the configuration ID; listed from best to worst according to the sum of ranks):
          dataset  job_id cutoff metafolds           task sparse f_eng1 f_eng2 scaling algorithm pre_scaling extraction ext_components selection lr_C lr_solver multi_class       C kernel rf_estimators criterion_classification criterion_regression max_features max_depth min_samples_leaf solver alpha hidden_layers neurons1 activation n_neighbors weights ab_estimators ab_learning_rate ab_loss whiten svd_solver ica_algorithm ica_fun dl_fit_algorithm dl_transform_algorithm sel_model sel_score_classification sel_score_regression sel_percentile sel_threshold max_iter lr_penalty degree   gamma max_depth_value mlp_learning_rate learning_rate_init neurons2 neurons3 lr_dual
308 fashion-mnist 1545506     30         3 classification  False   None   None    True       SVM        <NA>       <NA>             NA      <NA>   NA      <NA>        <NA> -2.6996   poly            NA                     <NA>                   NA           NA      <NA>               NA   <NA>    NA            NA       NA       <NA>          NA    <NA>            NA               NA      NA   <NA>       <NA>          <NA>    <NA>             <NA>                   <NA>      <NA>                     <NA>                   NA             NA          <NA>       NA       <NA>      2 -1.1507              NA              <NA>                 NA       NA       NA    <NA>
210 fashion-mnist 1545506     30         3 classification  False   None   None    True       SVM        <NA>       <NA>             NA      <NA>   NA      <NA>        <NA> -1.0293   poly            NA                     <NA>                   NA           NA      <NA>               NA   <NA>    NA            NA       NA       <NA>          NA    <NA>            NA               NA      NA   <NA>       <NA>          <NA>    <NA>             <NA>                   <NA>      <NA>                     <NA>                   NA             NA          <NA>       NA       <NA>      2 -1.7761              NA              <NA>                 NA       NA       NA    <NA>
331 fashion-mnist 1545506     30         3 classification  False   None   None    True       SVM        <NA>       <NA>             NA      <NA>   NA      <NA>        <NA> -3.2109   poly            NA                     <NA>                   NA           NA      <NA>               NA   <NA>    NA            NA       NA       <NA>          NA    <NA>            NA               NA      NA   <NA>       <NA>          <NA>    <NA>             <NA>                   <NA>      <NA>                     <NA>                   NA             NA          <NA>       NA       <NA>      2 -0.9080              NA              <NA>                 NA       NA       NA    <NA>
# Best configurations as commandlines (first number is the configuration ID; same order as above):
308  --dataset fashion-mnist --job_id 1545506 --cutoff 30 --metafolds 3 --task classification --sparse False --f_eng1 None --f_eng2 None --scaling True --algorithm SVM --C -2.6996 --kernel poly --degree 2 --gamma -1.1507
210  --dataset fashion-mnist --job_id 1545506 --cutoff 30 --metafolds 3 --task classification --sparse False --f_eng1 None --f_eng2 None --scaling True --algorithm SVM --C -1.0293 --kernel poly --degree 2 --gamma -1.7761
331  --dataset fashion-mnist --job_id 1545506 --cutoff 30 --metafolds 3 --task classification --sparse False --f_eng1 None --f_eng2 None --scaling True --algorithm SVM --C -3.2109 --kernel poly --degree 2 --gamma -0.908
