*******************************************************************************
* irace: An implementation in R of Iterated Race
* Version: 3.1.2112M
* Copyright (C) 2010-2018
* Manuel Lopez-Ibanez     <manuel.lopez-ibanez@manchester.ac.uk>
* Jeremie Dubois-Lacoste  
* Leslie Perez Caceres    <leslie.perez.caceres@ulb.ac.be>
*
* This is free software, and you are welcome to redistribute it under certain
* conditions.  See the GNU General Public License for details. There is NO
* WARRANTY; not even for MERCHANTABILITY or FITNESS FOR A PARTICULAR PURPOSE.
*
* irace builds upon previous code from the race package:
*
* race: Racing methods for the selection of the best
* Copyright (C) 2003 Mauro Birattari
*******************************************************************************
# installed at: /home/cemvieira/bin/R/irace
# called with: -s scenario.txt --max-experiments 2000 -p ./fashion-mnist/parameters-1545520.txt --parallel 32 --train-instances-file fashion-mnist/new-instances.txt --log-file ./output/fashion-mnist/fashion-mnist-1f2k20m-irace-1545520.Rdata
# 8 expression(s) specifying forbidden configurations read from '/home/cemvieira/isklearn/forbidden.txt'
# 2020-06-30 00:15:25 BRT: Initialization
# Elitist race
# Elitist new instances: 1
# Elitist limit: 2
# nbIterations: 7
# minNbSurvival: 7
# nbParameters: 50
# seed: 1216948034
# confidence level: 0.95
# budget: 2000
# mu: 5
# deterministic: TRUE

# 2020-06-30 00:15:25 BRT: Iteration 1 of 7
# experimentsUsedSoFar: 0
# remainingBudget: 2000
# currentBudget: 285
# nbConfigurations: 47
  Markers:
     x No test is performed.
     - The test is performed and some configurations are discarded.
     = The test is performed but no configuration is discarded.
     ! The test is performed and configurations could be discarded but elite configurations are preserved.
     . All alive configurations are elite and nothing is discarded

+-+-----------+-----------+-----------+---------------+-----------+--------+-----+----+------+
| |   Instance|      Alive|       Best|      Mean best| Exp so far|  W time|  rho|KenW|  Qvar|
+-+-----------+-----------+-----------+---------------+-----------+--------+-----+----+------+
|x|          1|         47|         47|  -0.8123333333|         47|00:33:56|   NA|  NA|    NA|
|x|          2|         47|         47|  -0.8076666667|         94|00:34:01|+1.00|1.00|0.0000|
|x|          3|         47|         47|  -0.8083333333|        141|00:32:52|+1.00|1.00|0.0000|
|x|          4|         47|         47|  -0.8089166667|        188|00:34:09|+1.00|1.00|0.0000|
|!|          5|          1|         47|  -0.8060000000|        235|00:34:47|   NA|  NA|    NA|
+-+-----------+-----------+-----------+---------------+-----------+--------+-----+----+------+
Best-so-far configuration:          47    mean value:   -0.8060000000
Description of the best-so-far configuration:
   .ID.       dataset  job_id cutoff metafolds           task sparse f_eng1     f_eng2 scaling          algorithm pre_scaling extraction ext_components selection    lr_C lr_solver multi_class  C kernel rf_estimators criterion_classification criterion_regression max_features max_depth min_samples_leaf solver alpha hidden_layers neurons1 activation n_neighbors weights ab_estimators ab_learning_rate ab_loss whiten svd_solver ica_algorithm ica_fun dl_fit_algorithm dl_transform_algorithm sel_model sel_score_classification sel_score_regression sel_percentile sel_threshold max_iter lr_penalty degree gamma max_depth_value mlp_learning_rate learning_rate_init neurons2 neurons3 lr_dual .PARENT.
47   47 fashion-mnist 1545520     20         1 classification  False   None Extraction    True LogisticRegression        True    FastICA         0.1983      <NA> -0.8163     lbfgs multinomial NA   <NA>            NA                     <NA>                   NA           NA      <NA>               NA   <NA>    NA            NA       NA       <NA>          NA    <NA>            NA               NA      NA   <NA>       <NA>     deflation    cube             <NA>                   <NA>      <NA>                     <NA>                   NA             NA          <NA>      153         NA     NA    NA              NA              <NA>                 NA       NA       NA      NA       NA

# 2020-06-30 03:05:14 BRT: Elite configurations (first number is the configuration ID; listed from best to worst according to the sum of ranks):
         dataset  job_id cutoff metafolds           task sparse f_eng1     f_eng2 scaling          algorithm pre_scaling extraction ext_components selection    lr_C lr_solver multi_class  C kernel rf_estimators criterion_classification criterion_regression max_features max_depth min_samples_leaf solver alpha hidden_layers neurons1 activation n_neighbors weights ab_estimators ab_learning_rate ab_loss whiten svd_solver ica_algorithm ica_fun dl_fit_algorithm dl_transform_algorithm sel_model sel_score_classification sel_score_regression sel_percentile sel_threshold max_iter lr_penalty degree gamma max_depth_value mlp_learning_rate learning_rate_init neurons2 neurons3 lr_dual
47 fashion-mnist 1545520     20         1 classification  False   None Extraction    True LogisticRegression        True    FastICA         0.1983      <NA> -0.8163     lbfgs multinomial NA   <NA>            NA                     <NA>                   NA           NA      <NA>               NA   <NA>    NA            NA       NA       <NA>          NA    <NA>            NA               NA      NA   <NA>       <NA>     deflation    cube             <NA>                   <NA>      <NA>                     <NA>                   NA             NA          <NA>      153         NA     NA    NA              NA              <NA>                 NA       NA       NA      NA
# 2020-06-30 03:05:14 BRT: Iteration 2 of 7
# experimentsUsedSoFar: 235
# remainingBudget: 1765
# currentBudget: 294
# nbConfigurations: 42
  Markers:
     x No test is performed.
     - The test is performed and some configurations are discarded.
     = The test is performed but no configuration is discarded.
     ! The test is performed and configurations could be discarded but elite configurations are preserved.
     . All alive configurations are elite and nothing is discarded

+-+-----------+-----------+-----------+---------------+-----------+--------+-----+----+------+
| |   Instance|      Alive|       Best|      Mean best| Exp so far|  W time|  rho|KenW|  Qvar|
+-+-----------+-----------+-----------+---------------+-----------+--------+-----+----+------+
|x|          6|         42|         65|  -0.8286666667|         42|00:26:40|   NA|  NA|    NA|
|x|          3|         42|         65|  -0.8313333333|         83|00:25:29|+1.00|1.00|0.0000|
|x|          5|         42|         65|  -0.8283333333|        124|00:25:46|+1.00|1.00|0.0000|
|x|          2|         42|         65|  -0.8275000000|        165|00:26:02|+1.00|1.00|0.0000|
|!|          4|          2|         65|  -0.8270666667|        206|00:25:30|+1.00|1.00|0.0000|
+-+-----------+-----------+-----------+---------------+-----------+--------+-----+----+------+
Best-so-far configuration:          47    mean value:   -0.8040555556
Description of the best-so-far configuration:
   .ID.       dataset  job_id cutoff metafolds           task sparse f_eng1     f_eng2 scaling          algorithm pre_scaling extraction ext_components selection    lr_C lr_solver multi_class  C kernel rf_estimators criterion_classification criterion_regression max_features max_depth min_samples_leaf solver alpha hidden_layers neurons1 activation n_neighbors weights ab_estimators ab_learning_rate ab_loss whiten svd_solver ica_algorithm ica_fun dl_fit_algorithm dl_transform_algorithm sel_model sel_score_classification sel_score_regression sel_percentile sel_threshold max_iter lr_penalty degree gamma max_depth_value mlp_learning_rate learning_rate_init neurons2 neurons3 lr_dual .PARENT.
47   47 fashion-mnist 1545520     20         1 classification  False   None Extraction    True LogisticRegression        True    FastICA         0.1983      <NA> -0.8163     lbfgs multinomial NA   <NA>            NA                     <NA>                   NA           NA      <NA>               NA   <NA>    NA            NA       NA       <NA>          NA    <NA>            NA               NA      NA   <NA>       <NA>     deflation    cube             <NA>                   <NA>      <NA>                     <NA>                   NA             NA          <NA>      153       <NA>     NA    NA              NA              <NA>                 NA       NA       NA      NA       NA

# 2020-06-30 05:14:45 BRT: Elite configurations (first number is the configuration ID; listed from best to worst according to the sum of ranks):
         dataset  job_id cutoff metafolds           task sparse f_eng1     f_eng2 scaling          algorithm pre_scaling extraction ext_components       selection    lr_C lr_solver multi_class      C kernel rf_estimators criterion_classification criterion_regression max_features max_depth min_samples_leaf solver alpha hidden_layers neurons1 activation n_neighbors weights ab_estimators ab_learning_rate ab_loss whiten svd_solver ica_algorithm ica_fun dl_fit_algorithm dl_transform_algorithm    sel_model sel_score_classification sel_score_regression sel_percentile sel_threshold max_iter lr_penalty degree  gamma max_depth_value mlp_learning_rate learning_rate_init neurons2 neurons3 lr_dual
47 fashion-mnist 1545520     20         1 classification  False   None Extraction    True LogisticRegression        True    FastICA         0.1983            <NA> -0.8163     lbfgs multinomial     NA   <NA>            NA                     <NA>                   NA           NA      <NA>               NA   <NA>    NA            NA       NA       <NA>          NA    <NA>            NA               NA      NA   <NA>       <NA>     deflation    cube             <NA>                   <NA>         <NA>                     <NA>                   NA             NA          <NA>      153       <NA>     NA     NA              NA              <NA>                 NA       NA       NA      NA
65 fashion-mnist 1545520     20         1 classification  False   None  Selection   False                SVM        True       <NA>             NA SelectFromModel      NA      <NA>        <NA> -1.298   poly            NA                     <NA>                   NA           NA      <NA>               NA   <NA>    NA            NA       NA       <NA>          NA    <NA>            NA               NA      NA   <NA>       <NA>          <NA>    <NA>             <NA>                   <NA> DecisionTree                     <NA>                   NA             NA        median       NA       <NA>      2 -0.436              NA              <NA>                 NA       NA       NA      NA
# 2020-06-30 05:14:45 BRT: Iteration 3 of 7
# experimentsUsedSoFar: 441
# remainingBudget: 1559
# currentBudget: 311
# nbConfigurations: 40
  Markers:
     x No test is performed.
     - The test is performed and some configurations are discarded.
     = The test is performed but no configuration is discarded.
     ! The test is performed and configurations could be discarded but elite configurations are preserved.
     . All alive configurations are elite and nothing is discarded

+-+-----------+-----------+-----------+---------------+-----------+--------+-----+----+------+
| |   Instance|      Alive|       Best|      Mean best| Exp so far|  W time|  rho|KenW|  Qvar|
+-+-----------+-----------+-----------+---------------+-----------+--------+-----+----+------+
|x|          7|         40|         65|  -0.8336666667|         40|00:25:21|   NA|  NA|    NA|
|x|          1|         40|         65|  -0.8310000000|         79|00:24:07|+1.00|1.00|0.0000|
|x|          4|         40|         65|  -0.8291111111|        117|00:23:13|+1.00|1.00|0.0000|
|x|          6|         40|         65|  -0.8290000000|        155|00:23:03|+1.00|1.00|0.0000|
|!|          2|          2|         65|  -0.8282000000|        193|00:22:42|+1.00|1.00|0.0000|
|.|          3|          2|         65|  -0.8291666667|        193|23:59:59|+1.00|1.00|0.0000|
|.|          5|          2|         65|  -0.8281904762|        193|23:59:59|+1.00|1.00|0.0000|
+-+-----------+-----------+-----------+---------------+-----------+--------+-----+----+------+
Best-so-far configuration:          65    mean value:   -0.8281904762
Description of the best-so-far configuration:
   .ID.       dataset  job_id cutoff metafolds           task sparse f_eng1    f_eng2 scaling algorithm pre_scaling extraction ext_components       selection lr_C lr_solver multi_class      C kernel rf_estimators criterion_classification criterion_regression max_features max_depth min_samples_leaf solver alpha hidden_layers neurons1 activation n_neighbors weights ab_estimators ab_learning_rate ab_loss whiten svd_solver ica_algorithm ica_fun dl_fit_algorithm dl_transform_algorithm    sel_model sel_score_classification sel_score_regression sel_percentile sel_threshold max_iter lr_penalty degree  gamma max_depth_value mlp_learning_rate learning_rate_init neurons2 neurons3 lr_dual .PARENT.
65   65 fashion-mnist 1545520     20         1 classification  False   None Selection   False       SVM        True       <NA>             NA SelectFromModel   NA      <NA>        <NA> -1.298   poly            NA                     <NA>                   NA           NA      <NA>               NA   <NA>    NA            NA       NA       <NA>          NA    <NA>            NA               NA      NA   <NA>       <NA>          <NA>    <NA>             <NA>                   <NA> DecisionTree                     <NA>                   NA             NA        median       NA       <NA>      2 -0.436              NA              <NA>                 NA       NA       NA      NA       47

# 2020-06-30 07:13:14 BRT: Elite configurations (first number is the configuration ID; listed from best to worst according to the sum of ranks):
         dataset  job_id cutoff metafolds           task sparse f_eng1     f_eng2 scaling          algorithm pre_scaling extraction ext_components       selection    lr_C lr_solver multi_class      C kernel rf_estimators criterion_classification criterion_regression max_features max_depth min_samples_leaf solver alpha hidden_layers neurons1 activation n_neighbors weights ab_estimators ab_learning_rate ab_loss whiten svd_solver ica_algorithm ica_fun dl_fit_algorithm dl_transform_algorithm    sel_model sel_score_classification sel_score_regression sel_percentile sel_threshold max_iter lr_penalty degree  gamma max_depth_value mlp_learning_rate learning_rate_init neurons2 neurons3 lr_dual
65 fashion-mnist 1545520     20         1 classification  False   None  Selection   False                SVM        True       <NA>             NA SelectFromModel      NA      <NA>        <NA> -1.298   poly            NA                     <NA>                   NA           NA      <NA>               NA   <NA>    NA            NA       NA       <NA>          NA    <NA>            NA               NA      NA   <NA>       <NA>          <NA>    <NA>             <NA>                   <NA> DecisionTree                     <NA>                   NA             NA        median       NA       <NA>      2 -0.436              NA              <NA>                 NA       NA       NA      NA
47 fashion-mnist 1545520     20         1 classification  False   None Extraction    True LogisticRegression        True    FastICA         0.1983            <NA> -0.8163     lbfgs multinomial     NA   <NA>            NA                     <NA>                   NA           NA      <NA>               NA   <NA>    NA            NA       NA       <NA>          NA    <NA>            NA               NA      NA   <NA>       <NA>     deflation    cube             <NA>                   <NA>         <NA>                     <NA>                   NA             NA          <NA>      153       <NA>     NA     NA              NA              <NA>                 NA       NA       NA      NA
# 2020-06-30 07:13:14 BRT: Iteration 4 of 7
# experimentsUsedSoFar: 634
# remainingBudget: 1366
# currentBudget: 341
# nbConfigurations: 39
  Markers:
     x No test is performed.
     - The test is performed and some configurations are discarded.
     = The test is performed but no configuration is discarded.
     ! The test is performed and configurations could be discarded but elite configurations are preserved.
     . All alive configurations are elite and nothing is discarded

+-+-----------+-----------+-----------+---------------+-----------+--------+-----+----+------+
| |   Instance|      Alive|       Best|      Mean best| Exp so far|  W time|  rho|KenW|  Qvar|
+-+-----------+-----------+-----------+---------------+-----------+--------+-----+----+------+
|x|          8|         39|         65|  -0.8166666667|         39|00:24:01|   NA|  NA|    NA|
|x|          2|         39|         65|  -0.8208333333|         76|00:22:40|+1.00|1.00|0.0000|
|x|          1|         39|         65|  -0.8233333333|        113|00:22:42|+1.00|1.00|0.0000|
|x|          5|         39|         65|  -0.8230833333|        150|00:22:40|+1.00|1.00|0.0000|
|!|          4|          4|        139|  -0.8250666667|        187|00:22:42|+0.60|0.68|0.0227|
+-+-----------+-----------+-----------+---------------+-----------+--------+-----+----+------+
Best-so-far configuration:          65    mean value:   -0.8267500000
Description of the best-so-far configuration:
   .ID.       dataset  job_id cutoff metafolds           task sparse f_eng1    f_eng2 scaling algorithm pre_scaling extraction ext_components       selection lr_C lr_solver multi_class      C kernel rf_estimators criterion_classification criterion_regression max_features max_depth min_samples_leaf solver alpha hidden_layers neurons1 activation n_neighbors weights ab_estimators ab_learning_rate ab_loss whiten svd_solver ica_algorithm ica_fun dl_fit_algorithm dl_transform_algorithm    sel_model sel_score_classification sel_score_regression sel_percentile sel_threshold max_iter lr_penalty degree  gamma max_depth_value mlp_learning_rate learning_rate_init neurons2 neurons3 lr_dual .PARENT.
65   65 fashion-mnist 1545520     20         1 classification  False   None Selection   False       SVM        True       <NA>             NA SelectFromModel   NA      <NA>        <NA> -1.298   poly            NA                     <NA>                   NA           NA      <NA>               NA   <NA>    NA            NA       NA       <NA>          NA    <NA>            NA               NA      NA   <NA>       <NA>          <NA>    <NA>             <NA>                   <NA> DecisionTree                     <NA>                   NA             NA        median       NA       <NA>      2 -0.436              NA              <NA>                 NA       NA       NA      NA       47

# 2020-06-30 09:08:04 BRT: Elite configurations (first number is the configuration ID; listed from best to worst according to the sum of ranks):
          dataset  job_id cutoff metafolds           task sparse f_eng1     f_eng2 scaling          algorithm pre_scaling extraction ext_components       selection    lr_C lr_solver multi_class       C kernel rf_estimators criterion_classification criterion_regression max_features max_depth min_samples_leaf solver alpha hidden_layers neurons1 activation n_neighbors weights ab_estimators ab_learning_rate ab_loss whiten svd_solver ica_algorithm ica_fun dl_fit_algorithm dl_transform_algorithm    sel_model sel_score_classification sel_score_regression sel_percentile sel_threshold max_iter lr_penalty degree   gamma max_depth_value mlp_learning_rate learning_rate_init neurons2 neurons3 lr_dual
65  fashion-mnist 1545520     20         1 classification  False   None  Selection   False                SVM        True       <NA>             NA SelectFromModel      NA      <NA>        <NA> -1.2980   poly            NA                     <NA>                   NA           NA      <NA>               NA   <NA>    NA            NA       NA       <NA>          NA    <NA>            NA               NA      NA   <NA>       <NA>          <NA>    <NA>             <NA>                   <NA> DecisionTree                     <NA>                   NA             NA        median       NA       <NA>      2 -0.4360              NA              <NA>                 NA       NA       NA      NA
47  fashion-mnist 1545520     20         1 classification  False   None Extraction    True LogisticRegression        True    FastICA         0.1983            <NA> -0.8163     lbfgs multinomial      NA   <NA>            NA                     <NA>                   NA           NA      <NA>               NA   <NA>    NA            NA       NA       <NA>          NA    <NA>            NA               NA      NA   <NA>       <NA>     deflation    cube             <NA>                   <NA>         <NA>                     <NA>                   NA             NA          <NA>      153       <NA>     NA      NA              NA              <NA>                 NA       NA       NA      NA
139 fashion-mnist 1545520     20         1 classification  False   None Extraction   False                SVM        True        PCA         0.4819            <NA>      NA      <NA>        <NA> -2.2522 linear            NA                     <NA>                   NA           NA      <NA>               NA   <NA>    NA            NA       NA       <NA>          NA    <NA>            NA               NA      NA  False       full          <NA>    <NA>             <NA>                   <NA>         <NA>                     <NA>                   NA             NA          <NA>       NA       <NA>     NA      NA              NA              <NA>                 NA       NA       NA      NA
153 fashion-mnist 1545520     20         1 classification  False   None  Selection   False                SVM        True       <NA>             NA SelectFromModel      NA      <NA>        <NA> -1.5440   poly            NA                     <NA>                   NA           NA      <NA>               NA   <NA>    NA            NA       NA       <NA>          NA    <NA>            NA               NA      NA   <NA>       <NA>          <NA>    <NA>             <NA>                   <NA> DecisionTree                     <NA>                   NA             NA        median       NA       <NA>      2 -0.1729              NA              <NA>                 NA       NA       NA      NA
# 2020-06-30 09:08:04 BRT: Iteration 5 of 7
# experimentsUsedSoFar: 821
# remainingBudget: 1179
# currentBudget: 393
# nbConfigurations: 42
  Markers:
     x No test is performed.
     - The test is performed and some configurations are discarded.
     = The test is performed but no configuration is discarded.
     ! The test is performed and configurations could be discarded but elite configurations are preserved.
     . All alive configurations are elite and nothing is discarded

+-+-----------+-----------+-----------+---------------+-----------+--------+-----+----+------+
| |   Instance|      Alive|       Best|      Mean best| Exp so far|  W time|  rho|KenW|  Qvar|
+-+-----------+-----------+-----------+---------------+-----------+--------+-----+----+------+
|x|          9|         42|        139|  -0.8270000000|         42|00:23:15|   NA|  NA|    NA|
|x|          2|         42|        139|  -0.8273333333|         80|00:22:01|+0.98|0.99|0.2944|
|x|          6|         42|        192|  -0.8277777778|        120|00:22:45|+0.98|0.99|0.1963|
|x|          8|         42|        192|  -0.8259166667|        158|00:22:25|+0.98|0.98|0.1963|
|!|          1|          5|        192|  -0.8264666667|        196|00:22:23|+0.67|0.74|0.1051|
+-+-----------+-----------+-----------+---------------+-----------+--------+-----+----+------+
Best-so-far configuration:          65    mean value:   -0.8251481481
Description of the best-so-far configuration:
   .ID.       dataset  job_id cutoff metafolds           task sparse f_eng1    f_eng2 scaling algorithm pre_scaling extraction ext_components       selection lr_C lr_solver multi_class      C kernel rf_estimators criterion_classification criterion_regression max_features max_depth min_samples_leaf solver alpha hidden_layers neurons1 activation n_neighbors weights ab_estimators ab_learning_rate ab_loss whiten svd_solver ica_algorithm ica_fun dl_fit_algorithm dl_transform_algorithm    sel_model sel_score_classification sel_score_regression sel_percentile sel_threshold max_iter lr_penalty degree  gamma max_depth_value mlp_learning_rate learning_rate_init neurons2 neurons3 lr_dual .PARENT.
65   65 fashion-mnist 1545520     20         1 classification  False   None Selection   False       SVM        True       <NA>             NA SelectFromModel   NA      <NA>        <NA> -1.298   poly            NA                     <NA>                   NA           NA      <NA>               NA   <NA>    NA            NA       NA       <NA>          NA    <NA>            NA               NA      NA   <NA>       <NA>          <NA>    <NA>             <NA>                   <NA> DecisionTree                     <NA>                   NA             NA        median       NA       <NA>      2 -0.436              NA              <NA>                 NA       NA       NA      NA       47

# 2020-06-30 11:00:57 BRT: Elite configurations (first number is the configuration ID; listed from best to worst according to the sum of ranks):
          dataset  job_id cutoff metafolds           task sparse f_eng1     f_eng2 scaling          algorithm pre_scaling extraction ext_components       selection    lr_C lr_solver multi_class       C kernel rf_estimators criterion_classification criterion_regression max_features max_depth min_samples_leaf solver   alpha hidden_layers neurons1 activation n_neighbors weights ab_estimators ab_learning_rate ab_loss whiten svd_solver ica_algorithm ica_fun dl_fit_algorithm dl_transform_algorithm    sel_model sel_score_classification sel_score_regression sel_percentile sel_threshold max_iter lr_penalty degree   gamma max_depth_value mlp_learning_rate learning_rate_init neurons2 neurons3 lr_dual
65  fashion-mnist 1545520     20         1 classification  False   None  Selection   False                SVM        True       <NA>             NA SelectFromModel      NA      <NA>        <NA> -1.2980   poly            NA                     <NA>                   NA           NA      <NA>               NA   <NA>      NA            NA       NA       <NA>          NA    <NA>            NA               NA      NA   <NA>       <NA>          <NA>    <NA>             <NA>                   <NA> DecisionTree                     <NA>                   NA             NA        median       NA       <NA>      2 -0.4360              NA              <NA>                 NA       NA       NA      NA
47  fashion-mnist 1545520     20         1 classification  False   None Extraction    True LogisticRegression        True    FastICA         0.1983            <NA> -0.8163     lbfgs multinomial      NA   <NA>            NA                     <NA>                   NA           NA      <NA>               NA   <NA>      NA            NA       NA       <NA>          NA    <NA>            NA               NA      NA   <NA>       <NA>     deflation    cube             <NA>                   <NA>         <NA>                     <NA>                   NA             NA          <NA>      153       <NA>     NA      NA              NA              <NA>                 NA       NA       NA      NA
139 fashion-mnist 1545520     20         1 classification  False   None Extraction   False                SVM        True        PCA         0.4819            <NA>      NA      <NA>        <NA> -2.2522 linear            NA                     <NA>                   NA           NA      <NA>               NA   <NA>      NA            NA       NA       <NA>          NA    <NA>            NA               NA      NA  False       full          <NA>    <NA>             <NA>                   <NA>         <NA>                     <NA>                   NA             NA          <NA>       NA       <NA>     NA      NA              NA              <NA>                 NA       NA       NA      NA
153 fashion-mnist 1545520     20         1 classification  False   None  Selection   False                SVM        True       <NA>             NA SelectFromModel      NA      <NA>        <NA> -1.5440   poly            NA                     <NA>                   NA           NA      <NA>               NA   <NA>      NA            NA       NA       <NA>          NA    <NA>            NA               NA      NA   <NA>       <NA>          <NA>    <NA>             <NA>                   <NA> DecisionTree                     <NA>                   NA             NA        median       NA       <NA>      2 -0.1729              NA              <NA>                 NA       NA       NA      NA
192 fashion-mnist 1545520     20         1 classification  False   None  Selection   False                MLP        True       <NA>             NA SelectFromModel      NA      <NA>        <NA>      NA   <NA>            NA                     <NA>                   NA           NA      <NA>               NA  lbfgs -1.0473             1       93   logistic          NA    <NA>            NA               NA      NA   <NA>       <NA>          <NA>    <NA>             <NA>                   <NA> DecisionTree                     <NA>                   NA             NA        median       NA       <NA>     NA      NA              NA              <NA>                 NA       NA       NA      NA
# 2020-06-30 11:00:57 BRT: Iteration 6 of 7
# experimentsUsedSoFar: 1017
# remainingBudget: 983
# currentBudget: 491
# nbConfigurations: 53
  Markers:
     x No test is performed.
     - The test is performed and some configurations are discarded.
     = The test is performed but no configuration is discarded.
     ! The test is performed and configurations could be discarded but elite configurations are preserved.
     . All alive configurations are elite and nothing is discarded

+-+-----------+-----------+-----------+---------------+-----------+--------+-----+----+------+
| |   Instance|      Alive|       Best|      Mean best| Exp so far|  W time|  rho|KenW|  Qvar|
+-+-----------+-----------+-----------+---------------+-----------+--------+-----+----+------+
|x|         10|         53|         65|  -0.8410000000|         53|00:20:00|   NA|  NA|    NA|
|x|          7|         53|         65|  -0.8373333333|        104|00:20:01|+0.98|0.99|0.0000|
|x|          2|         53|        139|  -0.8347777778|        152|00:20:01|+0.98|0.98|0.0000|
|x|          8|         53|        139|  -0.8297500000|        200|00:20:00|+0.97|0.98|0.0000|
|!|          4|          7|        192|  -0.8295333333|        249|00:20:00|+0.35|0.48|0.0563|
+-+-----------+-----------+-----------+---------------+-----------+--------+-----+----+------+
Best-so-far configuration:          65    mean value:   -0.8267333333
Description of the best-so-far configuration:
   .ID.       dataset  job_id cutoff metafolds           task sparse f_eng1    f_eng2 scaling algorithm pre_scaling extraction ext_components       selection lr_C lr_solver multi_class      C kernel rf_estimators criterion_classification criterion_regression max_features max_depth min_samples_leaf solver alpha hidden_layers neurons1 activation n_neighbors weights ab_estimators ab_learning_rate ab_loss whiten svd_solver ica_algorithm ica_fun dl_fit_algorithm dl_transform_algorithm    sel_model sel_score_classification sel_score_regression sel_percentile sel_threshold max_iter lr_penalty degree  gamma max_depth_value mlp_learning_rate learning_rate_init neurons2 neurons3 lr_dual .PARENT.
65   65 fashion-mnist 1545520     20         1 classification  False   None Selection   False       SVM        True       <NA>             NA SelectFromModel   NA      <NA>        <NA> -1.298   poly            NA                     <NA>                   NA           NA      <NA>               NA   <NA>    NA            NA       NA       <NA>          NA    <NA>            NA               NA      NA   <NA>       <NA>          <NA>    <NA>             <NA>                   <NA> DecisionTree                     <NA>                   NA             NA        median       NA       <NA>      2 -0.436              NA              <NA>                 NA       NA       NA      NA       47

# 2020-06-30 12:41:03 BRT: Elite configurations (first number is the configuration ID; listed from best to worst according to the sum of ranks):
          dataset  job_id cutoff metafolds           task sparse f_eng1     f_eng2 scaling          algorithm pre_scaling extraction ext_components       selection    lr_C lr_solver multi_class       C kernel rf_estimators criterion_classification criterion_regression max_features max_depth min_samples_leaf solver   alpha hidden_layers neurons1 activation n_neighbors weights ab_estimators ab_learning_rate ab_loss whiten svd_solver ica_algorithm ica_fun dl_fit_algorithm dl_transform_algorithm    sel_model sel_score_classification sel_score_regression sel_percentile sel_threshold max_iter lr_penalty degree   gamma max_depth_value mlp_learning_rate learning_rate_init neurons2 neurons3 lr_dual
65  fashion-mnist 1545520     20         1 classification  False   None  Selection   False                SVM        True       <NA>             NA SelectFromModel      NA      <NA>        <NA> -1.2980   poly            NA                     <NA>                   NA           NA      <NA>               NA   <NA>      NA            NA       NA       <NA>          NA    <NA>            NA               NA      NA   <NA>       <NA>          <NA>    <NA>             <NA>                   <NA> DecisionTree                     <NA>                   NA             NA        median       NA       <NA>      2 -0.4360              NA              <NA>                 NA       NA       NA      NA
47  fashion-mnist 1545520     20         1 classification  False   None Extraction    True LogisticRegression        True    FastICA         0.1983            <NA> -0.8163     lbfgs multinomial      NA   <NA>            NA                     <NA>                   NA           NA      <NA>               NA   <NA>      NA            NA       NA       <NA>          NA    <NA>            NA               NA      NA   <NA>       <NA>     deflation    cube             <NA>                   <NA>         <NA>                     <NA>                   NA             NA          <NA>      153       <NA>     NA      NA              NA              <NA>                 NA       NA       NA      NA
139 fashion-mnist 1545520     20         1 classification  False   None Extraction   False                SVM        True        PCA         0.4819            <NA>      NA      <NA>        <NA> -2.2522 linear            NA                     <NA>                   NA           NA      <NA>               NA   <NA>      NA            NA       NA       <NA>          NA    <NA>            NA               NA      NA  False       full          <NA>    <NA>             <NA>                   <NA>         <NA>                     <NA>                   NA             NA          <NA>       NA       <NA>     NA      NA              NA              <NA>                 NA       NA       NA      NA
153 fashion-mnist 1545520     20         1 classification  False   None  Selection   False                SVM        True       <NA>             NA SelectFromModel      NA      <NA>        <NA> -1.5440   poly            NA                     <NA>                   NA           NA      <NA>               NA   <NA>      NA            NA       NA       <NA>          NA    <NA>            NA               NA      NA   <NA>       <NA>          <NA>    <NA>             <NA>                   <NA> DecisionTree                     <NA>                   NA             NA        median       NA       <NA>      2 -0.1729              NA              <NA>                 NA       NA       NA      NA
192 fashion-mnist 1545520     20         1 classification  False   None  Selection   False                MLP        True       <NA>             NA SelectFromModel      NA      <NA>        <NA>      NA   <NA>            NA                     <NA>                   NA           NA      <NA>               NA  lbfgs -1.0473             1       93   logistic          NA    <NA>            NA               NA      NA   <NA>       <NA>          <NA>    <NA>             <NA>                   <NA> DecisionTree                     <NA>                   NA             NA        median       NA       <NA>     NA      NA              NA              <NA>                 NA       NA       NA      NA
227 fashion-mnist 1545520     20         1 classification  False   None  Selection   False                SVM        True       <NA>             NA SelectFromModel      NA      <NA>        <NA> -2.2004   poly            NA                     <NA>                   NA           NA      <NA>               NA   <NA>      NA            NA       NA       <NA>          NA    <NA>            NA               NA      NA   <NA>       <NA>          <NA>    <NA>             <NA>                   <NA> DecisionTree                     <NA>                   NA             NA        median       NA       <NA>      2 -0.0965              NA              <NA>                 NA       NA       NA      NA
244 fashion-mnist 1545520     20         1 classification  False   None  Selection   False                SVM        True       <NA>             NA SelectFromModel      NA      <NA>        <NA>  2.9516   poly            NA                     <NA>                   NA           NA      <NA>               NA   <NA>      NA            NA       NA       <NA>          NA    <NA>            NA               NA      NA   <NA>       <NA>          <NA>    <NA>             <NA>                   <NA> DecisionTree                     <NA>                   NA             NA        median       NA       <NA>      2 -2.1051              NA              <NA>                 NA       NA       NA      NA
# 2020-06-30 12:41:03 BRT: Iteration 7 of 7
# experimentsUsedSoFar: 1266
# remainingBudget: 734
# currentBudget: 734
# nbConfigurations: 73
  Markers:
     x No test is performed.
     - The test is performed and some configurations are discarded.
     = The test is performed but no configuration is discarded.
     ! The test is performed and configurations could be discarded but elite configurations are preserved.
     . All alive configurations are elite and nothing is discarded

+-+-----------+-----------+-----------+---------------+-----------+--------+-----+----+------+
| |   Instance|      Alive|       Best|      Mean best| Exp so far|  W time|  rho|KenW|  Qvar|
+-+-----------+-----------+-----------+---------------+-----------+--------+-----+----+------+
|x|         11|         73|        139|  -0.8380000000|         73|00:21:10|   NA|  NA|    NA|
|x|          6|         73|        192|  -0.8331666667|        141|00:19:58|+0.97|0.98|0.0020|
|x|          8|         73|        192|  -0.8288888889|        207|00:19:51|+0.97|0.98|0.0022|
|x|          5|         73|        297|  -0.8279166667|        276|00:20:40|+0.97|0.98|0.0020|
|!|          9|         11|        297|  -0.8278000000|        344|00:20:11|+0.28|0.42|0.1875|
|-|          1|         11|        297|  -0.8287777778|        350|00:03:14|+0.31|0.42|0.1788|
|!|          2|         10|        297|  -0.8295714286|        354|00:03:09|+0.44|0.52|0.1492|
|-|          7|         10|        297|  -0.8299583333|        357|00:02:08|+0.34|0.43|0.1472|
|-|          4|         10|        297|  -0.8302592593|        360|00:02:03|+0.40|0.46|0.1377|
|-|          3|         10|        297|  -0.8311333333|        368|00:02:54|+0.40|0.46|0.1505|
|!|         10|          5|        297|  -0.8316969697|        371|00:02:07|+0.06|0.14|0.7561|
+-+-----------+-----------+-----------+---------------+-----------+--------+-----+----+------+
Best-so-far configuration:         297    mean value:   -0.8316969697
Description of the best-so-far configuration:
    .ID.       dataset  job_id cutoff metafolds           task sparse f_eng1    f_eng2 scaling algorithm pre_scaling extraction ext_components       selection lr_C lr_solver multi_class  C kernel rf_estimators criterion_classification criterion_regression max_features max_depth min_samples_leaf solver  alpha hidden_layers neurons1 activation n_neighbors weights ab_estimators ab_learning_rate ab_loss whiten svd_solver ica_algorithm ica_fun dl_fit_algorithm dl_transform_algorithm    sel_model sel_score_classification sel_score_regression sel_percentile sel_threshold max_iter lr_penalty degree gamma max_depth_value mlp_learning_rate learning_rate_init neurons2 neurons3 lr_dual .PARENT.
297  297 fashion-mnist 1545520     20         1 classification  False   None Selection   False       MLP        True       <NA>             NA SelectFromModel   NA      <NA>        <NA> NA   <NA>            NA                     <NA>                   NA           NA      <NA>               NA  lbfgs 0.6767             1      127   logistic          NA    <NA>            NA               NA      NA   <NA>       <NA>          <NA>    <NA>             <NA>                   <NA> DecisionTree                     <NA>                   NA             NA        median       NA       <NA>     NA    NA              NA              <NA>                 NA       NA       NA      NA      192

# 2020-06-30 14:38:34 BRT: Elite configurations (first number is the configuration ID; listed from best to worst according to the sum of ranks):
          dataset  job_id cutoff metafolds           task sparse f_eng1     f_eng2 scaling algorithm pre_scaling extraction ext_components       selection lr_C lr_solver multi_class       C kernel rf_estimators criterion_classification criterion_regression max_features max_depth min_samples_leaf solver   alpha hidden_layers neurons1 activation n_neighbors weights ab_estimators ab_learning_rate ab_loss whiten svd_solver ica_algorithm ica_fun dl_fit_algorithm dl_transform_algorithm    sel_model sel_score_classification sel_score_regression sel_percentile sel_threshold max_iter lr_penalty degree gamma max_depth_value mlp_learning_rate learning_rate_init neurons2 neurons3 lr_dual
297 fashion-mnist 1545520     20         1 classification  False   None  Selection   False       MLP        True       <NA>             NA SelectFromModel   NA      <NA>        <NA>      NA   <NA>            NA                     <NA>                   NA           NA      <NA>               NA  lbfgs  0.6767             1      127   logistic          NA    <NA>            NA               NA      NA   <NA>       <NA>          <NA>    <NA>             <NA>                   <NA> DecisionTree                     <NA>                   NA             NA        median       NA       <NA>     NA    NA              NA              <NA>                 NA       NA       NA      NA
303 fashion-mnist 1545520     20         1 classification  False   None  Selection   False       MLP        True       <NA>             NA SelectFromModel   NA      <NA>        <NA>      NA   <NA>            NA                     <NA>                   NA           NA      <NA>               NA  lbfgs  0.8198             1      169   logistic          NA    <NA>            NA               NA      NA   <NA>       <NA>          <NA>    <NA>             <NA>                   <NA> DecisionTree                     <NA>                   NA             NA        median       NA       <NA>     NA    NA              NA              <NA>                 NA       NA       NA      NA
192 fashion-mnist 1545520     20         1 classification  False   None  Selection   False       MLP        True       <NA>             NA SelectFromModel   NA      <NA>        <NA>      NA   <NA>            NA                     <NA>                   NA           NA      <NA>               NA  lbfgs -1.0473             1       93   logistic          NA    <NA>            NA               NA      NA   <NA>       <NA>          <NA>    <NA>             <NA>                   <NA> DecisionTree                     <NA>                   NA             NA        median       NA       <NA>     NA    NA              NA              <NA>                 NA       NA       NA      NA
139 fashion-mnist 1545520     20         1 classification  False   None Extraction   False       SVM        True        PCA         0.4819            <NA>   NA      <NA>        <NA> -2.2522 linear            NA                     <NA>                   NA           NA      <NA>               NA   <NA>      NA            NA       NA       <NA>          NA    <NA>            NA               NA      NA  False       full          <NA>    <NA>             <NA>                   <NA>         <NA>                     <NA>                   NA             NA          <NA>       NA       <NA>     NA    NA              NA              <NA>                 NA       NA       NA      NA
262 fashion-mnist 1545520     20         1 classification  False   None Extraction   False       SVM        True        PCA         0.9569            <NA>   NA      <NA>        <NA> -2.3703 linear            NA                     <NA>                   NA           NA      <NA>               NA   <NA>      NA            NA       NA       <NA>          NA    <NA>            NA               NA      NA  False       full          <NA>    <NA>             <NA>                   <NA>         <NA>                     <NA>                   NA             NA          <NA>       NA       <NA>     NA    NA              NA              <NA>                 NA       NA       NA      NA
# 2020-06-30 14:38:34 BRT: Iteration 8 of 8
# experimentsUsedSoFar: 1637
# remainingBudget: 363
# currentBudget: 363
# nbConfigurations: 34
  Markers:
     x No test is performed.
     - The test is performed and some configurations are discarded.
     = The test is performed but no configuration is discarded.
     ! The test is performed and configurations could be discarded but elite configurations are preserved.
     . All alive configurations are elite and nothing is discarded

+-+-----------+-----------+-----------+---------------+-----------+--------+-----+----+------+
| |   Instance|      Alive|       Best|      Mean best| Exp so far|  W time|  rho|KenW|  Qvar|
+-+-----------+-----------+-----------+---------------+-----------+--------+-----+----+------+
|x|         12|         34|        323|  -0.8366666667|         34|00:20:24|   NA|  NA|    NA|
|x|          1|         34|        297|  -0.8331666667|         63|00:20:02|+0.75|0.87|0.1791|
|x|          8|         34|        297|  -0.8302222222|         92|00:20:01|+0.80|0.87|0.1194|
|x|          2|         34|        297|  -0.8312500000|        121|00:20:02|+0.83|0.87|0.0895|
|!|          6|         12|        297|  -0.8299333333|        150|00:20:01|+0.16|0.33|0.8093|
|=|          5|         12|        297|  -0.8293333333|        157|00:04:39|+0.10|0.25|0.8524|
|-|         10|         12|        319|  -0.8304761905|        164|00:04:29|+0.16|0.28|0.7983|
|=|         11|         12|        319|  -0.8310000000|        171|00:04:22|+0.08|0.20|0.8403|
|=|          9|         12|        319|  -0.8306666667|        178|00:04:31|+0.07|0.18|0.8677|
|=|          7|         12|        319|  -0.8314000000|        185|00:04:29|+0.06|0.15|0.8687|
|!|          4|         10|        319|  -0.8317272727|        192|00:04:32|+0.08|0.17|0.8615|
|!|          3|          7|        319|  -0.8324166667|        197|00:03:11|-0.04|0.05|0.8782|
+-+-----------+-----------+-----------+---------------+-----------+--------+-----+----+------+
Best-so-far configuration:         319    mean value:   -0.8324166667
Description of the best-so-far configuration:
    .ID.       dataset  job_id cutoff metafolds           task sparse f_eng1    f_eng2 scaling algorithm pre_scaling extraction ext_components       selection lr_C lr_solver multi_class  C kernel rf_estimators criterion_classification criterion_regression max_features max_depth min_samples_leaf solver   alpha hidden_layers neurons1 activation n_neighbors weights ab_estimators ab_learning_rate ab_loss whiten svd_solver ica_algorithm ica_fun dl_fit_algorithm dl_transform_algorithm    sel_model sel_score_classification sel_score_regression sel_percentile sel_threshold max_iter lr_penalty degree gamma max_depth_value mlp_learning_rate learning_rate_init neurons2 neurons3 lr_dual .PARENT.
319  319 fashion-mnist 1545520     20         1 classification  False   None Selection   False       MLP        True       <NA>             NA SelectFromModel   NA      <NA>        <NA> NA   <NA>            NA                     <NA>                   NA           NA      <NA>               NA  lbfgs -0.6796             1      176   logistic          NA    <NA>            NA               NA      NA   <NA>       <NA>          <NA>    <NA>             <NA>                   <NA> DecisionTree                     <NA>                   NA             NA        median       NA       <NA>     NA    NA              NA              <NA>                 NA       NA       NA      NA      192

# 2020-06-30 16:49:24 BRT: Elite configurations (first number is the configuration ID; listed from best to worst according to the sum of ranks):
          dataset  job_id cutoff metafolds           task sparse f_eng1    f_eng2 scaling algorithm pre_scaling extraction ext_components       selection lr_C lr_solver multi_class  C kernel rf_estimators criterion_classification criterion_regression max_features max_depth min_samples_leaf solver   alpha hidden_layers neurons1 activation n_neighbors weights ab_estimators ab_learning_rate ab_loss whiten svd_solver ica_algorithm ica_fun dl_fit_algorithm dl_transform_algorithm    sel_model sel_score_classification sel_score_regression sel_percentile sel_threshold max_iter lr_penalty degree gamma max_depth_value mlp_learning_rate learning_rate_init neurons2 neurons3 lr_dual
319 fashion-mnist 1545520     20         1 classification  False   None Selection   False       MLP        True       <NA>             NA SelectFromModel   NA      <NA>        <NA> NA   <NA>            NA                     <NA>                   NA           NA      <NA>               NA  lbfgs -0.6796             1      176   logistic          NA    <NA>            NA               NA      NA   <NA>       <NA>          <NA>    <NA>             <NA>                   <NA> DecisionTree                     <NA>                   NA             NA        median       NA       <NA>     NA    NA              NA              <NA>                 NA       NA       NA      NA
323 fashion-mnist 1545520     20         1 classification  False   None Selection   False       MLP        True       <NA>             NA SelectFromModel   NA      <NA>        <NA> NA   <NA>            NA                     <NA>                   NA           NA      <NA>               NA  lbfgs -0.7255             1      194   logistic          NA    <NA>            NA               NA      NA   <NA>       <NA>          <NA>    <NA>             <NA>                   <NA> DecisionTree                     <NA>                   NA             NA        median       NA       <NA>     NA    NA              NA              <NA>                 NA       NA       NA      NA
324 fashion-mnist 1545520     20         1 classification  False   None Selection   False       MLP        True       <NA>             NA SelectFromModel   NA      <NA>        <NA> NA   <NA>            NA                     <NA>                   NA           NA      <NA>               NA  lbfgs -0.9300             1      137   logistic          NA    <NA>            NA               NA      NA   <NA>       <NA>          <NA>    <NA>             <NA>                   <NA> DecisionTree                     <NA>                   NA             NA        median       NA       <NA>     NA    NA              NA              <NA>                 NA       NA       NA      NA
327 fashion-mnist 1545520     20         1 classification  False   None Selection   False       MLP        True       <NA>             NA SelectFromModel   NA      <NA>        <NA> NA   <NA>            NA                     <NA>                   NA           NA      <NA>               NA  lbfgs -0.3854             1      133   logistic          NA    <NA>            NA               NA      NA   <NA>       <NA>          <NA>    <NA>             <NA>                   <NA> DecisionTree                     <NA>                   NA             NA        median       NA       <NA>     NA    NA              NA              <NA>                 NA       NA       NA      NA
303 fashion-mnist 1545520     20         1 classification  False   None Selection   False       MLP        True       <NA>             NA SelectFromModel   NA      <NA>        <NA> NA   <NA>            NA                     <NA>                   NA           NA      <NA>               NA  lbfgs  0.8198             1      169   logistic          NA    <NA>            NA               NA      NA   <NA>       <NA>          <NA>    <NA>             <NA>                   <NA> DecisionTree                     <NA>                   NA             NA        median       NA       <NA>     NA    NA              NA              <NA>                 NA       NA       NA      NA
297 fashion-mnist 1545520     20         1 classification  False   None Selection   False       MLP        True       <NA>             NA SelectFromModel   NA      <NA>        <NA> NA   <NA>            NA                     <NA>                   NA           NA      <NA>               NA  lbfgs  0.6767             1      127   logistic          NA    <NA>            NA               NA      NA   <NA>       <NA>          <NA>    <NA>             <NA>                   <NA> DecisionTree                     <NA>                   NA             NA        median       NA       <NA>     NA    NA              NA              <NA>                 NA       NA       NA      NA
192 fashion-mnist 1545520     20         1 classification  False   None Selection   False       MLP        True       <NA>             NA SelectFromModel   NA      <NA>        <NA> NA   <NA>            NA                     <NA>                   NA           NA      <NA>               NA  lbfgs -1.0473             1       93   logistic          NA    <NA>            NA               NA      NA   <NA>       <NA>          <NA>    <NA>             <NA>                   <NA> DecisionTree                     <NA>                   NA             NA        median       NA       <NA>     NA    NA              NA              <NA>                 NA       NA       NA      NA
# 2020-06-30 16:49:24 BRT: Iteration 9 of 9
# experimentsUsedSoFar: 1834
# remainingBudget: 166
# currentBudget: 166
# nbConfigurations: 19
  Markers:
     x No test is performed.
     - The test is performed and some configurations are discarded.
     = The test is performed but no configuration is discarded.
     ! The test is performed and configurations could be discarded but elite configurations are preserved.
     . All alive configurations are elite and nothing is discarded

+-+-----------+-----------+-----------+---------------+-----------+--------+-----+----+------+
| |   Instance|      Alive|       Best|      Mean best| Exp so far|  W time|  rho|KenW|  Qvar|
+-+-----------+-----------+-----------+---------------+-----------+--------+-----+----+------+
|x|         13|         19|        324|  -0.8440000000|         19|00:14:48|   NA|  NA|    NA|
|x|         12|         19|        323|  -0.8385000000|         31|00:10:24|+0.47|0.74|1.0350|
|x|          2|         19|        323|  -0.8356666667|         43|00:10:05|+0.62|0.74|0.6932|
|x|          8|         19|        324|  -0.8325833333|         55|00:10:20|+0.66|0.75|0.5209|
|!|          3|         10|        324|  -0.8336666667|         67|00:10:18|-0.10|0.12|0.9565|
|=|          4|         10|        323|  -0.8343888889|         70|00:02:47|-0.01|0.15|0.8985|
|=|          6|         10|        323|  -0.8331904762|         73|00:02:40|+0.01|0.15|0.8614|
|=|          9|         10|        319|  -0.8319166667|         76|00:02:42|+0.05|0.17|0.8469|
|=|         10|         10|        319|  -0.8328888889|         79|00:02:39|+0.09|0.19|0.8132|
|=|          5|         10|        319|  -0.8325666667|         82|00:02:39|+0.09|0.18|0.8127|
|!|         11|          8|        319|  -0.8327575758|         85|00:02:36|-0.04|0.06|0.8910|
|=|          7|          8|        319|  -0.8331944444|         86|00:00:24|+0.00|0.09|0.8583|
|=|          1|          8|        319|  -0.8332564103|         87|00:00:24|+0.01|0.08|0.8514|
|=|         14|          8|        319|  -0.8334285714|         95|00:04:55|+0.04|0.11|0.8175|
+-+-----------+-----------+-----------+---------------+-----------+--------+-----+----+------+
Best-so-far configuration:         319    mean value:   -0.8334285714
Description of the best-so-far configuration:
    .ID.       dataset  job_id cutoff metafolds           task sparse f_eng1    f_eng2 scaling algorithm pre_scaling extraction ext_components       selection lr_C lr_solver multi_class  C kernel rf_estimators criterion_classification criterion_regression max_features max_depth min_samples_leaf solver   alpha hidden_layers neurons1 activation n_neighbors weights ab_estimators ab_learning_rate ab_loss whiten svd_solver ica_algorithm ica_fun dl_fit_algorithm dl_transform_algorithm    sel_model sel_score_classification sel_score_regression sel_percentile sel_threshold max_iter lr_penalty degree gamma max_depth_value mlp_learning_rate learning_rate_init neurons2 neurons3 lr_dual .PARENT.
319  319 fashion-mnist 1545520     20         1 classification  False   None Selection   False       MLP        True       <NA>             NA SelectFromModel   NA      <NA>        <NA> NA   <NA>            NA                     <NA>                   NA           NA      <NA>               NA  lbfgs -0.6796             1      176   logistic          NA    <NA>            NA               NA      NA   <NA>       <NA>          <NA>    <NA>             <NA>                   <NA> DecisionTree                     <NA>                   NA             NA        median       NA       <NA>     NA    NA              NA              <NA>                 NA       NA       NA      NA      192

# 2020-06-30 18:07:10 BRT: Elite configurations (first number is the configuration ID; listed from best to worst according to the sum of ranks):
          dataset  job_id cutoff metafolds           task sparse f_eng1    f_eng2 scaling algorithm pre_scaling extraction ext_components       selection lr_C lr_solver multi_class  C kernel rf_estimators criterion_classification criterion_regression max_features max_depth min_samples_leaf solver   alpha hidden_layers neurons1 activation n_neighbors weights ab_estimators ab_learning_rate ab_loss whiten svd_solver ica_algorithm ica_fun dl_fit_algorithm dl_transform_algorithm    sel_model sel_score_classification sel_score_regression sel_percentile sel_threshold max_iter lr_penalty degree gamma max_depth_value mlp_learning_rate learning_rate_init neurons2 neurons3 lr_dual
319 fashion-mnist 1545520     20         1 classification  False   None Selection   False       MLP        True       <NA>             NA SelectFromModel   NA      <NA>        <NA> NA   <NA>            NA                     <NA>                   NA           NA      <NA>               NA  lbfgs -0.6796             1      176   logistic          NA    <NA>            NA               NA      NA   <NA>       <NA>          <NA>    <NA>             <NA>                   <NA> DecisionTree                     <NA>                   NA             NA        median       NA       <NA>     NA    NA              NA              <NA>                 NA       NA       NA      NA
323 fashion-mnist 1545520     20         1 classification  False   None Selection   False       MLP        True       <NA>             NA SelectFromModel   NA      <NA>        <NA> NA   <NA>            NA                     <NA>                   NA           NA      <NA>               NA  lbfgs -0.7255             1      194   logistic          NA    <NA>            NA               NA      NA   <NA>       <NA>          <NA>    <NA>             <NA>                   <NA> DecisionTree                     <NA>                   NA             NA        median       NA       <NA>     NA    NA              NA              <NA>                 NA       NA       NA      NA
324 fashion-mnist 1545520     20         1 classification  False   None Selection   False       MLP        True       <NA>             NA SelectFromModel   NA      <NA>        <NA> NA   <NA>            NA                     <NA>                   NA           NA      <NA>               NA  lbfgs -0.9300             1      137   logistic          NA    <NA>            NA               NA      NA   <NA>       <NA>          <NA>    <NA>             <NA>                   <NA> DecisionTree                     <NA>                   NA             NA        median       NA       <NA>     NA    NA              NA              <NA>                 NA       NA       NA      NA
303 fashion-mnist 1545520     20         1 classification  False   None Selection   False       MLP        True       <NA>             NA SelectFromModel   NA      <NA>        <NA> NA   <NA>            NA                     <NA>                   NA           NA      <NA>               NA  lbfgs  0.8198             1      169   logistic          NA    <NA>            NA               NA      NA   <NA>       <NA>          <NA>    <NA>             <NA>                   <NA> DecisionTree                     <NA>                   NA             NA        median       NA       <NA>     NA    NA              NA              <NA>                 NA       NA       NA      NA
327 fashion-mnist 1545520     20         1 classification  False   None Selection   False       MLP        True       <NA>             NA SelectFromModel   NA      <NA>        <NA> NA   <NA>            NA                     <NA>                   NA           NA      <NA>               NA  lbfgs -0.3854             1      133   logistic          NA    <NA>            NA               NA      NA   <NA>       <NA>          <NA>    <NA>             <NA>                   <NA> DecisionTree                     <NA>                   NA             NA        median       NA       <NA>     NA    NA              NA              <NA>                 NA       NA       NA      NA
297 fashion-mnist 1545520     20         1 classification  False   None Selection   False       MLP        True       <NA>             NA SelectFromModel   NA      <NA>        <NA> NA   <NA>            NA                     <NA>                   NA           NA      <NA>               NA  lbfgs  0.6767             1      127   logistic          NA    <NA>            NA               NA      NA   <NA>       <NA>          <NA>    <NA>             <NA>                   <NA> DecisionTree                     <NA>                   NA             NA        median       NA       <NA>     NA    NA              NA              <NA>                 NA       NA       NA      NA
192 fashion-mnist 1545520     20         1 classification  False   None Selection   False       MLP        True       <NA>             NA SelectFromModel   NA      <NA>        <NA> NA   <NA>            NA                     <NA>                   NA           NA      <NA>               NA  lbfgs -1.0473             1       93   logistic          NA    <NA>            NA               NA      NA   <NA>       <NA>          <NA>    <NA>             <NA>                   <NA> DecisionTree                     <NA>                   NA             NA        median       NA       <NA>     NA    NA              NA              <NA>                 NA       NA       NA      NA
# 2020-06-30 18:07:11 BRT: Iteration 10 of 10
# experimentsUsedSoFar: 1929
# remainingBudget: 71
# currentBudget: 71
# nbConfigurations: 11
  Markers:
     x No test is performed.
     - The test is performed and some configurations are discarded.
     = The test is performed but no configuration is discarded.
     ! The test is performed and configurations could be discarded but elite configurations are preserved.
     . All alive configurations are elite and nothing is discarded

+-+-----------+-----------+-----------+---------------+-----------+--------+-----+----+------+
| |   Instance|      Alive|       Best|      Mean best| Exp so far|  W time|  rho|KenW|  Qvar|
+-+-----------+-----------+-----------+---------------+-----------+--------+-----+----+------+
|x|         15|         11|        303|  -0.8330000000|         11|00:07:35|   NA|  NA|    NA|
|x|          9|         11|        303|  -0.8308333333|         15|00:03:07|+0.68|0.84|0.2539|
|x|          3|         11|        303|  -0.8342222222|         19|00:03:02|+0.43|0.62|0.2443|
|x|          6|         11|        303|  -0.8318333333|         23|00:03:07|+0.42|0.57|0.2250|
|!|         12|          9|        192|  -0.8312000000|         27|00:03:07|-0.15|0.08|1.0121|
|=|          2|          9|        303|    715827882.0|         29|00:01:30|-0.12|0.07|0.9829|
|=|          4|          9|        319|  -0.8311904762|         31|00:01:34|-0.13|0.03|0.9907|
|=|          1|          9|        319|  -0.8315416667|         33|00:01:34|-0.08|0.05|0.9414|
|=|          7|          9|        319|  -0.8322592593|         35|00:01:33|-0.08|0.04|0.9345|
|=|         11|          9|        319|  -0.8325000000|         37|00:01:31|-0.08|0.03|0.9317|
|=|          5|          9|        319|  -0.8322424242|         39|00:01:35|-0.05|0.05|0.9043|
|=|         13|          9|        319|  -0.8331666667|         41|00:01:33|-0.02|0.07|0.8736|
|=|         14|          9|        319|  -0.8333589744|         43|00:01:30|+0.01|0.09|0.8477|
|=|         10|          9|        319|  -0.8338809524|         45|00:01:32|+0.04|0.10|0.8258|
|=|          8|          9|        319|  -0.8330666667|         47|00:01:36|+0.04|0.11|0.8201|
|=|         16|          9|        319|  -0.8336666667|         56|00:06:13|+0.05|0.11|0.8198|
+-+-----------+-----------+-----------+---------------+-----------+--------+-----+----+------+
Best-so-far configuration:         319    mean value:   -0.8336666667
Description of the best-so-far configuration:
    .ID.       dataset  job_id cutoff metafolds           task sparse f_eng1    f_eng2 scaling algorithm pre_scaling extraction ext_components       selection lr_C lr_solver multi_class  C kernel rf_estimators criterion_classification criterion_regression max_features max_depth min_samples_leaf solver   alpha hidden_layers neurons1 activation n_neighbors weights ab_estimators ab_learning_rate ab_loss whiten svd_solver ica_algorithm ica_fun dl_fit_algorithm dl_transform_algorithm    sel_model sel_score_classification sel_score_regression sel_percentile sel_threshold max_iter lr_penalty degree gamma max_depth_value mlp_learning_rate learning_rate_init neurons2 neurons3 lr_dual .PARENT.
319  319 fashion-mnist 1545520     20         1 classification  False   None Selection   False       MLP        True       <NA>             NA SelectFromModel   NA      <NA>        <NA> NA   <NA>            NA                     <NA>                   NA           NA      <NA>               NA  lbfgs -0.6796             1      176   logistic          NA    <NA>            NA               NA      NA   <NA>       <NA>          <NA>    <NA>             <NA>                   <NA> DecisionTree                     <NA>                   NA             NA        median       NA       <NA>     NA    NA              NA              <NA>                 NA       NA       NA      NA      192

# 2020-06-30 18:48:58 BRT: Elite configurations (first number is the configuration ID; listed from best to worst according to the sum of ranks):
          dataset  job_id cutoff metafolds           task sparse f_eng1    f_eng2 scaling algorithm pre_scaling extraction ext_components       selection lr_C lr_solver multi_class  C kernel rf_estimators criterion_classification criterion_regression max_features max_depth min_samples_leaf solver   alpha hidden_layers neurons1 activation n_neighbors weights ab_estimators ab_learning_rate ab_loss whiten svd_solver ica_algorithm ica_fun dl_fit_algorithm dl_transform_algorithm    sel_model sel_score_classification sel_score_regression sel_percentile sel_threshold max_iter lr_penalty degree gamma max_depth_value mlp_learning_rate learning_rate_init neurons2 neurons3 lr_dual
319 fashion-mnist 1545520     20         1 classification  False   None Selection   False       MLP        True       <NA>             NA SelectFromModel   NA      <NA>        <NA> NA   <NA>            NA                     <NA>                   NA           NA      <NA>               NA  lbfgs -0.6796             1      176   logistic          NA    <NA>            NA               NA      NA   <NA>       <NA>          <NA>    <NA>             <NA>                   <NA> DecisionTree                     <NA>                   NA             NA        median       NA       <NA>     NA    NA              NA              <NA>                 NA       NA       NA      NA
323 fashion-mnist 1545520     20         1 classification  False   None Selection   False       MLP        True       <NA>             NA SelectFromModel   NA      <NA>        <NA> NA   <NA>            NA                     <NA>                   NA           NA      <NA>               NA  lbfgs -0.7255             1      194   logistic          NA    <NA>            NA               NA      NA   <NA>       <NA>          <NA>    <NA>             <NA>                   <NA> DecisionTree                     <NA>                   NA             NA        median       NA       <NA>     NA    NA              NA              <NA>                 NA       NA       NA      NA
324 fashion-mnist 1545520     20         1 classification  False   None Selection   False       MLP        True       <NA>             NA SelectFromModel   NA      <NA>        <NA> NA   <NA>            NA                     <NA>                   NA           NA      <NA>               NA  lbfgs -0.9300             1      137   logistic          NA    <NA>            NA               NA      NA   <NA>       <NA>          <NA>    <NA>             <NA>                   <NA> DecisionTree                     <NA>                   NA             NA        median       NA       <NA>     NA    NA              NA              <NA>                 NA       NA       NA      NA
303 fashion-mnist 1545520     20         1 classification  False   None Selection   False       MLP        True       <NA>             NA SelectFromModel   NA      <NA>        <NA> NA   <NA>            NA                     <NA>                   NA           NA      <NA>               NA  lbfgs  0.8198             1      169   logistic          NA    <NA>            NA               NA      NA   <NA>       <NA>          <NA>    <NA>             <NA>                   <NA> DecisionTree                     <NA>                   NA             NA        median       NA       <NA>     NA    NA              NA              <NA>                 NA       NA       NA      NA
297 fashion-mnist 1545520     20         1 classification  False   None Selection   False       MLP        True       <NA>             NA SelectFromModel   NA      <NA>        <NA> NA   <NA>            NA                     <NA>                   NA           NA      <NA>               NA  lbfgs  0.6767             1      127   logistic          NA    <NA>            NA               NA      NA   <NA>       <NA>          <NA>    <NA>             <NA>                   <NA> DecisionTree                     <NA>                   NA             NA        median       NA       <NA>     NA    NA              NA              <NA>                 NA       NA       NA      NA
327 fashion-mnist 1545520     20         1 classification  False   None Selection   False       MLP        True       <NA>             NA SelectFromModel   NA      <NA>        <NA> NA   <NA>            NA                     <NA>                   NA           NA      <NA>               NA  lbfgs -0.3854             1      133   logistic          NA    <NA>            NA               NA      NA   <NA>       <NA>          <NA>    <NA>             <NA>                   <NA> DecisionTree                     <NA>                   NA             NA        median       NA       <NA>     NA    NA              NA              <NA>                 NA       NA       NA      NA
360 fashion-mnist 1545520     20         1 classification  False   None Selection   False       MLP        True       <NA>             NA SelectFromModel   NA      <NA>        <NA> NA   <NA>            NA                     <NA>                   NA           NA      <NA>               NA  lbfgs -0.0923             1      194   logistic          NA    <NA>            NA               NA      NA   <NA>       <NA>          <NA>    <NA>             <NA>                   <NA> DecisionTree                     <NA>                   NA             NA        median       NA       <NA>     NA    NA              NA              <NA>                 NA       NA       NA      NA
# 2020-06-30 18:48:58 BRT: Stopped because there is not enough budget left to race more than the minimum (7)
# You may either increase the budget or set 'minNbSurvival' to a lower value
# Iteration: 11
# nbIterations: 11
# experimentsUsedSoFar: 1985
# timeUsed: 0
# remainingBudget: 15
# currentBudget: 15
# number of elites: 7
# nbConfigurations: 7
# Best configurations (first number is the configuration ID; listed from best to worst according to the sum of ranks):
          dataset  job_id cutoff metafolds           task sparse f_eng1    f_eng2 scaling algorithm pre_scaling extraction ext_components       selection lr_C lr_solver multi_class  C kernel rf_estimators criterion_classification criterion_regression max_features max_depth min_samples_leaf solver   alpha hidden_layers neurons1 activation n_neighbors weights ab_estimators ab_learning_rate ab_loss whiten svd_solver ica_algorithm ica_fun dl_fit_algorithm dl_transform_algorithm    sel_model sel_score_classification sel_score_regression sel_percentile sel_threshold max_iter lr_penalty degree gamma max_depth_value mlp_learning_rate learning_rate_init neurons2 neurons3 lr_dual
319 fashion-mnist 1545520     20         1 classification  False   None Selection   False       MLP        True       <NA>             NA SelectFromModel   NA      <NA>        <NA> NA   <NA>            NA                     <NA>                   NA           NA      <NA>               NA  lbfgs -0.6796             1      176   logistic          NA    <NA>            NA               NA      NA   <NA>       <NA>          <NA>    <NA>             <NA>                   <NA> DecisionTree                     <NA>                   NA             NA        median       NA       <NA>     NA    NA              NA              <NA>                 NA       NA       NA      NA
323 fashion-mnist 1545520     20         1 classification  False   None Selection   False       MLP        True       <NA>             NA SelectFromModel   NA      <NA>        <NA> NA   <NA>            NA                     <NA>                   NA           NA      <NA>               NA  lbfgs -0.7255             1      194   logistic          NA    <NA>            NA               NA      NA   <NA>       <NA>          <NA>    <NA>             <NA>                   <NA> DecisionTree                     <NA>                   NA             NA        median       NA       <NA>     NA    NA              NA              <NA>                 NA       NA       NA      NA
324 fashion-mnist 1545520     20         1 classification  False   None Selection   False       MLP        True       <NA>             NA SelectFromModel   NA      <NA>        <NA> NA   <NA>            NA                     <NA>                   NA           NA      <NA>               NA  lbfgs -0.9300             1      137   logistic          NA    <NA>            NA               NA      NA   <NA>       <NA>          <NA>    <NA>             <NA>                   <NA> DecisionTree                     <NA>                   NA             NA        median       NA       <NA>     NA    NA              NA              <NA>                 NA       NA       NA      NA
303 fashion-mnist 1545520     20         1 classification  False   None Selection   False       MLP        True       <NA>             NA SelectFromModel   NA      <NA>        <NA> NA   <NA>            NA                     <NA>                   NA           NA      <NA>               NA  lbfgs  0.8198             1      169   logistic          NA    <NA>            NA               NA      NA   <NA>       <NA>          <NA>    <NA>             <NA>                   <NA> DecisionTree                     <NA>                   NA             NA        median       NA       <NA>     NA    NA              NA              <NA>                 NA       NA       NA      NA
297 fashion-mnist 1545520     20         1 classification  False   None Selection   False       MLP        True       <NA>             NA SelectFromModel   NA      <NA>        <NA> NA   <NA>            NA                     <NA>                   NA           NA      <NA>               NA  lbfgs  0.6767             1      127   logistic          NA    <NA>            NA               NA      NA   <NA>       <NA>          <NA>    <NA>             <NA>                   <NA> DecisionTree                     <NA>                   NA             NA        median       NA       <NA>     NA    NA              NA              <NA>                 NA       NA       NA      NA
327 fashion-mnist 1545520     20         1 classification  False   None Selection   False       MLP        True       <NA>             NA SelectFromModel   NA      <NA>        <NA> NA   <NA>            NA                     <NA>                   NA           NA      <NA>               NA  lbfgs -0.3854             1      133   logistic          NA    <NA>            NA               NA      NA   <NA>       <NA>          <NA>    <NA>             <NA>                   <NA> DecisionTree                     <NA>                   NA             NA        median       NA       <NA>     NA    NA              NA              <NA>                 NA       NA       NA      NA
360 fashion-mnist 1545520     20         1 classification  False   None Selection   False       MLP        True       <NA>             NA SelectFromModel   NA      <NA>        <NA> NA   <NA>            NA                     <NA>                   NA           NA      <NA>               NA  lbfgs -0.0923             1      194   logistic          NA    <NA>            NA               NA      NA   <NA>       <NA>          <NA>    <NA>             <NA>                   <NA> DecisionTree                     <NA>                   NA             NA        median       NA       <NA>     NA    NA              NA              <NA>                 NA       NA       NA      NA
# Best configurations as commandlines (first number is the configuration ID; same order as above):
319  --dataset fashion-mnist --job_id 1545520 --cutoff 20 --metafolds 1 --task classification --sparse False --f_eng1 None --f_eng2 Selection --pre_scaling True --selection SelectFromModel --sel_model DecisionTree --sel_threshold median --scaling False --algorithm MLP --solver lbfgs --alpha -0.6796 --hidden_layers 1 --neurons1 176 --activation logistic
323  --dataset fashion-mnist --job_id 1545520 --cutoff 20 --metafolds 1 --task classification --sparse False --f_eng1 None --f_eng2 Selection --pre_scaling True --selection SelectFromModel --sel_model DecisionTree --sel_threshold median --scaling False --algorithm MLP --solver lbfgs --alpha -0.7255 --hidden_layers 1 --neurons1 194 --activation logistic
324  --dataset fashion-mnist --job_id 1545520 --cutoff 20 --metafolds 1 --task classification --sparse False --f_eng1 None --f_eng2 Selection --pre_scaling True --selection SelectFromModel --sel_model DecisionTree --sel_threshold median --scaling False --algorithm MLP --solver lbfgs --alpha -0.93 --hidden_layers 1 --neurons1 137 --activation logistic
303  --dataset fashion-mnist --job_id 1545520 --cutoff 20 --metafolds 1 --task classification --sparse False --f_eng1 None --f_eng2 Selection --pre_scaling True --selection SelectFromModel --sel_model DecisionTree --sel_threshold median --scaling False --algorithm MLP --solver lbfgs --alpha 0.8198 --hidden_layers 1 --neurons1 169 --activation logistic
297  --dataset fashion-mnist --job_id 1545520 --cutoff 20 --metafolds 1 --task classification --sparse False --f_eng1 None --f_eng2 Selection --pre_scaling True --selection SelectFromModel --sel_model DecisionTree --sel_threshold median --scaling False --algorithm MLP --solver lbfgs --alpha 0.6767 --hidden_layers 1 --neurons1 127 --activation logistic
327  --dataset fashion-mnist --job_id 1545520 --cutoff 20 --metafolds 1 --task classification --sparse False --f_eng1 None --f_eng2 Selection --pre_scaling True --selection SelectFromModel --sel_model DecisionTree --sel_threshold median --scaling False --algorithm MLP --solver lbfgs --alpha -0.3854 --hidden_layers 1 --neurons1 133 --activation logistic
360  --dataset fashion-mnist --job_id 1545520 --cutoff 20 --metafolds 1 --task classification --sparse False --f_eng1 None --f_eng2 Selection --pre_scaling True --selection SelectFromModel --sel_model DecisionTree --sel_threshold median --scaling False --algorithm MLP --solver lbfgs --alpha -0.0923 --hidden_layers 1 --neurons1 194 --activation logistic
