*******************************************************************************
* irace: An implementation in R of Iterated Race
* Version: 3.1.2112M
* Copyright (C) 2010-2018
* Manuel Lopez-Ibanez     <manuel.lopez-ibanez@manchester.ac.uk>
* Jeremie Dubois-Lacoste  
* Leslie Perez Caceres    <leslie.perez.caceres@ulb.ac.be>
*
* This is free software, and you are welcome to redistribute it under certain
* conditions.  See the GNU General Public License for details. There is NO
* WARRANTY; not even for MERCHANTABILITY or FITNESS FOR A PARTICULAR PURPOSE.
*
* irace builds upon previous code from the race package:
*
* race: Racing methods for the selection of the best
* Copyright (C) 2003 Mauro Birattari
*******************************************************************************
# installed at: /home/cemvieira/bin/R/irace
# called with: -s scenario.txt --max-experiments 2000 -p ./fashion-mnist/parameters-1585346.txt --parallel 32 --train-instances-file fashion-mnist/instances.txt --log-file ./output/fashion-mnist/fashion-mnist-3f2k30m-irace-1585346.Rdata
# 8 expression(s) specifying forbidden configurations read from '/home/cemvieira/isklearn/forbidden.txt'
# 2020-08-16 16:28:41 BRT: Initialization
# Elitist race
# Elitist new instances: 1
# Elitist limit: 2
# nbIterations: 7
# minNbSurvival: 7
# nbParameters: 50
# seed: 862024990
# confidence level: 0.95
# budget: 2000
# mu: 5
# deterministic: TRUE

# 2020-08-16 16:28:41 BRT: Iteration 1 of 7
# experimentsUsedSoFar: 0
# remainingBudget: 2000
# currentBudget: 285
# nbConfigurations: 47
  Markers:
     x No test is performed.
     - The test is performed and some configurations are discarded.
     = The test is performed but no configuration is discarded.
     ! The test is performed and configurations could be discarded but elite configurations are preserved.
     . All alive configurations are elite and nothing is discarded

+-+-----------+-----------+-----------+---------------+-----------+--------+-----+----+------+
| |   Instance|      Alive|       Best|      Mean best| Exp so far|  W time|  rho|KenW|  Qvar|
+-+-----------+-----------+-----------+---------------+-----------+--------+-----+----+------+
|x|          1|         47|          3|  -0.8245555556|         47|00:50:17|   NA|  NA|    NA|
|x|          2|         47|          3|  -0.8282777778|         94|00:50:39|+1.00|1.00|0.0000|
|x|          3|         47|          3|  -0.8260370370|        141|00:50:20|+1.00|1.00|0.0000|
|x|          4|         47|          3|  -0.8259166667|        188|00:50:21|+1.00|1.00|0.0000|
|!|          5|          1|          3|  -0.8254888889|        235|00:50:11|   NA|  NA|    NA|
+-+-----------+-----------+-----------+---------------+-----------+--------+-----+----+------+
Best-so-far configuration:           3    mean value:   -0.8254888889
Description of the best-so-far configuration:
  .ID.       dataset  job_id cutoff metafolds           task sparse f_eng1 f_eng2 scaling          algorithm pre_scaling extraction ext_components selection   lr_C lr_solver multi_class  C kernel rf_estimators criterion_classification criterion_regression max_features max_depth min_samples_leaf solver alpha hidden_layers neurons1 activation n_neighbors weights ab_estimators ab_learning_rate ab_loss whiten svd_solver ica_algorithm ica_fun dl_fit_algorithm dl_transform_algorithm sel_model sel_score_classification sel_score_regression sel_percentile sel_threshold max_iter lr_penalty degree gamma max_depth_value mlp_learning_rate learning_rate_init neurons2 neurons3 lr_dual .PARENT.
3    3 fashion-mnist 1585346     30         3 classification  False   none   none    True LogisticRegression        <NA>       <NA>             NA      <NA> -1.487     lbfgs         ovr NA   <NA>            NA                     <NA>                   NA           NA      <NA>               NA   <NA>    NA            NA       NA       <NA>          NA    <NA>            NA               NA      NA   <NA>       <NA>          <NA>    <NA>             <NA>                   <NA>      <NA>                     <NA>                   NA             NA          <NA>      687       <NA>     NA    NA              NA              <NA>                 NA       NA       NA    <NA>       NA

# 2020-08-16 20:40:34 BRT: Elite configurations (first number is the configuration ID; listed from best to worst according to the sum of ranks):
        dataset  job_id cutoff metafolds           task sparse f_eng1 f_eng2 scaling          algorithm pre_scaling extraction ext_components selection   lr_C lr_solver multi_class  C kernel rf_estimators criterion_classification criterion_regression max_features max_depth min_samples_leaf solver alpha hidden_layers neurons1 activation n_neighbors weights ab_estimators ab_learning_rate ab_loss whiten svd_solver ica_algorithm ica_fun dl_fit_algorithm dl_transform_algorithm sel_model sel_score_classification sel_score_regression sel_percentile sel_threshold max_iter lr_penalty degree gamma max_depth_value mlp_learning_rate learning_rate_init neurons2 neurons3 lr_dual
3 fashion-mnist 1585346     30         3 classification  False   none   none    True LogisticRegression        <NA>       <NA>             NA      <NA> -1.487     lbfgs         ovr NA   <NA>            NA                     <NA>                   NA           NA      <NA>               NA   <NA>    NA            NA       NA       <NA>          NA    <NA>            NA               NA      NA   <NA>       <NA>          <NA>    <NA>             <NA>                   <NA>      <NA>                     <NA>                   NA             NA          <NA>      687       <NA>     NA    NA              NA              <NA>                 NA       NA       NA    <NA>
# 2020-08-16 20:40:34 BRT: Iteration 2 of 7
# experimentsUsedSoFar: 235
# remainingBudget: 1765
# currentBudget: 294
# nbConfigurations: 42
  Markers:
     x No test is performed.
     - The test is performed and some configurations are discarded.
     = The test is performed but no configuration is discarded.
     ! The test is performed and configurations could be discarded but elite configurations are preserved.
     . All alive configurations are elite and nothing is discarded

+-+-----------+-----------+-----------+---------------+-----------+--------+-----+----+------+
| |   Instance|      Alive|       Best|      Mean best| Exp so far|  W time|  rho|KenW|  Qvar|
+-+-----------+-----------+-----------+---------------+-----------+--------+-----+----+------+
|x|          6|         42|          3|  -0.8211111111|         42|00:49:35|   NA|  NA|    NA|
|x|          2|         42|          3|  -0.8265555556|         83|00:47:46|+1.00|1.00|0.0000|
|x|          1|         42|          3|  -0.8258888889|        124|00:47:27|+1.00|1.00|0.0000|
|x|          5|         42|          3|  -0.8253611111|        165|00:47:12|+1.00|1.00|0.0000|
|!|          4|          3|          3|  -0.8254000000|        206|00:47:05|+1.00|1.00|0.0023|
+-+-----------+-----------+-----------+---------------+-----------+--------+-----+----+------+
Best-so-far configuration:           3    mean value:   -0.8247592593
Description of the best-so-far configuration:
  .ID.       dataset  job_id cutoff metafolds           task sparse f_eng1 f_eng2 scaling          algorithm pre_scaling extraction ext_components selection   lr_C lr_solver multi_class  C kernel rf_estimators criterion_classification criterion_regression max_features max_depth min_samples_leaf solver alpha hidden_layers neurons1 activation n_neighbors weights ab_estimators ab_learning_rate ab_loss whiten svd_solver ica_algorithm ica_fun dl_fit_algorithm dl_transform_algorithm sel_model sel_score_classification sel_score_regression sel_percentile sel_threshold max_iter lr_penalty degree gamma max_depth_value mlp_learning_rate learning_rate_init neurons2 neurons3 lr_dual .PARENT.
3    3 fashion-mnist 1585346     30         3 classification  False   none   none    True LogisticRegression        <NA>       <NA>             NA      <NA> -1.487     lbfgs         ovr NA   <NA>            NA                     <NA>                   NA           NA      <NA>               NA   <NA>    NA            NA       NA       <NA>          NA    <NA>            NA               NA      NA   <NA>       <NA>          <NA>    <NA>             <NA>                   <NA>      <NA>                     <NA>                   NA             NA          <NA>      687       <NA>     NA    NA              NA              <NA>                 NA       NA       NA    <NA>       NA

# 2020-08-17 00:39:43 BRT: Elite configurations (first number is the configuration ID; listed from best to worst according to the sum of ranks):
         dataset  job_id cutoff metafolds           task sparse    f_eng1 f_eng2 scaling          algorithm pre_scaling extraction ext_components       selection    lr_C lr_solver multi_class      C kernel rf_estimators criterion_classification criterion_regression max_features max_depth min_samples_leaf solver alpha hidden_layers neurons1 activation n_neighbors weights ab_estimators ab_learning_rate ab_loss whiten svd_solver ica_algorithm ica_fun dl_fit_algorithm dl_transform_algorithm    sel_model sel_score_classification sel_score_regression sel_percentile sel_threshold max_iter lr_penalty degree gamma max_depth_value mlp_learning_rate learning_rate_init neurons2 neurons3 lr_dual
3  fashion-mnist 1585346     30         3 classification  False      none   none    True LogisticRegression        <NA>       <NA>             NA            <NA> -1.4870     lbfgs         ovr     NA   <NA>            NA                     <NA>                   NA           NA      <NA>               NA   <NA>    NA            NA       NA       <NA>          NA    <NA>            NA               NA      NA   <NA>       <NA>          <NA>    <NA>             <NA>                   <NA>         <NA>                     <NA>                   NA             NA          <NA>      687       <NA>     NA    NA              NA              <NA>                 NA       NA       NA    <NA>
88 fashion-mnist 1585346     30         3 classification  False Selection   none   False LogisticRegression       False       <NA>             NA SelectFromModel  0.2133      saga multinomial     NA   <NA>            NA                     <NA>                   NA           NA      <NA>               NA   <NA>    NA            NA       NA       <NA>          NA    <NA>            NA               NA      NA   <NA>       <NA>          <NA>    <NA>             <NA>                   <NA> DecisionTree                     <NA>                   NA             NA        median       NA         l2     NA    NA              NA              <NA>                 NA       NA       NA    <NA>
70 fashion-mnist 1585346     30         3 classification  False      none   none   False                SVM        <NA>       <NA>             NA            <NA>      NA      <NA>        <NA> 1.1961 linear            NA                     <NA>                   NA           NA      <NA>               NA   <NA>    NA            NA       NA       <NA>          NA    <NA>            NA               NA      NA   <NA>       <NA>          <NA>    <NA>             <NA>                   <NA>         <NA>                     <NA>                   NA             NA          <NA>       NA       <NA>     NA    NA              NA              <NA>                 NA       NA       NA    <NA>
# 2020-08-17 00:39:44 BRT: Iteration 3 of 7
# experimentsUsedSoFar: 441
# remainingBudget: 1559
# currentBudget: 311
# nbConfigurations: 41
  Markers:
     x No test is performed.
     - The test is performed and some configurations are discarded.
     = The test is performed but no configuration is discarded.
     ! The test is performed and configurations could be discarded but elite configurations are preserved.
     . All alive configurations are elite and nothing is discarded

+-+-----------+-----------+-----------+---------------+-----------+--------+-----+----+------+
| |   Instance|      Alive|       Best|      Mean best| Exp so far|  W time|  rho|KenW|  Qvar|
+-+-----------+-----------+-----------+---------------+-----------+--------+-----+----+------+
|x|          7|         41|          3|  -0.8250000000|         41|00:38:53|   NA|  NA|    NA|
|x|          5|         41|          3|  -0.8243888889|         79|00:35:43|+0.86|0.93|0.1420|
|x|          4|         41|          3|  -0.8247777778|        117|00:35:22|+0.91|0.94|0.0947|
|x|          3|         41|          3|  -0.8239722222|        157|00:37:57|+0.91|0.93|0.0947|
|!|          2|          4|          3|  -0.8255777778|        195|00:35:15|+0.60|0.68|0.5099|
+-+-----------+-----------+-----------+---------------+-----------+--------+-----+----+------+
Best-so-far configuration:           3    mean value:   -0.8247936508
Description of the best-so-far configuration:
  .ID.       dataset  job_id cutoff metafolds           task sparse f_eng1 f_eng2 scaling          algorithm pre_scaling extraction ext_components selection   lr_C lr_solver multi_class  C kernel rf_estimators criterion_classification criterion_regression max_features max_depth min_samples_leaf solver alpha hidden_layers neurons1 activation n_neighbors weights ab_estimators ab_learning_rate ab_loss whiten svd_solver ica_algorithm ica_fun dl_fit_algorithm dl_transform_algorithm sel_model sel_score_classification sel_score_regression sel_percentile sel_threshold max_iter lr_penalty degree gamma max_depth_value mlp_learning_rate learning_rate_init neurons2 neurons3 lr_dual .PARENT.
3    3 fashion-mnist 1585346     30         3 classification  False   none   none    True LogisticRegression        <NA>       <NA>             NA      <NA> -1.487     lbfgs         ovr NA   <NA>            NA                     <NA>                   NA           NA      <NA>               NA   <NA>    NA            NA       NA       <NA>          NA    <NA>            NA               NA      NA   <NA>       <NA>          <NA>    <NA>             <NA>                   <NA>      <NA>                     <NA>                   NA             NA          <NA>      687       <NA>     NA    NA              NA              <NA>                 NA       NA       NA    <NA>       NA

# 2020-08-17 03:42:57 BRT: Elite configurations (first number is the configuration ID; listed from best to worst according to the sum of ranks):
          dataset  job_id cutoff metafolds           task sparse    f_eng1 f_eng2 scaling          algorithm pre_scaling extraction ext_components       selection    lr_C lr_solver multi_class      C kernel rf_estimators criterion_classification criterion_regression max_features max_depth min_samples_leaf solver alpha hidden_layers neurons1 activation n_neighbors weights ab_estimators ab_learning_rate ab_loss whiten svd_solver ica_algorithm ica_fun dl_fit_algorithm dl_transform_algorithm    sel_model sel_score_classification sel_score_regression sel_percentile sel_threshold max_iter lr_penalty degree gamma max_depth_value mlp_learning_rate learning_rate_init neurons2 neurons3 lr_dual
3   fashion-mnist 1585346     30         3 classification  False      none   none    True LogisticRegression        <NA>       <NA>             NA            <NA> -1.4870     lbfgs         ovr     NA   <NA>            NA                     <NA>                   NA           NA      <NA>               NA   <NA>    NA            NA       NA       <NA>          NA    <NA>            NA               NA      NA   <NA>       <NA>          <NA>    <NA>             <NA>                   <NA>         <NA>                     <NA>                   NA             NA          <NA>      687       <NA>     NA    NA              NA              <NA>                 NA       NA       NA    <NA>
88  fashion-mnist 1585346     30         3 classification  False Selection   none   False LogisticRegression       False       <NA>             NA SelectFromModel  0.2133      saga multinomial     NA   <NA>            NA                     <NA>                   NA           NA      <NA>               NA   <NA>    NA            NA       NA       <NA>          NA    <NA>            NA               NA      NA   <NA>       <NA>          <NA>    <NA>             <NA>                   <NA> DecisionTree                     <NA>                   NA             NA        median       NA         l2     NA    NA              NA              <NA>                 NA       NA       NA    <NA>
70  fashion-mnist 1585346     30         3 classification  False      none   none   False                SVM        <NA>       <NA>             NA            <NA>      NA      <NA>        <NA> 1.1961 linear            NA                     <NA>                   NA           NA      <NA>               NA   <NA>    NA            NA       NA       <NA>          NA    <NA>            NA               NA      NA   <NA>       <NA>          <NA>    <NA>             <NA>                   <NA>         <NA>                     <NA>                   NA             NA          <NA>       NA       <NA>     NA    NA              NA              <NA>                 NA       NA       NA    <NA>
111 fashion-mnist 1585346     30         3 classification  False      none   none   False                SVM        <NA>       <NA>             NA            <NA>      NA      <NA>        <NA> 1.2324 linear            NA                     <NA>                   NA           NA      <NA>               NA   <NA>    NA            NA       NA       <NA>          NA    <NA>            NA               NA      NA   <NA>       <NA>          <NA>    <NA>             <NA>                   <NA>         <NA>                     <NA>                   NA             NA          <NA>       NA       <NA>     NA    NA              NA              <NA>                 NA       NA       NA    <NA>
# 2020-08-17 03:42:58 BRT: Iteration 4 of 7
# experimentsUsedSoFar: 636
# remainingBudget: 1364
# currentBudget: 341
# nbConfigurations: 41
  Markers:
     x No test is performed.
     - The test is performed and some configurations are discarded.
     = The test is performed but no configuration is discarded.
     ! The test is performed and configurations could be discarded but elite configurations are preserved.
     . All alive configurations are elite and nothing is discarded

+-+-----------+-----------+-----------+---------------+-----------+--------+-----+----+------+
| |   Instance|      Alive|       Best|      Mean best| Exp so far|  W time|  rho|KenW|  Qvar|
+-+-----------+-----------+-----------+---------------+-----------+--------+-----+----+------+
|x|          8|         41|          3|  -0.8298888889|         41|00:35:49|   NA|  NA|    NA|
|x|          6|         41|          3|  -0.8255000000|         79|00:35:59|+0.82|0.91|0.1420|
|x|          7|         41|          3|  -0.8253333333|        116|00:31:18|+0.88|0.92|0.0946|
|x|          3|         41|          3|  -0.8243888889|        153|00:31:20|+0.90|0.93|0.0779|
|!|          5|          7|          3|  -0.8242666667|        190|00:31:18|+0.92|0.94|0.4387|
+-+-----------+-----------+-----------+---------------+-----------+--------+-----+----+------+
Best-so-far configuration:           3    mean value:   -0.8254305556
Description of the best-so-far configuration:
  .ID.       dataset  job_id cutoff metafolds           task sparse f_eng1 f_eng2 scaling          algorithm pre_scaling extraction ext_components selection   lr_C lr_solver multi_class  C kernel rf_estimators criterion_classification criterion_regression max_features max_depth min_samples_leaf solver alpha hidden_layers neurons1 activation n_neighbors weights ab_estimators ab_learning_rate ab_loss whiten svd_solver ica_algorithm ica_fun dl_fit_algorithm dl_transform_algorithm sel_model sel_score_classification sel_score_regression sel_percentile sel_threshold max_iter lr_penalty degree gamma max_depth_value mlp_learning_rate learning_rate_init neurons2 neurons3 lr_dual .PARENT.
3    3 fashion-mnist 1585346     30         3 classification  False   none   none    True LogisticRegression        <NA>       <NA>             NA      <NA> -1.487     lbfgs         ovr NA   <NA>            NA                     <NA>                   NA           NA      <NA>               NA   <NA>    NA            NA       NA       <NA>          NA    <NA>            NA               NA      NA   <NA>       <NA>          <NA>    <NA>             <NA>                   <NA>      <NA>                     <NA>                   NA             NA          <NA>      687       <NA>     NA    NA              NA              <NA>                 NA       NA       NA    <NA>       NA

# 2020-08-17 06:28:45 BRT: Elite configurations (first number is the configuration ID; listed from best to worst according to the sum of ranks):
          dataset  job_id cutoff metafolds           task sparse    f_eng1 f_eng2 scaling          algorithm pre_scaling extraction ext_components       selection    lr_C lr_solver multi_class      C kernel rf_estimators criterion_classification criterion_regression max_features max_depth min_samples_leaf solver alpha hidden_layers neurons1 activation n_neighbors weights ab_estimators ab_learning_rate ab_loss whiten svd_solver ica_algorithm ica_fun dl_fit_algorithm dl_transform_algorithm    sel_model sel_score_classification sel_score_regression sel_percentile sel_threshold max_iter lr_penalty degree gamma max_depth_value mlp_learning_rate learning_rate_init neurons2 neurons3 lr_dual
3   fashion-mnist 1585346     30         3 classification  False      none   none    True LogisticRegression        <NA>       <NA>             NA            <NA> -1.4870     lbfgs         ovr     NA   <NA>            NA                     <NA>                   NA           NA      <NA>               NA   <NA>    NA            NA       NA       <NA>          NA    <NA>            NA               NA      NA   <NA>       <NA>          <NA>    <NA>             <NA>                   <NA>         <NA>                     <NA>                   NA             NA          <NA>      687       <NA>     NA    NA              NA              <NA>                 NA       NA       NA    <NA>
88  fashion-mnist 1585346     30         3 classification  False Selection   none   False LogisticRegression       False       <NA>             NA SelectFromModel  0.2133      saga multinomial     NA   <NA>            NA                     <NA>                   NA           NA      <NA>               NA   <NA>    NA            NA       NA       <NA>          NA    <NA>            NA               NA      NA   <NA>       <NA>          <NA>    <NA>             <NA>                   <NA> DecisionTree                     <NA>                   NA             NA        median       NA         l2     NA    NA              NA              <NA>                 NA       NA       NA    <NA>
70  fashion-mnist 1585346     30         3 classification  False      none   none   False                SVM        <NA>       <NA>             NA            <NA>      NA      <NA>        <NA> 1.1961 linear            NA                     <NA>                   NA           NA      <NA>               NA   <NA>    NA            NA       NA       <NA>          NA    <NA>            NA               NA      NA   <NA>       <NA>          <NA>    <NA>             <NA>                   <NA>         <NA>                     <NA>                   NA             NA          <NA>       NA       <NA>     NA    NA              NA              <NA>                 NA       NA       NA    <NA>
111 fashion-mnist 1585346     30         3 classification  False      none   none   False                SVM        <NA>       <NA>             NA            <NA>      NA      <NA>        <NA> 1.2324 linear            NA                     <NA>                   NA           NA      <NA>               NA   <NA>    NA            NA       NA       <NA>          NA    <NA>            NA               NA      NA   <NA>       <NA>          <NA>    <NA>             <NA>                   <NA>         <NA>                     <NA>                   NA             NA          <NA>       NA       <NA>     NA    NA              NA              <NA>                 NA       NA       NA    <NA>
130 fashion-mnist 1585346     30         3 classification  False      none   none    True LogisticRegression        <NA>       <NA>             NA            <NA> -1.9650     lbfgs         ovr     NA   <NA>            NA                     <NA>                   NA           NA      <NA>               NA   <NA>    NA            NA       NA       <NA>          NA    <NA>            NA               NA      NA   <NA>       <NA>          <NA>    <NA>             <NA>                   <NA>         <NA>                     <NA>                   NA             NA          <NA>      409       <NA>     NA    NA              NA              <NA>                 NA       NA       NA    <NA>
163 fashion-mnist 1585346     30         3 classification  False      none   none    True LogisticRegression        <NA>       <NA>             NA            <NA> -2.0486     lbfgs         ovr     NA   <NA>            NA                     <NA>                   NA           NA      <NA>               NA   <NA>    NA            NA       NA       <NA>          NA    <NA>            NA               NA      NA   <NA>       <NA>          <NA>    <NA>             <NA>                   <NA>         <NA>                     <NA>                   NA             NA          <NA>      443       <NA>     NA    NA              NA              <NA>                 NA       NA       NA    <NA>
140 fashion-mnist 1585346     30         3 classification  False      none   none    True LogisticRegression        <NA>       <NA>             NA            <NA> -2.1440     lbfgs         ovr     NA   <NA>            NA                     <NA>                   NA           NA      <NA>               NA   <NA>    NA            NA       NA       <NA>          NA    <NA>            NA               NA      NA   <NA>       <NA>          <NA>    <NA>             <NA>                   <NA>         <NA>                     <NA>                   NA             NA          <NA>      215       <NA>     NA    NA              NA              <NA>                 NA       NA       NA    <NA>
# 2020-08-17 06:28:45 BRT: Iteration 5 of 7
# experimentsUsedSoFar: 826
# remainingBudget: 1174
# currentBudget: 391
# nbConfigurations: 44
  Markers:
     x No test is performed.
     - The test is performed and some configurations are discarded.
     = The test is performed but no configuration is discarded.
     ! The test is performed and configurations could be discarded but elite configurations are preserved.
     . All alive configurations are elite and nothing is discarded

+-+-----------+-----------+-----------+---------------+-----------+--------+-----+----+------+
| |   Instance|      Alive|       Best|      Mean best| Exp so far|  W time|  rho|KenW|  Qvar|
+-+-----------+-----------+-----------+---------------+-----------+--------+-----+----+------+
|x|          9|         44|        183|  -0.8293333333|         44|00:38:49|   NA|  NA|    NA|
|x|          4|         44|          3|  -0.8263888889|         84|00:38:54|+0.90|0.95|0.1680|
|x|          3|         44|          3|  -0.8247777778|        121|00:37:55|+0.92|0.95|0.1527|
|x|          5|         44|          3|  -0.8245277778|        158|00:37:50|+0.93|0.95|0.1353|
|!|          2|          9|          3|  -0.8260222222|        198|00:38:57|+0.83|0.87|0.4305|
|!|          1|          8|          3|  -0.8257777778|        204|00:02:13|+0.87|0.89|0.3942|
|-|          8|          8|          3|  -0.8263650794|        205|00:00:52|+0.88|0.90|0.4208|
|-|          6|          8|          3|  -0.8257083333|        206|00:01:14|+0.89|0.90|0.3895|
|!|          7|          2|          3|  -0.8256296296|        207|00:00:58|-0.11|0.01|0.5556|
+-+-----------+-----------+-----------+---------------+-----------+--------+-----+----+------+
Best-so-far configuration:           3    mean value:   -0.8256296296
Description of the best-so-far configuration:
  .ID.       dataset  job_id cutoff metafolds           task sparse f_eng1 f_eng2 scaling          algorithm pre_scaling extraction ext_components selection   lr_C lr_solver multi_class  C kernel rf_estimators criterion_classification criterion_regression max_features max_depth min_samples_leaf solver alpha hidden_layers neurons1 activation n_neighbors weights ab_estimators ab_learning_rate ab_loss whiten svd_solver ica_algorithm ica_fun dl_fit_algorithm dl_transform_algorithm sel_model sel_score_classification sel_score_regression sel_percentile sel_threshold max_iter lr_penalty degree gamma max_depth_value mlp_learning_rate learning_rate_init neurons2 neurons3 lr_dual .PARENT.
3    3 fashion-mnist 1585346     30         3 classification  False   none   none    True LogisticRegression        <NA>       <NA>             NA      <NA> -1.487     lbfgs         ovr NA   <NA>            NA                     <NA>                   NA           NA      <NA>               NA   <NA>    NA            NA       NA       <NA>          NA    <NA>            NA               NA      NA   <NA>       <NA>          <NA>    <NA>             <NA>                   <NA>      <NA>                     <NA>                   NA             NA          <NA>      687       <NA>     NA    NA              NA              <NA>                 NA       NA       NA    <NA>       NA

# 2020-08-17 09:46:35 BRT: Elite configurations (first number is the configuration ID; listed from best to worst according to the sum of ranks):
          dataset  job_id cutoff metafolds           task sparse f_eng1 f_eng2 scaling          algorithm pre_scaling extraction ext_components selection   lr_C lr_solver multi_class       C kernel rf_estimators criterion_classification criterion_regression max_features max_depth min_samples_leaf solver alpha hidden_layers neurons1 activation n_neighbors weights ab_estimators ab_learning_rate ab_loss whiten svd_solver ica_algorithm ica_fun dl_fit_algorithm dl_transform_algorithm sel_model sel_score_classification sel_score_regression sel_percentile sel_threshold max_iter lr_penalty degree gamma max_depth_value mlp_learning_rate learning_rate_init neurons2 neurons3 lr_dual
3   fashion-mnist 1585346     30         3 classification  False   none   none    True LogisticRegression        <NA>       <NA>             NA      <NA> -1.487     lbfgs         ovr      NA   <NA>            NA                     <NA>                   NA           NA      <NA>               NA   <NA>    NA            NA       NA       <NA>          NA    <NA>            NA               NA      NA   <NA>       <NA>          <NA>    <NA>             <NA>                   <NA>      <NA>                     <NA>                   NA             NA          <NA>      687       <NA>     NA    NA              NA              <NA>                 NA       NA       NA    <NA>
183 fashion-mnist 1585346     30         3 classification  False   none   none    True                SVM        <NA>       <NA>             NA      <NA>     NA      <NA>        <NA> -2.6532 linear            NA                     <NA>                   NA           NA      <NA>               NA   <NA>    NA            NA       NA       <NA>          NA    <NA>            NA               NA      NA   <NA>       <NA>          <NA>    <NA>             <NA>                   <NA>      <NA>                     <NA>                   NA             NA          <NA>       NA       <NA>     NA    NA              NA              <NA>                 NA       NA       NA    <NA>
# 2020-08-17 09:46:35 BRT: Iteration 6 of 7
# experimentsUsedSoFar: 1033
# remainingBudget: 967
# currentBudget: 483
# nbConfigurations: 50
  Markers:
     x No test is performed.
     - The test is performed and some configurations are discarded.
     = The test is performed but no configuration is discarded.
     ! The test is performed and configurations could be discarded but elite configurations are preserved.
     . All alive configurations are elite and nothing is discarded

+-+-----------+-----------+-----------+---------------+-----------+--------+-----+----+------+
| |   Instance|      Alive|       Best|      Mean best| Exp so far|  W time|  rho|KenW|  Qvar|
+-+-----------+-----------+-----------+---------------+-----------+--------+-----+----+------+
|x|         10|         50|        201|  -0.8288888889|         50|00:38:05|   NA|  NA|    NA|
|x|          3|         50|        201|  -0.8272777778|         98|00:37:04|+0.98|0.99|0.0972|
|x|          4|         50|        201|  -0.8280370370|        146|00:36:04|+0.95|0.97|0.1311|
|x|          8|         50|        201|  -0.8290277778|        194|00:36:04|+0.95|0.96|0.1404|
|!|          1|          6|        201|  -0.8292666667|        242|00:36:02|+0.57|0.65|0.2729|
+-+-----------+-----------+-----------+---------------+-----------+--------+-----+----+------+
Best-so-far configuration:           3    mean value:   -0.8257000000
Description of the best-so-far configuration:
  .ID.       dataset  job_id cutoff metafolds           task sparse f_eng1 f_eng2 scaling          algorithm pre_scaling extraction ext_components selection   lr_C lr_solver multi_class  C kernel rf_estimators criterion_classification criterion_regression max_features max_depth min_samples_leaf solver alpha hidden_layers neurons1 activation n_neighbors weights ab_estimators ab_learning_rate ab_loss whiten svd_solver ica_algorithm ica_fun dl_fit_algorithm dl_transform_algorithm sel_model sel_score_classification sel_score_regression sel_percentile sel_threshold max_iter lr_penalty degree gamma max_depth_value mlp_learning_rate learning_rate_init neurons2 neurons3 lr_dual .PARENT.
3    3 fashion-mnist 1585346     30         3 classification  False   none   none    True LogisticRegression        <NA>       <NA>             NA      <NA> -1.487     lbfgs         ovr NA   <NA>            NA                     <NA>                   NA           NA      <NA>               NA   <NA>    NA            NA       NA       <NA>          NA    <NA>            NA               NA      NA   <NA>       <NA>          <NA>    <NA>             <NA>                   <NA>      <NA>                     <NA>                   NA             NA          <NA>      687       <NA>     NA    NA              NA              <NA>                 NA       NA       NA    <NA>       NA

# 2020-08-17 12:49:59 BRT: Elite configurations (first number is the configuration ID; listed from best to worst according to the sum of ranks):
          dataset  job_id cutoff metafolds           task sparse f_eng1 f_eng2 scaling          algorithm pre_scaling extraction ext_components selection    lr_C lr_solver multi_class       C kernel rf_estimators criterion_classification criterion_regression max_features max_depth min_samples_leaf solver alpha hidden_layers neurons1 activation n_neighbors weights ab_estimators ab_learning_rate ab_loss whiten svd_solver ica_algorithm ica_fun dl_fit_algorithm dl_transform_algorithm sel_model sel_score_classification sel_score_regression sel_percentile sel_threshold max_iter lr_penalty degree gamma max_depth_value mlp_learning_rate learning_rate_init neurons2 neurons3 lr_dual
3   fashion-mnist 1585346     30         3 classification  False   none   none    True LogisticRegression        <NA>       <NA>             NA      <NA> -1.4870     lbfgs         ovr      NA   <NA>            NA                     <NA>                   NA           NA      <NA>               NA   <NA>    NA            NA       NA       <NA>          NA    <NA>            NA               NA      NA   <NA>       <NA>          <NA>    <NA>             <NA>                   <NA>      <NA>                     <NA>                   NA             NA          <NA>      687       <NA>     NA    NA              NA              <NA>                 NA       NA       NA    <NA>
183 fashion-mnist 1585346     30         3 classification  False   none   none    True                SVM        <NA>       <NA>             NA      <NA>      NA      <NA>        <NA> -2.6532 linear            NA                     <NA>                   NA           NA      <NA>               NA   <NA>    NA            NA       NA       <NA>          NA    <NA>            NA               NA      NA   <NA>       <NA>          <NA>    <NA>             <NA>                   <NA>      <NA>                     <NA>                   NA             NA          <NA>       NA       <NA>     NA    NA              NA              <NA>                 NA       NA       NA    <NA>
201 fashion-mnist 1585346     30         3 classification  False   none   none    True                SVM        <NA>       <NA>             NA      <NA>      NA      <NA>        <NA> -2.2224 linear            NA                     <NA>                   NA           NA      <NA>               NA   <NA>    NA            NA       NA       <NA>          NA    <NA>            NA               NA      NA   <NA>       <NA>          <NA>    <NA>             <NA>                   <NA>      <NA>                     <NA>                   NA             NA          <NA>       NA       <NA>     NA    NA              NA              <NA>                 NA       NA       NA    <NA>
234 fashion-mnist 1585346     30         3 classification  False   none   none    True                SVM        <NA>       <NA>             NA      <NA>      NA      <NA>        <NA> -2.5336 linear            NA                     <NA>                   NA           NA      <NA>               NA   <NA>    NA            NA       NA       <NA>          NA    <NA>            NA               NA      NA   <NA>       <NA>          <NA>    <NA>             <NA>                   <NA>      <NA>                     <NA>                   NA             NA          <NA>       NA       <NA>     NA    NA              NA              <NA>                 NA       NA       NA    <NA>
239 fashion-mnist 1585346     30         3 classification  False   none   none    True                SVM        <NA>       <NA>             NA      <NA>      NA      <NA>        <NA> -1.8973 linear            NA                     <NA>                   NA           NA      <NA>               NA   <NA>    NA            NA       NA       <NA>          NA    <NA>            NA               NA      NA   <NA>       <NA>          <NA>    <NA>             <NA>                   <NA>      <NA>                     <NA>                   NA             NA          <NA>       NA       <NA>     NA    NA              NA              <NA>                 NA       NA       NA    <NA>
211 fashion-mnist 1585346     30         3 classification  False   none   none    True LogisticRegression        <NA>       <NA>             NA      <NA> -1.4586     lbfgs         ovr      NA   <NA>            NA                     <NA>                   NA           NA      <NA>               NA   <NA>    NA            NA       NA       <NA>          NA    <NA>            NA               NA      NA   <NA>       <NA>          <NA>    <NA>             <NA>                   <NA>      <NA>                     <NA>                   NA             NA          <NA>      928       <NA>     NA    NA              NA              <NA>                 NA       NA       NA    <NA>
# 2020-08-17 12:49:59 BRT: Iteration 7 of 7
# experimentsUsedSoFar: 1275
# remainingBudget: 725
# currentBudget: 725
# nbConfigurations: 71
  Markers:
     x No test is performed.
     - The test is performed and some configurations are discarded.
     = The test is performed but no configuration is discarded.
     ! The test is performed and configurations could be discarded but elite configurations are preserved.
     . All alive configurations are elite and nothing is discarded

+-+-----------+-----------+-----------+---------------+-----------+--------+-----+----+------+
| |   Instance|      Alive|       Best|      Mean best| Exp so far|  W time|  rho|KenW|  Qvar|
+-+-----------+-----------+-----------+---------------+-----------+--------+-----+----+------+
|x|         11|         71|        201|  -0.8351111111|         71|00:32:07|   NA|  NA|    NA|
|x|          5|         71|        287|  -0.8322222222|        140|00:31:17|+0.97|0.98|0.9704|
|x|          1|         71|        201|  -0.8319259259|        205|00:29:47|+0.96|0.97|0.6501|
|x|          9|         71|        201|  -0.8318888889|        274|00:31:47|+0.96|0.97|0.4891|
|!|          2|         11|        201|  -0.8326222222|        343|00:34:43|+0.67|0.74|0.2967|
|-|          8|         11|        201|  -0.8325185185|        348|00:02:22|+0.70|0.75|0.2564|
|!|          4|         10|        201|  -0.8320952381|        353|00:03:15|+0.72|0.76|0.2271|
|!|          7|          8|        201|  -0.8315555556|        361|00:02:32|+0.78|0.80|0.2074|
|-|          3|          8|        201|  -0.8309012346|        363|00:02:23|+0.77|0.79|0.2214|
|-|          6|          8|        277|  -0.8306777778|        369|00:01:59|+0.77|0.80|0.2080|
|!|         10|          2|        277|  -0.8305353535|        371|00:06:29|-0.09|0.01|0.5455|
+-+-----------+-----------+-----------+---------------+-----------+--------+-----+----+------+
Best-so-far configuration:         277    mean value:   -0.8305353535
Description of the best-so-far configuration:
    .ID.       dataset  job_id cutoff metafolds           task sparse f_eng1 f_eng2 scaling algorithm pre_scaling extraction ext_components selection lr_C lr_solver multi_class       C kernel rf_estimators criterion_classification criterion_regression max_features max_depth min_samples_leaf solver alpha hidden_layers neurons1 activation n_neighbors weights ab_estimators ab_learning_rate ab_loss whiten svd_solver ica_algorithm ica_fun dl_fit_algorithm dl_transform_algorithm sel_model sel_score_classification sel_score_regression sel_percentile sel_threshold max_iter lr_penalty degree gamma max_depth_value mlp_learning_rate learning_rate_init neurons2 neurons3 lr_dual .PARENT.
277  277 fashion-mnist 1585346     30         3 classification  False   none   none    True       SVM        <NA>       <NA>             NA      <NA>   NA      <NA>        <NA> -2.1802 linear            NA                     <NA>                   NA           NA      <NA>               NA   <NA>    NA            NA       NA       <NA>          NA    <NA>            NA               NA      NA   <NA>       <NA>          <NA>    <NA>             <NA>                   <NA>      <NA>                     <NA>                   NA             NA          <NA>       NA       <NA>     NA    NA              NA              <NA>                 NA       NA       NA    <NA>      234

# 2020-08-17 15:48:48 BRT: Elite configurations (first number is the configuration ID; listed from best to worst according to the sum of ranks):
          dataset  job_id cutoff metafolds           task sparse f_eng1 f_eng2 scaling algorithm pre_scaling extraction ext_components selection lr_C lr_solver multi_class       C kernel rf_estimators criterion_classification criterion_regression max_features max_depth min_samples_leaf solver alpha hidden_layers neurons1 activation n_neighbors weights ab_estimators ab_learning_rate ab_loss whiten svd_solver ica_algorithm ica_fun dl_fit_algorithm dl_transform_algorithm sel_model sel_score_classification sel_score_regression sel_percentile sel_threshold max_iter lr_penalty degree gamma max_depth_value mlp_learning_rate learning_rate_init neurons2 neurons3 lr_dual
277 fashion-mnist 1585346     30         3 classification  False   none   none    True       SVM        <NA>       <NA>             NA      <NA>   NA      <NA>        <NA> -2.1802 linear            NA                     <NA>                   NA           NA      <NA>               NA   <NA>    NA            NA       NA       <NA>          NA    <NA>            NA               NA      NA   <NA>       <NA>          <NA>    <NA>             <NA>                   <NA>      <NA>                     <NA>                   NA             NA          <NA>       NA       <NA>     NA    NA              NA              <NA>                 NA       NA       NA    <NA>
201 fashion-mnist 1585346     30         3 classification  False   none   none    True       SVM        <NA>       <NA>             NA      <NA>   NA      <NA>        <NA> -2.2224 linear            NA                     <NA>                   NA           NA      <NA>               NA   <NA>    NA            NA       NA       <NA>          NA    <NA>            NA               NA      NA   <NA>       <NA>          <NA>    <NA>             <NA>                   <NA>      <NA>                     <NA>                   NA             NA          <NA>       NA       <NA>     NA    NA              NA              <NA>                 NA       NA       NA    <NA>
# 2020-08-17 15:48:48 BRT: Iteration 8 of 8
# experimentsUsedSoFar: 1646
# remainingBudget: 354
# currentBudget: 354
# nbConfigurations: 31
  Markers:
     x No test is performed.
     - The test is performed and some configurations are discarded.
     = The test is performed but no configuration is discarded.
     ! The test is performed and configurations could be discarded but elite configurations are preserved.
     . All alive configurations are elite and nothing is discarded

+-+-----------+-----------+-----------+---------------+-----------+--------+-----+----+------+
| |   Instance|      Alive|       Best|      Mean best| Exp so far|  W time|  rho|KenW|  Qvar|
+-+-----------+-----------+-----------+---------------+-----------+--------+-----+----+------+
|x|         12|         31|        314|  -0.8272222222|         31|00:16:51|   NA|  NA|    NA|
|x|          3|         31|        277|  -0.8267222222|         60|00:02:44|+0.98|0.99|0.0250|
|x|          9|         31|        201|  -0.8278518519|         89|00:02:39|+0.97|0.98|0.0276|
|x|          4|         31|        277|  -0.8285833333|        118|00:02:40|+0.95|0.96|0.0226|
|!|          5|          4|        201|  -0.8287111111|        147|00:02:41|+0.12|0.30|0.5947|
+-+-----------+-----------+-----------+---------------+-----------+--------+-----+----+------+
Best-so-far configuration:         277    mean value:   -0.8301388889
Description of the best-so-far configuration:
    .ID.       dataset  job_id cutoff metafolds           task sparse f_eng1 f_eng2 scaling algorithm pre_scaling extraction ext_components selection lr_C lr_solver multi_class       C kernel rf_estimators criterion_classification criterion_regression max_features max_depth min_samples_leaf solver alpha hidden_layers neurons1 activation n_neighbors weights ab_estimators ab_learning_rate ab_loss whiten svd_solver ica_algorithm ica_fun dl_fit_algorithm dl_transform_algorithm sel_model sel_score_classification sel_score_regression sel_percentile sel_threshold max_iter lr_penalty degree gamma max_depth_value mlp_learning_rate learning_rate_init neurons2 neurons3 lr_dual .PARENT.
277  277 fashion-mnist 1585346     30         3 classification  False   none   none    True       SVM        <NA>       <NA>             NA      <NA>   NA      <NA>        <NA> -2.1802 linear            NA                     <NA>                   NA           NA      <NA>               NA   <NA>    NA            NA       NA       <NA>          NA    <NA>            NA               NA      NA   <NA>       <NA>          <NA>    <NA>             <NA>                   <NA>      <NA>                     <NA>                   NA             NA          <NA>       NA       <NA>     NA    NA              NA              <NA>                 NA       NA       NA    <NA>      234

# 2020-08-17 16:16:26 BRT: Elite configurations (first number is the configuration ID; listed from best to worst according to the sum of ranks):
          dataset  job_id cutoff metafolds           task sparse f_eng1 f_eng2 scaling algorithm pre_scaling extraction ext_components selection lr_C lr_solver multi_class       C kernel rf_estimators criterion_classification criterion_regression max_features max_depth min_samples_leaf solver alpha hidden_layers neurons1 activation n_neighbors weights ab_estimators ab_learning_rate ab_loss whiten svd_solver ica_algorithm ica_fun dl_fit_algorithm dl_transform_algorithm sel_model sel_score_classification sel_score_regression sel_percentile sel_threshold max_iter lr_penalty degree gamma max_depth_value mlp_learning_rate learning_rate_init neurons2 neurons3 lr_dual
277 fashion-mnist 1585346     30         3 classification  False   none   none    True       SVM        <NA>       <NA>             NA      <NA>   NA      <NA>        <NA> -2.1802 linear            NA                     <NA>                   NA           NA      <NA>               NA   <NA>    NA            NA       NA       <NA>          NA    <NA>            NA               NA      NA   <NA>       <NA>          <NA>    <NA>             <NA>                   <NA>      <NA>                     <NA>                   NA             NA          <NA>       NA       <NA>     NA    NA              NA              <NA>                 NA       NA       NA    <NA>
201 fashion-mnist 1585346     30         3 classification  False   none   none    True       SVM        <NA>       <NA>             NA      <NA>   NA      <NA>        <NA> -2.2224 linear            NA                     <NA>                   NA           NA      <NA>               NA   <NA>    NA            NA       NA       <NA>          NA    <NA>            NA               NA      NA   <NA>       <NA>          <NA>    <NA>             <NA>                   <NA>      <NA>                     <NA>                   NA             NA          <NA>       NA       <NA>     NA    NA              NA              <NA>                 NA       NA       NA    <NA>
315 fashion-mnist 1585346     30         3 classification  False   none   none    True       SVM        <NA>       <NA>             NA      <NA>   NA      <NA>        <NA> -1.9854 linear            NA                     <NA>                   NA           NA      <NA>               NA   <NA>    NA            NA       NA       <NA>          NA    <NA>            NA               NA      NA   <NA>       <NA>          <NA>    <NA>             <NA>                   <NA>      <NA>                     <NA>                   NA             NA          <NA>       NA       <NA>     NA    NA              NA              <NA>                 NA       NA       NA    <NA>
314 fashion-mnist 1585346     30         3 classification  False   none   none    True       SVM        <NA>       <NA>             NA      <NA>   NA      <NA>        <NA> -2.5395 linear            NA                     <NA>                   NA           NA      <NA>               NA   <NA>    NA            NA       NA       <NA>          NA    <NA>            NA               NA      NA   <NA>       <NA>          <NA>    <NA>             <NA>                   <NA>      <NA>                     <NA>                   NA             NA          <NA>       NA       <NA>     NA    NA              NA              <NA>                 NA       NA       NA    <NA>
# 2020-08-17 16:16:26 BRT: Iteration 9 of 9
# experimentsUsedSoFar: 1793
# remainingBudget: 207
# currentBudget: 207
# nbConfigurations: 19
  Markers:
     x No test is performed.
     - The test is performed and some configurations are discarded.
     = The test is performed but no configuration is discarded.
     ! The test is performed and configurations could be discarded but elite configurations are preserved.
     . All alive configurations are elite and nothing is discarded

+-+-----------+-----------+-----------+---------------+-----------+--------+-----+----+------+
| |   Instance|      Alive|       Best|      Mean best| Exp so far|  W time|  rho|KenW|  Qvar|
+-+-----------+-----------+-----------+---------------+-----------+--------+-----+----+------+
|x|         13|         19|        277|  -0.8293333333|         19|00:01:38|   NA|  NA|    NA|
|x|         12|         19|        201|  -0.8273888889|         34|00:01:19|+0.82|0.91|0.0729|
|x|          4|         19|        277|  -0.8282962963|         49|00:01:17|+0.86|0.91|0.0472|
|x|         10|         19|        277|  -0.8285000000|         66|00:01:26|+0.88|0.91|0.0350|
|!|          6|          4|        277|  -0.8283111111|         83|00:01:26|+0.44|0.55|0.4415|
|.|          3|          4|        277|  -0.8282037037|         83|23:59:59|+0.33|0.44|0.4334|
|.|          9|          4|        277|  -0.8286190476|         83|23:59:59|+0.35|0.44|0.4506|
+-+-----------+-----------+-----------+---------------+-----------+--------+-----+----+------+
Best-so-far configuration:         277    mean value:   -0.8300769231
Description of the best-so-far configuration:
    .ID.       dataset  job_id cutoff metafolds           task sparse f_eng1 f_eng2 scaling algorithm pre_scaling extraction ext_components selection lr_C lr_solver multi_class       C kernel rf_estimators criterion_classification criterion_regression max_features max_depth min_samples_leaf solver alpha hidden_layers neurons1 activation n_neighbors weights ab_estimators ab_learning_rate ab_loss whiten svd_solver ica_algorithm ica_fun dl_fit_algorithm dl_transform_algorithm sel_model sel_score_classification sel_score_regression sel_percentile sel_threshold max_iter lr_penalty degree gamma max_depth_value mlp_learning_rate learning_rate_init neurons2 neurons3 lr_dual .PARENT.
277  277 fashion-mnist 1585346     30         3 classification  False   none   none    True       SVM        <NA>       <NA>             NA      <NA>   NA      <NA>        <NA> -2.1802 linear            NA                     <NA>                   NA           NA      <NA>               NA   <NA>    NA            NA       NA       <NA>          NA    <NA>            NA               NA      NA   <NA>       <NA>          <NA>    <NA>             <NA>                   <NA>      <NA>                     <NA>                   NA             NA          <NA>       NA       <NA>     NA    NA              NA              <NA>                 NA       NA       NA    <NA>      234

# 2020-08-17 16:23:35 BRT: Elite configurations (first number is the configuration ID; listed from best to worst according to the sum of ranks):
          dataset  job_id cutoff metafolds           task sparse f_eng1 f_eng2 scaling algorithm pre_scaling extraction ext_components selection lr_C lr_solver multi_class       C kernel rf_estimators criterion_classification criterion_regression max_features max_depth min_samples_leaf solver alpha hidden_layers neurons1 activation n_neighbors weights ab_estimators ab_learning_rate ab_loss whiten svd_solver ica_algorithm ica_fun dl_fit_algorithm dl_transform_algorithm sel_model sel_score_classification sel_score_regression sel_percentile sel_threshold max_iter lr_penalty degree gamma max_depth_value mlp_learning_rate learning_rate_init neurons2 neurons3 lr_dual
277 fashion-mnist 1585346     30         3 classification  False   none   none    True       SVM        <NA>       <NA>             NA      <NA>   NA      <NA>        <NA> -2.1802 linear            NA                     <NA>                   NA           NA      <NA>               NA   <NA>    NA            NA       NA       <NA>          NA    <NA>            NA               NA      NA   <NA>       <NA>          <NA>    <NA>             <NA>                   <NA>      <NA>                     <NA>                   NA             NA          <NA>       NA       <NA>     NA    NA              NA              <NA>                 NA       NA       NA    <NA>
201 fashion-mnist 1585346     30         3 classification  False   none   none    True       SVM        <NA>       <NA>             NA      <NA>   NA      <NA>        <NA> -2.2224 linear            NA                     <NA>                   NA           NA      <NA>               NA   <NA>    NA            NA       NA       <NA>          NA    <NA>            NA               NA      NA   <NA>       <NA>          <NA>    <NA>             <NA>                   <NA>      <NA>                     <NA>                   NA             NA          <NA>       NA       <NA>     NA    NA              NA              <NA>                 NA       NA       NA    <NA>
315 fashion-mnist 1585346     30         3 classification  False   none   none    True       SVM        <NA>       <NA>             NA      <NA>   NA      <NA>        <NA> -1.9854 linear            NA                     <NA>                   NA           NA      <NA>               NA   <NA>    NA            NA       NA       <NA>          NA    <NA>            NA               NA      NA   <NA>       <NA>          <NA>    <NA>             <NA>                   <NA>      <NA>                     <NA>                   NA             NA          <NA>       NA       <NA>     NA    NA              NA              <NA>                 NA       NA       NA    <NA>
314 fashion-mnist 1585346     30         3 classification  False   none   none    True       SVM        <NA>       <NA>             NA      <NA>   NA      <NA>        <NA> -2.5395 linear            NA                     <NA>                   NA           NA      <NA>               NA   <NA>    NA            NA       NA       <NA>          NA    <NA>            NA               NA      NA   <NA>       <NA>          <NA>    <NA>             <NA>                   <NA>      <NA>                     <NA>                   NA             NA          <NA>       NA       <NA>     NA    NA              NA              <NA>                 NA       NA       NA    <NA>
# 2020-08-17 16:23:35 BRT: Iteration 10 of 10
# experimentsUsedSoFar: 1876
# remainingBudget: 124
# currentBudget: 124
# nbConfigurations: 12
  Markers:
     x No test is performed.
     - The test is performed and some configurations are discarded.
     = The test is performed but no configuration is discarded.
     ! The test is performed and configurations could be discarded but elite configurations are preserved.
     . All alive configurations are elite and nothing is discarded

+-+-----------+-----------+-----------+---------------+-----------+--------+-----+----+------+
| |   Instance|      Alive|       Best|      Mean best| Exp so far|  W time|  rho|KenW|  Qvar|
+-+-----------+-----------+-----------+---------------+-----------+--------+-----+----+------+
|x|         14|         12|        277|  -0.8283333333|         12|00:00:58|   NA|  NA|    NA|
|x|          6|         12|        277|  -0.8279444444|         20|00:00:56|+0.95|0.98|0.0070|
|x|         13|         12|        277|  -0.8284074074|         28|00:00:55|+0.95|0.97|0.0228|
|x|         11|         12|        277|  -0.8300000000|         38|00:00:56|+0.95|0.96|0.0186|
|!|          4|          6|        277|  -0.8299555556|         46|00:00:55|+0.68|0.74|0.1022|
+-+-----------+-----------+-----------+---------------+-----------+--------+-----+----+------+
Best-so-far configuration:         277    mean value:   -0.8299523810
Description of the best-so-far configuration:
    .ID.       dataset  job_id cutoff metafolds           task sparse f_eng1 f_eng2 scaling algorithm pre_scaling extraction ext_components selection lr_C lr_solver multi_class       C kernel rf_estimators criterion_classification criterion_regression max_features max_depth min_samples_leaf solver alpha hidden_layers neurons1 activation n_neighbors weights ab_estimators ab_learning_rate ab_loss whiten svd_solver ica_algorithm ica_fun dl_fit_algorithm dl_transform_algorithm sel_model sel_score_classification sel_score_regression sel_percentile sel_threshold max_iter lr_penalty degree gamma max_depth_value mlp_learning_rate learning_rate_init neurons2 neurons3 lr_dual .PARENT.
277  277 fashion-mnist 1585346     30         3 classification  False   none   none    True       SVM        <NA>       <NA>             NA      <NA>   NA      <NA>        <NA> -2.1802 linear            NA                     <NA>                   NA           NA      <NA>               NA   <NA>    NA            NA       NA       <NA>          NA    <NA>            NA               NA      NA   <NA>       <NA>          <NA>    <NA>             <NA>                   <NA>      <NA>                     <NA>                   NA             NA          <NA>       NA       <NA>     NA    NA              NA              <NA>                 NA       NA       NA    <NA>      234

# 2020-08-17 16:28:18 BRT: Elite configurations (first number is the configuration ID; listed from best to worst according to the sum of ranks):
          dataset  job_id cutoff metafolds           task sparse f_eng1 f_eng2 scaling algorithm pre_scaling extraction ext_components selection lr_C lr_solver multi_class       C kernel rf_estimators criterion_classification criterion_regression max_features max_depth min_samples_leaf solver alpha hidden_layers neurons1 activation n_neighbors weights ab_estimators ab_learning_rate ab_loss whiten svd_solver ica_algorithm ica_fun dl_fit_algorithm dl_transform_algorithm sel_model sel_score_classification sel_score_regression sel_percentile sel_threshold max_iter lr_penalty degree gamma max_depth_value mlp_learning_rate learning_rate_init neurons2 neurons3 lr_dual
277 fashion-mnist 1585346     30         3 classification  False   none   none    True       SVM        <NA>       <NA>             NA      <NA>   NA      <NA>        <NA> -2.1802 linear            NA                     <NA>                   NA           NA      <NA>               NA   <NA>    NA            NA       NA       <NA>          NA    <NA>            NA               NA      NA   <NA>       <NA>          <NA>    <NA>             <NA>                   <NA>      <NA>                     <NA>                   NA             NA          <NA>       NA       <NA>     NA    NA              NA              <NA>                 NA       NA       NA    <NA>
201 fashion-mnist 1585346     30         3 classification  False   none   none    True       SVM        <NA>       <NA>             NA      <NA>   NA      <NA>        <NA> -2.2224 linear            NA                     <NA>                   NA           NA      <NA>               NA   <NA>    NA            NA       NA       <NA>          NA    <NA>            NA               NA      NA   <NA>       <NA>          <NA>    <NA>             <NA>                   <NA>      <NA>                     <NA>                   NA             NA          <NA>       NA       <NA>     NA    NA              NA              <NA>                 NA       NA       NA    <NA>
315 fashion-mnist 1585346     30         3 classification  False   none   none    True       SVM        <NA>       <NA>             NA      <NA>   NA      <NA>        <NA> -1.9854 linear            NA                     <NA>                   NA           NA      <NA>               NA   <NA>    NA            NA       NA       <NA>          NA    <NA>            NA               NA      NA   <NA>       <NA>          <NA>    <NA>             <NA>                   <NA>      <NA>                     <NA>                   NA             NA          <NA>       NA       <NA>     NA    NA              NA              <NA>                 NA       NA       NA    <NA>
314 fashion-mnist 1585346     30         3 classification  False   none   none    True       SVM        <NA>       <NA>             NA      <NA>   NA      <NA>        <NA> -2.5395 linear            NA                     <NA>                   NA           NA      <NA>               NA   <NA>    NA            NA       NA       <NA>          NA    <NA>            NA               NA      NA   <NA>       <NA>          <NA>    <NA>             <NA>                   <NA>      <NA>                     <NA>                   NA             NA          <NA>       NA       <NA>     NA    NA              NA              <NA>                 NA       NA       NA    <NA>
359 fashion-mnist 1585346     30         3 classification  False   none   none    True       SVM        <NA>       <NA>             NA      <NA>   NA      <NA>        <NA> -2.1284 linear            NA                     <NA>                   NA           NA      <NA>               NA   <NA>    NA            NA       NA       <NA>          NA    <NA>            NA               NA      NA   <NA>       <NA>          <NA>    <NA>             <NA>                   <NA>      <NA>                     <NA>                   NA             NA          <NA>       NA       <NA>     NA    NA              NA              <NA>                 NA       NA       NA    <NA>
360 fashion-mnist 1585346     30         3 classification  False   none   none    True       SVM        <NA>       <NA>             NA      <NA>   NA      <NA>        <NA> -2.3334 linear            NA                     <NA>                   NA           NA      <NA>               NA   <NA>    NA            NA       NA       <NA>          NA    <NA>            NA               NA      NA   <NA>       <NA>          <NA>    <NA>             <NA>                   <NA>      <NA>                     <NA>                   NA             NA          <NA>       NA       <NA>     NA    NA              NA              <NA>                 NA       NA       NA    <NA>
# 2020-08-17 16:28:18 BRT: Iteration 11 of 11
# experimentsUsedSoFar: 1922
# remainingBudget: 78
# currentBudget: 78
# nbConfigurations: 10
  Markers:
     x No test is performed.
     - The test is performed and some configurations are discarded.
     = The test is performed but no configuration is discarded.
     ! The test is performed and configurations could be discarded but elite configurations are preserved.
     . All alive configurations are elite and nothing is discarded

+-+-----------+-----------+-----------+---------------+-----------+--------+-----+----+------+
| |   Instance|      Alive|       Best|      Mean best| Exp so far|  W time|  rho|KenW|  Qvar|
+-+-----------+-----------+-----------+---------------+-----------+--------+-----+----+------+
|x|         15|         10|        360|  -0.8325555556|         10|00:00:46|   NA|  NA|    NA|
|x|          3|         10|        315|  -0.8304444444|         16|00:00:44|+0.13|0.57|0.0534|
|x|          2|         10|        315|  -0.8319629630|         24|00:00:46|+0.34|0.56|0.0295|
|x|          9|         10|        360|  -0.8314722222|         30|00:00:44|+0.24|0.43|0.0377|
|=|         12|         10|        360|  -0.8305333333|         36|00:00:44|+0.21|0.37|0.0378|
|!|          7|          8|        277|  -0.8299814815|         44|00:00:45|-0.07|0.11|0.9144|
|=|          1|          8|        360|  -0.8299682540|         50|00:00:45|+0.01|0.15|0.8393|
|=|         11|          8|        277|  -0.8305555556|         52|00:00:44|+0.07|0.18|0.7951|
|=|          4|          8|        360|  -0.8304197531|         54|00:00:44|+0.09|0.19|0.7544|
|=|          8|          8|        360|  -0.8307111111|         60|00:00:45|+0.11|0.20|0.7452|
|!|          5|          7|        360|  -0.8306767677|         64|00:00:44|+0.19|0.26|0.6618|
+-+-----------+-----------+-----------+---------------+-----------+--------+-----+----+------+
Best-so-far configuration:         277    mean value:   -0.8300888889
Description of the best-so-far configuration:
    .ID.       dataset  job_id cutoff metafolds           task sparse f_eng1 f_eng2 scaling algorithm pre_scaling extraction ext_components selection lr_C lr_solver multi_class       C kernel rf_estimators criterion_classification criterion_regression max_features max_depth min_samples_leaf solver alpha hidden_layers neurons1 activation n_neighbors weights ab_estimators ab_learning_rate ab_loss whiten svd_solver ica_algorithm ica_fun dl_fit_algorithm dl_transform_algorithm sel_model sel_score_classification sel_score_regression sel_percentile sel_threshold max_iter lr_penalty degree gamma max_depth_value mlp_learning_rate learning_rate_init neurons2 neurons3 lr_dual .PARENT.
277  277 fashion-mnist 1585346     30         3 classification  False   none   none    True       SVM        <NA>       <NA>             NA      <NA>   NA      <NA>        <NA> -2.1802 linear            NA                     <NA>                   NA           NA      <NA>               NA   <NA>    NA            NA       NA       <NA>          NA    <NA>            NA               NA      NA   <NA>       <NA>          <NA>    <NA>             <NA>                   <NA>      <NA>                     <NA>                   NA             NA          <NA>       NA       <NA>     NA    NA              NA              <NA>                 NA       NA       NA    <NA>      234

# 2020-08-17 16:36:35 BRT: Elite configurations (first number is the configuration ID; listed from best to worst according to the sum of ranks):
          dataset  job_id cutoff metafolds           task sparse f_eng1 f_eng2 scaling algorithm pre_scaling extraction ext_components selection lr_C lr_solver multi_class       C kernel rf_estimators criterion_classification criterion_regression max_features max_depth min_samples_leaf solver alpha hidden_layers neurons1 activation n_neighbors weights ab_estimators ab_learning_rate ab_loss whiten svd_solver ica_algorithm ica_fun dl_fit_algorithm dl_transform_algorithm sel_model sel_score_classification sel_score_regression sel_percentile sel_threshold max_iter lr_penalty degree gamma max_depth_value mlp_learning_rate learning_rate_init neurons2 neurons3 lr_dual
277 fashion-mnist 1585346     30         3 classification  False   none   none    True       SVM        <NA>       <NA>             NA      <NA>   NA      <NA>        <NA> -2.1802 linear            NA                     <NA>                   NA           NA      <NA>               NA   <NA>    NA            NA       NA       <NA>          NA    <NA>            NA               NA      NA   <NA>       <NA>          <NA>    <NA>             <NA>                   <NA>      <NA>                     <NA>                   NA             NA          <NA>       NA       <NA>     NA    NA              NA              <NA>                 NA       NA       NA    <NA>
201 fashion-mnist 1585346     30         3 classification  False   none   none    True       SVM        <NA>       <NA>             NA      <NA>   NA      <NA>        <NA> -2.2224 linear            NA                     <NA>                   NA           NA      <NA>               NA   <NA>    NA            NA       NA       <NA>          NA    <NA>            NA               NA      NA   <NA>       <NA>          <NA>    <NA>             <NA>                   <NA>      <NA>                     <NA>                   NA             NA          <NA>       NA       <NA>     NA    NA              NA              <NA>                 NA       NA       NA    <NA>
315 fashion-mnist 1585346     30         3 classification  False   none   none    True       SVM        <NA>       <NA>             NA      <NA>   NA      <NA>        <NA> -1.9854 linear            NA                     <NA>                   NA           NA      <NA>               NA   <NA>    NA            NA       NA       <NA>          NA    <NA>            NA               NA      NA   <NA>       <NA>          <NA>    <NA>             <NA>                   <NA>      <NA>                     <NA>                   NA             NA          <NA>       NA       <NA>     NA    NA              NA              <NA>                 NA       NA       NA    <NA>
314 fashion-mnist 1585346     30         3 classification  False   none   none    True       SVM        <NA>       <NA>             NA      <NA>   NA      <NA>        <NA> -2.5395 linear            NA                     <NA>                   NA           NA      <NA>               NA   <NA>    NA            NA       NA       <NA>          NA    <NA>            NA               NA      NA   <NA>       <NA>          <NA>    <NA>             <NA>                   <NA>      <NA>                     <NA>                   NA             NA          <NA>       NA       <NA>     NA    NA              NA              <NA>                 NA       NA       NA    <NA>
360 fashion-mnist 1585346     30         3 classification  False   none   none    True       SVM        <NA>       <NA>             NA      <NA>   NA      <NA>        <NA> -2.3334 linear            NA                     <NA>                   NA           NA      <NA>               NA   <NA>    NA            NA       NA       <NA>          NA    <NA>            NA               NA      NA   <NA>       <NA>          <NA>    <NA>             <NA>                   <NA>      <NA>                     <NA>                   NA             NA          <NA>       NA       <NA>     NA    NA              NA              <NA>                 NA       NA       NA    <NA>
359 fashion-mnist 1585346     30         3 classification  False   none   none    True       SVM        <NA>       <NA>             NA      <NA>   NA      <NA>        <NA> -2.1284 linear            NA                     <NA>                   NA           NA      <NA>               NA   <NA>    NA            NA       NA       <NA>          NA    <NA>            NA               NA      NA   <NA>       <NA>          <NA>    <NA>             <NA>                   <NA>      <NA>                     <NA>                   NA             NA          <NA>       NA       <NA>     NA    NA              NA              <NA>                 NA       NA       NA    <NA>
367 fashion-mnist 1585346     30         3 classification  False   none   none    True       SVM        <NA>       <NA>             NA      <NA>   NA      <NA>        <NA> -2.4412 linear            NA                     <NA>                   NA           NA      <NA>               NA   <NA>    NA            NA       NA       <NA>          NA    <NA>            NA               NA      NA   <NA>       <NA>          <NA>    <NA>             <NA>                   <NA>      <NA>                     <NA>                   NA             NA          <NA>       NA       <NA>     NA    NA              NA              <NA>                 NA       NA       NA    <NA>
# 2020-08-17 16:36:35 BRT: Stopped because there is not enough budget left to race more than the minimum (7)
# You may either increase the budget or set 'minNbSurvival' to a lower value
# Iteration: 12
# nbIterations: 12
# experimentsUsedSoFar: 1986
# timeUsed: 0
# remainingBudget: 14
# currentBudget: 14
# number of elites: 7
# nbConfigurations: 7
# Best configurations (first number is the configuration ID; listed from best to worst according to the sum of ranks):
          dataset  job_id cutoff metafolds           task sparse f_eng1 f_eng2 scaling algorithm pre_scaling extraction ext_components selection lr_C lr_solver multi_class       C kernel rf_estimators criterion_classification criterion_regression max_features max_depth min_samples_leaf solver alpha hidden_layers neurons1 activation n_neighbors weights ab_estimators ab_learning_rate ab_loss whiten svd_solver ica_algorithm ica_fun dl_fit_algorithm dl_transform_algorithm sel_model sel_score_classification sel_score_regression sel_percentile sel_threshold max_iter lr_penalty degree gamma max_depth_value mlp_learning_rate learning_rate_init neurons2 neurons3 lr_dual
277 fashion-mnist 1585346     30         3 classification  False   none   none    True       SVM        <NA>       <NA>             NA      <NA>   NA      <NA>        <NA> -2.1802 linear            NA                     <NA>                   NA           NA      <NA>               NA   <NA>    NA            NA       NA       <NA>          NA    <NA>            NA               NA      NA   <NA>       <NA>          <NA>    <NA>             <NA>                   <NA>      <NA>                     <NA>                   NA             NA          <NA>       NA       <NA>     NA    NA              NA              <NA>                 NA       NA       NA    <NA>
201 fashion-mnist 1585346     30         3 classification  False   none   none    True       SVM        <NA>       <NA>             NA      <NA>   NA      <NA>        <NA> -2.2224 linear            NA                     <NA>                   NA           NA      <NA>               NA   <NA>    NA            NA       NA       <NA>          NA    <NA>            NA               NA      NA   <NA>       <NA>          <NA>    <NA>             <NA>                   <NA>      <NA>                     <NA>                   NA             NA          <NA>       NA       <NA>     NA    NA              NA              <NA>                 NA       NA       NA    <NA>
315 fashion-mnist 1585346     30         3 classification  False   none   none    True       SVM        <NA>       <NA>             NA      <NA>   NA      <NA>        <NA> -1.9854 linear            NA                     <NA>                   NA           NA      <NA>               NA   <NA>    NA            NA       NA       <NA>          NA    <NA>            NA               NA      NA   <NA>       <NA>          <NA>    <NA>             <NA>                   <NA>      <NA>                     <NA>                   NA             NA          <NA>       NA       <NA>     NA    NA              NA              <NA>                 NA       NA       NA    <NA>
314 fashion-mnist 1585346     30         3 classification  False   none   none    True       SVM        <NA>       <NA>             NA      <NA>   NA      <NA>        <NA> -2.5395 linear            NA                     <NA>                   NA           NA      <NA>               NA   <NA>    NA            NA       NA       <NA>          NA    <NA>            NA               NA      NA   <NA>       <NA>          <NA>    <NA>             <NA>                   <NA>      <NA>                     <NA>                   NA             NA          <NA>       NA       <NA>     NA    NA              NA              <NA>                 NA       NA       NA    <NA>
360 fashion-mnist 1585346     30         3 classification  False   none   none    True       SVM        <NA>       <NA>             NA      <NA>   NA      <NA>        <NA> -2.3334 linear            NA                     <NA>                   NA           NA      <NA>               NA   <NA>    NA            NA       NA       <NA>          NA    <NA>            NA               NA      NA   <NA>       <NA>          <NA>    <NA>             <NA>                   <NA>      <NA>                     <NA>                   NA             NA          <NA>       NA       <NA>     NA    NA              NA              <NA>                 NA       NA       NA    <NA>
359 fashion-mnist 1585346     30         3 classification  False   none   none    True       SVM        <NA>       <NA>             NA      <NA>   NA      <NA>        <NA> -2.1284 linear            NA                     <NA>                   NA           NA      <NA>               NA   <NA>    NA            NA       NA       <NA>          NA    <NA>            NA               NA      NA   <NA>       <NA>          <NA>    <NA>             <NA>                   <NA>      <NA>                     <NA>                   NA             NA          <NA>       NA       <NA>     NA    NA              NA              <NA>                 NA       NA       NA    <NA>
367 fashion-mnist 1585346     30         3 classification  False   none   none    True       SVM        <NA>       <NA>             NA      <NA>   NA      <NA>        <NA> -2.4412 linear            NA                     <NA>                   NA           NA      <NA>               NA   <NA>    NA            NA       NA       <NA>          NA    <NA>            NA               NA      NA   <NA>       <NA>          <NA>    <NA>             <NA>                   <NA>      <NA>                     <NA>                   NA             NA          <NA>       NA       <NA>     NA    NA              NA              <NA>                 NA       NA       NA    <NA>
# Best configurations as commandlines (first number is the configuration ID; same order as above):
277  --dataset fashion-mnist --job_id 1585346 --cutoff 30 --metafolds 3 --task classification --sparse False --f_eng1 none --f_eng2 none --scaling True --algorithm SVM --C -2.1802 --kernel linear
201  --dataset fashion-mnist --job_id 1585346 --cutoff 30 --metafolds 3 --task classification --sparse False --f_eng1 none --f_eng2 none --scaling True --algorithm SVM --C -2.2224 --kernel linear
315  --dataset fashion-mnist --job_id 1585346 --cutoff 30 --metafolds 3 --task classification --sparse False --f_eng1 none --f_eng2 none --scaling True --algorithm SVM --C -1.9854 --kernel linear
314  --dataset fashion-mnist --job_id 1585346 --cutoff 30 --metafolds 3 --task classification --sparse False --f_eng1 none --f_eng2 none --scaling True --algorithm SVM --C -2.5395 --kernel linear
360  --dataset fashion-mnist --job_id 1585346 --cutoff 30 --metafolds 3 --task classification --sparse False --f_eng1 none --f_eng2 none --scaling True --algorithm SVM --C -2.3334 --kernel linear
359  --dataset fashion-mnist --job_id 1585346 --cutoff 30 --metafolds 3 --task classification --sparse False --f_eng1 none --f_eng2 none --scaling True --algorithm SVM --C -2.1284 --kernel linear
367  --dataset fashion-mnist --job_id 1585346 --cutoff 30 --metafolds 3 --task classification --sparse False --f_eng1 none --f_eng2 none --scaling True --algorithm SVM --C -2.4412 --kernel linear
