*******************************************************************************
* irace: An implementation in R of Iterated Race
* Version: 3.1.2112M
* Copyright (C) 2010-2018
* Manuel Lopez-Ibanez     <manuel.lopez-ibanez@manchester.ac.uk>
* Jeremie Dubois-Lacoste  
* Leslie Perez Caceres    <leslie.perez.caceres@ulb.ac.be>
*
* This is free software, and you are welcome to redistribute it under certain
* conditions.  See the GNU General Public License for details. There is NO
* WARRANTY; not even for MERCHANTABILITY or FITNESS FOR A PARTICULAR PURPOSE.
*
* irace builds upon previous code from the race package:
*
* race: Racing methods for the selection of the best
* Copyright (C) 2003 Mauro Birattari
*******************************************************************************
# installed at: /home/cemvieira/bin/R/irace
# called with: -s scenario.txt --max-experiments 2000 -p ./fashion-mnist/parameters-1585347.txt --parallel 32 --train-instances-file fashion-mnist/instances.txt --log-file ./output/fashion-mnist/fashion-mnist-3f2k30m-irace-1585347.Rdata
# 8 expression(s) specifying forbidden configurations read from '/home/cemvieira/isklearn/forbidden.txt'
# 2020-08-16 18:01:29 BRT: Initialization
# Elitist race
# Elitist new instances: 1
# Elitist limit: 2
# nbIterations: 7
# minNbSurvival: 7
# nbParameters: 50
# seed: 1424594091
# confidence level: 0.95
# budget: 2000
# mu: 5
# deterministic: TRUE

# 2020-08-16 18:01:29 BRT: Iteration 1 of 7
# experimentsUsedSoFar: 0
# remainingBudget: 2000
# currentBudget: 285
# nbConfigurations: 47
  Markers:
     x No test is performed.
     - The test is performed and some configurations are discarded.
     = The test is performed but no configuration is discarded.
     ! The test is performed and configurations could be discarded but elite configurations are preserved.
     . All alive configurations are elite and nothing is discarded

+-+-----------+-----------+-----------+---------------+-----------+--------+-----+----+------+
| |   Instance|      Alive|       Best|      Mean best| Exp so far|  W time|  rho|KenW|  Qvar|
+-+-----------+-----------+-----------+---------------+-----------+--------+-----+----+------+
|x|          1|         47|         27|  -0.7551111111|         47|01:00:02|   NA|  NA|    NA|
|x|          2|         47|         27|  -0.7538888889|         94|01:00:01|+1.00|1.00|0.0000|
|x|          3|         47|         27|  -0.7515925926|        141|01:00:01|+1.00|1.00|0.0000|
|x|          4|         47|         27|  -0.7518611111|        188|01:00:01|+1.00|1.00|0.0000|
|!|          5|          1|         27|  -0.7514222222|        235|01:00:01|   NA|  NA|    NA|
+-+-----------+-----------+-----------+---------------+-----------+--------+-----+----+------+
Best-so-far configuration:          27    mean value:   -0.7514222222
Description of the best-so-far configuration:
   .ID.       dataset  job_id cutoff metafolds           task sparse    f_eng1 f_eng2 scaling  algorithm pre_scaling extraction ext_components        selection lr_C lr_solver multi_class  C kernel rf_estimators criterion_classification criterion_regression max_features max_depth min_samples_leaf solver alpha hidden_layers neurons1 activation n_neighbors  weights ab_estimators ab_learning_rate ab_loss whiten svd_solver ica_algorithm ica_fun dl_fit_algorithm dl_transform_algorithm sel_model sel_score_classification sel_score_regression sel_percentile sel_threshold max_iter lr_penalty degree gamma max_depth_value mlp_learning_rate learning_rate_init neurons2 neurons3 lr_dual .PARENT.
27   27 fashion-mnist 1585347     30         3 classification  False Selection   none   False KNeighbors        True       <NA>             NA SelectPercentile   NA      <NA>        <NA> NA   <NA>            NA                     <NA>                   NA           NA      <NA>               NA   <NA>    NA            NA       NA       <NA>          81 distance            NA               NA      NA   <NA>       <NA>          <NA>    <NA>             <NA>                   <NA>      <NA>                f_classif                   NA             64          <NA>       NA       <NA>     NA    NA              NA              <NA>                 NA       NA       NA      NA       NA

# 2020-08-16 23:01:39 BRT: Elite configurations (first number is the configuration ID; listed from best to worst according to the sum of ranks):
         dataset  job_id cutoff metafolds           task sparse    f_eng1 f_eng2 scaling  algorithm pre_scaling extraction ext_components        selection lr_C lr_solver multi_class  C kernel rf_estimators criterion_classification criterion_regression max_features max_depth min_samples_leaf solver alpha hidden_layers neurons1 activation n_neighbors  weights ab_estimators ab_learning_rate ab_loss whiten svd_solver ica_algorithm ica_fun dl_fit_algorithm dl_transform_algorithm sel_model sel_score_classification sel_score_regression sel_percentile sel_threshold max_iter lr_penalty degree gamma max_depth_value mlp_learning_rate learning_rate_init neurons2 neurons3 lr_dual
27 fashion-mnist 1585347     30         3 classification  False Selection   none   False KNeighbors        True       <NA>             NA SelectPercentile   NA      <NA>        <NA> NA   <NA>            NA                     <NA>                   NA           NA      <NA>               NA   <NA>    NA            NA       NA       <NA>          81 distance            NA               NA      NA   <NA>       <NA>          <NA>    <NA>             <NA>                   <NA>      <NA>                f_classif                   NA             64          <NA>       NA       <NA>     NA    NA              NA              <NA>                 NA       NA       NA      NA
# 2020-08-16 23:01:39 BRT: Iteration 2 of 7
# experimentsUsedSoFar: 235
# remainingBudget: 1765
# currentBudget: 294
# nbConfigurations: 42
  Markers:
     x No test is performed.
     - The test is performed and some configurations are discarded.
     = The test is performed but no configuration is discarded.
     ! The test is performed and configurations could be discarded but elite configurations are preserved.
     . All alive configurations are elite and nothing is discarded

+-+-----------+-----------+-----------+---------------+-----------+--------+-----+----+------+
| |   Instance|      Alive|       Best|      Mean best| Exp so far|  W time|  rho|KenW|  Qvar|
+-+-----------+-----------+-----------+---------------+-----------+--------+-----+----+------+
|x|          6|         42|         49|  -0.8044444444|         42|00:51:23|   NA|  NA|    NA|
|x|          4|         42|         49|  -0.8028333333|         83|00:51:14|+1.00|1.00|0.0000|
|x|          5|         42|         49|  -0.8023333333|        124|00:51:34|+0.98|0.99|0.0360|
|x|          2|         42|         49|  -0.8021388889|        165|00:51:26|+0.99|0.99|0.0270|
|!|          1|          3|         49|  -0.8031333333|        206|00:51:42|+1.00|1.00|0.0045|
+-+-----------+-----------+-----------+---------------+-----------+--------+-----+----+------+
Best-so-far configuration:          27    mean value:   -0.7510555556
Description of the best-so-far configuration:
   .ID.       dataset  job_id cutoff metafolds           task sparse    f_eng1 f_eng2 scaling  algorithm pre_scaling extraction ext_components        selection lr_C lr_solver multi_class  C kernel rf_estimators criterion_classification criterion_regression max_features max_depth min_samples_leaf solver alpha hidden_layers neurons1 activation n_neighbors  weights ab_estimators ab_learning_rate ab_loss whiten svd_solver ica_algorithm ica_fun dl_fit_algorithm dl_transform_algorithm sel_model sel_score_classification sel_score_regression sel_percentile sel_threshold max_iter lr_penalty degree gamma max_depth_value mlp_learning_rate learning_rate_init neurons2 neurons3 lr_dual .PARENT.
27   27 fashion-mnist 1585347     30         3 classification  False Selection   none   False KNeighbors        True       <NA>             NA SelectPercentile   NA      <NA>        <NA> NA   <NA>            NA                     <NA>                   NA           NA      <NA>               NA   <NA>    NA            NA       NA       <NA>          81 distance            NA               NA      NA   <NA>       <NA>          <NA>    <NA>             <NA>                   <NA>      <NA>                f_classif                   NA             64          <NA>       NA       <NA>     NA    NA              NA              <NA>                 NA       NA       NA      NA       NA

# 2020-08-17 03:19:02 BRT: Elite configurations (first number is the configuration ID; listed from best to worst according to the sum of ranks):
         dataset  job_id cutoff metafolds           task sparse     f_eng1 f_eng2 scaling  algorithm pre_scaling extraction ext_components        selection lr_C lr_solver multi_class      C kernel rf_estimators criterion_classification criterion_regression max_features max_depth min_samples_leaf solver   alpha hidden_layers neurons1 activation n_neighbors  weights ab_estimators ab_learning_rate ab_loss whiten svd_solver ica_algorithm ica_fun dl_fit_algorithm dl_transform_algorithm sel_model sel_score_classification sel_score_regression sel_percentile sel_threshold max_iter lr_penalty degree gamma max_depth_value mlp_learning_rate learning_rate_init neurons2 neurons3 lr_dual
27 fashion-mnist 1585347     30         3 classification  False  Selection   none   False KNeighbors        True       <NA>             NA SelectPercentile   NA      <NA>        <NA>     NA   <NA>            NA                     <NA>                   NA           NA      <NA>               NA   <NA>      NA            NA       NA       <NA>          81 distance            NA               NA      NA   <NA>       <NA>          <NA>    <NA>             <NA>                   <NA>      <NA>                f_classif                   NA             64          <NA>       NA       <NA>     NA    NA              NA              <NA>                 NA       NA       NA      NA
49 fashion-mnist 1585347     30         3 classification  False Extraction   none   False        SVM       False        PCA          0.784             <NA>   NA      <NA>        <NA> 0.6208 linear            NA                     <NA>                   NA           NA      <NA>               NA   <NA>      NA            NA       NA       <NA>          NA     <NA>            NA               NA      NA  False     arpack          <NA>    <NA>             <NA>                   <NA>      <NA>                     <NA>                   NA             NA          <NA>       NA       <NA>     NA    NA              NA              <NA>                 NA       NA       NA      NA
87 fashion-mnist 1585347     30         3 classification  False  Selection   none    True        MLP       False       <NA>             NA SelectPercentile   NA      <NA>        <NA>     NA   <NA>            NA                     <NA>                   NA           NA      <NA>               NA   adam -2.5648             3      103   identity          NA     <NA>            NA               NA      NA   <NA>       <NA>          <NA>    <NA>             <NA>                   <NA>      <NA>                f_classif                   NA             63          <NA>       NA       <NA>     NA    NA              NA              <NA>            -2.3362      124      162      NA
# 2020-08-17 03:19:02 BRT: Iteration 3 of 7
# experimentsUsedSoFar: 441
# remainingBudget: 1559
# currentBudget: 311
# nbConfigurations: 41
  Markers:
     x No test is performed.
     - The test is performed and some configurations are discarded.
     = The test is performed but no configuration is discarded.
     ! The test is performed and configurations could be discarded but elite configurations are preserved.
     . All alive configurations are elite and nothing is discarded

+-+-----------+-----------+-----------+---------------+-----------+--------+-----+----+------+
| |   Instance|      Alive|       Best|      Mean best| Exp so far|  W time|  rho|KenW|  Qvar|
+-+-----------+-----------+-----------+---------------+-----------+--------+-----+----+------+
|x|          7|         41|         49|  -0.8048888889|         41|00:43:50|   NA|  NA|    NA|
|x|          4|         41|         49|  -0.8030555556|         79|00:37:30|+1.00|1.00|0.0000|
|x|          6|         41|         49|  -0.8035185185|        117|00:37:32|+0.97|0.98|0.0316|
|x|          1|         41|         49|  -0.8044166667|        155|00:37:38|+0.96|0.97|0.0480|
|!|          3|          5|         49|  -0.8031555556|        195|00:43:40|+0.84|0.87|0.0044|
+-+-----------+-----------+-----------+---------------+-----------+--------+-----+----+------+
Best-so-far configuration:          49    mean value:   -0.8026666667
Description of the best-so-far configuration:
   .ID.       dataset  job_id cutoff metafolds           task sparse     f_eng1 f_eng2 scaling algorithm pre_scaling extraction ext_components selection lr_C lr_solver multi_class      C kernel rf_estimators criterion_classification criterion_regression max_features max_depth min_samples_leaf solver alpha hidden_layers neurons1 activation n_neighbors weights ab_estimators ab_learning_rate ab_loss whiten svd_solver ica_algorithm ica_fun dl_fit_algorithm dl_transform_algorithm sel_model sel_score_classification sel_score_regression sel_percentile sel_threshold max_iter lr_penalty degree gamma max_depth_value mlp_learning_rate learning_rate_init neurons2 neurons3 lr_dual .PARENT.
49   49 fashion-mnist 1585347     30         3 classification  False Extraction   none   False       SVM       False        PCA          0.784      <NA>   NA      <NA>        <NA> 0.6208 linear            NA                     <NA>                   NA           NA      <NA>               NA   <NA>    NA            NA       NA       <NA>          NA    <NA>            NA               NA      NA  False     arpack          <NA>    <NA>             <NA>                   <NA>      <NA>                     <NA>                   NA             NA          <NA>       NA       <NA>     NA    NA              NA              <NA>                 NA       NA       NA      NA       27

# 2020-08-17 06:39:16 BRT: Elite configurations (first number is the configuration ID; listed from best to worst according to the sum of ranks):
          dataset  job_id cutoff metafolds           task sparse     f_eng1     f_eng2 scaling  algorithm pre_scaling extraction ext_components        selection lr_C lr_solver multi_class       C kernel rf_estimators criterion_classification criterion_regression max_features max_depth min_samples_leaf solver   alpha hidden_layers neurons1 activation n_neighbors  weights ab_estimators ab_learning_rate ab_loss whiten svd_solver ica_algorithm ica_fun dl_fit_algorithm dl_transform_algorithm sel_model sel_score_classification sel_score_regression sel_percentile sel_threshold max_iter lr_penalty degree gamma max_depth_value mlp_learning_rate learning_rate_init neurons2 neurons3 lr_dual
49  fashion-mnist 1585347     30         3 classification  False Extraction       none   False        SVM       False        PCA         0.7840             <NA>   NA      <NA>        <NA>  0.6208 linear            NA                     <NA>                   NA           NA      <NA>               NA   <NA>      NA            NA       NA       <NA>          NA     <NA>            NA               NA      NA  False     arpack          <NA>    <NA>             <NA>                   <NA>      <NA>                     <NA>                   NA             NA          <NA>       NA       <NA>     NA    NA              NA              <NA>                 NA       NA       NA      NA
87  fashion-mnist 1585347     30         3 classification  False  Selection       none    True        MLP       False       <NA>             NA SelectPercentile   NA      <NA>        <NA>      NA   <NA>            NA                     <NA>                   NA           NA      <NA>               NA   adam -2.5648             3      103   identity          NA     <NA>            NA               NA      NA   <NA>       <NA>          <NA>    <NA>             <NA>                   <NA>      <NA>                f_classif                   NA             63          <NA>       NA       <NA>     NA    NA              NA              <NA>            -2.3362      124      162      NA
27  fashion-mnist 1585347     30         3 classification  False  Selection       none   False KNeighbors        True       <NA>             NA SelectPercentile   NA      <NA>        <NA>      NA   <NA>            NA                     <NA>                   NA           NA      <NA>               NA   <NA>      NA            NA       NA       <NA>          81 distance            NA               NA      NA   <NA>       <NA>          <NA>    <NA>             <NA>                   <NA>      <NA>                f_classif                   NA             64          <NA>       NA       <NA>     NA    NA              NA              <NA>                 NA       NA       NA      NA
92  fashion-mnist 1585347     30         3 classification  False       none Extraction   False        SVM       False        PCA         0.6136             <NA>   NA      <NA>        <NA> -0.0511 linear            NA                     <NA>                   NA           NA      <NA>               NA   <NA>      NA            NA       NA       <NA>          NA     <NA>            NA               NA      NA  False     arpack          <NA>    <NA>             <NA>                   <NA>      <NA>                     <NA>                   NA             NA          <NA>       NA       <NA>     NA    NA              NA              <NA>                 NA       NA       NA      NA
115 fashion-mnist 1585347     30         3 classification  False Extraction       none   False        SVM       False        PCA         0.5036             <NA>   NA      <NA>        <NA>  0.6960 linear            NA                     <NA>                   NA           NA      <NA>               NA   <NA>      NA            NA       NA       <NA>          NA     <NA>            NA               NA      NA  False       auto          <NA>    <NA>             <NA>                   <NA>      <NA>                     <NA>                   NA             NA          <NA>       NA       <NA>     NA    NA              NA              <NA>                 NA       NA       NA      NA
# 2020-08-17 06:39:16 BRT: Iteration 4 of 7
# experimentsUsedSoFar: 636
# remainingBudget: 1364
# currentBudget: 341
# nbConfigurations: 41
  Markers:
     x No test is performed.
     - The test is performed and some configurations are discarded.
     = The test is performed but no configuration is discarded.
     ! The test is performed and configurations could be discarded but elite configurations are preserved.
     . All alive configurations are elite and nothing is discarded

+-+-----------+-----------+-----------+---------------+-----------+--------+-----+----+------+
| |   Instance|      Alive|       Best|      Mean best| Exp so far|  W time|  rho|KenW|  Qvar|
+-+-----------+-----------+-----------+---------------+-----------+--------+-----+----+------+
|x|          8|         41|         49|  -0.8070000000|         41|00:47:08|   NA|  NA|    NA|
|x|          3|         41|         49|  -0.8025555556|         77|00:44:28|+0.85|0.92|0.1917|
|x|          4|         41|         49|  -0.8021111111|        113|00:44:33|+0.89|0.93|0.1278|
|x|          2|         41|         49|  -0.8019722222|        151|00:46:33|+0.89|0.92|0.1209|
|!|          6|          7|         92|  -0.8023333333|        187|00:44:26|+0.89|0.91|0.0052|
+-+-----------+-----------+-----------+---------------+-----------+--------+-----+----+------+
Best-so-far configuration:          49    mean value:   -0.8032083333
Description of the best-so-far configuration:
   .ID.       dataset  job_id cutoff metafolds           task sparse     f_eng1 f_eng2 scaling algorithm pre_scaling extraction ext_components selection lr_C lr_solver multi_class      C kernel rf_estimators criterion_classification criterion_regression max_features max_depth min_samples_leaf solver alpha hidden_layers neurons1 activation n_neighbors weights ab_estimators ab_learning_rate ab_loss whiten svd_solver ica_algorithm ica_fun dl_fit_algorithm dl_transform_algorithm sel_model sel_score_classification sel_score_regression sel_percentile sel_threshold max_iter lr_penalty degree gamma max_depth_value mlp_learning_rate learning_rate_init neurons2 neurons3 lr_dual .PARENT.
49   49 fashion-mnist 1585347     30         3 classification  False Extraction   none   False       SVM       False        PCA          0.784      <NA>   NA      <NA>        <NA> 0.6208 linear            NA                     <NA>                   NA           NA      <NA>               NA   <NA>    NA            NA       NA       <NA>          NA    <NA>            NA               NA      NA  False     arpack          <NA>    <NA>             <NA>                   <NA>      <NA>                     <NA>                   NA             NA          <NA>       NA       <NA>     NA    NA              NA              <NA>                 NA       NA       NA      NA       27

# 2020-08-17 10:26:28 BRT: Elite configurations (first number is the configuration ID; listed from best to worst according to the sum of ranks):
          dataset  job_id cutoff metafolds           task sparse     f_eng1     f_eng2 scaling  algorithm pre_scaling extraction ext_components        selection lr_C lr_solver multi_class       C kernel rf_estimators criterion_classification criterion_regression max_features max_depth min_samples_leaf solver   alpha hidden_layers neurons1 activation n_neighbors  weights ab_estimators ab_learning_rate ab_loss whiten svd_solver ica_algorithm ica_fun dl_fit_algorithm dl_transform_algorithm sel_model sel_score_classification sel_score_regression sel_percentile sel_threshold max_iter lr_penalty degree gamma max_depth_value mlp_learning_rate learning_rate_init neurons2 neurons3 lr_dual
49  fashion-mnist 1585347     30         3 classification  False Extraction       none   False        SVM       False        PCA         0.7840             <NA>   NA      <NA>        <NA>  0.6208 linear            NA                     <NA>                   NA           NA      <NA>               NA   <NA>      NA            NA       NA       <NA>          NA     <NA>            NA               NA      NA  False     arpack          <NA>    <NA>             <NA>                   <NA>      <NA>                     <NA>                   NA             NA          <NA>       NA       <NA>     NA    NA              NA              <NA>                 NA       NA       NA      NA
87  fashion-mnist 1585347     30         3 classification  False  Selection       none    True        MLP       False       <NA>             NA SelectPercentile   NA      <NA>        <NA>      NA   <NA>            NA                     <NA>                   NA           NA      <NA>               NA   adam -2.5648             3      103   identity          NA     <NA>            NA               NA      NA   <NA>       <NA>          <NA>    <NA>             <NA>                   <NA>      <NA>                f_classif                   NA             63          <NA>       NA       <NA>     NA    NA              NA              <NA>            -2.3362      124      162      NA
27  fashion-mnist 1585347     30         3 classification  False  Selection       none   False KNeighbors        True       <NA>             NA SelectPercentile   NA      <NA>        <NA>      NA   <NA>            NA                     <NA>                   NA           NA      <NA>               NA   <NA>      NA            NA       NA       <NA>          81 distance            NA               NA      NA   <NA>       <NA>          <NA>    <NA>             <NA>                   <NA>      <NA>                f_classif                   NA             64          <NA>       NA       <NA>     NA    NA              NA              <NA>                 NA       NA       NA      NA
92  fashion-mnist 1585347     30         3 classification  False       none Extraction   False        SVM       False        PCA         0.6136             <NA>   NA      <NA>        <NA> -0.0511 linear            NA                     <NA>                   NA           NA      <NA>               NA   <NA>      NA            NA       NA       <NA>          NA     <NA>            NA               NA      NA  False     arpack          <NA>    <NA>             <NA>                   <NA>      <NA>                     <NA>                   NA             NA          <NA>       NA       <NA>     NA    NA              NA              <NA>                 NA       NA       NA      NA
115 fashion-mnist 1585347     30         3 classification  False Extraction       none   False        SVM       False        PCA         0.5036             <NA>   NA      <NA>        <NA>  0.6960 linear            NA                     <NA>                   NA           NA      <NA>               NA   <NA>      NA            NA       NA       <NA>          NA     <NA>            NA               NA      NA  False       auto          <NA>    <NA>             <NA>                   <NA>      <NA>                     <NA>                   NA             NA          <NA>       NA       <NA>     NA    NA              NA              <NA>                 NA       NA       NA      NA
151 fashion-mnist 1585347     30         3 classification  False Extraction       none   False        SVM       False        PCA         0.5083             <NA>   NA      <NA>        <NA>  0.4904 linear            NA                     <NA>                   NA           NA      <NA>               NA   <NA>      NA            NA       NA       <NA>          NA     <NA>            NA               NA      NA  False       auto          <NA>    <NA>             <NA>                   <NA>      <NA>                     <NA>                   NA             NA          <NA>       NA       <NA>     NA    NA              NA              <NA>                 NA       NA       NA      NA
128 fashion-mnist 1585347     30         3 classification  False Extraction       none   False        SVM       False        PCA         0.3999             <NA>   NA      <NA>        <NA>  4.8924 linear            NA                     <NA>                   NA           NA      <NA>               NA   <NA>      NA            NA       NA       <NA>          NA     <NA>            NA               NA      NA  False randomized          <NA>    <NA>             <NA>                   <NA>      <NA>                     <NA>                   NA             NA          <NA>       NA       <NA>     NA    NA              NA              <NA>                 NA       NA       NA      NA
# 2020-08-17 10:26:28 BRT: Iteration 5 of 7
# experimentsUsedSoFar: 823
# remainingBudget: 1177
# currentBudget: 392
# nbConfigurations: 44
  Markers:
     x No test is performed.
     - The test is performed and some configurations are discarded.
     = The test is performed but no configuration is discarded.
     ! The test is performed and configurations could be discarded but elite configurations are preserved.
     . All alive configurations are elite and nothing is discarded

+-+-----------+-----------+-----------+---------------+-----------+--------+-----+----+------+
| |   Instance|      Alive|       Best|      Mean best| Exp so far|  W time|  rho|KenW|  Qvar|
+-+-----------+-----------+-----------+---------------+-----------+--------+-----+----+------+
|x|          9|         44|        164|  -0.8094444444|         44|00:46:02|   NA|  NA|    NA|
|x|          6|         44|        164|  -0.8106111111|         81|00:31:29|+0.63|0.81|0.2659|
|x|          8|         44|        164|  -0.8092962963|        118|00:31:26|+0.74|0.83|0.1772|
|x|          3|         44|        164|  -0.8075000000|        155|00:31:32|+0.80|0.85|0.1329|
|!|          5|         16|        164|  -0.8072666667|        196|00:37:04|+0.50|0.60|0.5803|
|!|          4|         12|        173|    715827882.0|        205|00:05:59|+0.60|0.66|0.4889|
|!|          2|          9|        173|    613566755.9|        210|00:03:02|+0.61|0.66|0.4175|
|!|          1|          8|        173|    536870911.3|        214|00:02:57|+0.65|0.70|0.3679|
|!|          7|          3|        173|    477218587.7|        217|00:02:31|+0.46|0.52|0.3063|
+-+-----------+-----------+-----------+---------------+-----------+--------+-----+----+------+
Best-so-far configuration:         173    mean value:     477218587.7
Description of the best-so-far configuration:
    .ID.       dataset  job_id cutoff metafolds           task sparse    f_eng1 f_eng2 scaling algorithm pre_scaling extraction ext_components        selection lr_C lr_solver multi_class  C kernel rf_estimators criterion_classification criterion_regression max_features max_depth min_samples_leaf solver   alpha hidden_layers neurons1 activation n_neighbors weights ab_estimators ab_learning_rate ab_loss whiten svd_solver ica_algorithm ica_fun dl_fit_algorithm dl_transform_algorithm sel_model sel_score_classification sel_score_regression sel_percentile sel_threshold max_iter lr_penalty degree gamma max_depth_value mlp_learning_rate learning_rate_init neurons2 neurons3 lr_dual .PARENT.
173  173 fashion-mnist 1585347     30         3 classification  False Selection   none   False       MLP        True       <NA>             NA SelectPercentile   NA      <NA>        <NA> NA   <NA>            NA                     <NA>                   NA           NA      <NA>               NA  lbfgs -1.1471             1      216   logistic          NA    <NA>            NA               NA      NA   <NA>       <NA>          <NA>    <NA>             <NA>                   <NA>      <NA>                f_classif                   NA             89          <NA>       NA       <NA>     NA    NA              NA              <NA>                 NA       NA       NA      NA       27

# 2020-08-17 13:38:35 BRT: Elite configurations (first number is the configuration ID; listed from best to worst according to the sum of ranks):
          dataset  job_id cutoff metafolds           task sparse     f_eng1 f_eng2 scaling algorithm pre_scaling extraction ext_components        selection lr_C lr_solver multi_class       C kernel rf_estimators criterion_classification criterion_regression max_features max_depth min_samples_leaf solver   alpha hidden_layers neurons1 activation n_neighbors weights ab_estimators ab_learning_rate ab_loss whiten svd_solver ica_algorithm ica_fun dl_fit_algorithm dl_transform_algorithm sel_model sel_score_classification sel_score_regression sel_percentile sel_threshold max_iter lr_penalty degree   gamma max_depth_value mlp_learning_rate learning_rate_init neurons2 neurons3 lr_dual
173 fashion-mnist 1585347     30         3 classification  False  Selection   none   False       MLP        True       <NA>             NA SelectPercentile   NA      <NA>        <NA>      NA   <NA>            NA                     <NA>                   NA           NA      <NA>               NA  lbfgs -1.1471             1      216   logistic          NA    <NA>            NA               NA      NA   <NA>       <NA>          <NA>    <NA>             <NA>                   <NA>      <NA>                f_classif                   NA             89          <NA>       NA       <NA>     NA      NA              NA              <NA>                 NA       NA       NA      NA
174 fashion-mnist 1585347     30         3 classification  False Extraction   none   False       SVM       False        PCA         0.6844             <NA>   NA      <NA>        <NA> -0.0100   poly            NA                     <NA>                   NA           NA      <NA>               NA   <NA>      NA            NA       NA       <NA>          NA    <NA>            NA               NA      NA  False       auto          <NA>    <NA>             <NA>                   <NA>      <NA>                     <NA>                   NA             NA          <NA>       NA       <NA>      2 -1.4754              NA              <NA>                 NA       NA       NA      NA
164 fashion-mnist 1585347     30         3 classification  False       none   none    True       SVM        <NA>       <NA>             NA             <NA>   NA      <NA>        <NA> -0.9436 linear            NA                     <NA>                   NA           NA      <NA>               NA   <NA>      NA            NA       NA       <NA>          NA    <NA>            NA               NA      NA   <NA>       <NA>          <NA>    <NA>             <NA>                   <NA>      <NA>                     <NA>                   NA             NA          <NA>       NA       <NA>     NA      NA              NA              <NA>                 NA       NA       NA      NA
# 2020-08-17 13:38:35 BRT: Iteration 6 of 7
# experimentsUsedSoFar: 1040
# remainingBudget: 960
# currentBudget: 480
# nbConfigurations: 50
  Markers:
     x No test is performed.
     - The test is performed and some configurations are discarded.
     = The test is performed but no configuration is discarded.
     ! The test is performed and configurations could be discarded but elite configurations are preserved.
     . All alive configurations are elite and nothing is discarded

+-+-----------+-----------+-----------+---------------+-----------+--------+-----+----+------+
| |   Instance|      Alive|       Best|      Mean best| Exp so far|  W time|  rho|KenW|  Qvar|
+-+-----------+-----------+-----------+---------------+-----------+--------+-----+----+------+
|x|         10|         50|        231|  -0.8377777778|         50|00:53:39|   NA|  NA|    NA|
|x|          2|         50|        237|  -0.8352222222|         97|00:53:15|+0.75|0.88|0.1992|
|x|          4|         50|        237|  -0.8338518519|        144|00:59:51|+0.68|0.79|0.2841|
|x|          9|         50|        237|  -0.8336111111|        191|00:51:43|+0.74|0.80|0.2396|
|!|          1|         11|        237|  -0.8329555556|        238|00:52:06|+0.28|0.43|0.9125|
|!|          5|          9|        235|  -0.8313888889|        246|00:07:34|+0.10|0.25|0.8173|
|=|          6|          9|        173|    1227133513.|        252|00:04:32|+0.14|0.26|0.7682|
|!|          3|          8|        231|    536870911.3|        258|00:04:28|+0.19|0.29|0.7005|
|-|          7|          8|        231|    477218587.7|        263|00:04:23|+0.20|0.29|0.6403|
|!|          8|          7|        231|    429496728.9|        268|00:04:25|+0.04|0.13|0.8830|
+-+-----------+-----------+-----------+---------------+-----------+--------+-----+----+------+
Best-so-far configuration:         231    mean value:     429496728.9
Description of the best-so-far configuration:
    .ID.       dataset  job_id cutoff metafolds           task sparse     f_eng1 f_eng2 scaling algorithm pre_scaling extraction ext_components selection lr_C lr_solver multi_class      C kernel rf_estimators criterion_classification criterion_regression max_features max_depth min_samples_leaf solver alpha hidden_layers neurons1 activation n_neighbors weights ab_estimators ab_learning_rate ab_loss whiten svd_solver ica_algorithm ica_fun dl_fit_algorithm dl_transform_algorithm sel_model sel_score_classification sel_score_regression sel_percentile sel_threshold max_iter lr_penalty degree   gamma max_depth_value mlp_learning_rate learning_rate_init neurons2 neurons3 lr_dual .PARENT.
231  231 fashion-mnist 1585347     30         3 classification  False Extraction   none   False       SVM       False        PCA         0.5909      <NA>   NA      <NA>        <NA> 3.0726   poly            NA                     <NA>                   NA           NA      <NA>               NA   <NA>    NA            NA       NA       <NA>          NA    <NA>            NA               NA      NA  False       auto          <NA>    <NA>             <NA>                   <NA>      <NA>                     <NA>                   NA             NA          <NA>       NA       <NA>      2 -0.8339              NA              <NA>                 NA       NA       NA      NA      174

# 2020-08-17 18:34:38 BRT: Elite configurations (first number is the configuration ID; listed from best to worst according to the sum of ranks):
          dataset  job_id cutoff metafolds           task sparse     f_eng1 f_eng2 scaling algorithm pre_scaling extraction ext_components        selection lr_C lr_solver multi_class       C kernel rf_estimators criterion_classification criterion_regression max_features max_depth min_samples_leaf solver   alpha hidden_layers neurons1 activation n_neighbors weights ab_estimators ab_learning_rate ab_loss whiten svd_solver ica_algorithm ica_fun dl_fit_algorithm dl_transform_algorithm sel_model sel_score_classification sel_score_regression sel_percentile sel_threshold max_iter lr_penalty degree   gamma max_depth_value mlp_learning_rate learning_rate_init neurons2 neurons3 lr_dual
231 fashion-mnist 1585347     30         3 classification  False Extraction   none   False       SVM       False        PCA         0.5909             <NA>   NA      <NA>        <NA>  3.0726   poly            NA                     <NA>                   NA           NA      <NA>               NA   <NA>      NA            NA       NA       <NA>          NA    <NA>            NA               NA      NA  False       auto          <NA>    <NA>             <NA>                   <NA>      <NA>                     <NA>                   NA             NA          <NA>       NA       <NA>      2 -0.8339              NA              <NA>                 NA       NA       NA      NA
173 fashion-mnist 1585347     30         3 classification  False  Selection   none   False       MLP        True       <NA>             NA SelectPercentile   NA      <NA>        <NA>      NA   <NA>            NA                     <NA>                   NA           NA      <NA>               NA  lbfgs -1.1471             1      216   logistic          NA    <NA>            NA               NA      NA   <NA>       <NA>          <NA>    <NA>             <NA>                   <NA>      <NA>                f_classif                   NA             89          <NA>       NA       <NA>     NA      NA              NA              <NA>                 NA       NA       NA      NA
174 fashion-mnist 1585347     30         3 classification  False Extraction   none   False       SVM       False        PCA         0.6844             <NA>   NA      <NA>        <NA> -0.0100   poly            NA                     <NA>                   NA           NA      <NA>               NA   <NA>      NA            NA       NA       <NA>          NA    <NA>            NA               NA      NA  False       auto          <NA>    <NA>             <NA>                   <NA>      <NA>                     <NA>                   NA             NA          <NA>       NA       <NA>      2 -1.4754              NA              <NA>                 NA       NA       NA      NA
235 fashion-mnist 1585347     30         3 classification  False Extraction   none   False       SVM       False        PCA         0.4997             <NA>   NA      <NA>        <NA>  0.4750   poly            NA                     <NA>                   NA           NA      <NA>               NA   <NA>      NA            NA       NA       <NA>          NA    <NA>            NA               NA      NA  False       auto          <NA>    <NA>             <NA>                   <NA>      <NA>                     <NA>                   NA             NA          <NA>       NA       <NA>      3 -2.7942              NA              <NA>                 NA       NA       NA      NA
237 fashion-mnist 1585347     30         3 classification  False Extraction   none   False       SVM       False        PCA         0.3419             <NA>   NA      <NA>        <NA> -3.1750   poly            NA                     <NA>                   NA           NA      <NA>               NA   <NA>      NA            NA       NA       <NA>          NA    <NA>            NA               NA      NA  False       auto          <NA>    <NA>             <NA>                   <NA>      <NA>                     <NA>                   NA             NA          <NA>       NA       <NA>      2 -1.1006              NA              <NA>                 NA       NA       NA      NA
207 fashion-mnist 1585347     30         3 classification  False Extraction   none   False       SVM       False        PCA         0.3926             <NA>   NA      <NA>        <NA>  2.2321   poly            NA                     <NA>                   NA           NA      <NA>               NA   <NA>      NA            NA       NA       <NA>          NA    <NA>            NA               NA      NA  False       auto          <NA>    <NA>             <NA>                   <NA>      <NA>                     <NA>                   NA             NA          <NA>       NA       <NA>      2  0.4426              NA              <NA>                 NA       NA       NA      NA
241 fashion-mnist 1585347     30         3 classification  False  Selection   none   False       MLP        True       <NA>             NA SelectPercentile   NA      <NA>        <NA>      NA   <NA>            NA                     <NA>                   NA           NA      <NA>               NA  lbfgs -1.1669             1      264   logistic          NA    <NA>            NA               NA      NA   <NA>       <NA>          <NA>    <NA>             <NA>                   <NA>      <NA>                f_classif                   NA             67          <NA>       NA       <NA>     NA      NA              NA              <NA>                 NA       NA       NA      NA
# 2020-08-17 18:34:39 BRT: Iteration 7 of 7
# experimentsUsedSoFar: 1308
# remainingBudget: 692
# currentBudget: 692
# nbConfigurations: 69
  Markers:
     x No test is performed.
     - The test is performed and some configurations are discarded.
     = The test is performed but no configuration is discarded.
     ! The test is performed and configurations could be discarded but elite configurations are preserved.
     . All alive configurations are elite and nothing is discarded

+-+-----------+-----------+-----------+---------------+-----------+--------+-----+----+------+
| |   Instance|      Alive|       Best|      Mean best| Exp so far|  W time|  rho|KenW|  Qvar|
+-+-----------+-----------+-----------+---------------+-----------+--------+-----+----+------+
|x|         11|         69|        296|  -0.8343333333|         69|01:01:29|   NA|  NA|    NA|
|x|          4|         69|        296|  -0.8341666667|        131|00:55:38|+0.70|0.85|0.1733|
|x|          3|         69|        296|  -0.8309259259|        193|00:55:58|+0.76|0.84|0.1350|
|x|          2|         69|        296|  -0.8318055556|        255|00:55:40|+0.82|0.86|0.1061|
|!|          8|         16|        296|  -0.8325111111|        317|00:55:58|+0.01|0.21|1.0208|
|=|          7|         16|        296|  -0.8323703704|        326|00:05:43|-0.00|0.17|0.9562|
|=|          9|         16|        296|  -0.8324920635|        335|00:05:43|-0.01|0.13|0.9517|
|=|          5|         16|        296|  -0.8308472222|        344|00:05:47|-0.03|0.10|0.9579|
|=|         10|         16|        278|  -0.8309012346|        353|00:05:47|-0.01|0.10|0.9414|
|=|          1|         16|        278|  -0.8309222222|        362|00:05:44|+0.03|0.13|0.9147|
|=|          6|         16|        278|  -0.8306262626|        371|00:05:46|+0.04|0.13|0.9311|
|!|         12|         13|        231|    715827882.0|        387|00:15:13|-0.02|0.07|0.9765|
|=|         13|         13|        231|    660764198.7|        400|00:11:18|+0.00|0.08|0.9635|
|=|         14|         13|        231|    613566755.9|        413|00:12:32|+0.03|0.09|0.9526|
+-+-----------+-----------+-----------+---------------+-----------+--------+-----+----+------+
Best-so-far configuration:         231    mean value:     613566755.9
Description of the best-so-far configuration:
    .ID.       dataset  job_id cutoff metafolds           task sparse     f_eng1 f_eng2 scaling algorithm pre_scaling extraction ext_components selection lr_C lr_solver multi_class      C kernel rf_estimators criterion_classification criterion_regression max_features max_depth min_samples_leaf solver alpha hidden_layers neurons1 activation n_neighbors weights ab_estimators ab_learning_rate ab_loss whiten svd_solver ica_algorithm ica_fun dl_fit_algorithm dl_transform_algorithm sel_model sel_score_classification sel_score_regression sel_percentile sel_threshold max_iter lr_penalty degree   gamma max_depth_value mlp_learning_rate learning_rate_init neurons2 neurons3 lr_dual .PARENT.
231  231 fashion-mnist 1585347     30         3 classification  False Extraction   none   False       SVM       False        PCA         0.5909      <NA>   NA      <NA>        <NA> 3.0726   poly            NA                     <NA>                   NA           NA      <NA>               NA   <NA>    NA            NA       NA       <NA>          NA    <NA>            NA               NA      NA  False       auto          <NA>    <NA>             <NA>                   <NA>      <NA>                     <NA>                   NA             NA          <NA>       NA       <NA>      2 -0.8339              NA              <NA>                 NA       NA       NA      NA      174

# 2020-08-18 00:33:04 BRT: Elite configurations (first number is the configuration ID; listed from best to worst according to the sum of ranks):
          dataset  job_id cutoff metafolds           task sparse     f_eng1 f_eng2 scaling algorithm pre_scaling extraction ext_components        selection lr_C lr_solver multi_class       C kernel rf_estimators criterion_classification criterion_regression max_features max_depth min_samples_leaf solver   alpha hidden_layers neurons1 activation n_neighbors weights ab_estimators ab_learning_rate ab_loss whiten svd_solver ica_algorithm ica_fun dl_fit_algorithm dl_transform_algorithm sel_model sel_score_classification sel_score_regression sel_percentile sel_threshold max_iter lr_penalty degree   gamma max_depth_value mlp_learning_rate learning_rate_init neurons2 neurons3 lr_dual
231 fashion-mnist 1585347     30         3 classification  False Extraction   none   False       SVM       False        PCA         0.5909             <NA>   NA      <NA>        <NA>  3.0726   poly            NA                     <NA>                   NA           NA      <NA>               NA   <NA>      NA            NA       NA       <NA>          NA    <NA>            NA               NA      NA  False       auto          <NA>    <NA>             <NA>                   <NA>      <NA>                     <NA>                   NA             NA          <NA>       NA       <NA>      2 -0.8339              NA              <NA>                 NA       NA       NA      NA
173 fashion-mnist 1585347     30         3 classification  False  Selection   none   False       MLP        True       <NA>             NA SelectPercentile   NA      <NA>        <NA>      NA   <NA>            NA                     <NA>                   NA           NA      <NA>               NA  lbfgs -1.1471             1      216   logistic          NA    <NA>            NA               NA      NA   <NA>       <NA>          <NA>    <NA>             <NA>                   <NA>      <NA>                f_classif                   NA             89          <NA>       NA       <NA>     NA      NA              NA              <NA>                 NA       NA       NA      NA
296 fashion-mnist 1585347     30         3 classification  False Extraction   none   False       SVM       False        PCA         0.3924             <NA>   NA      <NA>        <NA> -1.4786   poly            NA                     <NA>                   NA           NA      <NA>               NA   <NA>      NA            NA       NA       <NA>          NA    <NA>            NA               NA      NA  False       auto          <NA>    <NA>             <NA>                   <NA>      <NA>                     <NA>                   NA             NA          <NA>       NA       <NA>      2 -3.1550              NA              <NA>                 NA       NA       NA      NA
174 fashion-mnist 1585347     30         3 classification  False Extraction   none   False       SVM       False        PCA         0.6844             <NA>   NA      <NA>        <NA> -0.0100   poly            NA                     <NA>                   NA           NA      <NA>               NA   <NA>      NA            NA       NA       <NA>          NA    <NA>            NA               NA      NA  False       auto          <NA>    <NA>             <NA>                   <NA>      <NA>                     <NA>                   NA             NA          <NA>       NA       <NA>      2 -1.4754              NA              <NA>                 NA       NA       NA      NA
277 fashion-mnist 1585347     30         3 classification  False Extraction   none   False       SVM       False        PCA         0.3529             <NA>   NA      <NA>        <NA> -2.9552   poly            NA                     <NA>                   NA           NA      <NA>               NA   <NA>      NA            NA       NA       <NA>          NA    <NA>            NA               NA      NA  False     arpack          <NA>    <NA>             <NA>                   <NA>      <NA>                     <NA>                   NA             NA          <NA>       NA       <NA>      3 -2.1136              NA              <NA>                 NA       NA       NA      NA
278 fashion-mnist 1585347     30         3 classification  False Extraction   none   False       SVM       False        PCA         0.3245             <NA>   NA      <NA>        <NA>  0.2794   poly            NA                     <NA>                   NA           NA      <NA>               NA   <NA>      NA            NA       NA       <NA>          NA    <NA>            NA               NA      NA  False       auto          <NA>    <NA>             <NA>                   <NA>      <NA>                     <NA>                   NA             NA          <NA>       NA       <NA>      3 -1.7321              NA              <NA>                 NA       NA       NA      NA
207 fashion-mnist 1585347     30         3 classification  False Extraction   none   False       SVM       False        PCA         0.3926             <NA>   NA      <NA>        <NA>  2.2321   poly            NA                     <NA>                   NA           NA      <NA>               NA   <NA>      NA            NA       NA       <NA>          NA    <NA>            NA               NA      NA  False       auto          <NA>    <NA>             <NA>                   <NA>      <NA>                     <NA>                   NA             NA          <NA>       NA       <NA>      2  0.4426              NA              <NA>                 NA       NA       NA      NA
# 2020-08-18 00:33:04 BRT: Iteration 8 of 8
# experimentsUsedSoFar: 1721
# remainingBudget: 279
# currentBudget: 279
# nbConfigurations: 25
  Markers:
     x No test is performed.
     - The test is performed and some configurations are discarded.
     = The test is performed but no configuration is discarded.
     ! The test is performed and configurations could be discarded but elite configurations are preserved.
     . All alive configurations are elite and nothing is discarded

+-+-----------+-----------+-----------+---------------+-----------+--------+-----+----+------+
| |   Instance|      Alive|       Best|      Mean best| Exp so far|  W time|  rho|KenW|  Qvar|
+-+-----------+-----------+-----------+---------------+-----------+--------+-----+----+------+
|x|         15|         25|        311|  -0.8321111111|         25|00:29:13|   NA|  NA|    NA|
|x|          1|         25|        311|  -0.8322777778|         43|00:22:16|+0.79|0.89|0.0001|
|x|          3|         25|        311|  -0.8301481481|         61|00:22:41|+0.85|0.90|0.0001|
|x|         10|         25|        311|  -0.8315833333|         79|00:22:34|+0.74|0.81|0.5195|
|!|          9|         10|        311|  -0.8318666667|         97|00:22:41|+0.20|0.36|0.8368|
|=|          4|         10|        311|  -0.8321666667|        100|00:04:01|+0.13|0.27|0.9066|
|=|          2|         10|        311|  -0.8324444444|        103|00:04:00|+0.11|0.23|0.9089|
|=|          5|         10|        326|  -0.8321944444|        106|00:04:06|+0.08|0.19|0.9236|
|=|          6|         10|        326|  -0.8325802469|        109|00:04:01|+0.09|0.19|0.9125|
|!|         13|          9|        326|  -0.8330111111|        112|00:04:00|+0.11|0.20|0.8699|
|-|         12|          9|        326|  -0.8330101010|        114|00:03:24|+0.14|0.22|0.8683|
|-|         11|          9|        326|  -0.8331944444|        116|00:03:19|+0.13|0.20|0.8678|
|-|          8|          9|        326|  -0.8333333333|        118|00:03:50|+0.14|0.21|0.8708|
|-|          7|          9|        326|  -0.8333492063|        120|00:03:29|+0.14|0.20|0.8674|
|!|         14|          4|        326|  -0.8331851852|        122|00:03:58|+0.00|0.07|0.7131|
+-+-----------+-----------+-----------+---------------+-----------+--------+-----+----+------+
Best-so-far configuration:         326    mean value:   -0.8331851852
Description of the best-so-far configuration:
    .ID.       dataset  job_id cutoff metafolds           task sparse    f_eng1 f_eng2 scaling algorithm pre_scaling extraction ext_components        selection lr_C lr_solver multi_class  C kernel rf_estimators criterion_classification criterion_regression max_features max_depth min_samples_leaf solver   alpha hidden_layers neurons1 activation n_neighbors weights ab_estimators ab_learning_rate ab_loss whiten svd_solver ica_algorithm ica_fun dl_fit_algorithm dl_transform_algorithm sel_model sel_score_classification sel_score_regression sel_percentile sel_threshold max_iter lr_penalty degree gamma max_depth_value mlp_learning_rate learning_rate_init neurons2 neurons3 lr_dual .PARENT.
326  326 fashion-mnist 1585347     30         3 classification  False Selection   none   False       MLP        True       <NA>             NA SelectPercentile   NA      <NA>        <NA> NA   <NA>            NA                     <NA>                   NA           NA      <NA>               NA  lbfgs -0.6536             1      309   logistic          NA    <NA>            NA               NA      NA   <NA>       <NA>          <NA>    <NA>             <NA>                   <NA>      <NA>                f_classif                   NA             80          <NA>       NA       <NA>     NA    NA              NA              <NA>                 NA       NA       NA      NA      173

# 2020-08-18 03:10:43 BRT: Elite configurations (first number is the configuration ID; listed from best to worst according to the sum of ranks):
          dataset  job_id cutoff metafolds           task sparse     f_eng1 f_eng2 scaling algorithm pre_scaling extraction ext_components        selection lr_C lr_solver multi_class      C kernel rf_estimators criterion_classification criterion_regression max_features max_depth min_samples_leaf solver   alpha hidden_layers neurons1 activation n_neighbors weights ab_estimators ab_learning_rate ab_loss whiten svd_solver ica_algorithm ica_fun dl_fit_algorithm dl_transform_algorithm sel_model sel_score_classification sel_score_regression sel_percentile sel_threshold max_iter lr_penalty degree   gamma max_depth_value mlp_learning_rate learning_rate_init neurons2 neurons3 lr_dual
326 fashion-mnist 1585347     30         3 classification  False  Selection   none   False       MLP        True       <NA>             NA SelectPercentile   NA      <NA>        <NA>     NA   <NA>            NA                     <NA>                   NA           NA      <NA>               NA  lbfgs -0.6536             1      309   logistic          NA    <NA>            NA               NA      NA   <NA>       <NA>          <NA>    <NA>             <NA>                   <NA>      <NA>                f_classif                   NA             80          <NA>       NA       <NA>     NA      NA              NA              <NA>                 NA       NA       NA      NA
173 fashion-mnist 1585347     30         3 classification  False  Selection   none   False       MLP        True       <NA>             NA SelectPercentile   NA      <NA>        <NA>     NA   <NA>            NA                     <NA>                   NA           NA      <NA>               NA  lbfgs -1.1471             1      216   logistic          NA    <NA>            NA               NA      NA   <NA>       <NA>          <NA>    <NA>             <NA>                   <NA>      <NA>                f_classif                   NA             89          <NA>       NA       <NA>     NA      NA              NA              <NA>                 NA       NA       NA      NA
311 fashion-mnist 1585347     30         3 classification  False Extraction   none   False       SVM       False        PCA         0.5317             <NA>   NA      <NA>        <NA> 0.9856   poly            NA                     <NA>                   NA           NA      <NA>               NA   <NA>      NA            NA       NA       <NA>          NA    <NA>            NA               NA      NA  False       auto          <NA>    <NA>             <NA>                   <NA>      <NA>                     <NA>                   NA             NA          <NA>       NA       <NA>      2 -0.5680              NA              <NA>                 NA       NA       NA      NA
231 fashion-mnist 1585347     30         3 classification  False Extraction   none   False       SVM       False        PCA         0.5909             <NA>   NA      <NA>        <NA> 3.0726   poly            NA                     <NA>                   NA           NA      <NA>               NA   <NA>      NA            NA       NA       <NA>          NA    <NA>            NA               NA      NA  False       auto          <NA>    <NA>             <NA>                   <NA>      <NA>                     <NA>                   NA             NA          <NA>       NA       <NA>      2 -0.8339              NA              <NA>                 NA       NA       NA      NA
# 2020-08-18 03:10:43 BRT: Iteration 9 of 9
# experimentsUsedSoFar: 1843
# remainingBudget: 157
# currentBudget: 157
# nbConfigurations: 13
  Markers:
     x No test is performed.
     - The test is performed and some configurations are discarded.
     = The test is performed but no configuration is discarded.
     ! The test is performed and configurations could be discarded but elite configurations are preserved.
     . All alive configurations are elite and nothing is discarded

+-+-----------+-----------+-----------+---------------+-----------+--------+-----+----+------+
| |   Instance|      Alive|       Best|      Mean best| Exp so far|  W time|  rho|KenW|  Qvar|
+-+-----------+-----------+-----------+---------------+-----------+--------+-----+----+------+
|x|         16|         13|        331|  -0.8366666667|         13|00:17:10|   NA|  NA|    NA|
|x|          5|         13|        173|  -0.8337222222|         22|00:10:41|+0.95|0.97|0.0001|
|x|          1|         13|        173|  -0.8332962963|         31|00:10:35|+0.80|0.86|0.0001|
|x|         12|         13|        173|  -0.8338611111|         40|00:10:33|+0.74|0.80|0.0001|
|!|          6|          4|        173|  -0.8344888889|         49|00:10:35|+0.34|0.47|0.3080|
|.|          9|          4|        173|    715827882.0|         49|23:59:59|+0.16|0.30|0.6149|
|.|          7|          4|        173|    613566755.9|         49|23:59:59|+0.09|0.22|0.7096|
|.|         15|          4|        173|    536870911.3|         49|23:59:59|-0.05|0.08|0.7966|
|.|          8|          4|        173|    477218587.7|         49|23:59:59|-0.05|0.07|0.8073|
|.|         11|          4|        173|    858993458.5|         49|23:59:59|-0.04|0.06|0.7960|
|.|         13|          4|        173|    780903144.0|         49|23:59:59|+0.01|0.10|0.7668|
|.|          2|          4|        173|    715827882.0|         49|23:59:59|+0.01|0.09|0.7491|
|.|         10|          4|        173|    991146298.4|         49|23:59:59|-0.02|0.05|0.7547|
|.|         14|          4|        173|    920350134.2|         49|23:59:59|+0.00|0.07|0.7353|
|.|          3|          4|        173|    858993458.5|         49|23:59:59|+0.02|0.08|0.7246|
|.|          4|          4|        173|    805306367.3|         49|23:59:59|+0.01|0.08|0.7092|
+-+-----------+-----------+-----------+---------------+-----------+--------+-----+----+------+
Best-so-far configuration:         326    mean value:   -0.8333055556
Description of the best-so-far configuration:
    .ID.       dataset  job_id cutoff metafolds           task sparse    f_eng1 f_eng2 scaling algorithm pre_scaling extraction ext_components        selection lr_C lr_solver multi_class  C kernel rf_estimators criterion_classification criterion_regression max_features max_depth min_samples_leaf solver   alpha hidden_layers neurons1 activation n_neighbors weights ab_estimators ab_learning_rate ab_loss whiten svd_solver ica_algorithm ica_fun dl_fit_algorithm dl_transform_algorithm sel_model sel_score_classification sel_score_regression sel_percentile sel_threshold max_iter lr_penalty degree gamma max_depth_value mlp_learning_rate learning_rate_init neurons2 neurons3 lr_dual .PARENT.
326  326 fashion-mnist 1585347     30         3 classification  False Selection   none   False       MLP        True       <NA>             NA SelectPercentile   NA      <NA>        <NA> NA   <NA>            NA                     <NA>                   NA           NA      <NA>               NA  lbfgs -0.6536             1      309   logistic          NA    <NA>            NA               NA      NA   <NA>       <NA>          <NA>    <NA>             <NA>                   <NA>      <NA>                f_classif                   NA             80          <NA>       NA       <NA>     NA    NA              NA              <NA>                 NA       NA       NA      NA      173

# 2020-08-18 04:10:20 BRT: Elite configurations (first number is the configuration ID; listed from best to worst according to the sum of ranks):
          dataset  job_id cutoff metafolds           task sparse     f_eng1 f_eng2 scaling algorithm pre_scaling extraction ext_components        selection lr_C lr_solver multi_class      C kernel rf_estimators criterion_classification criterion_regression max_features max_depth min_samples_leaf solver   alpha hidden_layers neurons1 activation n_neighbors weights ab_estimators ab_learning_rate ab_loss whiten svd_solver ica_algorithm ica_fun dl_fit_algorithm dl_transform_algorithm sel_model sel_score_classification sel_score_regression sel_percentile sel_threshold max_iter lr_penalty degree   gamma max_depth_value mlp_learning_rate learning_rate_init neurons2 neurons3 lr_dual
326 fashion-mnist 1585347     30         3 classification  False  Selection   none   False       MLP        True       <NA>             NA SelectPercentile   NA      <NA>        <NA>     NA   <NA>            NA                     <NA>                   NA           NA      <NA>               NA  lbfgs -0.6536             1      309   logistic          NA    <NA>            NA               NA      NA   <NA>       <NA>          <NA>    <NA>             <NA>                   <NA>      <NA>                f_classif                   NA             80          <NA>       NA       <NA>     NA      NA              NA              <NA>                 NA       NA       NA      NA
173 fashion-mnist 1585347     30         3 classification  False  Selection   none   False       MLP        True       <NA>             NA SelectPercentile   NA      <NA>        <NA>     NA   <NA>            NA                     <NA>                   NA           NA      <NA>               NA  lbfgs -1.1471             1      216   logistic          NA    <NA>            NA               NA      NA   <NA>       <NA>          <NA>    <NA>             <NA>                   <NA>      <NA>                f_classif                   NA             89          <NA>       NA       <NA>     NA      NA              NA              <NA>                 NA       NA       NA      NA
311 fashion-mnist 1585347     30         3 classification  False Extraction   none   False       SVM       False        PCA         0.5317             <NA>   NA      <NA>        <NA> 0.9856   poly            NA                     <NA>                   NA           NA      <NA>               NA   <NA>      NA            NA       NA       <NA>          NA    <NA>            NA               NA      NA  False       auto          <NA>    <NA>             <NA>                   <NA>      <NA>                     <NA>                   NA             NA          <NA>       NA       <NA>      2 -0.5680              NA              <NA>                 NA       NA       NA      NA
231 fashion-mnist 1585347     30         3 classification  False Extraction   none   False       SVM       False        PCA         0.5909             <NA>   NA      <NA>        <NA> 3.0726   poly            NA                     <NA>                   NA           NA      <NA>               NA   <NA>      NA            NA       NA       <NA>          NA    <NA>            NA               NA      NA  False       auto          <NA>    <NA>             <NA>                   <NA>      <NA>                     <NA>                   NA             NA          <NA>       NA       <NA>      2 -0.8339              NA              <NA>                 NA       NA       NA      NA
# 2020-08-18 04:10:20 BRT: Iteration 10 of 10
# experimentsUsedSoFar: 1892
# remainingBudget: 108
# currentBudget: 108
# nbConfigurations: 10
  Markers:
     x No test is performed.
     - The test is performed and some configurations are discarded.
     = The test is performed but no configuration is discarded.
     ! The test is performed and configurations could be discarded but elite configurations are preserved.
     . All alive configurations are elite and nothing is discarded

+-+-----------+-----------+-----------+---------------+-----------+--------+-----+----+------+
| |   Instance|      Alive|       Best|      Mean best| Exp so far|  W time|  rho|KenW|  Qvar|
+-+-----------+-----------+-----------+---------------+-----------+--------+-----+----+------+
|x|         17|         10|        173|  -0.8336666667|         10|00:17:19|   NA|  NA|    NA|
|x|         14|         10|        173|  -0.8322777778|         16|00:10:49|+0.87|0.94|0.0001|
|x|         12|         10|        173|  -0.8333703704|         22|00:10:49|+0.87|0.91|0.0001|
|x|          4|         10|        173|  -0.8337500000|         28|00:10:50|+0.77|0.83|0.5123|
|!|         13|          4|        173|  -0.8341111111|         34|00:10:40|+0.40|0.52|0.3446|
|.|          3|          4|        173|  -0.8326111111|         34|23:59:59|+0.15|0.29|0.5379|
|.|          9|          4|        173|    613566755.9|         34|23:59:59|+0.08|0.21|0.6748|
|.|         10|          4|        173|    1073741823.|         34|23:59:59|-0.04|0.09|0.7241|
|.|          5|          4|        173|    954437176.2|         34|23:59:59|+0.03|0.14|0.6839|
|.|          8|          4|        173|    858993458.5|         34|23:59:59|+0.01|0.11|0.7417|
|.|          7|          4|        173|    780903144.0|         34|23:59:59|-0.01|0.08|0.7520|
|.|          1|          4|        173|    715827882.0|         34|23:59:59|+0.02|0.10|0.7200|
|.|         11|          4|        173|    991146298.4|         34|23:59:59|+0.04|0.11|0.7038|
|.|          6|          4|        173|    920350134.2|         34|23:59:59|+0.06|0.13|0.6850|
|.|         15|          4|        173|    858993458.5|         34|23:59:59|+0.01|0.07|0.7241|
|.|          2|          4|        173|    805306367.3|         34|23:59:59|+0.02|0.08|0.7062|
|.|         16|          4|        173|    757935404.5|         34|23:59:59|+0.03|0.09|0.6987|
+-+-----------+-----------+-----------+---------------+-----------+--------+-----+----+------+
Best-so-far configuration:         326    mean value:   -0.8331568627
Description of the best-so-far configuration:
    .ID.       dataset  job_id cutoff metafolds           task sparse    f_eng1 f_eng2 scaling algorithm pre_scaling extraction ext_components        selection lr_C lr_solver multi_class  C kernel rf_estimators criterion_classification criterion_regression max_features max_depth min_samples_leaf solver   alpha hidden_layers neurons1 activation n_neighbors weights ab_estimators ab_learning_rate ab_loss whiten svd_solver ica_algorithm ica_fun dl_fit_algorithm dl_transform_algorithm sel_model sel_score_classification sel_score_regression sel_percentile sel_threshold max_iter lr_penalty degree gamma max_depth_value mlp_learning_rate learning_rate_init neurons2 neurons3 lr_dual .PARENT.
326  326 fashion-mnist 1585347     30         3 classification  False Selection   none   False       MLP        True       <NA>             NA SelectPercentile   NA      <NA>        <NA> NA   <NA>            NA                     <NA>                   NA           NA      <NA>               NA  lbfgs -0.6536             1      309   logistic          NA    <NA>            NA               NA      NA   <NA>       <NA>          <NA>    <NA>             <NA>                   <NA>      <NA>                f_classif                   NA             80          <NA>       NA       <NA>     NA    NA              NA              <NA>                 NA       NA       NA      NA      173

# 2020-08-18 05:10:50 BRT: Elite configurations (first number is the configuration ID; listed from best to worst according to the sum of ranks):
          dataset  job_id cutoff metafolds           task sparse     f_eng1 f_eng2 scaling algorithm pre_scaling extraction ext_components        selection lr_C lr_solver multi_class      C kernel rf_estimators criterion_classification criterion_regression max_features max_depth min_samples_leaf solver   alpha hidden_layers neurons1 activation n_neighbors weights ab_estimators ab_learning_rate ab_loss whiten svd_solver ica_algorithm ica_fun dl_fit_algorithm dl_transform_algorithm sel_model sel_score_classification sel_score_regression sel_percentile sel_threshold max_iter lr_penalty degree   gamma max_depth_value mlp_learning_rate learning_rate_init neurons2 neurons3 lr_dual
326 fashion-mnist 1585347     30         3 classification  False  Selection   none   False       MLP        True       <NA>             NA SelectPercentile   NA      <NA>        <NA>     NA   <NA>            NA                     <NA>                   NA           NA      <NA>               NA  lbfgs -0.6536             1      309   logistic          NA    <NA>            NA               NA      NA   <NA>       <NA>          <NA>    <NA>             <NA>                   <NA>      <NA>                f_classif                   NA             80          <NA>       NA       <NA>     NA      NA              NA              <NA>                 NA       NA       NA      NA
173 fashion-mnist 1585347     30         3 classification  False  Selection   none   False       MLP        True       <NA>             NA SelectPercentile   NA      <NA>        <NA>     NA   <NA>            NA                     <NA>                   NA           NA      <NA>               NA  lbfgs -1.1471             1      216   logistic          NA    <NA>            NA               NA      NA   <NA>       <NA>          <NA>    <NA>             <NA>                   <NA>      <NA>                f_classif                   NA             89          <NA>       NA       <NA>     NA      NA              NA              <NA>                 NA       NA       NA      NA
311 fashion-mnist 1585347     30         3 classification  False Extraction   none   False       SVM       False        PCA         0.5317             <NA>   NA      <NA>        <NA> 0.9856   poly            NA                     <NA>                   NA           NA      <NA>               NA   <NA>      NA            NA       NA       <NA>          NA    <NA>            NA               NA      NA  False       auto          <NA>    <NA>             <NA>                   <NA>      <NA>                     <NA>                   NA             NA          <NA>       NA       <NA>      2 -0.5680              NA              <NA>                 NA       NA       NA      NA
231 fashion-mnist 1585347     30         3 classification  False Extraction   none   False       SVM       False        PCA         0.5909             <NA>   NA      <NA>        <NA> 3.0726   poly            NA                     <NA>                   NA           NA      <NA>               NA   <NA>      NA            NA       NA       <NA>          NA    <NA>            NA               NA      NA  False       auto          <NA>    <NA>             <NA>                   <NA>      <NA>                     <NA>                   NA             NA          <NA>       NA       <NA>      2 -0.8339              NA              <NA>                 NA       NA       NA      NA
# 2020-08-18 05:10:50 BRT: Stopped because there is not enough budget left to race more than the minimum (7)
# You may either increase the budget or set 'minNbSurvival' to a lower value
# Iteration: 11
# nbIterations: 11
# experimentsUsedSoFar: 1926
# timeUsed: 0
# remainingBudget: 74
# currentBudget: 74
# number of elites: 4
# nbConfigurations: 7
# Best configurations (first number is the configuration ID; listed from best to worst according to the sum of ranks):
          dataset  job_id cutoff metafolds           task sparse     f_eng1 f_eng2 scaling algorithm pre_scaling extraction ext_components        selection lr_C lr_solver multi_class      C kernel rf_estimators criterion_classification criterion_regression max_features max_depth min_samples_leaf solver   alpha hidden_layers neurons1 activation n_neighbors weights ab_estimators ab_learning_rate ab_loss whiten svd_solver ica_algorithm ica_fun dl_fit_algorithm dl_transform_algorithm sel_model sel_score_classification sel_score_regression sel_percentile sel_threshold max_iter lr_penalty degree   gamma max_depth_value mlp_learning_rate learning_rate_init neurons2 neurons3 lr_dual
326 fashion-mnist 1585347     30         3 classification  False  Selection   none   False       MLP        True       <NA>             NA SelectPercentile   NA      <NA>        <NA>     NA   <NA>            NA                     <NA>                   NA           NA      <NA>               NA  lbfgs -0.6536             1      309   logistic          NA    <NA>            NA               NA      NA   <NA>       <NA>          <NA>    <NA>             <NA>                   <NA>      <NA>                f_classif                   NA             80          <NA>       NA       <NA>     NA      NA              NA              <NA>                 NA       NA       NA      NA
173 fashion-mnist 1585347     30         3 classification  False  Selection   none   False       MLP        True       <NA>             NA SelectPercentile   NA      <NA>        <NA>     NA   <NA>            NA                     <NA>                   NA           NA      <NA>               NA  lbfgs -1.1471             1      216   logistic          NA    <NA>            NA               NA      NA   <NA>       <NA>          <NA>    <NA>             <NA>                   <NA>      <NA>                f_classif                   NA             89          <NA>       NA       <NA>     NA      NA              NA              <NA>                 NA       NA       NA      NA
311 fashion-mnist 1585347     30         3 classification  False Extraction   none   False       SVM       False        PCA         0.5317             <NA>   NA      <NA>        <NA> 0.9856   poly            NA                     <NA>                   NA           NA      <NA>               NA   <NA>      NA            NA       NA       <NA>          NA    <NA>            NA               NA      NA  False       auto          <NA>    <NA>             <NA>                   <NA>      <NA>                     <NA>                   NA             NA          <NA>       NA       <NA>      2 -0.5680              NA              <NA>                 NA       NA       NA      NA
231 fashion-mnist 1585347     30         3 classification  False Extraction   none   False       SVM       False        PCA         0.5909             <NA>   NA      <NA>        <NA> 3.0726   poly            NA                     <NA>                   NA           NA      <NA>               NA   <NA>      NA            NA       NA       <NA>          NA    <NA>            NA               NA      NA  False       auto          <NA>    <NA>             <NA>                   <NA>      <NA>                     <NA>                   NA             NA          <NA>       NA       <NA>      2 -0.8339              NA              <NA>                 NA       NA       NA      NA
# Best configurations as commandlines (first number is the configuration ID; same order as above):
326  --dataset fashion-mnist --job_id 1585347 --cutoff 30 --metafolds 3 --task classification --sparse False --f_eng1 Selection --f_eng2 none --pre_scaling True --selection SelectPercentile --sel_score_classification f_classif --sel_percentile 80 --scaling False --algorithm MLP --solver lbfgs --alpha -0.6536 --hidden_layers 1 --neurons1 309 --activation logistic
173  --dataset fashion-mnist --job_id 1585347 --cutoff 30 --metafolds 3 --task classification --sparse False --f_eng1 Selection --f_eng2 none --pre_scaling True --selection SelectPercentile --sel_score_classification f_classif --sel_percentile 89 --scaling False --algorithm MLP --solver lbfgs --alpha -1.1471 --hidden_layers 1 --neurons1 216 --activation logistic
311  --dataset fashion-mnist --job_id 1585347 --cutoff 30 --metafolds 3 --task classification --sparse False --f_eng1 Extraction --f_eng2 none --pre_scaling False --extraction PCA --ext_components 0.5317 --whiten False --svd_solver auto --scaling False --algorithm SVM --C 0.9856 --kernel poly --degree 2 --gamma -0.568
231  --dataset fashion-mnist --job_id 1585347 --cutoff 30 --metafolds 3 --task classification --sparse False --f_eng1 Extraction --f_eng2 none --pre_scaling False --extraction PCA --ext_components 0.5909 --whiten False --svd_solver auto --scaling False --algorithm SVM --C 3.0726 --kernel poly --degree 2 --gamma -0.8339
