*******************************************************************************
* irace: An implementation in R of Iterated Race
* Version: 3.1.2112M
* Copyright (C) 2010-2018
* Manuel Lopez-Ibanez     <manuel.lopez-ibanez@manchester.ac.uk>
* Jeremie Dubois-Lacoste  
* Leslie Perez Caceres    <leslie.perez.caceres@ulb.ac.be>
*
* This is free software, and you are welcome to redistribute it under certain
* conditions.  See the GNU General Public License for details. There is NO
* WARRANTY; not even for MERCHANTABILITY or FITNESS FOR A PARTICULAR PURPOSE.
*
* irace builds upon previous code from the race package:
*
* race: Racing methods for the selection of the best
* Copyright (C) 2003 Mauro Birattari
*******************************************************************************
# installed at: /home/cemvieira/bin/R/irace
# called with: -s scenario.txt --max-experiments 2000 -p ./fashion-mnist/parameters-1585360.txt --parallel 32 --train-instances-file fashion-mnist/new-instances.txt --log-file ./output/fashion-mnist/fashion-mnist-1f2k20m-irace-1585360.Rdata
# 8 expression(s) specifying forbidden configurations read from '/home/cemvieira/isklearn/forbidden.txt'
# 2020-08-17 00:28:00 BRT: Initialization
# Elitist race
# Elitist new instances: 1
# Elitist limit: 2
# nbIterations: 7
# minNbSurvival: 7
# nbParameters: 50
# seed: 2090063682
# confidence level: 0.95
# budget: 2000
# mu: 5
# deterministic: TRUE

# 2020-08-17 00:28:00 BRT: Iteration 1 of 7
# experimentsUsedSoFar: 0
# remainingBudget: 2000
# currentBudget: 285
# nbConfigurations: 47
  Markers:
     x No test is performed.
     - The test is performed and some configurations are discarded.
     = The test is performed but no configuration is discarded.
     ! The test is performed and configurations could be discarded but elite configurations are preserved.
     . All alive configurations are elite and nothing is discarded

+-+-----------+-----------+-----------+---------------+-----------+--------+-----+----+------+
| |   Instance|      Alive|       Best|      Mean best| Exp so far|  W time|  rho|KenW|  Qvar|
+-+-----------+-----------+-----------+---------------+-----------+--------+-----+----+------+
|x|          1|         47|         13|  -0.8203333333|         47|00:40:01|   NA|  NA|    NA|
|x|          2|         47|         13|  -0.8205000000|         94|00:40:02|+1.00|1.00|0.0000|
|x|          3|         47|         13|  -0.8204444444|        141|00:40:01|+1.00|1.00|0.0000|
|x|          4|         47|         13|  -0.8172500000|        188|00:40:01|+1.00|1.00|0.0000|
|!|          5|          1|         13|  -0.8148666667|        235|00:40:01|   NA|  NA|    NA|
+-+-----------+-----------+-----------+---------------+-----------+--------+-----+----+------+
Best-so-far configuration:          13    mean value:   -0.8148666667
Description of the best-so-far configuration:
   .ID.       dataset  job_id cutoff metafolds           task sparse     f_eng1 f_eng2 scaling algorithm pre_scaling extraction ext_components selection lr_C lr_solver multi_class      C kernel rf_estimators criterion_classification criterion_regression max_features max_depth min_samples_leaf solver alpha hidden_layers neurons1 activation n_neighbors weights ab_estimators ab_learning_rate ab_loss whiten svd_solver ica_algorithm ica_fun dl_fit_algorithm dl_transform_algorithm sel_model sel_score_classification sel_score_regression sel_percentile sel_threshold max_iter lr_penalty degree   gamma max_depth_value mlp_learning_rate learning_rate_init neurons2 neurons3 lr_dual .PARENT.
13   13 fashion-mnist 1585360     20         1 classification  False Extraction   none   False       SVM        True        PCA         0.8708      <NA>   NA      <NA>        <NA> 3.4218    rbf            NA                     <NA>                   NA           NA      <NA>               NA   <NA>    NA            NA       NA       <NA>          NA    <NA>            NA               NA      NA  False       auto          <NA>    <NA>             <NA>                   <NA>      <NA>                     <NA>                   NA             NA          <NA>       NA       <NA>     NA -4.0432              NA              <NA>                 NA       NA       NA      NA       NA

# 2020-08-17 03:48:10 BRT: Elite configurations (first number is the configuration ID; listed from best to worst according to the sum of ranks):
         dataset  job_id cutoff metafolds           task sparse     f_eng1 f_eng2 scaling algorithm pre_scaling extraction ext_components selection lr_C lr_solver multi_class      C kernel rf_estimators criterion_classification criterion_regression max_features max_depth min_samples_leaf solver alpha hidden_layers neurons1 activation n_neighbors weights ab_estimators ab_learning_rate ab_loss whiten svd_solver ica_algorithm ica_fun dl_fit_algorithm dl_transform_algorithm sel_model sel_score_classification sel_score_regression sel_percentile sel_threshold max_iter lr_penalty degree   gamma max_depth_value mlp_learning_rate learning_rate_init neurons2 neurons3 lr_dual
13 fashion-mnist 1585360     20         1 classification  False Extraction   none   False       SVM        True        PCA         0.8708      <NA>   NA      <NA>        <NA> 3.4218    rbf            NA                     <NA>                   NA           NA      <NA>               NA   <NA>    NA            NA       NA       <NA>          NA    <NA>            NA               NA      NA  False       auto          <NA>    <NA>             <NA>                   <NA>      <NA>                     <NA>                   NA             NA          <NA>       NA       <NA>     NA -4.0432              NA              <NA>                 NA       NA       NA      NA
# 2020-08-17 03:48:10 BRT: Iteration 2 of 7
# experimentsUsedSoFar: 235
# remainingBudget: 1765
# currentBudget: 294
# nbConfigurations: 42
  Markers:
     x No test is performed.
     - The test is performed and some configurations are discarded.
     = The test is performed but no configuration is discarded.
     ! The test is performed and configurations could be discarded but elite configurations are preserved.
     . All alive configurations are elite and nothing is discarded

+-+-----------+-----------+-----------+---------------+-----------+--------+-----+----+------+
| |   Instance|      Alive|       Best|      Mean best| Exp so far|  W time|  rho|KenW|  Qvar|
+-+-----------+-----------+-----------+---------------+-----------+--------+-----+----+------+
|x|          6|         42|         81|  -0.8270000000|         42|00:28:43|   NA|  NA|    NA|
|x|          5|         42|         81|  -0.8326666667|         83|00:28:14|+0.93|0.96|0.0963|
|x|          3|         42|         81|  -0.8372222222|        124|00:28:08|+0.95|0.97|0.0642|
|x|          2|         42|         81|  -0.8397500000|        165|00:28:08|+0.96|0.97|0.0481|
|!|          1|          3|         81|  -0.8393333333|        206|00:28:03|+1.00|1.00|0.0135|
+-+-----------+-----------+-----------+---------------+-----------+--------+-----+----+------+
Best-so-far configuration:          13    mean value:   -0.8132777778
Description of the best-so-far configuration:
   .ID.       dataset  job_id cutoff metafolds           task sparse     f_eng1 f_eng2 scaling algorithm pre_scaling extraction ext_components selection lr_C lr_solver multi_class      C kernel rf_estimators criterion_classification criterion_regression max_features max_depth min_samples_leaf solver alpha hidden_layers neurons1 activation n_neighbors weights ab_estimators ab_learning_rate ab_loss whiten svd_solver ica_algorithm ica_fun dl_fit_algorithm dl_transform_algorithm sel_model sel_score_classification sel_score_regression sel_percentile sel_threshold max_iter lr_penalty degree   gamma max_depth_value mlp_learning_rate learning_rate_init neurons2 neurons3 lr_dual .PARENT.
13   13 fashion-mnist 1585360     20         1 classification  False Extraction   none   False       SVM        True        PCA         0.8708      <NA>   NA      <NA>        <NA> 3.4218    rbf            NA                     <NA>                   NA           NA      <NA>               NA   <NA>    NA            NA       NA       <NA>          NA    <NA>            NA               NA      NA  False       auto          <NA>    <NA>             <NA>                   <NA>      <NA>                     <NA>                   NA             NA          <NA>       NA       <NA>     NA -4.0432              NA              <NA>                 NA       NA       NA    <NA>       NA

# 2020-08-17 06:09:32 BRT: Elite configurations (first number is the configuration ID; listed from best to worst according to the sum of ranks):
         dataset  job_id cutoff metafolds           task sparse     f_eng1    f_eng2 scaling algorithm pre_scaling extraction ext_components       selection lr_C lr_solver multi_class      C kernel rf_estimators criterion_classification criterion_regression max_features max_depth min_samples_leaf solver alpha hidden_layers neurons1 activation n_neighbors weights ab_estimators ab_learning_rate ab_loss whiten svd_solver ica_algorithm ica_fun dl_fit_algorithm dl_transform_algorithm    sel_model sel_score_classification sel_score_regression sel_percentile sel_threshold max_iter lr_penalty degree   gamma max_depth_value mlp_learning_rate learning_rate_init neurons2 neurons3 lr_dual
13 fashion-mnist 1585360     20         1 classification  False Extraction      none   False       SVM        True        PCA         0.8708            <NA>   NA      <NA>        <NA> 3.4218    rbf            NA                     <NA>                   NA           NA      <NA>               NA   <NA>    NA            NA       NA       <NA>          NA    <NA>            NA               NA      NA  False       auto          <NA>    <NA>             <NA>                   <NA>         <NA>                     <NA>                   NA             NA          <NA>       NA       <NA>     NA -4.0432              NA              <NA>                 NA       NA       NA    <NA>
81 fashion-mnist 1585360     20         1 classification  False       none Selection   False       SVM        True       <NA>             NA SelectFromModel   NA      <NA>        <NA> 4.9316    rbf            NA                     <NA>                   NA           NA      <NA>               NA   <NA>    NA            NA       NA       <NA>          NA    <NA>            NA               NA      NA   <NA>       <NA>          <NA>    <NA>             <NA>                   <NA> RandomForest                     <NA>                   NA             NA        median       NA       <NA>     NA -2.2520              NA              <NA>                 NA       NA       NA    <NA>
73 fashion-mnist 1585360     20         1 classification  False Extraction      none   False       SVM        True        PCA         0.3708            <NA>   NA      <NA>        <NA> 2.4568    rbf            NA                     <NA>                   NA           NA      <NA>               NA   <NA>    NA            NA       NA       <NA>          NA    <NA>            NA               NA      NA   True     arpack          <NA>    <NA>             <NA>                   <NA>         <NA>                     <NA>                   NA             NA          <NA>       NA       <NA>     NA -2.8737              NA              <NA>                 NA       NA       NA    <NA>
# 2020-08-17 06:09:32 BRT: Iteration 3 of 7
# experimentsUsedSoFar: 441
# remainingBudget: 1559
# currentBudget: 311
# nbConfigurations: 41
  Markers:
     x No test is performed.
     - The test is performed and some configurations are discarded.
     = The test is performed but no configuration is discarded.
     ! The test is performed and configurations could be discarded but elite configurations are preserved.
     . All alive configurations are elite and nothing is discarded

+-+-----------+-----------+-----------+---------------+-----------+--------+-----+----+------+
| |   Instance|      Alive|       Best|      Mean best| Exp so far|  W time|  rho|KenW|  Qvar|
+-+-----------+-----------+-----------+---------------+-----------+--------+-----+----+------+
|x|          7|         41|         81|  -0.8403333333|         41|00:24:10|   NA|  NA|    NA|
|x|          6|         41|         81|  -0.8336666667|         79|00:23:20|+0.98|0.99|0.0475|
|x|          4|         41|         81|  -0.8352222222|        119|00:23:19|+0.99|0.99|0.0316|
|x|          2|         41|         81|  -0.8382500000|        157|00:23:18|+0.99|0.99|0.0237|
|!|          1|          4|         81|  -0.8381333333|        195|00:23:15|+1.00|1.00|0.0259|
+-+-----------+-----------+-----------+---------------+-----------+--------+-----+----+------+
Best-so-far configuration:          81    mean value:   -0.8393333333
Description of the best-so-far configuration:
   .ID.       dataset  job_id cutoff metafolds           task sparse f_eng1    f_eng2 scaling algorithm pre_scaling extraction ext_components       selection lr_C lr_solver multi_class      C kernel rf_estimators criterion_classification criterion_regression max_features max_depth min_samples_leaf solver alpha hidden_layers neurons1 activation n_neighbors weights ab_estimators ab_learning_rate ab_loss whiten svd_solver ica_algorithm ica_fun dl_fit_algorithm dl_transform_algorithm    sel_model sel_score_classification sel_score_regression sel_percentile sel_threshold max_iter lr_penalty degree  gamma max_depth_value mlp_learning_rate learning_rate_init neurons2 neurons3 lr_dual .PARENT.
81   81 fashion-mnist 1585360     20         1 classification  False   none Selection   False       SVM        True       <NA>             NA SelectFromModel   NA      <NA>        <NA> 4.9316    rbf            NA                     <NA>                   NA           NA      <NA>               NA   <NA>    NA            NA       NA       <NA>          NA    <NA>            NA               NA      NA   <NA>       <NA>          <NA>    <NA>             <NA>                   <NA> RandomForest                     <NA>                   NA             NA        median       NA       <NA>     NA -2.252              NA              <NA>                 NA       NA       NA    <NA>       13

# 2020-08-17 08:06:58 BRT: Elite configurations (first number is the configuration ID; listed from best to worst according to the sum of ranks):
          dataset  job_id cutoff metafolds           task sparse     f_eng1    f_eng2 scaling algorithm pre_scaling extraction ext_components       selection lr_C lr_solver multi_class       C kernel rf_estimators criterion_classification criterion_regression max_features max_depth min_samples_leaf solver alpha hidden_layers neurons1 activation n_neighbors weights ab_estimators ab_learning_rate ab_loss whiten svd_solver ica_algorithm ica_fun dl_fit_algorithm dl_transform_algorithm    sel_model sel_score_classification sel_score_regression sel_percentile sel_threshold max_iter lr_penalty degree   gamma max_depth_value mlp_learning_rate learning_rate_init neurons2 neurons3 lr_dual
81  fashion-mnist 1585360     20         1 classification  False       none Selection   False       SVM        True       <NA>             NA SelectFromModel   NA      <NA>        <NA>  4.9316    rbf            NA                     <NA>                   NA           NA      <NA>               NA   <NA>    NA            NA       NA       <NA>          NA    <NA>            NA               NA      NA   <NA>       <NA>          <NA>    <NA>             <NA>                   <NA> RandomForest                     <NA>                   NA             NA        median       NA       <NA>     NA -2.2520              NA              <NA>                 NA       NA       NA    <NA>
13  fashion-mnist 1585360     20         1 classification  False Extraction      none   False       SVM        True        PCA         0.8708            <NA>   NA      <NA>        <NA>  3.4218    rbf            NA                     <NA>                   NA           NA      <NA>               NA   <NA>    NA            NA       NA       <NA>          NA    <NA>            NA               NA      NA  False       auto          <NA>    <NA>             <NA>                   <NA>         <NA>                     <NA>                   NA             NA          <NA>       NA       <NA>     NA -4.0432              NA              <NA>                 NA       NA       NA    <NA>
73  fashion-mnist 1585360     20         1 classification  False Extraction      none   False       SVM        True        PCA         0.3708            <NA>   NA      <NA>        <NA>  2.4568    rbf            NA                     <NA>                   NA           NA      <NA>               NA   <NA>    NA            NA       NA       <NA>          NA    <NA>            NA               NA      NA   True     arpack          <NA>    <NA>             <NA>                   <NA>         <NA>                     <NA>                   NA             NA          <NA>       NA       <NA>     NA -2.8737              NA              <NA>                 NA       NA       NA    <NA>
115 fashion-mnist 1585360     20         1 classification  False  Selection      none   False       SVM        True       <NA>             NA SelectFromModel   NA      <NA>        <NA> -1.7691   poly            NA                     <NA>                   NA           NA      <NA>               NA   <NA>    NA            NA       NA       <NA>          NA    <NA>            NA               NA      NA   <NA>       <NA>          <NA>    <NA>             <NA>                   <NA> RandomForest                     <NA>                   NA             NA        median       NA       <NA>      3 -0.5099              NA              <NA>                 NA       NA       NA    <NA>
# 2020-08-17 08:06:58 BRT: Iteration 4 of 7
# experimentsUsedSoFar: 636
# remainingBudget: 1364
# currentBudget: 341
# nbConfigurations: 41
  Markers:
     x No test is performed.
     - The test is performed and some configurations are discarded.
     = The test is performed but no configuration is discarded.
     ! The test is performed and configurations could be discarded but elite configurations are preserved.
     . All alive configurations are elite and nothing is discarded

+-+-----------+-----------+-----------+---------------+-----------+--------+-----+----+------+
| |   Instance|      Alive|       Best|      Mean best| Exp so far|  W time|  rho|KenW|  Qvar|
+-+-----------+-----------+-----------+---------------+-----------+--------+-----+----+------+
|x|          8|         41|         81|  -0.8473333333|         41|00:25:03|   NA|  NA|    NA|
|x|          7|         41|         81|  -0.8438333333|         78|00:22:53|+1.00|1.00|0.0000|
|x|          3|         41|         81|  -0.8446666667|        116|00:22:51|+1.00|1.00|0.0000|
|x|          2|         41|         81|  -0.8453333333|        153|00:28:58|+0.98|0.99|0.0478|
|!|          1|          6|         81|  -0.8438000000|        190|00:25:52|+0.93|0.95|0.0303|
+-+-----------+-----------+-----------+---------------+-----------+--------+-----+----+------+
Best-so-far configuration:          81    mean value:   -0.8403333333
Description of the best-so-far configuration:
   .ID.       dataset  job_id cutoff metafolds           task sparse f_eng1    f_eng2 scaling algorithm pre_scaling extraction ext_components       selection lr_C lr_solver multi_class      C kernel rf_estimators criterion_classification criterion_regression max_features max_depth min_samples_leaf solver alpha hidden_layers neurons1 activation n_neighbors weights ab_estimators ab_learning_rate ab_loss whiten svd_solver ica_algorithm ica_fun dl_fit_algorithm dl_transform_algorithm    sel_model sel_score_classification sel_score_regression sel_percentile sel_threshold max_iter lr_penalty degree  gamma max_depth_value mlp_learning_rate learning_rate_init neurons2 neurons3 lr_dual .PARENT.
81   81 fashion-mnist 1585360     20         1 classification  False   none Selection   False       SVM        True       <NA>             NA SelectFromModel   NA      <NA>        <NA> 4.9316    rbf            NA                     <NA>                   NA           NA      <NA>               NA   <NA>    NA            NA       NA       <NA>          NA    <NA>            NA               NA      NA   <NA>       <NA>          <NA>    <NA>             <NA>                   <NA> RandomForest                     <NA>                   NA             NA        median       NA       <NA>     NA -2.252              NA              <NA>                 NA       NA       NA    <NA>       13

# 2020-08-17 10:12:38 BRT: Elite configurations (first number is the configuration ID; listed from best to worst according to the sum of ranks):
          dataset  job_id cutoff metafolds           task sparse     f_eng1    f_eng2 scaling algorithm pre_scaling extraction ext_components       selection lr_C lr_solver multi_class       C kernel rf_estimators criterion_classification criterion_regression max_features max_depth min_samples_leaf solver alpha hidden_layers neurons1 activation n_neighbors weights ab_estimators ab_learning_rate ab_loss whiten svd_solver ica_algorithm ica_fun dl_fit_algorithm dl_transform_algorithm    sel_model sel_score_classification sel_score_regression sel_percentile sel_threshold max_iter lr_penalty degree   gamma max_depth_value mlp_learning_rate learning_rate_init neurons2 neurons3 lr_dual
81  fashion-mnist 1585360     20         1 classification  False       none Selection   False       SVM        True       <NA>             NA SelectFromModel   NA      <NA>        <NA>  4.9316    rbf            NA                     <NA>                   NA           NA      <NA>               NA   <NA>    NA            NA       NA       <NA>          NA    <NA>            NA               NA      NA   <NA>       <NA>          <NA>    <NA>             <NA>                   <NA> RandomForest                     <NA>                   NA             NA        median       NA       <NA>     NA -2.2520              NA              <NA>                 NA       NA       NA    <NA>
13  fashion-mnist 1585360     20         1 classification  False Extraction      none   False       SVM        True        PCA         0.8708            <NA>   NA      <NA>        <NA>  3.4218    rbf            NA                     <NA>                   NA           NA      <NA>               NA   <NA>    NA            NA       NA       <NA>          NA    <NA>            NA               NA      NA  False       auto          <NA>    <NA>             <NA>                   <NA>         <NA>                     <NA>                   NA             NA          <NA>       NA       <NA>     NA -4.0432              NA              <NA>                 NA       NA       NA    <NA>
73  fashion-mnist 1585360     20         1 classification  False Extraction      none   False       SVM        True        PCA         0.3708            <NA>   NA      <NA>        <NA>  2.4568    rbf            NA                     <NA>                   NA           NA      <NA>               NA   <NA>    NA            NA       NA       <NA>          NA    <NA>            NA               NA      NA   True     arpack          <NA>    <NA>             <NA>                   <NA>         <NA>                     <NA>                   NA             NA          <NA>       NA       <NA>     NA -2.8737              NA              <NA>                 NA       NA       NA    <NA>
115 fashion-mnist 1585360     20         1 classification  False  Selection      none   False       SVM        True       <NA>             NA SelectFromModel   NA      <NA>        <NA> -1.7691   poly            NA                     <NA>                   NA           NA      <NA>               NA   <NA>    NA            NA       NA       <NA>          NA    <NA>            NA               NA      NA   <NA>       <NA>          <NA>    <NA>             <NA>                   <NA> RandomForest                     <NA>                   NA             NA        median       NA       <NA>      3 -0.5099              NA              <NA>                 NA       NA       NA    <NA>
134 fashion-mnist 1585360     20         1 classification  False       none Selection   False       SVM        True       <NA>             NA SelectFromModel   NA      <NA>        <NA>  4.2067    rbf            NA                     <NA>                   NA           NA      <NA>               NA   <NA>    NA            NA       NA       <NA>          NA    <NA>            NA               NA      NA   <NA>       <NA>          <NA>    <NA>             <NA>                   <NA>          SVM                     <NA>                   NA             NA        median       NA       <NA>     NA -2.6785              NA              <NA>                 NA       NA       NA    <NA>
146 fashion-mnist 1585360     20         1 classification  False  Selection      none   False       SVM        True       <NA>             NA SelectFromModel   NA      <NA>        <NA>  0.3004    rbf            NA                     <NA>                   NA           NA      <NA>               NA   <NA>    NA            NA       NA       <NA>          NA    <NA>            NA               NA      NA   <NA>       <NA>          <NA>    <NA>             <NA>                   <NA> DecisionTree                     <NA>                   NA             NA        median       NA       <NA>     NA -3.1636              NA              <NA>                 NA       NA       NA    <NA>
# 2020-08-17 10:12:38 BRT: Iteration 5 of 7
# experimentsUsedSoFar: 826
# remainingBudget: 1174
# currentBudget: 391
# nbConfigurations: 43
  Markers:
     x No test is performed.
     - The test is performed and some configurations are discarded.
     = The test is performed but no configuration is discarded.
     ! The test is performed and configurations could be discarded but elite configurations are preserved.
     . All alive configurations are elite and nothing is discarded

+-+-----------+-----------+-----------+---------------+-----------+--------+-----+----+------+
| |   Instance|      Alive|       Best|      Mean best| Exp so far|  W time|  rho|KenW|  Qvar|
+-+-----------+-----------+-----------+---------------+-----------+--------+-----+----+------+
|x|          9|         43|         81|  -0.8543333333|         43|00:22:15|   NA|  NA|    NA|
|x|          2|         43|         81|  -0.8508333333|         80|00:20:25|+1.00|1.00|0.0000|
|x|          4|         43|         81|  -0.8466666667|        119|00:21:07|+1.00|1.00|0.0000|
|x|          3|         43|         81|  -0.8465833333|        156|00:20:01|+1.00|1.00|0.0000|
|!|          7|          6|         81|  -0.8453333333|        193|00:20:01|+0.95|0.96|0.0155|
+-+-----------+-----------+-----------+---------------+-----------+--------+-----+----+------+
Best-so-far configuration:          81    mean value:   -0.8418888889
Description of the best-so-far configuration:
   .ID.       dataset  job_id cutoff metafolds           task sparse f_eng1    f_eng2 scaling algorithm pre_scaling extraction ext_components       selection lr_C lr_solver multi_class      C kernel rf_estimators criterion_classification criterion_regression max_features max_depth min_samples_leaf solver alpha hidden_layers neurons1 activation n_neighbors weights ab_estimators ab_learning_rate ab_loss whiten svd_solver ica_algorithm ica_fun dl_fit_algorithm dl_transform_algorithm    sel_model sel_score_classification sel_score_regression sel_percentile sel_threshold max_iter lr_penalty degree  gamma max_depth_value mlp_learning_rate learning_rate_init neurons2 neurons3 lr_dual .PARENT.
81   81 fashion-mnist 1585360     20         1 classification  False   none Selection   False       SVM        True       <NA>             NA SelectFromModel   NA      <NA>        <NA> 4.9316    rbf            NA                     <NA>                   NA           NA      <NA>               NA   <NA>    NA            NA       NA       <NA>          NA    <NA>            NA               NA      NA   <NA>       <NA>          <NA>    <NA>             <NA>                   <NA> RandomForest                     <NA>                   NA             NA        median       NA       <NA>     NA -2.252              NA              <NA>                 NA       NA       NA    <NA>       13

# 2020-08-17 11:56:31 BRT: Elite configurations (first number is the configuration ID; listed from best to worst according to the sum of ranks):
          dataset  job_id cutoff metafolds           task sparse     f_eng1    f_eng2 scaling algorithm pre_scaling extraction ext_components       selection lr_C lr_solver multi_class       C kernel rf_estimators criterion_classification criterion_regression max_features max_depth min_samples_leaf solver alpha hidden_layers neurons1 activation n_neighbors weights ab_estimators ab_learning_rate ab_loss whiten svd_solver ica_algorithm ica_fun dl_fit_algorithm dl_transform_algorithm    sel_model sel_score_classification sel_score_regression sel_percentile sel_threshold max_iter lr_penalty degree   gamma max_depth_value mlp_learning_rate learning_rate_init neurons2 neurons3 lr_dual
81  fashion-mnist 1585360     20         1 classification  False       none Selection   False       SVM        True       <NA>             NA SelectFromModel   NA      <NA>        <NA>  4.9316    rbf            NA                     <NA>                   NA           NA      <NA>               NA   <NA>    NA            NA       NA       <NA>          NA    <NA>            NA               NA      NA   <NA>       <NA>          <NA>    <NA>             <NA>                   <NA> RandomForest                     <NA>                   NA             NA        median       NA       <NA>     NA -2.2520              NA              <NA>                 NA       NA       NA    <NA>
13  fashion-mnist 1585360     20         1 classification  False Extraction      none   False       SVM        True        PCA         0.8708            <NA>   NA      <NA>        <NA>  3.4218    rbf            NA                     <NA>                   NA           NA      <NA>               NA   <NA>    NA            NA       NA       <NA>          NA    <NA>            NA               NA      NA  False       auto          <NA>    <NA>             <NA>                   <NA>         <NA>                     <NA>                   NA             NA          <NA>       NA       <NA>     NA -4.0432              NA              <NA>                 NA       NA       NA    <NA>
73  fashion-mnist 1585360     20         1 classification  False Extraction      none   False       SVM        True        PCA         0.3708            <NA>   NA      <NA>        <NA>  2.4568    rbf            NA                     <NA>                   NA           NA      <NA>               NA   <NA>    NA            NA       NA       <NA>          NA    <NA>            NA               NA      NA   True     arpack          <NA>    <NA>             <NA>                   <NA>         <NA>                     <NA>                   NA             NA          <NA>       NA       <NA>     NA -2.8737              NA              <NA>                 NA       NA       NA    <NA>
115 fashion-mnist 1585360     20         1 classification  False  Selection      none   False       SVM        True       <NA>             NA SelectFromModel   NA      <NA>        <NA> -1.7691   poly            NA                     <NA>                   NA           NA      <NA>               NA   <NA>    NA            NA       NA       <NA>          NA    <NA>            NA               NA      NA   <NA>       <NA>          <NA>    <NA>             <NA>                   <NA> RandomForest                     <NA>                   NA             NA        median       NA       <NA>      3 -0.5099              NA              <NA>                 NA       NA       NA    <NA>
134 fashion-mnist 1585360     20         1 classification  False       none Selection   False       SVM        True       <NA>             NA SelectFromModel   NA      <NA>        <NA>  4.2067    rbf            NA                     <NA>                   NA           NA      <NA>               NA   <NA>    NA            NA       NA       <NA>          NA    <NA>            NA               NA      NA   <NA>       <NA>          <NA>    <NA>             <NA>                   <NA>          SVM                     <NA>                   NA             NA        median       NA       <NA>     NA -2.6785              NA              <NA>                 NA       NA       NA    <NA>
146 fashion-mnist 1585360     20         1 classification  False  Selection      none   False       SVM        True       <NA>             NA SelectFromModel   NA      <NA>        <NA>  0.3004    rbf            NA                     <NA>                   NA           NA      <NA>               NA   <NA>    NA            NA       NA       <NA>          NA    <NA>            NA               NA      NA   <NA>       <NA>          <NA>    <NA>             <NA>                   <NA> DecisionTree                     <NA>                   NA             NA        median       NA       <NA>     NA -3.1636              NA              <NA>                 NA       NA       NA    <NA>
# 2020-08-17 11:56:31 BRT: Iteration 6 of 7
# experimentsUsedSoFar: 1019
# remainingBudget: 981
# currentBudget: 490
# nbConfigurations: 54
  Markers:
     x No test is performed.
     - The test is performed and some configurations are discarded.
     = The test is performed but no configuration is discarded.
     ! The test is performed and configurations could be discarded but elite configurations are preserved.
     . All alive configurations are elite and nothing is discarded

+-+-----------+-----------+-----------+---------------+-----------+--------+-----+----+------+
| |   Instance|      Alive|       Best|      Mean best| Exp so far|  W time|  rho|KenW|  Qvar|
+-+-----------+-----------+-----------+---------------+-----------+--------+-----+----+------+
|x|         10|         54|        221|  -0.8350000000|         54|00:21:10|   NA|  NA|    NA|
|x|          5|         54|        221|  -0.8381666667|        105|00:20:35|+0.94|0.97|0.2942|
|x|          2|         54|        221|  -0.8411111111|        153|00:20:19|+0.96|0.97|0.1962|
|x|          1|         54|        221|  -0.8421666667|        201|00:20:20|+0.97|0.97|0.1471|
|!|          7|          8|        221|  -0.8424000000|        249|00:20:19|+0.89|0.91|0.0535|
|-|          9|          8|        221|  -0.8435000000|        251|00:00:22|+0.89|0.91|0.0502|
|-|          8|          8|         81|  -0.8424761905|        253|00:00:22|+0.90|0.91|0.0472|
|-|          4|          8|         81|  -0.8419583333|        255|00:00:21|+0.91|0.92|0.0427|
|!|          3|          6|         81|  -0.8424444444|        257|00:00:22|+0.88|0.89|0.0325|
+-+-----------+-----------+-----------+---------------+-----------+--------+-----+----+------+
Best-so-far configuration:          81    mean value:   -0.8409000000
Description of the best-so-far configuration:
   .ID.       dataset  job_id cutoff metafolds           task sparse f_eng1    f_eng2 scaling algorithm pre_scaling extraction ext_components       selection lr_C lr_solver multi_class      C kernel rf_estimators criterion_classification criterion_regression max_features max_depth min_samples_leaf solver alpha hidden_layers neurons1 activation n_neighbors weights ab_estimators ab_learning_rate ab_loss whiten svd_solver ica_algorithm ica_fun dl_fit_algorithm dl_transform_algorithm    sel_model sel_score_classification sel_score_regression sel_percentile sel_threshold max_iter lr_penalty degree  gamma max_depth_value mlp_learning_rate learning_rate_init neurons2 neurons3 lr_dual .PARENT.
81   81 fashion-mnist 1585360     20         1 classification  False   none Selection   False       SVM        True       <NA>             NA SelectFromModel   NA      <NA>        <NA> 4.9316    rbf            NA                     <NA>                   NA           NA      <NA>               NA   <NA>    NA            NA       NA       <NA>          NA    <NA>            NA               NA      NA   <NA>       <NA>          <NA>    <NA>             <NA>                   <NA> RandomForest                     <NA>                   NA             NA        median       NA       <NA>     NA -2.252              NA              <NA>                 NA       NA       NA    <NA>       13

# 2020-08-17 13:40:47 BRT: Elite configurations (first number is the configuration ID; listed from best to worst according to the sum of ranks):
          dataset  job_id cutoff metafolds           task sparse     f_eng1    f_eng2 scaling algorithm pre_scaling extraction ext_components       selection lr_C lr_solver multi_class       C kernel rf_estimators criterion_classification criterion_regression max_features max_depth min_samples_leaf solver alpha hidden_layers neurons1 activation n_neighbors weights ab_estimators ab_learning_rate ab_loss whiten svd_solver ica_algorithm ica_fun dl_fit_algorithm dl_transform_algorithm    sel_model sel_score_classification sel_score_regression sel_percentile sel_threshold max_iter lr_penalty degree   gamma max_depth_value mlp_learning_rate learning_rate_init neurons2 neurons3 lr_dual
81  fashion-mnist 1585360     20         1 classification  False       none Selection   False       SVM        True       <NA>             NA SelectFromModel   NA      <NA>        <NA>  4.9316    rbf            NA                     <NA>                   NA           NA      <NA>               NA   <NA>    NA            NA       NA       <NA>          NA    <NA>            NA               NA      NA   <NA>       <NA>          <NA>    <NA>             <NA>                   <NA> RandomForest                     <NA>                   NA             NA        median       NA       <NA>     NA -2.2520              NA              <NA>                 NA       NA       NA    <NA>
115 fashion-mnist 1585360     20         1 classification  False  Selection      none   False       SVM        True       <NA>             NA SelectFromModel   NA      <NA>        <NA> -1.7691   poly            NA                     <NA>                   NA           NA      <NA>               NA   <NA>    NA            NA       NA       <NA>          NA    <NA>            NA               NA      NA   <NA>       <NA>          <NA>    <NA>             <NA>                   <NA> RandomForest                     <NA>                   NA             NA        median       NA       <NA>      3 -0.5099              NA              <NA>                 NA       NA       NA    <NA>
13  fashion-mnist 1585360     20         1 classification  False Extraction      none   False       SVM        True        PCA         0.8708            <NA>   NA      <NA>        <NA>  3.4218    rbf            NA                     <NA>                   NA           NA      <NA>               NA   <NA>    NA            NA       NA       <NA>          NA    <NA>            NA               NA      NA  False       auto          <NA>    <NA>             <NA>                   <NA>         <NA>                     <NA>                   NA             NA          <NA>       NA       <NA>     NA -4.0432              NA              <NA>                 NA       NA       NA    <NA>
73  fashion-mnist 1585360     20         1 classification  False Extraction      none   False       SVM        True        PCA         0.3708            <NA>   NA      <NA>        <NA>  2.4568    rbf            NA                     <NA>                   NA           NA      <NA>               NA   <NA>    NA            NA       NA       <NA>          NA    <NA>            NA               NA      NA   True     arpack          <NA>    <NA>             <NA>                   <NA>         <NA>                     <NA>                   NA             NA          <NA>       NA       <NA>     NA -2.8737              NA              <NA>                 NA       NA       NA    <NA>
245 fashion-mnist 1585360     20         1 classification  False       none Selection   False       SVM        True       <NA>             NA SelectFromModel   NA      <NA>        <NA>  1.3616    rbf            NA                     <NA>                   NA           NA      <NA>               NA   <NA>    NA            NA       NA       <NA>          NA    <NA>            NA               NA      NA   <NA>       <NA>          <NA>    <NA>             <NA>                   <NA> RandomForest                     <NA>                   NA             NA        median       NA       <NA>     NA -2.4549              NA              <NA>                 NA       NA       NA    <NA>
221 fashion-mnist 1585360     20         1 classification  False       none Selection   False       SVM        True       <NA>             NA SelectFromModel   NA      <NA>        <NA>  4.1438    rbf            NA                     <NA>                   NA           NA      <NA>               NA   <NA>    NA            NA       NA       <NA>          NA    <NA>            NA               NA      NA   <NA>       <NA>          <NA>    <NA>             <NA>                   <NA> RandomForest                     <NA>                   NA             NA        median       NA       <NA>     NA -2.2218              NA              <NA>                 NA       NA       NA    <NA>
# 2020-08-17 13:40:47 BRT: Iteration 7 of 7
# experimentsUsedSoFar: 1276
# remainingBudget: 724
# currentBudget: 724
# nbConfigurations: 71
  Markers:
     x No test is performed.
     - The test is performed and some configurations are discarded.
     = The test is performed but no configuration is discarded.
     ! The test is performed and configurations could be discarded but elite configurations are preserved.
     . All alive configurations are elite and nothing is discarded

+-+-----------+-----------+-----------+---------------+-----------+--------+-----+----+------+
| |   Instance|      Alive|       Best|      Mean best| Exp so far|  W time|  rho|KenW|  Qvar|
+-+-----------+-----------+-----------+---------------+-----------+--------+-----+----+------+
|x|         11|         71|        272|  -0.8563333333|         71|00:19:51|   NA|  NA|    NA|
|x|          8|         71|        272|  -0.8520000000|        136|00:19:14|+1.00|1.00|0.0017|
|x|         10|         71|        272|  -0.8457777778|        201|00:19:09|+0.99|0.99|0.0022|
|x|          6|         71|        257|  -0.8435000000|        268|00:19:26|+0.99|0.99|0.0026|
|!|          5|         11|        257|  -0.8424666667|        333|00:29:32|+0.73|0.78|0.0649|
|!|          3|          8|        257|  -0.8441666667|        338|00:02:25|+0.83|0.86|0.0424|
|-|          2|          8|        272|  -0.8432380952|        340|00:00:59|+0.79|0.82|0.0427|
|-|          9|          8|        272|  -0.8440416667|        342|00:00:25|+0.78|0.81|0.0395|
|-|          1|          8|        257|  -0.8448888889|        344|00:00:48|+0.76|0.79|0.0411|
|-|          4|          8|        257|  -0.8448000000|        346|00:00:23|+0.78|0.80|0.0388|
|!|          7|          2|        257|  -0.8450000000|        348|00:03:10|-0.02|0.07|0.5091|
+-+-----------+-----------+-----------+---------------+-----------+--------+-----+----+------+
Best-so-far configuration:         257    mean value:   -0.8450000000
Description of the best-so-far configuration:
    .ID.       dataset  job_id cutoff metafolds           task sparse f_eng1    f_eng2 scaling algorithm pre_scaling extraction ext_components       selection lr_C lr_solver multi_class      C kernel rf_estimators criterion_classification criterion_regression max_features max_depth min_samples_leaf solver alpha hidden_layers neurons1 activation n_neighbors weights ab_estimators ab_learning_rate ab_loss whiten svd_solver ica_algorithm ica_fun dl_fit_algorithm dl_transform_algorithm    sel_model sel_score_classification sel_score_regression sel_percentile sel_threshold max_iter lr_penalty degree   gamma max_depth_value mlp_learning_rate learning_rate_init neurons2 neurons3 lr_dual .PARENT.
257  257 fashion-mnist 1585360     20         1 classification  False   none Selection   False       SVM        True       <NA>             NA SelectFromModel   NA      <NA>        <NA> 0.7778    rbf            NA                     <NA>                   NA           NA      <NA>               NA   <NA>    NA            NA       NA       <NA>          NA    <NA>            NA               NA      NA   <NA>       <NA>          <NA>    <NA>             <NA>                   <NA> RandomForest                     <NA>                   NA             NA        median       NA       <NA>     NA -2.6798              NA              <NA>                 NA       NA       NA    <NA>       81

# 2020-08-17 15:36:15 BRT: Elite configurations (first number is the configuration ID; listed from best to worst according to the sum of ranks):
          dataset  job_id cutoff metafolds           task sparse f_eng1    f_eng2 scaling algorithm pre_scaling extraction ext_components       selection lr_C lr_solver multi_class      C kernel rf_estimators criterion_classification criterion_regression max_features max_depth min_samples_leaf solver alpha hidden_layers neurons1 activation n_neighbors weights ab_estimators ab_learning_rate ab_loss whiten svd_solver ica_algorithm ica_fun dl_fit_algorithm dl_transform_algorithm    sel_model sel_score_classification sel_score_regression sel_percentile sel_threshold max_iter lr_penalty degree   gamma max_depth_value mlp_learning_rate learning_rate_init neurons2 neurons3 lr_dual
257 fashion-mnist 1585360     20         1 classification  False   none Selection   False       SVM        True       <NA>             NA SelectFromModel   NA      <NA>        <NA> 0.7778    rbf            NA                     <NA>                   NA           NA      <NA>               NA   <NA>    NA            NA       NA       <NA>          NA    <NA>            NA               NA      NA   <NA>       <NA>          <NA>    <NA>             <NA>                   <NA> RandomForest                     <NA>                   NA             NA        median       NA       <NA>     NA -2.6798              NA              <NA>                 NA       NA       NA    <NA>
272 fashion-mnist 1585360     20         1 classification  False   none Selection   False       SVM        True       <NA>             NA SelectFromModel   NA      <NA>        <NA> 1.6017    rbf            NA                     <NA>                   NA           NA      <NA>               NA   <NA>    NA            NA       NA       <NA>          NA    <NA>            NA               NA      NA   <NA>       <NA>          <NA>    <NA>             <NA>                   <NA> RandomForest                     <NA>                   NA             NA        median       NA       <NA>     NA -2.2613              NA              <NA>                 NA       NA       NA    <NA>
# 2020-08-17 15:36:15 BRT: Iteration 8 of 8
# experimentsUsedSoFar: 1624
# remainingBudget: 376
# currentBudget: 376
# nbConfigurations: 33
  Markers:
     x No test is performed.
     - The test is performed and some configurations are discarded.
     = The test is performed but no configuration is discarded.
     ! The test is performed and configurations could be discarded but elite configurations are preserved.
     . All alive configurations are elite and nothing is discarded

+-+-----------+-----------+-----------+---------------+-----------+--------+-----+----+------+
| |   Instance|      Alive|       Best|      Mean best| Exp so far|  W time|  rho|KenW|  Qvar|
+-+-----------+-----------+-----------+---------------+-----------+--------+-----+----+------+
|x|         12|         33|        321|  -0.8500000000|         33|00:01:05|   NA|  NA|    NA|
|x|          6|         33|        321|  -0.8450000000|         64|00:00:55|+0.97|0.99|0.0045|
|x|          2|         33|        321|  -0.8476666667|         95|00:02:43|+0.97|0.98|0.0036|
|x|         11|         33|        321|  -0.8480833333|        126|00:00:56|+0.97|0.98|0.0039|
|!|          8|          5|        321|  -0.8478666667|        157|00:01:05|-0.18|0.06|0.8980|
+-+-----------+-----------+-----------+---------------+-----------+--------+-----+----+------+
Best-so-far configuration:         257    mean value:   -0.8448333333
Description of the best-so-far configuration:
    .ID.       dataset  job_id cutoff metafolds           task sparse f_eng1    f_eng2 scaling algorithm pre_scaling extraction ext_components       selection lr_C lr_solver multi_class      C kernel rf_estimators criterion_classification criterion_regression max_features max_depth min_samples_leaf solver alpha hidden_layers neurons1 activation n_neighbors weights ab_estimators ab_learning_rate ab_loss whiten svd_solver ica_algorithm ica_fun dl_fit_algorithm dl_transform_algorithm    sel_model sel_score_classification sel_score_regression sel_percentile sel_threshold max_iter lr_penalty degree   gamma max_depth_value mlp_learning_rate learning_rate_init neurons2 neurons3 lr_dual .PARENT.
257  257 fashion-mnist 1585360     20         1 classification  False   none Selection   False       SVM        True       <NA>             NA SelectFromModel   NA      <NA>        <NA> 0.7778    rbf            NA                     <NA>                   NA           NA      <NA>               NA   <NA>    NA            NA       NA       <NA>          NA    <NA>            NA               NA      NA   <NA>       <NA>          <NA>    <NA>             <NA>                   <NA> RandomForest                     <NA>                   NA             NA        median       NA       <NA>     NA -2.6798              NA              <NA>                 NA       NA       NA    <NA>       81

# 2020-08-17 15:43:02 BRT: Elite configurations (first number is the configuration ID; listed from best to worst according to the sum of ranks):
          dataset  job_id cutoff metafolds           task sparse f_eng1    f_eng2 scaling algorithm pre_scaling extraction ext_components       selection lr_C lr_solver multi_class      C kernel rf_estimators criterion_classification criterion_regression max_features max_depth min_samples_leaf solver alpha hidden_layers neurons1 activation n_neighbors weights ab_estimators ab_learning_rate ab_loss whiten svd_solver ica_algorithm ica_fun dl_fit_algorithm dl_transform_algorithm    sel_model sel_score_classification sel_score_regression sel_percentile sel_threshold max_iter lr_penalty degree   gamma max_depth_value mlp_learning_rate learning_rate_init neurons2 neurons3 lr_dual
257 fashion-mnist 1585360     20         1 classification  False   none Selection   False       SVM        True       <NA>             NA SelectFromModel   NA      <NA>        <NA> 0.7778    rbf            NA                     <NA>                   NA           NA      <NA>               NA   <NA>    NA            NA       NA       <NA>          NA    <NA>            NA               NA      NA   <NA>       <NA>          <NA>    <NA>             <NA>                   <NA> RandomForest                     <NA>                   NA             NA        median       NA       <NA>     NA -2.6798              NA              <NA>                 NA       NA       NA    <NA>
272 fashion-mnist 1585360     20         1 classification  False   none Selection   False       SVM        True       <NA>             NA SelectFromModel   NA      <NA>        <NA> 1.6017    rbf            NA                     <NA>                   NA           NA      <NA>               NA   <NA>    NA            NA       NA       <NA>          NA    <NA>            NA               NA      NA   <NA>       <NA>          <NA>    <NA>             <NA>                   <NA> RandomForest                     <NA>                   NA             NA        median       NA       <NA>     NA -2.2613              NA              <NA>                 NA       NA       NA    <NA>
321 fashion-mnist 1585360     20         1 classification  False   none Selection   False       SVM        True       <NA>             NA SelectFromModel   NA      <NA>        <NA> 0.6036    rbf            NA                     <NA>                   NA           NA      <NA>               NA   <NA>    NA            NA       NA       <NA>          NA    <NA>            NA               NA      NA   <NA>       <NA>          <NA>    <NA>             <NA>                   <NA> RandomForest                     <NA>                   NA             NA        median       NA       <NA>     NA -2.4566              NA              <NA>                 NA       NA       NA    <NA>
325 fashion-mnist 1585360     20         1 classification  False   none Selection   False       SVM        True       <NA>             NA SelectFromModel   NA      <NA>        <NA> 1.8421    rbf            NA                     <NA>                   NA           NA      <NA>               NA   <NA>    NA            NA       NA       <NA>          NA    <NA>            NA               NA      NA   <NA>       <NA>          <NA>    <NA>             <NA>                   <NA> RandomForest                     <NA>                   NA             NA        median       NA       <NA>     NA -2.1645              NA              <NA>                 NA       NA       NA    <NA>
333 fashion-mnist 1585360     20         1 classification  False   none Selection   False       SVM        True       <NA>             NA SelectFromModel   NA      <NA>        <NA> 1.9940    rbf            NA                     <NA>                   NA           NA      <NA>               NA   <NA>    NA            NA       NA       <NA>          NA    <NA>            NA               NA      NA   <NA>       <NA>          <NA>    <NA>             <NA>                   <NA> RandomForest                     <NA>                   NA             NA        median       NA       <NA>     NA -2.3250              NA              <NA>                 NA       NA       NA    <NA>
# 2020-08-17 15:43:02 BRT: Iteration 9 of 9
# experimentsUsedSoFar: 1781
# remainingBudget: 219
# currentBudget: 219
# nbConfigurations: 21
  Markers:
     x No test is performed.
     - The test is performed and some configurations are discarded.
     = The test is performed but no configuration is discarded.
     ! The test is performed and configurations could be discarded but elite configurations are preserved.
     . All alive configurations are elite and nothing is discarded

+-+-----------+-----------+-----------+---------------+-----------+--------+-----+----+------+
| |   Instance|      Alive|       Best|      Mean best| Exp so far|  W time|  rho|KenW|  Qvar|
+-+-----------+-----------+-----------+---------------+-----------+--------+-----+----+------+
|x|         13|         21|        257|  -0.8480000000|         21|00:17:08|   NA|  NA|    NA|
|x|          9|         21|        257|  -0.8501666667|         40|00:03:23|+0.90|0.95|0.0004|
|x|         10|         21|        257|  -0.8467777778|         59|00:00:57|+0.89|0.92|0.0007|
|x|          2|         21|        321|  -0.8479166667|         75|00:00:41|+0.90|0.93|0.0007|
|!|          1|          6|        321|  -0.8474666667|         94|00:00:42|+0.06|0.25|0.6853|
+-+-----------+-----------+-----------+---------------+-----------+--------+-----+----+------+
Best-so-far configuration:         257    mean value:   -0.8450769231
Description of the best-so-far configuration:
    .ID.       dataset  job_id cutoff metafolds           task sparse f_eng1    f_eng2 scaling algorithm pre_scaling extraction ext_components       selection lr_C lr_solver multi_class      C kernel rf_estimators criterion_classification criterion_regression max_features max_depth min_samples_leaf solver alpha hidden_layers neurons1 activation n_neighbors weights ab_estimators ab_learning_rate ab_loss whiten svd_solver ica_algorithm ica_fun dl_fit_algorithm dl_transform_algorithm    sel_model sel_score_classification sel_score_regression sel_percentile sel_threshold max_iter lr_penalty degree   gamma max_depth_value mlp_learning_rate learning_rate_init neurons2 neurons3 lr_dual .PARENT.
257  257 fashion-mnist 1585360     20         1 classification  False   none Selection   False       SVM        True       <NA>             NA SelectFromModel   NA      <NA>        <NA> 0.7778    rbf            NA                     <NA>                   NA           NA      <NA>               NA   <NA>    NA            NA       NA       <NA>          NA    <NA>            NA               NA      NA   <NA>       <NA>          <NA>    <NA>             <NA>                   <NA> RandomForest                     <NA>                   NA             NA        median       NA       <NA>     NA -2.6798              NA              <NA>                 NA       NA       NA    <NA>       81

# 2020-08-17 16:05:57 BRT: Elite configurations (first number is the configuration ID; listed from best to worst according to the sum of ranks):
          dataset  job_id cutoff metafolds           task sparse f_eng1    f_eng2 scaling algorithm pre_scaling extraction ext_components       selection lr_C lr_solver multi_class      C kernel rf_estimators criterion_classification criterion_regression max_features max_depth min_samples_leaf solver alpha hidden_layers neurons1 activation n_neighbors weights ab_estimators ab_learning_rate ab_loss whiten svd_solver ica_algorithm ica_fun dl_fit_algorithm dl_transform_algorithm    sel_model sel_score_classification sel_score_regression sel_percentile sel_threshold max_iter lr_penalty degree   gamma max_depth_value mlp_learning_rate learning_rate_init neurons2 neurons3 lr_dual
257 fashion-mnist 1585360     20         1 classification  False   none Selection   False       SVM        True       <NA>             NA SelectFromModel   NA      <NA>        <NA> 0.7778    rbf            NA                     <NA>                   NA           NA      <NA>               NA   <NA>    NA            NA       NA       <NA>          NA    <NA>            NA               NA      NA   <NA>       <NA>          <NA>    <NA>             <NA>                   <NA> RandomForest                     <NA>                   NA             NA        median       NA       <NA>     NA -2.6798              NA              <NA>                 NA       NA       NA    <NA>
272 fashion-mnist 1585360     20         1 classification  False   none Selection   False       SVM        True       <NA>             NA SelectFromModel   NA      <NA>        <NA> 1.6017    rbf            NA                     <NA>                   NA           NA      <NA>               NA   <NA>    NA            NA       NA       <NA>          NA    <NA>            NA               NA      NA   <NA>       <NA>          <NA>    <NA>             <NA>                   <NA> RandomForest                     <NA>                   NA             NA        median       NA       <NA>     NA -2.2613              NA              <NA>                 NA       NA       NA    <NA>
321 fashion-mnist 1585360     20         1 classification  False   none Selection   False       SVM        True       <NA>             NA SelectFromModel   NA      <NA>        <NA> 0.6036    rbf            NA                     <NA>                   NA           NA      <NA>               NA   <NA>    NA            NA       NA       <NA>          NA    <NA>            NA               NA      NA   <NA>       <NA>          <NA>    <NA>             <NA>                   <NA> RandomForest                     <NA>                   NA             NA        median       NA       <NA>     NA -2.4566              NA              <NA>                 NA       NA       NA    <NA>
333 fashion-mnist 1585360     20         1 classification  False   none Selection   False       SVM        True       <NA>             NA SelectFromModel   NA      <NA>        <NA> 1.9940    rbf            NA                     <NA>                   NA           NA      <NA>               NA   <NA>    NA            NA       NA       <NA>          NA    <NA>            NA               NA      NA   <NA>       <NA>          <NA>    <NA>             <NA>                   <NA> RandomForest                     <NA>                   NA             NA        median       NA       <NA>     NA -2.3250              NA              <NA>                 NA       NA       NA    <NA>
325 fashion-mnist 1585360     20         1 classification  False   none Selection   False       SVM        True       <NA>             NA SelectFromModel   NA      <NA>        <NA> 1.8421    rbf            NA                     <NA>                   NA           NA      <NA>               NA   <NA>    NA            NA       NA       <NA>          NA    <NA>            NA               NA      NA   <NA>       <NA>          <NA>    <NA>             <NA>                   <NA> RandomForest                     <NA>                   NA             NA        median       NA       <NA>     NA -2.1645              NA              <NA>                 NA       NA       NA    <NA>
358 fashion-mnist 1585360     20         1 classification  False   none Selection   False       SVM        True       <NA>             NA SelectFromModel   NA      <NA>        <NA> 3.4107    rbf            NA                     <NA>                   NA           NA      <NA>               NA   <NA>    NA            NA       NA       <NA>          NA    <NA>            NA               NA      NA   <NA>       <NA>          <NA>    <NA>             <NA>                   <NA> RandomForest                     <NA>                   NA             NA        median       NA       <NA>     NA -2.4723              NA              <NA>                 NA       NA       NA    <NA>
# 2020-08-17 16:05:57 BRT: Iteration 10 of 10
# experimentsUsedSoFar: 1875
# remainingBudget: 125
# currentBudget: 125
# nbConfigurations: 14
  Markers:
     x No test is performed.
     - The test is performed and some configurations are discarded.
     = The test is performed but no configuration is discarded.
     ! The test is performed and configurations could be discarded but elite configurations are preserved.
     . All alive configurations are elite and nothing is discarded

+-+-----------+-----------+-----------+---------------+-----------+--------+-----+----+------+
| |   Instance|      Alive|       Best|      Mean best| Exp so far|  W time|  rho|KenW|  Qvar|
+-+-----------+-----------+-----------+---------------+-----------+--------+-----+----+------+
|x|         14|         14|        333|  -0.8376666667|         14|00:00:39|   NA|  NA|    NA|
|x|         10|         14|        358|  -0.8361666667|         22|00:00:38|+0.81|0.90|0.0003|
|x|          2|         14|        358|  -0.8413333333|         30|00:00:39|+0.88|0.92|0.0007|
|x|          4|         14|        358|  -0.8416666667|         42|00:00:39|+0.88|0.91|0.0007|
|!|          6|          6|        321|  -0.8424666667|         51|00:00:39|-0.04|0.17|0.6879|
+-+-----------+-----------+-----------+---------------+-----------+--------+-----+----+------+
Best-so-far configuration:         257    mean value:   -0.8444047619
Description of the best-so-far configuration:
    .ID.       dataset  job_id cutoff metafolds           task sparse f_eng1    f_eng2 scaling algorithm pre_scaling extraction ext_components       selection lr_C lr_solver multi_class      C kernel rf_estimators criterion_classification criterion_regression max_features max_depth min_samples_leaf solver alpha hidden_layers neurons1 activation n_neighbors weights ab_estimators ab_learning_rate ab_loss whiten svd_solver ica_algorithm ica_fun dl_fit_algorithm dl_transform_algorithm    sel_model sel_score_classification sel_score_regression sel_percentile sel_threshold max_iter lr_penalty degree   gamma max_depth_value mlp_learning_rate learning_rate_init neurons2 neurons3 lr_dual .PARENT.
257  257 fashion-mnist 1585360     20         1 classification  False   none Selection   False       SVM        True       <NA>             NA SelectFromModel   NA      <NA>        <NA> 0.7778    rbf            NA                     <NA>                   NA           NA      <NA>               NA   <NA>    NA            NA       NA       <NA>          NA    <NA>            NA               NA      NA   <NA>       <NA>          <NA>    <NA>             <NA>                   <NA> RandomForest                     <NA>                   NA             NA        median       NA       <NA>     NA -2.6798              NA              <NA>                 NA       NA       NA    <NA>       81

# 2020-08-17 16:09:13 BRT: Elite configurations (first number is the configuration ID; listed from best to worst according to the sum of ranks):
          dataset  job_id cutoff metafolds           task sparse f_eng1    f_eng2 scaling algorithm pre_scaling extraction ext_components       selection lr_C lr_solver multi_class      C kernel rf_estimators criterion_classification criterion_regression max_features max_depth min_samples_leaf solver alpha hidden_layers neurons1 activation n_neighbors weights ab_estimators ab_learning_rate ab_loss whiten svd_solver ica_algorithm ica_fun dl_fit_algorithm dl_transform_algorithm    sel_model sel_score_classification sel_score_regression sel_percentile sel_threshold max_iter lr_penalty degree   gamma max_depth_value mlp_learning_rate learning_rate_init neurons2 neurons3 lr_dual
257 fashion-mnist 1585360     20         1 classification  False   none Selection   False       SVM        True       <NA>             NA SelectFromModel   NA      <NA>        <NA> 0.7778    rbf            NA                     <NA>                   NA           NA      <NA>               NA   <NA>    NA            NA       NA       <NA>          NA    <NA>            NA               NA      NA   <NA>       <NA>          <NA>    <NA>             <NA>                   <NA> RandomForest                     <NA>                   NA             NA        median       NA       <NA>     NA -2.6798              NA              <NA>                 NA       NA       NA    <NA>
272 fashion-mnist 1585360     20         1 classification  False   none Selection   False       SVM        True       <NA>             NA SelectFromModel   NA      <NA>        <NA> 1.6017    rbf            NA                     <NA>                   NA           NA      <NA>               NA   <NA>    NA            NA       NA       <NA>          NA    <NA>            NA               NA      NA   <NA>       <NA>          <NA>    <NA>             <NA>                   <NA> RandomForest                     <NA>                   NA             NA        median       NA       <NA>     NA -2.2613              NA              <NA>                 NA       NA       NA    <NA>
321 fashion-mnist 1585360     20         1 classification  False   none Selection   False       SVM        True       <NA>             NA SelectFromModel   NA      <NA>        <NA> 0.6036    rbf            NA                     <NA>                   NA           NA      <NA>               NA   <NA>    NA            NA       NA       <NA>          NA    <NA>            NA               NA      NA   <NA>       <NA>          <NA>    <NA>             <NA>                   <NA> RandomForest                     <NA>                   NA             NA        median       NA       <NA>     NA -2.4566              NA              <NA>                 NA       NA       NA    <NA>
333 fashion-mnist 1585360     20         1 classification  False   none Selection   False       SVM        True       <NA>             NA SelectFromModel   NA      <NA>        <NA> 1.9940    rbf            NA                     <NA>                   NA           NA      <NA>               NA   <NA>    NA            NA       NA       <NA>          NA    <NA>            NA               NA      NA   <NA>       <NA>          <NA>    <NA>             <NA>                   <NA> RandomForest                     <NA>                   NA             NA        median       NA       <NA>     NA -2.3250              NA              <NA>                 NA       NA       NA    <NA>
325 fashion-mnist 1585360     20         1 classification  False   none Selection   False       SVM        True       <NA>             NA SelectFromModel   NA      <NA>        <NA> 1.8421    rbf            NA                     <NA>                   NA           NA      <NA>               NA   <NA>    NA            NA       NA       <NA>          NA    <NA>            NA               NA      NA   <NA>       <NA>          <NA>    <NA>             <NA>                   <NA> RandomForest                     <NA>                   NA             NA        median       NA       <NA>     NA -2.1645              NA              <NA>                 NA       NA       NA    <NA>
358 fashion-mnist 1585360     20         1 classification  False   none Selection   False       SVM        True       <NA>             NA SelectFromModel   NA      <NA>        <NA> 3.4107    rbf            NA                     <NA>                   NA           NA      <NA>               NA   <NA>    NA            NA       NA       <NA>          NA    <NA>            NA               NA      NA   <NA>       <NA>          <NA>    <NA>             <NA>                   <NA> RandomForest                     <NA>                   NA             NA        median       NA       <NA>     NA -2.4723              NA              <NA>                 NA       NA       NA    <NA>
# 2020-08-17 16:09:13 BRT: Iteration 11 of 11
# experimentsUsedSoFar: 1926
# remainingBudget: 74
# currentBudget: 74
# nbConfigurations: 10
  Markers:
     x No test is performed.
     - The test is performed and some configurations are discarded.
     = The test is performed but no configuration is discarded.
     ! The test is performed and configurations could be discarded but elite configurations are preserved.
     . All alive configurations are elite and nothing is discarded

+-+-----------+-----------+-----------+---------------+-----------+--------+-----+----+------+
| |   Instance|      Alive|       Best|      Mean best| Exp so far|  W time|  rho|KenW|  Qvar|
+-+-----------+-----------+-----------+---------------+-----------+--------+-----+----+------+
|x|         15|         10|        321|  -0.8450000000|         10|00:00:39|   NA|  NA|    NA|
|x|         14|         10|        333|  -0.8411666667|         14|00:00:39|+0.86|0.93|0.0011|
|x|         10|         10|        321|  -0.8406666667|         18|00:00:39|+0.73|0.82|0.0006|
|x|          1|         10|        321|  -0.8419166667|         22|00:00:39|+0.79|0.84|0.0004|
|!|         12|          6|        321|  -0.8435333333|         27|00:00:39|+0.17|0.34|0.5445|
|.|          2|          6|        321|  -0.8451111111|         27|23:59:59|+0.20|0.33|0.5240|
|.|          9|          6|        321|  -0.8463333333|         27|23:59:59|+0.30|0.40|0.4915|
|.|          6|          6|        321|  -0.8455416667|         27|23:59:59|+0.28|0.37|0.4830|
+-+-----------+-----------+-----------+---------------+-----------+--------+-----+----+------+
Best-so-far configuration:         257    mean value:   -0.8442888889
Description of the best-so-far configuration:
    .ID.       dataset  job_id cutoff metafolds           task sparse f_eng1    f_eng2 scaling algorithm pre_scaling extraction ext_components       selection lr_C lr_solver multi_class      C kernel rf_estimators criterion_classification criterion_regression max_features max_depth min_samples_leaf solver alpha hidden_layers neurons1 activation n_neighbors weights ab_estimators ab_learning_rate ab_loss whiten svd_solver ica_algorithm ica_fun dl_fit_algorithm dl_transform_algorithm    sel_model sel_score_classification sel_score_regression sel_percentile sel_threshold max_iter lr_penalty degree   gamma max_depth_value mlp_learning_rate learning_rate_init neurons2 neurons3 lr_dual .PARENT.
257  257 fashion-mnist 1585360     20         1 classification  False   none Selection   False       SVM        True       <NA>             NA SelectFromModel   NA      <NA>        <NA> 0.7778    rbf            NA                     <NA>                   NA           NA      <NA>               NA   <NA>    NA            NA       NA       <NA>          NA    <NA>            NA               NA      NA   <NA>       <NA>          <NA>    <NA>             <NA>                   <NA> RandomForest                     <NA>                   NA             NA        median       NA       <NA>     NA -2.6798              NA              <NA>                 NA       NA       NA    <NA>       81

# 2020-08-17 16:12:31 BRT: Elite configurations (first number is the configuration ID; listed from best to worst according to the sum of ranks):
          dataset  job_id cutoff metafolds           task sparse f_eng1    f_eng2 scaling algorithm pre_scaling extraction ext_components       selection lr_C lr_solver multi_class      C kernel rf_estimators criterion_classification criterion_regression max_features max_depth min_samples_leaf solver alpha hidden_layers neurons1 activation n_neighbors weights ab_estimators ab_learning_rate ab_loss whiten svd_solver ica_algorithm ica_fun dl_fit_algorithm dl_transform_algorithm    sel_model sel_score_classification sel_score_regression sel_percentile sel_threshold max_iter lr_penalty degree   gamma max_depth_value mlp_learning_rate learning_rate_init neurons2 neurons3 lr_dual
257 fashion-mnist 1585360     20         1 classification  False   none Selection   False       SVM        True       <NA>             NA SelectFromModel   NA      <NA>        <NA> 0.7778    rbf            NA                     <NA>                   NA           NA      <NA>               NA   <NA>    NA            NA       NA       <NA>          NA    <NA>            NA               NA      NA   <NA>       <NA>          <NA>    <NA>             <NA>                   <NA> RandomForest                     <NA>                   NA             NA        median       NA       <NA>     NA -2.6798              NA              <NA>                 NA       NA       NA    <NA>
272 fashion-mnist 1585360     20         1 classification  False   none Selection   False       SVM        True       <NA>             NA SelectFromModel   NA      <NA>        <NA> 1.6017    rbf            NA                     <NA>                   NA           NA      <NA>               NA   <NA>    NA            NA       NA       <NA>          NA    <NA>            NA               NA      NA   <NA>       <NA>          <NA>    <NA>             <NA>                   <NA> RandomForest                     <NA>                   NA             NA        median       NA       <NA>     NA -2.2613              NA              <NA>                 NA       NA       NA    <NA>
321 fashion-mnist 1585360     20         1 classification  False   none Selection   False       SVM        True       <NA>             NA SelectFromModel   NA      <NA>        <NA> 0.6036    rbf            NA                     <NA>                   NA           NA      <NA>               NA   <NA>    NA            NA       NA       <NA>          NA    <NA>            NA               NA      NA   <NA>       <NA>          <NA>    <NA>             <NA>                   <NA> RandomForest                     <NA>                   NA             NA        median       NA       <NA>     NA -2.4566              NA              <NA>                 NA       NA       NA    <NA>
333 fashion-mnist 1585360     20         1 classification  False   none Selection   False       SVM        True       <NA>             NA SelectFromModel   NA      <NA>        <NA> 1.9940    rbf            NA                     <NA>                   NA           NA      <NA>               NA   <NA>    NA            NA       NA       <NA>          NA    <NA>            NA               NA      NA   <NA>       <NA>          <NA>    <NA>             <NA>                   <NA> RandomForest                     <NA>                   NA             NA        median       NA       <NA>     NA -2.3250              NA              <NA>                 NA       NA       NA    <NA>
325 fashion-mnist 1585360     20         1 classification  False   none Selection   False       SVM        True       <NA>             NA SelectFromModel   NA      <NA>        <NA> 1.8421    rbf            NA                     <NA>                   NA           NA      <NA>               NA   <NA>    NA            NA       NA       <NA>          NA    <NA>            NA               NA      NA   <NA>       <NA>          <NA>    <NA>             <NA>                   <NA> RandomForest                     <NA>                   NA             NA        median       NA       <NA>     NA -2.1645              NA              <NA>                 NA       NA       NA    <NA>
358 fashion-mnist 1585360     20         1 classification  False   none Selection   False       SVM        True       <NA>             NA SelectFromModel   NA      <NA>        <NA> 3.4107    rbf            NA                     <NA>                   NA           NA      <NA>               NA   <NA>    NA            NA       NA       <NA>          NA    <NA>            NA               NA      NA   <NA>       <NA>          <NA>    <NA>             <NA>                   <NA> RandomForest                     <NA>                   NA             NA        median       NA       <NA>     NA -2.4723              NA              <NA>                 NA       NA       NA    <NA>
# 2020-08-17 16:12:31 BRT: Iteration 12 of 12
# experimentsUsedSoFar: 1953
# remainingBudget: 47
# currentBudget: 47
# nbConfigurations: 8
  Markers:
     x No test is performed.
     - The test is performed and some configurations are discarded.
     = The test is performed but no configuration is discarded.
     ! The test is performed and configurations could be discarded but elite configurations are preserved.
     . All alive configurations are elite and nothing is discarded

+-+-----------+-----------+-----------+---------------+-----------+--------+-----+----+------+
| |   Instance|      Alive|       Best|      Mean best| Exp so far|  W time|  rho|KenW|  Qvar|
+-+-----------+-----------+-----------+---------------+-----------+--------+-----+----+------+
|x|         16|          8|        321|  -0.8386666667|          8|00:00:38|   NA|  NA|    NA|
|x|          8|          8|        321|  -0.8428333333|         11|00:00:38|+0.29|0.64|0.0014|
|x|         15|          8|        321|  -0.8435555556|         13|00:00:39|+0.51|0.67|0.0012|
|x|          2|          8|        321|  -0.8459166667|         15|00:00:38|+0.58|0.68|0.0008|
|!|          6|          6|        321|  -0.8447333333|         17|00:00:38|+0.10|0.28|0.7010|
+-+-----------+-----------+-----------+---------------+-----------+--------+-----+----+------+
Best-so-far configuration:         257    mean value:   -0.8438125000
Description of the best-so-far configuration:
    .ID.       dataset  job_id cutoff metafolds           task sparse f_eng1    f_eng2 scaling algorithm pre_scaling extraction ext_components       selection lr_C lr_solver multi_class      C kernel rf_estimators criterion_classification criterion_regression max_features max_depth min_samples_leaf solver alpha hidden_layers neurons1 activation n_neighbors weights ab_estimators ab_learning_rate ab_loss whiten svd_solver ica_algorithm ica_fun dl_fit_algorithm dl_transform_algorithm    sel_model sel_score_classification sel_score_regression sel_percentile sel_threshold max_iter lr_penalty degree   gamma max_depth_value mlp_learning_rate learning_rate_init neurons2 neurons3 lr_dual .PARENT.
257  257 fashion-mnist 1585360     20         1 classification  False   none Selection   False       SVM        True       <NA>             NA SelectFromModel   NA      <NA>        <NA> 0.7778    rbf            NA                     <NA>                   NA           NA      <NA>               NA   <NA>    NA            NA       NA       <NA>          NA    <NA>            NA               NA      NA   <NA>       <NA>          <NA>    <NA>             <NA>                   <NA> RandomForest                     <NA>                   NA             NA        median       NA       <NA>     NA -2.6798              NA              <NA>                 NA       NA       NA    <NA>       81

# 2020-08-17 16:15:46 BRT: Elite configurations (first number is the configuration ID; listed from best to worst according to the sum of ranks):
          dataset  job_id cutoff metafolds           task sparse f_eng1    f_eng2 scaling algorithm pre_scaling extraction ext_components       selection lr_C lr_solver multi_class      C kernel rf_estimators criterion_classification criterion_regression max_features max_depth min_samples_leaf solver alpha hidden_layers neurons1 activation n_neighbors weights ab_estimators ab_learning_rate ab_loss whiten svd_solver ica_algorithm ica_fun dl_fit_algorithm dl_transform_algorithm    sel_model sel_score_classification sel_score_regression sel_percentile sel_threshold max_iter lr_penalty degree   gamma max_depth_value mlp_learning_rate learning_rate_init neurons2 neurons3 lr_dual
257 fashion-mnist 1585360     20         1 classification  False   none Selection   False       SVM        True       <NA>             NA SelectFromModel   NA      <NA>        <NA> 0.7778    rbf            NA                     <NA>                   NA           NA      <NA>               NA   <NA>    NA            NA       NA       <NA>          NA    <NA>            NA               NA      NA   <NA>       <NA>          <NA>    <NA>             <NA>                   <NA> RandomForest                     <NA>                   NA             NA        median       NA       <NA>     NA -2.6798              NA              <NA>                 NA       NA       NA    <NA>
272 fashion-mnist 1585360     20         1 classification  False   none Selection   False       SVM        True       <NA>             NA SelectFromModel   NA      <NA>        <NA> 1.6017    rbf            NA                     <NA>                   NA           NA      <NA>               NA   <NA>    NA            NA       NA       <NA>          NA    <NA>            NA               NA      NA   <NA>       <NA>          <NA>    <NA>             <NA>                   <NA> RandomForest                     <NA>                   NA             NA        median       NA       <NA>     NA -2.2613              NA              <NA>                 NA       NA       NA    <NA>
321 fashion-mnist 1585360     20         1 classification  False   none Selection   False       SVM        True       <NA>             NA SelectFromModel   NA      <NA>        <NA> 0.6036    rbf            NA                     <NA>                   NA           NA      <NA>               NA   <NA>    NA            NA       NA       <NA>          NA    <NA>            NA               NA      NA   <NA>       <NA>          <NA>    <NA>             <NA>                   <NA> RandomForest                     <NA>                   NA             NA        median       NA       <NA>     NA -2.4566              NA              <NA>                 NA       NA       NA    <NA>
333 fashion-mnist 1585360     20         1 classification  False   none Selection   False       SVM        True       <NA>             NA SelectFromModel   NA      <NA>        <NA> 1.9940    rbf            NA                     <NA>                   NA           NA      <NA>               NA   <NA>    NA            NA       NA       <NA>          NA    <NA>            NA               NA      NA   <NA>       <NA>          <NA>    <NA>             <NA>                   <NA> RandomForest                     <NA>                   NA             NA        median       NA       <NA>     NA -2.3250              NA              <NA>                 NA       NA       NA    <NA>
325 fashion-mnist 1585360     20         1 classification  False   none Selection   False       SVM        True       <NA>             NA SelectFromModel   NA      <NA>        <NA> 1.8421    rbf            NA                     <NA>                   NA           NA      <NA>               NA   <NA>    NA            NA       NA       <NA>          NA    <NA>            NA               NA      NA   <NA>       <NA>          <NA>    <NA>             <NA>                   <NA> RandomForest                     <NA>                   NA             NA        median       NA       <NA>     NA -2.1645              NA              <NA>                 NA       NA       NA    <NA>
358 fashion-mnist 1585360     20         1 classification  False   none Selection   False       SVM        True       <NA>             NA SelectFromModel   NA      <NA>        <NA> 3.4107    rbf            NA                     <NA>                   NA           NA      <NA>               NA   <NA>    NA            NA       NA       <NA>          NA    <NA>            NA               NA      NA   <NA>       <NA>          <NA>    <NA>             <NA>                   <NA> RandomForest                     <NA>                   NA             NA        median       NA       <NA>     NA -2.4723              NA              <NA>                 NA       NA       NA    <NA>
# 2020-08-17 16:15:46 BRT: Stopped because there is not enough budget left to race more than the minimum (7)
# You may either increase the budget or set 'minNbSurvival' to a lower value
# Iteration: 13
# nbIterations: 13
# experimentsUsedSoFar: 1970
# timeUsed: 0
# remainingBudget: 30
# currentBudget: 30
# number of elites: 6
# nbConfigurations: 7
# Best configurations (first number is the configuration ID; listed from best to worst according to the sum of ranks):
          dataset  job_id cutoff metafolds           task sparse f_eng1    f_eng2 scaling algorithm pre_scaling extraction ext_components       selection lr_C lr_solver multi_class      C kernel rf_estimators criterion_classification criterion_regression max_features max_depth min_samples_leaf solver alpha hidden_layers neurons1 activation n_neighbors weights ab_estimators ab_learning_rate ab_loss whiten svd_solver ica_algorithm ica_fun dl_fit_algorithm dl_transform_algorithm    sel_model sel_score_classification sel_score_regression sel_percentile sel_threshold max_iter lr_penalty degree   gamma max_depth_value mlp_learning_rate learning_rate_init neurons2 neurons3 lr_dual
257 fashion-mnist 1585360     20         1 classification  False   none Selection   False       SVM        True       <NA>             NA SelectFromModel   NA      <NA>        <NA> 0.7778    rbf            NA                     <NA>                   NA           NA      <NA>               NA   <NA>    NA            NA       NA       <NA>          NA    <NA>            NA               NA      NA   <NA>       <NA>          <NA>    <NA>             <NA>                   <NA> RandomForest                     <NA>                   NA             NA        median       NA       <NA>     NA -2.6798              NA              <NA>                 NA       NA       NA    <NA>
272 fashion-mnist 1585360     20         1 classification  False   none Selection   False       SVM        True       <NA>             NA SelectFromModel   NA      <NA>        <NA> 1.6017    rbf            NA                     <NA>                   NA           NA      <NA>               NA   <NA>    NA            NA       NA       <NA>          NA    <NA>            NA               NA      NA   <NA>       <NA>          <NA>    <NA>             <NA>                   <NA> RandomForest                     <NA>                   NA             NA        median       NA       <NA>     NA -2.2613              NA              <NA>                 NA       NA       NA    <NA>
321 fashion-mnist 1585360     20         1 classification  False   none Selection   False       SVM        True       <NA>             NA SelectFromModel   NA      <NA>        <NA> 0.6036    rbf            NA                     <NA>                   NA           NA      <NA>               NA   <NA>    NA            NA       NA       <NA>          NA    <NA>            NA               NA      NA   <NA>       <NA>          <NA>    <NA>             <NA>                   <NA> RandomForest                     <NA>                   NA             NA        median       NA       <NA>     NA -2.4566              NA              <NA>                 NA       NA       NA    <NA>
333 fashion-mnist 1585360     20         1 classification  False   none Selection   False       SVM        True       <NA>             NA SelectFromModel   NA      <NA>        <NA> 1.9940    rbf            NA                     <NA>                   NA           NA      <NA>               NA   <NA>    NA            NA       NA       <NA>          NA    <NA>            NA               NA      NA   <NA>       <NA>          <NA>    <NA>             <NA>                   <NA> RandomForest                     <NA>                   NA             NA        median       NA       <NA>     NA -2.3250              NA              <NA>                 NA       NA       NA    <NA>
325 fashion-mnist 1585360     20         1 classification  False   none Selection   False       SVM        True       <NA>             NA SelectFromModel   NA      <NA>        <NA> 1.8421    rbf            NA                     <NA>                   NA           NA      <NA>               NA   <NA>    NA            NA       NA       <NA>          NA    <NA>            NA               NA      NA   <NA>       <NA>          <NA>    <NA>             <NA>                   <NA> RandomForest                     <NA>                   NA             NA        median       NA       <NA>     NA -2.1645              NA              <NA>                 NA       NA       NA    <NA>
358 fashion-mnist 1585360     20         1 classification  False   none Selection   False       SVM        True       <NA>             NA SelectFromModel   NA      <NA>        <NA> 3.4107    rbf            NA                     <NA>                   NA           NA      <NA>               NA   <NA>    NA            NA       NA       <NA>          NA    <NA>            NA               NA      NA   <NA>       <NA>          <NA>    <NA>             <NA>                   <NA> RandomForest                     <NA>                   NA             NA        median       NA       <NA>     NA -2.4723              NA              <NA>                 NA       NA       NA    <NA>
# Best configurations as commandlines (first number is the configuration ID; same order as above):
257  --dataset fashion-mnist --job_id 1585360 --cutoff 20 --metafolds 1 --task classification --sparse False --f_eng1 none --f_eng2 Selection --pre_scaling True --selection SelectFromModel --sel_model RandomForest --sel_threshold median --scaling False --algorithm SVM --C 0.7778 --kernel rbf --gamma -2.6798
272  --dataset fashion-mnist --job_id 1585360 --cutoff 20 --metafolds 1 --task classification --sparse False --f_eng1 none --f_eng2 Selection --pre_scaling True --selection SelectFromModel --sel_model RandomForest --sel_threshold median --scaling False --algorithm SVM --C 1.6017 --kernel rbf --gamma -2.2613
321  --dataset fashion-mnist --job_id 1585360 --cutoff 20 --metafolds 1 --task classification --sparse False --f_eng1 none --f_eng2 Selection --pre_scaling True --selection SelectFromModel --sel_model RandomForest --sel_threshold median --scaling False --algorithm SVM --C 0.6036 --kernel rbf --gamma -2.4566
333  --dataset fashion-mnist --job_id 1585360 --cutoff 20 --metafolds 1 --task classification --sparse False --f_eng1 none --f_eng2 Selection --pre_scaling True --selection SelectFromModel --sel_model RandomForest --sel_threshold median --scaling False --algorithm SVM --C 1.994 --kernel rbf --gamma -2.325
325  --dataset fashion-mnist --job_id 1585360 --cutoff 20 --metafolds 1 --task classification --sparse False --f_eng1 none --f_eng2 Selection --pre_scaling True --selection SelectFromModel --sel_model RandomForest --sel_threshold median --scaling False --algorithm SVM --C 1.8421 --kernel rbf --gamma -2.1645
358  --dataset fashion-mnist --job_id 1585360 --cutoff 20 --metafolds 1 --task classification --sparse False --f_eng1 none --f_eng2 Selection --pre_scaling True --selection SelectFromModel --sel_model RandomForest --sel_threshold median --scaling False --algorithm SVM --C 3.4107 --kernel rbf --gamma -2.4723
