*******************************************************************************
* irace: An implementation in R of Iterated Race
* Version: 3.1.2112M
* Copyright (C) 2010-2018
* Manuel Lopez-Ibanez     <manuel.lopez-ibanez@manchester.ac.uk>
* Jeremie Dubois-Lacoste  
* Leslie Perez Caceres    <leslie.perez.caceres@ulb.ac.be>
*
* This is free software, and you are welcome to redistribute it under certain
* conditions.  See the GNU General Public License for details. There is NO
* WARRANTY; not even for MERCHANTABILITY or FITNESS FOR A PARTICULAR PURPOSE.
*
* irace builds upon previous code from the race package:
*
* race: Racing methods for the selection of the best
* Copyright (C) 2003 Mauro Birattari
*******************************************************************************
# installed at: /home/cemvieira/bin/R/irace
# called with: -s scenario.txt --max-experiments 2000 -p ./fashion-mnist/parameters-1545513.txt --parallel 32 --train-instances-file fashion-mnist/new-instances.txt --log-file ./output/fashion-mnist/fashion-mnist-1f2k10m-irace-1545513.Rdata
# 8 expression(s) specifying forbidden configurations read from '/home/cemvieira/isklearn/forbidden.txt'
# 2020-06-29 17:24:26 BRT: Initialization
# Elitist race
# Elitist new instances: 1
# Elitist limit: 2
# nbIterations: 7
# minNbSurvival: 7
# nbParameters: 50
# seed: 2121376614
# confidence level: 0.95
# budget: 2000
# mu: 5
# deterministic: TRUE

# 2020-06-29 17:24:26 BRT: Iteration 1 of 7
# experimentsUsedSoFar: 0
# remainingBudget: 2000
# currentBudget: 285
# nbConfigurations: 47
  Markers:
     x No test is performed.
     - The test is performed and some configurations are discarded.
     = The test is performed but no configuration is discarded.
     ! The test is performed and configurations could be discarded but elite configurations are preserved.
     . All alive configurations are elite and nothing is discarded

+-+-----------+-----------+-----------+---------------+-----------+--------+-----+----+------+
| |   Instance|      Alive|       Best|      Mean best| Exp so far|  W time|  rho|KenW|  Qvar|
+-+-----------+-----------+-----------+---------------+-----------+--------+-----+----+------+
|x|          1|         47|         29|  -0.8490000000|         47|00:20:01|   NA|  NA|    NA|
|x|          2|         47|         29|  -0.8406666667|         94|00:20:02|+1.00|1.00|0.0000|
|x|          3|         47|         29|  -0.8381111111|        141|00:20:01|+1.00|1.00|0.0000|
|x|          4|         47|         29|  -0.8372500000|        188|00:20:01|+1.00|1.00|0.0000|
|!|          5|          1|         29|  -0.8378666667|        235|00:20:01|   NA|  NA|    NA|
+-+-----------+-----------+-----------+---------------+-----------+--------+-----+----+------+
Best-so-far configuration:          29    mean value:   -0.8378666667
Description of the best-so-far configuration:
   .ID.       dataset  job_id cutoff metafolds           task sparse    f_eng1 f_eng2 scaling algorithm pre_scaling extraction ext_components        selection lr_C lr_solver multi_class      C kernel rf_estimators criterion_classification criterion_regression max_features max_depth min_samples_leaf solver alpha hidden_layers neurons1 activation n_neighbors weights ab_estimators ab_learning_rate ab_loss whiten svd_solver ica_algorithm ica_fun dl_fit_algorithm dl_transform_algorithm sel_model sel_score_classification sel_score_regression sel_percentile sel_threshold max_iter lr_penalty degree   gamma max_depth_value mlp_learning_rate learning_rate_init neurons2 neurons3 lr_dual .PARENT.
29   29 fashion-mnist 1545513     10         1 classification  False Selection   None   False       SVM        True       <NA>             NA SelectPercentile   NA      <NA>        <NA> 1.0973    rbf            NA                     <NA>                   NA           NA      <NA>               NA   <NA>    NA            NA       NA       <NA>          NA    <NA>            NA               NA      NA   <NA>       <NA>          <NA>    <NA>             <NA>                   <NA>      <NA>                f_classif                   NA             85          <NA>       NA       <NA>     NA -3.7914              NA              <NA>                 NA       NA       NA      NA       NA

# 2020-06-29 19:04:37 BRT: Elite configurations (first number is the configuration ID; listed from best to worst according to the sum of ranks):
         dataset  job_id cutoff metafolds           task sparse    f_eng1 f_eng2 scaling algorithm pre_scaling extraction ext_components        selection lr_C lr_solver multi_class      C kernel rf_estimators criterion_classification criterion_regression max_features max_depth min_samples_leaf solver alpha hidden_layers neurons1 activation n_neighbors weights ab_estimators ab_learning_rate ab_loss whiten svd_solver ica_algorithm ica_fun dl_fit_algorithm dl_transform_algorithm sel_model sel_score_classification sel_score_regression sel_percentile sel_threshold max_iter lr_penalty degree   gamma max_depth_value mlp_learning_rate learning_rate_init neurons2 neurons3 lr_dual
29 fashion-mnist 1545513     10         1 classification  False Selection   None   False       SVM        True       <NA>             NA SelectPercentile   NA      <NA>        <NA> 1.0973    rbf            NA                     <NA>                   NA           NA      <NA>               NA   <NA>    NA            NA       NA       <NA>          NA    <NA>            NA               NA      NA   <NA>       <NA>          <NA>    <NA>             <NA>                   <NA>      <NA>                f_classif                   NA             85          <NA>       NA       <NA>     NA -3.7914              NA              <NA>                 NA       NA       NA      NA
# 2020-06-29 19:04:37 BRT: Iteration 2 of 7
# experimentsUsedSoFar: 235
# remainingBudget: 1765
# currentBudget: 294
# nbConfigurations: 42
  Markers:
     x No test is performed.
     - The test is performed and some configurations are discarded.
     = The test is performed but no configuration is discarded.
     ! The test is performed and configurations could be discarded but elite configurations are preserved.
     . All alive configurations are elite and nothing is discarded

+-+-----------+-----------+-----------+---------------+-----------+--------+-----+----+------+
| |   Instance|      Alive|       Best|      Mean best| Exp so far|  W time|  rho|KenW|  Qvar|
+-+-----------+-----------+-----------+---------------+-----------+--------+-----+----+------+
|x|          6|         42|         29|  -0.8390000000|         42|00:13:57|   NA|  NA|    NA|
|x|          5|         42|         29|  -0.8396666667|         83|00:14:00|+1.00|1.00|0.0000|
|x|          3|         42|         29|  -0.8374444444|        124|00:13:31|+1.00|1.00|0.0000|
|x|          4|         42|         29|  -0.8367500000|        165|00:13:51|+1.00|1.00|0.0000|
|!|          1|          1|         29|  -0.8392000000|        206|00:13:29|   NA|  NA|    NA|
|.|          2|          1|         29|  -0.8380555556|        206|23:59:59|   NA|  NA|    NA|
+-+-----------+-----------+-----------+---------------+-----------+--------+-----+----+------+
Best-so-far configuration:          29    mean value:   -0.8380555556
Description of the best-so-far configuration:
   .ID.       dataset  job_id cutoff metafolds           task sparse    f_eng1 f_eng2 scaling algorithm pre_scaling extraction ext_components        selection lr_C lr_solver multi_class      C kernel rf_estimators criterion_classification criterion_regression max_features max_depth min_samples_leaf solver alpha hidden_layers neurons1 activation n_neighbors weights ab_estimators ab_learning_rate ab_loss whiten svd_solver ica_algorithm ica_fun dl_fit_algorithm dl_transform_algorithm sel_model sel_score_classification sel_score_regression sel_percentile sel_threshold max_iter lr_penalty degree   gamma max_depth_value mlp_learning_rate learning_rate_init neurons2 neurons3 lr_dual .PARENT.
29   29 fashion-mnist 1545513     10         1 classification  False Selection   None   False       SVM        True       <NA>             NA SelectPercentile   NA      <NA>        <NA> 1.0973    rbf            NA                     <NA>                   NA           NA      <NA>               NA   <NA>    NA            NA       NA       <NA>          NA    <NA>            NA               NA      NA   <NA>       <NA>          <NA>    <NA>             <NA>                   <NA>      <NA>                f_classif                   NA             85          <NA>       NA       <NA>     NA -3.7914              NA              <NA>                 NA       NA       NA      NA       NA

# 2020-06-29 20:13:30 BRT: Elite configurations (first number is the configuration ID; listed from best to worst according to the sum of ranks):
         dataset  job_id cutoff metafolds           task sparse    f_eng1 f_eng2 scaling algorithm pre_scaling extraction ext_components        selection lr_C lr_solver multi_class      C kernel rf_estimators criterion_classification criterion_regression max_features max_depth min_samples_leaf solver alpha hidden_layers neurons1 activation n_neighbors weights ab_estimators ab_learning_rate ab_loss whiten svd_solver ica_algorithm ica_fun dl_fit_algorithm dl_transform_algorithm sel_model sel_score_classification sel_score_regression sel_percentile sel_threshold max_iter lr_penalty degree   gamma max_depth_value mlp_learning_rate learning_rate_init neurons2 neurons3 lr_dual
29 fashion-mnist 1545513     10         1 classification  False Selection   None   False       SVM        True       <NA>             NA SelectPercentile   NA      <NA>        <NA> 1.0973    rbf            NA                     <NA>                   NA           NA      <NA>               NA   <NA>    NA            NA       NA       <NA>          NA    <NA>            NA               NA      NA   <NA>       <NA>          <NA>    <NA>             <NA>                   <NA>      <NA>                f_classif                   NA             85          <NA>       NA       <NA>     NA -3.7914              NA              <NA>                 NA       NA       NA      NA
# 2020-06-29 20:13:30 BRT: Iteration 3 of 7
# experimentsUsedSoFar: 441
# remainingBudget: 1559
# currentBudget: 311
# nbConfigurations: 39
  Markers:
     x No test is performed.
     - The test is performed and some configurations are discarded.
     = The test is performed but no configuration is discarded.
     ! The test is performed and configurations could be discarded but elite configurations are preserved.
     . All alive configurations are elite and nothing is discarded

+-+-----------+-----------+-----------+---------------+-----------+--------+-----+----+------+
| |   Instance|      Alive|       Best|      Mean best| Exp so far|  W time|  rho|KenW|  Qvar|
+-+-----------+-----------+-----------+---------------+-----------+--------+-----+----+------+
|x|          7|         39|         29|  -0.8416666667|         39|00:12:46|   NA|  NA|    NA|
|x|          5|         39|         29|  -0.8410000000|         77|00:12:19|+1.00|1.00|0.0000|
|x|          6|         39|         29|  -0.8403333333|        115|00:12:22|+1.00|1.00|0.0000|
|x|          3|         39|         29|  -0.8385000000|        153|00:12:24|+1.00|1.00|0.0000|
|!|          1|          1|         29|  -0.8406000000|        191|00:12:17|   NA|  NA|    NA|
|.|          4|          1|         29|  -0.8396111111|        191|23:59:59|   NA|  NA|    NA|
|.|          2|          1|         29|  -0.8385714286|        191|23:59:59|   NA|  NA|    NA|
+-+-----------+-----------+-----------+---------------+-----------+--------+-----+----+------+
Best-so-far configuration:          29    mean value:   -0.8385714286
Description of the best-so-far configuration:
   .ID.       dataset  job_id cutoff metafolds           task sparse    f_eng1 f_eng2 scaling algorithm pre_scaling extraction ext_components        selection lr_C lr_solver multi_class      C kernel rf_estimators criterion_classification criterion_regression max_features max_depth min_samples_leaf solver alpha hidden_layers neurons1 activation n_neighbors weights ab_estimators ab_learning_rate ab_loss whiten svd_solver ica_algorithm ica_fun dl_fit_algorithm dl_transform_algorithm sel_model sel_score_classification sel_score_regression sel_percentile sel_threshold max_iter lr_penalty degree   gamma max_depth_value mlp_learning_rate learning_rate_init neurons2 neurons3 lr_dual .PARENT.
29   29 fashion-mnist 1545513     10         1 classification  False Selection   None   False       SVM        True       <NA>             NA SelectPercentile   NA      <NA>        <NA> 1.0973    rbf            NA                     <NA>                   NA           NA      <NA>               NA   <NA>    NA            NA       NA       <NA>          NA    <NA>            NA               NA      NA   <NA>       <NA>          <NA>    <NA>             <NA>                   <NA>      <NA>                f_classif                   NA             85          <NA>       NA       <NA>     NA -3.7914              NA              <NA>                 NA       NA       NA      NA       NA

# 2020-06-29 21:15:42 BRT: Elite configurations (first number is the configuration ID; listed from best to worst according to the sum of ranks):
         dataset  job_id cutoff metafolds           task sparse    f_eng1 f_eng2 scaling algorithm pre_scaling extraction ext_components        selection lr_C lr_solver multi_class      C kernel rf_estimators criterion_classification criterion_regression max_features max_depth min_samples_leaf solver alpha hidden_layers neurons1 activation n_neighbors weights ab_estimators ab_learning_rate ab_loss whiten svd_solver ica_algorithm ica_fun dl_fit_algorithm dl_transform_algorithm sel_model sel_score_classification sel_score_regression sel_percentile sel_threshold max_iter lr_penalty degree   gamma max_depth_value mlp_learning_rate learning_rate_init neurons2 neurons3 lr_dual
29 fashion-mnist 1545513     10         1 classification  False Selection   None   False       SVM        True       <NA>             NA SelectPercentile   NA      <NA>        <NA> 1.0973    rbf            NA                     <NA>                   NA           NA      <NA>               NA   <NA>    NA            NA       NA       <NA>          NA    <NA>            NA               NA      NA   <NA>       <NA>          <NA>    <NA>             <NA>                   <NA>      <NA>                f_classif                   NA             85          <NA>       NA       <NA>     NA -3.7914              NA              <NA>                 NA       NA       NA      NA
# 2020-06-29 21:15:42 BRT: Iteration 4 of 7
# experimentsUsedSoFar: 632
# remainingBudget: 1368
# currentBudget: 342
# nbConfigurations: 38
  Markers:
     x No test is performed.
     - The test is performed and some configurations are discarded.
     = The test is performed but no configuration is discarded.
     ! The test is performed and configurations could be discarded but elite configurations are preserved.
     . All alive configurations are elite and nothing is discarded

+-+-----------+-----------+-----------+---------------+-----------+--------+-----+----+------+
| |   Instance|      Alive|       Best|      Mean best| Exp so far|  W time|  rho|KenW|  Qvar|
+-+-----------+-----------+-----------+---------------+-----------+--------+-----+----+------+
|x|          8|         38|        136|  -0.8426666667|         38|00:10:01|   NA|  NA|    NA|
|x|          7|         38|        136|  -0.8471666667|         75|00:10:01|+1.00|1.00|0.0000|
|x|          2|         38|        136|  -0.8442222222|        112|00:10:01|+1.00|1.00|0.0000|
|x|          6|         38|        136|  -0.8446666667|        149|00:10:00|+1.00|1.00|0.0000|
|!|          1|          2|        136|  -0.8463333333|        186|00:10:01|+1.00|1.00|0.0000|
+-+-----------+-----------+-----------+---------------+-----------+--------+-----+----+------+
Best-so-far configuration:          29    mean value:   -0.8387083333
Description of the best-so-far configuration:
   .ID.       dataset  job_id cutoff metafolds           task sparse    f_eng1 f_eng2 scaling algorithm pre_scaling extraction ext_components        selection lr_C lr_solver multi_class      C kernel rf_estimators criterion_classification criterion_regression max_features max_depth min_samples_leaf solver alpha hidden_layers neurons1 activation n_neighbors weights ab_estimators ab_learning_rate ab_loss whiten svd_solver ica_algorithm ica_fun dl_fit_algorithm dl_transform_algorithm sel_model sel_score_classification sel_score_regression sel_percentile sel_threshold max_iter lr_penalty degree   gamma max_depth_value mlp_learning_rate learning_rate_init neurons2 neurons3 lr_dual .PARENT.
29   29 fashion-mnist 1545513     10         1 classification  False Selection   None   False       SVM        True       <NA>             NA SelectPercentile   NA      <NA>        <NA> 1.0973    rbf            NA                     <NA>                   NA           NA      <NA>               NA   <NA>    NA            NA       NA       <NA>          NA    <NA>            NA               NA      NA   <NA>       <NA>          <NA>    <NA>             <NA>                   <NA>      <NA>                f_classif                   NA             85          <NA>       NA       <NA>     NA -3.7914              NA              <NA>                 NA       NA       NA      NA       NA

# 2020-06-29 22:05:50 BRT: Elite configurations (first number is the configuration ID; listed from best to worst according to the sum of ranks):
          dataset  job_id cutoff metafolds           task sparse    f_eng1 f_eng2 scaling algorithm pre_scaling extraction ext_components        selection lr_C lr_solver multi_class      C kernel rf_estimators criterion_classification criterion_regression max_features max_depth min_samples_leaf solver alpha hidden_layers neurons1 activation n_neighbors weights ab_estimators ab_learning_rate ab_loss whiten svd_solver ica_algorithm ica_fun dl_fit_algorithm dl_transform_algorithm sel_model sel_score_classification sel_score_regression sel_percentile sel_threshold max_iter lr_penalty degree   gamma max_depth_value mlp_learning_rate learning_rate_init neurons2 neurons3 lr_dual
29  fashion-mnist 1545513     10         1 classification  False Selection   None   False       SVM        True       <NA>             NA SelectPercentile   NA      <NA>        <NA> 1.0973    rbf            NA                     <NA>                   NA           NA      <NA>               NA   <NA>    NA            NA       NA       <NA>          NA    <NA>            NA               NA      NA   <NA>       <NA>          <NA>    <NA>             <NA>                   <NA>      <NA>                f_classif                   NA             85          <NA>       NA       <NA>     NA -3.7914              NA              <NA>                 NA       NA       NA      NA
136 fashion-mnist 1545513     10         1 classification  False Selection   None   False       SVM        True       <NA>             NA SelectPercentile   NA      <NA>        <NA> 1.7719    rbf            NA                     <NA>                   NA           NA      <NA>               NA   <NA>    NA            NA       NA       <NA>          NA    <NA>            NA               NA      NA   <NA>       <NA>          <NA>    <NA>             <NA>                   <NA>      <NA>                f_classif                   NA             89          <NA>       NA       <NA>     NA -2.8197              NA              <NA>                 NA       NA       NA      NA
# 2020-06-29 22:05:50 BRT: Iteration 5 of 7
# experimentsUsedSoFar: 818
# remainingBudget: 1182
# currentBudget: 394
# nbConfigurations: 41
  Markers:
     x No test is performed.
     - The test is performed and some configurations are discarded.
     = The test is performed but no configuration is discarded.
     ! The test is performed and configurations could be discarded but elite configurations are preserved.
     . All alive configurations are elite and nothing is discarded

+-+-----------+-----------+-----------+---------------+-----------+--------+-----+----+------+
| |   Instance|      Alive|       Best|      Mean best| Exp so far|  W time|  rho|KenW|  Qvar|
+-+-----------+-----------+-----------+---------------+-----------+--------+-----+----+------+
|x|          9|         41|        136|  -0.8456666667|         41|00:10:01|   NA|  NA|    NA|
|x|          1|         41|        136|  -0.8493333333|         80|00:10:01|+1.00|1.00|0.0000|
|x|          3|         41|        136|  -0.8460000000|        120|00:10:01|+1.00|1.00|0.0000|
|x|          8|         41|        136|  -0.8451666667|        159|00:10:01|+1.00|1.00|0.0000|
|!|          2|          3|        136|  -0.8438000000|        198|00:10:00|+0.80|0.84|0.1052|
+-+-----------+-----------+-----------+---------------+-----------+--------+-----+----+------+
Best-so-far configuration:          29    mean value:   -0.8378518519
Description of the best-so-far configuration:
   .ID.       dataset  job_id cutoff metafolds           task sparse    f_eng1 f_eng2 scaling algorithm pre_scaling extraction ext_components        selection lr_C lr_solver multi_class      C kernel rf_estimators criterion_classification criterion_regression max_features max_depth min_samples_leaf solver alpha hidden_layers neurons1 activation n_neighbors weights ab_estimators ab_learning_rate ab_loss whiten svd_solver ica_algorithm ica_fun dl_fit_algorithm dl_transform_algorithm sel_model sel_score_classification sel_score_regression sel_percentile sel_threshold max_iter lr_penalty degree   gamma max_depth_value mlp_learning_rate learning_rate_init neurons2 neurons3 lr_dual .PARENT.
29   29 fashion-mnist 1545513     10         1 classification  False Selection   None   False       SVM        True       <NA>             NA SelectPercentile   NA      <NA>        <NA> 1.0973    rbf            NA                     <NA>                   NA           NA      <NA>               NA   <NA>    NA            NA       NA       <NA>          NA    <NA>            NA               NA      NA   <NA>       <NA>          <NA>    <NA>             <NA>                   <NA>      <NA>                f_classif                   NA             85          <NA>       NA       <NA>     NA -3.7914              NA              <NA>                 NA       NA       NA      NA       NA

# 2020-06-29 22:55:57 BRT: Elite configurations (first number is the configuration ID; listed from best to worst according to the sum of ranks):
          dataset  job_id cutoff metafolds           task sparse    f_eng1 f_eng2 scaling algorithm pre_scaling extraction ext_components        selection lr_C lr_solver multi_class      C kernel rf_estimators criterion_classification criterion_regression max_features max_depth min_samples_leaf solver alpha hidden_layers neurons1 activation n_neighbors weights ab_estimators ab_learning_rate ab_loss whiten svd_solver ica_algorithm ica_fun dl_fit_algorithm dl_transform_algorithm sel_model sel_score_classification sel_score_regression sel_percentile sel_threshold max_iter lr_penalty degree   gamma max_depth_value mlp_learning_rate learning_rate_init neurons2 neurons3 lr_dual
29  fashion-mnist 1545513     10         1 classification  False Selection   None   False       SVM        True       <NA>             NA SelectPercentile   NA      <NA>        <NA> 1.0973    rbf            NA                     <NA>                   NA           NA      <NA>               NA   <NA>    NA            NA       NA       <NA>          NA    <NA>            NA               NA      NA   <NA>       <NA>          <NA>    <NA>             <NA>                   <NA>      <NA>                f_classif                   NA             85          <NA>       NA       <NA>     NA -3.7914              NA              <NA>                 NA       NA       NA      NA
136 fashion-mnist 1545513     10         1 classification  False Selection   None   False       SVM        True       <NA>             NA SelectPercentile   NA      <NA>        <NA> 1.7719    rbf            NA                     <NA>                   NA           NA      <NA>               NA   <NA>    NA            NA       NA       <NA>          NA    <NA>            NA               NA      NA   <NA>       <NA>          <NA>    <NA>             <NA>                   <NA>      <NA>                f_classif                   NA             89          <NA>       NA       <NA>     NA -2.8197              NA              <NA>                 NA       NA       NA      NA
194 fashion-mnist 1545513     10         1 classification  False Selection   None   False       SVM        True       <NA>             NA SelectPercentile   NA      <NA>        <NA> 0.8417    rbf            NA                     <NA>                   NA           NA      <NA>               NA   <NA>    NA            NA       NA       <NA>          NA    <NA>            NA               NA      NA   <NA>       <NA>          <NA>    <NA>             <NA>                   <NA>      <NA>                f_classif                   NA             99          <NA>       NA       <NA>     NA -2.8606              NA              <NA>                 NA       NA       NA      NA
# 2020-06-29 22:55:57 BRT: Iteration 6 of 7
# experimentsUsedSoFar: 1016
# remainingBudget: 984
# currentBudget: 492
# nbConfigurations: 51
  Markers:
     x No test is performed.
     - The test is performed and some configurations are discarded.
     = The test is performed but no configuration is discarded.
     ! The test is performed and configurations could be discarded but elite configurations are preserved.
     . All alive configurations are elite and nothing is discarded

+-+-----------+-----------+-----------+---------------+-----------+--------+-----+----+------+
| |   Instance|      Alive|       Best|      Mean best| Exp so far|  W time|  rho|KenW|  Qvar|
+-+-----------+-----------+-----------+---------------+-----------+--------+-----+----+------+
|x|         10|         51|        206|  -0.8526666667|         51|00:05:13|   NA|  NA|    NA|
|x|          5|         51|        206|  -0.8480000000|        101|00:05:08|+0.99|0.99|0.0009|
|x|          9|         51|        206|  -0.8474444444|        149|00:05:06|+0.99|0.99|0.0014|
|x|          3|         51|        206|  -0.8458333333|        197|00:05:04|+0.99|0.99|0.0012|
|!|          7|          4|        206|  -0.8461333333|        246|00:05:09|+0.66|0.73|0.2861|
+-+-----------+-----------+-----------+---------------+-----------+--------+-----+----+------+
Best-so-far configuration:          29    mean value:   -0.8381333333
Description of the best-so-far configuration:
   .ID.       dataset  job_id cutoff metafolds           task sparse    f_eng1 f_eng2 scaling algorithm pre_scaling extraction ext_components        selection lr_C lr_solver multi_class      C kernel rf_estimators criterion_classification criterion_regression max_features max_depth min_samples_leaf solver alpha hidden_layers neurons1 activation n_neighbors weights ab_estimators ab_learning_rate ab_loss whiten svd_solver ica_algorithm ica_fun dl_fit_algorithm dl_transform_algorithm sel_model sel_score_classification sel_score_regression sel_percentile sel_threshold max_iter lr_penalty degree   gamma max_depth_value mlp_learning_rate learning_rate_init neurons2 neurons3 lr_dual .PARENT.
29   29 fashion-mnist 1545513     10         1 classification  False Selection   None   False       SVM        True       <NA>             NA SelectPercentile   NA      <NA>        <NA> 1.0973    rbf            NA                     <NA>                   NA           NA      <NA>               NA   <NA>    NA            NA       NA       <NA>          NA    <NA>            NA               NA      NA   <NA>       <NA>          <NA>    <NA>             <NA>                   <NA>      <NA>                f_classif                   NA             85          <NA>       NA       <NA>     NA -3.7914              NA              <NA>                 NA       NA       NA      NA       NA

# 2020-06-29 23:21:42 BRT: Elite configurations (first number is the configuration ID; listed from best to worst according to the sum of ranks):
          dataset  job_id cutoff metafolds           task sparse    f_eng1 f_eng2 scaling algorithm pre_scaling extraction ext_components        selection lr_C lr_solver multi_class      C kernel rf_estimators criterion_classification criterion_regression max_features max_depth min_samples_leaf solver alpha hidden_layers neurons1 activation n_neighbors weights ab_estimators ab_learning_rate ab_loss whiten svd_solver ica_algorithm ica_fun dl_fit_algorithm dl_transform_algorithm sel_model sel_score_classification sel_score_regression sel_percentile sel_threshold max_iter lr_penalty degree   gamma max_depth_value mlp_learning_rate learning_rate_init neurons2 neurons3 lr_dual
29  fashion-mnist 1545513     10         1 classification  False Selection   None   False       SVM        True       <NA>             NA SelectPercentile   NA      <NA>        <NA> 1.0973    rbf            NA                     <NA>                   NA           NA      <NA>               NA   <NA>    NA            NA       NA       <NA>          NA    <NA>            NA               NA      NA   <NA>       <NA>          <NA>    <NA>             <NA>                   <NA>      <NA>                f_classif                   NA             85          <NA>       NA       <NA>     NA -3.7914              NA              <NA>                 NA       NA       NA      NA
136 fashion-mnist 1545513     10         1 classification  False Selection   None   False       SVM        True       <NA>             NA SelectPercentile   NA      <NA>        <NA> 1.7719    rbf            NA                     <NA>                   NA           NA      <NA>               NA   <NA>    NA            NA       NA       <NA>          NA    <NA>            NA               NA      NA   <NA>       <NA>          <NA>    <NA>             <NA>                   <NA>      <NA>                f_classif                   NA             89          <NA>       NA       <NA>     NA -2.8197              NA              <NA>                 NA       NA       NA      NA
194 fashion-mnist 1545513     10         1 classification  False Selection   None   False       SVM        True       <NA>             NA SelectPercentile   NA      <NA>        <NA> 0.8417    rbf            NA                     <NA>                   NA           NA      <NA>               NA   <NA>    NA            NA       NA       <NA>          NA    <NA>            NA               NA      NA   <NA>       <NA>          <NA>    <NA>             <NA>                   <NA>      <NA>                f_classif                   NA             99          <NA>       NA       <NA>     NA -2.8606              NA              <NA>                 NA       NA       NA      NA
206 fashion-mnist 1545513     10         1 classification  False Selection   None   False       SVM        True       <NA>             NA SelectPercentile   NA      <NA>        <NA> 4.1877    rbf            NA                     <NA>                   NA           NA      <NA>               NA   <NA>    NA            NA       NA       <NA>          NA    <NA>            NA               NA      NA   <NA>       <NA>          <NA>    <NA>             <NA>                   <NA>      <NA>                f_classif                   NA             80          <NA>       NA       <NA>     NA -2.6959              NA              <NA>                 NA       NA       NA      NA
# 2020-06-29 23:21:42 BRT: Iteration 7 of 7
# experimentsUsedSoFar: 1262
# remainingBudget: 738
# currentBudget: 738
# nbConfigurations: 70
  Markers:
     x No test is performed.
     - The test is performed and some configurations are discarded.
     = The test is performed but no configuration is discarded.
     ! The test is performed and configurations could be discarded but elite configurations are preserved.
     . All alive configurations are elite and nothing is discarded

+-+-----------+-----------+-----------+---------------+-----------+--------+-----+----+------+
| |   Instance|      Alive|       Best|      Mean best| Exp so far|  W time|  rho|KenW|  Qvar|
+-+-----------+-----------+-----------+---------------+-----------+--------+-----+----+------+
|x|         11|         70|        275|  -0.8416666667|         70|00:04:57|   NA|  NA|    NA|
|x|          5|         70|        275|  -0.8433333333|        136|00:04:55|+0.99|0.99|0.0005|
|x|          1|         70|        275|  -0.8458888889|        203|00:04:52|+0.99|0.99|0.0007|
|x|          4|         70|        275|  -0.8435000000|        272|00:04:56|+0.99|0.99|0.0006|
|!|          3|          5|        275|  -0.8436666667|        338|00:04:54|+0.36|0.49|0.5118|
+-+-----------+-----------+-----------+---------------+-----------+--------+-----+----+------+
Best-so-far configuration:         136    mean value:   -0.8438787879
Description of the best-so-far configuration:
    .ID.       dataset  job_id cutoff metafolds           task sparse    f_eng1 f_eng2 scaling algorithm pre_scaling extraction ext_components        selection lr_C lr_solver multi_class      C kernel rf_estimators criterion_classification criterion_regression max_features max_depth min_samples_leaf solver alpha hidden_layers neurons1 activation n_neighbors weights ab_estimators ab_learning_rate ab_loss whiten svd_solver ica_algorithm ica_fun dl_fit_algorithm dl_transform_algorithm sel_model sel_score_classification sel_score_regression sel_percentile sel_threshold max_iter lr_penalty degree   gamma max_depth_value mlp_learning_rate learning_rate_init neurons2 neurons3 lr_dual .PARENT.
136  136 fashion-mnist 1545513     10         1 classification  False Selection   None   False       SVM        True       <NA>             NA SelectPercentile   NA      <NA>        <NA> 1.7719    rbf            NA                     <NA>                   NA           NA      <NA>               NA   <NA>    NA            NA       NA       <NA>          NA    <NA>            NA               NA      NA   <NA>       <NA>          <NA>    <NA>             <NA>                   <NA>      <NA>                f_classif                   NA             89          <NA>       NA       <NA>     NA -2.8197              NA              <NA>                 NA       NA       NA      NA       29

# 2020-06-29 23:46:19 BRT: Elite configurations (first number is the configuration ID; listed from best to worst according to the sum of ranks):
          dataset  job_id cutoff metafolds           task sparse    f_eng1 f_eng2 scaling algorithm pre_scaling extraction ext_components        selection lr_C lr_solver multi_class      C kernel rf_estimators criterion_classification criterion_regression max_features max_depth min_samples_leaf solver alpha hidden_layers neurons1 activation n_neighbors weights ab_estimators ab_learning_rate ab_loss whiten svd_solver ica_algorithm ica_fun dl_fit_algorithm dl_transform_algorithm sel_model sel_score_classification sel_score_regression sel_percentile sel_threshold max_iter lr_penalty degree   gamma max_depth_value mlp_learning_rate learning_rate_init neurons2 neurons3 lr_dual
136 fashion-mnist 1545513     10         1 classification  False Selection   None   False       SVM        True       <NA>             NA SelectPercentile   NA      <NA>        <NA> 1.7719    rbf            NA                     <NA>                   NA           NA      <NA>               NA   <NA>    NA            NA       NA       <NA>          NA    <NA>            NA               NA      NA   <NA>       <NA>          <NA>    <NA>             <NA>                   <NA>      <NA>                f_classif                   NA             89          <NA>       NA       <NA>     NA -2.8197              NA              <NA>                 NA       NA       NA      NA
29  fashion-mnist 1545513     10         1 classification  False Selection   None   False       SVM        True       <NA>             NA SelectPercentile   NA      <NA>        <NA> 1.0973    rbf            NA                     <NA>                   NA           NA      <NA>               NA   <NA>    NA            NA       NA       <NA>          NA    <NA>            NA               NA      NA   <NA>       <NA>          <NA>    <NA>             <NA>                   <NA>      <NA>                f_classif                   NA             85          <NA>       NA       <NA>     NA -3.7914              NA              <NA>                 NA       NA       NA      NA
194 fashion-mnist 1545513     10         1 classification  False Selection   None   False       SVM        True       <NA>             NA SelectPercentile   NA      <NA>        <NA> 0.8417    rbf            NA                     <NA>                   NA           NA      <NA>               NA   <NA>    NA            NA       NA       <NA>          NA    <NA>            NA               NA      NA   <NA>       <NA>          <NA>    <NA>             <NA>                   <NA>      <NA>                f_classif                   NA             99          <NA>       NA       <NA>     NA -2.8606              NA              <NA>                 NA       NA       NA      NA
206 fashion-mnist 1545513     10         1 classification  False Selection   None   False       SVM        True       <NA>             NA SelectPercentile   NA      <NA>        <NA> 4.1877    rbf            NA                     <NA>                   NA           NA      <NA>               NA   <NA>    NA            NA       NA       <NA>          NA    <NA>            NA               NA      NA   <NA>       <NA>          <NA>    <NA>             <NA>                   <NA>      <NA>                f_classif                   NA             80          <NA>       NA       <NA>     NA -2.6959              NA              <NA>                 NA       NA       NA      NA
275 fashion-mnist 1545513     10         1 classification  False Selection   None   False       SVM        True       <NA>             NA SelectPercentile   NA      <NA>        <NA> 0.8369    rbf            NA                     <NA>                   NA           NA      <NA>               NA   <NA>    NA            NA       NA       <NA>          NA    <NA>            NA               NA      NA   <NA>       <NA>          <NA>    <NA>             <NA>                   <NA>      <NA>                f_classif                   NA             93          <NA>       NA       <NA>     NA -3.1150              NA              <NA>                 NA       NA       NA      NA
# 2020-06-29 23:46:19 BRT: Iteration 8 of 8
# experimentsUsedSoFar: 1600
# remainingBudget: 400
# currentBudget: 400
# nbConfigurations: 37
  Markers:
     x No test is performed.
     - The test is performed and some configurations are discarded.
     = The test is performed but no configuration is discarded.
     ! The test is performed and configurations could be discarded but elite configurations are preserved.
     . All alive configurations are elite and nothing is discarded

+-+-----------+-----------+-----------+---------------+-----------+--------+-----+----+------+
| |   Instance|      Alive|       Best|      Mean best| Exp so far|  W time|  rho|KenW|  Qvar|
+-+-----------+-----------+-----------+---------------+-----------+--------+-----+----+------+
|x|         12|         37|        275|  -0.8510000000|         37|00:01:56|   NA|  NA|    NA|
|x|          5|         37|        275|  -0.8480000000|         69|00:01:45|+0.97|0.98|0.0033|
|x|          6|         37|        206|  -0.8484444444|        104|00:01:54|+0.97|0.98|0.0024|
|x|          2|         37|        275|  -0.8476666667|        138|00:01:50|+0.97|0.98|0.0020|
|!|          1|          9|        275|  -0.8483333333|        170|00:01:57|+0.39|0.51|0.4489|
|-|          3|          9|        275|  -0.8476666667|        174|00:00:28|+0.45|0.55|0.4014|
|-|         10|          9|        206|  -0.8477619048|        179|00:00:28|+0.44|0.52|0.4084|
|-|          9|          9|        275|  -0.8476250000|        184|00:00:28|+0.48|0.54|0.3637|
|!|         11|          8|        275|  -0.8469629630|        188|00:00:27|+0.44|0.50|0.4221|
|-|          4|          8|        275|  -0.8459000000|        191|00:00:27|+0.40|0.46|0.4622|
|-|          7|          8|        275|  -0.8462727273|        195|00:00:28|+0.36|0.42|0.4620|
|!|          8|          4|        275|  -0.8463611111|        200|00:00:28|+0.04|0.12|0.7072|
+-+-----------+-----------+-----------+---------------+-----------+--------+-----+----+------+
Best-so-far configuration:         275    mean value:   -0.8463611111
Description of the best-so-far configuration:
    .ID.       dataset  job_id cutoff metafolds           task sparse    f_eng1 f_eng2 scaling algorithm pre_scaling extraction ext_components        selection lr_C lr_solver multi_class      C kernel rf_estimators criterion_classification criterion_regression max_features max_depth min_samples_leaf solver alpha hidden_layers neurons1 activation n_neighbors weights ab_estimators ab_learning_rate ab_loss whiten svd_solver ica_algorithm ica_fun dl_fit_algorithm dl_transform_algorithm sel_model sel_score_classification sel_score_regression sel_percentile sel_threshold max_iter lr_penalty degree  gamma max_depth_value mlp_learning_rate learning_rate_init neurons2 neurons3 lr_dual .PARENT.
275  275 fashion-mnist 1545513     10         1 classification  False Selection   None   False       SVM        True       <NA>             NA SelectPercentile   NA      <NA>        <NA> 0.8369    rbf            NA                     <NA>                   NA           NA      <NA>               NA   <NA>    NA            NA       NA       <NA>          NA    <NA>            NA               NA      NA   <NA>       <NA>          <NA>    <NA>             <NA>                   <NA>      <NA>                f_classif                   NA             93          <NA>       NA       <NA>     NA -3.115              NA              <NA>                 NA       NA       NA      NA       29

# 2020-06-29 23:59:03 BRT: Elite configurations (first number is the configuration ID; listed from best to worst according to the sum of ranks):
          dataset  job_id cutoff metafolds           task sparse    f_eng1 f_eng2 scaling algorithm pre_scaling extraction ext_components        selection lr_C lr_solver multi_class      C kernel rf_estimators criterion_classification criterion_regression max_features max_depth min_samples_leaf solver alpha hidden_layers neurons1 activation n_neighbors weights ab_estimators ab_learning_rate ab_loss whiten svd_solver ica_algorithm ica_fun dl_fit_algorithm dl_transform_algorithm sel_model sel_score_classification sel_score_regression sel_percentile sel_threshold max_iter lr_penalty degree   gamma max_depth_value mlp_learning_rate learning_rate_init neurons2 neurons3 lr_dual
275 fashion-mnist 1545513     10         1 classification  False Selection   None   False       SVM        True       <NA>             NA SelectPercentile   NA      <NA>        <NA> 0.8369    rbf            NA                     <NA>                   NA           NA      <NA>               NA   <NA>    NA            NA       NA       <NA>          NA    <NA>            NA               NA      NA   <NA>       <NA>          <NA>    <NA>             <NA>                   <NA>      <NA>                f_classif                   NA             93          <NA>       NA       <NA>     NA -3.1150              NA              <NA>                 NA       NA       NA      NA
206 fashion-mnist 1545513     10         1 classification  False Selection   None   False       SVM        True       <NA>             NA SelectPercentile   NA      <NA>        <NA> 4.1877    rbf            NA                     <NA>                   NA           NA      <NA>               NA   <NA>    NA            NA       NA       <NA>          NA    <NA>            NA               NA      NA   <NA>       <NA>          <NA>    <NA>             <NA>                   <NA>      <NA>                f_classif                   NA             80          <NA>       NA       <NA>     NA -2.6959              NA              <NA>                 NA       NA       NA      NA
323 fashion-mnist 1545513     10         1 classification  False Selection   None   False       SVM        True       <NA>             NA SelectPercentile   NA      <NA>        <NA> 0.4011    rbf            NA                     <NA>                   NA           NA      <NA>               NA   <NA>    NA            NA       NA       <NA>          NA    <NA>            NA               NA      NA   <NA>       <NA>          <NA>    <NA>             <NA>                   <NA>      <NA>                f_classif                   NA             72          <NA>       NA       <NA>     NA -2.4762              NA              <NA>                 NA       NA       NA      NA
322 fashion-mnist 1545513     10         1 classification  False Selection   None   False       SVM        True       <NA>             NA SelectPercentile   NA      <NA>        <NA> 0.8980    rbf            NA                     <NA>                   NA           NA      <NA>               NA   <NA>    NA            NA       NA       <NA>          NA    <NA>            NA               NA      NA   <NA>       <NA>          <NA>    <NA>             <NA>                   <NA>      <NA>                f_classif                   NA             96          <NA>       NA       <NA>     NA -3.2578              NA              <NA>                 NA       NA       NA      NA
# 2020-06-29 23:59:03 BRT: Iteration 9 of 9
# experimentsUsedSoFar: 1800
# remainingBudget: 200
# currentBudget: 200
# nbConfigurations: 19
  Markers:
     x No test is performed.
     - The test is performed and some configurations are discarded.
     = The test is performed but no configuration is discarded.
     ! The test is performed and configurations could be discarded but elite configurations are preserved.
     . All alive configurations are elite and nothing is discarded

+-+-----------+-----------+-----------+---------------+-----------+--------+-----+----+------+
| |   Instance|      Alive|       Best|      Mean best| Exp so far|  W time|  rho|KenW|  Qvar|
+-+-----------+-----------+-----------+---------------+-----------+--------+-----+----+------+
|x|         13|         19|        275|  -0.8566666667|         19|00:01:14|   NA|  NA|    NA|
|x|          8|         19|        275|  -0.8520000000|         34|00:01:12|+0.97|0.98|0.0009|
|x|         12|         19|        275|  -0.8516666667|         49|00:01:15|+0.97|0.98|0.0006|
|x|          1|         19|        275|  -0.8515000000|         64|00:01:14|+0.97|0.98|0.0008|
|!|         10|          4|        275|  -0.8505333333|         79|00:01:10|+0.16|0.33|0.6562|
|.|          5|          4|        275|  -0.8496111111|         79|23:59:59|-0.03|0.14|0.7925|
|.|          7|          4|        275|  -0.8496666667|         79|23:59:59|-0.02|0.12|0.7955|
|.|         11|          4|        275|  -0.8486666667|         79|23:59:59|+0.01|0.14|0.7713|
|.|          2|          4|        275|  -0.8481481481|         79|23:59:59|+0.07|0.17|0.7201|
|.|          3|          4|        275|  -0.8477666667|         79|23:59:59|+0.11|0.20|0.6830|
|.|          6|          4|        275|  -0.8480303030|         79|23:59:59|+0.06|0.15|0.6967|
|.|          4|          4|        275|  -0.8470555556|         79|23:59:59|+0.04|0.12|0.7171|
|.|          9|          4|        275|  -0.8471538462|         79|23:59:59|+0.07|0.14|0.6911|
+-+-----------+-----------+-----------+---------------+-----------+--------+-----+----+------+
Best-so-far configuration:         275    mean value:   -0.8471538462
Description of the best-so-far configuration:
    .ID.       dataset  job_id cutoff metafolds           task sparse    f_eng1 f_eng2 scaling algorithm pre_scaling extraction ext_components        selection lr_C lr_solver multi_class      C kernel rf_estimators criterion_classification criterion_regression max_features max_depth min_samples_leaf solver alpha hidden_layers neurons1 activation n_neighbors weights ab_estimators ab_learning_rate ab_loss whiten svd_solver ica_algorithm ica_fun dl_fit_algorithm dl_transform_algorithm sel_model sel_score_classification sel_score_regression sel_percentile sel_threshold max_iter lr_penalty degree  gamma max_depth_value mlp_learning_rate learning_rate_init neurons2 neurons3 lr_dual .PARENT.
275  275 fashion-mnist 1545513     10         1 classification  False Selection   None   False       SVM        True       <NA>             NA SelectPercentile   NA      <NA>        <NA> 0.8369    rbf            NA                     <NA>                   NA           NA      <NA>               NA   <NA>    NA            NA       NA       <NA>          NA    <NA>            NA               NA      NA   <NA>       <NA>          <NA>    <NA>             <NA>                   <NA>      <NA>                f_classif                   NA             93          <NA>       NA       <NA>     NA -3.115              NA              <NA>                 NA       NA       NA      NA       29

# 2020-06-30 00:05:11 BRT: Elite configurations (first number is the configuration ID; listed from best to worst according to the sum of ranks):
          dataset  job_id cutoff metafolds           task sparse    f_eng1 f_eng2 scaling algorithm pre_scaling extraction ext_components        selection lr_C lr_solver multi_class      C kernel rf_estimators criterion_classification criterion_regression max_features max_depth min_samples_leaf solver alpha hidden_layers neurons1 activation n_neighbors weights ab_estimators ab_learning_rate ab_loss whiten svd_solver ica_algorithm ica_fun dl_fit_algorithm dl_transform_algorithm sel_model sel_score_classification sel_score_regression sel_percentile sel_threshold max_iter lr_penalty degree   gamma max_depth_value mlp_learning_rate learning_rate_init neurons2 neurons3 lr_dual
275 fashion-mnist 1545513     10         1 classification  False Selection   None   False       SVM        True       <NA>             NA SelectPercentile   NA      <NA>        <NA> 0.8369    rbf            NA                     <NA>                   NA           NA      <NA>               NA   <NA>    NA            NA       NA       <NA>          NA    <NA>            NA               NA      NA   <NA>       <NA>          <NA>    <NA>             <NA>                   <NA>      <NA>                f_classif                   NA             93          <NA>       NA       <NA>     NA -3.1150              NA              <NA>                 NA       NA       NA      NA
206 fashion-mnist 1545513     10         1 classification  False Selection   None   False       SVM        True       <NA>             NA SelectPercentile   NA      <NA>        <NA> 4.1877    rbf            NA                     <NA>                   NA           NA      <NA>               NA   <NA>    NA            NA       NA       <NA>          NA    <NA>            NA               NA      NA   <NA>       <NA>          <NA>    <NA>             <NA>                   <NA>      <NA>                f_classif                   NA             80          <NA>       NA       <NA>     NA -2.6959              NA              <NA>                 NA       NA       NA      NA
323 fashion-mnist 1545513     10         1 classification  False Selection   None   False       SVM        True       <NA>             NA SelectPercentile   NA      <NA>        <NA> 0.4011    rbf            NA                     <NA>                   NA           NA      <NA>               NA   <NA>    NA            NA       NA       <NA>          NA    <NA>            NA               NA      NA   <NA>       <NA>          <NA>    <NA>             <NA>                   <NA>      <NA>                f_classif                   NA             72          <NA>       NA       <NA>     NA -2.4762              NA              <NA>                 NA       NA       NA      NA
322 fashion-mnist 1545513     10         1 classification  False Selection   None   False       SVM        True       <NA>             NA SelectPercentile   NA      <NA>        <NA> 0.8980    rbf            NA                     <NA>                   NA           NA      <NA>               NA   <NA>    NA            NA       NA       <NA>          NA    <NA>            NA               NA      NA   <NA>       <NA>          <NA>    <NA>             <NA>                   <NA>      <NA>                f_classif                   NA             96          <NA>       NA       <NA>     NA -3.2578              NA              <NA>                 NA       NA       NA      NA
# 2020-06-30 00:05:11 BRT: Iteration 10 of 10
# experimentsUsedSoFar: 1879
# remainingBudget: 121
# currentBudget: 121
# nbConfigurations: 12
  Markers:
     x No test is performed.
     - The test is performed and some configurations are discarded.
     = The test is performed but no configuration is discarded.
     ! The test is performed and configurations could be discarded but elite configurations are preserved.
     . All alive configurations are elite and nothing is discarded

+-+-----------+-----------+-----------+---------------+-----------+--------+-----+----+------+
| |   Instance|      Alive|       Best|      Mean best| Exp so far|  W time|  rho|KenW|  Qvar|
+-+-----------+-----------+-----------+---------------+-----------+--------+-----+----+------+
|x|         14|         12|        275|  -0.8370000000|         12|00:00:54|   NA|  NA|    NA|
|x|         13|         12|        275|  -0.8468333333|         20|00:00:52|+0.97|0.99|0.0004|
|x|          4|         12|        275|  -0.8433333333|         28|00:00:52|+0.97|0.98|0.0003|
|x|          6|         12|        206|  -0.8455000000|         36|00:00:53|+0.97|0.98|0.0003|
|!|         10|          4|        206|  -0.8469333333|         44|00:00:55|+0.20|0.36|0.5826|
|.|          5|          4|        206|  -0.8463333333|         44|23:59:59|+0.09|0.24|0.7027|
|.|          8|          4|        206|  -0.8451904762|         44|23:59:59|+0.01|0.15|0.7741|
|.|         12|          4|        206|  -0.8457083333|         44|23:59:59|+0.09|0.20|0.7044|
|.|          3|          4|        206|  -0.8451851852|         44|23:59:59|+0.12|0.22|0.6718|
|.|          2|          4|        206|  -0.8447000000|         44|23:59:59|+0.11|0.20|0.6540|
|.|          9|          4|        206|  -0.8448484848|         44|23:59:59|+0.14|0.22|0.6262|
|.|          7|          4|        206|  -0.8450555556|         44|23:59:59|+0.16|0.23|0.6170|
|.|         11|          4|        206|  -0.8443076923|         44|23:59:59|+0.18|0.24|0.6076|
|.|          1|          4|        206|  -0.8450714286|         44|23:59:59|+0.10|0.16|0.6609|
+-+-----------+-----------+-----------+---------------+-----------+--------+-----+----+------+
Best-so-far configuration:         275    mean value:   -0.8464285714
Description of the best-so-far configuration:
    .ID.       dataset  job_id cutoff metafolds           task sparse    f_eng1 f_eng2 scaling algorithm pre_scaling extraction ext_components        selection lr_C lr_solver multi_class      C kernel rf_estimators criterion_classification criterion_regression max_features max_depth min_samples_leaf solver alpha hidden_layers neurons1 activation n_neighbors weights ab_estimators ab_learning_rate ab_loss whiten svd_solver ica_algorithm ica_fun dl_fit_algorithm dl_transform_algorithm sel_model sel_score_classification sel_score_regression sel_percentile sel_threshold max_iter lr_penalty degree  gamma max_depth_value mlp_learning_rate learning_rate_init neurons2 neurons3 lr_dual .PARENT.
275  275 fashion-mnist 1545513     10         1 classification  False Selection   None   False       SVM        True       <NA>             NA SelectPercentile   NA      <NA>        <NA> 0.8369    rbf            NA                     <NA>                   NA           NA      <NA>               NA   <NA>    NA            NA       NA       <NA>          NA    <NA>            NA               NA      NA   <NA>       <NA>          <NA>    <NA>             <NA>                   <NA>      <NA>                f_classif                   NA             93          <NA>       NA       <NA>     NA -3.115              NA              <NA>                 NA       NA       NA      NA       29

# 2020-06-30 00:09:40 BRT: Elite configurations (first number is the configuration ID; listed from best to worst according to the sum of ranks):
          dataset  job_id cutoff metafolds           task sparse    f_eng1 f_eng2 scaling algorithm pre_scaling extraction ext_components        selection lr_C lr_solver multi_class      C kernel rf_estimators criterion_classification criterion_regression max_features max_depth min_samples_leaf solver alpha hidden_layers neurons1 activation n_neighbors weights ab_estimators ab_learning_rate ab_loss whiten svd_solver ica_algorithm ica_fun dl_fit_algorithm dl_transform_algorithm sel_model sel_score_classification sel_score_regression sel_percentile sel_threshold max_iter lr_penalty degree   gamma max_depth_value mlp_learning_rate learning_rate_init neurons2 neurons3 lr_dual
275 fashion-mnist 1545513     10         1 classification  False Selection   None   False       SVM        True       <NA>             NA SelectPercentile   NA      <NA>        <NA> 0.8369    rbf            NA                     <NA>                   NA           NA      <NA>               NA   <NA>    NA            NA       NA       <NA>          NA    <NA>            NA               NA      NA   <NA>       <NA>          <NA>    <NA>             <NA>                   <NA>      <NA>                f_classif                   NA             93          <NA>       NA       <NA>     NA -3.1150              NA              <NA>                 NA       NA       NA      NA
206 fashion-mnist 1545513     10         1 classification  False Selection   None   False       SVM        True       <NA>             NA SelectPercentile   NA      <NA>        <NA> 4.1877    rbf            NA                     <NA>                   NA           NA      <NA>               NA   <NA>    NA            NA       NA       <NA>          NA    <NA>            NA               NA      NA   <NA>       <NA>          <NA>    <NA>             <NA>                   <NA>      <NA>                f_classif                   NA             80          <NA>       NA       <NA>     NA -2.6959              NA              <NA>                 NA       NA       NA      NA
323 fashion-mnist 1545513     10         1 classification  False Selection   None   False       SVM        True       <NA>             NA SelectPercentile   NA      <NA>        <NA> 0.4011    rbf            NA                     <NA>                   NA           NA      <NA>               NA   <NA>    NA            NA       NA       <NA>          NA    <NA>            NA               NA      NA   <NA>       <NA>          <NA>    <NA>             <NA>                   <NA>      <NA>                f_classif                   NA             72          <NA>       NA       <NA>     NA -2.4762              NA              <NA>                 NA       NA       NA      NA
322 fashion-mnist 1545513     10         1 classification  False Selection   None   False       SVM        True       <NA>             NA SelectPercentile   NA      <NA>        <NA> 0.8980    rbf            NA                     <NA>                   NA           NA      <NA>               NA   <NA>    NA            NA       NA       <NA>          NA    <NA>            NA               NA      NA   <NA>       <NA>          <NA>    <NA>             <NA>                   <NA>      <NA>                f_classif                   NA             96          <NA>       NA       <NA>     NA -3.2578              NA              <NA>                 NA       NA       NA      NA
# 2020-06-30 00:09:41 BRT: Iteration 11 of 11
# experimentsUsedSoFar: 1923
# remainingBudget: 77
# currentBudget: 77
# nbConfigurations: 8
  Markers:
     x No test is performed.
     - The test is performed and some configurations are discarded.
     = The test is performed but no configuration is discarded.
     ! The test is performed and configurations could be discarded but elite configurations are preserved.
     . All alive configurations are elite and nothing is discarded

+-+-----------+-----------+-----------+---------------+-----------+--------+-----+----+------+
| |   Instance|      Alive|       Best|      Mean best| Exp so far|  W time|  rho|KenW|  Qvar|
+-+-----------+-----------+-----------+---------------+-----------+--------+-----+----+------+
|x|         15|          8|        206|  -0.8503333333|          8|00:01:02|   NA|  NA|    NA|
|x|         11|          8|        275|  -0.8445000000|         12|00:01:01|+0.76|0.88|0.0012|
|x|          3|          8|        275|  -0.8444444444|         16|00:01:00|+0.84|0.89|0.0009|
|x|          6|          8|        275|  -0.8460000000|         20|00:00:59|+0.87|0.90|0.0007|
|!|          1|          4|        206|  -0.8468666667|         24|00:00:59|-0.20|0.04|0.8877|
|.|         12|          4|        206|  -0.8472777778|         24|23:59:59|-0.13|0.06|0.8038|
|.|         14|          4|        206|  -0.8449523810|         24|23:59:59|-0.07|0.09|0.7444|
|.|          7|          4|        206|  -0.8452500000|         24|23:59:59|-0.01|0.12|0.7152|
|.|          5|          4|        206|  -0.8450370370|         24|23:59:59|+0.04|0.15|0.6873|
|.|          2|          4|        206|  -0.8445666667|         24|23:59:59|+0.04|0.14|0.6687|
|.|         10|          4|        206|  -0.8453030303|         24|23:59:59|+0.00|0.09|0.7113|
|.|          4|          4|        206|  -0.8450000000|         24|23:59:59|-0.01|0.07|0.7258|
|.|          8|          4|        206|  -0.8444871795|         24|23:59:59|+0.00|0.08|0.7337|
|.|         13|          4|        206|  -0.8453571429|         24|23:59:59|+0.03|0.10|0.7164|
|.|          9|          4|        206|  -0.8454222222|         24|23:59:59|+0.05|0.11|0.6959|
+-+-----------+-----------+-----------+---------------+-----------+--------+-----+----+------+
Best-so-far configuration:         275    mean value:   -0.8464888889
Description of the best-so-far configuration:
    .ID.       dataset  job_id cutoff metafolds           task sparse    f_eng1 f_eng2 scaling algorithm pre_scaling extraction ext_components        selection lr_C lr_solver multi_class      C kernel rf_estimators criterion_classification criterion_regression max_features max_depth min_samples_leaf solver alpha hidden_layers neurons1 activation n_neighbors weights ab_estimators ab_learning_rate ab_loss whiten svd_solver ica_algorithm ica_fun dl_fit_algorithm dl_transform_algorithm sel_model sel_score_classification sel_score_regression sel_percentile sel_threshold max_iter lr_penalty degree  gamma max_depth_value mlp_learning_rate learning_rate_init neurons2 neurons3 lr_dual .PARENT.
275  275 fashion-mnist 1545513     10         1 classification  False Selection   None   False       SVM        True       <NA>             NA SelectPercentile   NA      <NA>        <NA> 0.8369    rbf            NA                     <NA>                   NA           NA      <NA>               NA   <NA>    NA            NA       NA       <NA>          NA    <NA>            NA               NA      NA   <NA>       <NA>          <NA>    <NA>             <NA>                   <NA>      <NA>                f_classif                   NA             93          <NA>       NA       <NA>     NA -3.115              NA              <NA>                 NA       NA       NA      NA       29

# 2020-06-30 00:14:45 BRT: Elite configurations (first number is the configuration ID; listed from best to worst according to the sum of ranks):
          dataset  job_id cutoff metafolds           task sparse    f_eng1 f_eng2 scaling algorithm pre_scaling extraction ext_components        selection lr_C lr_solver multi_class      C kernel rf_estimators criterion_classification criterion_regression max_features max_depth min_samples_leaf solver alpha hidden_layers neurons1 activation n_neighbors weights ab_estimators ab_learning_rate ab_loss whiten svd_solver ica_algorithm ica_fun dl_fit_algorithm dl_transform_algorithm sel_model sel_score_classification sel_score_regression sel_percentile sel_threshold max_iter lr_penalty degree   gamma max_depth_value mlp_learning_rate learning_rate_init neurons2 neurons3 lr_dual
275 fashion-mnist 1545513     10         1 classification  False Selection   None   False       SVM        True       <NA>             NA SelectPercentile   NA      <NA>        <NA> 0.8369    rbf            NA                     <NA>                   NA           NA      <NA>               NA   <NA>    NA            NA       NA       <NA>          NA    <NA>            NA               NA      NA   <NA>       <NA>          <NA>    <NA>             <NA>                   <NA>      <NA>                f_classif                   NA             93          <NA>       NA       <NA>     NA -3.1150              NA              <NA>                 NA       NA       NA      NA
206 fashion-mnist 1545513     10         1 classification  False Selection   None   False       SVM        True       <NA>             NA SelectPercentile   NA      <NA>        <NA> 4.1877    rbf            NA                     <NA>                   NA           NA      <NA>               NA   <NA>    NA            NA       NA       <NA>          NA    <NA>            NA               NA      NA   <NA>       <NA>          <NA>    <NA>             <NA>                   <NA>      <NA>                f_classif                   NA             80          <NA>       NA       <NA>     NA -2.6959              NA              <NA>                 NA       NA       NA      NA
323 fashion-mnist 1545513     10         1 classification  False Selection   None   False       SVM        True       <NA>             NA SelectPercentile   NA      <NA>        <NA> 0.4011    rbf            NA                     <NA>                   NA           NA      <NA>               NA   <NA>    NA            NA       NA       <NA>          NA    <NA>            NA               NA      NA   <NA>       <NA>          <NA>    <NA>             <NA>                   <NA>      <NA>                f_classif                   NA             72          <NA>       NA       <NA>     NA -2.4762              NA              <NA>                 NA       NA       NA      NA
322 fashion-mnist 1545513     10         1 classification  False Selection   None   False       SVM        True       <NA>             NA SelectPercentile   NA      <NA>        <NA> 0.8980    rbf            NA                     <NA>                   NA           NA      <NA>               NA   <NA>    NA            NA       NA       <NA>          NA    <NA>            NA               NA      NA   <NA>       <NA>          <NA>    <NA>             <NA>                   <NA>      <NA>                f_classif                   NA             96          <NA>       NA       <NA>     NA -3.2578              NA              <NA>                 NA       NA       NA      NA
# 2020-06-30 00:14:45 BRT: Stopped because there is not enough budget left to race more than the minimum (7)
# You may either increase the budget or set 'minNbSurvival' to a lower value
# Iteration: 12
# nbIterations: 12
# experimentsUsedSoFar: 1947
# timeUsed: 0
# remainingBudget: 53
# currentBudget: 53
# number of elites: 4
# nbConfigurations: 7
# Best configurations (first number is the configuration ID; listed from best to worst according to the sum of ranks):
          dataset  job_id cutoff metafolds           task sparse    f_eng1 f_eng2 scaling algorithm pre_scaling extraction ext_components        selection lr_C lr_solver multi_class      C kernel rf_estimators criterion_classification criterion_regression max_features max_depth min_samples_leaf solver alpha hidden_layers neurons1 activation n_neighbors weights ab_estimators ab_learning_rate ab_loss whiten svd_solver ica_algorithm ica_fun dl_fit_algorithm dl_transform_algorithm sel_model sel_score_classification sel_score_regression sel_percentile sel_threshold max_iter lr_penalty degree   gamma max_depth_value mlp_learning_rate learning_rate_init neurons2 neurons3 lr_dual
275 fashion-mnist 1545513     10         1 classification  False Selection   None   False       SVM        True       <NA>             NA SelectPercentile   NA      <NA>        <NA> 0.8369    rbf            NA                     <NA>                   NA           NA      <NA>               NA   <NA>    NA            NA       NA       <NA>          NA    <NA>            NA               NA      NA   <NA>       <NA>          <NA>    <NA>             <NA>                   <NA>      <NA>                f_classif                   NA             93          <NA>       NA       <NA>     NA -3.1150              NA              <NA>                 NA       NA       NA      NA
206 fashion-mnist 1545513     10         1 classification  False Selection   None   False       SVM        True       <NA>             NA SelectPercentile   NA      <NA>        <NA> 4.1877    rbf            NA                     <NA>                   NA           NA      <NA>               NA   <NA>    NA            NA       NA       <NA>          NA    <NA>            NA               NA      NA   <NA>       <NA>          <NA>    <NA>             <NA>                   <NA>      <NA>                f_classif                   NA             80          <NA>       NA       <NA>     NA -2.6959              NA              <NA>                 NA       NA       NA      NA
323 fashion-mnist 1545513     10         1 classification  False Selection   None   False       SVM        True       <NA>             NA SelectPercentile   NA      <NA>        <NA> 0.4011    rbf            NA                     <NA>                   NA           NA      <NA>               NA   <NA>    NA            NA       NA       <NA>          NA    <NA>            NA               NA      NA   <NA>       <NA>          <NA>    <NA>             <NA>                   <NA>      <NA>                f_classif                   NA             72          <NA>       NA       <NA>     NA -2.4762              NA              <NA>                 NA       NA       NA      NA
322 fashion-mnist 1545513     10         1 classification  False Selection   None   False       SVM        True       <NA>             NA SelectPercentile   NA      <NA>        <NA> 0.8980    rbf            NA                     <NA>                   NA           NA      <NA>               NA   <NA>    NA            NA       NA       <NA>          NA    <NA>            NA               NA      NA   <NA>       <NA>          <NA>    <NA>             <NA>                   <NA>      <NA>                f_classif                   NA             96          <NA>       NA       <NA>     NA -3.2578              NA              <NA>                 NA       NA       NA      NA
# Best configurations as commandlines (first number is the configuration ID; same order as above):
275  --dataset fashion-mnist --job_id 1545513 --cutoff 10 --metafolds 1 --task classification --sparse False --f_eng1 Selection --f_eng2 None --pre_scaling True --selection SelectPercentile --sel_score_classification f_classif --sel_percentile 93 --scaling False --algorithm SVM --C 0.8369 --kernel rbf --gamma -3.115
206  --dataset fashion-mnist --job_id 1545513 --cutoff 10 --metafolds 1 --task classification --sparse False --f_eng1 Selection --f_eng2 None --pre_scaling True --selection SelectPercentile --sel_score_classification f_classif --sel_percentile 80 --scaling False --algorithm SVM --C 4.1877 --kernel rbf --gamma -2.6959
323  --dataset fashion-mnist --job_id 1545513 --cutoff 10 --metafolds 1 --task classification --sparse False --f_eng1 Selection --f_eng2 None --pre_scaling True --selection SelectPercentile --sel_score_classification f_classif --sel_percentile 72 --scaling False --algorithm SVM --C 0.4011 --kernel rbf --gamma -2.4762
322  --dataset fashion-mnist --job_id 1545513 --cutoff 10 --metafolds 1 --task classification --sparse False --f_eng1 Selection --f_eng2 None --pre_scaling True --selection SelectPercentile --sel_score_classification f_classif --sel_percentile 96 --scaling False --algorithm SVM --C 0.898 --kernel rbf --gamma -3.2578
