*******************************************************************************
* irace: An implementation in R of Iterated Race
* Version: 3.1.2112M
* Copyright (C) 2010-2018
* Manuel Lopez-Ibanez     <manuel.lopez-ibanez@manchester.ac.uk>
* Jeremie Dubois-Lacoste  
* Leslie Perez Caceres    <leslie.perez.caceres@ulb.ac.be>
*
* This is free software, and you are welcome to redistribute it under certain
* conditions.  See the GNU General Public License for details. There is NO
* WARRANTY; not even for MERCHANTABILITY or FITNESS FOR A PARTICULAR PURPOSE.
*
* irace builds upon previous code from the race package:
*
* race: Racing methods for the selection of the best
* Copyright (C) 2003 Mauro Birattari
*******************************************************************************
# installed at: /home/cemvieira/bin/R/irace
# called with: -s scenario.txt --max-experiments 2000 -p ./fashion-mnist/parameters-1585345.txt --parallel 32 --train-instances-file fashion-mnist/instances.txt --log-file ./output/fashion-mnist/fashion-mnist-3f2k30m-irace-1585345.Rdata
# 8 expression(s) specifying forbidden configurations read from '/home/cemvieira/isklearn/forbidden.txt'
# 2020-08-16 11:30:40 BRT: Initialization
# Elitist race
# Elitist new instances: 1
# Elitist limit: 2
# nbIterations: 7
# minNbSurvival: 7
# nbParameters: 50
# seed: 1412215824
# confidence level: 0.95
# budget: 2000
# mu: 5
# deterministic: TRUE

# 2020-08-16 11:30:40 BRT: Iteration 1 of 7
# experimentsUsedSoFar: 0
# remainingBudget: 2000
# currentBudget: 285
# nbConfigurations: 47
  Markers:
     x No test is performed.
     - The test is performed and some configurations are discarded.
     = The test is performed but no configuration is discarded.
     ! The test is performed and configurations could be discarded but elite configurations are preserved.
     . All alive configurations are elite and nothing is discarded

+-+-----------+-----------+-----------+---------------+-----------+--------+-----+----+------+
| |   Instance|      Alive|       Best|      Mean best| Exp so far|  W time|  rho|KenW|  Qvar|
+-+-----------+-----------+-----------+---------------+-----------+--------+-----+----+------+
|x|          1|         47|         23|  -0.8312222222|         47|01:00:01|   NA|  NA|    NA|
|x|          2|         47|         23|  -0.8297222222|         94|01:00:01|+1.00|1.00|0.0000|
|x|          3|         47|         23|  -0.8295185185|        141|01:00:01|+1.00|1.00|0.0000|
|x|          4|         47|         23|  -0.8300277778|        188|01:00:02|+1.00|1.00|0.0000|
|!|          5|          1|         23|  -0.8299333333|        235|01:00:01|   NA|  NA|    NA|
+-+-----------+-----------+-----------+---------------+-----------+--------+-----+----+------+
Best-so-far configuration:          23    mean value:   -0.8299333333
Description of the best-so-far configuration:
   .ID.       dataset  job_id cutoff metafolds           task sparse f_eng1    f_eng2 scaling algorithm pre_scaling extraction ext_components       selection lr_C lr_solver multi_class      C kernel rf_estimators criterion_classification criterion_regression max_features max_depth min_samples_leaf solver alpha hidden_layers neurons1 activation n_neighbors weights ab_estimators ab_learning_rate ab_loss whiten svd_solver ica_algorithm ica_fun dl_fit_algorithm dl_transform_algorithm sel_model sel_score_classification sel_score_regression sel_percentile sel_threshold max_iter lr_penalty degree   gamma max_depth_value mlp_learning_rate learning_rate_init neurons2 neurons3 lr_dual .PARENT.
23   23 fashion-mnist 1585345     30         3 classification  False   none Selection    True       SVM       False       <NA>             NA SelectFromModel   NA      <NA>        <NA> 1.2529    rbf            NA                     <NA>                   NA           NA      <NA>               NA   <NA>    NA            NA       NA       <NA>          NA    <NA>            NA               NA      NA   <NA>       <NA>          <NA>    <NA>             <NA>                   <NA>       SVM                     <NA>                   NA             NA          mean       NA       <NA>     NA -3.8111              NA              <NA>                 NA       NA       NA      NA       NA

# 2020-08-16 16:30:51 BRT: Elite configurations (first number is the configuration ID; listed from best to worst according to the sum of ranks):
         dataset  job_id cutoff metafolds           task sparse f_eng1    f_eng2 scaling algorithm pre_scaling extraction ext_components       selection lr_C lr_solver multi_class      C kernel rf_estimators criterion_classification criterion_regression max_features max_depth min_samples_leaf solver alpha hidden_layers neurons1 activation n_neighbors weights ab_estimators ab_learning_rate ab_loss whiten svd_solver ica_algorithm ica_fun dl_fit_algorithm dl_transform_algorithm sel_model sel_score_classification sel_score_regression sel_percentile sel_threshold max_iter lr_penalty degree   gamma max_depth_value mlp_learning_rate learning_rate_init neurons2 neurons3 lr_dual
23 fashion-mnist 1585345     30         3 classification  False   none Selection    True       SVM       False       <NA>             NA SelectFromModel   NA      <NA>        <NA> 1.2529    rbf            NA                     <NA>                   NA           NA      <NA>               NA   <NA>    NA            NA       NA       <NA>          NA    <NA>            NA               NA      NA   <NA>       <NA>          <NA>    <NA>             <NA>                   <NA>       SVM                     <NA>                   NA             NA          mean       NA       <NA>     NA -3.8111              NA              <NA>                 NA       NA       NA      NA
# 2020-08-16 16:30:51 BRT: Iteration 2 of 7
# experimentsUsedSoFar: 235
# remainingBudget: 1765
# currentBudget: 294
# nbConfigurations: 42
  Markers:
     x No test is performed.
     - The test is performed and some configurations are discarded.
     = The test is performed but no configuration is discarded.
     ! The test is performed and configurations could be discarded but elite configurations are preserved.
     . All alive configurations are elite and nothing is discarded

+-+-----------+-----------+-----------+---------------+-----------+--------+-----+----+------+
| |   Instance|      Alive|       Best|      Mean best| Exp so far|  W time|  rho|KenW|  Qvar|
+-+-----------+-----------+-----------+---------------+-----------+--------+-----+----+------+
|x|          6|         42|         23|  -0.8255555556|         42|00:57:48|   NA|  NA|    NA|
|x|          1|         42|         23|  -0.8283888889|         83|00:52:53|+0.98|0.99|0.0501|
|x|          2|         42|         23|  -0.8283333333|        124|00:52:32|+0.98|0.99|0.0334|
|x|          4|         42|         23|  -0.8291388889|        165|00:53:01|+0.99|0.99|0.0250|
|!|          3|          2|         23|  -0.8291333333|        206|00:53:46|+1.00|1.00|0.0000|
+-+-----------+-----------+-----------+---------------+-----------+--------+-----+----+------+
Best-so-far configuration:          23    mean value:   -0.8292037037
Description of the best-so-far configuration:
   .ID.       dataset  job_id cutoff metafolds           task sparse f_eng1    f_eng2 scaling algorithm pre_scaling extraction ext_components       selection lr_C lr_solver multi_class      C kernel rf_estimators criterion_classification criterion_regression max_features max_depth min_samples_leaf solver alpha hidden_layers neurons1 activation n_neighbors weights ab_estimators ab_learning_rate ab_loss whiten svd_solver ica_algorithm ica_fun dl_fit_algorithm dl_transform_algorithm sel_model sel_score_classification sel_score_regression sel_percentile sel_threshold max_iter lr_penalty degree   gamma max_depth_value mlp_learning_rate learning_rate_init neurons2 neurons3 lr_dual .PARENT.
23   23 fashion-mnist 1585345     30         3 classification  False   none Selection    True       SVM       False       <NA>             NA SelectFromModel   NA      <NA>        <NA> 1.2529    rbf            NA                     <NA>                   NA           NA      <NA>               NA   <NA>    NA            NA       NA       <NA>          NA    <NA>            NA               NA      NA   <NA>       <NA>          <NA>    <NA>             <NA>                   <NA>       SVM                     <NA>                   NA             NA          mean       NA       <NA>     NA -3.8111              NA              <NA>                 NA       NA       NA      NA       NA

# 2020-08-16 21:00:53 BRT: Elite configurations (first number is the configuration ID; listed from best to worst according to the sum of ranks):
         dataset  job_id cutoff metafolds           task sparse f_eng1     f_eng2 scaling algorithm pre_scaling extraction ext_components       selection lr_C lr_solver multi_class       C kernel rf_estimators criterion_classification criterion_regression max_features max_depth min_samples_leaf solver alpha hidden_layers neurons1 activation n_neighbors weights ab_estimators ab_learning_rate ab_loss whiten svd_solver ica_algorithm ica_fun dl_fit_algorithm dl_transform_algorithm sel_model sel_score_classification sel_score_regression sel_percentile sel_threshold max_iter lr_penalty degree   gamma max_depth_value mlp_learning_rate learning_rate_init neurons2 neurons3 lr_dual
23 fashion-mnist 1585345     30         3 classification  False   none  Selection    True       SVM       False       <NA>             NA SelectFromModel   NA      <NA>        <NA>  1.2529    rbf            NA                     <NA>                   NA           NA      <NA>               NA   <NA>    NA            NA       NA       <NA>          NA    <NA>            NA               NA      NA   <NA>       <NA>          <NA>    <NA>             <NA>                   <NA>       SVM                     <NA>                   NA             NA          mean       NA       <NA>     NA -3.8111              NA              <NA>                 NA       NA       NA      NA
79 fashion-mnist 1585345     30         3 classification  False   none Extraction   False       SVM        True        PCA         0.3662            <NA>   NA      <NA>        <NA> -1.4647 linear            NA                     <NA>                   NA           NA      <NA>               NA   <NA>    NA            NA       NA       <NA>          NA    <NA>            NA               NA      NA  False       auto          <NA>    <NA>             <NA>                   <NA>      <NA>                     <NA>                   NA             NA          <NA>       NA       <NA>     NA      NA              NA              <NA>                 NA       NA       NA      NA
# 2020-08-16 21:00:53 BRT: Iteration 3 of 7
# experimentsUsedSoFar: 441
# remainingBudget: 1559
# currentBudget: 311
# nbConfigurations: 40
  Markers:
     x No test is performed.
     - The test is performed and some configurations are discarded.
     = The test is performed but no configuration is discarded.
     ! The test is performed and configurations could be discarded but elite configurations are preserved.
     . All alive configurations are elite and nothing is discarded

+-+-----------+-----------+-----------+---------------+-----------+--------+-----+----+------+
| |   Instance|      Alive|       Best|      Mean best| Exp so far|  W time|  rho|KenW|  Qvar|
+-+-----------+-----------+-----------+---------------+-----------+--------+-----+----+------+
|x|          7|         40|         23|  -0.8324444444|         40|00:48:47|   NA|  NA|    NA|
|x|          6|         40|         23|  -0.8290000000|         78|00:38:04|+0.98|0.99|0.0500|
|x|          4|         40|         23|  -0.8298518519|        116|00:38:11|+0.99|0.99|0.0334|
|x|          2|         40|         23|  -0.8294444444|        154|00:37:37|+0.99|0.99|0.0250|
|!|          1|          2|         23|  -0.8298000000|        192|00:38:37|+1.00|1.00|0.0000|
|.|          3|          2|         23|  -0.8296851852|        192|23:59:59|+1.00|1.00|0.0000|
+-+-----------+-----------+-----------+---------------+-----------+--------+-----+----+------+
Best-so-far configuration:          23    mean value:   -0.8296666667
Description of the best-so-far configuration:
   .ID.       dataset  job_id cutoff metafolds           task sparse f_eng1    f_eng2 scaling algorithm pre_scaling extraction ext_components       selection lr_C lr_solver multi_class      C kernel rf_estimators criterion_classification criterion_regression max_features max_depth min_samples_leaf solver alpha hidden_layers neurons1 activation n_neighbors weights ab_estimators ab_learning_rate ab_loss whiten svd_solver ica_algorithm ica_fun dl_fit_algorithm dl_transform_algorithm sel_model sel_score_classification sel_score_regression sel_percentile sel_threshold max_iter lr_penalty degree   gamma max_depth_value mlp_learning_rate learning_rate_init neurons2 neurons3 lr_dual .PARENT.
23   23 fashion-mnist 1585345     30         3 classification  False   none Selection    True       SVM       False       <NA>             NA SelectFromModel   NA      <NA>        <NA> 1.2529    rbf            NA                     <NA>                   NA           NA      <NA>               NA   <NA>    NA            NA       NA       <NA>          NA    <NA>            NA               NA      NA   <NA>       <NA>          <NA>    <NA>             <NA>                   <NA>       SVM                     <NA>                   NA             NA          mean       NA       <NA>     NA -3.8111              NA              <NA>                 NA       NA       NA      NA       NA

# 2020-08-17 00:22:14 BRT: Elite configurations (first number is the configuration ID; listed from best to worst according to the sum of ranks):
         dataset  job_id cutoff metafolds           task sparse f_eng1     f_eng2 scaling algorithm pre_scaling extraction ext_components       selection lr_C lr_solver multi_class       C kernel rf_estimators criterion_classification criterion_regression max_features max_depth min_samples_leaf solver alpha hidden_layers neurons1 activation n_neighbors weights ab_estimators ab_learning_rate ab_loss whiten svd_solver ica_algorithm ica_fun dl_fit_algorithm dl_transform_algorithm sel_model sel_score_classification sel_score_regression sel_percentile sel_threshold max_iter lr_penalty degree   gamma max_depth_value mlp_learning_rate learning_rate_init neurons2 neurons3 lr_dual
23 fashion-mnist 1585345     30         3 classification  False   none  Selection    True       SVM       False       <NA>             NA SelectFromModel   NA      <NA>        <NA>  1.2529    rbf            NA                     <NA>                   NA           NA      <NA>               NA   <NA>    NA            NA       NA       <NA>          NA    <NA>            NA               NA      NA   <NA>       <NA>          <NA>    <NA>             <NA>                   <NA>       SVM                     <NA>                   NA             NA          mean       NA       <NA>     NA -3.8111              NA              <NA>                 NA       NA       NA      NA
79 fashion-mnist 1585345     30         3 classification  False   none Extraction   False       SVM        True        PCA         0.3662            <NA>   NA      <NA>        <NA> -1.4647 linear            NA                     <NA>                   NA           NA      <NA>               NA   <NA>    NA            NA       NA       <NA>          NA    <NA>            NA               NA      NA  False       auto          <NA>    <NA>             <NA>                   <NA>      <NA>                     <NA>                   NA             NA          <NA>       NA       <NA>     NA      NA              NA              <NA>                 NA       NA       NA      NA
# 2020-08-17 00:22:14 BRT: Iteration 4 of 7
# experimentsUsedSoFar: 633
# remainingBudget: 1367
# currentBudget: 341
# nbConfigurations: 39
  Markers:
     x No test is performed.
     - The test is performed and some configurations are discarded.
     = The test is performed but no configuration is discarded.
     ! The test is performed and configurations could be discarded but elite configurations are preserved.
     . All alive configurations are elite and nothing is discarded

+-+-----------+-----------+-----------+---------------+-----------+--------+-----+----+------+
| |   Instance|      Alive|       Best|      Mean best| Exp so far|  W time|  rho|KenW|  Qvar|
+-+-----------+-----------+-----------+---------------+-----------+--------+-----+----+------+
|x|          8|         39|         23|  -0.8300000000|         39|00:42:01|   NA|  NA|    NA|
|x|          4|         39|         23|  -0.8307777778|         76|00:34:26|+0.94|0.97|0.1491|
|x|          6|         39|         23|  -0.8290370370|        113|00:34:20|+0.96|0.97|0.0994|
|x|          7|         39|         23|  -0.8298888889|        150|00:34:24|+0.97|0.98|0.0746|
|!|          1|          4|         23|  -0.8301555556|        187|00:34:42|+0.76|0.81|0.0958|
+-+-----------+-----------+-----------+---------------+-----------+--------+-----+----+------+
Best-so-far configuration:          23    mean value:   -0.8297083333
Description of the best-so-far configuration:
   .ID.       dataset  job_id cutoff metafolds           task sparse f_eng1    f_eng2 scaling algorithm pre_scaling extraction ext_components       selection lr_C lr_solver multi_class      C kernel rf_estimators criterion_classification criterion_regression max_features max_depth min_samples_leaf solver alpha hidden_layers neurons1 activation n_neighbors weights ab_estimators ab_learning_rate ab_loss whiten svd_solver ica_algorithm ica_fun dl_fit_algorithm dl_transform_algorithm sel_model sel_score_classification sel_score_regression sel_percentile sel_threshold max_iter lr_penalty degree   gamma max_depth_value mlp_learning_rate learning_rate_init neurons2 neurons3 lr_dual .PARENT.
23   23 fashion-mnist 1585345     30         3 classification  False   none Selection    True       SVM       False       <NA>             NA SelectFromModel   NA      <NA>        <NA> 1.2529    rbf            NA                     <NA>                   NA           NA      <NA>               NA   <NA>    NA            NA       NA       <NA>          NA    <NA>            NA               NA      NA   <NA>       <NA>          <NA>    <NA>             <NA>                   <NA>       SVM                     <NA>                   NA             NA          mean       NA       <NA>     NA -3.8111              NA              <NA>                 NA       NA       NA      NA       NA

# 2020-08-17 03:22:10 BRT: Elite configurations (first number is the configuration ID; listed from best to worst according to the sum of ranks):
          dataset  job_id cutoff metafolds           task sparse f_eng1     f_eng2 scaling algorithm pre_scaling extraction ext_components       selection lr_C lr_solver multi_class       C  kernel rf_estimators criterion_classification criterion_regression max_features max_depth min_samples_leaf solver alpha hidden_layers neurons1 activation n_neighbors weights ab_estimators ab_learning_rate ab_loss whiten svd_solver ica_algorithm ica_fun dl_fit_algorithm dl_transform_algorithm sel_model sel_score_classification sel_score_regression sel_percentile sel_threshold max_iter lr_penalty degree   gamma max_depth_value mlp_learning_rate learning_rate_init neurons2 neurons3 lr_dual
23  fashion-mnist 1585345     30         3 classification  False   none  Selection    True       SVM       False       <NA>             NA SelectFromModel   NA      <NA>        <NA>  1.2529     rbf            NA                     <NA>                   NA           NA      <NA>               NA   <NA>    NA            NA       NA       <NA>          NA    <NA>            NA               NA      NA   <NA>       <NA>          <NA>    <NA>             <NA>                   <NA>       SVM                     <NA>                   NA             NA          mean       NA       <NA>     NA -3.8111              NA              <NA>                 NA       NA       NA      NA
79  fashion-mnist 1585345     30         3 classification  False   none Extraction   False       SVM        True        PCA         0.3662            <NA>   NA      <NA>        <NA> -1.4647  linear            NA                     <NA>                   NA           NA      <NA>               NA   <NA>    NA            NA       NA       <NA>          NA    <NA>            NA               NA      NA  False       auto          <NA>    <NA>             <NA>                   <NA>      <NA>                     <NA>                   NA             NA          <NA>       NA       <NA>     NA      NA              NA              <NA>                 NA       NA       NA      NA
141 fashion-mnist 1585345     30         3 classification  False   none       none    True       SVM        <NA>       <NA>             NA            <NA>   NA      <NA>        <NA>  2.2256     rbf            NA                     <NA>                   NA           NA      <NA>               NA   <NA>    NA            NA       NA       <NA>          NA    <NA>            NA               NA      NA   <NA>       <NA>          <NA>    <NA>             <NA>                   <NA>      <NA>                     <NA>                   NA             NA          <NA>       NA       <NA>     NA -4.1593              NA              <NA>                 NA       NA       NA      NA
133 fashion-mnist 1585345     30         3 classification  False   none  Selection    True       SVM       False       <NA>             NA SelectFromModel   NA      <NA>        <NA>  3.0811 sigmoid            NA                     <NA>                   NA           NA      <NA>               NA   <NA>    NA            NA       NA       <NA>          NA    <NA>            NA               NA      NA   <NA>       <NA>          <NA>    <NA>             <NA>                   <NA>       SVM                     <NA>                   NA             NA          mean       NA       <NA>     NA -4.9919              NA              <NA>                 NA       NA       NA      NA
# 2020-08-17 03:22:10 BRT: Iteration 5 of 7
# experimentsUsedSoFar: 820
# remainingBudget: 1180
# currentBudget: 393
# nbConfigurations: 42
  Markers:
     x No test is performed.
     - The test is performed and some configurations are discarded.
     = The test is performed but no configuration is discarded.
     ! The test is performed and configurations could be discarded but elite configurations are preserved.
     . All alive configurations are elite and nothing is discarded

+-+-----------+-----------+-----------+---------------+-----------+--------+-----+----+------+
| |   Instance|      Alive|       Best|      Mean best| Exp so far|  W time|  rho|KenW|  Qvar|
+-+-----------+-----------+-----------+---------------+-----------+--------+-----+----+------+
|x|          9|         42|        189|  -0.8396666667|         42|00:35:27|   NA|  NA|    NA|
|x|          8|         42|        189|  -0.8398888889|         80|00:34:04|+0.99|1.00|0.0000|
|x|          6|         42|        189|  -0.8386296296|        118|00:34:02|+1.00|1.00|0.0000|
|x|          2|         42|        189|  -0.8389722222|        158|00:34:26|+1.00|1.00|0.0000|
|!|          7|          5|        189|  -0.8404666667|        196|00:33:59|+0.88|0.90|0.0279|
+-+-----------+-----------+-----------+---------------+-----------+--------+-----+----+------+
Best-so-far configuration:          23    mean value:   -0.8297283951
Description of the best-so-far configuration:
   .ID.       dataset  job_id cutoff metafolds           task sparse f_eng1    f_eng2 scaling algorithm pre_scaling extraction ext_components       selection lr_C lr_solver multi_class      C kernel rf_estimators criterion_classification criterion_regression max_features max_depth min_samples_leaf solver alpha hidden_layers neurons1 activation n_neighbors weights ab_estimators ab_learning_rate ab_loss whiten svd_solver ica_algorithm ica_fun dl_fit_algorithm dl_transform_algorithm sel_model sel_score_classification sel_score_regression sel_percentile sel_threshold max_iter lr_penalty degree   gamma max_depth_value mlp_learning_rate learning_rate_init neurons2 neurons3 lr_dual .PARENT.
23   23 fashion-mnist 1585345     30         3 classification  False   none Selection    True       SVM       False       <NA>             NA SelectFromModel   NA      <NA>        <NA> 1.2529    rbf            NA                     <NA>                   NA           NA      <NA>               NA   <NA>    NA            NA       NA       <NA>          NA    <NA>            NA               NA      NA   <NA>       <NA>          <NA>    <NA>             <NA>                   <NA>       SVM                     <NA>                   NA             NA          mean       NA       <NA>     NA -3.8111              NA              <NA>                 NA       NA       NA    <NA>       NA

# 2020-08-17 06:14:12 BRT: Elite configurations (first number is the configuration ID; listed from best to worst according to the sum of ranks):
          dataset  job_id cutoff metafolds           task sparse f_eng1     f_eng2 scaling algorithm pre_scaling extraction ext_components       selection lr_C lr_solver multi_class       C  kernel rf_estimators criterion_classification criterion_regression max_features max_depth min_samples_leaf solver alpha hidden_layers neurons1 activation n_neighbors weights ab_estimators ab_learning_rate ab_loss whiten svd_solver ica_algorithm ica_fun dl_fit_algorithm dl_transform_algorithm sel_model sel_score_classification sel_score_regression sel_percentile sel_threshold max_iter lr_penalty degree   gamma max_depth_value mlp_learning_rate learning_rate_init neurons2 neurons3 lr_dual
23  fashion-mnist 1585345     30         3 classification  False   none  Selection    True       SVM       False       <NA>             NA SelectFromModel   NA      <NA>        <NA>  1.2529     rbf            NA                     <NA>                   NA           NA      <NA>               NA   <NA>    NA            NA       NA       <NA>          NA    <NA>            NA               NA      NA   <NA>       <NA>          <NA>    <NA>             <NA>                   <NA>       SVM                     <NA>                   NA             NA          mean       NA       <NA>     NA -3.8111              NA              <NA>                 NA       NA       NA    <NA>
79  fashion-mnist 1585345     30         3 classification  False   none Extraction   False       SVM        True        PCA         0.3662            <NA>   NA      <NA>        <NA> -1.4647  linear            NA                     <NA>                   NA           NA      <NA>               NA   <NA>    NA            NA       NA       <NA>          NA    <NA>            NA               NA      NA  False       auto          <NA>    <NA>             <NA>                   <NA>      <NA>                     <NA>                   NA             NA          <NA>       NA       <NA>     NA      NA              NA              <NA>                 NA       NA       NA    <NA>
133 fashion-mnist 1585345     30         3 classification  False   none  Selection    True       SVM       False       <NA>             NA SelectFromModel   NA      <NA>        <NA>  3.0811 sigmoid            NA                     <NA>                   NA           NA      <NA>               NA   <NA>    NA            NA       NA       <NA>          NA    <NA>            NA               NA      NA   <NA>       <NA>          <NA>    <NA>             <NA>                   <NA>       SVM                     <NA>                   NA             NA          mean       NA       <NA>     NA -4.9919              NA              <NA>                 NA       NA       NA    <NA>
141 fashion-mnist 1585345     30         3 classification  False   none       none    True       SVM        <NA>       <NA>             NA            <NA>   NA      <NA>        <NA>  2.2256     rbf            NA                     <NA>                   NA           NA      <NA>               NA   <NA>    NA            NA       NA       <NA>          NA    <NA>            NA               NA      NA   <NA>       <NA>          <NA>    <NA>             <NA>                   <NA>      <NA>                     <NA>                   NA             NA          <NA>       NA       <NA>     NA -4.1593              NA              <NA>                 NA       NA       NA    <NA>
189 fashion-mnist 1585345     30         3 classification  False   none       none    True       SVM        <NA>       <NA>             NA            <NA>   NA      <NA>        <NA>  0.9548     rbf            NA                     <NA>                   NA           NA      <NA>               NA   <NA>    NA            NA       NA       <NA>          NA    <NA>            NA               NA      NA   <NA>       <NA>          <NA>    <NA>             <NA>                   <NA>      <NA>                     <NA>                   NA             NA          <NA>       NA       <NA>     NA -3.1648              NA              <NA>                 NA       NA       NA    <NA>
# 2020-08-17 06:14:13 BRT: Iteration 6 of 7
# experimentsUsedSoFar: 1016
# remainingBudget: 984
# currentBudget: 492
# nbConfigurations: 53
  Markers:
     x No test is performed.
     - The test is performed and some configurations are discarded.
     = The test is performed but no configuration is discarded.
     ! The test is performed and configurations could be discarded but elite configurations are preserved.
     . All alive configurations are elite and nothing is discarded

+-+-----------+-----------+-----------+---------------+-----------+--------+-----+----+------+
| |   Instance|      Alive|       Best|      Mean best| Exp so far|  W time|  rho|KenW|  Qvar|
+-+-----------+-----------+-----------+---------------+-----------+--------+-----+----+------+
|x|         10|         53|        248|  -0.8438888889|         53|00:47:58|   NA|  NA|    NA|
|x|          5|         53|        248|  -0.8457222222|        105|00:46:56|+0.90|0.95|0.0872|
|x|          7|         53|        248|  -0.8467407407|        153|00:44:33|+0.93|0.96|0.0588|
|x|          8|         53|        248|  -0.8445277778|        201|00:44:17|+0.95|0.96|0.0512|
|!|          6|          9|        245|  -0.8431777778|        249|00:48:06|+0.83|0.86|0.0590|
|!|          4|          7|        245|  -0.8433703704|        254|00:04:01|+0.88|0.90|0.0383|
+-+-----------+-----------+-----------+---------------+-----------+--------+-----+----+------+
Best-so-far configuration:          23    mean value:   -0.8298666667
Description of the best-so-far configuration:
   .ID.       dataset  job_id cutoff metafolds           task sparse f_eng1    f_eng2 scaling algorithm pre_scaling extraction ext_components       selection lr_C lr_solver multi_class      C kernel rf_estimators criterion_classification criterion_regression max_features max_depth min_samples_leaf solver alpha hidden_layers neurons1 activation n_neighbors weights ab_estimators ab_learning_rate ab_loss whiten svd_solver ica_algorithm ica_fun dl_fit_algorithm dl_transform_algorithm sel_model sel_score_classification sel_score_regression sel_percentile sel_threshold max_iter lr_penalty degree   gamma max_depth_value mlp_learning_rate learning_rate_init neurons2 neurons3 lr_dual .PARENT.
23   23 fashion-mnist 1585345     30         3 classification  False   none Selection    True       SVM       False       <NA>             NA SelectFromModel   NA      <NA>        <NA> 1.2529    rbf            NA                     <NA>                   NA           NA      <NA>               NA   <NA>    NA            NA       NA       <NA>          NA    <NA>            NA               NA      NA   <NA>       <NA>          <NA>    <NA>             <NA>                   <NA>       SVM                     <NA>                   NA             NA          mean       NA       <NA>     NA -3.8111              NA              <NA>                 NA       NA       NA    <NA>       NA

# 2020-08-17 10:10:07 BRT: Elite configurations (first number is the configuration ID; listed from best to worst according to the sum of ranks):
          dataset  job_id cutoff metafolds           task sparse f_eng1     f_eng2 scaling algorithm pre_scaling extraction ext_components       selection lr_C lr_solver multi_class       C  kernel rf_estimators criterion_classification criterion_regression max_features max_depth min_samples_leaf solver alpha hidden_layers neurons1 activation n_neighbors weights ab_estimators ab_learning_rate ab_loss whiten svd_solver ica_algorithm ica_fun dl_fit_algorithm dl_transform_algorithm sel_model sel_score_classification sel_score_regression sel_percentile sel_threshold max_iter lr_penalty degree   gamma max_depth_value mlp_learning_rate learning_rate_init neurons2 neurons3 lr_dual
23  fashion-mnist 1585345     30         3 classification  False   none  Selection    True       SVM       False       <NA>             NA SelectFromModel   NA      <NA>        <NA>  1.2529     rbf            NA                     <NA>                   NA           NA      <NA>               NA   <NA>    NA            NA       NA       <NA>          NA    <NA>            NA               NA      NA   <NA>       <NA>          <NA>    <NA>             <NA>                   <NA>       SVM                     <NA>                   NA             NA          mean       NA       <NA>     NA -3.8111              NA              <NA>                 NA       NA       NA    <NA>
79  fashion-mnist 1585345     30         3 classification  False   none Extraction   False       SVM        True        PCA         0.3662            <NA>   NA      <NA>        <NA> -1.4647  linear            NA                     <NA>                   NA           NA      <NA>               NA   <NA>    NA            NA       NA       <NA>          NA    <NA>            NA               NA      NA  False       auto          <NA>    <NA>             <NA>                   <NA>      <NA>                     <NA>                   NA             NA          <NA>       NA       <NA>     NA      NA              NA              <NA>                 NA       NA       NA    <NA>
133 fashion-mnist 1585345     30         3 classification  False   none  Selection    True       SVM       False       <NA>             NA SelectFromModel   NA      <NA>        <NA>  3.0811 sigmoid            NA                     <NA>                   NA           NA      <NA>               NA   <NA>    NA            NA       NA       <NA>          NA    <NA>            NA               NA      NA   <NA>       <NA>          <NA>    <NA>             <NA>                   <NA>       SVM                     <NA>                   NA             NA          mean       NA       <NA>     NA -4.9919              NA              <NA>                 NA       NA       NA    <NA>
141 fashion-mnist 1585345     30         3 classification  False   none       none    True       SVM        <NA>       <NA>             NA            <NA>   NA      <NA>        <NA>  2.2256     rbf            NA                     <NA>                   NA           NA      <NA>               NA   <NA>    NA            NA       NA       <NA>          NA    <NA>            NA               NA      NA   <NA>       <NA>          <NA>    <NA>             <NA>                   <NA>      <NA>                     <NA>                   NA             NA          <NA>       NA       <NA>     NA -4.1593              NA              <NA>                 NA       NA       NA    <NA>
189 fashion-mnist 1585345     30         3 classification  False   none       none    True       SVM        <NA>       <NA>             NA            <NA>   NA      <NA>        <NA>  0.9548     rbf            NA                     <NA>                   NA           NA      <NA>               NA   <NA>    NA            NA       NA       <NA>          NA    <NA>            NA               NA      NA   <NA>       <NA>          <NA>    <NA>             <NA>                   <NA>      <NA>                     <NA>                   NA             NA          <NA>       NA       <NA>     NA -3.1648              NA              <NA>                 NA       NA       NA    <NA>
245 fashion-mnist 1585345     30         3 classification  False   none  Selection    True       SVM       False       <NA>             NA SelectFromModel   NA      <NA>        <NA>  0.4652     rbf            NA                     <NA>                   NA           NA      <NA>               NA   <NA>    NA            NA       NA       <NA>          NA    <NA>            NA               NA      NA   <NA>       <NA>          <NA>    <NA>             <NA>                   <NA>       SVM                     <NA>                   NA             NA          mean       NA       <NA>     NA -2.7110              NA              <NA>                 NA       NA       NA    <NA>
248 fashion-mnist 1585345     30         3 classification  False   none  Selection    True       SVM       False       <NA>             NA SelectFromModel   NA      <NA>        <NA>  1.2307     rbf            NA                     <NA>                   NA           NA      <NA>               NA   <NA>    NA            NA       NA       <NA>          NA    <NA>            NA               NA      NA   <NA>       <NA>          <NA>    <NA>             <NA>                   <NA>       SVM                     <NA>                   NA             NA          mean       NA       <NA>     NA -2.2385              NA              <NA>                 NA       NA       NA    <NA>
# 2020-08-17 10:10:07 BRT: Iteration 7 of 7
# experimentsUsedSoFar: 1270
# remainingBudget: 730
# currentBudget: 730
# nbConfigurations: 72
  Markers:
     x No test is performed.
     - The test is performed and some configurations are discarded.
     = The test is performed but no configuration is discarded.
     ! The test is performed and configurations could be discarded but elite configurations are preserved.
     . All alive configurations are elite and nothing is discarded

+-+-----------+-----------+-----------+---------------+-----------+--------+-----+----+------+
| |   Instance|      Alive|       Best|      Mean best| Exp so far|  W time|  rho|KenW|  Qvar|
+-+-----------+-----------+-----------+---------------+-----------+--------+-----+----+------+
|x|         11|         72|        189|  -0.8388888889|         72|00:57:26|   NA|  NA|    NA|
|x|          2|         72|        189|  -0.8394444444|        139|00:50:49|+0.87|0.94|0.1156|
|x|         10|         72|        189|  -0.8384814815|        204|00:46:35|+0.83|0.88|0.1305|
|x|          8|         72|        189|  -0.8388888889|        269|00:46:33|+0.82|0.87|0.1322|
|!|          1|         14|        189|  -0.8396222222|        337|00:50:22|+0.48|0.58|0.9334|
|!|          3|          9|        189|  -0.8397222222|        349|00:07:20|+0.36|0.46|0.8773|
|-|          7|          9|        189|  -0.8406825397|        351|00:01:00|+0.38|0.47|0.8345|
|-|          4|          9|        189|  -0.8410416667|        353|00:00:59|+0.43|0.50|0.7884|
|!|          6|          8|        189|  -0.8404938272|        355|00:00:58|+0.42|0.48|0.7352|
|-|          9|          8|        189|  -0.8404111111|        358|00:02:34|+0.45|0.51|0.6869|
|!|          5|          4|        189|  -0.8409797980|        359|00:00:46|+0.20|0.27|0.6454|
+-+-----------+-----------+-----------+---------------+-----------+--------+-----+----+------+
Best-so-far configuration:         245    mean value:     1171354716.
Description of the best-so-far configuration:
    .ID.       dataset  job_id cutoff metafolds           task sparse f_eng1    f_eng2 scaling algorithm pre_scaling extraction ext_components       selection lr_C lr_solver multi_class      C kernel rf_estimators criterion_classification criterion_regression max_features max_depth min_samples_leaf solver alpha hidden_layers neurons1 activation n_neighbors weights ab_estimators ab_learning_rate ab_loss whiten svd_solver ica_algorithm ica_fun dl_fit_algorithm dl_transform_algorithm sel_model sel_score_classification sel_score_regression sel_percentile sel_threshold max_iter lr_penalty degree  gamma max_depth_value mlp_learning_rate learning_rate_init neurons2 neurons3 lr_dual .PARENT.
245  245 fashion-mnist 1585345     30         3 classification  False   none Selection    True       SVM       False       <NA>             NA SelectFromModel   NA      <NA>        <NA> 0.4652    rbf            NA                     <NA>                   NA           NA      <NA>               NA   <NA>    NA            NA       NA       <NA>          NA    <NA>            NA               NA      NA   <NA>       <NA>          <NA>    <NA>             <NA>                   <NA>       SVM                     <NA>                   NA             NA          mean       NA       <NA>     NA -2.711              NA              <NA>                 NA       NA       NA    <NA>       23

# 2020-08-17 14:35:37 BRT: Elite configurations (first number is the configuration ID; listed from best to worst according to the sum of ranks):
          dataset  job_id cutoff metafolds           task sparse f_eng1    f_eng2 scaling algorithm pre_scaling extraction ext_components       selection lr_C lr_solver multi_class      C kernel rf_estimators criterion_classification criterion_regression max_features max_depth min_samples_leaf solver alpha hidden_layers neurons1 activation n_neighbors weights ab_estimators ab_learning_rate ab_loss whiten svd_solver ica_algorithm ica_fun dl_fit_algorithm dl_transform_algorithm sel_model sel_score_classification sel_score_regression sel_percentile sel_threshold max_iter lr_penalty degree   gamma max_depth_value mlp_learning_rate learning_rate_init neurons2 neurons3 lr_dual
245 fashion-mnist 1585345     30         3 classification  False   none Selection    True       SVM       False       <NA>             NA SelectFromModel   NA      <NA>        <NA> 0.4652    rbf            NA                     <NA>                   NA           NA      <NA>               NA   <NA>    NA            NA       NA       <NA>          NA    <NA>            NA               NA      NA   <NA>       <NA>          <NA>    <NA>             <NA>                   <NA>       SVM                     <NA>                   NA             NA          mean       NA       <NA>     NA -2.7110              NA              <NA>                 NA       NA       NA    <NA>
189 fashion-mnist 1585345     30         3 classification  False   none      none    True       SVM        <NA>       <NA>             NA            <NA>   NA      <NA>        <NA> 0.9548    rbf            NA                     <NA>                   NA           NA      <NA>               NA   <NA>    NA            NA       NA       <NA>          NA    <NA>            NA               NA      NA   <NA>       <NA>          <NA>    <NA>             <NA>                   <NA>      <NA>                     <NA>                   NA             NA          <NA>       NA       <NA>     NA -3.1648              NA              <NA>                 NA       NA       NA    <NA>
248 fashion-mnist 1585345     30         3 classification  False   none Selection    True       SVM       False       <NA>             NA SelectFromModel   NA      <NA>        <NA> 1.2307    rbf            NA                     <NA>                   NA           NA      <NA>               NA   <NA>    NA            NA       NA       <NA>          NA    <NA>            NA               NA      NA   <NA>       <NA>          <NA>    <NA>             <NA>                   <NA>       SVM                     <NA>                   NA             NA          mean       NA       <NA>     NA -2.2385              NA              <NA>                 NA       NA       NA    <NA>
286 fashion-mnist 1585345     30         3 classification  False   none      none    True       SVM        <NA>       <NA>             NA            <NA>   NA      <NA>        <NA> 1.4063    rbf            NA                     <NA>                   NA           NA      <NA>               NA   <NA>    NA            NA       NA       <NA>          NA    <NA>            NA               NA      NA   <NA>       <NA>          <NA>    <NA>             <NA>                   <NA>      <NA>                     <NA>                   NA             NA          <NA>       NA       <NA>     NA -3.7576              NA              <NA>                 NA       NA       NA    <NA>
# 2020-08-17 14:35:37 BRT: Iteration 8 of 8
# experimentsUsedSoFar: 1629
# remainingBudget: 371
# currentBudget: 371
# nbConfigurations: 34
  Markers:
     x No test is performed.
     - The test is performed and some configurations are discarded.
     = The test is performed but no configuration is discarded.
     ! The test is performed and configurations could be discarded but elite configurations are preserved.
     . All alive configurations are elite and nothing is discarded

+-+-----------+-----------+-----------+---------------+-----------+--------+-----+----+------+
| |   Instance|      Alive|       Best|      Mean best| Exp so far|  W time|  rho|KenW|  Qvar|
+-+-----------+-----------+-----------+---------------+-----------+--------+-----+----+------+
|x|         12|         34|        245|  -0.8484444444|         34|00:31:18|   NA|  NA|    NA|
|x|          1|         34|        189|  -0.8433333333|         64|00:30:39|+0.75|0.88|0.1285|
|x|          4|         34|        189|  -0.8434074074|         94|00:30:02|+0.84|0.89|0.0857|
|x|          7|         34|        189|  -0.8441666667|        124|00:30:01|+0.88|0.91|0.0643|
|!|         10|          6|        189|  -0.8426444444|        154|00:30:01|+0.36|0.49|0.6327|
+-+-----------+-----------+-----------+---------------+-----------+--------+-----+----+------+
Best-so-far configuration:         245    mean value:     1073741823.
Description of the best-so-far configuration:
    .ID.       dataset  job_id cutoff metafolds           task sparse f_eng1    f_eng2 scaling algorithm pre_scaling extraction ext_components       selection lr_C lr_solver multi_class      C kernel rf_estimators criterion_classification criterion_regression max_features max_depth min_samples_leaf solver alpha hidden_layers neurons1 activation n_neighbors weights ab_estimators ab_learning_rate ab_loss whiten svd_solver ica_algorithm ica_fun dl_fit_algorithm dl_transform_algorithm sel_model sel_score_classification sel_score_regression sel_percentile sel_threshold max_iter lr_penalty degree  gamma max_depth_value mlp_learning_rate learning_rate_init neurons2 neurons3 lr_dual .PARENT.
245  245 fashion-mnist 1585345     30         3 classification  False   none Selection    True       SVM       False       <NA>             NA SelectFromModel   NA      <NA>        <NA> 0.4652    rbf            NA                     <NA>                   NA           NA      <NA>               NA   <NA>    NA            NA       NA       <NA>          NA    <NA>            NA               NA      NA   <NA>       <NA>          <NA>    <NA>             <NA>                   <NA>       SVM                     <NA>                   NA             NA          mean       NA       <NA>     NA -2.711              NA              <NA>                 NA       NA       NA    <NA>       23

# 2020-08-17 17:07:40 BRT: Elite configurations (first number is the configuration ID; listed from best to worst according to the sum of ranks):
          dataset  job_id cutoff metafolds           task sparse f_eng1    f_eng2 scaling algorithm pre_scaling extraction ext_components       selection lr_C lr_solver multi_class      C kernel rf_estimators criterion_classification criterion_regression max_features max_depth min_samples_leaf solver alpha hidden_layers neurons1 activation n_neighbors weights ab_estimators ab_learning_rate ab_loss whiten svd_solver ica_algorithm ica_fun dl_fit_algorithm dl_transform_algorithm sel_model sel_score_classification sel_score_regression sel_percentile sel_threshold max_iter lr_penalty degree   gamma max_depth_value mlp_learning_rate learning_rate_init neurons2 neurons3 lr_dual
245 fashion-mnist 1585345     30         3 classification  False   none Selection    True       SVM       False       <NA>             NA SelectFromModel   NA      <NA>        <NA> 0.4652    rbf            NA                     <NA>                   NA           NA      <NA>               NA   <NA>    NA            NA       NA       <NA>          NA    <NA>            NA               NA      NA   <NA>       <NA>          <NA>    <NA>             <NA>                   <NA>       SVM                     <NA>                   NA             NA          mean       NA       <NA>     NA -2.7110              NA              <NA>                 NA       NA       NA    <NA>
189 fashion-mnist 1585345     30         3 classification  False   none      none    True       SVM        <NA>       <NA>             NA            <NA>   NA      <NA>        <NA> 0.9548    rbf            NA                     <NA>                   NA           NA      <NA>               NA   <NA>    NA            NA       NA       <NA>          NA    <NA>            NA               NA      NA   <NA>       <NA>          <NA>    <NA>             <NA>                   <NA>      <NA>                     <NA>                   NA             NA          <NA>       NA       <NA>     NA -3.1648              NA              <NA>                 NA       NA       NA    <NA>
248 fashion-mnist 1585345     30         3 classification  False   none Selection    True       SVM       False       <NA>             NA SelectFromModel   NA      <NA>        <NA> 1.2307    rbf            NA                     <NA>                   NA           NA      <NA>               NA   <NA>    NA            NA       NA       <NA>          NA    <NA>            NA               NA      NA   <NA>       <NA>          <NA>    <NA>             <NA>                   <NA>       SVM                     <NA>                   NA             NA          mean       NA       <NA>     NA -2.2385              NA              <NA>                 NA       NA       NA    <NA>
286 fashion-mnist 1585345     30         3 classification  False   none      none    True       SVM        <NA>       <NA>             NA            <NA>   NA      <NA>        <NA> 1.4063    rbf            NA                     <NA>                   NA           NA      <NA>               NA   <NA>    NA            NA       NA       <NA>          NA    <NA>            NA               NA      NA   <NA>       <NA>          <NA>    <NA>             <NA>                   <NA>      <NA>                     <NA>                   NA             NA          <NA>       NA       <NA>     NA -3.7576              NA              <NA>                 NA       NA       NA    <NA>
321 fashion-mnist 1585345     30         3 classification  False   none      none    True       SVM        <NA>       <NA>             NA            <NA>   NA      <NA>        <NA> 1.2091    rbf            NA                     <NA>                   NA           NA      <NA>               NA   <NA>    NA            NA       NA       <NA>          NA    <NA>            NA               NA      NA   <NA>       <NA>          <NA>    <NA>             <NA>                   <NA>      <NA>                     <NA>                   NA             NA          <NA>       NA       <NA>     NA -2.9850              NA              <NA>                 NA       NA       NA    <NA>
337 fashion-mnist 1585345     30         3 classification  False   none      none    True       SVM        <NA>       <NA>             NA            <NA>   NA      <NA>        <NA> 1.9608    rbf            NA                     <NA>                   NA           NA      <NA>               NA   <NA>    NA            NA       NA       <NA>          NA    <NA>            NA               NA      NA   <NA>       <NA>          <NA>    <NA>             <NA>                   <NA>      <NA>                     <NA>                   NA             NA          <NA>       NA       <NA>     NA -4.3403              NA              <NA>                 NA       NA       NA    <NA>
# 2020-08-17 17:07:40 BRT: Iteration 9 of 9
# experimentsUsedSoFar: 1783
# remainingBudget: 217
# currentBudget: 217
# nbConfigurations: 22
  Markers:
     x No test is performed.
     - The test is performed and some configurations are discarded.
     = The test is performed but no configuration is discarded.
     ! The test is performed and configurations could be discarded but elite configurations are preserved.
     . All alive configurations are elite and nothing is discarded

+-+-----------+-----------+-----------+---------------+-----------+--------+-----+----+------+
| |   Instance|      Alive|       Best|      Mean best| Exp so far|  W time|  rho|KenW|  Qvar|
+-+-----------+-----------+-----------+---------------+-----------+--------+-----+----+------+
|x|         13|         22|        189|  -0.8455555556|         22|00:13:18|   NA|  NA|    NA|
|x|          8|         22|        189|  -0.8428333333|         40|00:10:47|+1.00|1.00|0.0001|
|x|         10|         22|        245|  -0.8426296296|         56|00:11:03|+0.98|0.99|0.0001|
|x|          1|         22|        189|  -0.8411944444|         72|00:10:47|+0.76|0.82|0.5915|
|!|         12|          7|        189|  -0.8417777778|         88|00:10:46|+0.38|0.50|0.6675|
+-+-----------+-----------+-----------+---------------+-----------+--------+-----+----+------+
Best-so-far configuration:         245    mean value:     991146298.4
Description of the best-so-far configuration:
    .ID.       dataset  job_id cutoff metafolds           task sparse f_eng1    f_eng2 scaling algorithm pre_scaling extraction ext_components       selection lr_C lr_solver multi_class      C kernel rf_estimators criterion_classification criterion_regression max_features max_depth min_samples_leaf solver alpha hidden_layers neurons1 activation n_neighbors weights ab_estimators ab_learning_rate ab_loss whiten svd_solver ica_algorithm ica_fun dl_fit_algorithm dl_transform_algorithm sel_model sel_score_classification sel_score_regression sel_percentile sel_threshold max_iter lr_penalty degree  gamma max_depth_value mlp_learning_rate learning_rate_init neurons2 neurons3 lr_dual .PARENT.
245  245 fashion-mnist 1585345     30         3 classification  False   none Selection    True       SVM       False       <NA>             NA SelectFromModel   NA      <NA>        <NA> 0.4652    rbf            NA                     <NA>                   NA           NA      <NA>               NA   <NA>    NA            NA       NA       <NA>          NA    <NA>            NA               NA      NA   <NA>       <NA>          <NA>    <NA>             <NA>                   <NA>       SVM                     <NA>                   NA             NA          mean       NA       <NA>     NA -2.711              NA              <NA>                 NA       NA       NA    <NA>       23

# 2020-08-17 18:04:24 BRT: Elite configurations (first number is the configuration ID; listed from best to worst according to the sum of ranks):
          dataset  job_id cutoff metafolds           task sparse f_eng1    f_eng2 scaling algorithm pre_scaling extraction ext_components       selection lr_C lr_solver multi_class      C kernel rf_estimators criterion_classification criterion_regression max_features max_depth min_samples_leaf solver alpha hidden_layers neurons1 activation n_neighbors weights ab_estimators ab_learning_rate ab_loss whiten svd_solver ica_algorithm ica_fun dl_fit_algorithm dl_transform_algorithm sel_model sel_score_classification sel_score_regression sel_percentile sel_threshold max_iter lr_penalty degree   gamma max_depth_value mlp_learning_rate learning_rate_init neurons2 neurons3 lr_dual
245 fashion-mnist 1585345     30         3 classification  False   none Selection    True       SVM       False       <NA>             NA SelectFromModel   NA      <NA>        <NA> 0.4652    rbf            NA                     <NA>                   NA           NA      <NA>               NA   <NA>    NA            NA       NA       <NA>          NA    <NA>            NA               NA      NA   <NA>       <NA>          <NA>    <NA>             <NA>                   <NA>       SVM                     <NA>                   NA             NA          mean       NA       <NA>     NA -2.7110              NA              <NA>                 NA       NA       NA    <NA>
189 fashion-mnist 1585345     30         3 classification  False   none      none    True       SVM        <NA>       <NA>             NA            <NA>   NA      <NA>        <NA> 0.9548    rbf            NA                     <NA>                   NA           NA      <NA>               NA   <NA>    NA            NA       NA       <NA>          NA    <NA>            NA               NA      NA   <NA>       <NA>          <NA>    <NA>             <NA>                   <NA>      <NA>                     <NA>                   NA             NA          <NA>       NA       <NA>     NA -3.1648              NA              <NA>                 NA       NA       NA    <NA>
248 fashion-mnist 1585345     30         3 classification  False   none Selection    True       SVM       False       <NA>             NA SelectFromModel   NA      <NA>        <NA> 1.2307    rbf            NA                     <NA>                   NA           NA      <NA>               NA   <NA>    NA            NA       NA       <NA>          NA    <NA>            NA               NA      NA   <NA>       <NA>          <NA>    <NA>             <NA>                   <NA>       SVM                     <NA>                   NA             NA          mean       NA       <NA>     NA -2.2385              NA              <NA>                 NA       NA       NA    <NA>
286 fashion-mnist 1585345     30         3 classification  False   none      none    True       SVM        <NA>       <NA>             NA            <NA>   NA      <NA>        <NA> 1.4063    rbf            NA                     <NA>                   NA           NA      <NA>               NA   <NA>    NA            NA       NA       <NA>          NA    <NA>            NA               NA      NA   <NA>       <NA>          <NA>    <NA>             <NA>                   <NA>      <NA>                     <NA>                   NA             NA          <NA>       NA       <NA>     NA -3.7576              NA              <NA>                 NA       NA       NA    <NA>
321 fashion-mnist 1585345     30         3 classification  False   none      none    True       SVM        <NA>       <NA>             NA            <NA>   NA      <NA>        <NA> 1.2091    rbf            NA                     <NA>                   NA           NA      <NA>               NA   <NA>    NA            NA       NA       <NA>          NA    <NA>            NA               NA      NA   <NA>       <NA>          <NA>    <NA>             <NA>                   <NA>      <NA>                     <NA>                   NA             NA          <NA>       NA       <NA>     NA -2.9850              NA              <NA>                 NA       NA       NA    <NA>
337 fashion-mnist 1585345     30         3 classification  False   none      none    True       SVM        <NA>       <NA>             NA            <NA>   NA      <NA>        <NA> 1.9608    rbf            NA                     <NA>                   NA           NA      <NA>               NA   <NA>    NA            NA       NA       <NA>          NA    <NA>            NA               NA      NA   <NA>       <NA>          <NA>    <NA>             <NA>                   <NA>      <NA>                     <NA>                   NA             NA          <NA>       NA       <NA>     NA -4.3403              NA              <NA>                 NA       NA       NA    <NA>
350 fashion-mnist 1585345     30         3 classification  False   none      none    True       SVM        <NA>       <NA>             NA            <NA>   NA      <NA>        <NA> 1.0030    rbf            NA                     <NA>                   NA           NA      <NA>               NA   <NA>    NA            NA       NA       <NA>          NA    <NA>            NA               NA      NA   <NA>       <NA>          <NA>    <NA>             <NA>                   <NA>      <NA>                     <NA>                   NA             NA          <NA>       NA       <NA>     NA -3.1619              NA              <NA>                 NA       NA       NA    <NA>
# 2020-08-17 18:04:24 BRT: Iteration 10 of 10
# experimentsUsedSoFar: 1871
# remainingBudget: 129
# currentBudget: 129
# nbConfigurations: 15
  Markers:
     x No test is performed.
     - The test is performed and some configurations are discarded.
     = The test is performed but no configuration is discarded.
     ! The test is performed and configurations could be discarded but elite configurations are preserved.
     . All alive configurations are elite and nothing is discarded

+-+-----------+-----------+-----------+---------------+-----------+--------+-----+----+------+
| |   Instance|      Alive|       Best|      Mean best| Exp so far|  W time|  rho|KenW|  Qvar|
+-+-----------+-----------+-----------+---------------+-----------+--------+-----+----+------+
|x|         14|         15|        245|  -0.8435555556|         15|00:12:07|   NA|  NA|    NA|
|x|          4|         15|        245|  -0.8439444444|         24|00:09:54|+1.00|1.00|0.0004|
|x|          1|         15|        350|  -0.8430370370|         32|00:09:40|+0.60|0.73|0.7850|
|x|          5|         15|        350|  -0.8440000000|         43|00:09:42|+0.68|0.76|0.5896|
|!|          6|          8|        350|  -0.8421333333|         54|00:09:33|+0.45|0.56|0.5999|
|-|          3|          8|        245|    715827882.0|         58|00:01:09|+0.38|0.48|0.5266|
|-|          9|          8|        245|    613566755.8|         62|00:01:09|+0.43|0.51|0.4898|
|-|         10|          8|        245|    536870911.3|         63|00:01:07|+0.42|0.50|0.4882|
|-|          2|          8|        365|  -0.8412469136|         67|00:01:09|+0.35|0.42|0.6364|
|-|         12|          8|        245|    858993458.5|         68|00:01:06|+0.39|0.45|0.5886|
|-|          7|          8|        245|    780903144.0|         70|00:01:07|+0.42|0.48|0.5464|
|-|         13|          8|        245|    715827882.0|         71|00:01:06|+0.45|0.49|0.5096|
|!|          8|          6|        245|    660764198.7|         72|00:01:06|+0.29|0.34|0.5898|
+-+-----------+-----------+-----------+---------------+-----------+--------+-----+----+------+
Best-so-far configuration:         245    mean value:     920350134.2
Description of the best-so-far configuration:
    .ID.       dataset  job_id cutoff metafolds           task sparse f_eng1    f_eng2 scaling algorithm pre_scaling extraction ext_components       selection lr_C lr_solver multi_class      C kernel rf_estimators criterion_classification criterion_regression max_features max_depth min_samples_leaf solver alpha hidden_layers neurons1 activation n_neighbors weights ab_estimators ab_learning_rate ab_loss whiten svd_solver ica_algorithm ica_fun dl_fit_algorithm dl_transform_algorithm sel_model sel_score_classification sel_score_regression sel_percentile sel_threshold max_iter lr_penalty degree  gamma max_depth_value mlp_learning_rate learning_rate_init neurons2 neurons3 lr_dual .PARENT.
245  245 fashion-mnist 1585345     30         3 classification  False   none Selection    True       SVM       False       <NA>             NA SelectFromModel   NA      <NA>        <NA> 0.4652    rbf            NA                     <NA>                   NA           NA      <NA>               NA   <NA>    NA            NA       NA       <NA>          NA    <NA>            NA               NA      NA   <NA>       <NA>          <NA>    <NA>             <NA>                   <NA>       SVM                     <NA>                   NA             NA          mean       NA       <NA>     NA -2.711              NA              <NA>                 NA       NA       NA    <NA>       23

# 2020-08-17 19:04:26 BRT: Elite configurations (first number is the configuration ID; listed from best to worst according to the sum of ranks):
          dataset  job_id cutoff metafolds           task sparse f_eng1    f_eng2 scaling algorithm pre_scaling extraction ext_components       selection lr_C lr_solver multi_class      C kernel rf_estimators criterion_classification criterion_regression max_features max_depth min_samples_leaf solver alpha hidden_layers neurons1 activation n_neighbors weights ab_estimators ab_learning_rate ab_loss whiten svd_solver ica_algorithm ica_fun dl_fit_algorithm dl_transform_algorithm sel_model sel_score_classification sel_score_regression sel_percentile sel_threshold max_iter lr_penalty degree   gamma max_depth_value mlp_learning_rate learning_rate_init neurons2 neurons3 lr_dual
245 fashion-mnist 1585345     30         3 classification  False   none Selection    True       SVM       False       <NA>             NA SelectFromModel   NA      <NA>        <NA> 0.4652    rbf            NA                     <NA>                   NA           NA      <NA>               NA   <NA>    NA            NA       NA       <NA>          NA    <NA>            NA               NA      NA   <NA>       <NA>          <NA>    <NA>             <NA>                   <NA>       SVM                     <NA>                   NA             NA          mean       NA       <NA>     NA -2.7110              NA              <NA>                 NA       NA       NA    <NA>
189 fashion-mnist 1585345     30         3 classification  False   none      none    True       SVM        <NA>       <NA>             NA            <NA>   NA      <NA>        <NA> 0.9548    rbf            NA                     <NA>                   NA           NA      <NA>               NA   <NA>    NA            NA       NA       <NA>          NA    <NA>            NA               NA      NA   <NA>       <NA>          <NA>    <NA>             <NA>                   <NA>      <NA>                     <NA>                   NA             NA          <NA>       NA       <NA>     NA -3.1648              NA              <NA>                 NA       NA       NA    <NA>
248 fashion-mnist 1585345     30         3 classification  False   none Selection    True       SVM       False       <NA>             NA SelectFromModel   NA      <NA>        <NA> 1.2307    rbf            NA                     <NA>                   NA           NA      <NA>               NA   <NA>    NA            NA       NA       <NA>          NA    <NA>            NA               NA      NA   <NA>       <NA>          <NA>    <NA>             <NA>                   <NA>       SVM                     <NA>                   NA             NA          mean       NA       <NA>     NA -2.2385              NA              <NA>                 NA       NA       NA    <NA>
286 fashion-mnist 1585345     30         3 classification  False   none      none    True       SVM        <NA>       <NA>             NA            <NA>   NA      <NA>        <NA> 1.4063    rbf            NA                     <NA>                   NA           NA      <NA>               NA   <NA>    NA            NA       NA       <NA>          NA    <NA>            NA               NA      NA   <NA>       <NA>          <NA>    <NA>             <NA>                   <NA>      <NA>                     <NA>                   NA             NA          <NA>       NA       <NA>     NA -3.7576              NA              <NA>                 NA       NA       NA    <NA>
350 fashion-mnist 1585345     30         3 classification  False   none      none    True       SVM        <NA>       <NA>             NA            <NA>   NA      <NA>        <NA> 1.0030    rbf            NA                     <NA>                   NA           NA      <NA>               NA   <NA>    NA            NA       NA       <NA>          NA    <NA>            NA               NA      NA   <NA>       <NA>          <NA>    <NA>             <NA>                   <NA>      <NA>                     <NA>                   NA             NA          <NA>       NA       <NA>     NA -3.1619              NA              <NA>                 NA       NA       NA    <NA>
365 fashion-mnist 1585345     30         3 classification  False   none Selection    True       SVM       False       <NA>             NA SelectFromModel   NA      <NA>        <NA> 4.5299    rbf            NA                     <NA>                   NA           NA      <NA>               NA   <NA>    NA            NA       NA       <NA>          NA    <NA>            NA               NA      NA   <NA>       <NA>          <NA>    <NA>             <NA>                   <NA>       SVM                     <NA>                   NA             NA          mean       NA       <NA>     NA -2.6481              NA              <NA>                 NA       NA       NA    <NA>
# 2020-08-17 19:04:26 BRT: Iteration 11 of 11
# experimentsUsedSoFar: 1943
# remainingBudget: 57
# currentBudget: 57
# nbConfigurations: 9
  Markers:
     x No test is performed.
     - The test is performed and some configurations are discarded.
     = The test is performed but no configuration is discarded.
     ! The test is performed and configurations could be discarded but elite configurations are preserved.
     . All alive configurations are elite and nothing is discarded

+-+-----------+-----------+-----------+---------------+-----------+--------+-----+----+------+
| |   Instance|      Alive|       Best|      Mean best| Exp so far|  W time|  rho|KenW|  Qvar|
+-+-----------+-----------+-----------+---------------+-----------+--------+-----+----+------+
|x|         15|          9|        245|  -0.8507777778|          9|00:04:28|   NA|  NA|    NA|
|x|          4|          9|        245|  -0.8475555556|         12|00:01:21|+0.95|0.97|0.0010|
|x|          3|          9|        245|  -0.8454074074|         15|00:01:38|+0.84|0.90|0.0024|
|x|          9|          9|        245|  -0.8452500000|         18|00:01:21|+0.86|0.90|0.0031|
|!|         13|          6|        245|  -0.8451555556|         21|00:01:21|+0.47|0.57|0.2827|
|.|         14|          6|        245|  -0.8448888889|         21|23:59:59|+0.52|0.60|0.2469|
|.|          2|          6|        245|    613566755.8|         21|23:59:59|+0.33|0.43|0.5241|
|.|          1|          6|        245|    1073741823.|         21|23:59:59|+0.25|0.35|0.6538|
|.|          6|          6|        245|    954437176.2|         21|23:59:59|+0.24|0.33|0.6677|
+-+-----------+-----------+-----------+---------------+-----------+--------+-----+----+------+
Best-so-far configuration:         245    mean value:     858993458.5
Description of the best-so-far configuration:
    .ID.       dataset  job_id cutoff metafolds           task sparse f_eng1    f_eng2 scaling algorithm pre_scaling extraction ext_components       selection lr_C lr_solver multi_class      C kernel rf_estimators criterion_classification criterion_regression max_features max_depth min_samples_leaf solver alpha hidden_layers neurons1 activation n_neighbors weights ab_estimators ab_learning_rate ab_loss whiten svd_solver ica_algorithm ica_fun dl_fit_algorithm dl_transform_algorithm sel_model sel_score_classification sel_score_regression sel_percentile sel_threshold max_iter lr_penalty degree  gamma max_depth_value mlp_learning_rate learning_rate_init neurons2 neurons3 lr_dual .PARENT.
245  245 fashion-mnist 1585345     30         3 classification  False   none Selection    True       SVM       False       <NA>             NA SelectFromModel   NA      <NA>        <NA> 0.4652    rbf            NA                     <NA>                   NA           NA      <NA>               NA   <NA>    NA            NA       NA       <NA>          NA    <NA>            NA               NA      NA   <NA>       <NA>          <NA>    <NA>             <NA>                   <NA>       SVM                     <NA>                   NA             NA          mean       NA       <NA>     NA -2.711              NA              <NA>                 NA       NA       NA    <NA>       23

# 2020-08-17 19:14:38 BRT: Elite configurations (first number is the configuration ID; listed from best to worst according to the sum of ranks):
          dataset  job_id cutoff metafolds           task sparse f_eng1    f_eng2 scaling algorithm pre_scaling extraction ext_components       selection lr_C lr_solver multi_class      C kernel rf_estimators criterion_classification criterion_regression max_features max_depth min_samples_leaf solver alpha hidden_layers neurons1 activation n_neighbors weights ab_estimators ab_learning_rate ab_loss whiten svd_solver ica_algorithm ica_fun dl_fit_algorithm dl_transform_algorithm sel_model sel_score_classification sel_score_regression sel_percentile sel_threshold max_iter lr_penalty degree   gamma max_depth_value mlp_learning_rate learning_rate_init neurons2 neurons3 lr_dual
245 fashion-mnist 1585345     30         3 classification  False   none Selection    True       SVM       False       <NA>             NA SelectFromModel   NA      <NA>        <NA> 0.4652    rbf            NA                     <NA>                   NA           NA      <NA>               NA   <NA>    NA            NA       NA       <NA>          NA    <NA>            NA               NA      NA   <NA>       <NA>          <NA>    <NA>             <NA>                   <NA>       SVM                     <NA>                   NA             NA          mean       NA       <NA>     NA -2.7110              NA              <NA>                 NA       NA       NA    <NA>
189 fashion-mnist 1585345     30         3 classification  False   none      none    True       SVM        <NA>       <NA>             NA            <NA>   NA      <NA>        <NA> 0.9548    rbf            NA                     <NA>                   NA           NA      <NA>               NA   <NA>    NA            NA       NA       <NA>          NA    <NA>            NA               NA      NA   <NA>       <NA>          <NA>    <NA>             <NA>                   <NA>      <NA>                     <NA>                   NA             NA          <NA>       NA       <NA>     NA -3.1648              NA              <NA>                 NA       NA       NA    <NA>
248 fashion-mnist 1585345     30         3 classification  False   none Selection    True       SVM       False       <NA>             NA SelectFromModel   NA      <NA>        <NA> 1.2307    rbf            NA                     <NA>                   NA           NA      <NA>               NA   <NA>    NA            NA       NA       <NA>          NA    <NA>            NA               NA      NA   <NA>       <NA>          <NA>    <NA>             <NA>                   <NA>       SVM                     <NA>                   NA             NA          mean       NA       <NA>     NA -2.2385              NA              <NA>                 NA       NA       NA    <NA>
286 fashion-mnist 1585345     30         3 classification  False   none      none    True       SVM        <NA>       <NA>             NA            <NA>   NA      <NA>        <NA> 1.4063    rbf            NA                     <NA>                   NA           NA      <NA>               NA   <NA>    NA            NA       NA       <NA>          NA    <NA>            NA               NA      NA   <NA>       <NA>          <NA>    <NA>             <NA>                   <NA>      <NA>                     <NA>                   NA             NA          <NA>       NA       <NA>     NA -3.7576              NA              <NA>                 NA       NA       NA    <NA>
350 fashion-mnist 1585345     30         3 classification  False   none      none    True       SVM        <NA>       <NA>             NA            <NA>   NA      <NA>        <NA> 1.0030    rbf            NA                     <NA>                   NA           NA      <NA>               NA   <NA>    NA            NA       NA       <NA>          NA    <NA>            NA               NA      NA   <NA>       <NA>          <NA>    <NA>             <NA>                   <NA>      <NA>                     <NA>                   NA             NA          <NA>       NA       <NA>     NA -3.1619              NA              <NA>                 NA       NA       NA    <NA>
365 fashion-mnist 1585345     30         3 classification  False   none Selection    True       SVM       False       <NA>             NA SelectFromModel   NA      <NA>        <NA> 4.5299    rbf            NA                     <NA>                   NA           NA      <NA>               NA   <NA>    NA            NA       NA       <NA>          NA    <NA>            NA               NA      NA   <NA>       <NA>          <NA>    <NA>             <NA>                   <NA>       SVM                     <NA>                   NA             NA          mean       NA       <NA>     NA -2.6481              NA              <NA>                 NA       NA       NA    <NA>
# 2020-08-17 19:14:38 BRT: Stopped because there is not enough budget left to race more than the minimum (7)
# You may either increase the budget or set 'minNbSurvival' to a lower value
# Iteration: 12
# nbIterations: 12
# experimentsUsedSoFar: 1964
# timeUsed: 0
# remainingBudget: 36
# currentBudget: 36
# number of elites: 6
# nbConfigurations: 7
# Best configurations (first number is the configuration ID; listed from best to worst according to the sum of ranks):
          dataset  job_id cutoff metafolds           task sparse f_eng1    f_eng2 scaling algorithm pre_scaling extraction ext_components       selection lr_C lr_solver multi_class      C kernel rf_estimators criterion_classification criterion_regression max_features max_depth min_samples_leaf solver alpha hidden_layers neurons1 activation n_neighbors weights ab_estimators ab_learning_rate ab_loss whiten svd_solver ica_algorithm ica_fun dl_fit_algorithm dl_transform_algorithm sel_model sel_score_classification sel_score_regression sel_percentile sel_threshold max_iter lr_penalty degree   gamma max_depth_value mlp_learning_rate learning_rate_init neurons2 neurons3 lr_dual
245 fashion-mnist 1585345     30         3 classification  False   none Selection    True       SVM       False       <NA>             NA SelectFromModel   NA      <NA>        <NA> 0.4652    rbf            NA                     <NA>                   NA           NA      <NA>               NA   <NA>    NA            NA       NA       <NA>          NA    <NA>            NA               NA      NA   <NA>       <NA>          <NA>    <NA>             <NA>                   <NA>       SVM                     <NA>                   NA             NA          mean       NA       <NA>     NA -2.7110              NA              <NA>                 NA       NA       NA    <NA>
189 fashion-mnist 1585345     30         3 classification  False   none      none    True       SVM        <NA>       <NA>             NA            <NA>   NA      <NA>        <NA> 0.9548    rbf            NA                     <NA>                   NA           NA      <NA>               NA   <NA>    NA            NA       NA       <NA>          NA    <NA>            NA               NA      NA   <NA>       <NA>          <NA>    <NA>             <NA>                   <NA>      <NA>                     <NA>                   NA             NA          <NA>       NA       <NA>     NA -3.1648              NA              <NA>                 NA       NA       NA    <NA>
248 fashion-mnist 1585345     30         3 classification  False   none Selection    True       SVM       False       <NA>             NA SelectFromModel   NA      <NA>        <NA> 1.2307    rbf            NA                     <NA>                   NA           NA      <NA>               NA   <NA>    NA            NA       NA       <NA>          NA    <NA>            NA               NA      NA   <NA>       <NA>          <NA>    <NA>             <NA>                   <NA>       SVM                     <NA>                   NA             NA          mean       NA       <NA>     NA -2.2385              NA              <NA>                 NA       NA       NA    <NA>
286 fashion-mnist 1585345     30         3 classification  False   none      none    True       SVM        <NA>       <NA>             NA            <NA>   NA      <NA>        <NA> 1.4063    rbf            NA                     <NA>                   NA           NA      <NA>               NA   <NA>    NA            NA       NA       <NA>          NA    <NA>            NA               NA      NA   <NA>       <NA>          <NA>    <NA>             <NA>                   <NA>      <NA>                     <NA>                   NA             NA          <NA>       NA       <NA>     NA -3.7576              NA              <NA>                 NA       NA       NA    <NA>
350 fashion-mnist 1585345     30         3 classification  False   none      none    True       SVM        <NA>       <NA>             NA            <NA>   NA      <NA>        <NA> 1.0030    rbf            NA                     <NA>                   NA           NA      <NA>               NA   <NA>    NA            NA       NA       <NA>          NA    <NA>            NA               NA      NA   <NA>       <NA>          <NA>    <NA>             <NA>                   <NA>      <NA>                     <NA>                   NA             NA          <NA>       NA       <NA>     NA -3.1619              NA              <NA>                 NA       NA       NA    <NA>
365 fashion-mnist 1585345     30         3 classification  False   none Selection    True       SVM       False       <NA>             NA SelectFromModel   NA      <NA>        <NA> 4.5299    rbf            NA                     <NA>                   NA           NA      <NA>               NA   <NA>    NA            NA       NA       <NA>          NA    <NA>            NA               NA      NA   <NA>       <NA>          <NA>    <NA>             <NA>                   <NA>       SVM                     <NA>                   NA             NA          mean       NA       <NA>     NA -2.6481              NA              <NA>                 NA       NA       NA    <NA>
# Best configurations as commandlines (first number is the configuration ID; same order as above):
245  --dataset fashion-mnist --job_id 1585345 --cutoff 30 --metafolds 3 --task classification --sparse False --f_eng1 none --f_eng2 Selection --pre_scaling False --selection SelectFromModel --sel_model SVM --sel_threshold mean --scaling True --algorithm SVM --C 0.4652 --kernel rbf --gamma -2.711
189  --dataset fashion-mnist --job_id 1585345 --cutoff 30 --metafolds 3 --task classification --sparse False --f_eng1 none --f_eng2 none --scaling True --algorithm SVM --C 0.9548 --kernel rbf --gamma -3.1648
248  --dataset fashion-mnist --job_id 1585345 --cutoff 30 --metafolds 3 --task classification --sparse False --f_eng1 none --f_eng2 Selection --pre_scaling False --selection SelectFromModel --sel_model SVM --sel_threshold mean --scaling True --algorithm SVM --C 1.2307 --kernel rbf --gamma -2.2385
286  --dataset fashion-mnist --job_id 1585345 --cutoff 30 --metafolds 3 --task classification --sparse False --f_eng1 none --f_eng2 none --scaling True --algorithm SVM --C 1.4063 --kernel rbf --gamma -3.7576
350  --dataset fashion-mnist --job_id 1585345 --cutoff 30 --metafolds 3 --task classification --sparse False --f_eng1 none --f_eng2 none --scaling True --algorithm SVM --C 1.003 --kernel rbf --gamma -3.1619
365  --dataset fashion-mnist --job_id 1585345 --cutoff 30 --metafolds 3 --task classification --sparse False --f_eng1 none --f_eng2 Selection --pre_scaling False --selection SelectFromModel --sel_model SVM --sel_threshold mean --scaling True --algorithm SVM --C 4.5299 --kernel rbf --gamma -2.6481
