*******************************************************************************
* irace: An implementation in R of Iterated Race
* Version: 3.1.2112M
* Copyright (C) 2010-2018
* Manuel Lopez-Ibanez     <manuel.lopez-ibanez@manchester.ac.uk>
* Jeremie Dubois-Lacoste  
* Leslie Perez Caceres    <leslie.perez.caceres@ulb.ac.be>
*
* This is free software, and you are welcome to redistribute it under certain
* conditions.  See the GNU General Public License for details. There is NO
* WARRANTY; not even for MERCHANTABILITY or FITNESS FOR A PARTICULAR PURPOSE.
*
* irace builds upon previous code from the race package:
*
* race: Racing methods for the selection of the best
* Copyright (C) 2003 Mauro Birattari
*******************************************************************************
# installed at: /home/cemvieira/bin/R/irace
# called with: -s scenario.txt --max-experiments 2000 -p ./fashion-mnist/parameters-1585349.txt --parallel 32 --train-instances-file fashion-mnist/new-instances.txt --log-file ./output/fashion-mnist/fashion-mnist-1f2k10m-irace-1585349.Rdata
# 8 expression(s) specifying forbidden configurations read from '/home/cemvieira/isklearn/forbidden.txt'
# 2020-08-16 20:47:16 BRT: Initialization
# Elitist race
# Elitist new instances: 1
# Elitist limit: 2
# nbIterations: 7
# minNbSurvival: 7
# nbParameters: 50
# seed: 2037198011
# confidence level: 0.95
# budget: 2000
# mu: 5
# deterministic: TRUE

# 2020-08-16 20:47:16 BRT: Iteration 1 of 7
# experimentsUsedSoFar: 0
# remainingBudget: 2000
# currentBudget: 285
# nbConfigurations: 47
  Markers:
     x No test is performed.
     - The test is performed and some configurations are discarded.
     = The test is performed but no configuration is discarded.
     ! The test is performed and configurations could be discarded but elite configurations are preserved.
     . All alive configurations are elite and nothing is discarded

+-+-----------+-----------+-----------+---------------+-----------+--------+-----+----+------+
| |   Instance|      Alive|       Best|      Mean best| Exp so far|  W time|  rho|KenW|  Qvar|
+-+-----------+-----------+-----------+---------------+-----------+--------+-----+----+------+
|x|          1|         47|         42|  -0.8066666667|         47|00:20:00|   NA|  NA|    NA|
|x|          2|         47|         42|  -0.8061666667|         94|00:20:01|+0.90|0.95|0.0948|
|x|          3|         47|         42|  -0.8134444444|        141|00:20:01|+0.93|0.95|0.0632|
|x|          4|         47|         42|  -0.8181666667|        188|00:20:00|+0.94|0.96|0.0561|
|!|          5|          4|         42|  -0.8187333333|        235|00:20:01|+0.88|0.90|0.0089|
+-+-----------+-----------+-----------+---------------+-----------+--------+-----+----+------+
Best-so-far configuration:          42    mean value:   -0.8187333333
Description of the best-so-far configuration:
   .ID.       dataset  job_id cutoff metafolds           task sparse f_eng1 f_eng2 scaling algorithm pre_scaling extraction ext_components selection lr_C lr_solver multi_class       C kernel rf_estimators criterion_classification criterion_regression max_features max_depth min_samples_leaf solver alpha hidden_layers neurons1 activation n_neighbors weights ab_estimators ab_learning_rate ab_loss whiten svd_solver ica_algorithm ica_fun dl_fit_algorithm dl_transform_algorithm sel_model sel_score_classification sel_score_regression sel_percentile sel_threshold max_iter lr_penalty degree   gamma max_depth_value mlp_learning_rate learning_rate_init neurons2 neurons3 lr_dual .PARENT.
42   42 fashion-mnist 1585349     10         1 classification  False   none   none   False       SVM        <NA>       <NA>             NA      <NA>   NA      <NA>        <NA> -1.9032   poly            NA                     <NA>                   NA           NA      <NA>               NA   <NA>    NA            NA       NA       <NA>          NA    <NA>            NA               NA      NA   <NA>       <NA>          <NA>    <NA>             <NA>                   <NA>      <NA>                     <NA>                   NA             NA          <NA>       NA       <NA>      2 -3.8211              NA              <NA>                 NA       NA       NA      NA       NA

# 2020-08-16 22:27:23 BRT: Elite configurations (first number is the configuration ID; listed from best to worst according to the sum of ranks):
         dataset  job_id cutoff metafolds           task sparse    f_eng1     f_eng2 scaling  algorithm pre_scaling extraction ext_components       selection lr_C lr_solver multi_class       C kernel rf_estimators criterion_classification criterion_regression max_features max_depth min_samples_leaf solver alpha hidden_layers neurons1 activation n_neighbors  weights ab_estimators ab_learning_rate ab_loss whiten svd_solver ica_algorithm ica_fun dl_fit_algorithm dl_transform_algorithm    sel_model sel_score_classification sel_score_regression sel_percentile sel_threshold max_iter lr_penalty degree   gamma max_depth_value mlp_learning_rate learning_rate_init neurons2 neurons3 lr_dual
42 fashion-mnist 1585349     10         1 classification  False      none       none   False        SVM        <NA>       <NA>             NA            <NA>   NA      <NA>        <NA> -1.9032   poly            NA                     <NA>                   NA           NA      <NA>               NA   <NA>    NA            NA       NA       <NA>          NA     <NA>            NA               NA      NA   <NA>       <NA>          <NA>    <NA>             <NA>                   <NA>         <NA>                     <NA>                   NA             NA          <NA>       NA       <NA>      2 -3.8211              NA              <NA>                 NA       NA       NA      NA
20 fashion-mnist 1585349     10         1 classification  False Selection Extraction    True        SVM       False        PCA         0.3692 SelectFromModel   NA      <NA>        <NA> -2.6630   poly            NA                     <NA>                   NA           NA      <NA>               NA   <NA>    NA            NA       NA       <NA>          NA     <NA>            NA               NA      NA  False randomized          <NA>    <NA>             <NA>                   <NA> RandomForest                     <NA>                   NA             NA          mean       NA       <NA>      1 -0.0091              NA              <NA>                 NA       NA       NA      NA
31 fashion-mnist 1585349     10         1 classification  False Selection       none    True KNeighbors       False       <NA>             NA SelectFromModel   NA      <NA>        <NA>      NA   <NA>            NA                     <NA>                   NA           NA      <NA>               NA   <NA>    NA            NA       NA       <NA>          39 distance            NA               NA      NA   <NA>       <NA>          <NA>    <NA>             <NA>                   <NA> DecisionTree                     <NA>                   NA             NA          mean       NA       <NA>     NA      NA              NA              <NA>                 NA       NA       NA      NA
16 fashion-mnist 1585349     10         1 classification  False Selection Extraction   False KNeighbors        True        PCA         0.3742 SelectFromModel   NA      <NA>        <NA>      NA   <NA>            NA                     <NA>                   NA           NA      <NA>               NA   <NA>    NA            NA       NA       <NA>          48  uniform            NA               NA      NA  False       auto          <NA>    <NA>             <NA>                   <NA> RandomForest                     <NA>                   NA             NA        median       NA       <NA>     NA      NA              NA              <NA>                 NA       NA       NA      NA
# 2020-08-16 22:27:23 BRT: Iteration 2 of 7
# experimentsUsedSoFar: 235
# remainingBudget: 1765
# currentBudget: 294
# nbConfigurations: 44
  Markers:
     x No test is performed.
     - The test is performed and some configurations are discarded.
     = The test is performed but no configuration is discarded.
     ! The test is performed and configurations could be discarded but elite configurations are preserved.
     . All alive configurations are elite and nothing is discarded

+-+-----------+-----------+-----------+---------------+-----------+--------+-----+----+------+
| |   Instance|      Alive|       Best|      Mean best| Exp so far|  W time|  rho|KenW|  Qvar|
+-+-----------+-----------+-----------+---------------+-----------+--------+-----+----+------+
|x|          6|         44|         42|  -0.8140000000|         44|00:20:01|   NA|  NA|    NA|
|x|          3|         44|         42|  -0.8210000000|         84|00:20:00|+1.00|1.00|0.0000|
|x|          2|         44|         42|  -0.8158888889|        124|00:20:00|+1.00|1.00|0.0000|
|x|          4|         44|         42|  -0.8200000000|        164|00:20:00|+1.00|1.00|0.0000|
|!|          1|          4|         42|  -0.8173333333|        204|00:20:00|+0.88|0.90|0.0085|
|.|          5|          4|         42|  -0.8179444444|        204|23:59:59|+0.89|0.91|0.0072|
+-+-----------+-----------+-----------+---------------+-----------+--------+-----+----+------+
Best-so-far configuration:          42    mean value:   -0.8179444444
Description of the best-so-far configuration:
   .ID.       dataset  job_id cutoff metafolds           task sparse f_eng1 f_eng2 scaling algorithm pre_scaling extraction ext_components selection lr_C lr_solver multi_class       C kernel rf_estimators criterion_classification criterion_regression max_features max_depth min_samples_leaf solver alpha hidden_layers neurons1 activation n_neighbors weights ab_estimators ab_learning_rate ab_loss whiten svd_solver ica_algorithm ica_fun dl_fit_algorithm dl_transform_algorithm sel_model sel_score_classification sel_score_regression sel_percentile sel_threshold max_iter lr_penalty degree   gamma max_depth_value mlp_learning_rate learning_rate_init neurons2 neurons3 lr_dual .PARENT.
42   42 fashion-mnist 1585349     10         1 classification  False   none   none   False       SVM        <NA>       <NA>             NA      <NA>   NA      <NA>        <NA> -1.9032   poly            NA                     <NA>                   NA           NA      <NA>               NA   <NA>    NA            NA       NA       <NA>          NA    <NA>            NA               NA      NA   <NA>       <NA>          <NA>    <NA>             <NA>                   <NA>      <NA>                     <NA>                   NA             NA          <NA>       NA       <NA>      2 -3.8211              NA              <NA>                 NA       NA       NA    <NA>       NA

# 2020-08-17 00:07:28 BRT: Elite configurations (first number is the configuration ID; listed from best to worst according to the sum of ranks):
         dataset  job_id cutoff metafolds           task sparse    f_eng1     f_eng2 scaling  algorithm pre_scaling extraction ext_components       selection lr_C lr_solver multi_class       C kernel rf_estimators criterion_classification criterion_regression max_features max_depth min_samples_leaf solver alpha hidden_layers neurons1 activation n_neighbors  weights ab_estimators ab_learning_rate ab_loss whiten svd_solver ica_algorithm ica_fun dl_fit_algorithm dl_transform_algorithm    sel_model sel_score_classification sel_score_regression sel_percentile sel_threshold max_iter lr_penalty degree   gamma max_depth_value mlp_learning_rate learning_rate_init neurons2 neurons3 lr_dual
42 fashion-mnist 1585349     10         1 classification  False      none       none   False        SVM        <NA>       <NA>             NA            <NA>   NA      <NA>        <NA> -1.9032   poly            NA                     <NA>                   NA           NA      <NA>               NA   <NA>    NA            NA       NA       <NA>          NA     <NA>            NA               NA      NA   <NA>       <NA>          <NA>    <NA>             <NA>                   <NA>         <NA>                     <NA>                   NA             NA          <NA>       NA       <NA>      2 -3.8211              NA              <NA>                 NA       NA       NA    <NA>
20 fashion-mnist 1585349     10         1 classification  False Selection Extraction    True        SVM       False        PCA         0.3692 SelectFromModel   NA      <NA>        <NA> -2.6630   poly            NA                     <NA>                   NA           NA      <NA>               NA   <NA>    NA            NA       NA       <NA>          NA     <NA>            NA               NA      NA  False randomized          <NA>    <NA>             <NA>                   <NA> RandomForest                     <NA>                   NA             NA          mean       NA       <NA>      1 -0.0091              NA              <NA>                 NA       NA       NA    <NA>
31 fashion-mnist 1585349     10         1 classification  False Selection       none    True KNeighbors       False       <NA>             NA SelectFromModel   NA      <NA>        <NA>      NA   <NA>            NA                     <NA>                   NA           NA      <NA>               NA   <NA>    NA            NA       NA       <NA>          39 distance            NA               NA      NA   <NA>       <NA>          <NA>    <NA>             <NA>                   <NA> DecisionTree                     <NA>                   NA             NA          mean       NA       <NA>     NA      NA              NA              <NA>                 NA       NA       NA    <NA>
16 fashion-mnist 1585349     10         1 classification  False Selection Extraction   False KNeighbors        True        PCA         0.3742 SelectFromModel   NA      <NA>        <NA>      NA   <NA>            NA                     <NA>                   NA           NA      <NA>               NA   <NA>    NA            NA       NA       <NA>          48  uniform            NA               NA      NA  False       auto          <NA>    <NA>             <NA>                   <NA> RandomForest                     <NA>                   NA             NA        median       NA       <NA>     NA      NA              NA              <NA>                 NA       NA       NA    <NA>
# 2020-08-17 00:07:28 BRT: Iteration 3 of 7
# experimentsUsedSoFar: 439
# remainingBudget: 1561
# currentBudget: 312
# nbConfigurations: 42
  Markers:
     x No test is performed.
     - The test is performed and some configurations are discarded.
     = The test is performed but no configuration is discarded.
     ! The test is performed and configurations could be discarded but elite configurations are preserved.
     . All alive configurations are elite and nothing is discarded

+-+-----------+-----------+-----------+---------------+-----------+--------+-----+----+------+
| |   Instance|      Alive|       Best|      Mean best| Exp so far|  W time|  rho|KenW|  Qvar|
+-+-----------+-----------+-----------+---------------+-----------+--------+-----+----+------+
|x|          7|         42|         42|  -0.8250000000|         42|00:13:17|   NA|  NA|    NA|
|x|          1|         42|        118|  -0.8188333333|         80|00:12:06|+1.00|1.00|0.0000|
|x|          6|         42|        118|  -0.8216666667|        118|00:12:16|+1.00|1.00|0.0000|
|x|          2|         42|        118|  -0.8206666667|        156|00:12:23|+1.00|1.00|0.0000|
|!|          3|          5|        118|  -0.8226666667|        194|00:12:02|+0.90|0.92|0.0198|
+-+-----------+-----------+-----------+---------------+-----------+--------+-----+----+------+
Best-so-far configuration:          42    mean value:   -0.8189523810
Description of the best-so-far configuration:
   .ID.       dataset  job_id cutoff metafolds           task sparse f_eng1 f_eng2 scaling algorithm pre_scaling extraction ext_components selection lr_C lr_solver multi_class       C kernel rf_estimators criterion_classification criterion_regression max_features max_depth min_samples_leaf solver alpha hidden_layers neurons1 activation n_neighbors weights ab_estimators ab_learning_rate ab_loss whiten svd_solver ica_algorithm ica_fun dl_fit_algorithm dl_transform_algorithm sel_model sel_score_classification sel_score_regression sel_percentile sel_threshold max_iter lr_penalty degree   gamma max_depth_value mlp_learning_rate learning_rate_init neurons2 neurons3 lr_dual .PARENT.
42   42 fashion-mnist 1585349     10         1 classification  False   none   none   False       SVM        <NA>       <NA>             NA      <NA>   NA      <NA>        <NA> -1.9032   poly            NA                     <NA>                   NA           NA      <NA>               NA   <NA>    NA            NA       NA       <NA>          NA    <NA>            NA               NA      NA   <NA>       <NA>          <NA>    <NA>             <NA>                   <NA>      <NA>                     <NA>                   NA             NA          <NA>       NA       <NA>      2 -3.8211              NA              <NA>                 NA       NA       NA    <NA>       NA

# 2020-08-17 01:09:36 BRT: Elite configurations (first number is the configuration ID; listed from best to worst according to the sum of ranks):
          dataset  job_id cutoff metafolds           task sparse    f_eng1     f_eng2 scaling  algorithm pre_scaling extraction ext_components       selection lr_C lr_solver multi_class       C kernel rf_estimators criterion_classification criterion_regression max_features max_depth min_samples_leaf solver alpha hidden_layers neurons1 activation n_neighbors  weights ab_estimators ab_learning_rate ab_loss whiten svd_solver ica_algorithm ica_fun dl_fit_algorithm dl_transform_algorithm    sel_model sel_score_classification sel_score_regression sel_percentile sel_threshold max_iter lr_penalty degree   gamma max_depth_value mlp_learning_rate learning_rate_init neurons2 neurons3 lr_dual
42  fashion-mnist 1585349     10         1 classification  False      none       none   False        SVM        <NA>       <NA>             NA            <NA>   NA      <NA>        <NA> -1.9032   poly            NA                     <NA>                   NA           NA      <NA>               NA   <NA>    NA            NA       NA       <NA>          NA     <NA>            NA               NA      NA   <NA>       <NA>          <NA>    <NA>             <NA>                   <NA>         <NA>                     <NA>                   NA             NA          <NA>       NA       <NA>      2 -3.8211              NA              <NA>                 NA       NA       NA    <NA>
20  fashion-mnist 1585349     10         1 classification  False Selection Extraction    True        SVM       False        PCA         0.3692 SelectFromModel   NA      <NA>        <NA> -2.6630   poly            NA                     <NA>                   NA           NA      <NA>               NA   <NA>    NA            NA       NA       <NA>          NA     <NA>            NA               NA      NA  False randomized          <NA>    <NA>             <NA>                   <NA> RandomForest                     <NA>                   NA             NA          mean       NA       <NA>      1 -0.0091              NA              <NA>                 NA       NA       NA    <NA>
31  fashion-mnist 1585349     10         1 classification  False Selection       none    True KNeighbors       False       <NA>             NA SelectFromModel   NA      <NA>        <NA>      NA   <NA>            NA                     <NA>                   NA           NA      <NA>               NA   <NA>    NA            NA       NA       <NA>          39 distance            NA               NA      NA   <NA>       <NA>          <NA>    <NA>             <NA>                   <NA> DecisionTree                     <NA>                   NA             NA          mean       NA       <NA>     NA      NA              NA              <NA>                 NA       NA       NA    <NA>
16  fashion-mnist 1585349     10         1 classification  False Selection Extraction   False KNeighbors        True        PCA         0.3742 SelectFromModel   NA      <NA>        <NA>      NA   <NA>            NA                     <NA>                   NA           NA      <NA>               NA   <NA>    NA            NA       NA       <NA>          48  uniform            NA               NA      NA  False       auto          <NA>    <NA>             <NA>                   <NA> RandomForest                     <NA>                   NA             NA        median       NA       <NA>     NA      NA              NA              <NA>                 NA       NA       NA    <NA>
118 fashion-mnist 1585349     10         1 classification  False      none  Selection    True        SVM       False       <NA>             NA SelectFromModel   NA      <NA>        <NA> -1.7826 linear            NA                     <NA>                   NA           NA      <NA>               NA   <NA>    NA            NA       NA       <NA>          NA     <NA>            NA               NA      NA   <NA>       <NA>          <NA>    <NA>             <NA>                   <NA>          SVM                     <NA>                   NA             NA          mean       NA       <NA>     NA      NA              NA              <NA>                 NA       NA       NA    <NA>
# 2020-08-17 01:09:36 BRT: Iteration 4 of 7
# experimentsUsedSoFar: 633
# remainingBudget: 1367
# currentBudget: 341
# nbConfigurations: 41
  Markers:
     x No test is performed.
     - The test is performed and some configurations are discarded.
     = The test is performed but no configuration is discarded.
     ! The test is performed and configurations could be discarded but elite configurations are preserved.
     . All alive configurations are elite and nothing is discarded

+-+-----------+-----------+-----------+---------------+-----------+--------+-----+----+------+
| |   Instance|      Alive|       Best|      Mean best| Exp so far|  W time|  rho|KenW|  Qvar|
+-+-----------+-----------+-----------+---------------+-----------+--------+-----+----+------+
|x|          8|         41|        152|  -0.8210000000|         41|00:11:43|   NA|  NA|    NA|
|x|          4|         41|        152|  -0.8290000000|         78|00:11:09|+1.00|1.00|0.0000|
|x|          5|         41|        152|  -0.8340000000|        115|00:11:12|+1.00|1.00|0.0000|
|x|          6|         41|        152|  -0.8334166667|        151|00:11:14|+0.96|0.97|0.0234|
|!|          1|          7|        152|  -0.8321333333|        187|00:11:15|+0.94|0.95|0.0170|
+-+-----------+-----------+-----------+---------------+-----------+--------+-----+----+------+
Best-so-far configuration:         118    mean value:   -0.8237500000
Description of the best-so-far configuration:
    .ID.       dataset  job_id cutoff metafolds           task sparse f_eng1    f_eng2 scaling algorithm pre_scaling extraction ext_components       selection lr_C lr_solver multi_class       C kernel rf_estimators criterion_classification criterion_regression max_features max_depth min_samples_leaf solver alpha hidden_layers neurons1 activation n_neighbors weights ab_estimators ab_learning_rate ab_loss whiten svd_solver ica_algorithm ica_fun dl_fit_algorithm dl_transform_algorithm sel_model sel_score_classification sel_score_regression sel_percentile sel_threshold max_iter lr_penalty degree gamma max_depth_value mlp_learning_rate learning_rate_init neurons2 neurons3 lr_dual .PARENT.
118  118 fashion-mnist 1585349     10         1 classification  False   none Selection    True       SVM       False       <NA>             NA SelectFromModel   NA      <NA>        <NA> -1.7826 linear            NA                     <NA>                   NA           NA      <NA>               NA   <NA>    NA            NA       NA       <NA>          NA    <NA>            NA               NA      NA   <NA>       <NA>          <NA>    <NA>             <NA>                   <NA>       SVM                     <NA>                   NA             NA          mean       NA       <NA>     NA    NA              NA              <NA>                 NA       NA       NA    <NA>       42

# 2020-08-17 02:06:12 BRT: Elite configurations (first number is the configuration ID; listed from best to worst according to the sum of ranks):
          dataset  job_id cutoff metafolds           task sparse    f_eng1     f_eng2 scaling  algorithm pre_scaling extraction ext_components       selection lr_C lr_solver multi_class       C kernel rf_estimators criterion_classification criterion_regression max_features max_depth min_samples_leaf solver alpha hidden_layers neurons1 activation n_neighbors  weights ab_estimators ab_learning_rate ab_loss whiten svd_solver ica_algorithm ica_fun dl_fit_algorithm dl_transform_algorithm    sel_model sel_score_classification sel_score_regression sel_percentile sel_threshold max_iter lr_penalty degree   gamma max_depth_value mlp_learning_rate learning_rate_init neurons2 neurons3 lr_dual
118 fashion-mnist 1585349     10         1 classification  False      none  Selection    True        SVM       False       <NA>             NA SelectFromModel   NA      <NA>        <NA> -1.7826 linear            NA                     <NA>                   NA           NA      <NA>               NA   <NA>    NA            NA       NA       <NA>          NA     <NA>            NA               NA      NA   <NA>       <NA>          <NA>    <NA>             <NA>                   <NA>          SVM                     <NA>                   NA             NA          mean       NA       <NA>     NA      NA              NA              <NA>                 NA       NA       NA    <NA>
42  fashion-mnist 1585349     10         1 classification  False      none       none   False        SVM        <NA>       <NA>             NA            <NA>   NA      <NA>        <NA> -1.9032   poly            NA                     <NA>                   NA           NA      <NA>               NA   <NA>    NA            NA       NA       <NA>          NA     <NA>            NA               NA      NA   <NA>       <NA>          <NA>    <NA>             <NA>                   <NA>         <NA>                     <NA>                   NA             NA          <NA>       NA       <NA>      2 -3.8211              NA              <NA>                 NA       NA       NA    <NA>
20  fashion-mnist 1585349     10         1 classification  False Selection Extraction    True        SVM       False        PCA         0.3692 SelectFromModel   NA      <NA>        <NA> -2.6630   poly            NA                     <NA>                   NA           NA      <NA>               NA   <NA>    NA            NA       NA       <NA>          NA     <NA>            NA               NA      NA  False randomized          <NA>    <NA>             <NA>                   <NA> RandomForest                     <NA>                   NA             NA          mean       NA       <NA>      1 -0.0091              NA              <NA>                 NA       NA       NA    <NA>
31  fashion-mnist 1585349     10         1 classification  False Selection       none    True KNeighbors       False       <NA>             NA SelectFromModel   NA      <NA>        <NA>      NA   <NA>            NA                     <NA>                   NA           NA      <NA>               NA   <NA>    NA            NA       NA       <NA>          39 distance            NA               NA      NA   <NA>       <NA>          <NA>    <NA>             <NA>                   <NA> DecisionTree                     <NA>                   NA             NA          mean       NA       <NA>     NA      NA              NA              <NA>                 NA       NA       NA    <NA>
16  fashion-mnist 1585349     10         1 classification  False Selection Extraction   False KNeighbors        True        PCA         0.3742 SelectFromModel   NA      <NA>        <NA>      NA   <NA>            NA                     <NA>                   NA           NA      <NA>               NA   <NA>    NA            NA       NA       <NA>          48  uniform            NA               NA      NA  False       auto          <NA>    <NA>             <NA>                   <NA> RandomForest                     <NA>                   NA             NA        median       NA       <NA>     NA      NA              NA              <NA>                 NA       NA       NA    <NA>
152 fashion-mnist 1585349     10         1 classification  False      none Extraction   False        SVM       False        PCA         0.2120            <NA>   NA      <NA>        <NA>  0.2408   poly            NA                     <NA>                   NA           NA      <NA>               NA   <NA>    NA            NA       NA       <NA>          NA     <NA>            NA               NA      NA  False randomized          <NA>    <NA>             <NA>                   <NA>         <NA>                     <NA>                   NA             NA          <NA>       NA       <NA>      3 -0.8553              NA              <NA>                 NA       NA       NA    <NA>
156 fashion-mnist 1585349     10         1 classification  False Selection Extraction   False        SVM       False        PCA         0.4422 SelectFromModel   NA      <NA>        <NA> -0.3734   poly            NA                     <NA>                   NA           NA      <NA>               NA   <NA>    NA            NA       NA       <NA>          NA     <NA>            NA               NA      NA  False randomized          <NA>    <NA>             <NA>                   <NA> RandomForest                     <NA>                   NA             NA        median       NA       <NA>      3 -1.3442              NA              <NA>                 NA       NA       NA    <NA>
# 2020-08-17 02:06:12 BRT: Iteration 5 of 7
# experimentsUsedSoFar: 820
# remainingBudget: 1180
# currentBudget: 393
# nbConfigurations: 44
  Markers:
     x No test is performed.
     - The test is performed and some configurations are discarded.
     = The test is performed but no configuration is discarded.
     ! The test is performed and configurations could be discarded but elite configurations are preserved.
     . All alive configurations are elite and nothing is discarded

+-+-----------+-----------+-----------+---------------+-----------+--------+-----+----+------+
| |   Instance|      Alive|       Best|      Mean best| Exp so far|  W time|  rho|KenW|  Qvar|
+-+-----------+-----------+-----------+---------------+-----------+--------+-----+----+------+
|x|          9|         44|        156|  -0.8413333333|         44|00:10:00|   NA|  NA|    NA|
|x|          4|         44|        152|  -0.8388333333|         81|00:10:00|+0.99|1.00|0.0000|
|x|          5|         44|        152|  -0.8405555556|        118|00:10:00|+0.98|0.99|0.0000|
|x|          7|         44|        152|  -0.8397500000|        157|00:10:00|+0.98|0.98|0.0571|
|!|          2|          9|        152|  -0.8348666667|        196|00:10:00|+0.83|0.86|0.0168|
|-|          8|          9|        152|  -0.8325555556|        198|00:00:16|+0.82|0.85|0.0184|
|-|          6|          9|        152|  -0.8324285714|        200|00:00:16|+0.84|0.86|0.0173|
|!|          1|          8|        152|  -0.8317500000|        202|00:00:16|+0.90|0.92|0.0182|
|!|          3|          3|        152|  -0.8326296296|        205|00:00:20|-0.06|0.06|0.7377|
+-+-----------+-----------+-----------+---------------+-----------+--------+-----+----+------+
Best-so-far configuration:         152    mean value:   -0.8326296296
Description of the best-so-far configuration:
    .ID.       dataset  job_id cutoff metafolds           task sparse f_eng1     f_eng2 scaling algorithm pre_scaling extraction ext_components selection lr_C lr_solver multi_class      C kernel rf_estimators criterion_classification criterion_regression max_features max_depth min_samples_leaf solver alpha hidden_layers neurons1 activation n_neighbors weights ab_estimators ab_learning_rate ab_loss whiten svd_solver ica_algorithm ica_fun dl_fit_algorithm dl_transform_algorithm sel_model sel_score_classification sel_score_regression sel_percentile sel_threshold max_iter lr_penalty degree   gamma max_depth_value mlp_learning_rate learning_rate_init neurons2 neurons3 lr_dual .PARENT.
152  152 fashion-mnist 1585349     10         1 classification  False   none Extraction   False       SVM       False        PCA          0.212      <NA>   NA      <NA>        <NA> 0.2408   poly            NA                     <NA>                   NA           NA      <NA>               NA   <NA>    NA            NA       NA       <NA>          NA    <NA>            NA               NA      NA  False randomized          <NA>    <NA>             <NA>                   <NA>      <NA>                     <NA>                   NA             NA          <NA>       NA       <NA>      3 -0.8553              NA              <NA>                 NA       NA       NA    <NA>       20

# 2020-08-17 02:57:25 BRT: Elite configurations (first number is the configuration ID; listed from best to worst according to the sum of ranks):
          dataset  job_id cutoff metafolds           task sparse f_eng1     f_eng2 scaling algorithm pre_scaling extraction ext_components selection lr_C lr_solver multi_class       C kernel rf_estimators criterion_classification criterion_regression max_features max_depth min_samples_leaf solver alpha hidden_layers neurons1 activation n_neighbors weights ab_estimators ab_learning_rate ab_loss whiten svd_solver ica_algorithm ica_fun dl_fit_algorithm dl_transform_algorithm sel_model sel_score_classification sel_score_regression sel_percentile sel_threshold max_iter lr_penalty degree   gamma max_depth_value mlp_learning_rate learning_rate_init neurons2 neurons3 lr_dual
152 fashion-mnist 1585349     10         1 classification  False   none Extraction   False       SVM       False        PCA         0.2120      <NA>   NA      <NA>        <NA>  0.2408   poly            NA                     <NA>                   NA           NA      <NA>               NA   <NA>    NA            NA       NA       <NA>          NA    <NA>            NA               NA      NA  False randomized          <NA>    <NA>             <NA>                   <NA>      <NA>                     <NA>                   NA             NA          <NA>       NA       <NA>      3 -0.8553              NA              <NA>                 NA       NA       NA    <NA>
177 fashion-mnist 1585349     10         1 classification  False   none       none    True       SVM        <NA>       <NA>             NA      <NA>   NA      <NA>        <NA> -2.0222 linear            NA                     <NA>                   NA           NA      <NA>               NA   <NA>    NA            NA       NA       <NA>          NA    <NA>            NA               NA      NA   <NA>       <NA>          <NA>    <NA>             <NA>                   <NA>      <NA>                     <NA>                   NA             NA          <NA>       NA       <NA>     NA      NA              NA              <NA>                 NA       NA       NA    <NA>
179 fashion-mnist 1585349     10         1 classification  False   none Extraction   False       SVM       False        PCA         0.5072      <NA>   NA      <NA>        <NA> -2.1911   poly            NA                     <NA>                   NA           NA      <NA>               NA   <NA>    NA            NA       NA       <NA>          NA    <NA>            NA               NA      NA  False randomized          <NA>    <NA>             <NA>                   <NA>      <NA>                     <NA>                   NA             NA          <NA>       NA       <NA>      3 -2.1480              NA              <NA>                 NA       NA       NA    <NA>
# 2020-08-17 02:57:25 BRT: Iteration 6 of 7
# experimentsUsedSoFar: 1025
# remainingBudget: 975
# currentBudget: 487
# nbConfigurations: 51
  Markers:
     x No test is performed.
     - The test is performed and some configurations are discarded.
     = The test is performed but no configuration is discarded.
     ! The test is performed and configurations could be discarded but elite configurations are preserved.
     . All alive configurations are elite and nothing is discarded

+-+-----------+-----------+-----------+---------------+-----------+--------+-----+----+------+
| |   Instance|      Alive|       Best|      Mean best| Exp so far|  W time|  rho|KenW|  Qvar|
+-+-----------+-----------+-----------+---------------+-----------+--------+-----+----+------+
|x|         10|         51|        230|  -0.8336666667|         51|00:14:27|   NA|  NA|    NA|
|x|          8|         51|        220|  -0.8280000000|         99|00:13:39|+0.98|0.99|0.0000|
|x|          3|         51|        220|  -0.8315555556|        147|00:13:41|+0.98|0.99|0.0000|
|x|          2|         51|        230|  -0.8280000000|        195|00:13:38|+0.98|0.99|0.0000|
|!|          9|          6|        230|  -0.8316000000|        243|00:13:41|+0.00|0.20|0.8846|
+-+-----------+-----------+-----------+---------------+-----------+--------+-----+----+------+
Best-so-far configuration:         152    mean value:   -0.8320666667
Description of the best-so-far configuration:
    .ID.       dataset  job_id cutoff metafolds           task sparse f_eng1     f_eng2 scaling algorithm pre_scaling extraction ext_components selection lr_C lr_solver multi_class      C kernel rf_estimators criterion_classification criterion_regression max_features max_depth min_samples_leaf solver alpha hidden_layers neurons1 activation n_neighbors weights ab_estimators ab_learning_rate ab_loss whiten svd_solver ica_algorithm ica_fun dl_fit_algorithm dl_transform_algorithm sel_model sel_score_classification sel_score_regression sel_percentile sel_threshold max_iter lr_penalty degree   gamma max_depth_value mlp_learning_rate learning_rate_init neurons2 neurons3 lr_dual .PARENT.
152  152 fashion-mnist 1585349     10         1 classification  False   none Extraction   False       SVM       False        PCA          0.212      <NA>   NA      <NA>        <NA> 0.2408   poly            NA                     <NA>                   NA           NA      <NA>               NA   <NA>    NA            NA       NA       <NA>          NA    <NA>            NA               NA      NA  False randomized          <NA>    <NA>             <NA>                   <NA>      <NA>                     <NA>                   NA             NA          <NA>       NA       <NA>      3 -0.8553              NA              <NA>                 NA       NA       NA    <NA>       20

# 2020-08-17 04:06:35 BRT: Elite configurations (first number is the configuration ID; listed from best to worst according to the sum of ranks):
          dataset  job_id cutoff metafolds           task sparse f_eng1     f_eng2 scaling algorithm pre_scaling extraction ext_components selection lr_C lr_solver multi_class       C kernel rf_estimators criterion_classification criterion_regression max_features max_depth min_samples_leaf solver alpha hidden_layers neurons1 activation n_neighbors weights ab_estimators ab_learning_rate ab_loss whiten svd_solver ica_algorithm ica_fun dl_fit_algorithm dl_transform_algorithm sel_model sel_score_classification sel_score_regression sel_percentile sel_threshold max_iter lr_penalty degree   gamma max_depth_value mlp_learning_rate learning_rate_init neurons2 neurons3 lr_dual
152 fashion-mnist 1585349     10         1 classification  False   none Extraction   False       SVM       False        PCA         0.2120      <NA>   NA      <NA>        <NA>  0.2408   poly            NA                     <NA>                   NA           NA      <NA>               NA   <NA>    NA            NA       NA       <NA>          NA    <NA>            NA               NA      NA  False randomized          <NA>    <NA>             <NA>                   <NA>      <NA>                     <NA>                   NA             NA          <NA>       NA       <NA>      3 -0.8553              NA              <NA>                 NA       NA       NA    <NA>
177 fashion-mnist 1585349     10         1 classification  False   none       none    True       SVM        <NA>       <NA>             NA      <NA>   NA      <NA>        <NA> -2.0222 linear            NA                     <NA>                   NA           NA      <NA>               NA   <NA>    NA            NA       NA       <NA>          NA    <NA>            NA               NA      NA   <NA>       <NA>          <NA>    <NA>             <NA>                   <NA>      <NA>                     <NA>                   NA             NA          <NA>       NA       <NA>     NA      NA              NA              <NA>                 NA       NA       NA    <NA>
179 fashion-mnist 1585349     10         1 classification  False   none Extraction   False       SVM       False        PCA         0.5072      <NA>   NA      <NA>        <NA> -2.1911   poly            NA                     <NA>                   NA           NA      <NA>               NA   <NA>    NA            NA       NA       <NA>          NA    <NA>            NA               NA      NA  False randomized          <NA>    <NA>             <NA>                   <NA>      <NA>                     <NA>                   NA             NA          <NA>       NA       <NA>      3 -2.1480              NA              <NA>                 NA       NA       NA    <NA>
230 fashion-mnist 1585349     10         1 classification  False   none Extraction   False       SVM       False        PCA         0.6672      <NA>   NA      <NA>        <NA> -1.8557   poly            NA                     <NA>                   NA           NA      <NA>               NA   <NA>    NA            NA       NA       <NA>          NA    <NA>            NA               NA      NA  False randomized          <NA>    <NA>             <NA>                   <NA>      <NA>                     <NA>                   NA             NA          <NA>       NA       <NA>      2  0.0976              NA              <NA>                 NA       NA       NA    <NA>
204 fashion-mnist 1585349     10         1 classification  False   none Extraction   False       SVM       False        PCA         0.2623      <NA>   NA      <NA>        <NA>  2.4391   poly            NA                     <NA>                   NA           NA      <NA>               NA   <NA>    NA            NA       NA       <NA>          NA    <NA>            NA               NA      NA  False randomized          <NA>    <NA>             <NA>                   <NA>      <NA>                     <NA>                   NA             NA          <NA>       NA       <NA>      3 -4.2009              NA              <NA>                 NA       NA       NA    <NA>
220 fashion-mnist 1585349     10         1 classification  False   none       none    True       SVM        <NA>       <NA>             NA      <NA>   NA      <NA>        <NA> -2.3601 linear            NA                     <NA>                   NA           NA      <NA>               NA   <NA>    NA            NA       NA       <NA>          NA    <NA>            NA               NA      NA   <NA>       <NA>          <NA>    <NA>             <NA>                   <NA>      <NA>                     <NA>                   NA             NA          <NA>       NA       <NA>     NA      NA              NA              <NA>                 NA       NA       NA    <NA>
# 2020-08-17 04:06:35 BRT: Iteration 7 of 7
# experimentsUsedSoFar: 1268
# remainingBudget: 732
# currentBudget: 732
# nbConfigurations: 72
  Markers:
     x No test is performed.
     - The test is performed and some configurations are discarded.
     = The test is performed but no configuration is discarded.
     ! The test is performed and configurations could be discarded but elite configurations are preserved.
     . All alive configurations are elite and nothing is discarded

+-+-----------+-----------+-----------+---------------+-----------+--------+-----+----+------+
| |   Instance|      Alive|       Best|      Mean best| Exp so far|  W time|  rho|KenW|  Qvar|
+-+-----------+-----------+-----------+---------------+-----------+--------+-----+----+------+
|x|         11|         72|        286|  -0.8413333333|         72|00:14:15|   NA|  NA|    NA|
|x|          7|         72|        286|  -0.8393333333|        141|00:13:43|+0.97|0.98|0.0380|
|x|          9|         72|        274|  -0.8393333333|        207|00:13:11|+0.88|0.92|0.0765|
|x|          4|         72|        274|  -0.8390000000|        276|00:13:53|+0.91|0.93|0.0573|
|!|          6|         15|        274|  -0.8384666667|        345|00:13:46|+0.08|0.27|0.5237|
|=|          8|         15|        274|  -0.8355555556|        354|00:01:58|+0.02|0.18|0.6493|
|=|          3|         15|        274|  -0.8363809524|        363|00:01:56|-0.01|0.14|0.7835|
|=|          1|         15|        274|  -0.8350000000|        375|00:02:29|-0.05|0.08|0.8649|
|=|         10|         15|        274|  -0.8345925926|        384|00:01:58|-0.02|0.09|0.8840|
|=|          2|         15|        280|  -0.8334000000|        393|00:01:57|-0.03|0.07|0.9023|
|=|          5|         15|        274|  -0.8335151515|        405|00:02:28|-0.02|0.07|0.9155|
|=|         12|         15|        280|  -0.8331944444|        420|00:02:55|+0.00|0.09|0.9098|
+-+-----------+-----------+-----------+---------------+-----------+--------+-----+----+------+
Best-so-far configuration:         280    mean value:   -0.8331944444
Description of the best-so-far configuration:
    .ID.       dataset  job_id cutoff metafolds           task sparse f_eng1     f_eng2 scaling algorithm pre_scaling extraction ext_components selection lr_C lr_solver multi_class       C kernel rf_estimators criterion_classification criterion_regression max_features max_depth min_samples_leaf solver alpha hidden_layers neurons1 activation n_neighbors weights ab_estimators ab_learning_rate ab_loss whiten svd_solver ica_algorithm ica_fun dl_fit_algorithm dl_transform_algorithm sel_model sel_score_classification sel_score_regression sel_percentile sel_threshold max_iter lr_penalty degree   gamma max_depth_value mlp_learning_rate learning_rate_init neurons2 neurons3 lr_dual .PARENT.
280  280 fashion-mnist 1585349     10         1 classification  False   none Extraction   False       SVM       False        PCA         0.5391      <NA>   NA      <NA>        <NA> -1.8438   poly            NA                     <NA>                   NA           NA      <NA>               NA   <NA>    NA            NA       NA       <NA>          NA    <NA>            NA               NA      NA  False randomized          <NA>    <NA>             <NA>                   <NA>      <NA>                     <NA>                   NA             NA          <NA>       NA       <NA>      2 -0.6394              NA              <NA>                 NA       NA       NA    <NA>      230

# 2020-08-17 05:31:11 BRT: Elite configurations (first number is the configuration ID; listed from best to worst according to the sum of ranks):
          dataset  job_id cutoff metafolds           task sparse f_eng1     f_eng2 scaling algorithm pre_scaling extraction ext_components selection lr_C lr_solver multi_class       C kernel rf_estimators criterion_classification criterion_regression max_features max_depth min_samples_leaf solver alpha hidden_layers neurons1 activation n_neighbors weights ab_estimators ab_learning_rate ab_loss whiten svd_solver ica_algorithm ica_fun dl_fit_algorithm dl_transform_algorithm sel_model sel_score_classification sel_score_regression sel_percentile sel_threshold max_iter lr_penalty degree   gamma max_depth_value mlp_learning_rate learning_rate_init neurons2 neurons3 lr_dual
280 fashion-mnist 1585349     10         1 classification  False   none Extraction   False       SVM       False        PCA         0.5391      <NA>   NA      <NA>        <NA> -1.8438   poly            NA                     <NA>                   NA           NA      <NA>               NA   <NA>    NA            NA       NA       <NA>          NA    <NA>            NA               NA      NA  False randomized          <NA>    <NA>             <NA>                   <NA>      <NA>                     <NA>                   NA             NA          <NA>       NA       <NA>      2 -0.6394              NA              <NA>                 NA       NA       NA    <NA>
283 fashion-mnist 1585349     10         1 classification  False   none Extraction   False       SVM       False        PCA         0.6126      <NA>   NA      <NA>        <NA>  2.9780   poly            NA                     <NA>                   NA           NA      <NA>               NA   <NA>    NA            NA       NA       <NA>          NA    <NA>            NA               NA      NA  False randomized          <NA>    <NA>             <NA>                   <NA>      <NA>                     <NA>                   NA             NA          <NA>       NA       <NA>      2 -3.9443              NA              <NA>                 NA       NA       NA    <NA>
274 fashion-mnist 1585349     10         1 classification  False   none Extraction   False       SVM       False        PCA         0.2582      <NA>   NA      <NA>        <NA>  2.5148   poly            NA                     <NA>                   NA           NA      <NA>               NA   <NA>    NA            NA       NA       <NA>          NA    <NA>            NA               NA      NA  False randomized          <NA>    <NA>             <NA>                   <NA>      <NA>                     <NA>                   NA             NA          <NA>       NA       <NA>      3 -1.4019              NA              <NA>                 NA       NA       NA    <NA>
266 fashion-mnist 1585349     10         1 classification  False   none Extraction   False       SVM       False        PCA         0.4609      <NA>   NA      <NA>        <NA> -2.7451   poly            NA                     <NA>                   NA           NA      <NA>               NA   <NA>    NA            NA       NA       <NA>          NA    <NA>            NA               NA      NA  False randomized          <NA>    <NA>             <NA>                   <NA>      <NA>                     <NA>                   NA             NA          <NA>       NA       <NA>      3 -0.2755              NA              <NA>                 NA       NA       NA    <NA>
276 fashion-mnist 1585349     10         1 classification  False   none Extraction   False       SVM       False        PCA         0.3436      <NA>   NA      <NA>        <NA> -2.2012   poly            NA                     <NA>                   NA           NA      <NA>               NA   <NA>    NA            NA       NA       <NA>          NA    <NA>            NA               NA      NA  False randomized          <NA>    <NA>             <NA>                   <NA>      <NA>                     <NA>                   NA             NA          <NA>       NA       <NA>      2  0.6153              NA              <NA>                 NA       NA       NA    <NA>
204 fashion-mnist 1585349     10         1 classification  False   none Extraction   False       SVM       False        PCA         0.2623      <NA>   NA      <NA>        <NA>  2.4391   poly            NA                     <NA>                   NA           NA      <NA>               NA   <NA>    NA            NA       NA       <NA>          NA    <NA>            NA               NA      NA  False randomized          <NA>    <NA>             <NA>                   <NA>      <NA>                     <NA>                   NA             NA          <NA>       NA       <NA>      3 -4.2009              NA              <NA>                 NA       NA       NA    <NA>
152 fashion-mnist 1585349     10         1 classification  False   none Extraction   False       SVM       False        PCA         0.2120      <NA>   NA      <NA>        <NA>  0.2408   poly            NA                     <NA>                   NA           NA      <NA>               NA   <NA>    NA            NA       NA       <NA>          NA    <NA>            NA               NA      NA  False randomized          <NA>    <NA>             <NA>                   <NA>      <NA>                     <NA>                   NA             NA          <NA>       NA       <NA>      3 -0.8553              NA              <NA>                 NA       NA       NA    <NA>
# 2020-08-17 05:31:11 BRT: Iteration 8 of 8
# experimentsUsedSoFar: 1688
# remainingBudget: 312
# currentBudget: 312
# nbConfigurations: 30
  Markers:
     x No test is performed.
     - The test is performed and some configurations are discarded.
     = The test is performed but no configuration is discarded.
     ! The test is performed and configurations could be discarded but elite configurations are preserved.
     . All alive configurations are elite and nothing is discarded

+-+-----------+-----------+-----------+---------------+-----------+--------+-----+----+------+
| |   Instance|      Alive|       Best|      Mean best| Exp so far|  W time|  rho|KenW|  Qvar|
+-+-----------+-----------+-----------+---------------+-----------+--------+-----+----+------+
|x|         13|         30|        314|  -0.8383333333|         30|00:07:57|   NA|  NA|    NA|
|x|         12|         30|        152|  -0.8320000000|         53|00:06:23|+0.35|0.67|0.0306|
|x|         11|         30|        319|  -0.8341111111|         76|00:06:18|+0.52|0.68|0.0168|
|x|          6|         30|        327|  -0.8337500000|         99|00:06:18|+0.58|0.68|0.0126|
|!|          1|         21|        327|  -0.8326000000|        122|00:06:21|-0.16|0.07|1.1227|
|=|          7|         21|        325|  -0.8336666667|        136|00:03:55|-0.06|0.11|1.0336|
|=|         10|         21|        325|  -0.8332380952|        150|00:03:55|-0.11|0.05|1.0620|
|=|          4|         21|        325|  -0.8340000000|        164|00:03:54|-0.09|0.05|1.0472|
|=|          3|         21|        322|  -0.8354074074|        178|00:03:55|-0.06|0.05|1.0174|
|=|          2|         21|        322|  -0.8338000000|        192|00:03:57|-0.03|0.08|0.9773|
|=|          8|         21|        325|  -0.8314242424|        206|00:03:54|-0.05|0.05|1.0018|
|=|          5|         21|        325|  -0.8324444444|        220|00:03:51|-0.05|0.04|1.0068|
|=|          9|         21|        325|  -0.8329487179|        234|00:03:52|-0.04|0.04|0.9894|
|=|         14|         21|        274|  -0.8333095238|        255|00:05:31|-0.02|0.05|0.9740|
+-+-----------+-----------+-----------+---------------+-----------+--------+-----+----+------+
Best-so-far configuration:         274    mean value:   -0.8333095238
Description of the best-so-far configuration:
    .ID.       dataset  job_id cutoff metafolds           task sparse f_eng1     f_eng2 scaling algorithm pre_scaling extraction ext_components selection lr_C lr_solver multi_class      C kernel rf_estimators criterion_classification criterion_regression max_features max_depth min_samples_leaf solver alpha hidden_layers neurons1 activation n_neighbors weights ab_estimators ab_learning_rate ab_loss whiten svd_solver ica_algorithm ica_fun dl_fit_algorithm dl_transform_algorithm sel_model sel_score_classification sel_score_regression sel_percentile sel_threshold max_iter lr_penalty degree   gamma max_depth_value mlp_learning_rate learning_rate_init neurons2 neurons3 lr_dual .PARENT.
274  274 fashion-mnist 1585349     10         1 classification  False   none Extraction   False       SVM       False        PCA         0.2582      <NA>   NA      <NA>        <NA> 2.5148   poly            NA                     <NA>                   NA           NA      <NA>               NA   <NA>    NA            NA       NA       <NA>          NA    <NA>            NA               NA      NA  False randomized          <NA>    <NA>             <NA>                   <NA>      <NA>                     <NA>                   NA             NA          <NA>       NA       <NA>      3 -1.4019              NA              <NA>                 NA       NA       NA    <NA>      152

# 2020-08-17 06:41:20 BRT: Elite configurations (first number is the configuration ID; listed from best to worst according to the sum of ranks):
          dataset  job_id cutoff metafolds           task sparse f_eng1     f_eng2 scaling algorithm pre_scaling extraction ext_components selection lr_C lr_solver multi_class       C kernel rf_estimators criterion_classification criterion_regression max_features max_depth min_samples_leaf solver alpha hidden_layers neurons1 activation n_neighbors weights ab_estimators ab_learning_rate ab_loss whiten svd_solver ica_algorithm ica_fun dl_fit_algorithm dl_transform_algorithm sel_model sel_score_classification sel_score_regression sel_percentile sel_threshold max_iter lr_penalty degree   gamma max_depth_value mlp_learning_rate learning_rate_init neurons2 neurons3 lr_dual
274 fashion-mnist 1585349     10         1 classification  False   none Extraction   False       SVM       False        PCA         0.2582      <NA>   NA      <NA>        <NA>  2.5148   poly            NA                     <NA>                   NA           NA      <NA>               NA   <NA>    NA            NA       NA       <NA>          NA    <NA>            NA               NA      NA  False randomized          <NA>    <NA>             <NA>                   <NA>      <NA>                     <NA>                   NA             NA          <NA>       NA       <NA>      3 -1.4019              NA              <NA>                 NA       NA       NA    <NA>
325 fashion-mnist 1585349     10         1 classification  False   none Extraction   False       SVM       False        PCA         0.3381      <NA>   NA      <NA>        <NA> -1.2215   poly            NA                     <NA>                   NA           NA      <NA>               NA   <NA>    NA            NA       NA       <NA>          NA    <NA>            NA               NA      NA  False randomized          <NA>    <NA>             <NA>                   <NA>      <NA>                     <NA>                   NA             NA          <NA>       NA       <NA>      3  0.5213              NA              <NA>                 NA       NA       NA    <NA>
331 fashion-mnist 1585349     10         1 classification  False   none Extraction   False       SVM       False        PCA         0.3533      <NA>   NA      <NA>        <NA>  0.8565   poly            NA                     <NA>                   NA           NA      <NA>               NA   <NA>    NA            NA       NA       <NA>          NA    <NA>            NA               NA      NA  False randomized          <NA>    <NA>             <NA>                   <NA>      <NA>                     <NA>                   NA             NA          <NA>       NA       <NA>      3 -3.7677              NA              <NA>                 NA       NA       NA    <NA>
322 fashion-mnist 1585349     10         1 classification  False   none Extraction   False       SVM       False        PCA         0.7088      <NA>   NA      <NA>        <NA>  1.0874   poly            NA                     <NA>                   NA           NA      <NA>               NA   <NA>    NA            NA       NA       <NA>          NA    <NA>            NA               NA      NA  False randomized          <NA>    <NA>             <NA>                   <NA>      <NA>                     <NA>                   NA             NA          <NA>       NA       <NA>      2 -1.6670              NA              <NA>                 NA       NA       NA    <NA>
313 fashion-mnist 1585349     10         1 classification  False   none Extraction   False       SVM       False        PCA         0.5985      <NA>   NA      <NA>        <NA>  4.2980   poly            NA                     <NA>                   NA           NA      <NA>               NA   <NA>    NA            NA       NA       <NA>          NA    <NA>            NA               NA      NA  False randomized          <NA>    <NA>             <NA>                   <NA>      <NA>                     <NA>                   NA             NA          <NA>       NA       <NA>      2 -3.3883              NA              <NA>                 NA       NA       NA    <NA>
318 fashion-mnist 1585349     10         1 classification  False   none Extraction   False       SVM       False        PCA         0.8585      <NA>   NA      <NA>        <NA> -0.3830   poly            NA                     <NA>                   NA           NA      <NA>               NA   <NA>    NA            NA       NA       <NA>          NA    <NA>            NA               NA      NA  False randomized          <NA>    <NA>             <NA>                   <NA>      <NA>                     <NA>                   NA             NA          <NA>       NA       <NA>      2 -3.8679              NA              <NA>                 NA       NA       NA    <NA>
280 fashion-mnist 1585349     10         1 classification  False   none Extraction   False       SVM       False        PCA         0.5391      <NA>   NA      <NA>        <NA> -1.8438   poly            NA                     <NA>                   NA           NA      <NA>               NA   <NA>    NA            NA       NA       <NA>          NA    <NA>            NA               NA      NA  False randomized          <NA>    <NA>             <NA>                   <NA>      <NA>                     <NA>                   NA             NA          <NA>       NA       <NA>      2 -0.6394              NA              <NA>                 NA       NA       NA    <NA>
# 2020-08-17 06:41:20 BRT: Iteration 9 of 9
# experimentsUsedSoFar: 1943
# remainingBudget: 57
# currentBudget: 57
# nbConfigurations: 10
  Markers:
     x No test is performed.
     - The test is performed and some configurations are discarded.
     = The test is performed but no configuration is discarded.
     ! The test is performed and configurations could be discarded but elite configurations are preserved.
     . All alive configurations are elite and nothing is discarded

+-+-----------+-----------+-----------+---------------+-----------+--------+-----+----+------+
| |   Instance|      Alive|       Best|      Mean best| Exp so far|  W time|  rho|KenW|  Qvar|
+-+-----------+-----------+-----------+---------------+-----------+--------+-----+----+------+
|x|         15|         10|        318|  -0.8346666667|         10|00:02:14|   NA|  NA|    NA|
|x|          8|         10|        318|  -0.8263333333|         13|00:00:23|+0.48|0.74|0.0237|
|x|          6|         10|        274|  -0.8301111111|         16|00:00:23|+0.42|0.61|0.0292|
|x|          4|         10|        318|  -0.8320833333|         19|00:00:23|+0.25|0.44|0.0377|
|!|         13|          8|        325|  -0.8327333333|         22|00:00:23|-0.07|0.15|0.9497|
|=|         11|          8|        325|  -0.8340000000|         23|00:00:10|+0.01|0.17|0.8972|
|=|          5|          8|        325|  -0.8353809524|         24|00:00:10|+0.11|0.24|0.8012|
|=|          9|          8|        325|  -0.8358333333|         25|00:00:10|-0.02|0.11|0.9025|
|=|          3|          8|        274|  -0.8367407407|         26|00:00:10|-0.08|0.04|0.9463|
|=|          1|          8|        318|  -0.8354666667|         27|00:00:10|-0.09|0.02|0.9579|
|=|         14|          8|        331|  -0.8353333333|         28|00:00:10|-0.08|0.02|0.9462|
|=|          2|          8|        318|  -0.8340277778|         29|00:00:10|-0.07|0.02|0.9489|
|=|          7|          8|        331|  -0.8342051282|         30|00:00:10|-0.05|0.03|0.9322|
|=|         10|          8|        318|  -0.8340000000|         31|00:00:10|-0.06|0.02|0.9332|
|=|         12|          8|        318|  -0.8338000000|         32|00:00:10|-0.05|0.02|0.9254|
|=|         16|          8|        318|  -0.8336250000|         40|00:01:56|-0.03|0.03|0.9128|
+-+-----------+-----------+-----------+---------------+-----------+--------+-----+----+------+
Best-so-far configuration:         318    mean value:   -0.8336250000
Description of the best-so-far configuration:
    .ID.       dataset  job_id cutoff metafolds           task sparse f_eng1     f_eng2 scaling algorithm pre_scaling extraction ext_components selection lr_C lr_solver multi_class      C kernel rf_estimators criterion_classification criterion_regression max_features max_depth min_samples_leaf solver alpha hidden_layers neurons1 activation n_neighbors weights ab_estimators ab_learning_rate ab_loss whiten svd_solver ica_algorithm ica_fun dl_fit_algorithm dl_transform_algorithm sel_model sel_score_classification sel_score_regression sel_percentile sel_threshold max_iter lr_penalty degree   gamma max_depth_value mlp_learning_rate learning_rate_init neurons2 neurons3 lr_dual .PARENT.
318  318 fashion-mnist 1585349     10         1 classification  False   none Extraction   False       SVM       False        PCA         0.8585      <NA>   NA      <NA>        <NA> -0.383   poly            NA                     <NA>                   NA           NA      <NA>               NA   <NA>    NA            NA       NA       <NA>          NA    <NA>            NA               NA      NA  False randomized          <NA>    <NA>             <NA>                   <NA>      <NA>                     <NA>                   NA             NA          <NA>       NA       <NA>      2 -3.8679              NA              <NA>                 NA       NA       NA    <NA>      283

# 2020-08-17 06:48:52 BRT: Elite configurations (first number is the configuration ID; listed from best to worst according to the sum of ranks):
          dataset  job_id cutoff metafolds           task sparse f_eng1     f_eng2 scaling algorithm pre_scaling extraction ext_components selection lr_C lr_solver multi_class       C kernel rf_estimators criterion_classification criterion_regression max_features max_depth min_samples_leaf solver alpha hidden_layers neurons1 activation n_neighbors weights ab_estimators ab_learning_rate ab_loss whiten svd_solver ica_algorithm ica_fun dl_fit_algorithm dl_transform_algorithm sel_model sel_score_classification sel_score_regression sel_percentile sel_threshold max_iter lr_penalty degree   gamma max_depth_value mlp_learning_rate learning_rate_init neurons2 neurons3 lr_dual
318 fashion-mnist 1585349     10         1 classification  False   none Extraction   False       SVM       False        PCA         0.8585      <NA>   NA      <NA>        <NA> -0.3830   poly            NA                     <NA>                   NA           NA      <NA>               NA   <NA>    NA            NA       NA       <NA>          NA    <NA>            NA               NA      NA  False randomized          <NA>    <NA>             <NA>                   <NA>      <NA>                     <NA>                   NA             NA          <NA>       NA       <NA>      2 -3.8679              NA              <NA>                 NA       NA       NA    <NA>
313 fashion-mnist 1585349     10         1 classification  False   none Extraction   False       SVM       False        PCA         0.5985      <NA>   NA      <NA>        <NA>  4.2980   poly            NA                     <NA>                   NA           NA      <NA>               NA   <NA>    NA            NA       NA       <NA>          NA    <NA>            NA               NA      NA  False randomized          <NA>    <NA>             <NA>                   <NA>      <NA>                     <NA>                   NA             NA          <NA>       NA       <NA>      2 -3.3883              NA              <NA>                 NA       NA       NA    <NA>
322 fashion-mnist 1585349     10         1 classification  False   none Extraction   False       SVM       False        PCA         0.7088      <NA>   NA      <NA>        <NA>  1.0874   poly            NA                     <NA>                   NA           NA      <NA>               NA   <NA>    NA            NA       NA       <NA>          NA    <NA>            NA               NA      NA  False randomized          <NA>    <NA>             <NA>                   <NA>      <NA>                     <NA>                   NA             NA          <NA>       NA       <NA>      2 -1.6670              NA              <NA>                 NA       NA       NA    <NA>
331 fashion-mnist 1585349     10         1 classification  False   none Extraction   False       SVM       False        PCA         0.3533      <NA>   NA      <NA>        <NA>  0.8565   poly            NA                     <NA>                   NA           NA      <NA>               NA   <NA>    NA            NA       NA       <NA>          NA    <NA>            NA               NA      NA  False randomized          <NA>    <NA>             <NA>                   <NA>      <NA>                     <NA>                   NA             NA          <NA>       NA       <NA>      3 -3.7677              NA              <NA>                 NA       NA       NA    <NA>
274 fashion-mnist 1585349     10         1 classification  False   none Extraction   False       SVM       False        PCA         0.2582      <NA>   NA      <NA>        <NA>  2.5148   poly            NA                     <NA>                   NA           NA      <NA>               NA   <NA>    NA            NA       NA       <NA>          NA    <NA>            NA               NA      NA  False randomized          <NA>    <NA>             <NA>                   <NA>      <NA>                     <NA>                   NA             NA          <NA>       NA       <NA>      3 -1.4019              NA              <NA>                 NA       NA       NA    <NA>
325 fashion-mnist 1585349     10         1 classification  False   none Extraction   False       SVM       False        PCA         0.3381      <NA>   NA      <NA>        <NA> -1.2215   poly            NA                     <NA>                   NA           NA      <NA>               NA   <NA>    NA            NA       NA       <NA>          NA    <NA>            NA               NA      NA  False randomized          <NA>    <NA>             <NA>                   <NA>      <NA>                     <NA>                   NA             NA          <NA>       NA       <NA>      3  0.5213              NA              <NA>                 NA       NA       NA    <NA>
337 fashion-mnist 1585349     10         1 classification  False   none Extraction   False       SVM       False        PCA         0.3779      <NA>   NA      <NA>        <NA> -1.5045   poly            NA                     <NA>                   NA           NA      <NA>               NA   <NA>    NA            NA       NA       <NA>          NA    <NA>            NA               NA      NA  False randomized          <NA>    <NA>             <NA>                   <NA>      <NA>                     <NA>                   NA             NA          <NA>       NA       <NA>      3 -4.9053              NA              <NA>                 NA       NA       NA    <NA>
# 2020-08-17 06:48:52 BRT: Stopped because there is not enough budget left to race more than the minimum (7)
# You may either increase the budget or set 'minNbSurvival' to a lower value
# Iteration: 10
# nbIterations: 10
# experimentsUsedSoFar: 1983
# timeUsed: 0
# remainingBudget: 17
# currentBudget: 17
# number of elites: 7
# nbConfigurations: 7
# Best configurations (first number is the configuration ID; listed from best to worst according to the sum of ranks):
          dataset  job_id cutoff metafolds           task sparse f_eng1     f_eng2 scaling algorithm pre_scaling extraction ext_components selection lr_C lr_solver multi_class       C kernel rf_estimators criterion_classification criterion_regression max_features max_depth min_samples_leaf solver alpha hidden_layers neurons1 activation n_neighbors weights ab_estimators ab_learning_rate ab_loss whiten svd_solver ica_algorithm ica_fun dl_fit_algorithm dl_transform_algorithm sel_model sel_score_classification sel_score_regression sel_percentile sel_threshold max_iter lr_penalty degree   gamma max_depth_value mlp_learning_rate learning_rate_init neurons2 neurons3 lr_dual
318 fashion-mnist 1585349     10         1 classification  False   none Extraction   False       SVM       False        PCA         0.8585      <NA>   NA      <NA>        <NA> -0.3830   poly            NA                     <NA>                   NA           NA      <NA>               NA   <NA>    NA            NA       NA       <NA>          NA    <NA>            NA               NA      NA  False randomized          <NA>    <NA>             <NA>                   <NA>      <NA>                     <NA>                   NA             NA          <NA>       NA       <NA>      2 -3.8679              NA              <NA>                 NA       NA       NA    <NA>
313 fashion-mnist 1585349     10         1 classification  False   none Extraction   False       SVM       False        PCA         0.5985      <NA>   NA      <NA>        <NA>  4.2980   poly            NA                     <NA>                   NA           NA      <NA>               NA   <NA>    NA            NA       NA       <NA>          NA    <NA>            NA               NA      NA  False randomized          <NA>    <NA>             <NA>                   <NA>      <NA>                     <NA>                   NA             NA          <NA>       NA       <NA>      2 -3.3883              NA              <NA>                 NA       NA       NA    <NA>
322 fashion-mnist 1585349     10         1 classification  False   none Extraction   False       SVM       False        PCA         0.7088      <NA>   NA      <NA>        <NA>  1.0874   poly            NA                     <NA>                   NA           NA      <NA>               NA   <NA>    NA            NA       NA       <NA>          NA    <NA>            NA               NA      NA  False randomized          <NA>    <NA>             <NA>                   <NA>      <NA>                     <NA>                   NA             NA          <NA>       NA       <NA>      2 -1.6670              NA              <NA>                 NA       NA       NA    <NA>
331 fashion-mnist 1585349     10         1 classification  False   none Extraction   False       SVM       False        PCA         0.3533      <NA>   NA      <NA>        <NA>  0.8565   poly            NA                     <NA>                   NA           NA      <NA>               NA   <NA>    NA            NA       NA       <NA>          NA    <NA>            NA               NA      NA  False randomized          <NA>    <NA>             <NA>                   <NA>      <NA>                     <NA>                   NA             NA          <NA>       NA       <NA>      3 -3.7677              NA              <NA>                 NA       NA       NA    <NA>
274 fashion-mnist 1585349     10         1 classification  False   none Extraction   False       SVM       False        PCA         0.2582      <NA>   NA      <NA>        <NA>  2.5148   poly            NA                     <NA>                   NA           NA      <NA>               NA   <NA>    NA            NA       NA       <NA>          NA    <NA>            NA               NA      NA  False randomized          <NA>    <NA>             <NA>                   <NA>      <NA>                     <NA>                   NA             NA          <NA>       NA       <NA>      3 -1.4019              NA              <NA>                 NA       NA       NA    <NA>
325 fashion-mnist 1585349     10         1 classification  False   none Extraction   False       SVM       False        PCA         0.3381      <NA>   NA      <NA>        <NA> -1.2215   poly            NA                     <NA>                   NA           NA      <NA>               NA   <NA>    NA            NA       NA       <NA>          NA    <NA>            NA               NA      NA  False randomized          <NA>    <NA>             <NA>                   <NA>      <NA>                     <NA>                   NA             NA          <NA>       NA       <NA>      3  0.5213              NA              <NA>                 NA       NA       NA    <NA>
337 fashion-mnist 1585349     10         1 classification  False   none Extraction   False       SVM       False        PCA         0.3779      <NA>   NA      <NA>        <NA> -1.5045   poly            NA                     <NA>                   NA           NA      <NA>               NA   <NA>    NA            NA       NA       <NA>          NA    <NA>            NA               NA      NA  False randomized          <NA>    <NA>             <NA>                   <NA>      <NA>                     <NA>                   NA             NA          <NA>       NA       <NA>      3 -4.9053              NA              <NA>                 NA       NA       NA    <NA>
# Best configurations as commandlines (first number is the configuration ID; same order as above):
318  --dataset fashion-mnist --job_id 1585349 --cutoff 10 --metafolds 1 --task classification --sparse False --f_eng1 none --f_eng2 Extraction --pre_scaling False --extraction PCA --ext_components 0.8585 --whiten False --svd_solver randomized --scaling False --algorithm SVM --C -0.383 --kernel poly --degree 2 --gamma -3.8679
313  --dataset fashion-mnist --job_id 1585349 --cutoff 10 --metafolds 1 --task classification --sparse False --f_eng1 none --f_eng2 Extraction --pre_scaling False --extraction PCA --ext_components 0.5985 --whiten False --svd_solver randomized --scaling False --algorithm SVM --C 4.298 --kernel poly --degree 2 --gamma -3.3883
322  --dataset fashion-mnist --job_id 1585349 --cutoff 10 --metafolds 1 --task classification --sparse False --f_eng1 none --f_eng2 Extraction --pre_scaling False --extraction PCA --ext_components 0.7088 --whiten False --svd_solver randomized --scaling False --algorithm SVM --C 1.0874 --kernel poly --degree 2 --gamma -1.667
331  --dataset fashion-mnist --job_id 1585349 --cutoff 10 --metafolds 1 --task classification --sparse False --f_eng1 none --f_eng2 Extraction --pre_scaling False --extraction PCA --ext_components 0.3533 --whiten False --svd_solver randomized --scaling False --algorithm SVM --C 0.8565 --kernel poly --degree 3 --gamma -3.7677
274  --dataset fashion-mnist --job_id 1585349 --cutoff 10 --metafolds 1 --task classification --sparse False --f_eng1 none --f_eng2 Extraction --pre_scaling False --extraction PCA --ext_components 0.2582 --whiten False --svd_solver randomized --scaling False --algorithm SVM --C 2.5148 --kernel poly --degree 3 --gamma -1.4019
325  --dataset fashion-mnist --job_id 1585349 --cutoff 10 --metafolds 1 --task classification --sparse False --f_eng1 none --f_eng2 Extraction --pre_scaling False --extraction PCA --ext_components 0.3381 --whiten False --svd_solver randomized --scaling False --algorithm SVM --C -1.2215 --kernel poly --degree 3 --gamma 0.5213
337  --dataset fashion-mnist --job_id 1585349 --cutoff 10 --metafolds 1 --task classification --sparse False --f_eng1 none --f_eng2 Extraction --pre_scaling False --extraction PCA --ext_components 0.3779 --whiten False --svd_solver randomized --scaling False --algorithm SVM --C -1.5045 --kernel poly --degree 3 --gamma -4.9053
