*******************************************************************************
* irace: An implementation in R of Iterated Race
* Version: 3.1.2112M
* Copyright (C) 2010-2018
* Manuel Lopez-Ibanez     <manuel.lopez-ibanez@manchester.ac.uk>
* Jeremie Dubois-Lacoste  
* Leslie Perez Caceres    <leslie.perez.caceres@ulb.ac.be>
*
* This is free software, and you are welcome to redistribute it under certain
* conditions.  See the GNU General Public License for details. There is NO
* WARRANTY; not even for MERCHANTABILITY or FITNESS FOR A PARTICULAR PURPOSE.
*
* irace builds upon previous code from the race package:
*
* race: Racing methods for the selection of the best
* Copyright (C) 2003 Mauro Birattari
*******************************************************************************
# installed at: /home/cemvieira/bin/R/irace
# called with: -s scenario.txt --max-experiments 2000 -p ./nsvhn/parameters-1795650.txt --parallel 32 --train-instances-file nsvhn/new-instances.txt --log-file ./output/nsvhn/nsvhn-1f2k10m-irace-1795650.Rdata
# 8 expression(s) specifying forbidden configurations read from '/home/cemvieira/isklearn/forbidden.txt'
# 2021-05-22 16:43:51 BRT: Initialization
# Elitist race
# Elitist new instances: 1
# Elitist limit: 2
# nbIterations: 7
# minNbSurvival: 7
# nbParameters: 50
# seed: 1487579712
# confidence level: 0.95
# budget: 2000
# mu: 5
# deterministic: TRUE

# 2021-05-22 16:43:51 BRT: Iteration 1 of 7
# experimentsUsedSoFar: 0
# remainingBudget: 2000
# currentBudget: 285
# nbConfigurations: 47
  Markers:
     x No test is performed.
     - The test is performed and some configurations are discarded.
     = The test is performed but no configuration is discarded.
     ! The test is performed and configurations could be discarded but elite configurations are preserved.
     . All alive configurations are elite and nothing is discarded

+-+-----------+-----------+-----------+---------------+-----------+--------+-----+----+------+
| |   Instance|      Alive|       Best|      Mean best| Exp so far|  W time|  rho|KenW|  Qvar|
+-+-----------+-----------+-----------+---------------+-----------+--------+-----+----+------+
|x|          1|         47|         29|  -0.3790863421|         47|00:20:01|   NA|  NA|    NA|
|x|          2|         47|         29|  -0.3944706653|         94|00:20:00|+1.00|1.00|0.0000|
|x|          3|         47|         29|  -0.3865216304|        141|00:20:00|+1.00|1.00|0.0000|
|x|          4|         47|         29|  -0.3883744488|        188|00:20:00|+1.00|1.00|0.0000|
|!|          5|          1|         29|  -0.3883483917|        235|00:20:00|   NA|  NA|    NA|
+-+-----------+-----------+-----------+---------------+-----------+--------+-----+----+------+
Best-so-far configuration:          29    mean value:   -0.3883483917
Description of the best-so-far configuration:
   .ID. dataset  job_id cutoff metafolds           task sparse     f_eng1 f_eng2 scaling  algorithm pre_scaling extraction ext_components selection lr_C lr_solver multi_class  C kernel rf_estimators criterion_classification criterion_regression max_features max_depth min_samples_leaf solver alpha hidden_layers neurons1 activation n_neighbors  weights ab_estimators ab_learning_rate ab_loss whiten svd_solver ica_algorithm ica_fun dl_fit_algorithm dl_transform_algorithm sel_model sel_score_classification sel_score_regression sel_percentile sel_threshold max_iter lr_penalty degree gamma max_depth_value mlp_learning_rate learning_rate_init neurons2 neurons3 lr_dual .PARENT.
29   29   nsvhn 1795650     10         1 classification  False Extraction   none    True KNeighbors        True        PCA         0.0299      <NA>   NA      <NA>        <NA> NA   <NA>            NA                     <NA>                   NA           NA      <NA>               NA   <NA>    NA            NA       NA       <NA>          14 distance            NA               NA      NA   True randomized          <NA>    <NA>             <NA>                   <NA>      <NA>                     <NA>                   NA             NA          <NA>       NA       <NA>     NA    NA              NA              <NA>                 NA       NA       NA    <NA>       NA

# 2021-05-22 18:23:57 BRT: Elite configurations (first number is the configuration ID; listed from best to worst according to the sum of ranks):
   dataset  job_id cutoff metafolds           task sparse     f_eng1 f_eng2 scaling  algorithm pre_scaling extraction ext_components selection lr_C lr_solver multi_class  C kernel rf_estimators criterion_classification criterion_regression max_features max_depth min_samples_leaf solver alpha hidden_layers neurons1 activation n_neighbors  weights ab_estimators ab_learning_rate ab_loss whiten svd_solver ica_algorithm ica_fun dl_fit_algorithm dl_transform_algorithm sel_model sel_score_classification sel_score_regression sel_percentile sel_threshold max_iter lr_penalty degree gamma max_depth_value mlp_learning_rate learning_rate_init neurons2 neurons3 lr_dual
29   nsvhn 1795650     10         1 classification  False Extraction   none    True KNeighbors        True        PCA         0.0299      <NA>   NA      <NA>        <NA> NA   <NA>            NA                     <NA>                   NA           NA      <NA>               NA   <NA>    NA            NA       NA       <NA>          14 distance            NA               NA      NA   True randomized          <NA>    <NA>             <NA>                   <NA>      <NA>                     <NA>                   NA             NA          <NA>       NA       <NA>     NA    NA              NA              <NA>                 NA       NA       NA    <NA>
# 2021-05-22 18:23:57 BRT: Iteration 2 of 7
# experimentsUsedSoFar: 235
# remainingBudget: 1765
# currentBudget: 294
# nbConfigurations: 42
  Markers:
     x No test is performed.
     - The test is performed and some configurations are discarded.
     = The test is performed but no configuration is discarded.
     ! The test is performed and configurations could be discarded but elite configurations are preserved.
     . All alive configurations are elite and nothing is discarded

+-+-----------+-----------+-----------+---------------+-----------+--------+-----+----+------+
| |   Instance|      Alive|       Best|      Mean best| Exp so far|  W time|  rho|KenW|  Qvar|
+-+-----------+-----------+-----------+---------------+-----------+--------+-----+----+------+
|x|          6|         42|         29|  -0.3763323447|         42|00:20:00|   NA|  NA|    NA|
|x|          3|         42|         29|  -0.3734779527|         83|00:20:00|+1.00|1.00|0.0000|
|x|          4|         42|         29|  -0.3802962698|        124|00:20:00|+1.00|1.00|0.0000|
|x|          5|         42|         29|  -0.3822832431|        165|00:20:00|+1.00|1.00|0.0000|
|!|          2|          1|         29|  -0.3877975922|        206|00:20:00|   NA|  NA|    NA|
|.|          1|          1|         29|  -0.3863457172|        206|23:59:59|   NA|  NA|    NA|
+-+-----------+-----------+-----------+---------------+-----------+--------+-----+----+------+
Best-so-far configuration:          29    mean value:   -0.3863457172
Description of the best-so-far configuration:
   .ID. dataset  job_id cutoff metafolds           task sparse     f_eng1 f_eng2 scaling  algorithm pre_scaling extraction ext_components selection lr_C lr_solver multi_class  C kernel rf_estimators criterion_classification criterion_regression max_features max_depth min_samples_leaf solver alpha hidden_layers neurons1 activation n_neighbors  weights ab_estimators ab_learning_rate ab_loss whiten svd_solver ica_algorithm ica_fun dl_fit_algorithm dl_transform_algorithm sel_model sel_score_classification sel_score_regression sel_percentile sel_threshold max_iter lr_penalty degree gamma max_depth_value mlp_learning_rate learning_rate_init neurons2 neurons3 lr_dual .PARENT.
29   29   nsvhn 1795650     10         1 classification  False Extraction   none    True KNeighbors        True        PCA         0.0299      <NA>   NA      <NA>        <NA> NA   <NA>            NA                     <NA>                   NA           NA      <NA>               NA   <NA>    NA            NA       NA       <NA>          14 distance            NA               NA      NA   True randomized          <NA>    <NA>             <NA>                   <NA>      <NA>                     <NA>                   NA             NA          <NA>       NA       <NA>     NA    NA              NA              <NA>                 NA       NA       NA    <NA>       NA

# 2021-05-22 20:04:02 BRT: Elite configurations (first number is the configuration ID; listed from best to worst according to the sum of ranks):
   dataset  job_id cutoff metafolds           task sparse     f_eng1 f_eng2 scaling  algorithm pre_scaling extraction ext_components selection lr_C lr_solver multi_class  C kernel rf_estimators criterion_classification criterion_regression max_features max_depth min_samples_leaf solver alpha hidden_layers neurons1 activation n_neighbors  weights ab_estimators ab_learning_rate ab_loss whiten svd_solver ica_algorithm ica_fun dl_fit_algorithm dl_transform_algorithm sel_model sel_score_classification sel_score_regression sel_percentile sel_threshold max_iter lr_penalty degree gamma max_depth_value mlp_learning_rate learning_rate_init neurons2 neurons3 lr_dual
29   nsvhn 1795650     10         1 classification  False Extraction   none    True KNeighbors        True        PCA         0.0299      <NA>   NA      <NA>        <NA> NA   <NA>            NA                     <NA>                   NA           NA      <NA>               NA   <NA>    NA            NA       NA       <NA>          14 distance            NA               NA      NA   True randomized          <NA>    <NA>             <NA>                   <NA>      <NA>                     <NA>                   NA             NA          <NA>       NA       <NA>     NA    NA              NA              <NA>                 NA       NA       NA    <NA>
# 2021-05-22 20:04:02 BRT: Iteration 3 of 7
# experimentsUsedSoFar: 441
# remainingBudget: 1559
# currentBudget: 311
# nbConfigurations: 39
  Markers:
     x No test is performed.
     - The test is performed and some configurations are discarded.
     = The test is performed but no configuration is discarded.
     ! The test is performed and configurations could be discarded but elite configurations are preserved.
     . All alive configurations are elite and nothing is discarded

+-+-----------+-----------+-----------+---------------+-----------+--------+-----+----+------+
| |   Instance|      Alive|       Best|      Mean best| Exp so far|  W time|  rho|KenW|  Qvar|
+-+-----------+-----------+-----------+---------------+-----------+--------+-----+----+------+
|x|          7|         39|         29|  -0.4236926348|         39|00:20:00|   NA|  NA|    NA|
|x|          1|         39|         29|  -0.4013894884|         77|00:20:00|+1.00|1.00|0.0000|
|x|          3|         39|         29|  -0.3911341792|        115|00:20:00|+1.00|1.00|0.0000|
|x|          5|         39|         29|  -0.3904116751|        153|00:20:00|+1.00|1.00|0.0000|
|!|          4|          1|         29|  -0.3911159209|        191|00:20:00|   NA|  NA|    NA|
|.|          6|          1|         29|  -0.3886519916|        191|23:59:59|   NA|  NA|    NA|
|.|          2|          1|         29|  -0.3916809911|        191|23:59:59|   NA|  NA|    NA|
+-+-----------+-----------+-----------+---------------+-----------+--------+-----+----+------+
Best-so-far configuration:          29    mean value:   -0.3916809911
Description of the best-so-far configuration:
   .ID. dataset  job_id cutoff metafolds           task sparse     f_eng1 f_eng2 scaling  algorithm pre_scaling extraction ext_components selection lr_C lr_solver multi_class  C kernel rf_estimators criterion_classification criterion_regression max_features max_depth min_samples_leaf solver alpha hidden_layers neurons1 activation n_neighbors  weights ab_estimators ab_learning_rate ab_loss whiten svd_solver ica_algorithm ica_fun dl_fit_algorithm dl_transform_algorithm sel_model sel_score_classification sel_score_regression sel_percentile sel_threshold max_iter lr_penalty degree gamma max_depth_value mlp_learning_rate learning_rate_init neurons2 neurons3 lr_dual .PARENT.
29   29   nsvhn 1795650     10         1 classification  False Extraction   none    True KNeighbors        True        PCA         0.0299      <NA>   NA      <NA>        <NA> NA   <NA>            NA                     <NA>                   NA           NA      <NA>               NA   <NA>    NA            NA       NA       <NA>          14 distance            NA               NA      NA   True randomized          <NA>    <NA>             <NA>                   <NA>      <NA>                     <NA>                   NA             NA          <NA>       NA       <NA>     NA    NA              NA              <NA>                 NA       NA       NA    <NA>       NA

# 2021-05-22 21:44:07 BRT: Elite configurations (first number is the configuration ID; listed from best to worst according to the sum of ranks):
   dataset  job_id cutoff metafolds           task sparse     f_eng1 f_eng2 scaling  algorithm pre_scaling extraction ext_components selection lr_C lr_solver multi_class  C kernel rf_estimators criterion_classification criterion_regression max_features max_depth min_samples_leaf solver alpha hidden_layers neurons1 activation n_neighbors  weights ab_estimators ab_learning_rate ab_loss whiten svd_solver ica_algorithm ica_fun dl_fit_algorithm dl_transform_algorithm sel_model sel_score_classification sel_score_regression sel_percentile sel_threshold max_iter lr_penalty degree gamma max_depth_value mlp_learning_rate learning_rate_init neurons2 neurons3 lr_dual
29   nsvhn 1795650     10         1 classification  False Extraction   none    True KNeighbors        True        PCA         0.0299      <NA>   NA      <NA>        <NA> NA   <NA>            NA                     <NA>                   NA           NA      <NA>               NA   <NA>    NA            NA       NA       <NA>          14 distance            NA               NA      NA   True randomized          <NA>    <NA>             <NA>                   <NA>      <NA>                     <NA>                   NA             NA          <NA>       NA       <NA>     NA    NA              NA              <NA>                 NA       NA       NA    <NA>
# 2021-05-22 21:44:07 BRT: Iteration 4 of 7
# experimentsUsedSoFar: 632
# remainingBudget: 1368
# currentBudget: 342
# nbConfigurations: 38
  Markers:
     x No test is performed.
     - The test is performed and some configurations are discarded.
     = The test is performed but no configuration is discarded.
     ! The test is performed and configurations could be discarded but elite configurations are preserved.
     . All alive configurations are elite and nothing is discarded

+-+-----------+-----------+-----------+---------------+-----------+--------+-----+----+------+
| |   Instance|      Alive|       Best|      Mean best| Exp so far|  W time|  rho|KenW|  Qvar|
+-+-----------+-----------+-----------+---------------+-----------+--------+-----+----+------+
|x|          8|         38|         29|  -0.3717184530|         38|00:18:30|   NA|  NA|    NA|
|x|          5|         38|         29|  -0.3799813080|         75|00:18:40|+1.00|1.00|0.0000|
|x|          1|         38|         29|  -0.3796829860|        112|00:18:25|+1.00|1.00|0.0000|
|x|          3|         38|         29|  -0.3774181297|        149|00:18:25|+1.00|1.00|0.0000|
|!|          4|          1|         29|  -0.3807210846|        186|00:18:28|   NA|  NA|    NA|
|.|          2|          1|         29|  -0.3855767352|        186|23:59:59|   NA|  NA|    NA|
|.|          6|          1|         29|  -0.3842561080|        186|23:59:59|   NA|  NA|    NA|
|.|          7|          1|         29|  -0.3891856739|        186|23:59:59|   NA|  NA|    NA|
+-+-----------+-----------+-----------+---------------+-----------+--------+-----+----+------+
Best-so-far configuration:          29    mean value:   -0.3891856739
Description of the best-so-far configuration:
   .ID. dataset  job_id cutoff metafolds           task sparse     f_eng1 f_eng2 scaling  algorithm pre_scaling extraction ext_components selection lr_C lr_solver multi_class  C kernel rf_estimators criterion_classification criterion_regression max_features max_depth min_samples_leaf solver alpha hidden_layers neurons1 activation n_neighbors  weights ab_estimators ab_learning_rate ab_loss whiten svd_solver ica_algorithm ica_fun dl_fit_algorithm dl_transform_algorithm sel_model sel_score_classification sel_score_regression sel_percentile sel_threshold max_iter lr_penalty degree gamma max_depth_value mlp_learning_rate learning_rate_init neurons2 neurons3 lr_dual .PARENT.
29   29   nsvhn 1795650     10         1 classification  False Extraction   none    True KNeighbors        True        PCA         0.0299      <NA>   NA      <NA>        <NA> NA   <NA>            NA                     <NA>                   NA           NA      <NA>               NA   <NA>    NA            NA       NA       <NA>          14 distance            NA               NA      NA   True randomized          <NA>    <NA>             <NA>                   <NA>      <NA>                     <NA>                   NA             NA          <NA>       NA       <NA>     NA    NA              NA              <NA>                 NA       NA       NA    <NA>       NA

# 2021-05-22 23:16:39 BRT: Elite configurations (first number is the configuration ID; listed from best to worst according to the sum of ranks):
   dataset  job_id cutoff metafolds           task sparse     f_eng1 f_eng2 scaling  algorithm pre_scaling extraction ext_components selection lr_C lr_solver multi_class  C kernel rf_estimators criterion_classification criterion_regression max_features max_depth min_samples_leaf solver alpha hidden_layers neurons1 activation n_neighbors  weights ab_estimators ab_learning_rate ab_loss whiten svd_solver ica_algorithm ica_fun dl_fit_algorithm dl_transform_algorithm sel_model sel_score_classification sel_score_regression sel_percentile sel_threshold max_iter lr_penalty degree gamma max_depth_value mlp_learning_rate learning_rate_init neurons2 neurons3 lr_dual
29   nsvhn 1795650     10         1 classification  False Extraction   none    True KNeighbors        True        PCA         0.0299      <NA>   NA      <NA>        <NA> NA   <NA>            NA                     <NA>                   NA           NA      <NA>               NA   <NA>    NA            NA       NA       <NA>          14 distance            NA               NA      NA   True randomized          <NA>    <NA>             <NA>                   <NA>      <NA>                     <NA>                   NA             NA          <NA>       NA       <NA>     NA    NA              NA              <NA>                 NA       NA       NA    <NA>
# 2021-05-22 23:16:39 BRT: Iteration 5 of 7
# experimentsUsedSoFar: 818
# remainingBudget: 1182
# currentBudget: 394
# nbConfigurations: 40
  Markers:
     x No test is performed.
     - The test is performed and some configurations are discarded.
     = The test is performed but no configuration is discarded.
     ! The test is performed and configurations could be discarded but elite configurations are preserved.
     . All alive configurations are elite and nothing is discarded

+-+-----------+-----------+-----------+---------------+-----------+--------+-----+----+------+
| |   Instance|      Alive|       Best|      Mean best| Exp so far|  W time|  rho|KenW|  Qvar|
+-+-----------+-----------+-----------+---------------+-----------+--------+-----+----+------+
|x|          9|         40|         29|  -0.3902520439|         40|00:20:00|   NA|  NA|    NA|
|x|          3|         40|         29|  -0.3804378023|         79|00:20:00|+0.82|0.91|0.1749|
|x|          4|         40|         29|  -0.3849361696|        118|00:20:00|+0.89|0.92|0.1166|
|x|          7|         40|         29|  -0.3946252859|        157|00:20:00|+0.92|0.94|0.0874|
|!|          1|          3|         29|  -0.3915174971|        196|00:20:00|+1.00|1.00|0.1029|
+-+-----------+-----------+-----------+---------------+-----------+--------+-----+----+------+
Best-so-far configuration:          29    mean value:   -0.3893041594
Description of the best-so-far configuration:
   .ID. dataset  job_id cutoff metafolds           task sparse     f_eng1 f_eng2 scaling  algorithm pre_scaling extraction ext_components selection lr_C lr_solver multi_class  C kernel rf_estimators criterion_classification criterion_regression max_features max_depth min_samples_leaf solver alpha hidden_layers neurons1 activation n_neighbors  weights ab_estimators ab_learning_rate ab_loss whiten svd_solver ica_algorithm ica_fun dl_fit_algorithm dl_transform_algorithm sel_model sel_score_classification sel_score_regression sel_percentile sel_threshold max_iter lr_penalty degree gamma max_depth_value mlp_learning_rate learning_rate_init neurons2 neurons3 lr_dual .PARENT.
29   29   nsvhn 1795650     10         1 classification  False Extraction   none    True KNeighbors        True        PCA         0.0299      <NA>   NA      <NA>        <NA> NA   <NA>            NA                     <NA>                   NA           NA      <NA>               NA   <NA>    NA            NA       NA       <NA>          14 distance            NA               NA      NA   True randomized          <NA>    <NA>             <NA>                   <NA>      <NA>                     <NA>                   NA             NA          <NA>       NA       <NA>     NA    NA              NA              <NA>                 NA       NA       NA    <NA>       NA

# 2021-05-23 00:56:44 BRT: Elite configurations (first number is the configuration ID; listed from best to worst according to the sum of ranks):
    dataset  job_id cutoff metafolds           task sparse     f_eng1 f_eng2 scaling  algorithm pre_scaling extraction ext_components selection lr_C lr_solver multi_class  C kernel rf_estimators criterion_classification criterion_regression max_features max_depth min_samples_leaf solver alpha hidden_layers neurons1 activation n_neighbors  weights ab_estimators ab_learning_rate ab_loss whiten svd_solver ica_algorithm ica_fun dl_fit_algorithm dl_transform_algorithm sel_model sel_score_classification sel_score_regression sel_percentile sel_threshold max_iter lr_penalty degree gamma max_depth_value mlp_learning_rate learning_rate_init neurons2 neurons3 lr_dual
29    nsvhn 1795650     10         1 classification  False Extraction   none    True KNeighbors        True        PCA         0.0299      <NA>   NA      <NA>        <NA> NA   <NA>            NA                     <NA>                   NA           NA      <NA>               NA   <NA>    NA            NA       NA       <NA>          14 distance            NA               NA      NA   True randomized          <NA>    <NA>             <NA>                   <NA>      <NA>                     <NA>                   NA             NA          <NA>       NA       <NA>     NA    NA              NA              <NA>                 NA       NA       NA    <NA>
200   nsvhn 1795650     10         1 classification  False Extraction   none    True KNeighbors        True        PCA         0.0289      <NA>   NA      <NA>        <NA> NA   <NA>            NA                     <NA>                   NA           NA      <NA>               NA   <NA>    NA            NA       NA       <NA>          33 distance            NA               NA      NA   True randomized          <NA>    <NA>             <NA>                   <NA>      <NA>                     <NA>                   NA             NA          <NA>       NA       <NA>     NA    NA              NA              <NA>                 NA       NA       NA    <NA>
199   nsvhn 1795650     10         1 classification  False       none   none    True KNeighbors        <NA>       <NA>             NA      <NA>   NA      <NA>        <NA> NA   <NA>            NA                     <NA>                   NA           NA      <NA>               NA   <NA>    NA            NA       NA       <NA>           7 distance            NA               NA      NA   <NA>       <NA>          <NA>    <NA>             <NA>                   <NA>      <NA>                     <NA>                   NA             NA          <NA>       NA       <NA>     NA    NA              NA              <NA>                 NA       NA       NA    <NA>
# 2021-05-23 00:56:44 BRT: Iteration 6 of 7
# experimentsUsedSoFar: 1014
# remainingBudget: 986
# currentBudget: 493
# nbConfigurations: 52
  Markers:
     x No test is performed.
     - The test is performed and some configurations are discarded.
     = The test is performed but no configuration is discarded.
     ! The test is performed and configurations could be discarded but elite configurations are preserved.
     . All alive configurations are elite and nothing is discarded

+-+-----------+-----------+-----------+---------------+-----------+--------+-----+----+------+
| |   Instance|      Alive|       Best|      Mean best| Exp so far|  W time|  rho|KenW|  Qvar|
+-+-----------+-----------+-----------+---------------+-----------+--------+-----+----+------+
|x|         10|         52|         29|  -0.4067051911|         52|00:20:01|   NA|  NA|    NA|
|x|          8|         52|         29|  -0.3892118221|        103|00:20:01|+0.86|0.93|0.1537|
|x|          7|         52|         29|  -0.4007054263|        152|00:20:01|+0.79|0.86|0.2375|
|x|          3|         52|         29|  -0.3931849599|        201|00:20:01|+0.82|0.86|0.2119|
|!|          5|          7|         29|  -0.3921968005|        252|00:20:01|+0.87|0.90|0.4316|
+-+-----------+-----------+-----------+---------------+-----------+--------+-----+----+------+
Best-so-far configuration:          29    mean value:   -0.3910442626
Description of the best-so-far configuration:
   .ID. dataset  job_id cutoff metafolds           task sparse     f_eng1 f_eng2 scaling  algorithm pre_scaling extraction ext_components selection lr_C lr_solver multi_class  C kernel rf_estimators criterion_classification criterion_regression max_features max_depth min_samples_leaf solver alpha hidden_layers neurons1 activation n_neighbors  weights ab_estimators ab_learning_rate ab_loss whiten svd_solver ica_algorithm ica_fun dl_fit_algorithm dl_transform_algorithm sel_model sel_score_classification sel_score_regression sel_percentile sel_threshold max_iter lr_penalty degree gamma max_depth_value mlp_learning_rate learning_rate_init neurons2 neurons3 lr_dual .PARENT.
29   29   nsvhn 1795650     10         1 classification  False Extraction   none    True KNeighbors        True        PCA         0.0299      <NA>   NA      <NA>        <NA> NA   <NA>            NA                     <NA>                   NA           NA      <NA>               NA   <NA>    NA            NA       NA       <NA>          14 distance            NA               NA      NA   True randomized          <NA>    <NA>             <NA>                   <NA>      <NA>                     <NA>                   NA             NA          <NA>       NA       <NA>     NA    NA              NA              <NA>                 NA       NA       NA    <NA>       NA

# 2021-05-23 02:36:55 BRT: Elite configurations (first number is the configuration ID; listed from best to worst according to the sum of ranks):
    dataset  job_id cutoff metafolds           task sparse     f_eng1 f_eng2 scaling  algorithm pre_scaling extraction ext_components selection lr_C lr_solver multi_class  C kernel rf_estimators criterion_classification criterion_regression max_features max_depth min_samples_leaf solver alpha hidden_layers neurons1 activation n_neighbors  weights ab_estimators ab_learning_rate ab_loss whiten svd_solver ica_algorithm ica_fun dl_fit_algorithm dl_transform_algorithm sel_model sel_score_classification sel_score_regression sel_percentile sel_threshold max_iter lr_penalty degree gamma max_depth_value mlp_learning_rate learning_rate_init neurons2 neurons3 lr_dual
29    nsvhn 1795650     10         1 classification  False Extraction   none    True KNeighbors        True        PCA         0.0299      <NA>   NA      <NA>        <NA> NA   <NA>            NA                     <NA>                   NA           NA      <NA>               NA   <NA>    NA            NA       NA       <NA>          14 distance            NA               NA      NA   True randomized          <NA>    <NA>             <NA>                   <NA>      <NA>                     <NA>                   NA             NA          <NA>       NA       <NA>     NA    NA              NA              <NA>                 NA       NA       NA    <NA>
200   nsvhn 1795650     10         1 classification  False Extraction   none    True KNeighbors        True        PCA         0.0289      <NA>   NA      <NA>        <NA> NA   <NA>            NA                     <NA>                   NA           NA      <NA>               NA   <NA>    NA            NA       NA       <NA>          33 distance            NA               NA      NA   True randomized          <NA>    <NA>             <NA>                   <NA>      <NA>                     <NA>                   NA             NA          <NA>       NA       <NA>     NA    NA              NA              <NA>                 NA       NA       NA    <NA>
199   nsvhn 1795650     10         1 classification  False       none   none    True KNeighbors        <NA>       <NA>             NA      <NA>   NA      <NA>        <NA> NA   <NA>            NA                     <NA>                   NA           NA      <NA>               NA   <NA>    NA            NA       NA       <NA>           7 distance            NA               NA      NA   <NA>       <NA>          <NA>    <NA>             <NA>                   <NA>      <NA>                     <NA>                   NA             NA          <NA>       NA       <NA>     NA    NA              NA              <NA>                 NA       NA       NA    <NA>
239   nsvhn 1795650     10         1 classification  False Extraction   none    True KNeighbors        True        PCA         0.0273      <NA>   NA      <NA>        <NA> NA   <NA>            NA                     <NA>                   NA           NA      <NA>               NA   <NA>    NA            NA       NA       <NA>          31 distance            NA               NA      NA   True randomized          <NA>    <NA>             <NA>                   <NA>      <NA>                     <NA>                   NA             NA          <NA>       NA       <NA>     NA    NA              NA              <NA>                 NA       NA       NA    <NA>
251   nsvhn 1795650     10         1 classification  False       none   none    True KNeighbors        <NA>       <NA>             NA      <NA>   NA      <NA>        <NA> NA   <NA>            NA                     <NA>                   NA           NA      <NA>               NA   <NA>    NA            NA       NA       <NA>          38 distance            NA               NA      NA   <NA>       <NA>          <NA>    <NA>             <NA>                   <NA>      <NA>                     <NA>                   NA             NA          <NA>       NA       <NA>     NA    NA              NA              <NA>                 NA       NA       NA    <NA>
241   nsvhn 1795650     10         1 classification  False       none   none    True KNeighbors        <NA>       <NA>             NA      <NA>   NA      <NA>        <NA> NA   <NA>            NA                     <NA>                   NA           NA      <NA>               NA   <NA>    NA            NA       NA       <NA>          43 distance            NA               NA      NA   <NA>       <NA>          <NA>    <NA>             <NA>                   <NA>      <NA>                     <NA>                   NA             NA          <NA>       NA       <NA>     NA    NA              NA              <NA>                 NA       NA       NA    <NA>
244   nsvhn 1795650     10         1 classification  False       none   none    True KNeighbors        <NA>       <NA>             NA      <NA>   NA      <NA>        <NA> NA   <NA>            NA                     <NA>                   NA           NA      <NA>               NA   <NA>    NA            NA       NA       <NA>           2 distance            NA               NA      NA   <NA>       <NA>          <NA>    <NA>             <NA>                   <NA>      <NA>                     <NA>                   NA             NA          <NA>       NA       <NA>     NA    NA              NA              <NA>                 NA       NA       NA    <NA>
# 2021-05-23 02:36:55 BRT: Iteration 7 of 7
# experimentsUsedSoFar: 1266
# remainingBudget: 734
# currentBudget: 734
# nbConfigurations: 73
  Markers:
     x No test is performed.
     - The test is performed and some configurations are discarded.
     = The test is performed but no configuration is discarded.
     ! The test is performed and configurations could be discarded but elite configurations are preserved.
     . All alive configurations are elite and nothing is discarded

+-+-----------+-----------+-----------+---------------+-----------+--------+-----+----+------+
| |   Instance|      Alive|       Best|      Mean best| Exp so far|  W time|  rho|KenW|  Qvar|
+-+-----------+-----------+-----------+---------------+-----------+--------+-----+----+------+
|x|          6|         73|         29|  -0.3763323447|         72|00:23:39|   NA|  NA|    NA|
|x|          1|         73|         29|  -0.3777093434|        142|00:23:05|+0.92|0.96|0.0727|
|x|          3|         73|         29|  -0.3753474158|        208|00:21:25|+0.76|0.84|0.2424|
|x|          9|         73|         29|  -0.3790735729|        278|00:23:11|+0.82|0.86|0.1864|
|!|          8|         11|         29|  -0.3776025489|        344|00:21:24|+0.78|0.82|0.6017|
|!|          2|          8|         29|  -0.3829779555|        354|00:01:45|+0.89|0.91|0.3647|
|-|         10|          8|         29|  -0.3863675606|        355|00:00:10|+0.88|0.90|0.4625|
|-|          4|          8|         29|  -0.3873132285|        360|00:01:25|+0.89|0.90|0.4103|
|-|          7|          8|         29|  -0.3913553848|        361|00:00:10|+0.89|0.90|0.3658|
|!|          5|          2|         29|  -0.3910442626|        362|00:00:10|-0.11|0.00|0.5556|
+-+-----------+-----------+-----------+---------------+-----------+--------+-----+----+------+
Best-so-far configuration:          29    mean value:   -0.3910442626
Description of the best-so-far configuration:
   .ID. dataset  job_id cutoff metafolds           task sparse     f_eng1 f_eng2 scaling  algorithm pre_scaling extraction ext_components selection lr_C lr_solver multi_class  C kernel rf_estimators criterion_classification criterion_regression max_features max_depth min_samples_leaf solver alpha hidden_layers neurons1 activation n_neighbors  weights ab_estimators ab_learning_rate ab_loss whiten svd_solver ica_algorithm ica_fun dl_fit_algorithm dl_transform_algorithm sel_model sel_score_classification sel_score_regression sel_percentile sel_threshold max_iter lr_penalty degree gamma max_depth_value mlp_learning_rate learning_rate_init neurons2 neurons3 lr_dual .PARENT.
29   29   nsvhn 1795650     10         1 classification  False Extraction   none    True KNeighbors        True        PCA         0.0299      <NA>   NA      <NA>        <NA> NA   <NA>            NA                     <NA>                   NA           NA      <NA>               NA   <NA>    NA            NA       NA       <NA>          14 distance            NA               NA      NA   True randomized          <NA>    <NA>             <NA>                   <NA>      <NA>                     <NA>                   NA             NA          <NA>       NA       <NA>     NA    NA              NA              <NA>                 NA       NA       NA    <NA>       NA

# 2021-05-23 04:33:27 BRT: Elite configurations (first number is the configuration ID; listed from best to worst according to the sum of ranks):
    dataset  job_id cutoff metafolds           task sparse     f_eng1 f_eng2 scaling  algorithm pre_scaling extraction ext_components selection lr_C lr_solver multi_class  C kernel rf_estimators criterion_classification criterion_regression max_features max_depth min_samples_leaf solver alpha hidden_layers neurons1 activation n_neighbors  weights ab_estimators ab_learning_rate ab_loss whiten svd_solver ica_algorithm ica_fun dl_fit_algorithm dl_transform_algorithm sel_model sel_score_classification sel_score_regression sel_percentile sel_threshold max_iter lr_penalty degree gamma max_depth_value mlp_learning_rate learning_rate_init neurons2 neurons3 lr_dual
29    nsvhn 1795650     10         1 classification  False Extraction   none    True KNeighbors        True        PCA         0.0299      <NA>   NA      <NA>        <NA> NA   <NA>            NA                     <NA>                   NA           NA      <NA>               NA   <NA>    NA            NA       NA       <NA>          14 distance            NA               NA      NA   True randomized          <NA>    <NA>             <NA>                   <NA>      <NA>                     <NA>                   NA             NA          <NA>       NA       <NA>     NA    NA              NA              <NA>                 NA       NA       NA    <NA>
289   nsvhn 1795650     10         1 classification  False Extraction   none    True KNeighbors        True        PCA         0.0141      <NA>   NA      <NA>        <NA> NA   <NA>            NA                     <NA>                   NA           NA      <NA>               NA   <NA>    NA            NA       NA       <NA>          73 distance            NA               NA      NA   True randomized          <NA>    <NA>             <NA>                   <NA>      <NA>                     <NA>                   NA             NA          <NA>       NA       <NA>     NA    NA              NA              <NA>                 NA       NA       NA    <NA>
# 2021-05-23 04:33:27 BRT: Iteration 8 of 8
# experimentsUsedSoFar: 1628
# remainingBudget: 372
# currentBudget: 372
# nbConfigurations: 35
  Markers:
     x No test is performed.
     - The test is performed and some configurations are discarded.
     = The test is performed but no configuration is discarded.
     ! The test is performed and configurations could be discarded but elite configurations are preserved.
     . All alive configurations are elite and nothing is discarded

+-+-----------+-----------+-----------+---------------+-----------+--------+-----+----+------+
| |   Instance|      Alive|       Best|      Mean best| Exp so far|  W time|  rho|KenW|  Qvar|
+-+-----------+-----------+-----------+---------------+-----------+--------+-----+----+------+
|x|         10|         35|         29|  -0.4067051911|         33|00:10:18|   NA|  NA|    NA|
|x|          2|         35|         29|  -0.4082800898|         66|00:10:18|+1.00|1.00|0.0000|
|x|          1|         35|         29|  -0.3985488406|         99|00:10:18|+1.00|1.00|0.0000|
|x|          5|         35|         29|  -0.3959726712|        132|00:10:18|+1.00|1.00|0.0000|
|!|          4|          2|        289|  -0.4017431987|        165|00:10:18|-0.20|0.04|0.6000|
|.|          7|          2|        289|  -0.4081761965|        165|23:59:59|-0.07|0.11|0.5333|
|.|          8|          2|        289|  -0.4009125271|        165|23:59:59|-0.14|0.02|0.5714|
|.|          6|          2|        289|  -0.3976359651|        165|23:59:59|-0.14|0.00|0.5714|
|.|          9|          2|        289|  -0.3939304476|        165|23:59:59|-0.11|0.01|0.5556|
|.|          3|          2|        289|  -0.3927164857|        165|23:59:59|-0.11|0.00|0.5556|
+-+-----------+-----------+-----------+---------------+-----------+--------+-----+----+------+
Best-so-far configuration:          29    mean value:   -0.3910442626
Description of the best-so-far configuration:
   .ID. dataset  job_id cutoff metafolds           task sparse     f_eng1 f_eng2 scaling  algorithm pre_scaling extraction ext_components selection lr_C lr_solver multi_class  C kernel rf_estimators criterion_classification criterion_regression max_features max_depth min_samples_leaf solver alpha hidden_layers neurons1 activation n_neighbors  weights ab_estimators ab_learning_rate ab_loss whiten svd_solver ica_algorithm ica_fun dl_fit_algorithm dl_transform_algorithm sel_model sel_score_classification sel_score_regression sel_percentile sel_threshold max_iter lr_penalty degree gamma max_depth_value mlp_learning_rate learning_rate_init neurons2 neurons3 lr_dual .PARENT.
29   29   nsvhn 1795650     10         1 classification  False Extraction   none    True KNeighbors        True        PCA         0.0299      <NA>   NA      <NA>        <NA> NA   <NA>            NA                     <NA>                   NA           NA      <NA>               NA   <NA>    NA            NA       NA       <NA>          14 distance            NA               NA      NA   True randomized          <NA>    <NA>             <NA>                   <NA>      <NA>                     <NA>                   NA             NA          <NA>       NA       <NA>     NA    NA              NA              <NA>                 NA       NA       NA    <NA>       NA

# 2021-05-23 05:25:01 BRT: Elite configurations (first number is the configuration ID; listed from best to worst according to the sum of ranks):
    dataset  job_id cutoff metafolds           task sparse     f_eng1 f_eng2 scaling  algorithm pre_scaling extraction ext_components selection lr_C lr_solver multi_class  C kernel rf_estimators criterion_classification criterion_regression max_features max_depth min_samples_leaf solver alpha hidden_layers neurons1 activation n_neighbors  weights ab_estimators ab_learning_rate ab_loss whiten svd_solver ica_algorithm ica_fun dl_fit_algorithm dl_transform_algorithm sel_model sel_score_classification sel_score_regression sel_percentile sel_threshold max_iter lr_penalty degree gamma max_depth_value mlp_learning_rate learning_rate_init neurons2 neurons3 lr_dual
29    nsvhn 1795650     10         1 classification  False Extraction   none    True KNeighbors        True        PCA         0.0299      <NA>   NA      <NA>        <NA> NA   <NA>            NA                     <NA>                   NA           NA      <NA>               NA   <NA>    NA            NA       NA       <NA>          14 distance            NA               NA      NA   True randomized          <NA>    <NA>             <NA>                   <NA>      <NA>                     <NA>                   NA             NA          <NA>       NA       <NA>     NA    NA              NA              <NA>                 NA       NA       NA    <NA>
289   nsvhn 1795650     10         1 classification  False Extraction   none    True KNeighbors        True        PCA         0.0141      <NA>   NA      <NA>        <NA> NA   <NA>            NA                     <NA>                   NA           NA      <NA>               NA   <NA>    NA            NA       NA       <NA>          73 distance            NA               NA      NA   True randomized          <NA>    <NA>             <NA>                   <NA>      <NA>                     <NA>                   NA             NA          <NA>       NA       <NA>     NA    NA              NA              <NA>                 NA       NA       NA    <NA>
# 2021-05-23 05:25:01 BRT: Iteration 9 of 9
# experimentsUsedSoFar: 1793
# remainingBudget: 207
# currentBudget: 207
# nbConfigurations: 20
  Markers:
     x No test is performed.
     - The test is performed and some configurations are discarded.
     = The test is performed but no configuration is discarded.
     ! The test is performed and configurations could be discarded but elite configurations are preserved.
     . All alive configurations are elite and nothing is discarded

+-+-----------+-----------+-----------+---------------+-----------+--------+-----+----+------+
| |   Instance|      Alive|       Best|      Mean best| Exp so far|  W time|  rho|KenW|  Qvar|
+-+-----------+-----------+-----------+---------------+-----------+--------+-----+----+------+
|x|          6|         20|        351|  -0.4270562582|         18|00:10:00|   NA|  NA|    NA|
|x|          5|         20|        351|  -0.4353629509|         36|00:10:00|+1.00|1.00|0.0000|
|x|          1|         20|        351|  -0.4303571027|         54|00:10:00|+1.00|1.00|0.0000|
|x|          9|         20|        351|  -0.4266061866|         72|00:10:00|+1.00|1.00|0.0000|
|!|          8|          3|        351|  -0.4251317733|         90|00:10:00|+0.80|0.84|0.0329|
+-+-----------+-----------+-----------+---------------+-----------+--------+-----+----+------+
Best-so-far configuration:          29    mean value:   -0.3910442626
Description of the best-so-far configuration:
   .ID. dataset  job_id cutoff metafolds           task sparse     f_eng1 f_eng2 scaling  algorithm pre_scaling extraction ext_components selection lr_C lr_solver multi_class  C kernel rf_estimators criterion_classification criterion_regression max_features max_depth min_samples_leaf solver alpha hidden_layers neurons1 activation n_neighbors  weights ab_estimators ab_learning_rate ab_loss whiten svd_solver ica_algorithm ica_fun dl_fit_algorithm dl_transform_algorithm sel_model sel_score_classification sel_score_regression sel_percentile sel_threshold max_iter lr_penalty degree gamma max_depth_value mlp_learning_rate learning_rate_init neurons2 neurons3 lr_dual .PARENT.
29   29   nsvhn 1795650     10         1 classification  False Extraction   none    True KNeighbors        True        PCA         0.0299      <NA>   NA      <NA>        <NA> NA   <NA>            NA                     <NA>                   NA           NA      <NA>               NA   <NA>    NA            NA       NA       <NA>          14 distance            NA               NA      NA   True randomized          <NA>    <NA>             <NA>                   <NA>      <NA>                     <NA>                   NA             NA          <NA>       NA       <NA>     NA    NA              NA              <NA>                 NA       NA       NA    <NA>       NA

# 2021-05-23 06:15:03 BRT: Elite configurations (first number is the configuration ID; listed from best to worst according to the sum of ranks):
    dataset  job_id cutoff metafolds           task sparse     f_eng1 f_eng2 scaling  algorithm pre_scaling extraction ext_components selection lr_C lr_solver multi_class  C kernel rf_estimators criterion_classification criterion_regression max_features max_depth min_samples_leaf solver alpha hidden_layers neurons1 activation n_neighbors  weights ab_estimators ab_learning_rate ab_loss whiten svd_solver ica_algorithm ica_fun dl_fit_algorithm dl_transform_algorithm sel_model sel_score_classification sel_score_regression sel_percentile sel_threshold max_iter lr_penalty degree gamma max_depth_value mlp_learning_rate learning_rate_init neurons2 neurons3 lr_dual
29    nsvhn 1795650     10         1 classification  False Extraction   none    True KNeighbors        True        PCA         0.0299      <NA>   NA      <NA>        <NA> NA   <NA>            NA                     <NA>                   NA           NA      <NA>               NA   <NA>    NA            NA       NA       <NA>          14 distance            NA               NA      NA   True randomized          <NA>    <NA>             <NA>                   <NA>      <NA>                     <NA>                   NA             NA          <NA>       NA       <NA>     NA    NA              NA              <NA>                 NA       NA       NA    <NA>
289   nsvhn 1795650     10         1 classification  False Extraction   none    True KNeighbors        True        PCA         0.0141      <NA>   NA      <NA>        <NA> NA   <NA>            NA                     <NA>                   NA           NA      <NA>               NA   <NA>    NA            NA       NA       <NA>          73 distance            NA               NA      NA   True randomized          <NA>    <NA>             <NA>                   <NA>      <NA>                     <NA>                   NA             NA          <NA>       NA       <NA>     NA    NA              NA              <NA>                 NA       NA       NA    <NA>
351   nsvhn 1795650     10         1 classification  False Extraction   none    True KNeighbors        True        PCA         0.0152      <NA>   NA      <NA>        <NA> NA   <NA>            NA                     <NA>                   NA           NA      <NA>               NA   <NA>    NA            NA       NA       <NA>          36 distance            NA               NA      NA   True randomized          <NA>    <NA>             <NA>                   <NA>      <NA>                     <NA>                   NA             NA          <NA>       NA       <NA>     NA    NA              NA              <NA>                 NA       NA       NA    <NA>
# 2021-05-23 06:15:03 BRT: Iteration 10 of 10
# experimentsUsedSoFar: 1883
# remainingBudget: 117
# currentBudget: 117
# nbConfigurations: 13
  Markers:
     x No test is performed.
     - The test is performed and some configurations are discarded.
     = The test is performed but no configuration is discarded.
     ! The test is performed and configurations could be discarded but elite configurations are preserved.
     . All alive configurations are elite and nothing is discarded

+-+-----------+-----------+-----------+---------------+-----------+--------+-----+----+------+
| |   Instance|      Alive|       Best|      Mean best| Exp so far|  W time|  rho|KenW|  Qvar|
+-+-----------+-----------+-----------+---------------+-----------+--------+-----+----+------+
|x|         10|         13|        351|  -0.4467889956|         11|00:06:29|   NA|  NA|    NA|
|x|          1|         13|        351|  -0.4335672010|         21|00:06:24|+0.99|0.99|0.0043|
|x|          3|         13|        351|  -0.4292330851|         32|00:06:27|+0.98|0.99|0.0044|
|x|          4|         13|        351|  -0.4346755671|         43|00:06:31|+0.98|0.98|0.0158|
|!|          6|          3|        351|  -0.4331517053|         53|00:06:19|+0.70|0.76|0.0452|
|.|          8|          3|        351|  -0.4308321078|         53|23:59:59|+0.73|0.78|0.0473|
+-+-----------+-----------+-----------+---------------+-----------+--------+-----+----+------+
Best-so-far configuration:          29    mean value:   -0.3910442626
Description of the best-so-far configuration:
   .ID. dataset  job_id cutoff metafolds           task sparse     f_eng1 f_eng2 scaling  algorithm pre_scaling extraction ext_components selection lr_C lr_solver multi_class  C kernel rf_estimators criterion_classification criterion_regression max_features max_depth min_samples_leaf solver alpha hidden_layers neurons1 activation n_neighbors  weights ab_estimators ab_learning_rate ab_loss whiten svd_solver ica_algorithm ica_fun dl_fit_algorithm dl_transform_algorithm sel_model sel_score_classification sel_score_regression sel_percentile sel_threshold max_iter lr_penalty degree gamma max_depth_value mlp_learning_rate learning_rate_init neurons2 neurons3 lr_dual .PARENT.
29   29   nsvhn 1795650     10         1 classification  False Extraction   none    True KNeighbors        True        PCA         0.0299      <NA>   NA      <NA>        <NA> NA   <NA>            NA                     <NA>                   NA           NA      <NA>               NA   <NA>    NA            NA       NA       <NA>          14 distance            NA               NA      NA   True randomized          <NA>    <NA>             <NA>                   <NA>      <NA>                     <NA>                   NA             NA          <NA>       NA       <NA>     NA    NA              NA              <NA>                 NA       NA       NA    <NA>       NA

# 2021-05-23 06:47:16 BRT: Elite configurations (first number is the configuration ID; listed from best to worst according to the sum of ranks):
    dataset  job_id cutoff metafolds           task sparse     f_eng1 f_eng2 scaling  algorithm pre_scaling extraction ext_components selection lr_C lr_solver multi_class  C kernel rf_estimators criterion_classification criterion_regression max_features max_depth min_samples_leaf solver alpha hidden_layers neurons1 activation n_neighbors  weights ab_estimators ab_learning_rate ab_loss whiten svd_solver ica_algorithm ica_fun dl_fit_algorithm dl_transform_algorithm sel_model sel_score_classification sel_score_regression sel_percentile sel_threshold max_iter lr_penalty degree gamma max_depth_value mlp_learning_rate learning_rate_init neurons2 neurons3 lr_dual
29    nsvhn 1795650     10         1 classification  False Extraction   none    True KNeighbors        True        PCA         0.0299      <NA>   NA      <NA>        <NA> NA   <NA>            NA                     <NA>                   NA           NA      <NA>               NA   <NA>    NA            NA       NA       <NA>          14 distance            NA               NA      NA   True randomized          <NA>    <NA>             <NA>                   <NA>      <NA>                     <NA>                   NA             NA          <NA>       NA       <NA>     NA    NA              NA              <NA>                 NA       NA       NA    <NA>
289   nsvhn 1795650     10         1 classification  False Extraction   none    True KNeighbors        True        PCA         0.0141      <NA>   NA      <NA>        <NA> NA   <NA>            NA                     <NA>                   NA           NA      <NA>               NA   <NA>    NA            NA       NA       <NA>          73 distance            NA               NA      NA   True randomized          <NA>    <NA>             <NA>                   <NA>      <NA>                     <NA>                   NA             NA          <NA>       NA       <NA>     NA    NA              NA              <NA>                 NA       NA       NA    <NA>
351   nsvhn 1795650     10         1 classification  False Extraction   none    True KNeighbors        True        PCA         0.0152      <NA>   NA      <NA>        <NA> NA   <NA>            NA                     <NA>                   NA           NA      <NA>               NA   <NA>    NA            NA       NA       <NA>          36 distance            NA               NA      NA   True randomized          <NA>    <NA>             <NA>                   <NA>      <NA>                     <NA>                   NA             NA          <NA>       NA       <NA>     NA    NA              NA              <NA>                 NA       NA       NA    <NA>
# 2021-05-23 06:47:16 BRT: Iteration 11 of 11
# experimentsUsedSoFar: 1936
# remainingBudget: 64
# currentBudget: 64
# nbConfigurations: 8
  Markers:
     x No test is performed.
     - The test is performed and some configurations are discarded.
     = The test is performed but no configuration is discarded.
     ! The test is performed and configurations could be discarded but elite configurations are preserved.
     . All alive configurations are elite and nothing is discarded

+-+-----------+-----------+-----------+---------------+-----------+--------+-----+----+------+
| |   Instance|      Alive|       Best|      Mean best| Exp so far|  W time|  rho|KenW|  Qvar|
+-+-----------+-----------+-----------+---------------+-----------+--------+-----+----+------+
|x|          6|          8|        351|  -0.4270562582|          5|00:02:10|   NA|  NA|    NA|
|x|          1|          8|        351|  -0.4237008322|         10|00:02:09|+1.00|1.00|0.0040|
|x|          9|          8|        351|  -0.4209183676|         15|00:02:09|+1.00|1.00|0.0207|
|x|          7|          8|        351|  -0.4370901935|         21|00:02:19|+0.99|0.99|0.0188|
|!|          4|          3|        351|  -0.4398727574|         26|00:02:09|+0.70|0.76|0.0978|
+-+-----------+-----------+-----------+---------------+-----------+--------+-----+----+------+
Best-so-far configuration:          29    mean value:   -0.3910442626
Description of the best-so-far configuration:
   .ID. dataset  job_id cutoff metafolds           task sparse     f_eng1 f_eng2 scaling  algorithm pre_scaling extraction ext_components selection lr_C lr_solver multi_class  C kernel rf_estimators criterion_classification criterion_regression max_features max_depth min_samples_leaf solver alpha hidden_layers neurons1 activation n_neighbors  weights ab_estimators ab_learning_rate ab_loss whiten svd_solver ica_algorithm ica_fun dl_fit_algorithm dl_transform_algorithm sel_model sel_score_classification sel_score_regression sel_percentile sel_threshold max_iter lr_penalty degree gamma max_depth_value mlp_learning_rate learning_rate_init neurons2 neurons3 lr_dual .PARENT.
29   29   nsvhn 1795650     10         1 classification  False Extraction   none    True KNeighbors        True        PCA         0.0299      <NA>   NA      <NA>        <NA> NA   <NA>            NA                     <NA>                   NA           NA      <NA>               NA   <NA>    NA            NA       NA       <NA>          14 distance            NA               NA      NA   True randomized          <NA>    <NA>             <NA>                   <NA>      <NA>                     <NA>                   NA             NA          <NA>       NA       <NA>     NA    NA              NA              <NA>                 NA       NA       NA    <NA>       NA

# 2021-05-23 06:58:14 BRT: Elite configurations (first number is the configuration ID; listed from best to worst according to the sum of ranks):
    dataset  job_id cutoff metafolds           task sparse     f_eng1 f_eng2 scaling  algorithm pre_scaling extraction ext_components selection lr_C lr_solver multi_class  C kernel rf_estimators criterion_classification criterion_regression max_features max_depth min_samples_leaf solver alpha hidden_layers neurons1 activation n_neighbors  weights ab_estimators ab_learning_rate ab_loss whiten svd_solver ica_algorithm ica_fun dl_fit_algorithm dl_transform_algorithm sel_model sel_score_classification sel_score_regression sel_percentile sel_threshold max_iter lr_penalty degree gamma max_depth_value mlp_learning_rate learning_rate_init neurons2 neurons3 lr_dual
29    nsvhn 1795650     10         1 classification  False Extraction   none    True KNeighbors        True        PCA         0.0299      <NA>   NA      <NA>        <NA> NA   <NA>            NA                     <NA>                   NA           NA      <NA>               NA   <NA>    NA            NA       NA       <NA>          14 distance            NA               NA      NA   True randomized          <NA>    <NA>             <NA>                   <NA>      <NA>                     <NA>                   NA             NA          <NA>       NA       <NA>     NA    NA              NA              <NA>                 NA       NA       NA    <NA>
289   nsvhn 1795650     10         1 classification  False Extraction   none    True KNeighbors        True        PCA         0.0141      <NA>   NA      <NA>        <NA> NA   <NA>            NA                     <NA>                   NA           NA      <NA>               NA   <NA>    NA            NA       NA       <NA>          73 distance            NA               NA      NA   True randomized          <NA>    <NA>             <NA>                   <NA>      <NA>                     <NA>                   NA             NA          <NA>       NA       <NA>     NA    NA              NA              <NA>                 NA       NA       NA    <NA>
351   nsvhn 1795650     10         1 classification  False Extraction   none    True KNeighbors        True        PCA         0.0152      <NA>   NA      <NA>        <NA> NA   <NA>            NA                     <NA>                   NA           NA      <NA>               NA   <NA>    NA            NA       NA       <NA>          36 distance            NA               NA      NA   True randomized          <NA>    <NA>             <NA>                   <NA>      <NA>                     <NA>                   NA             NA          <NA>       NA       <NA>     NA    NA              NA              <NA>                 NA       NA       NA    <NA>
# 2021-05-23 06:58:14 BRT: Stopped because there is not enough budget left to race more than the minimum (7)
# You may either increase the budget or set 'minNbSurvival' to a lower value
# Iteration: 12
# nbIterations: 12
# experimentsUsedSoFar: 1962
# timeUsed: 0
# remainingBudget: 38
# currentBudget: 38
# number of elites: 3
# nbConfigurations: 6
# Best configurations (first number is the configuration ID; listed from best to worst according to the sum of ranks):
    dataset  job_id cutoff metafolds           task sparse     f_eng1 f_eng2 scaling  algorithm pre_scaling extraction ext_components selection lr_C lr_solver multi_class  C kernel rf_estimators criterion_classification criterion_regression max_features max_depth min_samples_leaf solver alpha hidden_layers neurons1 activation n_neighbors  weights ab_estimators ab_learning_rate ab_loss whiten svd_solver ica_algorithm ica_fun dl_fit_algorithm dl_transform_algorithm sel_model sel_score_classification sel_score_regression sel_percentile sel_threshold max_iter lr_penalty degree gamma max_depth_value mlp_learning_rate learning_rate_init neurons2 neurons3 lr_dual
29    nsvhn 1795650     10         1 classification  False Extraction   none    True KNeighbors        True        PCA         0.0299      <NA>   NA      <NA>        <NA> NA   <NA>            NA                     <NA>                   NA           NA      <NA>               NA   <NA>    NA            NA       NA       <NA>          14 distance            NA               NA      NA   True randomized          <NA>    <NA>             <NA>                   <NA>      <NA>                     <NA>                   NA             NA          <NA>       NA       <NA>     NA    NA              NA              <NA>                 NA       NA       NA    <NA>
289   nsvhn 1795650     10         1 classification  False Extraction   none    True KNeighbors        True        PCA         0.0141      <NA>   NA      <NA>        <NA> NA   <NA>            NA                     <NA>                   NA           NA      <NA>               NA   <NA>    NA            NA       NA       <NA>          73 distance            NA               NA      NA   True randomized          <NA>    <NA>             <NA>                   <NA>      <NA>                     <NA>                   NA             NA          <NA>       NA       <NA>     NA    NA              NA              <NA>                 NA       NA       NA    <NA>
351   nsvhn 1795650     10         1 classification  False Extraction   none    True KNeighbors        True        PCA         0.0152      <NA>   NA      <NA>        <NA> NA   <NA>            NA                     <NA>                   NA           NA      <NA>               NA   <NA>    NA            NA       NA       <NA>          36 distance            NA               NA      NA   True randomized          <NA>    <NA>             <NA>                   <NA>      <NA>                     <NA>                   NA             NA          <NA>       NA       <NA>     NA    NA              NA              <NA>                 NA       NA       NA    <NA>
# Best configurations as commandlines (first number is the configuration ID; same order as above):
29   --dataset nsvhn --job_id 1795650 --cutoff 10 --metafolds 1 --task classification --sparse False --f_eng1 Extraction --f_eng2 none --pre_scaling True --extraction PCA --ext_components 0.0299 --whiten True --svd_solver randomized --scaling True --algorithm KNeighbors --n_neighbors 14 --weights distance
289  --dataset nsvhn --job_id 1795650 --cutoff 10 --metafolds 1 --task classification --sparse False --f_eng1 Extraction --f_eng2 none --pre_scaling True --extraction PCA --ext_components 0.0141 --whiten True --svd_solver randomized --scaling True --algorithm KNeighbors --n_neighbors 73 --weights distance
351  --dataset nsvhn --job_id 1795650 --cutoff 10 --metafolds 1 --task classification --sparse False --f_eng1 Extraction --f_eng2 none --pre_scaling True --extraction PCA --ext_components 0.0152 --whiten True --svd_solver randomized --scaling True --algorithm KNeighbors --n_neighbors 36 --weights distance
