*******************************************************************************
* irace: An implementation in R of Iterated Race
* Version: 3.1.2112M
* Copyright (C) 2010-2018
* Manuel Lopez-Ibanez     <manuel.lopez-ibanez@manchester.ac.uk>
* Jeremie Dubois-Lacoste  
* Leslie Perez Caceres    <leslie.perez.caceres@ulb.ac.be>
*
* This is free software, and you are welcome to redistribute it under certain
* conditions.  See the GNU General Public License for details. There is NO
* WARRANTY; not even for MERCHANTABILITY or FITNESS FOR A PARTICULAR PURPOSE.
*
* irace builds upon previous code from the race package:
*
* race: Racing methods for the selection of the best
* Copyright (C) 2003 Mauro Birattari
*******************************************************************************
# installed at: /home/cemvieira/bin/R/irace
# called with: -s scenario.txt --max-experiments 2000 -p ./cifar100/parameters-1554114.txt --parallel 32 --train-instances-file cifar100/instances.txt --log-file ./output/cifar100/cifar100-3f2k15m-irace-1554114.Rdata
# 8 expression(s) specifying forbidden configurations read from '/home/cemvieira/isklearn/forbidden.txt'
# 2020-07-04 19:02:31 BRT: Initialization
# Elitist race
# Elitist new instances: 1
# Elitist limit: 2
# nbIterations: 7
# minNbSurvival: 7
# nbParameters: 50
# seed: 1397443722
# confidence level: 0.95
# budget: 2000
# mu: 5
# deterministic: TRUE

# 2020-07-04 19:02:31 BRT: Iteration 1 of 7
# experimentsUsedSoFar: 0
# remainingBudget: 2000
# currentBudget: 285
# nbConfigurations: 47
  Markers:
     x No test is performed.
     - The test is performed and some configurations are discarded.
     = The test is performed but no configuration is discarded.
     ! The test is performed and configurations could be discarded but elite configurations are preserved.
     . All alive configurations are elite and nothing is discarded

+-+-----------+-----------+-----------+---------------+-----------+--------+-----+----+------+
| |   Instance|      Alive|       Best|      Mean best| Exp so far|  W time|  rho|KenW|  Qvar|
+-+-----------+-----------+-----------+---------------+-----------+--------+-----+----+------+
|x|          1|         47|          6| -0.02986666667|         47|00:30:13|   NA|  NA|    NA|
|x|          2|         47|          6| -0.02900000000|         94|00:30:02|+1.00|1.00|0.0000|
|x|          3|         47|          6| -0.02911111111|        141|00:30:02|+1.00|1.00|0.0000|
|x|          4|         47|          6| -0.02943333333|        188|00:30:02|+1.00|1.00|0.0000|
|!|          5|          1|          6| -0.02928000000|        235|00:30:02|   NA|  NA|    NA|
+-+-----------+-----------+-----------+---------------+-----------+--------+-----+----+------+
Best-so-far configuration:           6    mean value:  -0.02928000000
Description of the best-so-far configuration:
  .ID.  dataset  job_id cutoff metafolds           task sparse    f_eng1 f_eng2 scaling    algorithm pre_scaling extraction ext_components        selection lr_C lr_solver multi_class  C kernel rf_estimators criterion_classification criterion_regression max_features max_depth min_samples_leaf solver alpha hidden_layers neurons1 activation n_neighbors weights ab_estimators ab_learning_rate ab_loss whiten svd_solver ica_algorithm ica_fun dl_fit_algorithm dl_transform_algorithm sel_model sel_score_classification sel_score_regression sel_percentile sel_threshold max_iter lr_penalty degree gamma max_depth_value mlp_learning_rate learning_rate_init neurons2 neurons3 lr_dual .PARENT.
6    6 cifar100 1554114     15         3 classification  False Selection   None   False DecisionTree       False       <NA>             NA SelectPercentile   NA      <NA>        <NA> NA   <NA>            NA                     gini                   NA       0.6878      none           0.1323   <NA>    NA            NA       NA       <NA>          NA    <NA>            NA               NA      NA   <NA>       <NA>          <NA>    <NA>             <NA>                   <NA>      <NA>                f_classif                   NA             62          <NA>       NA         NA     NA    NA               8              <NA>                 NA       NA       NA      NA       NA

# 2020-07-04 21:32:56 BRT: Elite configurations (first number is the configuration ID; listed from best to worst according to the sum of ranks):
   dataset  job_id cutoff metafolds           task sparse    f_eng1 f_eng2 scaling    algorithm pre_scaling extraction ext_components        selection lr_C lr_solver multi_class  C kernel rf_estimators criterion_classification criterion_regression max_features max_depth min_samples_leaf solver alpha hidden_layers neurons1 activation n_neighbors weights ab_estimators ab_learning_rate ab_loss whiten svd_solver ica_algorithm ica_fun dl_fit_algorithm dl_transform_algorithm sel_model sel_score_classification sel_score_regression sel_percentile sel_threshold max_iter lr_penalty degree gamma max_depth_value mlp_learning_rate learning_rate_init neurons2 neurons3 lr_dual
6 cifar100 1554114     15         3 classification  False Selection   None   False DecisionTree       False       <NA>             NA SelectPercentile   NA      <NA>        <NA> NA   <NA>            NA                     gini                   NA       0.6878      none           0.1323   <NA>    NA            NA       NA       <NA>          NA    <NA>            NA               NA      NA   <NA>       <NA>          <NA>    <NA>             <NA>                   <NA>      <NA>                f_classif                   NA             62          <NA>       NA         NA     NA    NA               8              <NA>                 NA       NA       NA      NA
# 2020-07-04 21:32:56 BRT: Iteration 2 of 7
# experimentsUsedSoFar: 235
# remainingBudget: 1765
# currentBudget: 294
# nbConfigurations: 42
  Markers:
     x No test is performed.
     - The test is performed and some configurations are discarded.
     = The test is performed but no configuration is discarded.
     ! The test is performed and configurations could be discarded but elite configurations are preserved.
     . All alive configurations are elite and nothing is discarded

+-+-----------+-----------+-----------+---------------+-----------+--------+-----+----+------+
| |   Instance|      Alive|       Best|      Mean best| Exp so far|  W time|  rho|KenW|  Qvar|
+-+-----------+-----------+-----------+---------------+-----------+--------+-----+----+------+
|x|          6|         42|          6| -0.02906666667|         42|00:30:02|   NA|  NA|    NA|
|x|          1|         42|          6| -0.02946666667|         83|00:30:01|+1.00|1.00|0.0000|
|x|          4|         42|          6| -0.02977777778|        124|00:30:03|+1.00|1.00|0.0000|
|x|          5|         42|          6| -0.02950000000|        165|00:30:03|+1.00|1.00|0.0000|
|!|          3|          1|          6| -0.02946666667|        206|00:30:03|   NA|  NA|    NA|
|.|          2|          1|          6| -0.02924444444|        206|23:59:59|   NA|  NA|    NA|
+-+-----------+-----------+-----------+---------------+-----------+--------+-----+----+------+
Best-so-far configuration:           6    mean value:  -0.02924444444
Description of the best-so-far configuration:
  .ID.  dataset  job_id cutoff metafolds           task sparse    f_eng1 f_eng2 scaling    algorithm pre_scaling extraction ext_components        selection lr_C lr_solver multi_class  C kernel rf_estimators criterion_classification criterion_regression max_features max_depth min_samples_leaf solver alpha hidden_layers neurons1 activation n_neighbors weights ab_estimators ab_learning_rate ab_loss whiten svd_solver ica_algorithm ica_fun dl_fit_algorithm dl_transform_algorithm sel_model sel_score_classification sel_score_regression sel_percentile sel_threshold max_iter lr_penalty degree gamma max_depth_value mlp_learning_rate learning_rate_init neurons2 neurons3 lr_dual .PARENT.
6    6 cifar100 1554114     15         3 classification  False Selection   None   False DecisionTree       False       <NA>             NA SelectPercentile   NA      <NA>        <NA> NA   <NA>            NA                     gini                   NA       0.6878      none           0.1323   <NA>    NA            NA       NA       <NA>          NA    <NA>            NA               NA      NA   <NA>       <NA>          <NA>    <NA>             <NA>                   <NA>      <NA>                f_classif                   NA             62          <NA>       NA       <NA>     NA    NA               8              <NA>                 NA       NA       NA      NA       NA

# 2020-07-05 00:03:12 BRT: Elite configurations (first number is the configuration ID; listed from best to worst according to the sum of ranks):
   dataset  job_id cutoff metafolds           task sparse    f_eng1 f_eng2 scaling    algorithm pre_scaling extraction ext_components        selection lr_C lr_solver multi_class  C kernel rf_estimators criterion_classification criterion_regression max_features max_depth min_samples_leaf solver alpha hidden_layers neurons1 activation n_neighbors weights ab_estimators ab_learning_rate ab_loss whiten svd_solver ica_algorithm ica_fun dl_fit_algorithm dl_transform_algorithm sel_model sel_score_classification sel_score_regression sel_percentile sel_threshold max_iter lr_penalty degree gamma max_depth_value mlp_learning_rate learning_rate_init neurons2 neurons3 lr_dual
6 cifar100 1554114     15         3 classification  False Selection   None   False DecisionTree       False       <NA>             NA SelectPercentile   NA      <NA>        <NA> NA   <NA>            NA                     gini                   NA       0.6878      none           0.1323   <NA>    NA            NA       NA       <NA>          NA    <NA>            NA               NA      NA   <NA>       <NA>          <NA>    <NA>             <NA>                   <NA>      <NA>                f_classif                   NA             62          <NA>       NA       <NA>     NA    NA               8              <NA>                 NA       NA       NA      NA
# 2020-07-05 00:03:12 BRT: Iteration 3 of 7
# experimentsUsedSoFar: 441
# remainingBudget: 1559
# currentBudget: 311
# nbConfigurations: 39
  Markers:
     x No test is performed.
     - The test is performed and some configurations are discarded.
     = The test is performed but no configuration is discarded.
     ! The test is performed and configurations could be discarded but elite configurations are preserved.
     . All alive configurations are elite and nothing is discarded

+-+-----------+-----------+-----------+---------------+-----------+--------+-----+----+------+
| |   Instance|      Alive|       Best|      Mean best| Exp so far|  W time|  rho|KenW|  Qvar|
+-+-----------+-----------+-----------+---------------+-----------+--------+-----+----+------+
|x|          7|         39|        121| -0.08573333333|         39|00:19:21|   NA|  NA|    NA|
|x|          5|         39|        121| -0.08380000000|         77|00:19:05|+0.95|0.97|0.0557|
|x|          3|         39|        121| -0.08275555556|        115|00:19:07|+0.96|0.98|0.0371|
|x|          4|         39|        121| -0.08250000000|        153|00:19:10|+0.97|0.98|0.0279|
|!|          2|          3|        121| -0.08301333333|        191|00:19:12|+1.00|1.00|0.0003|
+-+-----------+-----------+-----------+---------------+-----------+--------+-----+----+------+
Best-so-far configuration:           6    mean value:  -0.02933333333
Description of the best-so-far configuration:
  .ID.  dataset  job_id cutoff metafolds           task sparse    f_eng1 f_eng2 scaling    algorithm pre_scaling extraction ext_components        selection lr_C lr_solver multi_class  C kernel rf_estimators criterion_classification criterion_regression max_features max_depth min_samples_leaf solver alpha hidden_layers neurons1 activation n_neighbors weights ab_estimators ab_learning_rate ab_loss whiten svd_solver ica_algorithm ica_fun dl_fit_algorithm dl_transform_algorithm sel_model sel_score_classification sel_score_regression sel_percentile sel_threshold max_iter lr_penalty degree gamma max_depth_value mlp_learning_rate learning_rate_init neurons2 neurons3 lr_dual .PARENT.
6    6 cifar100 1554114     15         3 classification  False Selection   None   False DecisionTree       False       <NA>             NA SelectPercentile   NA      <NA>        <NA> NA   <NA>            NA                     gini                   NA       0.6878      none           0.1323   <NA>    NA            NA       NA       <NA>          NA    <NA>            NA               NA      NA   <NA>       <NA>          <NA>    <NA>             <NA>                   <NA>      <NA>                f_classif                   NA             62          <NA>       NA       <NA>     NA    NA               8              <NA>                 NA       NA       NA      NA       NA

# 2020-07-05 01:39:10 BRT: Elite configurations (first number is the configuration ID; listed from best to worst according to the sum of ranks):
     dataset  job_id cutoff metafolds           task sparse    f_eng1 f_eng2 scaling    algorithm pre_scaling extraction ext_components        selection lr_C lr_solver multi_class  C kernel rf_estimators criterion_classification criterion_regression max_features max_depth min_samples_leaf solver alpha hidden_layers neurons1 activation n_neighbors  weights ab_estimators ab_learning_rate ab_loss whiten svd_solver ica_algorithm ica_fun dl_fit_algorithm dl_transform_algorithm sel_model sel_score_classification sel_score_regression sel_percentile sel_threshold max_iter lr_penalty degree gamma max_depth_value mlp_learning_rate learning_rate_init neurons2 neurons3 lr_dual
6   cifar100 1554114     15         3 classification  False Selection   None   False DecisionTree       False       <NA>             NA SelectPercentile   NA      <NA>        <NA> NA   <NA>            NA                     gini                   NA       0.6878      none           0.1323   <NA>    NA            NA       NA       <NA>          NA     <NA>            NA               NA      NA   <NA>       <NA>          <NA>    <NA>             <NA>                   <NA>      <NA>                f_classif                   NA             62          <NA>       NA       <NA>     NA    NA               8              <NA>                 NA       NA       NA      NA
121 cifar100 1554114     15         3 classification  False Selection   None   False   KNeighbors       False       <NA>             NA SelectPercentile   NA      <NA>        <NA> NA   <NA>            NA                     <NA>                   NA           NA      <NA>               NA   <NA>    NA            NA       NA       <NA>          18 distance            NA               NA      NA   <NA>       <NA>          <NA>    <NA>             <NA>                   <NA>      <NA>                f_classif                   NA             39          <NA>       NA       <NA>     NA    NA              NA              <NA>                 NA       NA       NA      NA
95  cifar100 1554114     15         3 classification  False      None   None   False DecisionTree        <NA>       <NA>             NA             <NA>   NA      <NA>        <NA> NA   <NA>            NA                     gini                   NA       0.7600      none           0.0985   <NA>    NA            NA       NA       <NA>          NA     <NA>            NA               NA      NA   <NA>       <NA>          <NA>    <NA>             <NA>                   <NA>      <NA>                     <NA>                   NA             NA          <NA>       NA       <NA>     NA    NA              18              <NA>                 NA       NA       NA      NA
# 2020-07-05 01:39:10 BRT: Iteration 4 of 7
# experimentsUsedSoFar: 632
# remainingBudget: 1368
# currentBudget: 342
# nbConfigurations: 40
  Markers:
     x No test is performed.
     - The test is performed and some configurations are discarded.
     = The test is performed but no configuration is discarded.
     ! The test is performed and configurations could be discarded but elite configurations are preserved.
     . All alive configurations are elite and nothing is discarded

+-+-----------+-----------+-----------+---------------+-----------+--------+-----+----+------+
| |   Instance|      Alive|       Best|      Mean best| Exp so far|  W time|  rho|KenW|  Qvar|
+-+-----------+-----------+-----------+---------------+-----------+--------+-----+----+------+
|x|          8|         40|        121| -0.07973333333|         40|00:19:56|   NA|  NA|    NA|
|x|          1|         40|        121| -0.08053333333|         79|00:19:58|+0.91|0.96|0.0500|
|x|          7|         40|        121| -0.08226666667|        116|00:18:12|+0.92|0.95|0.0667|
|x|          4|         40|        121| -0.08213333333|        153|00:18:10|+0.94|0.95|0.0503|
|!|          5|          5|        121| -0.08208000000|        190|00:18:08|+1.00|1.00|0.0026|
+-+-----------+-----------+-----------+---------------+-----------+--------+-----+----+------+
Best-so-far configuration:           6    mean value:  -0.02948333333
Description of the best-so-far configuration:
  .ID.  dataset  job_id cutoff metafolds           task sparse    f_eng1 f_eng2 scaling    algorithm pre_scaling extraction ext_components        selection lr_C lr_solver multi_class  C kernel rf_estimators criterion_classification criterion_regression max_features max_depth min_samples_leaf solver alpha hidden_layers neurons1 activation n_neighbors weights ab_estimators ab_learning_rate ab_loss whiten svd_solver ica_algorithm ica_fun dl_fit_algorithm dl_transform_algorithm sel_model sel_score_classification sel_score_regression sel_percentile sel_threshold max_iter lr_penalty degree gamma max_depth_value mlp_learning_rate learning_rate_init neurons2 neurons3 lr_dual .PARENT.
6    6 cifar100 1554114     15         3 classification  False Selection   None   False DecisionTree       False       <NA>             NA SelectPercentile   NA      <NA>        <NA> NA   <NA>            NA                     gini                   NA       0.6878      none           0.1323   <NA>    NA            NA       NA       <NA>          NA    <NA>            NA               NA      NA   <NA>       <NA>          <NA>    <NA>             <NA>                   <NA>      <NA>                f_classif                   NA             62          <NA>       NA       <NA>     NA    NA               8              <NA>                 NA       NA       NA      NA       NA

# 2020-07-05 03:13:38 BRT: Elite configurations (first number is the configuration ID; listed from best to worst according to the sum of ranks):
     dataset  job_id cutoff metafolds           task sparse    f_eng1 f_eng2 scaling    algorithm pre_scaling extraction ext_components        selection lr_C lr_solver multi_class  C kernel rf_estimators criterion_classification criterion_regression max_features max_depth min_samples_leaf solver alpha hidden_layers neurons1 activation n_neighbors  weights ab_estimators ab_learning_rate ab_loss whiten svd_solver ica_algorithm ica_fun dl_fit_algorithm dl_transform_algorithm sel_model sel_score_classification sel_score_regression sel_percentile sel_threshold max_iter lr_penalty degree gamma max_depth_value mlp_learning_rate learning_rate_init neurons2 neurons3 lr_dual
6   cifar100 1554114     15         3 classification  False Selection   None   False DecisionTree       False       <NA>             NA SelectPercentile   NA      <NA>        <NA> NA   <NA>            NA                     gini                   NA       0.6878      none           0.1323   <NA>    NA            NA       NA       <NA>          NA     <NA>            NA               NA      NA   <NA>       <NA>          <NA>    <NA>             <NA>                   <NA>      <NA>                f_classif                   NA             62          <NA>       NA       <NA>     NA    NA               8              <NA>                 NA       NA       NA      NA
121 cifar100 1554114     15         3 classification  False Selection   None   False   KNeighbors       False       <NA>             NA SelectPercentile   NA      <NA>        <NA> NA   <NA>            NA                     <NA>                   NA           NA      <NA>               NA   <NA>    NA            NA       NA       <NA>          18 distance            NA               NA      NA   <NA>       <NA>          <NA>    <NA>             <NA>                   <NA>      <NA>                f_classif                   NA             39          <NA>       NA       <NA>     NA    NA              NA              <NA>                 NA       NA       NA      NA
95  cifar100 1554114     15         3 classification  False      None   None   False DecisionTree        <NA>       <NA>             NA             <NA>   NA      <NA>        <NA> NA   <NA>            NA                     gini                   NA       0.7600      none           0.0985   <NA>    NA            NA       NA       <NA>          NA     <NA>            NA               NA      NA   <NA>       <NA>          <NA>    <NA>             <NA>                   <NA>      <NA>                     <NA>                   NA             NA          <NA>       NA       <NA>     NA    NA              18              <NA>                 NA       NA       NA      NA
157 cifar100 1554114     15         3 classification  False Selection   None   False DecisionTree        True       <NA>             NA SelectPercentile   NA      <NA>        <NA> NA   <NA>            NA                     gini                   NA       0.5840      none           0.0291   <NA>    NA            NA       NA       <NA>          NA     <NA>            NA               NA      NA   <NA>       <NA>          <NA>    <NA>             <NA>                   <NA>      <NA>                f_classif                   NA             82          <NA>       NA       <NA>     NA    NA               3              <NA>                 NA       NA       NA      NA
158 cifar100 1554114     15         3 classification  False Selection   None   False DecisionTree       False       <NA>             NA SelectPercentile   NA      <NA>        <NA> NA   <NA>            NA                     gini                   NA       0.7759      none           0.0411   <NA>    NA            NA       NA       <NA>          NA     <NA>            NA               NA      NA   <NA>       <NA>          <NA>    <NA>             <NA>                   <NA>      <NA>                f_classif                   NA             81          <NA>       NA       <NA>     NA    NA              22              <NA>                 NA       NA       NA      NA
# 2020-07-05 03:13:38 BRT: Iteration 5 of 7
# experimentsUsedSoFar: 822
# remainingBudget: 1178
# currentBudget: 392
# nbConfigurations: 43
  Markers:
     x No test is performed.
     - The test is performed and some configurations are discarded.
     = The test is performed but no configuration is discarded.
     ! The test is performed and configurations could be discarded but elite configurations are preserved.
     . All alive configurations are elite and nothing is discarded

+-+-----------+-----------+-----------+---------------+-----------+--------+-----+----+------+
| |   Instance|      Alive|       Best|      Mean best| Exp so far|  W time|  rho|KenW|  Qvar|
+-+-----------+-----------+-----------+---------------+-----------+--------+-----+----+------+
|x|          9|         43|        121| -0.08133333333|         43|00:16:19|   NA|  NA|    NA|
|x|          6|         43|        121| -0.08026666667|         85|00:16:31|+0.90|0.95|0.0469|
|x|          4|         43|        121| -0.08075555556|        123|00:15:58|+0.94|0.96|0.0313|
|x|          2|         43|        121| -0.08183333333|        163|00:16:40|+0.95|0.96|0.0234|
|!|          7|          7|        121| -0.08261333333|        201|00:16:00|+1.00|1.00|0.0028|
+-+-----------+-----------+-----------+---------------+-----------+--------+-----+----+------+
Best-so-far configuration:         121    mean value:  -0.08185185185
Description of the best-so-far configuration:
    .ID.  dataset  job_id cutoff metafolds           task sparse    f_eng1 f_eng2 scaling  algorithm pre_scaling extraction ext_components        selection lr_C lr_solver multi_class  C kernel rf_estimators criterion_classification criterion_regression max_features max_depth min_samples_leaf solver alpha hidden_layers neurons1 activation n_neighbors  weights ab_estimators ab_learning_rate ab_loss whiten svd_solver ica_algorithm ica_fun dl_fit_algorithm dl_transform_algorithm sel_model sel_score_classification sel_score_regression sel_percentile sel_threshold max_iter lr_penalty degree gamma max_depth_value mlp_learning_rate learning_rate_init neurons2 neurons3 lr_dual .PARENT.
121  121 cifar100 1554114     15         3 classification  False Selection   None   False KNeighbors       False       <NA>             NA SelectPercentile   NA      <NA>        <NA> NA   <NA>            NA                     <NA>                   NA           NA      <NA>               NA   <NA>    NA            NA       NA       <NA>          18 distance            NA               NA      NA   <NA>       <NA>          <NA>    <NA>             <NA>                   <NA>      <NA>                f_classif                   NA             39          <NA>       NA       <NA>     NA    NA              NA              <NA>                 NA       NA       NA      NA        6

# 2020-07-05 04:35:09 BRT: Elite configurations (first number is the configuration ID; listed from best to worst according to the sum of ranks):
     dataset  job_id cutoff metafolds           task sparse    f_eng1 f_eng2 scaling    algorithm pre_scaling extraction ext_components        selection lr_C lr_solver multi_class  C kernel rf_estimators criterion_classification criterion_regression max_features max_depth min_samples_leaf solver alpha hidden_layers neurons1 activation n_neighbors  weights ab_estimators ab_learning_rate ab_loss whiten svd_solver ica_algorithm ica_fun dl_fit_algorithm dl_transform_algorithm sel_model sel_score_classification sel_score_regression sel_percentile sel_threshold max_iter lr_penalty degree gamma max_depth_value mlp_learning_rate learning_rate_init neurons2 neurons3 lr_dual
121 cifar100 1554114     15         3 classification  False Selection   None   False   KNeighbors       False       <NA>             NA SelectPercentile   NA      <NA>        <NA> NA   <NA>            NA                     <NA>                   NA           NA      <NA>               NA   <NA>    NA            NA       NA       <NA>          18 distance            NA               NA      NA   <NA>       <NA>          <NA>    <NA>             <NA>                   <NA>      <NA>                f_classif                   NA             39          <NA>       NA       <NA>     NA    NA              NA              <NA>                 NA       NA       NA      NA
95  cifar100 1554114     15         3 classification  False      None   None   False DecisionTree        <NA>       <NA>             NA             <NA>   NA      <NA>        <NA> NA   <NA>            NA                     gini                   NA       0.7600      none           0.0985   <NA>    NA            NA       NA       <NA>          NA     <NA>            NA               NA      NA   <NA>       <NA>          <NA>    <NA>             <NA>                   <NA>      <NA>                     <NA>                   NA             NA          <NA>       NA       <NA>     NA    NA              18              <NA>                 NA       NA       NA      NA
6   cifar100 1554114     15         3 classification  False Selection   None   False DecisionTree       False       <NA>             NA SelectPercentile   NA      <NA>        <NA> NA   <NA>            NA                     gini                   NA       0.6878      none           0.1323   <NA>    NA            NA       NA       <NA>          NA     <NA>            NA               NA      NA   <NA>       <NA>          <NA>    <NA>             <NA>                   <NA>      <NA>                f_classif                   NA             62          <NA>       NA       <NA>     NA    NA               8              <NA>                 NA       NA       NA      NA
157 cifar100 1554114     15         3 classification  False Selection   None   False DecisionTree        True       <NA>             NA SelectPercentile   NA      <NA>        <NA> NA   <NA>            NA                     gini                   NA       0.5840      none           0.0291   <NA>    NA            NA       NA       <NA>          NA     <NA>            NA               NA      NA   <NA>       <NA>          <NA>    <NA>             <NA>                   <NA>      <NA>                f_classif                   NA             82          <NA>       NA       <NA>     NA    NA               3              <NA>                 NA       NA       NA      NA
158 cifar100 1554114     15         3 classification  False Selection   None   False DecisionTree       False       <NA>             NA SelectPercentile   NA      <NA>        <NA> NA   <NA>            NA                     gini                   NA       0.7759      none           0.0411   <NA>    NA            NA       NA       <NA>          NA     <NA>            NA               NA      NA   <NA>       <NA>          <NA>    <NA>             <NA>                   <NA>      <NA>                f_classif                   NA             81          <NA>       NA       <NA>     NA    NA              22              <NA>                 NA       NA       NA      NA
197 cifar100 1554114     15         3 classification  False Selection   None   False   KNeighbors       False       <NA>             NA SelectPercentile   NA      <NA>        <NA> NA   <NA>            NA                     <NA>                   NA           NA      <NA>               NA   <NA>    NA            NA       NA       <NA>          19 distance            NA               NA      NA   <NA>       <NA>          <NA>    <NA>             <NA>                   <NA>      <NA>                f_classif                   NA             34          <NA>       NA       <NA>     NA    NA              NA              <NA>                 NA       NA       NA      NA
199 cifar100 1554114     15         3 classification  False Selection   None   False   KNeighbors       False       <NA>             NA SelectPercentile   NA      <NA>        <NA> NA   <NA>            NA                     <NA>                   NA           NA      <NA>               NA   <NA>    NA            NA       NA       <NA>          26  uniform            NA               NA      NA   <NA>       <NA>          <NA>    <NA>             <NA>                   <NA>      <NA>                f_classif                   NA             64          <NA>       NA       <NA>     NA    NA              NA              <NA>                 NA       NA       NA      NA
# 2020-07-05 04:35:09 BRT: Iteration 6 of 7
# experimentsUsedSoFar: 1023
# remainingBudget: 977
# currentBudget: 488
# nbConfigurations: 55
  Markers:
     x No test is performed.
     - The test is performed and some configurations are discarded.
     = The test is performed but no configuration is discarded.
     ! The test is performed and configurations could be discarded but elite configurations are preserved.
     . All alive configurations are elite and nothing is discarded

+-+-----------+-----------+-----------+---------------+-----------+--------+-----+----+------+
| |   Instance|      Alive|       Best|      Mean best| Exp so far|  W time|  rho|KenW|  Qvar|
+-+-----------+-----------+-----------+---------------+-----------+--------+-----+----+------+
|x|         10|         55|        121| -0.08373333333|         55|00:15:28|   NA|  NA|    NA|
|x|          5|         55|        197| -0.08293333333|        105|00:15:19|+0.98|0.99|0.0000|
|x|          7|         55|        197| -0.08311111111|        153|00:15:18|+0.98|0.99|0.0000|
|x|          3|         55|        243| -0.08210000000|        205|00:15:21|+0.98|0.99|0.0000|
|!|          9|         12|        243| -0.08200000000|        253|00:15:18|+0.77|0.82|0.0067|
|-|          8|         12|        243| -0.08197777778|        260|00:01:35|+0.78|0.82|0.0060|
|!|          2|         10|        243| -0.08241904762|        265|00:01:33|+0.88|0.90|0.0044|
|!|          4|          8|        243| -0.08238333333|        268|00:01:18|+0.96|0.96|0.0027|
|!|          6|          6|        243| -0.08177777778|        269|00:00:56|+0.96|0.96|0.0033|
+-+-----------+-----------+-----------+---------------+-----------+--------+-----+----+------+
Best-so-far configuration:         121    mean value:  -0.08204000000
Description of the best-so-far configuration:
    .ID.  dataset  job_id cutoff metafolds           task sparse    f_eng1 f_eng2 scaling  algorithm pre_scaling extraction ext_components        selection lr_C lr_solver multi_class  C kernel rf_estimators criterion_classification criterion_regression max_features max_depth min_samples_leaf solver alpha hidden_layers neurons1 activation n_neighbors  weights ab_estimators ab_learning_rate ab_loss whiten svd_solver ica_algorithm ica_fun dl_fit_algorithm dl_transform_algorithm sel_model sel_score_classification sel_score_regression sel_percentile sel_threshold max_iter lr_penalty degree gamma max_depth_value mlp_learning_rate learning_rate_init neurons2 neurons3 lr_dual .PARENT.
121  121 cifar100 1554114     15         3 classification  False Selection   None   False KNeighbors       False       <NA>             NA SelectPercentile   NA      <NA>        <NA> NA   <NA>            NA                     <NA>                   NA           NA      <NA>               NA   <NA>    NA            NA       NA       <NA>          18 distance            NA               NA      NA   <NA>       <NA>          <NA>    <NA>             <NA>                   <NA>      <NA>                f_classif                   NA             39          <NA>       NA       <NA>     NA    NA              NA              <NA>                 NA       NA       NA      NA        6

# 2020-07-05 05:57:22 BRT: Elite configurations (first number is the configuration ID; listed from best to worst according to the sum of ranks):
     dataset  job_id cutoff metafolds           task sparse    f_eng1 f_eng2 scaling    algorithm pre_scaling extraction ext_components        selection lr_C lr_solver multi_class  C kernel rf_estimators criterion_classification criterion_regression max_features max_depth min_samples_leaf solver alpha hidden_layers neurons1 activation n_neighbors  weights ab_estimators ab_learning_rate ab_loss whiten svd_solver ica_algorithm ica_fun dl_fit_algorithm dl_transform_algorithm sel_model sel_score_classification sel_score_regression sel_percentile sel_threshold max_iter lr_penalty degree gamma max_depth_value mlp_learning_rate learning_rate_init neurons2 neurons3 lr_dual
121 cifar100 1554114     15         3 classification  False Selection   None   False   KNeighbors       False       <NA>             NA SelectPercentile   NA      <NA>        <NA> NA   <NA>            NA                     <NA>                   NA           NA      <NA>               NA   <NA>    NA            NA       NA       <NA>          18 distance            NA               NA      NA   <NA>       <NA>          <NA>    <NA>             <NA>                   <NA>      <NA>                f_classif                   NA             39          <NA>       NA       <NA>     NA    NA              NA              <NA>                 NA       NA       NA      NA
157 cifar100 1554114     15         3 classification  False Selection   None   False DecisionTree        True       <NA>             NA SelectPercentile   NA      <NA>        <NA> NA   <NA>            NA                     gini                   NA       0.5840      none           0.0291   <NA>    NA            NA       NA       <NA>          NA     <NA>            NA               NA      NA   <NA>       <NA>          <NA>    <NA>             <NA>                   <NA>      <NA>                f_classif                   NA             82          <NA>       NA       <NA>     NA    NA               3              <NA>                 NA       NA       NA      NA
158 cifar100 1554114     15         3 classification  False Selection   None   False DecisionTree       False       <NA>             NA SelectPercentile   NA      <NA>        <NA> NA   <NA>            NA                     gini                   NA       0.7759      none           0.0411   <NA>    NA            NA       NA       <NA>          NA     <NA>            NA               NA      NA   <NA>       <NA>          <NA>    <NA>             <NA>                   <NA>      <NA>                f_classif                   NA             81          <NA>       NA       <NA>     NA    NA              22              <NA>                 NA       NA       NA      NA
95  cifar100 1554114     15         3 classification  False      None   None   False DecisionTree        <NA>       <NA>             NA             <NA>   NA      <NA>        <NA> NA   <NA>            NA                     gini                   NA       0.7600      none           0.0985   <NA>    NA            NA       NA       <NA>          NA     <NA>            NA               NA      NA   <NA>       <NA>          <NA>    <NA>             <NA>                   <NA>      <NA>                     <NA>                   NA             NA          <NA>       NA       <NA>     NA    NA              18              <NA>                 NA       NA       NA      NA
6   cifar100 1554114     15         3 classification  False Selection   None   False DecisionTree       False       <NA>             NA SelectPercentile   NA      <NA>        <NA> NA   <NA>            NA                     gini                   NA       0.6878      none           0.1323   <NA>    NA            NA       NA       <NA>          NA     <NA>            NA               NA      NA   <NA>       <NA>          <NA>    <NA>             <NA>                   <NA>      <NA>                f_classif                   NA             62          <NA>       NA       <NA>     NA    NA               8              <NA>                 NA       NA       NA      NA
243 cifar100 1554114     15         3 classification  False Selection   None   False   KNeighbors       False       <NA>             NA SelectPercentile   NA      <NA>        <NA> NA   <NA>            NA                     <NA>                   NA           NA      <NA>               NA   <NA>    NA            NA       NA       <NA>          33 distance            NA               NA      NA   <NA>       <NA>          <NA>    <NA>             <NA>                   <NA>      <NA>                f_classif                   NA             45          <NA>       NA       <NA>     NA    NA              NA              <NA>                 NA       NA       NA      NA
# 2020-07-05 05:57:22 BRT: Iteration 7 of 7
# experimentsUsedSoFar: 1292
# remainingBudget: 708
# currentBudget: 708
# nbConfigurations: 69
  Markers:
     x No test is performed.
     - The test is performed and some configurations are discarded.
     = The test is performed but no configuration is discarded.
     ! The test is performed and configurations could be discarded but elite configurations are preserved.
     . All alive configurations are elite and nothing is discarded

+-+-----------+-----------+-----------+---------------+-----------+--------+-----+----+------+
| |   Instance|      Alive|       Best|      Mean best| Exp so far|  W time|  rho|KenW|  Qvar|
+-+-----------+-----------+-----------+---------------+-----------+--------+-----+----+------+
|x|         11|         69|        304| -0.08333333333|         69|00:02:41|   NA|  NA|    NA|
|x|          2|         69|        304| -0.08466666667|        132|00:02:36|+0.98|0.99|0.0050|
|x|          8|         69|        304| -0.08417777778|        195|00:02:35|+0.98|0.99|0.0047|
|x|         10|         69|        304| -0.08363333333|        258|00:02:38|+0.98|0.98|0.0044|
|!|          4|          9|        304| -0.08344000000|        321|00:02:36|+0.83|0.86|0.0040|
|-|          6|          9|        304| -0.08302222222|        324|00:01:30|+0.84|0.87|0.0035|
|-|          7|          9|        304| -0.08358095238|        327|00:01:30|+0.85|0.88|0.0034|
|-|          1|          9|        304| -0.08355000000|        331|00:01:30|+0.86|0.88|0.0032|
|-|          9|          9|        304| -0.08337777778|        334|00:01:30|+0.87|0.88|0.0031|
|-|          3|          9|        304| -0.08352000000|        337|00:01:30|+0.87|0.89|0.0032|
|!|          5|          2|        304| -0.08368484848|        340|00:01:30|-0.09|0.01|0.5455|
+-+-----------+-----------+-----------+---------------+-----------+--------+-----+----+------+
Best-so-far configuration:         304    mean value:  -0.08368484848
Description of the best-so-far configuration:
    .ID.  dataset  job_id cutoff metafolds           task sparse    f_eng1 f_eng2 scaling  algorithm pre_scaling extraction ext_components        selection lr_C lr_solver multi_class  C kernel rf_estimators criterion_classification criterion_regression max_features max_depth min_samples_leaf solver alpha hidden_layers neurons1 activation n_neighbors  weights ab_estimators ab_learning_rate ab_loss whiten svd_solver ica_algorithm ica_fun dl_fit_algorithm dl_transform_algorithm sel_model sel_score_classification sel_score_regression sel_percentile sel_threshold max_iter lr_penalty degree gamma max_depth_value mlp_learning_rate learning_rate_init neurons2 neurons3 lr_dual .PARENT.
304  304 cifar100 1554114     15         3 classification  False Selection   None   False KNeighbors       False       <NA>             NA SelectPercentile   NA      <NA>        <NA> NA   <NA>            NA                     <NA>                   NA           NA      <NA>               NA   <NA>    NA            NA       NA       <NA>          22 distance            NA               NA      NA   <NA>       <NA>          <NA>    <NA>             <NA>                   <NA>      <NA>                f_classif                   NA             58          <NA>       NA       <NA>     NA    NA              NA              <NA>                 NA       NA       NA      NA      121

# 2020-07-05 06:19:33 BRT: Elite configurations (first number is the configuration ID; listed from best to worst according to the sum of ranks):
     dataset  job_id cutoff metafolds           task sparse    f_eng1 f_eng2 scaling  algorithm pre_scaling extraction ext_components        selection lr_C lr_solver multi_class  C kernel rf_estimators criterion_classification criterion_regression max_features max_depth min_samples_leaf solver alpha hidden_layers neurons1 activation n_neighbors  weights ab_estimators ab_learning_rate ab_loss whiten svd_solver ica_algorithm ica_fun dl_fit_algorithm dl_transform_algorithm sel_model sel_score_classification sel_score_regression sel_percentile sel_threshold max_iter lr_penalty degree gamma max_depth_value mlp_learning_rate learning_rate_init neurons2 neurons3 lr_dual
304 cifar100 1554114     15         3 classification  False Selection   None   False KNeighbors       False       <NA>             NA SelectPercentile   NA      <NA>        <NA> NA   <NA>            NA                     <NA>                   NA           NA      <NA>               NA   <NA>    NA            NA       NA       <NA>          22 distance            NA               NA      NA   <NA>       <NA>          <NA>    <NA>             <NA>                   <NA>      <NA>                f_classif                   NA             58          <NA>       NA       <NA>     NA    NA              NA              <NA>                 NA       NA       NA      NA
302 cifar100 1554114     15         3 classification  False Selection   None   False KNeighbors       False       <NA>             NA SelectPercentile   NA      <NA>        <NA> NA   <NA>            NA                     <NA>                   NA           NA      <NA>               NA   <NA>    NA            NA       NA       <NA>          28 distance            NA               NA      NA   <NA>       <NA>          <NA>    <NA>             <NA>                   <NA>      <NA>                f_classif                   NA             69          <NA>       NA       <NA>     NA    NA              NA              <NA>                 NA       NA       NA      NA
# 2020-07-05 06:19:34 BRT: Iteration 8 of 8
# experimentsUsedSoFar: 1632
# remainingBudget: 368
# currentBudget: 368
# nbConfigurations: 32
  Markers:
     x No test is performed.
     - The test is performed and some configurations are discarded.
     = The test is performed but no configuration is discarded.
     ! The test is performed and configurations could be discarded but elite configurations are preserved.
     . All alive configurations are elite and nothing is discarded

+-+-----------+-----------+-----------+---------------+-----------+--------+-----+----+------+
| |   Instance|      Alive|       Best|      Mean best| Exp so far|  W time|  rho|KenW|  Qvar|
+-+-----------+-----------+-----------+---------------+-----------+--------+-----+----+------+
|x|         12|         32|        322| -0.08480000000|         32|00:03:01|   NA|  NA|    NA|
|x|          5|         32|        329| -0.08466666667|         62|00:02:55|+0.60|0.80|0.0537|
|x|          4|         32|        318| -0.08391111111|         92|00:02:54|+0.55|0.70|0.0493|
|x|          7|         32|        318| -0.08533333333|        122|00:02:59|+0.57|0.67|0.0552|
|!|          9|         11|        339| -0.08490666667|        152|00:02:56|+0.01|0.20|0.8603|
|=|          2|         11|        339| -0.08517777778|        161|00:02:10|+0.09|0.25|0.7979|
|=|         10|         11|        339| -0.08478095238|        170|00:02:04|+0.14|0.26|0.7607|
|!|          6|          5|        339| -0.08445000000|        179|00:02:10|+0.04|0.16|0.8204|
+-+-----------+-----------+-----------+---------------+-----------+--------+-----+----+------+
Best-so-far configuration:         304    mean value:  -0.08347777778
Description of the best-so-far configuration:
    .ID.  dataset  job_id cutoff metafolds           task sparse    f_eng1 f_eng2 scaling  algorithm pre_scaling extraction ext_components        selection lr_C lr_solver multi_class  C kernel rf_estimators criterion_classification criterion_regression max_features max_depth min_samples_leaf solver alpha hidden_layers neurons1 activation n_neighbors  weights ab_estimators ab_learning_rate ab_loss whiten svd_solver ica_algorithm ica_fun dl_fit_algorithm dl_transform_algorithm sel_model sel_score_classification sel_score_regression sel_percentile sel_threshold max_iter lr_penalty degree gamma max_depth_value mlp_learning_rate learning_rate_init neurons2 neurons3 lr_dual .PARENT.
304  304 cifar100 1554114     15         3 classification  False Selection   None   False KNeighbors       False       <NA>             NA SelectPercentile   NA      <NA>        <NA> NA   <NA>            NA                     <NA>                   NA           NA      <NA>               NA   <NA>    NA            NA       NA       <NA>          22 distance            NA               NA      NA   <NA>       <NA>          <NA>    <NA>             <NA>                   <NA>      <NA>                f_classif                   NA             58          <NA>       NA       <NA>     NA    NA              NA              <NA>                 NA       NA       NA      NA      121

# 2020-07-05 06:40:48 BRT: Elite configurations (first number is the configuration ID; listed from best to worst according to the sum of ranks):
     dataset  job_id cutoff metafolds           task sparse    f_eng1 f_eng2 scaling  algorithm pre_scaling extraction ext_components        selection lr_C lr_solver multi_class  C kernel rf_estimators criterion_classification criterion_regression max_features max_depth min_samples_leaf solver alpha hidden_layers neurons1 activation n_neighbors  weights ab_estimators ab_learning_rate ab_loss whiten svd_solver ica_algorithm ica_fun dl_fit_algorithm dl_transform_algorithm sel_model sel_score_classification sel_score_regression sel_percentile sel_threshold max_iter lr_penalty degree gamma max_depth_value mlp_learning_rate learning_rate_init neurons2 neurons3 lr_dual
304 cifar100 1554114     15         3 classification  False Selection   None   False KNeighbors       False       <NA>             NA SelectPercentile   NA      <NA>        <NA> NA   <NA>            NA                     <NA>                   NA           NA      <NA>               NA   <NA>    NA            NA       NA       <NA>          22 distance            NA               NA      NA   <NA>       <NA>          <NA>    <NA>             <NA>                   <NA>      <NA>                f_classif                   NA             58          <NA>       NA       <NA>     NA    NA              NA              <NA>                 NA       NA       NA      NA
302 cifar100 1554114     15         3 classification  False Selection   None   False KNeighbors       False       <NA>             NA SelectPercentile   NA      <NA>        <NA> NA   <NA>            NA                     <NA>                   NA           NA      <NA>               NA   <NA>    NA            NA       NA       <NA>          28 distance            NA               NA      NA   <NA>       <NA>          <NA>    <NA>             <NA>                   <NA>      <NA>                f_classif                   NA             69          <NA>       NA       <NA>     NA    NA              NA              <NA>                 NA       NA       NA      NA
339 cifar100 1554114     15         3 classification  False Selection   None   False KNeighbors       False       <NA>             NA SelectPercentile   NA      <NA>        <NA> NA   <NA>            NA                     <NA>                   NA           NA      <NA>               NA   <NA>    NA            NA       NA       <NA>           9 distance            NA               NA      NA   <NA>       <NA>          <NA>    <NA>             <NA>                   <NA>      <NA>                f_classif                   NA             46          <NA>       NA       <NA>     NA    NA              NA              <NA>                 NA       NA       NA      NA
318 cifar100 1554114     15         3 classification  False Selection   None   False KNeighbors       False       <NA>             NA SelectPercentile   NA      <NA>        <NA> NA   <NA>            NA                     <NA>                   NA           NA      <NA>               NA   <NA>    NA            NA       NA       <NA>          13 distance            NA               NA      NA   <NA>       <NA>          <NA>    <NA>             <NA>                   <NA>      <NA>                f_classif                   NA             59          <NA>       NA       <NA>     NA    NA              NA              <NA>                 NA       NA       NA      NA
337 cifar100 1554114     15         3 classification  False Selection   None   False KNeighbors       False       <NA>             NA SelectPercentile   NA      <NA>        <NA> NA   <NA>            NA                     <NA>                   NA           NA      <NA>               NA   <NA>    NA            NA       NA       <NA>          21 distance            NA               NA      NA   <NA>       <NA>          <NA>    <NA>             <NA>                   <NA>      <NA>                f_classif                   NA             69          <NA>       NA       <NA>     NA    NA              NA              <NA>                 NA       NA       NA      NA
# 2020-07-05 06:40:48 BRT: Iteration 9 of 9
# experimentsUsedSoFar: 1811
# remainingBudget: 189
# currentBudget: 189
# nbConfigurations: 19
  Markers:
     x No test is performed.
     - The test is performed and some configurations are discarded.
     = The test is performed but no configuration is discarded.
     ! The test is performed and configurations could be discarded but elite configurations are preserved.
     . All alive configurations are elite and nothing is discarded

+-+-----------+-----------+-----------+---------------+-----------+--------+-----+----+------+
| |   Instance|      Alive|       Best|      Mean best| Exp so far|  W time|  rho|KenW|  Qvar|
+-+-----------+-----------+-----------+---------------+-----------+--------+-----+----+------+
|x|         13|         19|        351| -0.08573333333|         19|00:01:59|   NA|  NA|    NA|
|x|         11|         19|        318| -0.08420000000|         36|00:01:56|+0.76|0.88|0.0157|
|x|          6|         19|        318| -0.08342222222|         50|00:01:38|+0.69|0.79|0.0201|
|x|          5|         19|        318| -0.08383333333|         64|00:01:38|+0.66|0.75|0.0185|
|!|         10|         10|        304| -0.08288000000|         78|00:01:44|-0.01|0.20|0.8898|
|=|          3|         10|        304| -0.08320000000|         86|00:01:36|+0.02|0.18|0.8818|
|=|          9|         10|        302| -0.08327619048|         91|00:01:35|+0.03|0.17|0.8894|
|=|          2|         10|        304| -0.08340000000|         96|00:01:34|-0.02|0.11|0.9489|
|=|         12|         10|        304| -0.08315555556|        101|00:01:34|-0.00|0.11|0.9256|
|=|          7|         10|        344| -0.08398666667|        106|00:01:34|+0.03|0.12|0.8988|
|=|          1|         10|        304| -0.08351515152|        114|00:01:36|-0.00|0.09|0.9053|
|=|          4|         10|        304| -0.08344444444|        119|00:01:35|-0.03|0.05|0.9307|
|=|          8|         10|        304| -0.08342564103|        127|00:01:36|-0.01|0.07|0.9084|
|=|         14|         10|        304| -0.08359047619|        137|00:01:38|+0.01|0.08|0.8987|
+-+-----------+-----------+-----------+---------------+-----------+--------+-----+----+------+
Best-so-far configuration:         304    mean value:  -0.08359047619
Description of the best-so-far configuration:
    .ID.  dataset  job_id cutoff metafolds           task sparse    f_eng1 f_eng2 scaling  algorithm pre_scaling extraction ext_components        selection lr_C lr_solver multi_class  C kernel rf_estimators criterion_classification criterion_regression max_features max_depth min_samples_leaf solver alpha hidden_layers neurons1 activation n_neighbors  weights ab_estimators ab_learning_rate ab_loss whiten svd_solver ica_algorithm ica_fun dl_fit_algorithm dl_transform_algorithm sel_model sel_score_classification sel_score_regression sel_percentile sel_threshold max_iter lr_penalty degree gamma max_depth_value mlp_learning_rate learning_rate_init neurons2 neurons3 lr_dual .PARENT.
304  304 cifar100 1554114     15         3 classification  False Selection   None   False KNeighbors       False       <NA>             NA SelectPercentile   NA      <NA>        <NA> NA   <NA>            NA                     <NA>                   NA           NA      <NA>               NA   <NA>    NA            NA       NA       <NA>          22 distance            NA               NA      NA   <NA>       <NA>          <NA>    <NA>             <NA>                   <NA>      <NA>                f_classif                   NA             58          <NA>       NA       <NA>     NA    NA              NA              <NA>                 NA       NA       NA      NA      121

# 2020-07-05 07:04:10 BRT: Elite configurations (first number is the configuration ID; listed from best to worst according to the sum of ranks):
     dataset  job_id cutoff metafolds           task sparse    f_eng1 f_eng2 scaling  algorithm pre_scaling extraction ext_components        selection lr_C lr_solver multi_class  C kernel rf_estimators criterion_classification criterion_regression max_features max_depth min_samples_leaf solver alpha hidden_layers neurons1 activation n_neighbors  weights ab_estimators ab_learning_rate ab_loss whiten svd_solver ica_algorithm ica_fun dl_fit_algorithm dl_transform_algorithm sel_model sel_score_classification sel_score_regression sel_percentile sel_threshold max_iter lr_penalty degree gamma max_depth_value mlp_learning_rate learning_rate_init neurons2 neurons3 lr_dual
304 cifar100 1554114     15         3 classification  False Selection   None   False KNeighbors       False       <NA>             NA SelectPercentile   NA      <NA>        <NA> NA   <NA>            NA                     <NA>                   NA           NA      <NA>               NA   <NA>    NA            NA       NA       <NA>          22 distance            NA               NA      NA   <NA>       <NA>          <NA>    <NA>             <NA>                   <NA>      <NA>                f_classif                   NA             58          <NA>       NA       <NA>     NA    NA              NA              <NA>                 NA       NA       NA      NA
302 cifar100 1554114     15         3 classification  False Selection   None   False KNeighbors       False       <NA>             NA SelectPercentile   NA      <NA>        <NA> NA   <NA>            NA                     <NA>                   NA           NA      <NA>               NA   <NA>    NA            NA       NA       <NA>          28 distance            NA               NA      NA   <NA>       <NA>          <NA>    <NA>             <NA>                   <NA>      <NA>                f_classif                   NA             69          <NA>       NA       <NA>     NA    NA              NA              <NA>                 NA       NA       NA      NA
346 cifar100 1554114     15         3 classification  False Selection   None   False KNeighbors       False       <NA>             NA SelectPercentile   NA      <NA>        <NA> NA   <NA>            NA                     <NA>                   NA           NA      <NA>               NA   <NA>    NA            NA       NA       <NA>          19 distance            NA               NA      NA   <NA>       <NA>          <NA>    <NA>             <NA>                   <NA>      <NA>                f_classif                   NA             67          <NA>       NA       <NA>     NA    NA              NA              <NA>                 NA       NA       NA      NA
344 cifar100 1554114     15         3 classification  False Selection   None   False KNeighbors       False       <NA>             NA SelectPercentile   NA      <NA>        <NA> NA   <NA>            NA                     <NA>                   NA           NA      <NA>               NA   <NA>    NA            NA       NA       <NA>          17 distance            NA               NA      NA   <NA>       <NA>          <NA>    <NA>             <NA>                   <NA>      <NA>                f_classif                   NA             72          <NA>       NA       <NA>     NA    NA              NA              <NA>                 NA       NA       NA      NA
318 cifar100 1554114     15         3 classification  False Selection   None   False KNeighbors       False       <NA>             NA SelectPercentile   NA      <NA>        <NA> NA   <NA>            NA                     <NA>                   NA           NA      <NA>               NA   <NA>    NA            NA       NA       <NA>          13 distance            NA               NA      NA   <NA>       <NA>          <NA>    <NA>             <NA>                   <NA>      <NA>                f_classif                   NA             59          <NA>       NA       <NA>     NA    NA              NA              <NA>                 NA       NA       NA      NA
339 cifar100 1554114     15         3 classification  False Selection   None   False KNeighbors       False       <NA>             NA SelectPercentile   NA      <NA>        <NA> NA   <NA>            NA                     <NA>                   NA           NA      <NA>               NA   <NA>    NA            NA       NA       <NA>           9 distance            NA               NA      NA   <NA>       <NA>          <NA>    <NA>             <NA>                   <NA>      <NA>                f_classif                   NA             46          <NA>       NA       <NA>     NA    NA              NA              <NA>                 NA       NA       NA      NA
355 cifar100 1554114     15         3 classification  False Selection   None   False KNeighbors       False       <NA>             NA SelectPercentile   NA      <NA>        <NA> NA   <NA>            NA                     <NA>                   NA           NA      <NA>               NA   <NA>    NA            NA       NA       <NA>          21 distance            NA               NA      NA   <NA>       <NA>          <NA>    <NA>             <NA>                   <NA>      <NA>                f_classif                   NA             49          <NA>       NA       <NA>     NA    NA              NA              <NA>                 NA       NA       NA      NA
# 2020-07-05 07:04:10 BRT: Iteration 10 of 10
# experimentsUsedSoFar: 1948
# remainingBudget: 52
# currentBudget: 52
# nbConfigurations: 10
  Markers:
     x No test is performed.
     - The test is performed and some configurations are discarded.
     = The test is performed but no configuration is discarded.
     ! The test is performed and configurations could be discarded but elite configurations are preserved.
     . All alive configurations are elite and nothing is discarded

+-+-----------+-----------+-----------+---------------+-----------+--------+-----+----+------+
| |   Instance|      Alive|       Best|      Mean best| Exp so far|  W time|  rho|KenW|  Qvar|
+-+-----------+-----------+-----------+---------------+-----------+--------+-----+----+------+
|x|         15|         10|        344| -0.08626666667|         10|00:02:03|   NA|  NA|    NA|
|x|         10|         10|        302| -0.08406666667|         13|00:01:59|+0.26|0.63|0.3569|
|x|         11|         10|        344| -0.08337777778|         16|00:01:59|+0.26|0.51|0.5045|
|x|          9|         10|        302| -0.08346666667|         19|00:01:59|+0.42|0.57|0.4268|
|!|          5|          8|        302| -0.08397333333|         22|00:02:00|+0.10|0.28|0.7991|
|=|         12|          8|        302| -0.08364444444|         23|00:01:39|+0.08|0.23|0.7974|
|=|          6|          8|        302| -0.08318095238|         24|00:01:34|+0.07|0.20|0.8210|
|=|         13|          8|        302| -0.08331666667|         25|00:01:35|+0.04|0.16|0.8201|
|=|         14|          8|        302| -0.08360000000|         26|00:01:34|+0.06|0.16|0.8210|
|=|          1|          8|        302| -0.08365333333|         27|00:01:34|+0.07|0.16|0.8000|
|=|          7|          8|        302| -0.08374545455|         28|00:01:34|+0.03|0.12|0.8289|
|=|          8|          8|        302| -0.08371111111|         29|00:01:34|+0.06|0.14|0.7983|
|=|          3|          8|        302| -0.08369230769|         30|00:01:34|+0.05|0.13|0.7965|
|=|          2|          8|        302| -0.08365714286|         31|00:01:34|+0.03|0.10|0.8311|
|=|          4|          8|        304| -0.08368000000|         32|00:01:34|-0.00|0.06|0.8669|
|=|         16|          8|        304| -0.08383333333|         40|00:01:42|+0.00|0.06|0.8553|
+-+-----------+-----------+-----------+---------------+-----------+--------+-----+----+------+
Best-so-far configuration:         304    mean value:  -0.08383333333
Description of the best-so-far configuration:
    .ID.  dataset  job_id cutoff metafolds           task sparse    f_eng1 f_eng2 scaling  algorithm pre_scaling extraction ext_components        selection lr_C lr_solver multi_class  C kernel rf_estimators criterion_classification criterion_regression max_features max_depth min_samples_leaf solver alpha hidden_layers neurons1 activation n_neighbors  weights ab_estimators ab_learning_rate ab_loss whiten svd_solver ica_algorithm ica_fun dl_fit_algorithm dl_transform_algorithm sel_model sel_score_classification sel_score_regression sel_percentile sel_threshold max_iter lr_penalty degree gamma max_depth_value mlp_learning_rate learning_rate_init neurons2 neurons3 lr_dual .PARENT.
304  304 cifar100 1554114     15         3 classification  False Selection   None   False KNeighbors       False       <NA>             NA SelectPercentile   NA      <NA>        <NA> NA   <NA>            NA                     <NA>                   NA           NA      <NA>               NA   <NA>    NA            NA       NA       <NA>          22 distance            NA               NA      NA   <NA>       <NA>          <NA>    <NA>             <NA>                   <NA>      <NA>                f_classif                   NA             58          <NA>       NA       <NA>     NA    NA              NA              <NA>                 NA       NA       NA      NA      121

# 2020-07-05 07:31:43 BRT: Elite configurations (first number is the configuration ID; listed from best to worst according to the sum of ranks):
     dataset  job_id cutoff metafolds           task sparse    f_eng1 f_eng2 scaling  algorithm pre_scaling extraction ext_components        selection lr_C lr_solver multi_class  C kernel rf_estimators criterion_classification criterion_regression max_features max_depth min_samples_leaf solver alpha hidden_layers neurons1 activation n_neighbors  weights ab_estimators ab_learning_rate ab_loss whiten svd_solver ica_algorithm ica_fun dl_fit_algorithm dl_transform_algorithm sel_model sel_score_classification sel_score_regression sel_percentile sel_threshold max_iter lr_penalty degree gamma max_depth_value mlp_learning_rate learning_rate_init neurons2 neurons3 lr_dual
304 cifar100 1554114     15         3 classification  False Selection   None   False KNeighbors       False       <NA>             NA SelectPercentile   NA      <NA>        <NA> NA   <NA>            NA                     <NA>                   NA           NA      <NA>               NA   <NA>    NA            NA       NA       <NA>          22 distance            NA               NA      NA   <NA>       <NA>          <NA>    <NA>             <NA>                   <NA>      <NA>                f_classif                   NA             58          <NA>       NA       <NA>     NA    NA              NA              <NA>                 NA       NA       NA      NA
346 cifar100 1554114     15         3 classification  False Selection   None   False KNeighbors       False       <NA>             NA SelectPercentile   NA      <NA>        <NA> NA   <NA>            NA                     <NA>                   NA           NA      <NA>               NA   <NA>    NA            NA       NA       <NA>          19 distance            NA               NA      NA   <NA>       <NA>          <NA>    <NA>             <NA>                   <NA>      <NA>                f_classif                   NA             67          <NA>       NA       <NA>     NA    NA              NA              <NA>                 NA       NA       NA      NA
344 cifar100 1554114     15         3 classification  False Selection   None   False KNeighbors       False       <NA>             NA SelectPercentile   NA      <NA>        <NA> NA   <NA>            NA                     <NA>                   NA           NA      <NA>               NA   <NA>    NA            NA       NA       <NA>          17 distance            NA               NA      NA   <NA>       <NA>          <NA>    <NA>             <NA>                   <NA>      <NA>                f_classif                   NA             72          <NA>       NA       <NA>     NA    NA              NA              <NA>                 NA       NA       NA      NA
302 cifar100 1554114     15         3 classification  False Selection   None   False KNeighbors       False       <NA>             NA SelectPercentile   NA      <NA>        <NA> NA   <NA>            NA                     <NA>                   NA           NA      <NA>               NA   <NA>    NA            NA       NA       <NA>          28 distance            NA               NA      NA   <NA>       <NA>          <NA>    <NA>             <NA>                   <NA>      <NA>                f_classif                   NA             69          <NA>       NA       <NA>     NA    NA              NA              <NA>                 NA       NA       NA      NA
318 cifar100 1554114     15         3 classification  False Selection   None   False KNeighbors       False       <NA>             NA SelectPercentile   NA      <NA>        <NA> NA   <NA>            NA                     <NA>                   NA           NA      <NA>               NA   <NA>    NA            NA       NA       <NA>          13 distance            NA               NA      NA   <NA>       <NA>          <NA>    <NA>             <NA>                   <NA>      <NA>                f_classif                   NA             59          <NA>       NA       <NA>     NA    NA              NA              <NA>                 NA       NA       NA      NA
339 cifar100 1554114     15         3 classification  False Selection   None   False KNeighbors       False       <NA>             NA SelectPercentile   NA      <NA>        <NA> NA   <NA>            NA                     <NA>                   NA           NA      <NA>               NA   <NA>    NA            NA       NA       <NA>           9 distance            NA               NA      NA   <NA>       <NA>          <NA>    <NA>             <NA>                   <NA>      <NA>                f_classif                   NA             46          <NA>       NA       <NA>     NA    NA              NA              <NA>                 NA       NA       NA      NA
358 cifar100 1554114     15         3 classification  False Selection   None   False KNeighbors       False       <NA>             NA SelectPercentile   NA      <NA>        <NA> NA   <NA>            NA                     <NA>                   NA           NA      <NA>               NA   <NA>    NA            NA       NA       <NA>          14 distance            NA               NA      NA   <NA>       <NA>          <NA>    <NA>             <NA>                   <NA>      <NA>                f_classif                   NA             76          <NA>       NA       <NA>     NA    NA              NA              <NA>                 NA       NA       NA      NA
# 2020-07-05 07:31:43 BRT: Stopped because there is not enough budget left to race more than the minimum (7)
# You may either increase the budget or set 'minNbSurvival' to a lower value
# Iteration: 11
# nbIterations: 11
# experimentsUsedSoFar: 1988
# timeUsed: 0
# remainingBudget: 12
# currentBudget: 12
# number of elites: 7
# nbConfigurations: 7
# Best configurations (first number is the configuration ID; listed from best to worst according to the sum of ranks):
     dataset  job_id cutoff metafolds           task sparse    f_eng1 f_eng2 scaling  algorithm pre_scaling extraction ext_components        selection lr_C lr_solver multi_class  C kernel rf_estimators criterion_classification criterion_regression max_features max_depth min_samples_leaf solver alpha hidden_layers neurons1 activation n_neighbors  weights ab_estimators ab_learning_rate ab_loss whiten svd_solver ica_algorithm ica_fun dl_fit_algorithm dl_transform_algorithm sel_model sel_score_classification sel_score_regression sel_percentile sel_threshold max_iter lr_penalty degree gamma max_depth_value mlp_learning_rate learning_rate_init neurons2 neurons3 lr_dual
304 cifar100 1554114     15         3 classification  False Selection   None   False KNeighbors       False       <NA>             NA SelectPercentile   NA      <NA>        <NA> NA   <NA>            NA                     <NA>                   NA           NA      <NA>               NA   <NA>    NA            NA       NA       <NA>          22 distance            NA               NA      NA   <NA>       <NA>          <NA>    <NA>             <NA>                   <NA>      <NA>                f_classif                   NA             58          <NA>       NA       <NA>     NA    NA              NA              <NA>                 NA       NA       NA      NA
346 cifar100 1554114     15         3 classification  False Selection   None   False KNeighbors       False       <NA>             NA SelectPercentile   NA      <NA>        <NA> NA   <NA>            NA                     <NA>                   NA           NA      <NA>               NA   <NA>    NA            NA       NA       <NA>          19 distance            NA               NA      NA   <NA>       <NA>          <NA>    <NA>             <NA>                   <NA>      <NA>                f_classif                   NA             67          <NA>       NA       <NA>     NA    NA              NA              <NA>                 NA       NA       NA      NA
344 cifar100 1554114     15         3 classification  False Selection   None   False KNeighbors       False       <NA>             NA SelectPercentile   NA      <NA>        <NA> NA   <NA>            NA                     <NA>                   NA           NA      <NA>               NA   <NA>    NA            NA       NA       <NA>          17 distance            NA               NA      NA   <NA>       <NA>          <NA>    <NA>             <NA>                   <NA>      <NA>                f_classif                   NA             72          <NA>       NA       <NA>     NA    NA              NA              <NA>                 NA       NA       NA      NA
302 cifar100 1554114     15         3 classification  False Selection   None   False KNeighbors       False       <NA>             NA SelectPercentile   NA      <NA>        <NA> NA   <NA>            NA                     <NA>                   NA           NA      <NA>               NA   <NA>    NA            NA       NA       <NA>          28 distance            NA               NA      NA   <NA>       <NA>          <NA>    <NA>             <NA>                   <NA>      <NA>                f_classif                   NA             69          <NA>       NA       <NA>     NA    NA              NA              <NA>                 NA       NA       NA      NA
318 cifar100 1554114     15         3 classification  False Selection   None   False KNeighbors       False       <NA>             NA SelectPercentile   NA      <NA>        <NA> NA   <NA>            NA                     <NA>                   NA           NA      <NA>               NA   <NA>    NA            NA       NA       <NA>          13 distance            NA               NA      NA   <NA>       <NA>          <NA>    <NA>             <NA>                   <NA>      <NA>                f_classif                   NA             59          <NA>       NA       <NA>     NA    NA              NA              <NA>                 NA       NA       NA      NA
339 cifar100 1554114     15         3 classification  False Selection   None   False KNeighbors       False       <NA>             NA SelectPercentile   NA      <NA>        <NA> NA   <NA>            NA                     <NA>                   NA           NA      <NA>               NA   <NA>    NA            NA       NA       <NA>           9 distance            NA               NA      NA   <NA>       <NA>          <NA>    <NA>             <NA>                   <NA>      <NA>                f_classif                   NA             46          <NA>       NA       <NA>     NA    NA              NA              <NA>                 NA       NA       NA      NA
358 cifar100 1554114     15         3 classification  False Selection   None   False KNeighbors       False       <NA>             NA SelectPercentile   NA      <NA>        <NA> NA   <NA>            NA                     <NA>                   NA           NA      <NA>               NA   <NA>    NA            NA       NA       <NA>          14 distance            NA               NA      NA   <NA>       <NA>          <NA>    <NA>             <NA>                   <NA>      <NA>                f_classif                   NA             76          <NA>       NA       <NA>     NA    NA              NA              <NA>                 NA       NA       NA      NA
# Best configurations as commandlines (first number is the configuration ID; same order as above):
304  --dataset cifar100 --job_id 1554114 --cutoff 15 --metafolds 3 --task classification --sparse False --f_eng1 Selection --f_eng2 None --pre_scaling False --selection SelectPercentile --sel_score_classification f_classif --sel_percentile 58 --scaling False --algorithm KNeighbors --n_neighbors 22 --weights distance
346  --dataset cifar100 --job_id 1554114 --cutoff 15 --metafolds 3 --task classification --sparse False --f_eng1 Selection --f_eng2 None --pre_scaling False --selection SelectPercentile --sel_score_classification f_classif --sel_percentile 67 --scaling False --algorithm KNeighbors --n_neighbors 19 --weights distance
344  --dataset cifar100 --job_id 1554114 --cutoff 15 --metafolds 3 --task classification --sparse False --f_eng1 Selection --f_eng2 None --pre_scaling False --selection SelectPercentile --sel_score_classification f_classif --sel_percentile 72 --scaling False --algorithm KNeighbors --n_neighbors 17 --weights distance
302  --dataset cifar100 --job_id 1554114 --cutoff 15 --metafolds 3 --task classification --sparse False --f_eng1 Selection --f_eng2 None --pre_scaling False --selection SelectPercentile --sel_score_classification f_classif --sel_percentile 69 --scaling False --algorithm KNeighbors --n_neighbors 28 --weights distance
318  --dataset cifar100 --job_id 1554114 --cutoff 15 --metafolds 3 --task classification --sparse False --f_eng1 Selection --f_eng2 None --pre_scaling False --selection SelectPercentile --sel_score_classification f_classif --sel_percentile 59 --scaling False --algorithm KNeighbors --n_neighbors 13 --weights distance
339  --dataset cifar100 --job_id 1554114 --cutoff 15 --metafolds 3 --task classification --sparse False --f_eng1 Selection --f_eng2 None --pre_scaling False --selection SelectPercentile --sel_score_classification f_classif --sel_percentile 46 --scaling False --algorithm KNeighbors --n_neighbors 9 --weights distance
358  --dataset cifar100 --job_id 1554114 --cutoff 15 --metafolds 3 --task classification --sparse False --f_eng1 Selection --f_eng2 None --pre_scaling False --selection SelectPercentile --sel_score_classification f_classif --sel_percentile 76 --scaling False --algorithm KNeighbors --n_neighbors 14 --weights distance
