*******************************************************************************
* irace: An implementation in R of Iterated Race
* Version: 3.1.2112M
* Copyright (C) 2010-2018
* Manuel Lopez-Ibanez     <manuel.lopez-ibanez@manchester.ac.uk>
* Jeremie Dubois-Lacoste  
* Leslie Perez Caceres    <leslie.perez.caceres@ulb.ac.be>
*
* This is free software, and you are welcome to redistribute it under certain
* conditions.  See the GNU General Public License for details. There is NO
* WARRANTY; not even for MERCHANTABILITY or FITNESS FOR A PARTICULAR PURPOSE.
*
* irace builds upon previous code from the race package:
*
* race: Racing methods for the selection of the best
* Copyright (C) 2003 Mauro Birattari
*******************************************************************************
# installed at: /home/cemvieira/bin/R/irace
# called with: -s scenario.txt --max-experiments 2000 -p ./cifar100/parameters-1554139.txt --parallel 32 --train-instances-file cifar100/new-instances.txt --log-file ./output/cifar100/cifar100-1f2k20m-irace-1554139.Rdata
# 8 expression(s) specifying forbidden configurations read from '/home/cemvieira/isklearn/forbidden.txt'
# 2020-07-05 23:35:28 BRT: Initialization
# Elitist race
# Elitist new instances: 1
# Elitist limit: 2
# nbIterations: 7
# minNbSurvival: 7
# nbParameters: 50
# seed: 955067078
# confidence level: 0.95
# budget: 2000
# mu: 5
# deterministic: TRUE

# 2020-07-05 23:35:28 BRT: Iteration 1 of 7
# experimentsUsedSoFar: 0
# remainingBudget: 2000
# currentBudget: 285
# nbConfigurations: 47
  Markers:
     x No test is performed.
     - The test is performed and some configurations are discarded.
     = The test is performed but no configuration is discarded.
     ! The test is performed and configurations could be discarded but elite configurations are preserved.
     . All alive configurations are elite and nothing is discarded

+-+-----------+-----------+-----------+---------------+-----------+--------+-----+----+------+
| |   Instance|      Alive|       Best|      Mean best| Exp so far|  W time|  rho|KenW|  Qvar|
+-+-----------+-----------+-----------+---------------+-----------+--------+-----+----+------+
|x|          1|         47|         17| -0.07880000000|         47|00:40:03|   NA|  NA|    NA|
|x|          2|         47|         17| -0.07260000000|         94|00:40:02|+1.00|1.00|0.0000|
|x|          3|         47|         17| -0.07320000000|        141|00:40:02|+1.00|1.00|0.0000|
|x|          4|         47|         17| -0.07200000000|        188|00:40:01|+1.00|1.00|0.0000|
|!|          5|          1|         17| -0.07272000000|        235|00:40:01|   NA|  NA|    NA|
+-+-----------+-----------+-----------+---------------+-----------+--------+-----+----+------+
Best-so-far configuration:          17    mean value:  -0.07272000000
Description of the best-so-far configuration:
   .ID.  dataset  job_id cutoff metafolds           task sparse f_eng1 f_eng2 scaling  algorithm pre_scaling extraction ext_components selection lr_C lr_solver multi_class  C kernel rf_estimators criterion_classification criterion_regression max_features max_depth min_samples_leaf solver alpha hidden_layers neurons1 activation n_neighbors weights ab_estimators ab_learning_rate ab_loss whiten svd_solver ica_algorithm ica_fun dl_fit_algorithm dl_transform_algorithm sel_model sel_score_classification sel_score_regression sel_percentile sel_threshold max_iter lr_penalty degree gamma max_depth_value mlp_learning_rate learning_rate_init neurons2 neurons3 lr_dual .PARENT.
17   17 cifar100 1554139     20         1 classification  False   None   None    True KNeighbors        <NA>       <NA>             NA      <NA>   NA      <NA>        <NA> NA   <NA>            NA                     <NA>                   NA           NA      <NA>               NA   <NA>    NA            NA       NA       <NA>           1 uniform            NA               NA      NA   <NA>       <NA>          <NA>    <NA>             <NA>                   <NA>      <NA>                     <NA>                   NA             NA          <NA>       NA       <NA>     NA    NA              NA              <NA>                 NA       NA       NA      NA       NA

# 2020-07-06 02:55:42 BRT: Elite configurations (first number is the configuration ID; listed from best to worst according to the sum of ranks):
    dataset  job_id cutoff metafolds           task sparse f_eng1 f_eng2 scaling  algorithm pre_scaling extraction ext_components selection lr_C lr_solver multi_class  C kernel rf_estimators criterion_classification criterion_regression max_features max_depth min_samples_leaf solver alpha hidden_layers neurons1 activation n_neighbors weights ab_estimators ab_learning_rate ab_loss whiten svd_solver ica_algorithm ica_fun dl_fit_algorithm dl_transform_algorithm sel_model sel_score_classification sel_score_regression sel_percentile sel_threshold max_iter lr_penalty degree gamma max_depth_value mlp_learning_rate learning_rate_init neurons2 neurons3 lr_dual
17 cifar100 1554139     20         1 classification  False   None   None    True KNeighbors        <NA>       <NA>             NA      <NA>   NA      <NA>        <NA> NA   <NA>            NA                     <NA>                   NA           NA      <NA>               NA   <NA>    NA            NA       NA       <NA>           1 uniform            NA               NA      NA   <NA>       <NA>          <NA>    <NA>             <NA>                   <NA>      <NA>                     <NA>                   NA             NA          <NA>       NA       <NA>     NA    NA              NA              <NA>                 NA       NA       NA      NA
# 2020-07-06 02:55:42 BRT: Iteration 2 of 7
# experimentsUsedSoFar: 235
# remainingBudget: 1765
# currentBudget: 294
# nbConfigurations: 42
  Markers:
     x No test is performed.
     - The test is performed and some configurations are discarded.
     = The test is performed but no configuration is discarded.
     ! The test is performed and configurations could be discarded but elite configurations are preserved.
     . All alive configurations are elite and nothing is discarded

+-+-----------+-----------+-----------+---------------+-----------+--------+-----+----+------+
| |   Instance|      Alive|       Best|      Mean best| Exp so far|  W time|  rho|KenW|  Qvar|
+-+-----------+-----------+-----------+---------------+-----------+--------+-----+----+------+
|x|          6|         42|         87| -0.08840000000|         42|00:40:01|   NA|  NA|    NA|
|x|          3|         42|         87| -0.08760000000|         83|00:40:01|+1.00|1.00|0.0000|
|x|          1|         42|         87| -0.08600000000|        124|00:40:01|+1.00|1.00|0.0000|
|x|          2|         42|         87| -0.08360000000|        165|00:40:01|+1.00|1.00|0.0000|
|!|          4|          2|         87| -0.08536000000|        206|00:40:01|+1.00|1.00|0.0000|
+-+-----------+-----------+-----------+---------------+-----------+--------+-----+----+------+
Best-so-far configuration:          17    mean value:  -0.07313333333
Description of the best-so-far configuration:
   .ID.  dataset  job_id cutoff metafolds           task sparse f_eng1 f_eng2 scaling  algorithm pre_scaling extraction ext_components selection lr_C lr_solver multi_class  C kernel rf_estimators criterion_classification criterion_regression max_features max_depth min_samples_leaf solver alpha hidden_layers neurons1 activation n_neighbors weights ab_estimators ab_learning_rate ab_loss whiten svd_solver ica_algorithm ica_fun dl_fit_algorithm dl_transform_algorithm sel_model sel_score_classification sel_score_regression sel_percentile sel_threshold max_iter lr_penalty degree gamma max_depth_value mlp_learning_rate learning_rate_init neurons2 neurons3 lr_dual .PARENT.
17   17 cifar100 1554139     20         1 classification  False   None   None    True KNeighbors        <NA>       <NA>             NA      <NA>   NA      <NA>        <NA> NA   <NA>            NA                     <NA>                   NA           NA      <NA>               NA   <NA>    NA            NA       NA       <NA>           1 uniform            NA               NA      NA   <NA>       <NA>          <NA>    <NA>             <NA>                   <NA>      <NA>                     <NA>                   NA             NA          <NA>       NA       <NA>     NA    NA              NA              <NA>                 NA       NA       NA    <NA>       NA

# 2020-07-06 06:15:51 BRT: Elite configurations (first number is the configuration ID; listed from best to worst according to the sum of ranks):
    dataset  job_id cutoff metafolds           task sparse f_eng1 f_eng2 scaling          algorithm pre_scaling extraction ext_components selection   lr_C lr_solver multi_class  C kernel rf_estimators criterion_classification criterion_regression max_features max_depth min_samples_leaf solver alpha hidden_layers neurons1 activation n_neighbors weights ab_estimators ab_learning_rate ab_loss whiten svd_solver ica_algorithm ica_fun dl_fit_algorithm dl_transform_algorithm sel_model sel_score_classification sel_score_regression sel_percentile sel_threshold max_iter lr_penalty degree gamma max_depth_value mlp_learning_rate learning_rate_init neurons2 neurons3 lr_dual
17 cifar100 1554139     20         1 classification  False   None   None    True         KNeighbors        <NA>       <NA>             NA      <NA>     NA      <NA>        <NA> NA   <NA>            NA                     <NA>                   NA           NA      <NA>               NA   <NA>    NA            NA       NA       <NA>           1 uniform            NA               NA      NA   <NA>       <NA>          <NA>    <NA>             <NA>                   <NA>      <NA>                     <NA>                   NA             NA          <NA>       NA       <NA>     NA    NA              NA              <NA>                 NA       NA       NA    <NA>
87 cifar100 1554139     20         1 classification  False   None   None   False LogisticRegression        <NA>       <NA>             NA      <NA> 1.8313 newton-cg multinomial NA   <NA>            NA                     <NA>                   NA           NA      <NA>               NA   <NA>    NA            NA       NA       <NA>          NA    <NA>            NA               NA      NA   <NA>       <NA>          <NA>    <NA>             <NA>                   <NA>      <NA>                     <NA>                   NA             NA          <NA>      623       <NA>     NA    NA              NA              <NA>                 NA       NA       NA    <NA>
# 2020-07-06 06:15:51 BRT: Iteration 3 of 7
# experimentsUsedSoFar: 441
# remainingBudget: 1559
# currentBudget: 311
# nbConfigurations: 40
  Markers:
     x No test is performed.
     - The test is performed and some configurations are discarded.
     = The test is performed but no configuration is discarded.
     ! The test is performed and configurations could be discarded but elite configurations are preserved.
     . All alive configurations are elite and nothing is discarded

+-+-----------+-----------+-----------+---------------+-----------+--------+-----+----+------+
| |   Instance|      Alive|       Best|      Mean best| Exp so far|  W time|  rho|KenW|  Qvar|
+-+-----------+-----------+-----------+---------------+-----------+--------+-----+----+------+
|x|          7|         40|        124|  -0.1104000000|         40|00:35:30|   NA|  NA|    NA|
|x|          5|         40|        124|  -0.1172000000|         79|00:34:41|+1.00|1.00|0.0000|
|x|          6|         40|        124|  -0.1198666667|        117|00:29:47|+0.93|0.96|0.0434|
|x|          3|         40|        124|  -0.1194000000|        155|00:30:37|+0.94|0.95|0.0434|
|!|          4|          3|        124|  -0.1184000000|        193|00:29:08|+0.70|0.76|0.3413|
+-+-----------+-----------+-----------+---------------+-----------+--------+-----+----+------+
Best-so-far configuration:          87    mean value:     1227133513.
Description of the best-so-far configuration:
   .ID.  dataset  job_id cutoff metafolds           task sparse f_eng1 f_eng2 scaling          algorithm pre_scaling extraction ext_components selection   lr_C lr_solver multi_class  C kernel rf_estimators criterion_classification criterion_regression max_features max_depth min_samples_leaf solver alpha hidden_layers neurons1 activation n_neighbors weights ab_estimators ab_learning_rate ab_loss whiten svd_solver ica_algorithm ica_fun dl_fit_algorithm dl_transform_algorithm sel_model sel_score_classification sel_score_regression sel_percentile sel_threshold max_iter lr_penalty degree gamma max_depth_value mlp_learning_rate learning_rate_init neurons2 neurons3 lr_dual .PARENT.
87   87 cifar100 1554139     20         1 classification  False   None   None   False LogisticRegression        <NA>       <NA>             NA      <NA> 1.8313 newton-cg multinomial NA   <NA>            NA                     <NA>                   NA           NA      <NA>               NA   <NA>    NA            NA       NA       <NA>          NA    <NA>            NA               NA      NA   <NA>       <NA>          <NA>    <NA>             <NA>                   <NA>      <NA>                     <NA>                   NA             NA          <NA>      623       <NA>     NA    NA              NA              <NA>                 NA       NA       NA    <NA>       17

# 2020-07-06 08:55:39 BRT: Elite configurations (first number is the configuration ID; listed from best to worst according to the sum of ranks):
     dataset  job_id cutoff metafolds           task sparse f_eng1 f_eng2 scaling          algorithm pre_scaling extraction ext_components selection   lr_C lr_solver multi_class       C kernel rf_estimators criterion_classification criterion_regression max_features max_depth min_samples_leaf solver alpha hidden_layers neurons1 activation n_neighbors weights ab_estimators ab_learning_rate ab_loss whiten svd_solver ica_algorithm ica_fun dl_fit_algorithm dl_transform_algorithm sel_model sel_score_classification sel_score_regression sel_percentile sel_threshold max_iter lr_penalty degree gamma max_depth_value mlp_learning_rate learning_rate_init neurons2 neurons3 lr_dual
87  cifar100 1554139     20         1 classification  False   None   None   False LogisticRegression        <NA>       <NA>             NA      <NA> 1.8313 newton-cg multinomial      NA   <NA>            NA                     <NA>                   NA           NA      <NA>               NA   <NA>    NA            NA       NA       <NA>          NA    <NA>            NA               NA      NA   <NA>       <NA>          <NA>    <NA>             <NA>                   <NA>      <NA>                     <NA>                   NA             NA          <NA>      623       <NA>     NA    NA              NA              <NA>                 NA       NA       NA    <NA>
17  cifar100 1554139     20         1 classification  False   None   None    True         KNeighbors        <NA>       <NA>             NA      <NA>     NA      <NA>        <NA>      NA   <NA>            NA                     <NA>                   NA           NA      <NA>               NA   <NA>    NA            NA       NA       <NA>           1 uniform            NA               NA      NA   <NA>       <NA>          <NA>    <NA>             <NA>                   <NA>      <NA>                     <NA>                   NA             NA          <NA>       NA       <NA>     NA    NA              NA              <NA>                 NA       NA       NA    <NA>
124 cifar100 1554139     20         1 classification  False   None   None    True                SVM        <NA>       <NA>             NA      <NA>     NA      <NA>        <NA> -3.2241 linear            NA                     <NA>                   NA           NA      <NA>               NA   <NA>    NA            NA       NA       <NA>          NA    <NA>            NA               NA      NA   <NA>       <NA>          <NA>    <NA>             <NA>                   <NA>      <NA>                     <NA>                   NA             NA          <NA>       NA       <NA>     NA    NA              NA              <NA>                 NA       NA       NA    <NA>
# 2020-07-06 08:55:39 BRT: Iteration 4 of 7
# experimentsUsedSoFar: 634
# remainingBudget: 1366
# currentBudget: 341
# nbConfigurations: 40
  Markers:
     x No test is performed.
     - The test is performed and some configurations are discarded.
     = The test is performed but no configuration is discarded.
     ! The test is performed and configurations could be discarded but elite configurations are preserved.
     . All alive configurations are elite and nothing is discarded

+-+-----------+-----------+-----------+---------------+-----------+--------+-----+----+------+
| |   Instance|      Alive|       Best|      Mean best| Exp so far|  W time|  rho|KenW|  Qvar|
+-+-----------+-----------+-----------+---------------+-----------+--------+-----+----+------+
|x|          8|         40|        156|  -0.1184000000|         40|00:33:26|   NA|  NA|    NA|
|x|          3|         40|        130| -0.07080000000|         77|00:32:02|+0.73|0.86|0.1497|
|x|          4|         40|        130| -0.07573333333|        114|00:31:45|+0.79|0.86|0.1339|
|x|          6|         40|        130| -0.07930000000|        151|00:31:23|+0.84|0.88|0.1001|
|!|          2|          9|        130| -0.07912000000|        189|00:31:20|+0.05|0.24|1.0462|
|=|          1|          9|        130| -0.07940000000|        196|00:02:39|+0.11|0.26|0.9325|
|=|          5|          9|        130| -0.07902857143|        202|00:00:48|+0.10|0.23|0.9205|
|!|          7|          3|        130| -0.07900000000|        208|00:00:49|+0.17|0.27|0.5737|
+-+-----------+-----------+-----------+---------------+-----------+--------+-----+----+------+
Best-so-far configuration:         124    mean value:     1073741824.
Description of the best-so-far configuration:
    .ID.  dataset  job_id cutoff metafolds           task sparse f_eng1 f_eng2 scaling algorithm pre_scaling extraction ext_components selection lr_C lr_solver multi_class       C kernel rf_estimators criterion_classification criterion_regression max_features max_depth min_samples_leaf solver alpha hidden_layers neurons1 activation n_neighbors weights ab_estimators ab_learning_rate ab_loss whiten svd_solver ica_algorithm ica_fun dl_fit_algorithm dl_transform_algorithm sel_model sel_score_classification sel_score_regression sel_percentile sel_threshold max_iter lr_penalty degree gamma max_depth_value mlp_learning_rate learning_rate_init neurons2 neurons3 lr_dual .PARENT.
124  124 cifar100 1554139     20         1 classification  False   None   None    True       SVM        <NA>       <NA>             NA      <NA>   NA      <NA>        <NA> -3.2241 linear            NA                     <NA>                   NA           NA      <NA>               NA   <NA>    NA            NA       NA       <NA>          NA    <NA>            NA               NA      NA   <NA>       <NA>          <NA>    <NA>             <NA>                   <NA>      <NA>                     <NA>                   NA             NA          <NA>       NA       <NA>     NA    NA              NA              <NA>                 NA       NA       NA    <NA>       17

# 2020-07-06 11:39:55 BRT: Elite configurations (first number is the configuration ID; listed from best to worst according to the sum of ranks):
     dataset  job_id cutoff metafolds           task sparse f_eng1 f_eng2 scaling          algorithm pre_scaling extraction ext_components selection   lr_C lr_solver multi_class       C kernel rf_estimators criterion_classification criterion_regression max_features max_depth min_samples_leaf solver alpha hidden_layers neurons1 activation n_neighbors  weights ab_estimators ab_learning_rate ab_loss whiten svd_solver ica_algorithm ica_fun dl_fit_algorithm dl_transform_algorithm sel_model sel_score_classification sel_score_regression sel_percentile sel_threshold max_iter lr_penalty degree gamma max_depth_value mlp_learning_rate learning_rate_init neurons2 neurons3 lr_dual
124 cifar100 1554139     20         1 classification  False   None   None    True                SVM        <NA>       <NA>             NA      <NA>     NA      <NA>        <NA> -3.2241 linear            NA                     <NA>                   NA           NA      <NA>               NA   <NA>    NA            NA       NA       <NA>          NA     <NA>            NA               NA      NA   <NA>       <NA>          <NA>    <NA>             <NA>                   <NA>      <NA>                     <NA>                   NA             NA          <NA>       NA       <NA>     NA    NA              NA              <NA>                 NA       NA       NA    <NA>
130 cifar100 1554139     20         1 classification  False   None   None   False         KNeighbors        <NA>       <NA>             NA      <NA>     NA      <NA>        <NA>      NA   <NA>            NA                     <NA>                   NA           NA      <NA>               NA   <NA>    NA            NA       NA       <NA>          24 distance            NA               NA      NA   <NA>       <NA>          <NA>    <NA>             <NA>                   <NA>      <NA>                     <NA>                   NA             NA          <NA>       NA       <NA>     NA    NA              NA              <NA>                 NA       NA       NA    <NA>
87  cifar100 1554139     20         1 classification  False   None   None   False LogisticRegression        <NA>       <NA>             NA      <NA> 1.8313 newton-cg multinomial      NA   <NA>            NA                     <NA>                   NA           NA      <NA>               NA   <NA>    NA            NA       NA       <NA>          NA     <NA>            NA               NA      NA   <NA>       <NA>          <NA>    <NA>             <NA>                   <NA>      <NA>                     <NA>                   NA             NA          <NA>      623       <NA>     NA    NA              NA              <NA>                 NA       NA       NA    <NA>
# 2020-07-06 11:39:55 BRT: Iteration 5 of 7
# experimentsUsedSoFar: 842
# remainingBudget: 1158
# currentBudget: 386
# nbConfigurations: 41
  Markers:
     x No test is performed.
     - The test is performed and some configurations are discarded.
     = The test is performed but no configuration is discarded.
     ! The test is performed and configurations could be discarded but elite configurations are preserved.
     . All alive configurations are elite and nothing is discarded

+-+-----------+-----------+-----------+---------------+-----------+--------+-----+----+------+
| |   Instance|      Alive|       Best|      Mean best| Exp so far|  W time|  rho|KenW|  Qvar|
+-+-----------+-----------+-----------+---------------+-----------+--------+-----+----+------+
|x|          9|         41|        195|  -0.1224000000|         41|00:40:01|   NA|  NA|    NA|
|x|          2|         41|        196|  -0.1130000000|         79|00:33:45|+0.87|0.93|0.1099|
|x|          3|         41|        196|  -0.1140000000|        117|00:33:45|+0.84|0.90|0.1075|
|x|          1|         41|        196|  -0.1144000000|        155|00:34:13|+0.87|0.90|0.0892|
|!|          8|          7|        196|  -0.1137600000|        193|00:33:41|+0.55|0.64|0.6211|
+-+-----------+-----------+-----------+---------------+-----------+--------+-----+----+------+
Best-so-far configuration:         124    mean value:     1431655765.
Description of the best-so-far configuration:
    .ID.  dataset  job_id cutoff metafolds           task sparse f_eng1 f_eng2 scaling algorithm pre_scaling extraction ext_components selection lr_C lr_solver multi_class       C kernel rf_estimators criterion_classification criterion_regression max_features max_depth min_samples_leaf solver alpha hidden_layers neurons1 activation n_neighbors weights ab_estimators ab_learning_rate ab_loss whiten svd_solver ica_algorithm ica_fun dl_fit_algorithm dl_transform_algorithm sel_model sel_score_classification sel_score_regression sel_percentile sel_threshold max_iter lr_penalty degree gamma max_depth_value mlp_learning_rate learning_rate_init neurons2 neurons3 lr_dual .PARENT.
124  124 cifar100 1554139     20         1 classification  False   None   None    True       SVM        <NA>       <NA>             NA      <NA>   NA      <NA>        <NA> -3.2241 linear            NA                     <NA>                   NA           NA      <NA>               NA   <NA>    NA            NA       NA       <NA>          NA    <NA>            NA               NA      NA   <NA>       <NA>          <NA>    <NA>             <NA>                   <NA>      <NA>                     <NA>                   NA             NA          <NA>       NA       <NA>     NA    NA              NA              <NA>                 NA       NA       NA    <NA>       17

# 2020-07-06 14:35:25 BRT: Elite configurations (first number is the configuration ID; listed from best to worst according to the sum of ranks):
     dataset  job_id cutoff metafolds           task sparse    f_eng1 f_eng2 scaling          algorithm pre_scaling extraction ext_components       selection   lr_C lr_solver multi_class       C kernel rf_estimators criterion_classification criterion_regression max_features max_depth min_samples_leaf solver alpha hidden_layers neurons1 activation n_neighbors  weights ab_estimators ab_learning_rate ab_loss whiten svd_solver ica_algorithm ica_fun dl_fit_algorithm dl_transform_algorithm    sel_model sel_score_classification sel_score_regression sel_percentile sel_threshold max_iter lr_penalty degree gamma max_depth_value mlp_learning_rate learning_rate_init neurons2 neurons3 lr_dual
124 cifar100 1554139     20         1 classification  False      None   None    True                SVM        <NA>       <NA>             NA            <NA>     NA      <NA>        <NA> -3.2241 linear            NA                     <NA>                   NA           NA      <NA>               NA   <NA>    NA            NA       NA       <NA>          NA     <NA>            NA               NA      NA   <NA>       <NA>          <NA>    <NA>             <NA>                   <NA>         <NA>                     <NA>                   NA             NA          <NA>       NA       <NA>     NA    NA              NA              <NA>                 NA       NA       NA    <NA>
130 cifar100 1554139     20         1 classification  False      None   None   False         KNeighbors        <NA>       <NA>             NA            <NA>     NA      <NA>        <NA>      NA   <NA>            NA                     <NA>                   NA           NA      <NA>               NA   <NA>    NA            NA       NA       <NA>          24 distance            NA               NA      NA   <NA>       <NA>          <NA>    <NA>             <NA>                   <NA>         <NA>                     <NA>                   NA             NA          <NA>       NA       <NA>     NA    NA              NA              <NA>                 NA       NA       NA    <NA>
87  cifar100 1554139     20         1 classification  False      None   None   False LogisticRegression        <NA>       <NA>             NA            <NA> 1.8313 newton-cg multinomial      NA   <NA>            NA                     <NA>                   NA           NA      <NA>               NA   <NA>    NA            NA       NA       <NA>          NA     <NA>            NA               NA      NA   <NA>       <NA>          <NA>    <NA>             <NA>                   <NA>         <NA>                     <NA>                   NA             NA          <NA>      623       <NA>     NA    NA              NA              <NA>                 NA       NA       NA    <NA>
196 cifar100 1554139     20         1 classification  False      None   None    True                SVM        <NA>       <NA>             NA            <NA>     NA      <NA>        <NA>  0.3854 linear            NA                     <NA>                   NA           NA      <NA>               NA   <NA>    NA            NA       NA       <NA>          NA     <NA>            NA               NA      NA   <NA>       <NA>          <NA>    <NA>             <NA>                   <NA>         <NA>                     <NA>                   NA             NA          <NA>       NA       <NA>     NA    NA              NA              <NA>                 NA       NA       NA    <NA>
199 cifar100 1554139     20         1 classification  False Selection   None    True                SVM       False       <NA>             NA SelectFromModel     NA      <NA>        <NA>  3.2221 linear            NA                     <NA>                   NA           NA      <NA>               NA   <NA>    NA            NA       NA       <NA>          NA     <NA>            NA               NA      NA   <NA>       <NA>          <NA>    <NA>             <NA>                   <NA> DecisionTree                     <NA>                   NA             NA        median       NA       <NA>     NA    NA              NA              <NA>                 NA       NA       NA    <NA>
198 cifar100 1554139     20         1 classification  False      None   None    True                SVM        <NA>       <NA>             NA            <NA>     NA      <NA>        <NA> -3.5533 linear            NA                     <NA>                   NA           NA      <NA>               NA   <NA>    NA            NA       NA       <NA>          NA     <NA>            NA               NA      NA   <NA>       <NA>          <NA>    <NA>             <NA>                   <NA>         <NA>                     <NA>                   NA             NA          <NA>       NA       <NA>     NA    NA              NA              <NA>                 NA       NA       NA    <NA>
197 cifar100 1554139     20         1 classification  False      None   None    True                SVM        <NA>       <NA>             NA            <NA>     NA      <NA>        <NA> -3.6651 linear            NA                     <NA>                   NA           NA      <NA>               NA   <NA>    NA            NA       NA       <NA>          NA     <NA>            NA               NA      NA   <NA>       <NA>          <NA>    <NA>             <NA>                   <NA>         <NA>                     <NA>                   NA             NA          <NA>       NA       <NA>     NA    NA              NA              <NA>                 NA       NA       NA    <NA>
# 2020-07-06 14:35:25 BRT: Iteration 6 of 7
# experimentsUsedSoFar: 1035
# remainingBudget: 965
# currentBudget: 482
# nbConfigurations: 54
  Markers:
     x No test is performed.
     - The test is performed and some configurations are discarded.
     = The test is performed but no configuration is discarded.
     ! The test is performed and configurations could be discarded but elite configurations are preserved.
     . All alive configurations are elite and nothing is discarded

+-+-----------+-----------+-----------+---------------+-----------+--------+-----+----+------+
| |   Instance|      Alive|       Best|      Mean best| Exp so far|  W time|  rho|KenW|  Qvar|
+-+-----------+-----------+-----------+---------------+-----------+--------+-----+----+------+
|x|         10|         54|        234|  -0.1072000000|         54|00:40:02|   NA|  NA|    NA|
|x|          6|         54|        234|  -0.1138000000|        105|00:40:02|+0.67|0.83|0.2831|
|x|          3|         54|        239|  -0.1182666667|        152|00:40:01|+0.55|0.70|0.3724|
|x|          2|         54|        239|  -0.1160000000|        199|00:40:01|+0.59|0.69|0.3420|
|!|          8|         13|        239|  -0.1152800000|        246|00:40:01|+0.44|0.55|0.8092|
|!|          4|         12|        239|  -0.1148666667|        256|00:05:21|+0.43|0.52|0.7964|
|!|          1|         10|        239|  -0.1152571429|        261|00:05:24|+0.47|0.54|0.7678|
|!|          9|          6|        239|  -0.1163000000|        264|00:02:53|+0.48|0.55|0.5085|
+-+-----------+-----------+-----------+---------------+-----------+--------+-----+----+------+
Best-so-far configuration:         124    mean value:     1717986918.
Description of the best-so-far configuration:
    .ID.  dataset  job_id cutoff metafolds           task sparse f_eng1 f_eng2 scaling algorithm pre_scaling extraction ext_components selection lr_C lr_solver multi_class       C kernel rf_estimators criterion_classification criterion_regression max_features max_depth min_samples_leaf solver alpha hidden_layers neurons1 activation n_neighbors weights ab_estimators ab_learning_rate ab_loss whiten svd_solver ica_algorithm ica_fun dl_fit_algorithm dl_transform_algorithm sel_model sel_score_classification sel_score_regression sel_percentile sel_threshold max_iter lr_penalty degree gamma max_depth_value mlp_learning_rate learning_rate_init neurons2 neurons3 lr_dual .PARENT.
124  124 cifar100 1554139     20         1 classification  False   None   None    True       SVM        <NA>       <NA>             NA      <NA>   NA      <NA>        <NA> -3.2241 linear            NA                     <NA>                   NA           NA      <NA>               NA   <NA>    NA            NA       NA       <NA>          NA    <NA>            NA               NA      NA   <NA>       <NA>          <NA>    <NA>             <NA>                   <NA>      <NA>                     <NA>                   NA             NA          <NA>       NA       <NA>     NA    NA              NA              <NA>                 NA       NA       NA    <NA>       17

# 2020-07-06 18:09:17 BRT: Elite configurations (first number is the configuration ID; listed from best to worst according to the sum of ranks):
     dataset  job_id cutoff metafolds           task sparse f_eng1 f_eng2 scaling          algorithm pre_scaling extraction ext_components selection   lr_C lr_solver multi_class       C kernel rf_estimators criterion_classification criterion_regression max_features max_depth min_samples_leaf solver alpha hidden_layers neurons1 activation n_neighbors  weights ab_estimators ab_learning_rate ab_loss whiten svd_solver ica_algorithm ica_fun dl_fit_algorithm dl_transform_algorithm sel_model sel_score_classification sel_score_regression sel_percentile sel_threshold max_iter lr_penalty degree gamma max_depth_value mlp_learning_rate learning_rate_init neurons2 neurons3 lr_dual
124 cifar100 1554139     20         1 classification  False   None   None    True                SVM        <NA>       <NA>             NA      <NA>     NA      <NA>        <NA> -3.2241 linear            NA                     <NA>                   NA           NA      <NA>               NA   <NA>    NA            NA       NA       <NA>          NA     <NA>            NA               NA      NA   <NA>       <NA>          <NA>    <NA>             <NA>                   <NA>      <NA>                     <NA>                   NA             NA          <NA>       NA       <NA>     NA    NA              NA              <NA>                 NA       NA       NA    <NA>
130 cifar100 1554139     20         1 classification  False   None   None   False         KNeighbors        <NA>       <NA>             NA      <NA>     NA      <NA>        <NA>      NA   <NA>            NA                     <NA>                   NA           NA      <NA>               NA   <NA>    NA            NA       NA       <NA>          24 distance            NA               NA      NA   <NA>       <NA>          <NA>    <NA>             <NA>                   <NA>      <NA>                     <NA>                   NA             NA          <NA>       NA       <NA>     NA    NA              NA              <NA>                 NA       NA       NA    <NA>
87  cifar100 1554139     20         1 classification  False   None   None   False LogisticRegression        <NA>       <NA>             NA      <NA> 1.8313 newton-cg multinomial      NA   <NA>            NA                     <NA>                   NA           NA      <NA>               NA   <NA>    NA            NA       NA       <NA>          NA     <NA>            NA               NA      NA   <NA>       <NA>          <NA>    <NA>             <NA>                   <NA>      <NA>                     <NA>                   NA             NA          <NA>      623       <NA>     NA    NA              NA              <NA>                 NA       NA       NA    <NA>
239 cifar100 1554139     20         1 classification  False   None   None    True                SVM        <NA>       <NA>             NA      <NA>     NA      <NA>        <NA> -2.5348 linear            NA                     <NA>                   NA           NA      <NA>               NA   <NA>    NA            NA       NA       <NA>          NA     <NA>            NA               NA      NA   <NA>       <NA>          <NA>    <NA>             <NA>                   <NA>      <NA>                     <NA>                   NA             NA          <NA>       NA       <NA>     NA    NA              NA              <NA>                 NA       NA       NA    <NA>
235 cifar100 1554139     20         1 classification  False   None   None    True                SVM        <NA>       <NA>             NA      <NA>     NA      <NA>        <NA>  1.5520 linear            NA                     <NA>                   NA           NA      <NA>               NA   <NA>    NA            NA       NA       <NA>          NA     <NA>            NA               NA      NA   <NA>       <NA>          <NA>    <NA>             <NA>                   <NA>      <NA>                     <NA>                   NA             NA          <NA>       NA       <NA>     NA    NA              NA              <NA>                 NA       NA       NA    <NA>
245 cifar100 1554139     20         1 classification  False   None   None    True                SVM        <NA>       <NA>             NA      <NA>     NA      <NA>        <NA>  0.9896 linear            NA                     <NA>                   NA           NA      <NA>               NA   <NA>    NA            NA       NA       <NA>          NA     <NA>            NA               NA      NA   <NA>       <NA>          <NA>    <NA>             <NA>                   <NA>      <NA>                     <NA>                   NA             NA          <NA>       NA       <NA>     NA    NA              NA              <NA>                 NA       NA       NA    <NA>
# 2020-07-06 18:09:17 BRT: Iteration 7 of 7
# experimentsUsedSoFar: 1299
# remainingBudget: 701
# currentBudget: 701
# nbConfigurations: 69
  Markers:
     x No test is performed.
     - The test is performed and some configurations are discarded.
     = The test is performed but no configuration is discarded.
     ! The test is performed and configurations could be discarded but elite configurations are preserved.
     . All alive configurations are elite and nothing is discarded

+-+-----------+-----------+-----------+---------------+-----------+--------+-----+----+------+
| |   Instance|      Alive|       Best|      Mean best| Exp so far|  W time|  rho|KenW|  Qvar|
+-+-----------+-----------+-----------+---------------+-----------+--------+-----+----+------+
|x|         11|         69|        308|  -0.1192000000|         69|00:42:27|   NA|  NA|    NA|
|x|          3|         69|        266| -0.08940000000|        132|00:40:02|+0.69|0.84|0.1871|
|x|          2|         69|        270| -0.08520000000|        195|00:40:02|+0.74|0.82|0.1453|
|x|          8|         69|        270| -0.08400000000|        258|00:40:02|+0.78|0.84|0.1251|
|!|          1|         21|        266| -0.08360000000|        321|00:40:04|+0.12|0.29|1.0622|
|!|          9|         13|        239|    715827882.6|        336|00:14:13|+0.12|0.27|0.9030|
|!|         10|          7|        239|    613566756.5|        343|00:14:35|+0.24|0.35|0.7259|
+-+-----------+-----------+-----------+---------------+-----------+--------+-----+----+------+
Best-so-far configuration:         124    mean value:     1952257862.
Description of the best-so-far configuration:
    .ID.  dataset  job_id cutoff metafolds           task sparse f_eng1 f_eng2 scaling algorithm pre_scaling extraction ext_components selection lr_C lr_solver multi_class       C kernel rf_estimators criterion_classification criterion_regression max_features max_depth min_samples_leaf solver alpha hidden_layers neurons1 activation n_neighbors weights ab_estimators ab_learning_rate ab_loss whiten svd_solver ica_algorithm ica_fun dl_fit_algorithm dl_transform_algorithm sel_model sel_score_classification sel_score_regression sel_percentile sel_threshold max_iter lr_penalty degree gamma max_depth_value mlp_learning_rate learning_rate_init neurons2 neurons3 lr_dual .PARENT.
124  124 cifar100 1554139     20         1 classification  False   None   None    True       SVM        <NA>       <NA>             NA      <NA>   NA      <NA>        <NA> -3.2241 linear            NA                     <NA>                   NA           NA      <NA>               NA   <NA>    NA            NA       NA       <NA>          NA    <NA>            NA               NA      NA   <NA>       <NA>          <NA>    <NA>             <NA>                   <NA>      <NA>                     <NA>                   NA             NA          <NA>       NA       <NA>     NA    NA              NA              <NA>                 NA       NA       NA    <NA>       17

# 2020-07-06 22:00:47 BRT: Elite configurations (first number is the configuration ID; listed from best to worst according to the sum of ranks):
     dataset  job_id cutoff metafolds           task sparse f_eng1 f_eng2 scaling          algorithm pre_scaling extraction ext_components selection   lr_C lr_solver multi_class       C kernel rf_estimators criterion_classification criterion_regression max_features max_depth min_samples_leaf solver alpha hidden_layers neurons1 activation n_neighbors  weights ab_estimators ab_learning_rate ab_loss whiten svd_solver ica_algorithm ica_fun dl_fit_algorithm dl_transform_algorithm sel_model sel_score_classification sel_score_regression sel_percentile sel_threshold max_iter lr_penalty degree gamma max_depth_value mlp_learning_rate learning_rate_init neurons2 neurons3 lr_dual
124 cifar100 1554139     20         1 classification  False   None   None    True                SVM        <NA>       <NA>             NA      <NA>     NA      <NA>        <NA> -3.2241 linear            NA                     <NA>                   NA           NA      <NA>               NA   <NA>    NA            NA       NA       <NA>          NA     <NA>            NA               NA      NA   <NA>       <NA>          <NA>    <NA>             <NA>                   <NA>      <NA>                     <NA>                   NA             NA          <NA>       NA       <NA>     NA    NA              NA              <NA>                 NA       NA       NA    <NA>
130 cifar100 1554139     20         1 classification  False   None   None   False         KNeighbors        <NA>       <NA>             NA      <NA>     NA      <NA>        <NA>      NA   <NA>            NA                     <NA>                   NA           NA      <NA>               NA   <NA>    NA            NA       NA       <NA>          24 distance            NA               NA      NA   <NA>       <NA>          <NA>    <NA>             <NA>                   <NA>      <NA>                     <NA>                   NA             NA          <NA>       NA       <NA>     NA    NA              NA              <NA>                 NA       NA       NA    <NA>
87  cifar100 1554139     20         1 classification  False   None   None   False LogisticRegression        <NA>       <NA>             NA      <NA> 1.8313 newton-cg multinomial      NA   <NA>            NA                     <NA>                   NA           NA      <NA>               NA   <NA>    NA            NA       NA       <NA>          NA     <NA>            NA               NA      NA   <NA>       <NA>          <NA>    <NA>             <NA>                   <NA>      <NA>                     <NA>                   NA             NA          <NA>      623       <NA>     NA    NA              NA              <NA>                 NA       NA       NA    <NA>
239 cifar100 1554139     20         1 classification  False   None   None    True                SVM        <NA>       <NA>             NA      <NA>     NA      <NA>        <NA> -2.5348 linear            NA                     <NA>                   NA           NA      <NA>               NA   <NA>    NA            NA       NA       <NA>          NA     <NA>            NA               NA      NA   <NA>       <NA>          <NA>    <NA>             <NA>                   <NA>      <NA>                     <NA>                   NA             NA          <NA>       NA       <NA>     NA    NA              NA              <NA>                 NA       NA       NA    <NA>
235 cifar100 1554139     20         1 classification  False   None   None    True                SVM        <NA>       <NA>             NA      <NA>     NA      <NA>        <NA>  1.5520 linear            NA                     <NA>                   NA           NA      <NA>               NA   <NA>    NA            NA       NA       <NA>          NA     <NA>            NA               NA      NA   <NA>       <NA>          <NA>    <NA>             <NA>                   <NA>      <NA>                     <NA>                   NA             NA          <NA>       NA       <NA>     NA    NA              NA              <NA>                 NA       NA       NA    <NA>
245 cifar100 1554139     20         1 classification  False   None   None    True                SVM        <NA>       <NA>             NA      <NA>     NA      <NA>        <NA>  0.9896 linear            NA                     <NA>                   NA           NA      <NA>               NA   <NA>    NA            NA       NA       <NA>          NA     <NA>            NA               NA      NA   <NA>       <NA>          <NA>    <NA>             <NA>                   <NA>      <NA>                     <NA>                   NA             NA          <NA>       NA       <NA>     NA    NA              NA              <NA>                 NA       NA       NA    <NA>
266 cifar100 1554139     20         1 classification  False   None   None   False LogisticRegression        <NA>       <NA>             NA      <NA> 1.3817 newton-cg multinomial      NA   <NA>            NA                     <NA>                   NA           NA      <NA>               NA   <NA>    NA            NA       NA       <NA>          NA     <NA>            NA               NA      NA   <NA>       <NA>          <NA>    <NA>             <NA>                   <NA>      <NA>                     <NA>                   NA             NA          <NA>      778       <NA>     NA    NA              NA              <NA>                 NA       NA       NA    <NA>
# 2020-07-06 22:00:47 BRT: Iteration 8 of 8
# experimentsUsedSoFar: 1642
# remainingBudget: 358
# currentBudget: 358
# nbConfigurations: 36
  Markers:
     x No test is performed.
     - The test is performed and some configurations are discarded.
     = The test is performed but no configuration is discarded.
     ! The test is performed and configurations could be discarded but elite configurations are preserved.
     . All alive configurations are elite and nothing is discarded

+-+-----------+-----------+-----------+---------------+-----------+--------+-----+----+------+
| |   Instance|      Alive|       Best|      Mean best| Exp so far|  W time|  rho|KenW|  Qvar|
+-+-----------+-----------+-----------+---------------+-----------+--------+-----+----+------+
|x|         12|         36|        338|  -0.1092000000|         36|00:22:42|   NA|  NA|    NA|
|x|          5|         36|        315| -0.07800000000|         69|00:20:34|+0.55|0.77|0.3331|
|x|          8|         36|        315| -0.07720000000|         98|00:20:01|+0.44|0.63|0.4139|
|x|          7|         36|        315| -0.07860000000|        131|00:20:37|+0.55|0.66|0.3269|
|!|         11|         11|        315| -0.07904000000|        160|00:20:01|+0.10|0.28|0.4633|
|=|          4|         11|        315| -0.07893333333|        165|00:02:53|-0.03|0.14|0.7856|
|=|          6|         11|        315| -0.07965714286|        170|00:02:57|-0.03|0.12|0.9017|
|=|          1|         11|        124|    1610612736.|        174|00:00:43|-0.01|0.12|0.9278|
|=|          9|         11|        315| -0.08075555556|        178|00:00:44|+0.01|0.12|0.9013|
|=|         10|         11|        130| -0.08144000000|        182|00:00:44|+0.04|0.13|0.8648|
|=|          2|         11|        239|    1561806289.|        186|00:00:44|+0.06|0.15|0.8552|
|!|          3|          8|        239|    1431655765.|        190|00:00:43|+0.02|0.10|0.9052|
|=|         13|          8|        239|    1321528399.|        198|00:05:03|+0.05|0.12|0.9103|
|!|         14|          5|        239|    1227133513.|        206|00:05:02|+0.01|0.08|0.8327|
+-+-----------+-----------+-----------+---------------+-----------+--------+-----+----+------+
Best-so-far configuration:         239    mean value:     1227133513.
Description of the best-so-far configuration:
    .ID.  dataset  job_id cutoff metafolds           task sparse f_eng1 f_eng2 scaling algorithm pre_scaling extraction ext_components selection lr_C lr_solver multi_class       C kernel rf_estimators criterion_classification criterion_regression max_features max_depth min_samples_leaf solver alpha hidden_layers neurons1 activation n_neighbors weights ab_estimators ab_learning_rate ab_loss whiten svd_solver ica_algorithm ica_fun dl_fit_algorithm dl_transform_algorithm sel_model sel_score_classification sel_score_regression sel_percentile sel_threshold max_iter lr_penalty degree gamma max_depth_value mlp_learning_rate learning_rate_init neurons2 neurons3 lr_dual .PARENT.
239  239 cifar100 1554139     20         1 classification  False   None   None    True       SVM        <NA>       <NA>             NA      <NA>   NA      <NA>        <NA> -2.5348 linear            NA                     <NA>                   NA           NA      <NA>               NA   <NA>    NA            NA       NA       <NA>          NA    <NA>            NA               NA      NA   <NA>       <NA>          <NA>    <NA>             <NA>                   <NA>      <NA>                     <NA>                   NA             NA          <NA>       NA       <NA>     NA    NA              NA              <NA>                 NA       NA       NA    <NA>      124

# 2020-07-07 00:04:22 BRT: Elite configurations (first number is the configuration ID; listed from best to worst according to the sum of ranks):
     dataset  job_id cutoff metafolds           task sparse f_eng1 f_eng2 scaling  algorithm pre_scaling extraction ext_components selection lr_C lr_solver multi_class       C kernel rf_estimators criterion_classification criterion_regression max_features max_depth min_samples_leaf solver alpha hidden_layers neurons1 activation n_neighbors  weights ab_estimators ab_learning_rate ab_loss whiten svd_solver ica_algorithm ica_fun dl_fit_algorithm dl_transform_algorithm sel_model sel_score_classification sel_score_regression sel_percentile sel_threshold max_iter lr_penalty degree gamma max_depth_value mlp_learning_rate learning_rate_init neurons2 neurons3 lr_dual
239 cifar100 1554139     20         1 classification  False   None   None    True        SVM        <NA>       <NA>             NA      <NA>   NA      <NA>        <NA> -2.5348 linear            NA                     <NA>                   NA           NA      <NA>               NA   <NA>    NA            NA       NA       <NA>          NA     <NA>            NA               NA      NA   <NA>       <NA>          <NA>    <NA>             <NA>                   <NA>      <NA>                     <NA>                   NA             NA          <NA>       NA       <NA>     NA    NA              NA              <NA>                 NA       NA       NA    <NA>
124 cifar100 1554139     20         1 classification  False   None   None    True        SVM        <NA>       <NA>             NA      <NA>   NA      <NA>        <NA> -3.2241 linear            NA                     <NA>                   NA           NA      <NA>               NA   <NA>    NA            NA       NA       <NA>          NA     <NA>            NA               NA      NA   <NA>       <NA>          <NA>    <NA>             <NA>                   <NA>      <NA>                     <NA>                   NA             NA          <NA>       NA       <NA>     NA    NA              NA              <NA>                 NA       NA       NA    <NA>
235 cifar100 1554139     20         1 classification  False   None   None    True        SVM        <NA>       <NA>             NA      <NA>   NA      <NA>        <NA>  1.5520 linear            NA                     <NA>                   NA           NA      <NA>               NA   <NA>    NA            NA       NA       <NA>          NA     <NA>            NA               NA      NA   <NA>       <NA>          <NA>    <NA>             <NA>                   <NA>      <NA>                     <NA>                   NA             NA          <NA>       NA       <NA>     NA    NA              NA              <NA>                 NA       NA       NA    <NA>
245 cifar100 1554139     20         1 classification  False   None   None    True        SVM        <NA>       <NA>             NA      <NA>   NA      <NA>        <NA>  0.9896 linear            NA                     <NA>                   NA           NA      <NA>               NA   <NA>    NA            NA       NA       <NA>          NA     <NA>            NA               NA      NA   <NA>       <NA>          <NA>    <NA>             <NA>                   <NA>      <NA>                     <NA>                   NA             NA          <NA>       NA       <NA>     NA    NA              NA              <NA>                 NA       NA       NA    <NA>
130 cifar100 1554139     20         1 classification  False   None   None   False KNeighbors        <NA>       <NA>             NA      <NA>   NA      <NA>        <NA>      NA   <NA>            NA                     <NA>                   NA           NA      <NA>               NA   <NA>    NA            NA       NA       <NA>          24 distance            NA               NA      NA   <NA>       <NA>          <NA>    <NA>             <NA>                   <NA>      <NA>                     <NA>                   NA             NA          <NA>       NA       <NA>     NA    NA              NA              <NA>                 NA       NA       NA    <NA>
# 2020-07-07 00:04:24 BRT: Iteration 9 of 9
# experimentsUsedSoFar: 1848
# remainingBudget: 152
# currentBudget: 152
# nbConfigurations: 14
  Markers:
     x No test is performed.
     - The test is performed and some configurations are discarded.
     = The test is performed but no configuration is discarded.
     ! The test is performed and configurations could be discarded but elite configurations are preserved.
     . All alive configurations are elite and nothing is discarded

+-+-----------+-----------+-----------+---------------+-----------+--------+-----+----+------+
| |   Instance|      Alive|       Best|      Mean best| Exp so far|  W time|  rho|KenW|  Qvar|
+-+-----------+-----------+-----------+---------------+-----------+--------+-----+----+------+
|x|         15|         14|        124|  -0.1172000000|         14|00:03:02|   NA|  NA|    NA|
|x|         13|         14|        124|  -0.1194000000|         23|00:02:57|+0.31|0.65|0.0636|
|x|          6|         14|        124|  -0.1213333333|         32|00:02:56|+0.45|0.64|0.0380|
|x|         11|         14|        124|    1073741824.|         41|00:02:54|+0.11|0.34|0.6186|
|!|          7|         13|        124|    858993459.1|         50|00:02:59|+0.22|0.37|0.7086|
|-|          9|         13|        343|  -0.1156666667|         58|00:02:55|+0.16|0.30|0.8141|
|-|          4|         13|        124|    1227133513.|         66|00:02:55|+0.18|0.29|0.7398|
|!|          3|         12|        124|    1073741824.|         74|00:02:56|+0.22|0.31|0.6803|
|-|          5|         12|        124|    954437176.8|         81|00:02:57|+0.25|0.33|0.7145|
|-|          8|         12|        124|    1288490189.|         88|00:02:56|+0.20|0.28|0.7556|
|-|         14|         12|        124|    1171354717.|         95|00:02:55|+0.19|0.26|0.7139|
|-|         10|         12|        343|  -0.1149000000|        102|00:02:55|+0.18|0.25|0.7346|
|-|          2|         12|        343|  -0.1141846154|        109|00:02:57|+0.18|0.25|0.7399|
|-|          1|         12|        343|  -0.1142285714|        116|00:02:55|+0.19|0.25|0.7242|
|!|         12|          9|        343|  -0.1139200000|        123|00:02:56|-0.06|0.01|0.9217|
|=|         16|          9|        343|  -0.1140750000|        132|00:02:56|-0.05|0.01|0.9358|
|=|         17|          9|        124|    1515870810.|        141|00:02:57|-0.05|0.02|0.9422|
+-+-----------+-----------+-----------+---------------+-----------+--------+-----+----+------+
Best-so-far configuration:         124    mean value:     1515870810.
Description of the best-so-far configuration:
    .ID.  dataset  job_id cutoff metafolds           task sparse f_eng1 f_eng2 scaling algorithm pre_scaling extraction ext_components selection lr_C lr_solver multi_class       C kernel rf_estimators criterion_classification criterion_regression max_features max_depth min_samples_leaf solver alpha hidden_layers neurons1 activation n_neighbors weights ab_estimators ab_learning_rate ab_loss whiten svd_solver ica_algorithm ica_fun dl_fit_algorithm dl_transform_algorithm sel_model sel_score_classification sel_score_regression sel_percentile sel_threshold max_iter lr_penalty degree gamma max_depth_value mlp_learning_rate learning_rate_init neurons2 neurons3 lr_dual .PARENT.
124  124 cifar100 1554139     20         1 classification  False   None   None    True       SVM        <NA>       <NA>             NA      <NA>   NA      <NA>        <NA> -3.2241 linear            NA                     <NA>                   NA           NA      <NA>               NA   <NA>    NA            NA       NA       <NA>          NA    <NA>            NA               NA      NA   <NA>       <NA>          <NA>    <NA>             <NA>                   <NA>      <NA>                     <NA>                   NA             NA          <NA>       NA       <NA>     NA    NA              NA              <NA>                 NA       NA       NA    <NA>       17

# 2020-07-07 00:54:31 BRT: Elite configurations (first number is the configuration ID; listed from best to worst according to the sum of ranks):
     dataset  job_id cutoff metafolds           task sparse f_eng1 f_eng2 scaling algorithm pre_scaling extraction ext_components selection lr_C lr_solver multi_class       C kernel rf_estimators criterion_classification criterion_regression max_features max_depth min_samples_leaf solver alpha hidden_layers neurons1 activation n_neighbors weights ab_estimators ab_learning_rate ab_loss whiten svd_solver ica_algorithm ica_fun dl_fit_algorithm dl_transform_algorithm sel_model sel_score_classification sel_score_regression sel_percentile sel_threshold max_iter lr_penalty degree gamma max_depth_value mlp_learning_rate learning_rate_init neurons2 neurons3 lr_dual
124 cifar100 1554139     20         1 classification  False   None   None    True       SVM        <NA>       <NA>             NA      <NA>   NA      <NA>        <NA> -3.2241 linear            NA                     <NA>                   NA           NA      <NA>               NA   <NA>    NA            NA       NA       <NA>          NA    <NA>            NA               NA      NA   <NA>       <NA>          <NA>    <NA>             <NA>                   <NA>      <NA>                     <NA>                   NA             NA          <NA>       NA       <NA>     NA    NA              NA              <NA>                 NA       NA       NA    <NA>
343 cifar100 1554139     20         1 classification  False   None   None    True       SVM        <NA>       <NA>             NA      <NA>   NA      <NA>        <NA> -2.1591 linear            NA                     <NA>                   NA           NA      <NA>               NA   <NA>    NA            NA       NA       <NA>          NA    <NA>            NA               NA      NA   <NA>       <NA>          <NA>    <NA>             <NA>                   <NA>      <NA>                     <NA>                   NA             NA          <NA>       NA       <NA>     NA    NA              NA              <NA>                 NA       NA       NA    <NA>
239 cifar100 1554139     20         1 classification  False   None   None    True       SVM        <NA>       <NA>             NA      <NA>   NA      <NA>        <NA> -2.5348 linear            NA                     <NA>                   NA           NA      <NA>               NA   <NA>    NA            NA       NA       <NA>          NA    <NA>            NA               NA      NA   <NA>       <NA>          <NA>    <NA>             <NA>                   <NA>      <NA>                     <NA>                   NA             NA          <NA>       NA       <NA>     NA    NA              NA              <NA>                 NA       NA       NA    <NA>
341 cifar100 1554139     20         1 classification  False   None   None    True       SVM        <NA>       <NA>             NA      <NA>   NA      <NA>        <NA>  1.0932 linear            NA                     <NA>                   NA           NA      <NA>               NA   <NA>    NA            NA       NA       <NA>          NA    <NA>            NA               NA      NA   <NA>       <NA>          <NA>    <NA>             <NA>                   <NA>      <NA>                     <NA>                   NA             NA          <NA>       NA       <NA>     NA    NA              NA              <NA>                 NA       NA       NA    <NA>
342 cifar100 1554139     20         1 classification  False   None   None    True       SVM        <NA>       <NA>             NA      <NA>   NA      <NA>        <NA>  1.0326 linear            NA                     <NA>                   NA           NA      <NA>               NA   <NA>    NA            NA       NA       <NA>          NA    <NA>            NA               NA      NA   <NA>       <NA>          <NA>    <NA>             <NA>                   <NA>      <NA>                     <NA>                   NA             NA          <NA>       NA       <NA>     NA    NA              NA              <NA>                 NA       NA       NA    <NA>
344 cifar100 1554139     20         1 classification  False   None   None    True       SVM        <NA>       <NA>             NA      <NA>   NA      <NA>        <NA>  0.8178 linear            NA                     <NA>                   NA           NA      <NA>               NA   <NA>    NA            NA       NA       <NA>          NA    <NA>            NA               NA      NA   <NA>       <NA>          <NA>    <NA>             <NA>                   <NA>      <NA>                     <NA>                   NA             NA          <NA>       NA       <NA>     NA    NA              NA              <NA>                 NA       NA       NA    <NA>
345 cifar100 1554139     20         1 classification  False   None   None    True       SVM        <NA>       <NA>             NA      <NA>   NA      <NA>        <NA> -0.7489 linear            NA                     <NA>                   NA           NA      <NA>               NA   <NA>    NA            NA       NA       <NA>          NA    <NA>            NA               NA      NA   <NA>       <NA>          <NA>    <NA>             <NA>                   <NA>      <NA>                     <NA>                   NA             NA          <NA>       NA       <NA>     NA    NA              NA              <NA>                 NA       NA       NA    <NA>
# 2020-07-07 00:54:31 BRT: Stopped because there is not enough budget left to race more than the minimum (7)
# You may either increase the budget or set 'minNbSurvival' to a lower value
# Iteration: 10
# nbIterations: 10
# experimentsUsedSoFar: 1989
# timeUsed: 0
# remainingBudget: 11
# currentBudget: 11
# number of elites: 7
# nbConfigurations: 7
# Best configurations (first number is the configuration ID; listed from best to worst according to the sum of ranks):
     dataset  job_id cutoff metafolds           task sparse f_eng1 f_eng2 scaling algorithm pre_scaling extraction ext_components selection lr_C lr_solver multi_class       C kernel rf_estimators criterion_classification criterion_regression max_features max_depth min_samples_leaf solver alpha hidden_layers neurons1 activation n_neighbors weights ab_estimators ab_learning_rate ab_loss whiten svd_solver ica_algorithm ica_fun dl_fit_algorithm dl_transform_algorithm sel_model sel_score_classification sel_score_regression sel_percentile sel_threshold max_iter lr_penalty degree gamma max_depth_value mlp_learning_rate learning_rate_init neurons2 neurons3 lr_dual
124 cifar100 1554139     20         1 classification  False   None   None    True       SVM        <NA>       <NA>             NA      <NA>   NA      <NA>        <NA> -3.2241 linear            NA                     <NA>                   NA           NA      <NA>               NA   <NA>    NA            NA       NA       <NA>          NA    <NA>            NA               NA      NA   <NA>       <NA>          <NA>    <NA>             <NA>                   <NA>      <NA>                     <NA>                   NA             NA          <NA>       NA       <NA>     NA    NA              NA              <NA>                 NA       NA       NA    <NA>
343 cifar100 1554139     20         1 classification  False   None   None    True       SVM        <NA>       <NA>             NA      <NA>   NA      <NA>        <NA> -2.1591 linear            NA                     <NA>                   NA           NA      <NA>               NA   <NA>    NA            NA       NA       <NA>          NA    <NA>            NA               NA      NA   <NA>       <NA>          <NA>    <NA>             <NA>                   <NA>      <NA>                     <NA>                   NA             NA          <NA>       NA       <NA>     NA    NA              NA              <NA>                 NA       NA       NA    <NA>
239 cifar100 1554139     20         1 classification  False   None   None    True       SVM        <NA>       <NA>             NA      <NA>   NA      <NA>        <NA> -2.5348 linear            NA                     <NA>                   NA           NA      <NA>               NA   <NA>    NA            NA       NA       <NA>          NA    <NA>            NA               NA      NA   <NA>       <NA>          <NA>    <NA>             <NA>                   <NA>      <NA>                     <NA>                   NA             NA          <NA>       NA       <NA>     NA    NA              NA              <NA>                 NA       NA       NA    <NA>
341 cifar100 1554139     20         1 classification  False   None   None    True       SVM        <NA>       <NA>             NA      <NA>   NA      <NA>        <NA>  1.0932 linear            NA                     <NA>                   NA           NA      <NA>               NA   <NA>    NA            NA       NA       <NA>          NA    <NA>            NA               NA      NA   <NA>       <NA>          <NA>    <NA>             <NA>                   <NA>      <NA>                     <NA>                   NA             NA          <NA>       NA       <NA>     NA    NA              NA              <NA>                 NA       NA       NA    <NA>
342 cifar100 1554139     20         1 classification  False   None   None    True       SVM        <NA>       <NA>             NA      <NA>   NA      <NA>        <NA>  1.0326 linear            NA                     <NA>                   NA           NA      <NA>               NA   <NA>    NA            NA       NA       <NA>          NA    <NA>            NA               NA      NA   <NA>       <NA>          <NA>    <NA>             <NA>                   <NA>      <NA>                     <NA>                   NA             NA          <NA>       NA       <NA>     NA    NA              NA              <NA>                 NA       NA       NA    <NA>
344 cifar100 1554139     20         1 classification  False   None   None    True       SVM        <NA>       <NA>             NA      <NA>   NA      <NA>        <NA>  0.8178 linear            NA                     <NA>                   NA           NA      <NA>               NA   <NA>    NA            NA       NA       <NA>          NA    <NA>            NA               NA      NA   <NA>       <NA>          <NA>    <NA>             <NA>                   <NA>      <NA>                     <NA>                   NA             NA          <NA>       NA       <NA>     NA    NA              NA              <NA>                 NA       NA       NA    <NA>
345 cifar100 1554139     20         1 classification  False   None   None    True       SVM        <NA>       <NA>             NA      <NA>   NA      <NA>        <NA> -0.7489 linear            NA                     <NA>                   NA           NA      <NA>               NA   <NA>    NA            NA       NA       <NA>          NA    <NA>            NA               NA      NA   <NA>       <NA>          <NA>    <NA>             <NA>                   <NA>      <NA>                     <NA>                   NA             NA          <NA>       NA       <NA>     NA    NA              NA              <NA>                 NA       NA       NA    <NA>
# Best configurations as commandlines (first number is the configuration ID; same order as above):
124  --dataset cifar100 --job_id 1554139 --cutoff 20 --metafolds 1 --task classification --sparse False --f_eng1 None --f_eng2 None --scaling True --algorithm SVM --C -3.2241 --kernel linear
343  --dataset cifar100 --job_id 1554139 --cutoff 20 --metafolds 1 --task classification --sparse False --f_eng1 None --f_eng2 None --scaling True --algorithm SVM --C -2.1591 --kernel linear
239  --dataset cifar100 --job_id 1554139 --cutoff 20 --metafolds 1 --task classification --sparse False --f_eng1 None --f_eng2 None --scaling True --algorithm SVM --C -2.5348 --kernel linear
341  --dataset cifar100 --job_id 1554139 --cutoff 20 --metafolds 1 --task classification --sparse False --f_eng1 None --f_eng2 None --scaling True --algorithm SVM --C 1.0932 --kernel linear
342  --dataset cifar100 --job_id 1554139 --cutoff 20 --metafolds 1 --task classification --sparse False --f_eng1 None --f_eng2 None --scaling True --algorithm SVM --C 1.0326 --kernel linear
344  --dataset cifar100 --job_id 1554139 --cutoff 20 --metafolds 1 --task classification --sparse False --f_eng1 None --f_eng2 None --scaling True --algorithm SVM --C 0.8178 --kernel linear
345  --dataset cifar100 --job_id 1554139 --cutoff 20 --metafolds 1 --task classification --sparse False --f_eng1 None --f_eng2 None --scaling True --algorithm SVM --C -0.7489 --kernel linear
