*******************************************************************************
* irace: An implementation in R of Iterated Race
* Version: 3.1.2112M
* Copyright (C) 2010-2018
* Manuel Lopez-Ibanez     <manuel.lopez-ibanez@manchester.ac.uk>
* Jeremie Dubois-Lacoste  
* Leslie Perez Caceres    <leslie.perez.caceres@ulb.ac.be>
*
* This is free software, and you are welcome to redistribute it under certain
* conditions.  See the GNU General Public License for details. There is NO
* WARRANTY; not even for MERCHANTABILITY or FITNESS FOR A PARTICULAR PURPOSE.
*
* irace builds upon previous code from the race package:
*
* race: Racing methods for the selection of the best
* Copyright (C) 2003 Mauro Birattari
*******************************************************************************
# installed at: /home/cemvieira/bin/R/irace
# called with: -s scenario.txt --max-experiments 2000 -p ./cifar100/parameters-1586329.txt --parallel 32 --train-instances-file cifar100/instances.txt --log-file ./output/cifar100/cifar100-3f2k15m-irace-1586329.Rdata
# 8 expression(s) specifying forbidden configurations read from '/home/cemvieira/isklearn/forbidden.txt'
# 2020-08-19 00:35:27 BRT: Initialization
# Elitist race
# Elitist new instances: 1
# Elitist limit: 2
# nbIterations: 7
# minNbSurvival: 7
# nbParameters: 50
# seed: 1024942571
# confidence level: 0.95
# budget: 2000
# mu: 5
# deterministic: TRUE

# 2020-08-19 00:35:27 BRT: Iteration 1 of 7
# experimentsUsedSoFar: 0
# remainingBudget: 2000
# currentBudget: 285
# nbConfigurations: 47
  Markers:
     x No test is performed.
     - The test is performed and some configurations are discarded.
     = The test is performed but no configuration is discarded.
     ! The test is performed and configurations could be discarded but elite configurations are preserved.
     . All alive configurations are elite and nothing is discarded

+-+-----------+-----------+-----------+---------------+-----------+--------+-----+----+------+
| |   Instance|      Alive|       Best|      Mean best| Exp so far|  W time|  rho|KenW|  Qvar|
+-+-----------+-----------+-----------+---------------+-----------+--------+-----+----+------+
|x|          1|         47|         11| -0.01000000000|         47|00:30:03|   NA|  NA|    NA|
|x|          2|         47|         11| -0.01000000000|         94|00:30:01|+1.00|1.00|0.0000|
|x|          3|         47|         11| -0.01000000000|        141|00:30:01|+1.00|1.00|0.0000|
|x|          4|         47|         11| -0.01000000000|        188|00:30:00|+1.00|1.00|0.0000|
|!|          5|          1|         11| -0.01000000000|        235|00:30:02|   NA|  NA|    NA|
+-+-----------+-----------+-----------+---------------+-----------+--------+-----+----+------+
Best-so-far configuration:          11    mean value:  -0.01000000000
Description of the best-so-far configuration:
   .ID.  dataset  job_id cutoff metafolds           task sparse f_eng1    f_eng2 scaling algorithm pre_scaling extraction ext_components        selection lr_C lr_solver multi_class      C kernel rf_estimators criterion_classification criterion_regression max_features max_depth min_samples_leaf solver alpha hidden_layers neurons1 activation n_neighbors weights ab_estimators ab_learning_rate ab_loss whiten svd_solver ica_algorithm ica_fun dl_fit_algorithm dl_transform_algorithm sel_model sel_score_classification sel_score_regression sel_percentile sel_threshold max_iter lr_penalty degree  gamma max_depth_value mlp_learning_rate learning_rate_init neurons2 neurons3 lr_dual .PARENT.
11   11 cifar100 1586329     15         3 classification  False   none Selection   False       SVM       False       <NA>             NA SelectPercentile   NA      <NA>        <NA> 3.4557   poly            NA                     <NA>                   NA           NA      <NA>               NA   <NA>    NA            NA       NA       <NA>          NA    <NA>            NA               NA      NA   <NA>       <NA>          <NA>    <NA>             <NA>                   <NA>      <NA>                f_classif                   NA             84          <NA>       NA       <NA>      6 0.9616              NA              <NA>                 NA       NA       NA      NA       NA

# 2020-08-19 03:05:39 BRT: Elite configurations (first number is the configuration ID; listed from best to worst according to the sum of ranks):
    dataset  job_id cutoff metafolds           task sparse f_eng1    f_eng2 scaling algorithm pre_scaling extraction ext_components        selection lr_C lr_solver multi_class      C kernel rf_estimators criterion_classification criterion_regression max_features max_depth min_samples_leaf solver alpha hidden_layers neurons1 activation n_neighbors weights ab_estimators ab_learning_rate ab_loss whiten svd_solver ica_algorithm ica_fun dl_fit_algorithm dl_transform_algorithm sel_model sel_score_classification sel_score_regression sel_percentile sel_threshold max_iter lr_penalty degree  gamma max_depth_value mlp_learning_rate learning_rate_init neurons2 neurons3 lr_dual
11 cifar100 1586329     15         3 classification  False   none Selection   False       SVM       False       <NA>             NA SelectPercentile   NA      <NA>        <NA> 3.4557   poly            NA                     <NA>                   NA           NA      <NA>               NA   <NA>    NA            NA       NA       <NA>          NA    <NA>            NA               NA      NA   <NA>       <NA>          <NA>    <NA>             <NA>                   <NA>      <NA>                f_classif                   NA             84          <NA>       NA       <NA>      6 0.9616              NA              <NA>                 NA       NA       NA      NA
# 2020-08-19 03:05:39 BRT: Iteration 2 of 7
# experimentsUsedSoFar: 235
# remainingBudget: 1765
# currentBudget: 294
# nbConfigurations: 42
  Markers:
     x No test is performed.
     - The test is performed and some configurations are discarded.
     = The test is performed but no configuration is discarded.
     ! The test is performed and configurations could be discarded but elite configurations are preserved.
     . All alive configurations are elite and nothing is discarded

+-+-----------+-----------+-----------+---------------+-----------+--------+-----+----+------+
| |   Instance|      Alive|       Best|      Mean best| Exp so far|  W time|  rho|KenW|  Qvar|
+-+-----------+-----------+-----------+---------------+-----------+--------+-----+----+------+
|x|          6|         42|         51|  -0.1066666667|         42|00:30:02|   NA|  NA|    NA|
|x|          4|         42|         68| -0.01666666667|         83|00:30:00|+0.82|0.91|0.1417|
|x|          3|         42|         68| -0.01648888889|        124|00:30:02|+0.88|0.92|0.0945|
|x|          1|         42|         68| -0.01666666667|        165|00:30:02|+0.91|0.93|0.0708|
|!|          2|          3|         68| -0.01664000000|        206|00:30:01|+0.79|0.83|0.0212|
+-+-----------+-----------+-----------+---------------+-----------+--------+-----+----+------+
Best-so-far configuration:          11    mean value:  -0.01000000000
Description of the best-so-far configuration:
   .ID.  dataset  job_id cutoff metafolds           task sparse f_eng1    f_eng2 scaling algorithm pre_scaling extraction ext_components        selection lr_C lr_solver multi_class      C kernel rf_estimators criterion_classification criterion_regression max_features max_depth min_samples_leaf solver alpha hidden_layers neurons1 activation n_neighbors weights ab_estimators ab_learning_rate ab_loss whiten svd_solver ica_algorithm ica_fun dl_fit_algorithm dl_transform_algorithm sel_model sel_score_classification sel_score_regression sel_percentile sel_threshold max_iter lr_penalty degree  gamma max_depth_value mlp_learning_rate learning_rate_init neurons2 neurons3 lr_dual .PARENT.
11   11 cifar100 1586329     15         3 classification  False   none Selection   False       SVM       False       <NA>             NA SelectPercentile   NA      <NA>        <NA> 3.4557   poly            NA                     <NA>                   NA           NA      <NA>               NA   <NA>    NA            NA       NA       <NA>          NA    <NA>            NA               NA      NA   <NA>       <NA>          <NA>    <NA>             <NA>                   <NA>      <NA>                f_classif                   NA             84          <NA>       NA       <NA>      6 0.9616              NA              <NA>                 NA       NA       NA      NA       NA

# 2020-08-19 05:35:50 BRT: Elite configurations (first number is the configuration ID; listed from best to worst according to the sum of ranks):
    dataset  job_id cutoff metafolds           task sparse    f_eng1     f_eng2 scaling    algorithm pre_scaling extraction ext_components        selection lr_C lr_solver multi_class      C kernel rf_estimators criterion_classification criterion_regression max_features max_depth min_samples_leaf solver alpha hidden_layers neurons1 activation n_neighbors weights ab_estimators ab_learning_rate ab_loss whiten svd_solver ica_algorithm ica_fun dl_fit_algorithm dl_transform_algorithm sel_model sel_score_classification sel_score_regression sel_percentile sel_threshold max_iter lr_penalty degree  gamma max_depth_value mlp_learning_rate learning_rate_init neurons2 neurons3 lr_dual
11 cifar100 1586329     15         3 classification  False      none  Selection   False          SVM       False       <NA>             NA SelectPercentile   NA      <NA>        <NA> 3.4557   poly            NA                     <NA>                   NA           NA      <NA>               NA   <NA>    NA            NA       NA       <NA>          NA    <NA>            NA               NA      NA   <NA>       <NA>          <NA>    <NA>             <NA>                   <NA>      <NA>                f_classif                   NA             84          <NA>       NA       <NA>      6 0.9616              NA              <NA>                 NA       NA       NA      NA
68 cifar100 1586329     15         3 classification  False Selection Extraction   False DecisionTree        True        PCA         0.1673 SelectPercentile   NA      <NA>        <NA>     NA   <NA>            NA                     gini                   NA       0.3610     value           0.3745   <NA>    NA            NA       NA       <NA>          NA    <NA>            NA               NA      NA   True randomized          <NA>    <NA>             <NA>                   <NA>      <NA>                f_classif                   NA             20          <NA>       NA       <NA>     NA     NA              11              <NA>                 NA       NA       NA      NA
48 cifar100 1586329     15         3 classification  False      none       none    True DecisionTree        <NA>       <NA>             NA             <NA>   NA      <NA>        <NA>     NA   <NA>            NA                  entropy                   NA       0.4505      none           0.3683   <NA>    NA            NA       NA       <NA>          NA    <NA>            NA               NA      NA   <NA>       <NA>          <NA>    <NA>             <NA>                   <NA>      <NA>                     <NA>                   NA             NA          <NA>       NA       <NA>     NA     NA              18              <NA>                 NA       NA       NA      NA
# 2020-08-19 05:35:50 BRT: Iteration 3 of 7
# experimentsUsedSoFar: 441
# remainingBudget: 1559
# currentBudget: 311
# nbConfigurations: 41
  Markers:
     x No test is performed.
     - The test is performed and some configurations are discarded.
     = The test is performed but no configuration is discarded.
     ! The test is performed and configurations could be discarded but elite configurations are preserved.
     . All alive configurations are elite and nothing is discarded

+-+-----------+-----------+-----------+---------------+-----------+--------+-----+----+------+
| |   Instance|      Alive|       Best|      Mean best| Exp so far|  W time|  rho|KenW|  Qvar|
+-+-----------+-----------+-----------+---------------+-----------+--------+-----+----+------+
|x|          7|         41|         89| -0.01880000000|         41|00:30:01|   NA|  NA|    NA|
|x|          2|         41|         89| -0.01973333333|         79|00:30:01|+0.80|0.90|0.1515|
|x|          5|         41|         89| -0.01964444444|        119|00:30:01|+0.87|0.91|0.0971|
|x|          6|         41|         89| -0.01970000000|        157|00:30:02|+0.89|0.92|0.0854|
|!|          4|          5|         89| -0.01949333333|        195|00:30:02|+0.81|0.85|0.0420|
+-+-----------+-----------+-----------+---------------+-----------+--------+-----+----+------+
Best-so-far configuration:          68    mean value:  -0.01683809524
Description of the best-so-far configuration:
   .ID.  dataset  job_id cutoff metafolds           task sparse    f_eng1     f_eng2 scaling    algorithm pre_scaling extraction ext_components        selection lr_C lr_solver multi_class  C kernel rf_estimators criterion_classification criterion_regression max_features max_depth min_samples_leaf solver alpha hidden_layers neurons1 activation n_neighbors weights ab_estimators ab_learning_rate ab_loss whiten svd_solver ica_algorithm ica_fun dl_fit_algorithm dl_transform_algorithm sel_model sel_score_classification sel_score_regression sel_percentile sel_threshold max_iter lr_penalty degree gamma max_depth_value mlp_learning_rate learning_rate_init neurons2 neurons3 lr_dual .PARENT.
68   68 cifar100 1586329     15         3 classification  False Selection Extraction   False DecisionTree        True        PCA         0.1673 SelectPercentile   NA      <NA>        <NA> NA   <NA>            NA                     gini                   NA        0.361     value           0.3745   <NA>    NA            NA       NA       <NA>          NA    <NA>            NA               NA      NA   True randomized          <NA>    <NA>             <NA>                   <NA>      <NA>                f_classif                   NA             20          <NA>       NA       <NA>     NA    NA              11              <NA>                 NA       NA       NA      NA       11

# 2020-08-19 08:06:01 BRT: Elite configurations (first number is the configuration ID; listed from best to worst according to the sum of ranks):
     dataset  job_id cutoff metafolds           task sparse    f_eng1     f_eng2 scaling    algorithm pre_scaling extraction ext_components        selection lr_C lr_solver multi_class      C kernel rf_estimators criterion_classification criterion_regression max_features max_depth min_samples_leaf solver alpha hidden_layers neurons1 activation n_neighbors weights ab_estimators ab_learning_rate ab_loss whiten svd_solver ica_algorithm ica_fun dl_fit_algorithm dl_transform_algorithm sel_model sel_score_classification sel_score_regression sel_percentile sel_threshold max_iter lr_penalty degree  gamma max_depth_value mlp_learning_rate learning_rate_init neurons2 neurons3 lr_dual
68  cifar100 1586329     15         3 classification  False Selection Extraction   False DecisionTree        True        PCA         0.1673 SelectPercentile   NA      <NA>        <NA>     NA   <NA>            NA                     gini                   NA       0.3610     value           0.3745   <NA>    NA            NA       NA       <NA>          NA    <NA>            NA               NA      NA   True randomized          <NA>    <NA>             <NA>                   <NA>      <NA>                f_classif                   NA             20          <NA>       NA       <NA>     NA     NA              11              <NA>                 NA       NA       NA      NA
48  cifar100 1586329     15         3 classification  False      none       none    True DecisionTree        <NA>       <NA>             NA             <NA>   NA      <NA>        <NA>     NA   <NA>            NA                  entropy                   NA       0.4505      none           0.3683   <NA>    NA            NA       NA       <NA>          NA    <NA>            NA               NA      NA   <NA>       <NA>          <NA>    <NA>             <NA>                   <NA>      <NA>                     <NA>                   NA             NA          <NA>       NA       <NA>     NA     NA              18              <NA>                 NA       NA       NA      NA
11  cifar100 1586329     15         3 classification  False      none  Selection   False          SVM       False       <NA>             NA SelectPercentile   NA      <NA>        <NA> 3.4557   poly            NA                     <NA>                   NA           NA      <NA>               NA   <NA>    NA            NA       NA       <NA>          NA    <NA>            NA               NA      NA   <NA>       <NA>          <NA>    <NA>             <NA>                   <NA>      <NA>                f_classif                   NA             84          <NA>       NA       <NA>      6 0.9616              NA              <NA>                 NA       NA       NA      NA
89  cifar100 1586329     15         3 classification  False      none       none   False DecisionTree        <NA>       <NA>             NA             <NA>   NA      <NA>        <NA>     NA   <NA>            NA                  entropy                   NA       0.5520      none           0.2465   <NA>    NA            NA       NA       <NA>          NA    <NA>            NA               NA      NA   <NA>       <NA>          <NA>    <NA>             <NA>                   <NA>      <NA>                     <NA>                   NA             NA          <NA>       NA       <NA>     NA     NA              23              <NA>                 NA       NA       NA      NA
103 cifar100 1586329     15         3 classification  False      none       none    True DecisionTree        <NA>       <NA>             NA             <NA>   NA      <NA>        <NA>     NA   <NA>            NA                  entropy                   NA       0.1692     value           0.3459   <NA>    NA            NA       NA       <NA>          NA    <NA>            NA               NA      NA   <NA>       <NA>          <NA>    <NA>             <NA>                   <NA>      <NA>                     <NA>                   NA             NA          <NA>       NA       <NA>     NA     NA              18              <NA>                 NA       NA       NA      NA
# 2020-08-19 08:06:01 BRT: Iteration 4 of 7
# experimentsUsedSoFar: 636
# remainingBudget: 1364
# currentBudget: 341
# nbConfigurations: 41
  Markers:
     x No test is performed.
     - The test is performed and some configurations are discarded.
     = The test is performed but no configuration is discarded.
     ! The test is performed and configurations could be discarded but elite configurations are preserved.
     . All alive configurations are elite and nothing is discarded

+-+-----------+-----------+-----------+---------------+-----------+--------+-----+----+------+
| |   Instance|      Alive|       Best|      Mean best| Exp so far|  W time|  rho|KenW|  Qvar|
+-+-----------+-----------+-----------+---------------+-----------+--------+-----+----+------+
|x|          8|         41|        134| -0.02080000000|         41|00:20:01|   NA|  NA|    NA|
|x|          2|         41|         89| -0.01986666667|         77|00:19:36|+0.90|0.95|0.0507|
|x|          4|         41|        135| -0.01951111111|        113|00:19:29|+0.93|0.95|0.0338|
|x|          5|         41|         89| -0.01946666667|        149|00:19:46|+0.95|0.96|0.0254|
|!|          6|          7|         89| -0.01954666667|        185|00:19:25|+0.84|0.87|0.0395|
+-+-----------+-----------+-----------+---------------+-----------+--------+-----+----+------+
Best-so-far configuration:          68    mean value:  -0.01665000000
Description of the best-so-far configuration:
   .ID.  dataset  job_id cutoff metafolds           task sparse    f_eng1     f_eng2 scaling    algorithm pre_scaling extraction ext_components        selection lr_C lr_solver multi_class  C kernel rf_estimators criterion_classification criterion_regression max_features max_depth min_samples_leaf solver alpha hidden_layers neurons1 activation n_neighbors weights ab_estimators ab_learning_rate ab_loss whiten svd_solver ica_algorithm ica_fun dl_fit_algorithm dl_transform_algorithm sel_model sel_score_classification sel_score_regression sel_percentile sel_threshold max_iter lr_penalty degree gamma max_depth_value mlp_learning_rate learning_rate_init neurons2 neurons3 lr_dual .PARENT.
68   68 cifar100 1586329     15         3 classification  False Selection Extraction   False DecisionTree        True        PCA         0.1673 SelectPercentile   NA      <NA>        <NA> NA   <NA>            NA                     gini                   NA        0.361     value           0.3745   <NA>    NA            NA       NA       <NA>          NA    <NA>            NA               NA      NA   True randomized          <NA>    <NA>             <NA>                   <NA>      <NA>                f_classif                   NA             20          <NA>       NA       <NA>     NA    NA              11              <NA>                 NA       NA       NA      NA       11

# 2020-08-19 09:44:23 BRT: Elite configurations (first number is the configuration ID; listed from best to worst according to the sum of ranks):
     dataset  job_id cutoff metafolds           task sparse    f_eng1     f_eng2 scaling    algorithm pre_scaling extraction ext_components        selection lr_C lr_solver multi_class      C kernel rf_estimators criterion_classification criterion_regression max_features max_depth min_samples_leaf solver alpha hidden_layers neurons1 activation n_neighbors weights ab_estimators ab_learning_rate ab_loss whiten svd_solver ica_algorithm ica_fun dl_fit_algorithm dl_transform_algorithm sel_model sel_score_classification sel_score_regression sel_percentile sel_threshold max_iter lr_penalty degree  gamma max_depth_value mlp_learning_rate learning_rate_init neurons2 neurons3 lr_dual
68  cifar100 1586329     15         3 classification  False Selection Extraction   False DecisionTree        True        PCA         0.1673 SelectPercentile   NA      <NA>        <NA>     NA   <NA>            NA                     gini                   NA       0.3610     value           0.3745   <NA>    NA            NA       NA       <NA>          NA    <NA>            NA               NA      NA   True randomized          <NA>    <NA>             <NA>                   <NA>      <NA>                f_classif                   NA             20          <NA>       NA       <NA>     NA     NA              11              <NA>                 NA       NA       NA      NA
48  cifar100 1586329     15         3 classification  False      none       none    True DecisionTree        <NA>       <NA>             NA             <NA>   NA      <NA>        <NA>     NA   <NA>            NA                  entropy                   NA       0.4505      none           0.3683   <NA>    NA            NA       NA       <NA>          NA    <NA>            NA               NA      NA   <NA>       <NA>          <NA>    <NA>             <NA>                   <NA>      <NA>                     <NA>                   NA             NA          <NA>       NA       <NA>     NA     NA              18              <NA>                 NA       NA       NA      NA
11  cifar100 1586329     15         3 classification  False      none  Selection   False          SVM       False       <NA>             NA SelectPercentile   NA      <NA>        <NA> 3.4557   poly            NA                     <NA>                   NA           NA      <NA>               NA   <NA>    NA            NA       NA       <NA>          NA    <NA>            NA               NA      NA   <NA>       <NA>          <NA>    <NA>             <NA>                   <NA>      <NA>                f_classif                   NA             84          <NA>       NA       <NA>      6 0.9616              NA              <NA>                 NA       NA       NA      NA
89  cifar100 1586329     15         3 classification  False      none       none   False DecisionTree        <NA>       <NA>             NA             <NA>   NA      <NA>        <NA>     NA   <NA>            NA                  entropy                   NA       0.5520      none           0.2465   <NA>    NA            NA       NA       <NA>          NA    <NA>            NA               NA      NA   <NA>       <NA>          <NA>    <NA>             <NA>                   <NA>      <NA>                     <NA>                   NA             NA          <NA>       NA       <NA>     NA     NA              23              <NA>                 NA       NA       NA      NA
103 cifar100 1586329     15         3 classification  False      none       none    True DecisionTree        <NA>       <NA>             NA             <NA>   NA      <NA>        <NA>     NA   <NA>            NA                  entropy                   NA       0.1692     value           0.3459   <NA>    NA            NA       NA       <NA>          NA    <NA>            NA               NA      NA   <NA>       <NA>          <NA>    <NA>             <NA>                   <NA>      <NA>                     <NA>                   NA             NA          <NA>       NA       <NA>     NA     NA              18              <NA>                 NA       NA       NA      NA
135 cifar100 1586329     15         3 classification  False      none       none    True DecisionTree        <NA>       <NA>             NA             <NA>   NA      <NA>        <NA>     NA   <NA>            NA                  entropy                   NA       0.5485      none           0.2607   <NA>    NA            NA       NA       <NA>          NA    <NA>            NA               NA      NA   <NA>       <NA>          <NA>    <NA>             <NA>                   <NA>      <NA>                     <NA>                   NA             NA          <NA>       NA       <NA>     NA     NA              19              <NA>                 NA       NA       NA      NA
127 cifar100 1586329     15         3 classification  False Selection Extraction   False DecisionTree        True        PCA         0.0152 SelectPercentile   NA      <NA>        <NA>     NA   <NA>            NA                  entropy                   NA       0.4943      none           0.3333   <NA>    NA            NA       NA       <NA>          NA    <NA>            NA               NA      NA  False randomized          <NA>    <NA>             <NA>                   <NA>      <NA>                f_classif                   NA             61          <NA>       NA       <NA>     NA     NA               7              <NA>                 NA       NA       NA      NA
# 2020-08-19 09:44:23 BRT: Iteration 5 of 7
# experimentsUsedSoFar: 821
# remainingBudget: 1179
# currentBudget: 393
# nbConfigurations: 44
  Markers:
     x No test is performed.
     - The test is performed and some configurations are discarded.
     = The test is performed but no configuration is discarded.
     ! The test is performed and configurations could be discarded but elite configurations are preserved.
     . All alive configurations are elite and nothing is discarded

+-+-----------+-----------+-----------+---------------+-----------+--------+-----+----+------+
| |   Instance|      Alive|       Best|      Mean best| Exp so far|  W time|  rho|KenW|  Qvar|
+-+-----------+-----------+-----------+---------------+-----------+--------+-----+----+------+
|x|          9|         44|        188| -0.09480000000|         44|00:21:51|   NA|  NA|    NA|
|x|          4|         44|        188| -0.09186666667|         81|00:19:15|+0.98|0.99|0.0000|
|x|          2|         44|        188| -0.09120000000|        118|00:18:42|+0.98|0.99|0.0000|
|x|          3|         44|        188| -0.08853333333|        159|00:21:08|+0.98|0.99|0.0000|
|!|          1|          9|        188| -0.08890666667|        200|00:21:35|+0.92|0.94|0.0012|
|!|          7|          8|        188| -0.08948888889|        204|00:01:42|+0.88|0.90|0.0009|
|-|          5|          8|        188| -0.08963809524|        205|00:00:49|+0.88|0.90|0.0009|
|-|          8|          8|        188| -0.08956666667|        206|00:00:47|+0.88|0.90|0.0008|
|!|          6|          1|        188| -0.08943703704|        207|00:00:53|   NA|  NA|    NA|
+-+-----------+-----------+-----------+---------------+-----------+--------+-----+----+------+
Best-so-far configuration:         188    mean value:  -0.08943703704
Description of the best-so-far configuration:
    .ID.  dataset  job_id cutoff metafolds           task sparse    f_eng1     f_eng2 scaling algorithm pre_scaling extraction ext_components        selection lr_C lr_solver multi_class      C  kernel rf_estimators criterion_classification criterion_regression max_features max_depth min_samples_leaf solver alpha hidden_layers neurons1 activation n_neighbors weights ab_estimators ab_learning_rate ab_loss whiten svd_solver ica_algorithm ica_fun dl_fit_algorithm dl_transform_algorithm sel_model sel_score_classification sel_score_regression sel_percentile sel_threshold max_iter lr_penalty degree   gamma max_depth_value mlp_learning_rate learning_rate_init neurons2 neurons3 lr_dual .PARENT.
188  188 cifar100 1586329     15         3 classification  False Selection Extraction   False       SVM        True        PCA          0.016 SelectPercentile   NA      <NA>        <NA> -1.626 sigmoid            NA                     <NA>                   NA           NA      <NA>               NA   <NA>    NA            NA       NA       <NA>          NA    <NA>            NA               NA      NA   True randomized          <NA>    <NA>             <NA>                   <NA>      <NA>                f_classif                   NA             51          <NA>       NA       <NA>     NA -3.7286              NA              <NA>                 NA       NA       NA      NA       68

# 2020-08-19 11:31:12 BRT: Elite configurations (first number is the configuration ID; listed from best to worst according to the sum of ranks):
     dataset  job_id cutoff metafolds           task sparse    f_eng1     f_eng2 scaling algorithm pre_scaling extraction ext_components        selection lr_C lr_solver multi_class      C  kernel rf_estimators criterion_classification criterion_regression max_features max_depth min_samples_leaf solver alpha hidden_layers neurons1 activation n_neighbors weights ab_estimators ab_learning_rate ab_loss whiten svd_solver ica_algorithm ica_fun dl_fit_algorithm dl_transform_algorithm sel_model sel_score_classification sel_score_regression sel_percentile sel_threshold max_iter lr_penalty degree   gamma max_depth_value mlp_learning_rate learning_rate_init neurons2 neurons3 lr_dual
188 cifar100 1586329     15         3 classification  False Selection Extraction   False       SVM        True        PCA          0.016 SelectPercentile   NA      <NA>        <NA> -1.626 sigmoid            NA                     <NA>                   NA           NA      <NA>               NA   <NA>    NA            NA       NA       <NA>          NA    <NA>            NA               NA      NA   True randomized          <NA>    <NA>             <NA>                   <NA>      <NA>                f_classif                   NA             51          <NA>       NA       <NA>     NA -3.7286              NA              <NA>                 NA       NA       NA      NA
# 2020-08-19 11:31:12 BRT: Iteration 6 of 7
# experimentsUsedSoFar: 1028
# remainingBudget: 972
# currentBudget: 486
# nbConfigurations: 49
  Markers:
     x No test is performed.
     - The test is performed and some configurations are discarded.
     = The test is performed but no configuration is discarded.
     ! The test is performed and configurations could be discarded but elite configurations are preserved.
     . All alive configurations are elite and nothing is discarded

+-+-----------+-----------+-----------+---------------+-----------+--------+-----+----+------+
| |   Instance|      Alive|       Best|      Mean best| Exp so far|  W time|  rho|KenW|  Qvar|
+-+-----------+-----------+-----------+---------------+-----------+--------+-----+----+------+
|x|         10|         49|        231| -0.07173333333|         49|00:30:03|   NA|  NA|    NA|
|x|          6|         49|        221| -0.02513333333|         97|00:30:03|+0.59|0.79|0.3544|
|x|          5|         49|        221| -0.02488888889|        145|00:30:02|+0.74|0.82|0.2363|
|x|          4|         49|        221| -0.02526666667|        193|00:30:02|+0.80|0.85|0.1772|
|!|          8|          4|        221| -0.02538666667|        241|00:30:03|+0.52|0.62|0.5971|
+-+-----------+-----------+-----------+---------------+-----------+--------+-----+----+------+
Best-so-far configuration:         188    mean value:     429496729.5
Description of the best-so-far configuration:
    .ID.  dataset  job_id cutoff metafolds           task sparse    f_eng1     f_eng2 scaling algorithm pre_scaling extraction ext_components        selection lr_C lr_solver multi_class      C  kernel rf_estimators criterion_classification criterion_regression max_features max_depth min_samples_leaf solver alpha hidden_layers neurons1 activation n_neighbors weights ab_estimators ab_learning_rate ab_loss whiten svd_solver ica_algorithm ica_fun dl_fit_algorithm dl_transform_algorithm sel_model sel_score_classification sel_score_regression sel_percentile sel_threshold max_iter lr_penalty degree   gamma max_depth_value mlp_learning_rate learning_rate_init neurons2 neurons3 lr_dual .PARENT.
188  188 cifar100 1586329     15         3 classification  False Selection Extraction   False       SVM        True        PCA          0.016 SelectPercentile   NA      <NA>        <NA> -1.626 sigmoid            NA                     <NA>                   NA           NA      <NA>               NA   <NA>    NA            NA       NA       <NA>          NA    <NA>            NA               NA      NA   True randomized          <NA>    <NA>             <NA>                   <NA>      <NA>                f_classif                   NA             51          <NA>       NA       <NA>     NA -3.7286              NA              <NA>                 NA       NA       NA      NA       68

# 2020-08-19 14:01:31 BRT: Elite configurations (first number is the configuration ID; listed from best to worst according to the sum of ranks):
     dataset  job_id cutoff metafolds           task sparse    f_eng1     f_eng2 scaling    algorithm pre_scaling extraction ext_components        selection lr_C lr_solver multi_class      C  kernel rf_estimators criterion_classification criterion_regression max_features max_depth min_samples_leaf solver alpha hidden_layers neurons1 activation n_neighbors weights ab_estimators ab_learning_rate ab_loss whiten svd_solver ica_algorithm ica_fun dl_fit_algorithm dl_transform_algorithm sel_model sel_score_classification sel_score_regression sel_percentile sel_threshold max_iter lr_penalty degree   gamma max_depth_value mlp_learning_rate learning_rate_init neurons2 neurons3 lr_dual
188 cifar100 1586329     15         3 classification  False Selection Extraction   False          SVM        True        PCA         0.0160 SelectPercentile   NA      <NA>        <NA> -1.626 sigmoid            NA                     <NA>                   NA           NA      <NA>               NA   <NA>    NA            NA       NA       <NA>          NA    <NA>            NA               NA      NA   True randomized          <NA>    <NA>             <NA>                   <NA>      <NA>                f_classif                   NA             51          <NA>       NA       <NA>     NA -3.7286              NA              <NA>                 NA       NA       NA      NA
221 cifar100 1586329     15         3 classification  False Selection Extraction    True DecisionTree        True        PCA         0.0920 SelectPercentile   NA      <NA>        <NA>     NA    <NA>            NA                     gini                   NA       0.4664     value           0.2239   <NA>    NA            NA       NA       <NA>          NA    <NA>            NA               NA      NA   True randomized          <NA>    <NA>             <NA>                   <NA>      <NA>                f_classif                   NA             32          <NA>       NA       <NA>     NA      NA              32              <NA>                 NA       NA       NA      NA
227 cifar100 1586329     15         3 classification  False Selection Extraction   False DecisionTree        True        PCA         0.1810 SelectPercentile   NA      <NA>        <NA>     NA    <NA>            NA                     gini                   NA       0.2011     value           0.1730   <NA>    NA            NA       NA       <NA>          NA    <NA>            NA               NA      NA   True     arpack          <NA>    <NA>             <NA>                   <NA>      <NA>                f_classif                   NA             14          <NA>       NA       <NA>     NA      NA               5              <NA>                 NA       NA       NA      NA
238 cifar100 1586329     15         3 classification  False Selection Extraction   False DecisionTree        True        PCA         0.1282 SelectPercentile   NA      <NA>        <NA>     NA    <NA>            NA                     gini                   NA       0.0684     value           0.3134   <NA>    NA            NA       NA       <NA>          NA    <NA>            NA               NA      NA   True randomized          <NA>    <NA>             <NA>                   <NA>      <NA>                f_classif                   NA              7          <NA>       NA       <NA>     NA      NA              34              <NA>                 NA       NA       NA      NA
# 2020-08-19 14:01:31 BRT: Iteration 7 of 7
# experimentsUsedSoFar: 1269
# remainingBudget: 731
# currentBudget: 731
# nbConfigurations: 70
  Markers:
     x No test is performed.
     - The test is performed and some configurations are discarded.
     = The test is performed but no configuration is discarded.
     ! The test is performed and configurations could be discarded but elite configurations are preserved.
     . All alive configurations are elite and nothing is discarded

+-+-----------+-----------+-----------+---------------+-----------+--------+-----+----+------+
| |   Instance|      Alive|       Best|      Mean best| Exp so far|  W time|  rho|KenW|  Qvar|
+-+-----------+-----------+-----------+---------------+-----------+--------+-----+----+------+
|x|         11|         70|        310| -0.05586666667|         70|00:39:55|   NA|  NA|    NA|
|x|          4|         70|        313| -0.03653333333|        136|00:33:26|+0.71|0.85|0.2195|
|x|          8|         70|        313| -0.03715555556|        202|00:32:46|+0.80|0.87|0.1472|
|x|         10|         70|        313| -0.03730000000|        268|00:33:37|+0.84|0.88|0.1179|
|!|          9|          9|        313| -0.03698666667|        337|00:37:15|+0.57|0.65|1.0423|
|!|          1|          6|        313| -0.03717777778|        345|00:05:14|+0.54|0.62|0.8667|
+-+-----------+-----------+-----------+---------------+-----------+--------+-----+----+------+
Best-so-far configuration:         188    mean value:     780903144.7
Description of the best-so-far configuration:
    .ID.  dataset  job_id cutoff metafolds           task sparse    f_eng1     f_eng2 scaling algorithm pre_scaling extraction ext_components        selection lr_C lr_solver multi_class      C  kernel rf_estimators criterion_classification criterion_regression max_features max_depth min_samples_leaf solver alpha hidden_layers neurons1 activation n_neighbors weights ab_estimators ab_learning_rate ab_loss whiten svd_solver ica_algorithm ica_fun dl_fit_algorithm dl_transform_algorithm sel_model sel_score_classification sel_score_regression sel_percentile sel_threshold max_iter lr_penalty degree   gamma max_depth_value mlp_learning_rate learning_rate_init neurons2 neurons3 lr_dual .PARENT.
188  188 cifar100 1586329     15         3 classification  False Selection Extraction   False       SVM        True        PCA          0.016 SelectPercentile   NA      <NA>        <NA> -1.626 sigmoid            NA                     <NA>                   NA           NA      <NA>               NA   <NA>    NA            NA       NA       <NA>          NA    <NA>            NA               NA      NA   True randomized          <NA>    <NA>             <NA>                   <NA>      <NA>                f_classif                   NA             51          <NA>       NA       <NA>     NA -3.7286              NA              <NA>                 NA       NA       NA      NA       68

# 2020-08-19 17:03:50 BRT: Elite configurations (first number is the configuration ID; listed from best to worst according to the sum of ranks):
     dataset  job_id cutoff metafolds           task sparse    f_eng1     f_eng2 scaling    algorithm pre_scaling extraction ext_components        selection lr_C lr_solver multi_class       C  kernel rf_estimators criterion_classification criterion_regression max_features max_depth min_samples_leaf solver alpha hidden_layers neurons1 activation n_neighbors weights ab_estimators ab_learning_rate ab_loss whiten svd_solver ica_algorithm ica_fun dl_fit_algorithm dl_transform_algorithm sel_model sel_score_classification sel_score_regression sel_percentile sel_threshold max_iter lr_penalty degree   gamma max_depth_value mlp_learning_rate learning_rate_init neurons2 neurons3 lr_dual
188 cifar100 1586329     15         3 classification  False Selection Extraction   False          SVM        True        PCA         0.0160 SelectPercentile   NA      <NA>        <NA> -1.6260 sigmoid            NA                     <NA>                   NA           NA      <NA>               NA   <NA>    NA            NA       NA       <NA>          NA    <NA>            NA               NA      NA   True randomized          <NA>    <NA>             <NA>                   <NA>      <NA>                f_classif                   NA             51          <NA>       NA       <NA>     NA -3.7286              NA              <NA>                 NA       NA       NA      NA
221 cifar100 1586329     15         3 classification  False Selection Extraction    True DecisionTree        True        PCA         0.0920 SelectPercentile   NA      <NA>        <NA>      NA    <NA>            NA                     gini                   NA       0.4664     value           0.2239   <NA>    NA            NA       NA       <NA>          NA    <NA>            NA               NA      NA   True randomized          <NA>    <NA>             <NA>                   <NA>      <NA>                f_classif                   NA             32          <NA>       NA       <NA>     NA      NA              32              <NA>                 NA       NA       NA      NA
227 cifar100 1586329     15         3 classification  False Selection Extraction   False DecisionTree        True        PCA         0.1810 SelectPercentile   NA      <NA>        <NA>      NA    <NA>            NA                     gini                   NA       0.2011     value           0.1730   <NA>    NA            NA       NA       <NA>          NA    <NA>            NA               NA      NA   True     arpack          <NA>    <NA>             <NA>                   <NA>      <NA>                f_classif                   NA             14          <NA>       NA       <NA>     NA      NA               5              <NA>                 NA       NA       NA      NA
238 cifar100 1586329     15         3 classification  False Selection Extraction   False DecisionTree        True        PCA         0.1282 SelectPercentile   NA      <NA>        <NA>      NA    <NA>            NA                     gini                   NA       0.0684     value           0.3134   <NA>    NA            NA       NA       <NA>          NA    <NA>            NA               NA      NA   True randomized          <NA>    <NA>             <NA>                   <NA>      <NA>                f_classif                   NA              7          <NA>       NA       <NA>     NA      NA              34              <NA>                 NA       NA       NA      NA
313 cifar100 1586329     15         3 classification  False Selection Extraction    True DecisionTree        True        PCA         0.0461 SelectPercentile   NA      <NA>        <NA>      NA    <NA>            NA                     gini                   NA       0.8501     value           0.0988   <NA>    NA            NA       NA       <NA>          NA    <NA>            NA               NA      NA   True randomized          <NA>    <NA>             <NA>                   <NA>      <NA>                f_classif                   NA             59          <NA>       NA       <NA>     NA      NA              37              <NA>                 NA       NA       NA      NA
312 cifar100 1586329     15         3 classification  False Selection Extraction   False          SVM        True        PCA         0.1784 SelectPercentile   NA      <NA>        <NA> -2.2205 sigmoid            NA                     <NA>                   NA           NA      <NA>               NA   <NA>    NA            NA       NA       <NA>          NA    <NA>            NA               NA      NA   True randomized          <NA>    <NA>             <NA>                   <NA>      <NA>                f_classif                   NA             44          <NA>       NA       <NA>     NA -0.6250              NA              <NA>                 NA       NA       NA      NA
# 2020-08-19 17:03:50 BRT: Iteration 8 of 8
# experimentsUsedSoFar: 1614
# remainingBudget: 386
# currentBudget: 386
# nbConfigurations: 37
  Markers:
     x No test is performed.
     - The test is performed and some configurations are discarded.
     = The test is performed but no configuration is discarded.
     ! The test is performed and configurations could be discarded but elite configurations are preserved.
     . All alive configurations are elite and nothing is discarded

+-+-----------+-----------+-----------+---------------+-----------+--------+-----+----+------+
| |   Instance|      Alive|       Best|      Mean best| Exp so far|  W time|  rho|KenW|  Qvar|
+-+-----------+-----------+-----------+---------------+-----------+--------+-----+----+------+
|x|         12|         37|        341| -0.03906666667|         37|00:17:14|   NA|  NA|    NA|
|x|          8|         37|        221| -0.02466666667|         68|00:15:01|+0.43|0.72|0.4582|
|x|          7|         37|        221| -0.02502222222|        104|00:16:35|+0.62|0.75|0.3093|
|x|          3|         37|        221| -0.02526666667|        140|00:16:28|+0.70|0.78|0.2433|
|!|          9|         11|        221| -0.02512000000|        171|00:15:03|+0.34|0.47|0.7650|
|!|          4|          7|        188|    715827882.6|        176|00:01:52|+0.24|0.37|0.6682|
+-+-----------+-----------+-----------+---------------+-----------+--------+-----+----+------+
Best-so-far configuration:         188    mean value:     1073741824.
Description of the best-so-far configuration:
    .ID.  dataset  job_id cutoff metafolds           task sparse    f_eng1     f_eng2 scaling algorithm pre_scaling extraction ext_components        selection lr_C lr_solver multi_class      C  kernel rf_estimators criterion_classification criterion_regression max_features max_depth min_samples_leaf solver alpha hidden_layers neurons1 activation n_neighbors weights ab_estimators ab_learning_rate ab_loss whiten svd_solver ica_algorithm ica_fun dl_fit_algorithm dl_transform_algorithm sel_model sel_score_classification sel_score_regression sel_percentile sel_threshold max_iter lr_penalty degree   gamma max_depth_value mlp_learning_rate learning_rate_init neurons2 neurons3 lr_dual .PARENT.
188  188 cifar100 1586329     15         3 classification  False Selection Extraction   False       SVM        True        PCA          0.016 SelectPercentile   NA      <NA>        <NA> -1.626 sigmoid            NA                     <NA>                   NA           NA      <NA>               NA   <NA>    NA            NA       NA       <NA>          NA    <NA>            NA               NA      NA   True randomized          <NA>    <NA>             <NA>                   <NA>      <NA>                f_classif                   NA             51          <NA>       NA       <NA>     NA -3.7286              NA              <NA>                 NA       NA       NA      NA       68

# 2020-08-19 18:26:09 BRT: Elite configurations (first number is the configuration ID; listed from best to worst according to the sum of ranks):
     dataset  job_id cutoff metafolds           task sparse    f_eng1     f_eng2 scaling    algorithm pre_scaling extraction ext_components        selection lr_C lr_solver multi_class       C  kernel rf_estimators criterion_classification criterion_regression max_features max_depth min_samples_leaf solver alpha hidden_layers neurons1 activation n_neighbors weights ab_estimators ab_learning_rate ab_loss whiten svd_solver ica_algorithm ica_fun dl_fit_algorithm dl_transform_algorithm sel_model sel_score_classification sel_score_regression sel_percentile sel_threshold max_iter lr_penalty degree   gamma max_depth_value mlp_learning_rate learning_rate_init neurons2 neurons3 lr_dual
188 cifar100 1586329     15         3 classification  False Selection Extraction   False          SVM        True        PCA         0.0160 SelectPercentile   NA      <NA>        <NA> -1.6260 sigmoid            NA                     <NA>                   NA           NA      <NA>               NA   <NA>    NA            NA       NA       <NA>          NA    <NA>            NA               NA      NA   True randomized          <NA>    <NA>             <NA>                   <NA>      <NA>                f_classif                   NA             51          <NA>       NA       <NA>     NA -3.7286              NA              <NA>                 NA       NA       NA      NA
221 cifar100 1586329     15         3 classification  False Selection Extraction    True DecisionTree        True        PCA         0.0920 SelectPercentile   NA      <NA>        <NA>      NA    <NA>            NA                     gini                   NA       0.4664     value           0.2239   <NA>    NA            NA       NA       <NA>          NA    <NA>            NA               NA      NA   True randomized          <NA>    <NA>             <NA>                   <NA>      <NA>                f_classif                   NA             32          <NA>       NA       <NA>     NA      NA              32              <NA>                 NA       NA       NA      NA
227 cifar100 1586329     15         3 classification  False Selection Extraction   False DecisionTree        True        PCA         0.1810 SelectPercentile   NA      <NA>        <NA>      NA    <NA>            NA                     gini                   NA       0.2011     value           0.1730   <NA>    NA            NA       NA       <NA>          NA    <NA>            NA               NA      NA   True     arpack          <NA>    <NA>             <NA>                   <NA>      <NA>                f_classif                   NA             14          <NA>       NA       <NA>     NA      NA               5              <NA>                 NA       NA       NA      NA
238 cifar100 1586329     15         3 classification  False Selection Extraction   False DecisionTree        True        PCA         0.1282 SelectPercentile   NA      <NA>        <NA>      NA    <NA>            NA                     gini                   NA       0.0684     value           0.3134   <NA>    NA            NA       NA       <NA>          NA    <NA>            NA               NA      NA   True randomized          <NA>    <NA>             <NA>                   <NA>      <NA>                f_classif                   NA              7          <NA>       NA       <NA>     NA      NA              34              <NA>                 NA       NA       NA      NA
313 cifar100 1586329     15         3 classification  False Selection Extraction    True DecisionTree        True        PCA         0.0461 SelectPercentile   NA      <NA>        <NA>      NA    <NA>            NA                     gini                   NA       0.8501     value           0.0988   <NA>    NA            NA       NA       <NA>          NA    <NA>            NA               NA      NA   True randomized          <NA>    <NA>             <NA>                   <NA>      <NA>                f_classif                   NA             59          <NA>       NA       <NA>     NA      NA              37              <NA>                 NA       NA       NA      NA
312 cifar100 1586329     15         3 classification  False Selection Extraction   False          SVM        True        PCA         0.1784 SelectPercentile   NA      <NA>        <NA> -2.2205 sigmoid            NA                     <NA>                   NA           NA      <NA>               NA   <NA>    NA            NA       NA       <NA>          NA    <NA>            NA               NA      NA   True randomized          <NA>    <NA>             <NA>                   <NA>      <NA>                f_classif                   NA             44          <NA>       NA       <NA>     NA -0.6250              NA              <NA>                 NA       NA       NA      NA
342 cifar100 1586329     15         3 classification  False Selection Extraction    True DecisionTree        True        PCA         0.0501 SelectPercentile   NA      <NA>        <NA>      NA    <NA>            NA                     gini                   NA       0.6714     value           0.2534   <NA>    NA            NA       NA       <NA>          NA    <NA>            NA               NA      NA   True randomized          <NA>    <NA>             <NA>                   <NA>      <NA>                f_classif                   NA             13          <NA>       NA       <NA>     NA      NA              21              <NA>                 NA       NA       NA      NA
# 2020-08-19 18:26:09 BRT: Iteration 9 of 9
# experimentsUsedSoFar: 1790
# remainingBudget: 210
# currentBudget: 210
# nbConfigurations: 22
  Markers:
     x No test is performed.
     - The test is performed and some configurations are discarded.
     = The test is performed but no configuration is discarded.
     ! The test is performed and configurations could be discarded but elite configurations are preserved.
     . All alive configurations are elite and nothing is discarded

+-+-----------+-----------+-----------+---------------+-----------+--------+-----+----+------+
| |   Instance|      Alive|       Best|      Mean best| Exp so far|  W time|  rho|KenW|  Qvar|
+-+-----------+-----------+-----------+---------------+-----------+--------+-----+----+------+
|x|         13|         22|        188| -0.08466666667|         22|00:15:21|   NA|  NA|    NA|
|x|          4|         22|        188| -0.08680000000|         37|00:15:39|+0.34|0.67|0.4528|
|x|          1|         22|        188| -0.08800000000|         53|00:15:00|+0.56|0.71|0.3019|
|x|         11|         22|        313| -0.03726666667|         69|00:15:00|+0.57|0.68|0.2998|
|!|          8|         13|        313| -0.03749333333|         84|00:15:00|+0.45|0.56|0.9649|
|!|         12|         12|        351|    715827882.6|         90|00:05:16|+0.36|0.47|0.9799|
|!|          9|         11|        351|    613566756.5|         95|00:04:47|+0.41|0.50|0.8875|
|-|          7|         11|        351|    536870911.9|         99|00:04:11|+0.44|0.51|0.8546|
|!|          3|          9|        351|    477218588.4|        103|00:03:55|+0.45|0.52|0.7791|
|!|         10|          7|        351|    429496729.5|        106|00:02:46|+0.46|0.52|0.8272|
+-+-----------+-----------+-----------+---------------+-----------+--------+-----+----+------+
Best-so-far configuration:         188    mean value:     991146299.0
Description of the best-so-far configuration:
    .ID.  dataset  job_id cutoff metafolds           task sparse    f_eng1     f_eng2 scaling algorithm pre_scaling extraction ext_components        selection lr_C lr_solver multi_class      C  kernel rf_estimators criterion_classification criterion_regression max_features max_depth min_samples_leaf solver alpha hidden_layers neurons1 activation n_neighbors weights ab_estimators ab_learning_rate ab_loss whiten svd_solver ica_algorithm ica_fun dl_fit_algorithm dl_transform_algorithm sel_model sel_score_classification sel_score_regression sel_percentile sel_threshold max_iter lr_penalty degree   gamma max_depth_value mlp_learning_rate learning_rate_init neurons2 neurons3 lr_dual .PARENT.
188  188 cifar100 1586329     15         3 classification  False Selection Extraction   False       SVM        True        PCA          0.016 SelectPercentile   NA      <NA>        <NA> -1.626 sigmoid            NA                     <NA>                   NA           NA      <NA>               NA   <NA>    NA            NA       NA       <NA>          NA    <NA>            NA               NA      NA   True randomized          <NA>    <NA>             <NA>                   <NA>      <NA>                f_classif                   NA             51          <NA>       NA       <NA>     NA -3.7286              NA              <NA>                 NA       NA       NA      NA       68

# 2020-08-19 20:03:10 BRT: Elite configurations (first number is the configuration ID; listed from best to worst according to the sum of ranks):
     dataset  job_id cutoff metafolds           task sparse    f_eng1     f_eng2 scaling    algorithm pre_scaling extraction ext_components        selection lr_C lr_solver multi_class       C  kernel rf_estimators criterion_classification criterion_regression max_features max_depth min_samples_leaf solver alpha hidden_layers neurons1 activation n_neighbors weights ab_estimators ab_learning_rate ab_loss whiten svd_solver ica_algorithm ica_fun dl_fit_algorithm dl_transform_algorithm sel_model sel_score_classification sel_score_regression sel_percentile sel_threshold max_iter lr_penalty degree   gamma max_depth_value mlp_learning_rate learning_rate_init neurons2 neurons3 lr_dual
188 cifar100 1586329     15         3 classification  False Selection Extraction   False          SVM        True        PCA         0.0160 SelectPercentile   NA      <NA>        <NA> -1.6260 sigmoid            NA                     <NA>                   NA           NA      <NA>               NA   <NA>    NA            NA       NA       <NA>          NA    <NA>            NA               NA      NA   True randomized          <NA>    <NA>             <NA>                   <NA>      <NA>                f_classif                   NA             51          <NA>       NA       <NA>     NA -3.7286              NA              <NA>                 NA       NA       NA      NA
221 cifar100 1586329     15         3 classification  False Selection Extraction    True DecisionTree        True        PCA         0.0920 SelectPercentile   NA      <NA>        <NA>      NA    <NA>            NA                     gini                   NA       0.4664     value           0.2239   <NA>    NA            NA       NA       <NA>          NA    <NA>            NA               NA      NA   True randomized          <NA>    <NA>             <NA>                   <NA>      <NA>                f_classif                   NA             32          <NA>       NA       <NA>     NA      NA              32              <NA>                 NA       NA       NA      NA
227 cifar100 1586329     15         3 classification  False Selection Extraction   False DecisionTree        True        PCA         0.1810 SelectPercentile   NA      <NA>        <NA>      NA    <NA>            NA                     gini                   NA       0.2011     value           0.1730   <NA>    NA            NA       NA       <NA>          NA    <NA>            NA               NA      NA   True     arpack          <NA>    <NA>             <NA>                   <NA>      <NA>                f_classif                   NA             14          <NA>       NA       <NA>     NA      NA               5              <NA>                 NA       NA       NA      NA
238 cifar100 1586329     15         3 classification  False Selection Extraction   False DecisionTree        True        PCA         0.1282 SelectPercentile   NA      <NA>        <NA>      NA    <NA>            NA                     gini                   NA       0.0684     value           0.3134   <NA>    NA            NA       NA       <NA>          NA    <NA>            NA               NA      NA   True randomized          <NA>    <NA>             <NA>                   <NA>      <NA>                f_classif                   NA              7          <NA>       NA       <NA>     NA      NA              34              <NA>                 NA       NA       NA      NA
351 cifar100 1586329     15         3 classification  False Selection Extraction   False          SVM        True        PCA         0.2064 SelectPercentile   NA      <NA>        <NA>  0.5599 sigmoid            NA                     <NA>                   NA           NA      <NA>               NA   <NA>    NA            NA       NA       <NA>          NA    <NA>            NA               NA      NA   True randomized          <NA>    <NA>             <NA>                   <NA>      <NA>                f_classif                   NA             25          <NA>       NA       <NA>     NA -2.4575              NA              <NA>                 NA       NA       NA      NA
359 cifar100 1586329     15         3 classification  False Selection Extraction   False          SVM        True        PCA         0.1803 SelectPercentile   NA      <NA>        <NA>  0.2562 sigmoid            NA                     <NA>                   NA           NA      <NA>               NA   <NA>    NA            NA       NA       <NA>          NA    <NA>            NA               NA      NA   True randomized          <NA>    <NA>             <NA>                   <NA>      <NA>                f_classif                   NA             19          <NA>       NA       <NA>     NA -2.9067              NA              <NA>                 NA       NA       NA      NA
353 cifar100 1586329     15         3 classification  False Selection Extraction    True DecisionTree        True        PCA         0.1066 SelectPercentile   NA      <NA>        <NA>      NA    <NA>            NA                     gini                   NA       0.8726     value           0.1116   <NA>    NA            NA       NA       <NA>          NA    <NA>            NA               NA      NA   True randomized          <NA>    <NA>             <NA>                   <NA>      <NA>                f_classif                   NA             70          <NA>       NA       <NA>     NA      NA              32              <NA>                 NA       NA       NA      NA
# 2020-08-19 20:03:10 BRT: Iteration 10 of 10
# experimentsUsedSoFar: 1896
# remainingBudget: 104
# currentBudget: 104
# nbConfigurations: 13
  Markers:
     x No test is performed.
     - The test is performed and some configurations are discarded.
     = The test is performed but no configuration is discarded.
     ! The test is performed and configurations could be discarded but elite configurations are preserved.
     . All alive configurations are elite and nothing is discarded

+-+-----------+-----------+-----------+---------------+-----------+--------+-----+----+------+
| |   Instance|      Alive|       Best|      Mean best| Exp so far|  W time|  rho|KenW|  Qvar|
+-+-----------+-----------+-----------+---------------+-----------+--------+-----+----+------+
|x|         14|         13|        188| -0.08413333333|         13|00:11:30|   NA|  NA|    NA|
|x|          3|         13|        188| -0.08233333333|         19|00:07:15|+0.97|0.99|0.0062|
|x|         13|         13|        188| -0.08311111111|         25|00:07:00|+0.61|0.74|0.8510|
|x|          6|         13|        188| -0.08443333333|         34|00:09:32|+0.69|0.77|0.6388|
|!|          2|          7|        188| -0.08552000000|         46|00:10:33|+0.64|0.71|0.4993|
|.|          8|          7|        188| -0.08611111111|         46|23:59:59|+0.70|0.75|0.4180|
|.|         12|          7|        188|    613566756.5|         46|23:59:59|+0.53|0.60|0.6972|
|.|         10|          7|        188|    1073741824.|         46|23:59:59|+0.45|0.52|0.8218|
|.|          4|          7|        188|    954437176.8|         46|23:59:59|+0.50|0.56|0.7567|
+-+-----------+-----------+-----------+---------------+-----------+--------+-----+----+------+
Best-so-far configuration:         188    mean value:     920350134.8
Description of the best-so-far configuration:
    .ID.  dataset  job_id cutoff metafolds           task sparse    f_eng1     f_eng2 scaling algorithm pre_scaling extraction ext_components        selection lr_C lr_solver multi_class      C  kernel rf_estimators criterion_classification criterion_regression max_features max_depth min_samples_leaf solver alpha hidden_layers neurons1 activation n_neighbors weights ab_estimators ab_learning_rate ab_loss whiten svd_solver ica_algorithm ica_fun dl_fit_algorithm dl_transform_algorithm sel_model sel_score_classification sel_score_regression sel_percentile sel_threshold max_iter lr_penalty degree   gamma max_depth_value mlp_learning_rate learning_rate_init neurons2 neurons3 lr_dual .PARENT.
188  188 cifar100 1586329     15         3 classification  False Selection Extraction   False       SVM        True        PCA          0.016 SelectPercentile   NA      <NA>        <NA> -1.626 sigmoid            NA                     <NA>                   NA           NA      <NA>               NA   <NA>    NA            NA       NA       <NA>          NA    <NA>            NA               NA      NA   True randomized          <NA>    <NA>             <NA>                   <NA>      <NA>                f_classif                   NA             51          <NA>       NA       <NA>     NA -3.7286              NA              <NA>                 NA       NA       NA      NA       68

# 2020-08-19 20:49:03 BRT: Elite configurations (first number is the configuration ID; listed from best to worst according to the sum of ranks):
     dataset  job_id cutoff metafolds           task sparse    f_eng1     f_eng2 scaling    algorithm pre_scaling extraction ext_components        selection lr_C lr_solver multi_class       C  kernel rf_estimators criterion_classification criterion_regression max_features max_depth min_samples_leaf solver alpha hidden_layers neurons1 activation n_neighbors weights ab_estimators ab_learning_rate ab_loss whiten svd_solver ica_algorithm ica_fun dl_fit_algorithm dl_transform_algorithm sel_model sel_score_classification sel_score_regression sel_percentile sel_threshold max_iter lr_penalty degree   gamma max_depth_value mlp_learning_rate learning_rate_init neurons2 neurons3 lr_dual
188 cifar100 1586329     15         3 classification  False Selection Extraction   False          SVM        True        PCA         0.0160 SelectPercentile   NA      <NA>        <NA> -1.6260 sigmoid            NA                     <NA>                   NA           NA      <NA>               NA   <NA>    NA            NA       NA       <NA>          NA    <NA>            NA               NA      NA   True randomized          <NA>    <NA>             <NA>                   <NA>      <NA>                f_classif                   NA             51          <NA>       NA       <NA>     NA -3.7286              NA              <NA>                 NA       NA       NA      NA
221 cifar100 1586329     15         3 classification  False Selection Extraction    True DecisionTree        True        PCA         0.0920 SelectPercentile   NA      <NA>        <NA>      NA    <NA>            NA                     gini                   NA       0.4664     value           0.2239   <NA>    NA            NA       NA       <NA>          NA    <NA>            NA               NA      NA   True randomized          <NA>    <NA>             <NA>                   <NA>      <NA>                f_classif                   NA             32          <NA>       NA       <NA>     NA      NA              32              <NA>                 NA       NA       NA      NA
227 cifar100 1586329     15         3 classification  False Selection Extraction   False DecisionTree        True        PCA         0.1810 SelectPercentile   NA      <NA>        <NA>      NA    <NA>            NA                     gini                   NA       0.2011     value           0.1730   <NA>    NA            NA       NA       <NA>          NA    <NA>            NA               NA      NA   True     arpack          <NA>    <NA>             <NA>                   <NA>      <NA>                f_classif                   NA             14          <NA>       NA       <NA>     NA      NA               5              <NA>                 NA       NA       NA      NA
238 cifar100 1586329     15         3 classification  False Selection Extraction   False DecisionTree        True        PCA         0.1282 SelectPercentile   NA      <NA>        <NA>      NA    <NA>            NA                     gini                   NA       0.0684     value           0.3134   <NA>    NA            NA       NA       <NA>          NA    <NA>            NA               NA      NA   True randomized          <NA>    <NA>             <NA>                   <NA>      <NA>                f_classif                   NA              7          <NA>       NA       <NA>     NA      NA              34              <NA>                 NA       NA       NA      NA
351 cifar100 1586329     15         3 classification  False Selection Extraction   False          SVM        True        PCA         0.2064 SelectPercentile   NA      <NA>        <NA>  0.5599 sigmoid            NA                     <NA>                   NA           NA      <NA>               NA   <NA>    NA            NA       NA       <NA>          NA    <NA>            NA               NA      NA   True randomized          <NA>    <NA>             <NA>                   <NA>      <NA>                f_classif                   NA             25          <NA>       NA       <NA>     NA -2.4575              NA              <NA>                 NA       NA       NA      NA
359 cifar100 1586329     15         3 classification  False Selection Extraction   False          SVM        True        PCA         0.1803 SelectPercentile   NA      <NA>        <NA>  0.2562 sigmoid            NA                     <NA>                   NA           NA      <NA>               NA   <NA>    NA            NA       NA       <NA>          NA    <NA>            NA               NA      NA   True randomized          <NA>    <NA>             <NA>                   <NA>      <NA>                f_classif                   NA             19          <NA>       NA       <NA>     NA -2.9067              NA              <NA>                 NA       NA       NA      NA
353 cifar100 1586329     15         3 classification  False Selection Extraction    True DecisionTree        True        PCA         0.1066 SelectPercentile   NA      <NA>        <NA>      NA    <NA>            NA                     gini                   NA       0.8726     value           0.1116   <NA>    NA            NA       NA       <NA>          NA    <NA>            NA               NA      NA   True randomized          <NA>    <NA>             <NA>                   <NA>      <NA>                f_classif                   NA             70          <NA>       NA       <NA>     NA      NA              32              <NA>                 NA       NA       NA      NA
# 2020-08-19 20:49:03 BRT: Iteration 11 of 11
# experimentsUsedSoFar: 1942
# remainingBudget: 58
# currentBudget: 58
# nbConfigurations: 10
  Markers:
     x No test is performed.
     - The test is performed and some configurations are discarded.
     = The test is performed but no configuration is discarded.
     ! The test is performed and configurations could be discarded but elite configurations are preserved.
     . All alive configurations are elite and nothing is discarded

+-+-----------+-----------+-----------+---------------+-----------+--------+-----+----+------+
| |   Instance|      Alive|       Best|      Mean best| Exp so far|  W time|  rho|KenW|  Qvar|
+-+-----------+-----------+-----------+---------------+-----------+--------+-----+----+------+
|x|         15|         10|        188| -0.08826666667|         10|00:05:49|   NA|  NA|    NA|
|x|         12|         10|        351| -0.06646666667|         13|00:01:35|+0.43|0.72|1.4513|
|x|          3|         10|        351| -0.06537777778|         16|00:01:34|+0.62|0.75|0.9757|
|x|          9|         10|        351| -0.06503333333|         19|00:01:36|+0.71|0.78|0.7453|
|!|         13|          8|        188|    858993459.1|         22|00:01:34|+0.41|0.53|0.9061|
|-|         11|          8|        351|    715827882.6|         23|00:00:41|+0.37|0.48|0.9637|
|-|          6|          8|        351|    613566756.5|         24|00:00:40|+0.45|0.52|0.8860|
|-|          7|          8|        351|    536870911.9|         25|00:00:40|+0.51|0.57|0.8124|
|-|          8|          8|        351|    477218588.4|         26|00:00:38|+0.55|0.60|0.7469|
|-|         10|          8|        351|    429496729.5|         27|00:00:35|+0.51|0.56|0.8145|
|-|          5|          8|        351|    390451572.3|         31|00:03:14|+0.54|0.58|0.7675|
|-|          4|          8|        351|    357913941.3|         32|00:00:47|+0.57|0.60|0.7248|
|-|         14|          8|        188|    991146299.0|         33|00:00:41|+0.59|0.62|0.6855|
|-|          1|          8|        188|    920350134.8|         34|00:00:42|+0.61|0.64|0.6492|
|!|          2|          4|        188|    858993459.1|         35|00:00:41|+0.22|0.28|0.5545|
+-+-----------+-----------+-----------+---------------+-----------+--------+-----+----+------+
Best-so-far configuration:         188    mean value:     858993459.1
Description of the best-so-far configuration:
    .ID.  dataset  job_id cutoff metafolds           task sparse    f_eng1     f_eng2 scaling algorithm pre_scaling extraction ext_components        selection lr_C lr_solver multi_class      C  kernel rf_estimators criterion_classification criterion_regression max_features max_depth min_samples_leaf solver alpha hidden_layers neurons1 activation n_neighbors weights ab_estimators ab_learning_rate ab_loss whiten svd_solver ica_algorithm ica_fun dl_fit_algorithm dl_transform_algorithm sel_model sel_score_classification sel_score_regression sel_percentile sel_threshold max_iter lr_penalty degree   gamma max_depth_value mlp_learning_rate learning_rate_init neurons2 neurons3 lr_dual .PARENT.
188  188 cifar100 1586329     15         3 classification  False Selection Extraction   False       SVM        True        PCA          0.016 SelectPercentile   NA      <NA>        <NA> -1.626 sigmoid            NA                     <NA>                   NA           NA      <NA>               NA   <NA>    NA            NA       NA       <NA>          NA    <NA>            NA               NA      NA   True randomized          <NA>    <NA>             <NA>                   <NA>      <NA>                f_classif                   NA             51          <NA>       NA       <NA>     NA -3.7286              NA              <NA>                 NA       NA       NA      NA       68

# 2020-08-19 21:10:39 BRT: Elite configurations (first number is the configuration ID; listed from best to worst according to the sum of ranks):
     dataset  job_id cutoff metafolds           task sparse    f_eng1     f_eng2 scaling algorithm pre_scaling extraction ext_components        selection lr_C lr_solver multi_class       C  kernel rf_estimators criterion_classification criterion_regression max_features max_depth min_samples_leaf solver alpha hidden_layers neurons1 activation n_neighbors weights ab_estimators ab_learning_rate ab_loss whiten svd_solver ica_algorithm ica_fun dl_fit_algorithm dl_transform_algorithm sel_model sel_score_classification sel_score_regression sel_percentile sel_threshold max_iter lr_penalty degree   gamma max_depth_value mlp_learning_rate learning_rate_init neurons2 neurons3 lr_dual
188 cifar100 1586329     15         3 classification  False Selection Extraction   False       SVM        True        PCA         0.0160 SelectPercentile   NA      <NA>        <NA> -1.6260 sigmoid            NA                     <NA>                   NA           NA      <NA>               NA   <NA>    NA            NA       NA       <NA>          NA    <NA>            NA               NA      NA   True randomized          <NA>    <NA>             <NA>                   <NA>      <NA>                f_classif                   NA             51          <NA>       NA       <NA>     NA -3.7286              NA              <NA>                 NA       NA       NA      NA
351 cifar100 1586329     15         3 classification  False Selection Extraction   False       SVM        True        PCA         0.2064 SelectPercentile   NA      <NA>        <NA>  0.5599 sigmoid            NA                     <NA>                   NA           NA      <NA>               NA   <NA>    NA            NA       NA       <NA>          NA    <NA>            NA               NA      NA   True randomized          <NA>    <NA>             <NA>                   <NA>      <NA>                f_classif                   NA             25          <NA>       NA       <NA>     NA -2.4575              NA              <NA>                 NA       NA       NA      NA
359 cifar100 1586329     15         3 classification  False Selection Extraction   False       SVM        True        PCA         0.1803 SelectPercentile   NA      <NA>        <NA>  0.2562 sigmoid            NA                     <NA>                   NA           NA      <NA>               NA   <NA>    NA            NA       NA       <NA>          NA    <NA>            NA               NA      NA   True randomized          <NA>    <NA>             <NA>                   <NA>      <NA>                f_classif                   NA             19          <NA>       NA       <NA>     NA -2.9067              NA              <NA>                 NA       NA       NA      NA
367 cifar100 1586329     15         3 classification  False Selection Extraction   False       SVM        True        PCA         0.1426 SelectPercentile   NA      <NA>        <NA> -2.6027 sigmoid            NA                     <NA>                   NA           NA      <NA>               NA   <NA>    NA            NA       NA       <NA>          NA    <NA>            NA               NA      NA   True randomized          <NA>    <NA>             <NA>                   <NA>      <NA>                f_classif                   NA             12          <NA>       NA       <NA>     NA -3.4651              NA              <NA>                 NA       NA       NA      NA
# 2020-08-19 21:10:39 BRT: Stopped because there is not enough budget left to race more than the minimum (7)
# You may either increase the budget or set 'minNbSurvival' to a lower value
# Iteration: 12
# nbIterations: 12
# experimentsUsedSoFar: 1977
# timeUsed: 0
# remainingBudget: 23
# currentBudget: 23
# number of elites: 4
# nbConfigurations: 5
# Best configurations (first number is the configuration ID; listed from best to worst according to the sum of ranks):
     dataset  job_id cutoff metafolds           task sparse    f_eng1     f_eng2 scaling algorithm pre_scaling extraction ext_components        selection lr_C lr_solver multi_class       C  kernel rf_estimators criterion_classification criterion_regression max_features max_depth min_samples_leaf solver alpha hidden_layers neurons1 activation n_neighbors weights ab_estimators ab_learning_rate ab_loss whiten svd_solver ica_algorithm ica_fun dl_fit_algorithm dl_transform_algorithm sel_model sel_score_classification sel_score_regression sel_percentile sel_threshold max_iter lr_penalty degree   gamma max_depth_value mlp_learning_rate learning_rate_init neurons2 neurons3 lr_dual
188 cifar100 1586329     15         3 classification  False Selection Extraction   False       SVM        True        PCA         0.0160 SelectPercentile   NA      <NA>        <NA> -1.6260 sigmoid            NA                     <NA>                   NA           NA      <NA>               NA   <NA>    NA            NA       NA       <NA>          NA    <NA>            NA               NA      NA   True randomized          <NA>    <NA>             <NA>                   <NA>      <NA>                f_classif                   NA             51          <NA>       NA       <NA>     NA -3.7286              NA              <NA>                 NA       NA       NA      NA
351 cifar100 1586329     15         3 classification  False Selection Extraction   False       SVM        True        PCA         0.2064 SelectPercentile   NA      <NA>        <NA>  0.5599 sigmoid            NA                     <NA>                   NA           NA      <NA>               NA   <NA>    NA            NA       NA       <NA>          NA    <NA>            NA               NA      NA   True randomized          <NA>    <NA>             <NA>                   <NA>      <NA>                f_classif                   NA             25          <NA>       NA       <NA>     NA -2.4575              NA              <NA>                 NA       NA       NA      NA
359 cifar100 1586329     15         3 classification  False Selection Extraction   False       SVM        True        PCA         0.1803 SelectPercentile   NA      <NA>        <NA>  0.2562 sigmoid            NA                     <NA>                   NA           NA      <NA>               NA   <NA>    NA            NA       NA       <NA>          NA    <NA>            NA               NA      NA   True randomized          <NA>    <NA>             <NA>                   <NA>      <NA>                f_classif                   NA             19          <NA>       NA       <NA>     NA -2.9067              NA              <NA>                 NA       NA       NA      NA
367 cifar100 1586329     15         3 classification  False Selection Extraction   False       SVM        True        PCA         0.1426 SelectPercentile   NA      <NA>        <NA> -2.6027 sigmoid            NA                     <NA>                   NA           NA      <NA>               NA   <NA>    NA            NA       NA       <NA>          NA    <NA>            NA               NA      NA   True randomized          <NA>    <NA>             <NA>                   <NA>      <NA>                f_classif                   NA             12          <NA>       NA       <NA>     NA -3.4651              NA              <NA>                 NA       NA       NA      NA
# Best configurations as commandlines (first number is the configuration ID; same order as above):
188  --dataset cifar100 --job_id 1586329 --cutoff 15 --metafolds 3 --task classification --sparse False --f_eng1 Selection --f_eng2 Extraction --pre_scaling True --extraction PCA --ext_components 0.016 --whiten True --svd_solver randomized --selection SelectPercentile --sel_score_classification f_classif --sel_percentile 51 --scaling False --algorithm SVM --C -1.626 --kernel sigmoid --gamma -3.7286
351  --dataset cifar100 --job_id 1586329 --cutoff 15 --metafolds 3 --task classification --sparse False --f_eng1 Selection --f_eng2 Extraction --pre_scaling True --extraction PCA --ext_components 0.2064 --whiten True --svd_solver randomized --selection SelectPercentile --sel_score_classification f_classif --sel_percentile 25 --scaling False --algorithm SVM --C 0.5599 --kernel sigmoid --gamma -2.4575
359  --dataset cifar100 --job_id 1586329 --cutoff 15 --metafolds 3 --task classification --sparse False --f_eng1 Selection --f_eng2 Extraction --pre_scaling True --extraction PCA --ext_components 0.1803 --whiten True --svd_solver randomized --selection SelectPercentile --sel_score_classification f_classif --sel_percentile 19 --scaling False --algorithm SVM --C 0.2562 --kernel sigmoid --gamma -2.9067
367  --dataset cifar100 --job_id 1586329 --cutoff 15 --metafolds 3 --task classification --sparse False --f_eng1 Selection --f_eng2 Extraction --pre_scaling True --extraction PCA --ext_components 0.1426 --whiten True --svd_solver randomized --selection SelectPercentile --sel_score_classification f_classif --sel_percentile 12 --scaling False --algorithm SVM --C -2.6027 --kernel sigmoid --gamma -3.4651
