*******************************************************************************
* irace: An implementation in R of Iterated Race
* Version: 3.1.2112M
* Copyright (C) 2010-2018
* Manuel Lopez-Ibanez     <manuel.lopez-ibanez@manchester.ac.uk>
* Jeremie Dubois-Lacoste  
* Leslie Perez Caceres    <leslie.perez.caceres@ulb.ac.be>
*
* This is free software, and you are welcome to redistribute it under certain
* conditions.  See the GNU General Public License for details. There is NO
* WARRANTY; not even for MERCHANTABILITY or FITNESS FOR A PARTICULAR PURPOSE.
*
* irace builds upon previous code from the race package:
*
* race: Racing methods for the selection of the best
* Copyright (C) 2003 Mauro Birattari
*******************************************************************************
# installed at: /home/cemvieira/bin/R/irace
# called with: -s scenario.txt --max-experiments 2000 -p ./cifar100/parameters-1586357.txt --parallel 32 --train-instances-file cifar100/new-instances.txt --log-file ./output/cifar100/cifar100-1f2k20m-irace-1586357.Rdata
# 8 expression(s) specifying forbidden configurations read from '/home/cemvieira/isklearn/forbidden.txt'
# 2020-08-19 16:50:02 BRT: Initialization
# Elitist race
# Elitist new instances: 1
# Elitist limit: 2
# nbIterations: 7
# minNbSurvival: 7
# nbParameters: 50
# seed: 2139794406
# confidence level: 0.95
# budget: 2000
# mu: 5
# deterministic: TRUE

# 2020-08-19 16:50:02 BRT: Iteration 1 of 7
# experimentsUsedSoFar: 0
# remainingBudget: 2000
# currentBudget: 285
# nbConfigurations: 47
  Markers:
     x No test is performed.
     - The test is performed and some configurations are discarded.
     = The test is performed but no configuration is discarded.
     ! The test is performed and configurations could be discarded but elite configurations are preserved.
     . All alive configurations are elite and nothing is discarded

+-+-----------+-----------+-----------+---------------+-----------+--------+-----+----+------+
| |   Instance|      Alive|       Best|      Mean best| Exp so far|  W time|  rho|KenW|  Qvar|
+-+-----------+-----------+-----------+---------------+-----------+--------+-----+----+------+
|x|          1|         47|         46| -0.07520000000|         47|00:40:05|   NA|  NA|    NA|
|x|          2|         47|         46| -0.07480000000|         94|00:40:02|+1.00|1.00|0.0000|
|x|          3|         47|         46| -0.07333333333|        141|00:40:02|+1.00|1.00|0.0000|
|x|          4|         47|         46| -0.07270000000|        188|00:40:03|+1.00|1.00|0.0000|
|!|          5|          1|         46| -0.07328000000|        235|00:40:02|   NA|  NA|    NA|
+-+-----------+-----------+-----------+---------------+-----------+--------+-----+----+------+
Best-so-far configuration:          46    mean value:  -0.07328000000
Description of the best-so-far configuration:
   .ID.  dataset  job_id cutoff metafolds           task sparse f_eng1 f_eng2 scaling  algorithm pre_scaling extraction ext_components selection lr_C lr_solver multi_class  C kernel rf_estimators criterion_classification criterion_regression max_features max_depth min_samples_leaf solver alpha hidden_layers neurons1 activation n_neighbors  weights ab_estimators ab_learning_rate ab_loss whiten svd_solver ica_algorithm ica_fun dl_fit_algorithm dl_transform_algorithm sel_model sel_score_classification sel_score_regression sel_percentile sel_threshold max_iter lr_penalty degree gamma max_depth_value mlp_learning_rate learning_rate_init neurons2 neurons3 lr_dual .PARENT.
46   46 cifar100 1586357     20         1 classification  False   none   none    True KNeighbors        <NA>       <NA>             NA      <NA>   NA      <NA>        <NA> NA   <NA>            NA                     <NA>                   NA           NA      <NA>               NA   <NA>    NA            NA       NA       <NA>          80 distance            NA               NA      NA   <NA>       <NA>          <NA>    <NA>             <NA>                   <NA>      <NA>                     <NA>                   NA             NA          <NA>       NA       <NA>     NA    NA              NA                NA                 NA       NA       NA      NA       NA

# 2020-08-19 20:10:21 BRT: Elite configurations (first number is the configuration ID; listed from best to worst according to the sum of ranks):
    dataset  job_id cutoff metafolds           task sparse f_eng1 f_eng2 scaling  algorithm pre_scaling extraction ext_components selection lr_C lr_solver multi_class  C kernel rf_estimators criterion_classification criterion_regression max_features max_depth min_samples_leaf solver alpha hidden_layers neurons1 activation n_neighbors  weights ab_estimators ab_learning_rate ab_loss whiten svd_solver ica_algorithm ica_fun dl_fit_algorithm dl_transform_algorithm sel_model sel_score_classification sel_score_regression sel_percentile sel_threshold max_iter lr_penalty degree gamma max_depth_value mlp_learning_rate learning_rate_init neurons2 neurons3 lr_dual
46 cifar100 1586357     20         1 classification  False   none   none    True KNeighbors        <NA>       <NA>             NA      <NA>   NA      <NA>        <NA> NA   <NA>            NA                     <NA>                   NA           NA      <NA>               NA   <NA>    NA            NA       NA       <NA>          80 distance            NA               NA      NA   <NA>       <NA>          <NA>    <NA>             <NA>                   <NA>      <NA>                     <NA>                   NA             NA          <NA>       NA       <NA>     NA    NA              NA                NA                 NA       NA       NA      NA
# 2020-08-19 20:10:21 BRT: Iteration 2 of 7
# experimentsUsedSoFar: 235
# remainingBudget: 1765
# currentBudget: 294
# nbConfigurations: 42
  Markers:
     x No test is performed.
     - The test is performed and some configurations are discarded.
     = The test is performed but no configuration is discarded.
     ! The test is performed and configurations could be discarded but elite configurations are preserved.
     . All alive configurations are elite and nothing is discarded

+-+-----------+-----------+-----------+---------------+-----------+--------+-----+----+------+
| |   Instance|      Alive|       Best|      Mean best| Exp so far|  W time|  rho|KenW|  Qvar|
+-+-----------+-----------+-----------+---------------+-----------+--------+-----+----+------+
|x|          6|         42|         70| -0.08480000000|         42|00:40:02|   NA|  NA|    NA|
|x|          4|         42|         46| -0.07680000000|         83|00:40:02|+1.00|1.00|0.0000|
|x|          5|         42|         70| -0.07773333333|        124|00:40:02|+1.00|1.00|0.0000|
|x|          3|         42|         70| -0.07640000000|        165|00:40:03|+1.00|1.00|0.0000|
|!|          1|          3|         70| -0.07624000000|        206|00:40:02|-0.10|0.12|0.7722|
+-+-----------+-----------+-----------+---------------+-----------+--------+-----+----+------+
Best-so-far configuration:          46    mean value:  -0.07486666667
Description of the best-so-far configuration:
   .ID.  dataset  job_id cutoff metafolds           task sparse f_eng1 f_eng2 scaling  algorithm pre_scaling extraction ext_components selection lr_C lr_solver multi_class  C kernel rf_estimators criterion_classification criterion_regression max_features max_depth min_samples_leaf solver alpha hidden_layers neurons1 activation n_neighbors  weights ab_estimators ab_learning_rate ab_loss whiten svd_solver ica_algorithm ica_fun dl_fit_algorithm dl_transform_algorithm sel_model sel_score_classification sel_score_regression sel_percentile sel_threshold max_iter lr_penalty degree gamma max_depth_value mlp_learning_rate learning_rate_init neurons2 neurons3 lr_dual .PARENT.
46   46 cifar100 1586357     20         1 classification  False   none   none    True KNeighbors        <NA>       <NA>             NA      <NA>   NA      <NA>        <NA> NA   <NA>            NA                     <NA>                   NA           NA      <NA>               NA   <NA>    NA            NA       NA       <NA>          80 distance            NA               NA      NA   <NA>       <NA>          <NA>    <NA>             <NA>                   <NA>      <NA>                     <NA>                   NA             NA          <NA>       NA       <NA>     NA    NA              NA              <NA>                 NA       NA       NA      NA       NA

# 2020-08-19 23:30:37 BRT: Elite configurations (first number is the configuration ID; listed from best to worst according to the sum of ranks):
    dataset  job_id cutoff metafolds           task sparse    f_eng1 f_eng2 scaling  algorithm pre_scaling extraction ext_components        selection lr_C lr_solver multi_class  C kernel rf_estimators criterion_classification criterion_regression max_features max_depth min_samples_leaf solver alpha hidden_layers neurons1 activation n_neighbors  weights ab_estimators ab_learning_rate ab_loss whiten svd_solver ica_algorithm ica_fun dl_fit_algorithm dl_transform_algorithm sel_model sel_score_classification sel_score_regression sel_percentile sel_threshold max_iter lr_penalty degree gamma max_depth_value mlp_learning_rate learning_rate_init neurons2 neurons3 lr_dual
46 cifar100 1586357     20         1 classification  False      none   none    True KNeighbors        <NA>       <NA>             NA             <NA>   NA      <NA>        <NA> NA   <NA>            NA                     <NA>                   NA           NA      <NA>               NA   <NA>    NA            NA       NA       <NA>          80 distance            NA               NA      NA   <NA>       <NA>          <NA>    <NA>             <NA>                   <NA>      <NA>                     <NA>                   NA             NA          <NA>       NA       <NA>     NA    NA              NA              <NA>                 NA       NA       NA      NA
70 cifar100 1586357     20         1 classification  False      none   none    True KNeighbors        <NA>       <NA>             NA             <NA>   NA      <NA>        <NA> NA   <NA>            NA                     <NA>                   NA           NA      <NA>               NA   <NA>    NA            NA       NA       <NA>          77 distance            NA               NA      NA   <NA>       <NA>          <NA>    <NA>             <NA>                   <NA>      <NA>                     <NA>                   NA             NA          <NA>       NA       <NA>     NA    NA              NA              <NA>                 NA       NA       NA      NA
78 cifar100 1586357     20         1 classification  False Selection   none    True KNeighbors       False       <NA>             NA SelectPercentile   NA      <NA>        <NA> NA   <NA>            NA                     <NA>                   NA           NA      <NA>               NA   <NA>    NA            NA       NA       <NA>          65 distance            NA               NA      NA   <NA>       <NA>          <NA>    <NA>             <NA>                   <NA>      <NA>                f_classif                   NA             79          <NA>       NA       <NA>     NA    NA              NA              <NA>                 NA       NA       NA      NA
# 2020-08-19 23:30:37 BRT: Iteration 3 of 7
# experimentsUsedSoFar: 441
# remainingBudget: 1559
# currentBudget: 311
# nbConfigurations: 41
  Markers:
     x No test is performed.
     - The test is performed and some configurations are discarded.
     = The test is performed but no configuration is discarded.
     ! The test is performed and configurations could be discarded but elite configurations are preserved.
     . All alive configurations are elite and nothing is discarded

+-+-----------+-----------+-----------+---------------+-----------+--------+-----+----+------+
| |   Instance|      Alive|       Best|      Mean best| Exp so far|  W time|  rho|KenW|  Qvar|
+-+-----------+-----------+-----------+---------------+-----------+--------+-----+----+------+
|x|          7|         41|        122|  -0.1080000000|         41|00:29:47|   NA|  NA|    NA|
|x|          5|         41|        122|  -0.1112000000|         79|00:27:15|+0.99|0.99|0.0000|
|x|          3|         41|        120| -0.09080000000|        117|00:27:41|+0.93|0.95|0.0316|
|x|          1|         41|        120| -0.09240000000|        155|00:27:27|+0.95|0.96|0.0237|
|!|          6|          6|        120| -0.09336000000|        193|00:27:25|+0.67|0.73|0.0990|
+-+-----------+-----------+-----------+---------------+-----------+--------+-----+----+------+
Best-so-far configuration:          46    mean value:  -0.07371428571
Description of the best-so-far configuration:
   .ID.  dataset  job_id cutoff metafolds           task sparse f_eng1 f_eng2 scaling  algorithm pre_scaling extraction ext_components selection lr_C lr_solver multi_class  C kernel rf_estimators criterion_classification criterion_regression max_features max_depth min_samples_leaf solver alpha hidden_layers neurons1 activation n_neighbors  weights ab_estimators ab_learning_rate ab_loss whiten svd_solver ica_algorithm ica_fun dl_fit_algorithm dl_transform_algorithm sel_model sel_score_classification sel_score_regression sel_percentile sel_threshold max_iter lr_penalty degree gamma max_depth_value mlp_learning_rate learning_rate_init neurons2 neurons3 lr_dual .PARENT.
46   46 cifar100 1586357     20         1 classification  False   none   none    True KNeighbors        <NA>       <NA>             NA      <NA>   NA      <NA>        <NA> NA   <NA>            NA                     <NA>                   NA           NA      <NA>               NA   <NA>    NA            NA       NA       <NA>          80 distance            NA               NA      NA   <NA>       <NA>          <NA>    <NA>             <NA>                   <NA>      <NA>                     <NA>                   NA             NA          <NA>       NA       <NA>     NA    NA              NA              <NA>                 NA       NA       NA      NA       NA

# 2020-08-20 01:50:18 BRT: Elite configurations (first number is the configuration ID; listed from best to worst according to the sum of ranks):
     dataset  job_id cutoff metafolds           task sparse    f_eng1 f_eng2 scaling  algorithm pre_scaling extraction ext_components        selection lr_C lr_solver multi_class      C kernel rf_estimators criterion_classification criterion_regression max_features max_depth min_samples_leaf solver alpha hidden_layers neurons1 activation n_neighbors  weights ab_estimators ab_learning_rate ab_loss whiten svd_solver ica_algorithm ica_fun dl_fit_algorithm dl_transform_algorithm sel_model sel_score_classification sel_score_regression sel_percentile sel_threshold max_iter lr_penalty degree gamma max_depth_value mlp_learning_rate learning_rate_init neurons2 neurons3 lr_dual
46  cifar100 1586357     20         1 classification  False      none   none    True KNeighbors        <NA>       <NA>             NA             <NA>   NA      <NA>        <NA>     NA   <NA>            NA                     <NA>                   NA           NA      <NA>               NA   <NA>    NA            NA       NA       <NA>          80 distance            NA               NA      NA   <NA>       <NA>          <NA>    <NA>             <NA>                   <NA>      <NA>                     <NA>                   NA             NA          <NA>       NA       <NA>     NA    NA              NA              <NA>                 NA       NA       NA      NA
70  cifar100 1586357     20         1 classification  False      none   none    True KNeighbors        <NA>       <NA>             NA             <NA>   NA      <NA>        <NA>     NA   <NA>            NA                     <NA>                   NA           NA      <NA>               NA   <NA>    NA            NA       NA       <NA>          77 distance            NA               NA      NA   <NA>       <NA>          <NA>    <NA>             <NA>                   <NA>      <NA>                     <NA>                   NA             NA          <NA>       NA       <NA>     NA    NA              NA              <NA>                 NA       NA       NA      NA
78  cifar100 1586357     20         1 classification  False Selection   none    True KNeighbors       False       <NA>             NA SelectPercentile   NA      <NA>        <NA>     NA   <NA>            NA                     <NA>                   NA           NA      <NA>               NA   <NA>    NA            NA       NA       <NA>          65 distance            NA               NA      NA   <NA>       <NA>          <NA>    <NA>             <NA>                   <NA>      <NA>                f_classif                   NA             79          <NA>       NA       <NA>     NA    NA              NA              <NA>                 NA       NA       NA      NA
120 cifar100 1586357     20         1 classification  False Selection   none    True        SVM       False       <NA>             NA SelectPercentile   NA      <NA>        <NA> 2.4574 linear            NA                     <NA>                   NA           NA      <NA>               NA   <NA>    NA            NA       NA       <NA>          NA     <NA>            NA               NA      NA   <NA>       <NA>          <NA>    <NA>             <NA>                   <NA>      <NA>                f_classif                   NA             22          <NA>       NA       <NA>     NA    NA              NA              <NA>                 NA       NA       NA      NA
95  cifar100 1586357     20         1 classification  False      none   none    True KNeighbors        <NA>       <NA>             NA             <NA>   NA      <NA>        <NA>     NA   <NA>            NA                     <NA>                   NA           NA      <NA>               NA   <NA>    NA            NA       NA       <NA>          34 distance            NA               NA      NA   <NA>       <NA>          <NA>    <NA>             <NA>                   <NA>      <NA>                     <NA>                   NA             NA          <NA>       NA       <NA>     NA    NA              NA              <NA>                 NA       NA       NA      NA
126 cifar100 1586357     20         1 classification  False      none   none   False KNeighbors        <NA>       <NA>             NA             <NA>   NA      <NA>        <NA>     NA   <NA>            NA                     <NA>                   NA           NA      <NA>               NA   <NA>    NA            NA       NA       <NA>          34 distance            NA               NA      NA   <NA>       <NA>          <NA>    <NA>             <NA>                   <NA>      <NA>                     <NA>                   NA             NA          <NA>       NA       <NA>     NA    NA              NA              <NA>                 NA       NA       NA      NA
# 2020-08-20 01:50:18 BRT: Iteration 4 of 7
# experimentsUsedSoFar: 634
# remainingBudget: 1366
# currentBudget: 341
# nbConfigurations: 42
  Markers:
     x No test is performed.
     - The test is performed and some configurations are discarded.
     = The test is performed but no configuration is discarded.
     ! The test is performed and configurations could be discarded but elite configurations are preserved.
     . All alive configurations are elite and nothing is discarded

+-+-----------+-----------+-----------+---------------+-----------+--------+-----+----+------+
| |   Instance|      Alive|       Best|      Mean best| Exp so far|  W time|  rho|KenW|  Qvar|
+-+-----------+-----------+-----------+---------------+-----------+--------+-----+----+------+
|x|          8|         42|        137|  -0.1052000000|         42|00:27:01|   NA|  NA|    NA|
|x|          5|         42|        137|  -0.1100000000|         78|00:24:47|+0.95|0.98|0.0460|
|x|          2|         42|        137|  -0.1120000000|        119|00:26:53|+0.96|0.97|0.0307|
|x|          4|         42|        137|  -0.1120000000|        158|00:27:22|+0.95|0.96|0.0230|
|!|          7|          8|        137|  -0.1123200000|        194|00:24:52|+0.73|0.78|0.0412|
|!|          6|          7|        137|  -0.1136666667|        196|00:02:23|+0.72|0.77|0.0345|
+-+-----------+-----------+-----------+---------------+-----------+--------+-----+----+------+
Best-so-far configuration:         120    mean value:  -0.09060000000
Description of the best-so-far configuration:
    .ID.  dataset  job_id cutoff metafolds           task sparse    f_eng1 f_eng2 scaling algorithm pre_scaling extraction ext_components        selection lr_C lr_solver multi_class      C kernel rf_estimators criterion_classification criterion_regression max_features max_depth min_samples_leaf solver alpha hidden_layers neurons1 activation n_neighbors weights ab_estimators ab_learning_rate ab_loss whiten svd_solver ica_algorithm ica_fun dl_fit_algorithm dl_transform_algorithm sel_model sel_score_classification sel_score_regression sel_percentile sel_threshold max_iter lr_penalty degree gamma max_depth_value mlp_learning_rate learning_rate_init neurons2 neurons3 lr_dual .PARENT.
120  120 cifar100 1586357     20         1 classification  False Selection   none    True       SVM       False       <NA>             NA SelectPercentile   NA      <NA>        <NA> 2.4574 linear            NA                     <NA>                   NA           NA      <NA>               NA   <NA>    NA            NA       NA       <NA>          NA    <NA>            NA               NA      NA   <NA>       <NA>          <NA>    <NA>             <NA>                   <NA>      <NA>                f_classif                   NA             22          <NA>       NA       <NA>     NA    NA              NA              <NA>                 NA       NA       NA    <NA>       46

# 2020-08-20 04:03:43 BRT: Elite configurations (first number is the configuration ID; listed from best to worst according to the sum of ranks):
     dataset  job_id cutoff metafolds           task sparse    f_eng1 f_eng2 scaling  algorithm pre_scaling extraction ext_components        selection lr_C lr_solver multi_class      C kernel rf_estimators criterion_classification criterion_regression max_features max_depth min_samples_leaf solver alpha hidden_layers neurons1 activation n_neighbors  weights ab_estimators ab_learning_rate ab_loss whiten svd_solver ica_algorithm ica_fun dl_fit_algorithm dl_transform_algorithm    sel_model sel_score_classification sel_score_regression sel_percentile sel_threshold max_iter lr_penalty degree gamma max_depth_value mlp_learning_rate learning_rate_init neurons2 neurons3 lr_dual
120 cifar100 1586357     20         1 classification  False Selection   none    True        SVM       False       <NA>             NA SelectPercentile   NA      <NA>        <NA> 2.4574 linear            NA                     <NA>                   NA           NA      <NA>               NA   <NA>    NA            NA       NA       <NA>          NA     <NA>            NA               NA      NA   <NA>       <NA>          <NA>    <NA>             <NA>                   <NA>         <NA>                f_classif                   NA             22          <NA>       NA       <NA>     NA    NA              NA              <NA>                 NA       NA       NA    <NA>
126 cifar100 1586357     20         1 classification  False      none   none   False KNeighbors        <NA>       <NA>             NA             <NA>   NA      <NA>        <NA>     NA   <NA>            NA                     <NA>                   NA           NA      <NA>               NA   <NA>    NA            NA       NA       <NA>          34 distance            NA               NA      NA   <NA>       <NA>          <NA>    <NA>             <NA>                   <NA>         <NA>                     <NA>                   NA             NA          <NA>       NA       <NA>     NA    NA              NA              <NA>                 NA       NA       NA    <NA>
95  cifar100 1586357     20         1 classification  False      none   none    True KNeighbors        <NA>       <NA>             NA             <NA>   NA      <NA>        <NA>     NA   <NA>            NA                     <NA>                   NA           NA      <NA>               NA   <NA>    NA            NA       NA       <NA>          34 distance            NA               NA      NA   <NA>       <NA>          <NA>    <NA>             <NA>                   <NA>         <NA>                     <NA>                   NA             NA          <NA>       NA       <NA>     NA    NA              NA              <NA>                 NA       NA       NA    <NA>
78  cifar100 1586357     20         1 classification  False Selection   none    True KNeighbors       False       <NA>             NA SelectPercentile   NA      <NA>        <NA>     NA   <NA>            NA                     <NA>                   NA           NA      <NA>               NA   <NA>    NA            NA       NA       <NA>          65 distance            NA               NA      NA   <NA>       <NA>          <NA>    <NA>             <NA>                   <NA>         <NA>                f_classif                   NA             79          <NA>       NA       <NA>     NA    NA              NA              <NA>                 NA       NA       NA    <NA>
70  cifar100 1586357     20         1 classification  False      none   none    True KNeighbors        <NA>       <NA>             NA             <NA>   NA      <NA>        <NA>     NA   <NA>            NA                     <NA>                   NA           NA      <NA>               NA   <NA>    NA            NA       NA       <NA>          77 distance            NA               NA      NA   <NA>       <NA>          <NA>    <NA>             <NA>                   <NA>         <NA>                     <NA>                   NA             NA          <NA>       NA       <NA>     NA    NA              NA              <NA>                 NA       NA       NA    <NA>
46  cifar100 1586357     20         1 classification  False      none   none    True KNeighbors        <NA>       <NA>             NA             <NA>   NA      <NA>        <NA>     NA   <NA>            NA                     <NA>                   NA           NA      <NA>               NA   <NA>    NA            NA       NA       <NA>          80 distance            NA               NA      NA   <NA>       <NA>          <NA>    <NA>             <NA>                   <NA>         <NA>                     <NA>                   NA             NA          <NA>       NA       <NA>     NA    NA              NA              <NA>                 NA       NA       NA    <NA>
137 cifar100 1586357     20         1 classification  False Selection   none   False        SVM       False       <NA>             NA  SelectFromModel   NA      <NA>        <NA> 4.7324 linear            NA                     <NA>                   NA           NA      <NA>               NA   <NA>    NA            NA       NA       <NA>          NA     <NA>            NA               NA      NA   <NA>       <NA>          <NA>    <NA>             <NA>                   <NA> RandomForest                     <NA>                   NA             NA          mean       NA       <NA>     NA    NA              NA              <NA>                 NA       NA       NA    <NA>
# 2020-08-20 04:03:43 BRT: Iteration 5 of 7
# experimentsUsedSoFar: 830
# remainingBudget: 1170
# currentBudget: 390
# nbConfigurations: 44
  Markers:
     x No test is performed.
     - The test is performed and some configurations are discarded.
     = The test is performed but no configuration is discarded.
     ! The test is performed and configurations could be discarded but elite configurations are preserved.
     . All alive configurations are elite and nothing is discarded

+-+-----------+-----------+-----------+---------------+-----------+--------+-----+----+------+
| |   Instance|      Alive|       Best|      Mean best| Exp so far|  W time|  rho|KenW|  Qvar|
+-+-----------+-----------+-----------+---------------+-----------+--------+-----+----+------+
|x|          9|         44|        137|  -0.1072000000|         44|00:23:01|   NA|  NA|    NA|
|x|          7|         44|        137|  -0.1104000000|         81|00:20:03|+0.90|0.95|0.0000|
|x|          2|         44|        137|  -0.1122666667|        118|00:20:01|+0.92|0.95|0.0000|
|x|          8|         44|        137|  -0.1105000000|        155|00:20:02|+0.92|0.94|0.0000|
|!|          4|          8|        137|  -0.1108000000|        192|00:20:03|+0.80|0.84|0.0413|
|-|          3|          8|        137|  -0.1112000000|        194|00:02:02|+0.81|0.84|0.0477|
|!|          5|          7|        137|  -0.1117142857|        195|00:00:50|+0.74|0.78|0.0445|
+-+-----------+-----------+-----------+---------------+-----------+--------+-----+----+------+
Best-so-far configuration:         120    mean value:  -0.09017777778
Description of the best-so-far configuration:
    .ID.  dataset  job_id cutoff metafolds           task sparse    f_eng1 f_eng2 scaling algorithm pre_scaling extraction ext_components        selection lr_C lr_solver multi_class      C kernel rf_estimators criterion_classification criterion_regression max_features max_depth min_samples_leaf solver alpha hidden_layers neurons1 activation n_neighbors weights ab_estimators ab_learning_rate ab_loss whiten svd_solver ica_algorithm ica_fun dl_fit_algorithm dl_transform_algorithm sel_model sel_score_classification sel_score_regression sel_percentile sel_threshold max_iter lr_penalty degree gamma max_depth_value mlp_learning_rate learning_rate_init neurons2 neurons3 lr_dual .PARENT.
120  120 cifar100 1586357     20         1 classification  False Selection   none    True       SVM       False       <NA>             NA SelectPercentile   NA      <NA>        <NA> 2.4574 linear            NA                     <NA>                   NA           NA      <NA>               NA   <NA>    NA            NA       NA       <NA>          NA    <NA>            NA               NA      NA   <NA>       <NA>          <NA>    <NA>             <NA>                   <NA>      <NA>                f_classif                   NA             22          <NA>       NA       <NA>     NA    NA              NA              <NA>                 NA       NA       NA    <NA>       46

# 2020-08-20 05:49:52 BRT: Elite configurations (first number is the configuration ID; listed from best to worst according to the sum of ranks):
     dataset  job_id cutoff metafolds           task sparse    f_eng1 f_eng2 scaling  algorithm pre_scaling extraction ext_components        selection lr_C lr_solver multi_class      C kernel rf_estimators criterion_classification criterion_regression max_features max_depth min_samples_leaf solver alpha hidden_layers neurons1 activation n_neighbors  weights ab_estimators ab_learning_rate ab_loss whiten svd_solver ica_algorithm ica_fun dl_fit_algorithm dl_transform_algorithm    sel_model sel_score_classification sel_score_regression sel_percentile sel_threshold max_iter lr_penalty degree gamma max_depth_value mlp_learning_rate learning_rate_init neurons2 neurons3 lr_dual
120 cifar100 1586357     20         1 classification  False Selection   none    True        SVM       False       <NA>             NA SelectPercentile   NA      <NA>        <NA> 2.4574 linear            NA                     <NA>                   NA           NA      <NA>               NA   <NA>    NA            NA       NA       <NA>          NA     <NA>            NA               NA      NA   <NA>       <NA>          <NA>    <NA>             <NA>                   <NA>         <NA>                f_classif                   NA             22          <NA>       NA       <NA>     NA    NA              NA              <NA>                 NA       NA       NA    <NA>
126 cifar100 1586357     20         1 classification  False      none   none   False KNeighbors        <NA>       <NA>             NA             <NA>   NA      <NA>        <NA>     NA   <NA>            NA                     <NA>                   NA           NA      <NA>               NA   <NA>    NA            NA       NA       <NA>          34 distance            NA               NA      NA   <NA>       <NA>          <NA>    <NA>             <NA>                   <NA>         <NA>                     <NA>                   NA             NA          <NA>       NA       <NA>     NA    NA              NA              <NA>                 NA       NA       NA    <NA>
95  cifar100 1586357     20         1 classification  False      none   none    True KNeighbors        <NA>       <NA>             NA             <NA>   NA      <NA>        <NA>     NA   <NA>            NA                     <NA>                   NA           NA      <NA>               NA   <NA>    NA            NA       NA       <NA>          34 distance            NA               NA      NA   <NA>       <NA>          <NA>    <NA>             <NA>                   <NA>         <NA>                     <NA>                   NA             NA          <NA>       NA       <NA>     NA    NA              NA              <NA>                 NA       NA       NA    <NA>
78  cifar100 1586357     20         1 classification  False Selection   none    True KNeighbors       False       <NA>             NA SelectPercentile   NA      <NA>        <NA>     NA   <NA>            NA                     <NA>                   NA           NA      <NA>               NA   <NA>    NA            NA       NA       <NA>          65 distance            NA               NA      NA   <NA>       <NA>          <NA>    <NA>             <NA>                   <NA>         <NA>                f_classif                   NA             79          <NA>       NA       <NA>     NA    NA              NA              <NA>                 NA       NA       NA    <NA>
70  cifar100 1586357     20         1 classification  False      none   none    True KNeighbors        <NA>       <NA>             NA             <NA>   NA      <NA>        <NA>     NA   <NA>            NA                     <NA>                   NA           NA      <NA>               NA   <NA>    NA            NA       NA       <NA>          77 distance            NA               NA      NA   <NA>       <NA>          <NA>    <NA>             <NA>                   <NA>         <NA>                     <NA>                   NA             NA          <NA>       NA       <NA>     NA    NA              NA              <NA>                 NA       NA       NA    <NA>
46  cifar100 1586357     20         1 classification  False      none   none    True KNeighbors        <NA>       <NA>             NA             <NA>   NA      <NA>        <NA>     NA   <NA>            NA                     <NA>                   NA           NA      <NA>               NA   <NA>    NA            NA       NA       <NA>          80 distance            NA               NA      NA   <NA>       <NA>          <NA>    <NA>             <NA>                   <NA>         <NA>                     <NA>                   NA             NA          <NA>       NA       <NA>     NA    NA              NA              <NA>                 NA       NA       NA    <NA>
137 cifar100 1586357     20         1 classification  False Selection   none   False        SVM       False       <NA>             NA  SelectFromModel   NA      <NA>        <NA> 4.7324 linear            NA                     <NA>                   NA           NA      <NA>               NA   <NA>    NA            NA       NA       <NA>          NA     <NA>            NA               NA      NA   <NA>       <NA>          <NA>    <NA>             <NA>                   <NA> RandomForest                     <NA>                   NA             NA          mean       NA       <NA>     NA    NA              NA              <NA>                 NA       NA       NA    <NA>
# 2020-08-20 05:49:52 BRT: Iteration 6 of 7
# experimentsUsedSoFar: 1025
# remainingBudget: 975
# currentBudget: 487
# nbConfigurations: 55
  Markers:
     x No test is performed.
     - The test is performed and some configurations are discarded.
     = The test is performed but no configuration is discarded.
     ! The test is performed and configurations could be discarded but elite configurations are preserved.
     . All alive configurations are elite and nothing is discarded

+-+-----------+-----------+-----------+---------------+-----------+--------+-----+----+------+
| |   Instance|      Alive|       Best|      Mean best| Exp so far|  W time|  rho|KenW|  Qvar|
+-+-----------+-----------+-----------+---------------+-----------+--------+-----+----+------+
|x|         10|         55|        204|  -0.1104000000|         55|00:22:19|   NA|  NA|    NA|
|x|          8|         55|        204|  -0.1106000000|        103|00:22:07|+0.82|0.91|0.0000|
|x|          9|         55|        204|  -0.1086666667|        151|00:22:05|+0.83|0.89|0.0000|
|x|          6|         55|        204|  -0.1113000000|        199|00:21:59|+0.83|0.87|0.0000|
|!|          2|         18|        137|  -0.1114400000|        247|00:22:03|+0.89|0.91|0.0407|
|!|          5|         11|        137|  -0.1120000000|        258|00:03:12|+0.83|0.86|0.0225|
|-|          3|         11|        137|  -0.1121714286|        262|00:03:08|+0.83|0.85|0.0250|
|-|          4|         11|        201|  -0.1138000000|        266|00:03:14|+0.84|0.86|0.0251|
|-|          1|         11|        201|  -0.1137777778|        271|00:03:04|+0.84|0.86|0.0326|
|!|          7|          5|        201|  -0.1130000000|        275|00:03:27|-0.10|0.01|0.8638|
+-+-----------+-----------+-----------+---------------+-----------+--------+-----+----+------+
Best-so-far configuration:         201    mean value:   -0.1130000000
Description of the best-so-far configuration:
    .ID.  dataset  job_id cutoff metafolds           task sparse    f_eng1 f_eng2 scaling algorithm pre_scaling extraction ext_components        selection lr_C lr_solver multi_class       C kernel rf_estimators criterion_classification criterion_regression max_features max_depth min_samples_leaf solver alpha hidden_layers neurons1 activation n_neighbors weights ab_estimators ab_learning_rate ab_loss whiten svd_solver ica_algorithm ica_fun dl_fit_algorithm dl_transform_algorithm sel_model sel_score_classification sel_score_regression sel_percentile sel_threshold max_iter lr_penalty degree gamma max_depth_value mlp_learning_rate learning_rate_init neurons2 neurons3 lr_dual .PARENT.
201  201 cifar100 1586357     20         1 classification  False Selection   none    True       SVM       False       <NA>             NA SelectPercentile   NA      <NA>        <NA> -2.7718 linear            NA                     <NA>                   NA           NA      <NA>               NA   <NA>    NA            NA       NA       <NA>          NA    <NA>            NA               NA      NA   <NA>       <NA>          <NA>    <NA>             <NA>                   <NA>      <NA>                f_classif                   NA             48          <NA>       NA       <NA>     NA    NA              NA              <NA>                 NA       NA       NA    <NA>      120

# 2020-08-20 07:56:40 BRT: Elite configurations (first number is the configuration ID; listed from best to worst according to the sum of ranks):
     dataset  job_id cutoff metafolds           task sparse    f_eng1 f_eng2 scaling algorithm pre_scaling extraction ext_components        selection lr_C lr_solver multi_class       C kernel rf_estimators criterion_classification criterion_regression max_features max_depth min_samples_leaf solver alpha hidden_layers neurons1 activation n_neighbors weights ab_estimators ab_learning_rate ab_loss whiten svd_solver ica_algorithm ica_fun dl_fit_algorithm dl_transform_algorithm    sel_model sel_score_classification sel_score_regression sel_percentile sel_threshold max_iter lr_penalty degree gamma max_depth_value mlp_learning_rate learning_rate_init neurons2 neurons3 lr_dual
201 cifar100 1586357     20         1 classification  False Selection   none    True       SVM       False       <NA>             NA SelectPercentile   NA      <NA>        <NA> -2.7718 linear            NA                     <NA>                   NA           NA      <NA>               NA   <NA>    NA            NA       NA       <NA>          NA    <NA>            NA               NA      NA   <NA>       <NA>          <NA>    <NA>             <NA>                   <NA>         <NA>                f_classif                   NA             48          <NA>       NA       <NA>     NA    NA              NA              <NA>                 NA       NA       NA    <NA>
137 cifar100 1586357     20         1 classification  False Selection   none   False       SVM       False       <NA>             NA  SelectFromModel   NA      <NA>        <NA>  4.7324 linear            NA                     <NA>                   NA           NA      <NA>               NA   <NA>    NA            NA       NA       <NA>          NA    <NA>            NA               NA      NA   <NA>       <NA>          <NA>    <NA>             <NA>                   <NA> RandomForest                     <NA>                   NA             NA          mean       NA       <NA>     NA    NA              NA              <NA>                 NA       NA       NA    <NA>
204 cifar100 1586357     20         1 classification  False Selection   none   False       SVM       False       <NA>             NA  SelectFromModel   NA      <NA>        <NA>  2.7757 linear            NA                     <NA>                   NA           NA      <NA>               NA   <NA>    NA            NA       NA       <NA>          NA    <NA>            NA               NA      NA   <NA>       <NA>          <NA>    <NA>             <NA>                   <NA> RandomForest                     <NA>                   NA             NA          mean       NA       <NA>     NA    NA              NA              <NA>                 NA       NA       NA    <NA>
203 cifar100 1586357     20         1 classification  False Selection   none    True       SVM       False       <NA>             NA SelectPercentile   NA      <NA>        <NA> -0.8936 linear            NA                     <NA>                   NA           NA      <NA>               NA   <NA>    NA            NA       NA       <NA>          NA    <NA>            NA               NA      NA   <NA>       <NA>          <NA>    <NA>             <NA>                   <NA>         <NA>                f_classif                   NA             78          <NA>       NA       <NA>     NA    NA              NA              <NA>                 NA       NA       NA    <NA>
213 cifar100 1586357     20         1 classification  False Selection   none   False       SVM       False       <NA>             NA  SelectFromModel   NA      <NA>        <NA> -0.3707 linear            NA                     <NA>                   NA           NA      <NA>               NA   <NA>    NA            NA       NA       <NA>          NA    <NA>            NA               NA      NA   <NA>       <NA>          <NA>    <NA>             <NA>                   <NA> RandomForest                     <NA>                   NA             NA          mean       NA       <NA>     NA    NA              NA              <NA>                 NA       NA       NA    <NA>
# 2020-08-20 07:56:40 BRT: Iteration 7 of 7
# experimentsUsedSoFar: 1300
# remainingBudget: 700
# currentBudget: 700
# nbConfigurations: 68
  Markers:
     x No test is performed.
     - The test is performed and some configurations are discarded.
     = The test is performed but no configuration is discarded.
     ! The test is performed and configurations could be discarded but elite configurations are preserved.
     . All alive configurations are elite and nothing is discarded

+-+-----------+-----------+-----------+---------------+-----------+--------+-----+----+------+
| |   Instance|      Alive|       Best|      Mean best| Exp so far|  W time|  rho|KenW|  Qvar|
+-+-----------+-----------+-----------+---------------+-----------+--------+-----+----+------+
|x|         11|         68|        308|  -0.1248000000|         68|00:24:55|   NA|  NA|    NA|
|x|          5|         68|        288|  -0.1194000000|        131|00:24:16|+0.50|0.75|0.0000|
|x|          2|         68|        282|  -0.1180000000|        194|00:24:10|+0.44|0.63|0.0000|
|x|          1|         68|        306|  -0.1164000000|        257|00:23:58|+0.34|0.50|0.0000|
|!|         10|         45|        306|  -0.1148800000|        320|00:24:19|-0.09|0.13|1.0415|
|=|          6|         45|        277|  -0.1148000000|        360|00:08:29|-0.03|0.14|0.9993|
|=|          9|         45|        306|  -0.1149714286|        400|00:08:47|-0.03|0.12|0.9970|
|=|          3|         45|        302|  -0.1141000000|        440|00:07:03|-0.01|0.11|0.9874|
|=|          4|         45|        302|  -0.1145777778|        480|00:06:27|+0.00|0.11|0.9825|
|=|          7|         45|        302|  -0.1139600000|        520|00:05:19|-0.01|0.09|0.9904|
|=|          8|         45|        288|  -0.1133090909|        560|00:04:56|-0.01|0.08|0.9872|
|=|         12|         45|        282|  -0.1135000000|        605|00:04:57|+0.01|0.09|0.9712|
+-+-----------+-----------+-----------+---------------+-----------+--------+-----+----+------+
Best-so-far configuration:         282    mean value:   -0.1135000000
Description of the best-so-far configuration:
    .ID.  dataset  job_id cutoff metafolds           task sparse    f_eng1 f_eng2 scaling algorithm pre_scaling extraction ext_components       selection lr_C lr_solver multi_class      C kernel rf_estimators criterion_classification criterion_regression max_features max_depth min_samples_leaf solver alpha hidden_layers neurons1 activation n_neighbors weights ab_estimators ab_learning_rate ab_loss whiten svd_solver ica_algorithm ica_fun dl_fit_algorithm dl_transform_algorithm    sel_model sel_score_classification sel_score_regression sel_percentile sel_threshold max_iter lr_penalty degree gamma max_depth_value mlp_learning_rate learning_rate_init neurons2 neurons3 lr_dual .PARENT.
282  282 cifar100 1586357     20         1 classification  False Selection   none   False       SVM       False       <NA>             NA SelectFromModel   NA      <NA>        <NA> 1.0015 linear            NA                     <NA>                   NA           NA      <NA>               NA   <NA>    NA            NA       NA       <NA>          NA    <NA>            NA               NA      NA   <NA>       <NA>          <NA>    <NA>             <NA>                   <NA> RandomForest                     <NA>                   NA             NA          mean       NA       <NA>     NA    NA              NA              <NA>                 NA       NA       NA    <NA>      137

# 2020-08-20 10:44:26 BRT: Elite configurations (first number is the configuration ID; listed from best to worst according to the sum of ranks):
     dataset  job_id cutoff metafolds           task sparse    f_eng1 f_eng2 scaling algorithm pre_scaling extraction ext_components        selection lr_C lr_solver multi_class       C kernel rf_estimators criterion_classification criterion_regression max_features max_depth min_samples_leaf solver alpha hidden_layers neurons1 activation n_neighbors weights ab_estimators ab_learning_rate ab_loss whiten svd_solver ica_algorithm ica_fun dl_fit_algorithm dl_transform_algorithm    sel_model sel_score_classification sel_score_regression sel_percentile sel_threshold max_iter lr_penalty degree gamma max_depth_value mlp_learning_rate learning_rate_init neurons2 neurons3 lr_dual
282 cifar100 1586357     20         1 classification  False Selection   none   False       SVM       False       <NA>             NA  SelectFromModel   NA      <NA>        <NA>  1.0015 linear            NA                     <NA>                   NA           NA      <NA>               NA   <NA>    NA            NA       NA       <NA>          NA    <NA>            NA               NA      NA   <NA>       <NA>          <NA>    <NA>             <NA>                   <NA> RandomForest                     <NA>                   NA             NA          mean       NA       <NA>     NA    NA              NA              <NA>                 NA       NA       NA    <NA>
259 cifar100 1586357     20         1 classification  False Selection   none   False       SVM       False       <NA>             NA  SelectFromModel   NA      <NA>        <NA>  0.7425 linear            NA                     <NA>                   NA           NA      <NA>               NA   <NA>    NA            NA       NA       <NA>          NA    <NA>            NA               NA      NA   <NA>       <NA>          <NA>    <NA>             <NA>                   <NA> RandomForest                     <NA>                   NA             NA          mean       NA       <NA>     NA    NA              NA              <NA>                 NA       NA       NA    <NA>
278 cifar100 1586357     20         1 classification  False Selection   none   False       SVM       False       <NA>             NA  SelectFromModel   NA      <NA>        <NA>  4.4088 linear            NA                     <NA>                   NA           NA      <NA>               NA   <NA>    NA            NA       NA       <NA>          NA    <NA>            NA               NA      NA   <NA>       <NA>          <NA>    <NA>             <NA>                   <NA> RandomForest                     <NA>                   NA             NA          mean       NA       <NA>     NA    NA              NA              <NA>                 NA       NA       NA    <NA>
288 cifar100 1586357     20         1 classification  False Selection   none    True       SVM       False       <NA>             NA SelectPercentile   NA      <NA>        <NA> -2.2363 linear            NA                     <NA>                   NA           NA      <NA>               NA   <NA>    NA            NA       NA       <NA>          NA    <NA>            NA               NA      NA   <NA>       <NA>          <NA>    <NA>             <NA>                   <NA>         <NA>                f_classif                   NA             91          <NA>       NA       <NA>     NA    NA              NA              <NA>                 NA       NA       NA    <NA>
292 cifar100 1586357     20         1 classification  False Selection   none   False       SVM       False       <NA>             NA  SelectFromModel   NA      <NA>        <NA>  1.7287 linear            NA                     <NA>                   NA           NA      <NA>               NA   <NA>    NA            NA       NA       <NA>          NA    <NA>            NA               NA      NA   <NA>       <NA>          <NA>    <NA>             <NA>                   <NA> RandomForest                     <NA>                   NA             NA          mean       NA       <NA>     NA    NA              NA              <NA>                 NA       NA       NA    <NA>
306 cifar100 1586357     20         1 classification  False Selection   none    True       SVM       False       <NA>             NA SelectPercentile   NA      <NA>        <NA> -2.7934 linear            NA                     <NA>                   NA           NA      <NA>               NA   <NA>    NA            NA       NA       <NA>          NA    <NA>            NA               NA      NA   <NA>       <NA>          <NA>    <NA>             <NA>                   <NA>         <NA>                f_classif                   NA             54          <NA>       NA       <NA>     NA    NA              NA              <NA>                 NA       NA       NA    <NA>
277 cifar100 1586357     20         1 classification  False Selection   none   False       SVM       False       <NA>             NA  SelectFromModel   NA      <NA>        <NA>  3.7732 linear            NA                     <NA>                   NA           NA      <NA>               NA   <NA>    NA            NA       NA       <NA>          NA    <NA>            NA               NA      NA   <NA>       <NA>          <NA>    <NA>             <NA>                   <NA> RandomForest                     <NA>                   NA             NA          mean       NA       <NA>     NA    NA              NA              <NA>                 NA       NA       NA    <NA>
# 2020-08-20 10:44:26 BRT: Iteration 8 of 8
# experimentsUsedSoFar: 1905
# remainingBudget: 95
# currentBudget: 95
# nbConfigurations: 13
  Markers:
     x No test is performed.
     - The test is performed and some configurations are discarded.
     = The test is performed but no configuration is discarded.
     ! The test is performed and configurations could be discarded but elite configurations are preserved.
     . All alive configurations are elite and nothing is discarded

+-+-----------+-----------+-----------+---------------+-----------+--------+-----+----+------+
| |   Instance|      Alive|       Best|      Mean best| Exp so far|  W time|  rho|KenW|  Qvar|
+-+-----------+-----------+-----------+---------------+-----------+--------+-----+----+------+
|x|         13|         13|        306|  -0.1224000000|         13|00:02:42|   NA|  NA|    NA|
|x|          9|         13|        306|  -0.1172000000|         19|00:01:47|+0.05|0.52|0.8520|
|x|         12|         13|        306|  -0.1156000000|         25|00:01:42|+0.05|0.37|0.9066|
|x|         10|         13|        306|  -0.1139000000|         31|00:01:45|+0.04|0.28|0.8855|
|=|          4|         13|        278|  -0.1135200000|         37|00:01:47|-0.02|0.19|0.9573|
|=|          6|         13|        278|  -0.1138666667|         43|00:01:45|-0.11|0.08|1.0362|
|=|          7|         13|        278|  -0.1134857143|         49|00:02:16|-0.06|0.09|0.9985|
|=|          5|         13|        259|  -0.1146500000|         55|00:02:02|-0.03|0.09|0.9592|
|=|         11|         13|        282|  -0.1148888889|         61|00:01:44|-0.02|0.10|0.9393|
|=|          2|         13|        282|  -0.1152000000|         67|00:01:45|-0.04|0.07|0.9543|
|=|          1|         13|        306|  -0.1150909091|         73|00:01:43|-0.03|0.06|0.9470|
|=|          3|         13|        306|  -0.1152333333|         79|00:01:48|-0.03|0.06|0.9474|
|=|          8|         13|        278|  -0.1132307692|         85|00:01:45|-0.02|0.06|0.9468|
+-+-----------+-----------+-----------+---------------+-----------+--------+-----+----+------+
Best-so-far configuration:         278    mean value:   -0.1132307692
Description of the best-so-far configuration:
    .ID.  dataset  job_id cutoff metafolds           task sparse    f_eng1 f_eng2 scaling algorithm pre_scaling extraction ext_components       selection lr_C lr_solver multi_class      C kernel rf_estimators criterion_classification criterion_regression max_features max_depth min_samples_leaf solver alpha hidden_layers neurons1 activation n_neighbors weights ab_estimators ab_learning_rate ab_loss whiten svd_solver ica_algorithm ica_fun dl_fit_algorithm dl_transform_algorithm    sel_model sel_score_classification sel_score_regression sel_percentile sel_threshold max_iter lr_penalty degree gamma max_depth_value mlp_learning_rate learning_rate_init neurons2 neurons3 lr_dual .PARENT.
278  278 cifar100 1586357     20         1 classification  False Selection   none   False       SVM       False       <NA>             NA SelectFromModel   NA      <NA>        <NA> 4.4088 linear            NA                     <NA>                   NA           NA      <NA>               NA   <NA>    NA            NA       NA       <NA>          NA    <NA>            NA               NA      NA   <NA>       <NA>          <NA>    <NA>             <NA>                   <NA> RandomForest                     <NA>                   NA             NA          mean       NA       <NA>     NA    NA              NA              <NA>                 NA       NA       NA    <NA>      137

# 2020-08-20 11:09:04 BRT: Elite configurations (first number is the configuration ID; listed from best to worst according to the sum of ranks):
     dataset  job_id cutoff metafolds           task sparse    f_eng1 f_eng2 scaling algorithm pre_scaling extraction ext_components        selection lr_C lr_solver multi_class       C kernel rf_estimators criterion_classification criterion_regression max_features max_depth min_samples_leaf solver alpha hidden_layers neurons1 activation n_neighbors weights ab_estimators ab_learning_rate ab_loss whiten svd_solver ica_algorithm ica_fun dl_fit_algorithm dl_transform_algorithm    sel_model sel_score_classification sel_score_regression sel_percentile sel_threshold max_iter lr_penalty degree gamma max_depth_value mlp_learning_rate learning_rate_init neurons2 neurons3 lr_dual
278 cifar100 1586357     20         1 classification  False Selection   none   False       SVM       False       <NA>             NA  SelectFromModel   NA      <NA>        <NA>  4.4088 linear            NA                     <NA>                   NA           NA      <NA>               NA   <NA>    NA            NA       NA       <NA>          NA    <NA>            NA               NA      NA   <NA>       <NA>          <NA>    <NA>             <NA>                   <NA> RandomForest                     <NA>                   NA             NA          mean       NA       <NA>     NA    NA              NA              <NA>                 NA       NA       NA    <NA>
282 cifar100 1586357     20         1 classification  False Selection   none   False       SVM       False       <NA>             NA  SelectFromModel   NA      <NA>        <NA>  1.0015 linear            NA                     <NA>                   NA           NA      <NA>               NA   <NA>    NA            NA       NA       <NA>          NA    <NA>            NA               NA      NA   <NA>       <NA>          <NA>    <NA>             <NA>                   <NA> RandomForest                     <NA>                   NA             NA          mean       NA       <NA>     NA    NA              NA              <NA>                 NA       NA       NA    <NA>
306 cifar100 1586357     20         1 classification  False Selection   none    True       SVM       False       <NA>             NA SelectPercentile   NA      <NA>        <NA> -2.7934 linear            NA                     <NA>                   NA           NA      <NA>               NA   <NA>    NA            NA       NA       <NA>          NA    <NA>            NA               NA      NA   <NA>       <NA>          <NA>    <NA>             <NA>                   <NA>         <NA>                f_classif                   NA             54          <NA>       NA       <NA>     NA    NA              NA              <NA>                 NA       NA       NA    <NA>
315 cifar100 1586357     20         1 classification  False Selection   none   False       SVM       False       <NA>             NA  SelectFromModel   NA      <NA>        <NA>  1.7850 linear            NA                     <NA>                   NA           NA      <NA>               NA   <NA>    NA            NA       NA       <NA>          NA    <NA>            NA               NA      NA   <NA>       <NA>          <NA>    <NA>             <NA>                   <NA> RandomForest                     <NA>                   NA             NA          mean       NA       <NA>     NA    NA              NA              <NA>                 NA       NA       NA    <NA>
259 cifar100 1586357     20         1 classification  False Selection   none   False       SVM       False       <NA>             NA  SelectFromModel   NA      <NA>        <NA>  0.7425 linear            NA                     <NA>                   NA           NA      <NA>               NA   <NA>    NA            NA       NA       <NA>          NA    <NA>            NA               NA      NA   <NA>       <NA>          <NA>    <NA>             <NA>                   <NA> RandomForest                     <NA>                   NA             NA          mean       NA       <NA>     NA    NA              NA              <NA>                 NA       NA       NA    <NA>
288 cifar100 1586357     20         1 classification  False Selection   none    True       SVM       False       <NA>             NA SelectPercentile   NA      <NA>        <NA> -2.2363 linear            NA                     <NA>                   NA           NA      <NA>               NA   <NA>    NA            NA       NA       <NA>          NA    <NA>            NA               NA      NA   <NA>       <NA>          <NA>    <NA>             <NA>                   <NA>         <NA>                f_classif                   NA             91          <NA>       NA       <NA>     NA    NA              NA              <NA>                 NA       NA       NA    <NA>
292 cifar100 1586357     20         1 classification  False Selection   none   False       SVM       False       <NA>             NA  SelectFromModel   NA      <NA>        <NA>  1.7287 linear            NA                     <NA>                   NA           NA      <NA>               NA   <NA>    NA            NA       NA       <NA>          NA    <NA>            NA               NA      NA   <NA>       <NA>          <NA>    <NA>             <NA>                   <NA> RandomForest                     <NA>                   NA             NA          mean       NA       <NA>     NA    NA              NA              <NA>                 NA       NA       NA    <NA>
# 2020-08-20 11:09:04 BRT: Stopped because there is not enough budget left to race more than the minimum (7)
# You may either increase the budget or set 'minNbSurvival' to a lower value
# Iteration: 9
# nbIterations: 9
# experimentsUsedSoFar: 1990
# timeUsed: 0
# remainingBudget: 10
# currentBudget: 10
# number of elites: 7
# nbConfigurations: 7
# Best configurations (first number is the configuration ID; listed from best to worst according to the sum of ranks):
     dataset  job_id cutoff metafolds           task sparse    f_eng1 f_eng2 scaling algorithm pre_scaling extraction ext_components        selection lr_C lr_solver multi_class       C kernel rf_estimators criterion_classification criterion_regression max_features max_depth min_samples_leaf solver alpha hidden_layers neurons1 activation n_neighbors weights ab_estimators ab_learning_rate ab_loss whiten svd_solver ica_algorithm ica_fun dl_fit_algorithm dl_transform_algorithm    sel_model sel_score_classification sel_score_regression sel_percentile sel_threshold max_iter lr_penalty degree gamma max_depth_value mlp_learning_rate learning_rate_init neurons2 neurons3 lr_dual
278 cifar100 1586357     20         1 classification  False Selection   none   False       SVM       False       <NA>             NA  SelectFromModel   NA      <NA>        <NA>  4.4088 linear            NA                     <NA>                   NA           NA      <NA>               NA   <NA>    NA            NA       NA       <NA>          NA    <NA>            NA               NA      NA   <NA>       <NA>          <NA>    <NA>             <NA>                   <NA> RandomForest                     <NA>                   NA             NA          mean       NA       <NA>     NA    NA              NA              <NA>                 NA       NA       NA    <NA>
282 cifar100 1586357     20         1 classification  False Selection   none   False       SVM       False       <NA>             NA  SelectFromModel   NA      <NA>        <NA>  1.0015 linear            NA                     <NA>                   NA           NA      <NA>               NA   <NA>    NA            NA       NA       <NA>          NA    <NA>            NA               NA      NA   <NA>       <NA>          <NA>    <NA>             <NA>                   <NA> RandomForest                     <NA>                   NA             NA          mean       NA       <NA>     NA    NA              NA              <NA>                 NA       NA       NA    <NA>
306 cifar100 1586357     20         1 classification  False Selection   none    True       SVM       False       <NA>             NA SelectPercentile   NA      <NA>        <NA> -2.7934 linear            NA                     <NA>                   NA           NA      <NA>               NA   <NA>    NA            NA       NA       <NA>          NA    <NA>            NA               NA      NA   <NA>       <NA>          <NA>    <NA>             <NA>                   <NA>         <NA>                f_classif                   NA             54          <NA>       NA       <NA>     NA    NA              NA              <NA>                 NA       NA       NA    <NA>
315 cifar100 1586357     20         1 classification  False Selection   none   False       SVM       False       <NA>             NA  SelectFromModel   NA      <NA>        <NA>  1.7850 linear            NA                     <NA>                   NA           NA      <NA>               NA   <NA>    NA            NA       NA       <NA>          NA    <NA>            NA               NA      NA   <NA>       <NA>          <NA>    <NA>             <NA>                   <NA> RandomForest                     <NA>                   NA             NA          mean       NA       <NA>     NA    NA              NA              <NA>                 NA       NA       NA    <NA>
259 cifar100 1586357     20         1 classification  False Selection   none   False       SVM       False       <NA>             NA  SelectFromModel   NA      <NA>        <NA>  0.7425 linear            NA                     <NA>                   NA           NA      <NA>               NA   <NA>    NA            NA       NA       <NA>          NA    <NA>            NA               NA      NA   <NA>       <NA>          <NA>    <NA>             <NA>                   <NA> RandomForest                     <NA>                   NA             NA          mean       NA       <NA>     NA    NA              NA              <NA>                 NA       NA       NA    <NA>
288 cifar100 1586357     20         1 classification  False Selection   none    True       SVM       False       <NA>             NA SelectPercentile   NA      <NA>        <NA> -2.2363 linear            NA                     <NA>                   NA           NA      <NA>               NA   <NA>    NA            NA       NA       <NA>          NA    <NA>            NA               NA      NA   <NA>       <NA>          <NA>    <NA>             <NA>                   <NA>         <NA>                f_classif                   NA             91          <NA>       NA       <NA>     NA    NA              NA              <NA>                 NA       NA       NA    <NA>
292 cifar100 1586357     20         1 classification  False Selection   none   False       SVM       False       <NA>             NA  SelectFromModel   NA      <NA>        <NA>  1.7287 linear            NA                     <NA>                   NA           NA      <NA>               NA   <NA>    NA            NA       NA       <NA>          NA    <NA>            NA               NA      NA   <NA>       <NA>          <NA>    <NA>             <NA>                   <NA> RandomForest                     <NA>                   NA             NA          mean       NA       <NA>     NA    NA              NA              <NA>                 NA       NA       NA    <NA>
# Best configurations as commandlines (first number is the configuration ID; same order as above):
278  --dataset cifar100 --job_id 1586357 --cutoff 20 --metafolds 1 --task classification --sparse False --f_eng1 Selection --f_eng2 none --pre_scaling False --selection SelectFromModel --sel_model RandomForest --sel_threshold mean --scaling False --algorithm SVM --C 4.4088 --kernel linear
282  --dataset cifar100 --job_id 1586357 --cutoff 20 --metafolds 1 --task classification --sparse False --f_eng1 Selection --f_eng2 none --pre_scaling False --selection SelectFromModel --sel_model RandomForest --sel_threshold mean --scaling False --algorithm SVM --C 1.0015 --kernel linear
306  --dataset cifar100 --job_id 1586357 --cutoff 20 --metafolds 1 --task classification --sparse False --f_eng1 Selection --f_eng2 none --pre_scaling False --selection SelectPercentile --sel_score_classification f_classif --sel_percentile 54 --scaling True --algorithm SVM --C -2.7934 --kernel linear
315  --dataset cifar100 --job_id 1586357 --cutoff 20 --metafolds 1 --task classification --sparse False --f_eng1 Selection --f_eng2 none --pre_scaling False --selection SelectFromModel --sel_model RandomForest --sel_threshold mean --scaling False --algorithm SVM --C 1.785 --kernel linear
259  --dataset cifar100 --job_id 1586357 --cutoff 20 --metafolds 1 --task classification --sparse False --f_eng1 Selection --f_eng2 none --pre_scaling False --selection SelectFromModel --sel_model RandomForest --sel_threshold mean --scaling False --algorithm SVM --C 0.7425 --kernel linear
288  --dataset cifar100 --job_id 1586357 --cutoff 20 --metafolds 1 --task classification --sparse False --f_eng1 Selection --f_eng2 none --pre_scaling False --selection SelectPercentile --sel_score_classification f_classif --sel_percentile 91 --scaling True --algorithm SVM --C -2.2363 --kernel linear
292  --dataset cifar100 --job_id 1586357 --cutoff 20 --metafolds 1 --task classification --sparse False --f_eng1 Selection --f_eng2 none --pre_scaling False --selection SelectFromModel --sel_model RandomForest --sel_threshold mean --scaling False --algorithm SVM --C 1.7287 --kernel linear
