*******************************************************************************
* irace: An implementation in R of Iterated Race
* Version: 3.1.2112M
* Copyright (C) 2010-2018
* Manuel Lopez-Ibanez     <manuel.lopez-ibanez@manchester.ac.uk>
* Jeremie Dubois-Lacoste  
* Leslie Perez Caceres    <leslie.perez.caceres@ulb.ac.be>
*
* This is free software, and you are welcome to redistribute it under certain
* conditions.  See the GNU General Public License for details. There is NO
* WARRANTY; not even for MERCHANTABILITY or FITNESS FOR A PARTICULAR PURPOSE.
*
* irace builds upon previous code from the race package:
*
* race: Racing methods for the selection of the best
* Copyright (C) 2003 Mauro Birattari
*******************************************************************************
# installed at: /home/cemvieira/bin/R/irace
# called with: -s scenario.txt --max-experiments 2000 -p ./cifar100/parameters-1554142.txt --parallel 32 --train-instances-file cifar100/new-instances.txt --log-file ./output/cifar100/cifar100-1f2k20m-irace-1554142.Rdata
# 8 expression(s) specifying forbidden configurations read from '/home/cemvieira/isklearn/forbidden.txt'
# 2020-07-06 01:55:27 BRT: Initialization
# Elitist race
# Elitist new instances: 1
# Elitist limit: 2
# nbIterations: 7
# minNbSurvival: 7
# nbParameters: 50
# seed: 858079101
# confidence level: 0.95
# budget: 2000
# mu: 5
# deterministic: TRUE

# 2020-07-06 01:55:27 BRT: Iteration 1 of 7
# experimentsUsedSoFar: 0
# remainingBudget: 2000
# currentBudget: 285
# nbConfigurations: 47
  Markers:
     x No test is performed.
     - The test is performed and some configurations are discarded.
     = The test is performed but no configuration is discarded.
     ! The test is performed and configurations could be discarded but elite configurations are preserved.
     . All alive configurations are elite and nothing is discarded

+-+-----------+-----------+-----------+---------------+-----------+--------+-----+----+------+
| |   Instance|      Alive|       Best|      Mean best| Exp so far|  W time|  rho|KenW|  Qvar|
+-+-----------+-----------+-----------+---------------+-----------+--------+-----+----+------+
|x|          1|         47|         38|  -0.1140000000|         47|00:40:01|   NA|  NA|    NA|
|x|          2|         47|         38|  -0.1104000000|         94|00:40:01|+1.00|1.00|0.0000|
|x|          3|         47|         38|  -0.1118666667|        141|00:40:01|+1.00|1.00|0.0000|
|x|          4|         47|         38|  -0.1117000000|        188|00:40:01|+1.00|1.00|0.0000|
|!|          5|          1|         38|  -0.1101600000|        235|00:40:01|   NA|  NA|    NA|
+-+-----------+-----------+-----------+---------------+-----------+--------+-----+----+------+
Best-so-far configuration:          38    mean value:   -0.1101600000
Description of the best-so-far configuration:
   .ID.  dataset  job_id cutoff metafolds           task sparse f_eng1 f_eng2 scaling algorithm pre_scaling extraction ext_components selection lr_C lr_solver multi_class      C kernel rf_estimators criterion_classification criterion_regression max_features max_depth min_samples_leaf solver alpha hidden_layers neurons1 activation n_neighbors weights ab_estimators ab_learning_rate ab_loss whiten svd_solver ica_algorithm ica_fun dl_fit_algorithm dl_transform_algorithm sel_model sel_score_classification sel_score_regression sel_percentile sel_threshold max_iter lr_penalty degree gamma max_depth_value mlp_learning_rate learning_rate_init neurons2 neurons3 lr_dual .PARENT.
38   38 cifar100 1554142     20         1 classification  False   None   None   False       SVM        <NA>       <NA>             NA      <NA>   NA      <NA>        <NA> 1.3941 linear            NA                     <NA>                   NA           NA      <NA>               NA   <NA>    NA            NA       NA       <NA>          NA    <NA>            NA               NA      NA   <NA>       <NA>          <NA>    <NA>             <NA>                   <NA>      <NA>                     <NA>                   NA             NA          <NA>       NA       <NA>     NA    NA              NA              <NA>                 NA       NA       NA    <NA>       NA

# 2020-07-06 05:15:36 BRT: Elite configurations (first number is the configuration ID; listed from best to worst according to the sum of ranks):
    dataset  job_id cutoff metafolds           task sparse f_eng1 f_eng2 scaling algorithm pre_scaling extraction ext_components selection lr_C lr_solver multi_class      C kernel rf_estimators criterion_classification criterion_regression max_features max_depth min_samples_leaf solver alpha hidden_layers neurons1 activation n_neighbors weights ab_estimators ab_learning_rate ab_loss whiten svd_solver ica_algorithm ica_fun dl_fit_algorithm dl_transform_algorithm sel_model sel_score_classification sel_score_regression sel_percentile sel_threshold max_iter lr_penalty degree gamma max_depth_value mlp_learning_rate learning_rate_init neurons2 neurons3 lr_dual
38 cifar100 1554142     20         1 classification  False   None   None   False       SVM        <NA>       <NA>             NA      <NA>   NA      <NA>        <NA> 1.3941 linear            NA                     <NA>                   NA           NA      <NA>               NA   <NA>    NA            NA       NA       <NA>          NA    <NA>            NA               NA      NA   <NA>       <NA>          <NA>    <NA>             <NA>                   <NA>      <NA>                     <NA>                   NA             NA          <NA>       NA       <NA>     NA    NA              NA              <NA>                 NA       NA       NA    <NA>
# 2020-07-06 05:15:36 BRT: Iteration 2 of 7
# experimentsUsedSoFar: 235
# remainingBudget: 1765
# currentBudget: 294
# nbConfigurations: 42
  Markers:
     x No test is performed.
     - The test is performed and some configurations are discarded.
     = The test is performed but no configuration is discarded.
     ! The test is performed and configurations could be discarded but elite configurations are preserved.
     . All alive configurations are elite and nothing is discarded

+-+-----------+-----------+-----------+---------------+-----------+--------+-----+----+------+
| |   Instance|      Alive|       Best|      Mean best| Exp so far|  W time|  rho|KenW|  Qvar|
+-+-----------+-----------+-----------+---------------+-----------+--------+-----+----+------+
|x|          6|         42|         81|  -0.1168000000|         42|00:40:01|   NA|  NA|    NA|
|x|          4|         42|         81|  -0.1128000000|         83|00:40:01|+0.90|0.95|0.0695|
|x|          5|         42|         81|  -0.1140000000|        124|00:40:01|+0.94|0.96|0.0463|
|x|          3|         42|         81|  -0.1132000000|        165|00:40:01|+0.95|0.96|0.0347|
|!|          1|          3|         81|  -0.1136800000|        206|00:40:01|+0.40|0.52|0.4004|
+-+-----------+-----------+-----------+---------------+-----------+--------+-----+----+------+
Best-so-far configuration:          38    mean value:     715827882.6
Description of the best-so-far configuration:
   .ID.  dataset  job_id cutoff metafolds           task sparse f_eng1 f_eng2 scaling algorithm pre_scaling extraction ext_components selection lr_C lr_solver multi_class      C kernel rf_estimators criterion_classification criterion_regression max_features max_depth min_samples_leaf solver alpha hidden_layers neurons1 activation n_neighbors weights ab_estimators ab_learning_rate ab_loss whiten svd_solver ica_algorithm ica_fun dl_fit_algorithm dl_transform_algorithm sel_model sel_score_classification sel_score_regression sel_percentile sel_threshold max_iter lr_penalty degree gamma max_depth_value mlp_learning_rate learning_rate_init neurons2 neurons3 lr_dual .PARENT.
38   38 cifar100 1554142     20         1 classification  False   None   None   False       SVM        <NA>       <NA>             NA      <NA>   NA      <NA>        <NA> 1.3941 linear            NA                     <NA>                   NA           NA      <NA>               NA   <NA>    NA            NA       NA       <NA>          NA    <NA>            NA               NA      NA   <NA>       <NA>          <NA>    <NA>             <NA>                   <NA>      <NA>                     <NA>                   NA             NA          <NA>       NA       <NA>     NA    NA              NA              <NA>                 NA       NA       NA    <NA>       NA

# 2020-07-06 08:35:45 BRT: Elite configurations (first number is the configuration ID; listed from best to worst according to the sum of ranks):
    dataset  job_id cutoff metafolds           task sparse    f_eng1 f_eng2 scaling  algorithm pre_scaling extraction ext_components       selection lr_C lr_solver multi_class       C kernel rf_estimators criterion_classification criterion_regression max_features max_depth min_samples_leaf solver alpha hidden_layers neurons1 activation n_neighbors  weights ab_estimators ab_learning_rate ab_loss whiten svd_solver ica_algorithm ica_fun dl_fit_algorithm dl_transform_algorithm    sel_model sel_score_classification sel_score_regression sel_percentile sel_threshold max_iter lr_penalty degree gamma max_depth_value mlp_learning_rate learning_rate_init neurons2 neurons3 lr_dual
38 cifar100 1554142     20         1 classification  False      None   None   False        SVM        <NA>       <NA>             NA            <NA>   NA      <NA>        <NA>  1.3941 linear            NA                     <NA>                   NA           NA      <NA>               NA   <NA>    NA            NA       NA       <NA>          NA     <NA>            NA               NA      NA   <NA>       <NA>          <NA>    <NA>             <NA>                   <NA>         <NA>                     <NA>                   NA             NA          <NA>       NA       <NA>     NA    NA              NA              <NA>                 NA       NA       NA    <NA>
81 cifar100 1554142     20         1 classification  False Selection   None   False        SVM        True       <NA>             NA SelectFromModel   NA      <NA>        <NA> -3.2247 linear            NA                     <NA>                   NA           NA      <NA>               NA   <NA>    NA            NA       NA       <NA>          NA     <NA>            NA               NA      NA   <NA>       <NA>          <NA>    <NA>             <NA>                   <NA> RandomForest                     <NA>                   NA             NA          mean       NA       <NA>     NA    NA              NA              <NA>                 NA       NA       NA    <NA>
61 cifar100 1554142     20         1 classification  False      None   None    True KNeighbors        <NA>       <NA>             NA            <NA>   NA      <NA>        <NA>      NA   <NA>            NA                     <NA>                   NA           NA      <NA>               NA   <NA>    NA            NA       NA       <NA>          99 distance            NA               NA      NA   <NA>       <NA>          <NA>    <NA>             <NA>                   <NA>         <NA>                     <NA>                   NA             NA          <NA>       NA       <NA>     NA    NA              NA              <NA>                 NA       NA       NA    <NA>
# 2020-07-06 08:35:45 BRT: Iteration 3 of 7
# experimentsUsedSoFar: 441
# remainingBudget: 1559
# currentBudget: 311
# nbConfigurations: 41
  Markers:
     x No test is performed.
     - The test is performed and some configurations are discarded.
     = The test is performed but no configuration is discarded.
     ! The test is performed and configurations could be discarded but elite configurations are preserved.
     . All alive configurations are elite and nothing is discarded

+-+-----------+-----------+-----------+---------------+-----------+--------+-----+----+------+
| |   Instance|      Alive|       Best|      Mean best| Exp so far|  W time|  rho|KenW|  Qvar|
+-+-----------+-----------+-----------+---------------+-----------+--------+-----+----+------+
|x|          7|         41|        121|  -0.1048000000|         41|00:38:37|   NA|  NA|    NA|
|x|          4|         41|         81|  -0.1056000000|         79|00:34:24|+0.66|0.83|0.2144|
|x|          1|         41|         81|  -0.1089333333|        117|00:34:27|+0.77|0.85|0.1431|
|x|          5|         41|         81|  -0.1108000000|        155|00:34:30|+0.82|0.86|0.1164|
|!|          2|          7|         81|  -0.1085600000|        195|00:37:45|+0.67|0.74|0.5502|
+-+-----------+-----------+-----------+---------------+-----------+--------+-----+----+------+
Best-so-far configuration:          81    mean value:   -0.1100571429
Description of the best-so-far configuration:
   .ID.  dataset  job_id cutoff metafolds           task sparse    f_eng1 f_eng2 scaling algorithm pre_scaling extraction ext_components       selection lr_C lr_solver multi_class       C kernel rf_estimators criterion_classification criterion_regression max_features max_depth min_samples_leaf solver alpha hidden_layers neurons1 activation n_neighbors weights ab_estimators ab_learning_rate ab_loss whiten svd_solver ica_algorithm ica_fun dl_fit_algorithm dl_transform_algorithm    sel_model sel_score_classification sel_score_regression sel_percentile sel_threshold max_iter lr_penalty degree gamma max_depth_value mlp_learning_rate learning_rate_init neurons2 neurons3 lr_dual .PARENT.
81   81 cifar100 1554142     20         1 classification  False Selection   None   False       SVM        True       <NA>             NA SelectFromModel   NA      <NA>        <NA> -3.2247 linear            NA                     <NA>                   NA           NA      <NA>               NA   <NA>    NA            NA       NA       <NA>          NA    <NA>            NA               NA      NA   <NA>       <NA>          <NA>    <NA>             <NA>                   <NA> RandomForest                     <NA>                   NA             NA          mean       NA       <NA>     NA    NA              NA              <NA>                 NA       NA       NA    <NA>       38

# 2020-07-06 11:35:32 BRT: Elite configurations (first number is the configuration ID; listed from best to worst according to the sum of ranks):
     dataset  job_id cutoff metafolds           task sparse    f_eng1    f_eng2 scaling  algorithm pre_scaling extraction ext_components        selection lr_C lr_solver multi_class       C kernel rf_estimators criterion_classification criterion_regression max_features max_depth min_samples_leaf solver alpha hidden_layers neurons1 activation n_neighbors  weights ab_estimators ab_learning_rate ab_loss whiten svd_solver ica_algorithm ica_fun dl_fit_algorithm dl_transform_algorithm    sel_model sel_score_classification sel_score_regression sel_percentile sel_threshold max_iter lr_penalty degree gamma max_depth_value mlp_learning_rate learning_rate_init neurons2 neurons3 lr_dual
81  cifar100 1554142     20         1 classification  False Selection      None   False        SVM        True       <NA>             NA  SelectFromModel   NA      <NA>        <NA> -3.2247 linear            NA                     <NA>                   NA           NA      <NA>               NA   <NA>    NA            NA       NA       <NA>          NA     <NA>            NA               NA      NA   <NA>       <NA>          <NA>    <NA>             <NA>                   <NA> RandomForest                     <NA>                   NA             NA          mean       NA       <NA>     NA    NA              NA              <NA>                 NA       NA       NA    <NA>
38  cifar100 1554142     20         1 classification  False      None      None   False        SVM        <NA>       <NA>             NA             <NA>   NA      <NA>        <NA>  1.3941 linear            NA                     <NA>                   NA           NA      <NA>               NA   <NA>    NA            NA       NA       <NA>          NA     <NA>            NA               NA      NA   <NA>       <NA>          <NA>    <NA>             <NA>                   <NA>         <NA>                     <NA>                   NA             NA          <NA>       NA       <NA>     NA    NA              NA              <NA>                 NA       NA       NA    <NA>
61  cifar100 1554142     20         1 classification  False      None      None    True KNeighbors        <NA>       <NA>             NA             <NA>   NA      <NA>        <NA>      NA   <NA>            NA                     <NA>                   NA           NA      <NA>               NA   <NA>    NA            NA       NA       <NA>          99 distance            NA               NA      NA   <NA>       <NA>          <NA>    <NA>             <NA>                   <NA>         <NA>                     <NA>                   NA             NA          <NA>       NA       <NA>     NA    NA              NA              <NA>                 NA       NA       NA    <NA>
90  cifar100 1554142     20         1 classification  False      None Selection    True        SVM       False       <NA>             NA SelectPercentile   NA      <NA>        <NA>  2.1966 linear            NA                     <NA>                   NA           NA      <NA>               NA   <NA>    NA            NA       NA       <NA>          NA     <NA>            NA               NA      NA   <NA>       <NA>          <NA>    <NA>             <NA>                   <NA>         <NA>                f_classif                   NA             32          <NA>       NA       <NA>     NA    NA              NA              <NA>                 NA       NA       NA    <NA>
95  cifar100 1554142     20         1 classification  False Selection      None   False        SVM        True       <NA>             NA  SelectFromModel   NA      <NA>        <NA> -3.9981 linear            NA                     <NA>                   NA           NA      <NA>               NA   <NA>    NA            NA       NA       <NA>          NA     <NA>            NA               NA      NA   <NA>       <NA>          <NA>    <NA>             <NA>                   <NA> RandomForest                     <NA>                   NA             NA          mean       NA       <NA>     NA    NA              NA              <NA>                 NA       NA       NA    <NA>
112 cifar100 1554142     20         1 classification  False      None      None    True KNeighbors        <NA>       <NA>             NA             <NA>   NA      <NA>        <NA>      NA   <NA>            NA                     <NA>                   NA           NA      <NA>               NA   <NA>    NA            NA       NA       <NA>           3 distance            NA               NA      NA   <NA>       <NA>          <NA>    <NA>             <NA>                   <NA>         <NA>                     <NA>                   NA             NA          <NA>       NA       <NA>     NA    NA              NA              <NA>                 NA       NA       NA    <NA>
124 cifar100 1554142     20         1 classification  False      None      None   False KNeighbors        <NA>       <NA>             NA             <NA>   NA      <NA>        <NA>      NA   <NA>            NA                     <NA>                   NA           NA      <NA>               NA   <NA>    NA            NA       NA       <NA>          80 distance            NA               NA      NA   <NA>       <NA>          <NA>    <NA>             <NA>                   <NA>         <NA>                     <NA>                   NA             NA          <NA>       NA       <NA>     NA    NA              NA              <NA>                 NA       NA       NA    <NA>
# 2020-07-06 11:35:32 BRT: Iteration 4 of 7
# experimentsUsedSoFar: 636
# remainingBudget: 1364
# currentBudget: 341
# nbConfigurations: 43
  Markers:
     x No test is performed.
     - The test is performed and some configurations are discarded.
     = The test is performed but no configuration is discarded.
     ! The test is performed and configurations could be discarded but elite configurations are preserved.
     . All alive configurations are elite and nothing is discarded

+-+-----------+-----------+-----------+---------------+-----------+--------+-----+----+------+
| |   Instance|      Alive|       Best|      Mean best| Exp so far|  W time|  rho|KenW|  Qvar|
+-+-----------+-----------+-----------+---------------+-----------+--------+-----+----+------+
|x|          8|         43|         38|  -0.1192000000|         43|00:25:24|   NA|  NA|    NA|
|x|          6|         43|        149|  -0.1184000000|         83|00:25:09|+0.90|0.95|0.0481|
|x|          7|         43|        136|  -0.1145333333|        119|00:25:09|+0.93|0.95|0.0320|
|x|          3|         43|        136|  -0.1149000000|        159|00:25:10|+0.94|0.95|0.0320|
|!|          4|         14|        136|  -0.1130400000|        195|00:25:10|+0.66|0.73|0.6760|
|-|          5|         14|        149|  -0.1119333333|        202|00:02:55|+0.65|0.71|0.6048|
|-|          1|         14|        132|  -0.1119428571|        209|00:02:52|+0.67|0.71|0.5416|
|!|          2|          8|        149|  -0.1115500000|        216|00:02:58|-0.04|0.09|0.9099|
|=|          9|          8|        147|  -0.1124444444|        224|00:02:55|+0.00|0.11|0.8616|
|=|         10|          8|        132|  -0.1124400000|        232|00:02:54|+0.03|0.13|0.8429|
+-+-----------+-----------+-----------+---------------+-----------+--------+-----+----+------+
Best-so-far configuration:         132    mean value:   -0.1124400000
Description of the best-so-far configuration:
    .ID.  dataset  job_id cutoff metafolds           task sparse f_eng1 f_eng2 scaling algorithm pre_scaling extraction ext_components selection lr_C lr_solver multi_class       C kernel rf_estimators criterion_classification criterion_regression max_features max_depth min_samples_leaf solver alpha hidden_layers neurons1 activation n_neighbors weights ab_estimators ab_learning_rate ab_loss whiten svd_solver ica_algorithm ica_fun dl_fit_algorithm dl_transform_algorithm sel_model sel_score_classification sel_score_regression sel_percentile sel_threshold max_iter lr_penalty degree gamma max_depth_value mlp_learning_rate learning_rate_init neurons2 neurons3 lr_dual .PARENT.
132  132 cifar100 1554142     20         1 classification  False   None   None    True       SVM        <NA>       <NA>             NA      <NA>   NA      <NA>        <NA> -1.8352 linear            NA                     <NA>                   NA           NA      <NA>               NA   <NA>    NA            NA       NA       <NA>          NA    <NA>            NA               NA      NA   <NA>       <NA>          <NA>    <NA>             <NA>                   <NA>      <NA>                     <NA>                   NA             NA          <NA>       NA       <NA>     NA    NA              NA              <NA>                 NA       NA       NA    <NA>       95

# 2020-07-06 13:56:15 BRT: Elite configurations (first number is the configuration ID; listed from best to worst according to the sum of ranks):
     dataset  job_id cutoff metafolds           task sparse    f_eng1 f_eng2 scaling algorithm pre_scaling extraction ext_components       selection lr_C lr_solver multi_class       C kernel rf_estimators criterion_classification criterion_regression max_features max_depth min_samples_leaf solver alpha hidden_layers neurons1 activation n_neighbors weights ab_estimators ab_learning_rate ab_loss whiten svd_solver ica_algorithm ica_fun dl_fit_algorithm dl_transform_algorithm    sel_model sel_score_classification sel_score_regression sel_percentile sel_threshold max_iter lr_penalty degree gamma max_depth_value mlp_learning_rate learning_rate_init neurons2 neurons3 lr_dual
132 cifar100 1554142     20         1 classification  False      None   None    True       SVM        <NA>       <NA>             NA            <NA>   NA      <NA>        <NA> -1.8352 linear            NA                     <NA>                   NA           NA      <NA>               NA   <NA>    NA            NA       NA       <NA>          NA    <NA>            NA               NA      NA   <NA>       <NA>          <NA>    <NA>             <NA>                   <NA>         <NA>                     <NA>                   NA             NA          <NA>       NA       <NA>     NA    NA              NA              <NA>                 NA       NA       NA    <NA>
149 cifar100 1554142     20         1 classification  False      None   None   False       SVM        <NA>       <NA>             NA            <NA>   NA      <NA>        <NA>  2.8652 linear            NA                     <NA>                   NA           NA      <NA>               NA   <NA>    NA            NA       NA       <NA>          NA    <NA>            NA               NA      NA   <NA>       <NA>          <NA>    <NA>             <NA>                   <NA>         <NA>                     <NA>                   NA             NA          <NA>       NA       <NA>     NA    NA              NA              <NA>                 NA       NA       NA    <NA>
152 cifar100 1554142     20         1 classification  False      None   None   False       SVM        <NA>       <NA>             NA            <NA>   NA      <NA>        <NA> -3.7441 linear            NA                     <NA>                   NA           NA      <NA>               NA   <NA>    NA            NA       NA       <NA>          NA    <NA>            NA               NA      NA   <NA>       <NA>          <NA>    <NA>             <NA>                   <NA>         <NA>                     <NA>                   NA             NA          <NA>       NA       <NA>     NA    NA              NA              <NA>                 NA       NA       NA    <NA>
153 cifar100 1554142     20         1 classification  False      None   None   False       SVM        <NA>       <NA>             NA            <NA>   NA      <NA>        <NA>  0.1008 linear            NA                     <NA>                   NA           NA      <NA>               NA   <NA>    NA            NA       NA       <NA>          NA    <NA>            NA               NA      NA   <NA>       <NA>          <NA>    <NA>             <NA>                   <NA>         <NA>                     <NA>                   NA             NA          <NA>       NA       <NA>     NA    NA              NA              <NA>                 NA       NA       NA    <NA>
159 cifar100 1554142     20         1 classification  False      None   None   False       SVM        <NA>       <NA>             NA            <NA>   NA      <NA>        <NA> -3.3959 linear            NA                     <NA>                   NA           NA      <NA>               NA   <NA>    NA            NA       NA       <NA>          NA    <NA>            NA               NA      NA   <NA>       <NA>          <NA>    <NA>             <NA>                   <NA>         <NA>                     <NA>                   NA             NA          <NA>       NA       <NA>     NA    NA              NA              <NA>                 NA       NA       NA    <NA>
136 cifar100 1554142     20         1 classification  False      None   None    True       SVM        <NA>       <NA>             NA            <NA>   NA      <NA>        <NA>  0.6587 linear            NA                     <NA>                   NA           NA      <NA>               NA   <NA>    NA            NA       NA       <NA>          NA    <NA>            NA               NA      NA   <NA>       <NA>          <NA>    <NA>             <NA>                   <NA>         <NA>                     <NA>                   NA             NA          <NA>       NA       <NA>     NA    NA              NA              <NA>                 NA       NA       NA    <NA>
147 cifar100 1554142     20         1 classification  False Selection   None   False       SVM        True       <NA>             NA SelectFromModel   NA      <NA>        <NA> -3.2020 linear            NA                     <NA>                   NA           NA      <NA>               NA   <NA>    NA            NA       NA       <NA>          NA    <NA>            NA               NA      NA   <NA>       <NA>          <NA>    <NA>             <NA>                   <NA> RandomForest                     <NA>                   NA             NA          mean       NA       <NA>     NA    NA              NA              <NA>                 NA       NA       NA    <NA>
# 2020-07-06 13:56:15 BRT: Iteration 5 of 7
# experimentsUsedSoFar: 868
# remainingBudget: 1132
# currentBudget: 377
# nbConfigurations: 40
  Markers:
     x No test is performed.
     - The test is performed and some configurations are discarded.
     = The test is performed but no configuration is discarded.
     ! The test is performed and configurations could be discarded but elite configurations are preserved.
     . All alive configurations are elite and nothing is discarded

+-+-----------+-----------+-----------+---------------+-----------+--------+-----+----+------+
| |   Instance|      Alive|       Best|      Mean best| Exp so far|  W time|  rho|KenW|  Qvar|
+-+-----------+-----------+-----------+---------------+-----------+--------+-----+----+------+
|x|         11|         40|        147|  -0.1208000000|         40|00:20:00|   NA|  NA|    NA|
|x|          6|         40|        136|  -0.1150000000|         73|00:20:00|+0.51|0.75|0.0000|
|x|          9|         40|        147|  -0.1161333333|        106|00:20:00|+0.67|0.78|0.0000|
|x|          3|         40|        147|  -0.1161000000|        139|00:20:00|+0.68|0.76|0.0000|
|!|         10|         28|        136|  -0.1166400000|        172|00:20:00|-0.20|0.04|1.1031|
|=|          7|         28|        136|  -0.1148666667|        193|00:03:59|-0.08|0.10|1.0332|
|=|          4|         28|        136|  -0.1135428571|        214|00:04:27|-0.13|0.03|1.0942|
|=|          2|         28|        149|  -0.1126000000|        235|00:04:00|-0.13|0.01|1.0934|
|=|          8|         28|        149|  -0.1133333333|        256|00:04:17|-0.09|0.03|1.0531|
|=|          5|         28|        149|  -0.1124000000|        277|00:03:44|-0.06|0.04|1.0407|
|=|          1|         28|        149|  -0.1125454545|        298|00:04:19|-0.08|0.02|1.0272|
|=|         12|         28|        149|  -0.1127333333|        326|00:04:29|-0.06|0.03|1.0374|
+-+-----------+-----------+-----------+---------------+-----------+--------+-----+----+------+
Best-so-far configuration:         149    mean value:   -0.1127333333
Description of the best-so-far configuration:
    .ID.  dataset  job_id cutoff metafolds           task sparse f_eng1 f_eng2 scaling algorithm pre_scaling extraction ext_components selection lr_C lr_solver multi_class      C kernel rf_estimators criterion_classification criterion_regression max_features max_depth min_samples_leaf solver alpha hidden_layers neurons1 activation n_neighbors weights ab_estimators ab_learning_rate ab_loss whiten svd_solver ica_algorithm ica_fun dl_fit_algorithm dl_transform_algorithm sel_model sel_score_classification sel_score_regression sel_percentile sel_threshold max_iter lr_penalty degree gamma max_depth_value mlp_learning_rate learning_rate_init neurons2 neurons3 lr_dual .PARENT.
149  149 cifar100 1554142     20         1 classification  False   None   None   False       SVM        <NA>       <NA>             NA      <NA>   NA      <NA>        <NA> 2.8652 linear            NA                     <NA>                   NA           NA      <NA>               NA   <NA>    NA            NA       NA       <NA>          NA    <NA>            NA               NA      NA   <NA>       <NA>          <NA>    <NA>             <NA>                   <NA>      <NA>                     <NA>                   NA             NA          <NA>       NA       <NA>     NA    NA              NA              <NA>                 NA       NA       NA    <NA>       38

# 2020-07-06 16:05:37 BRT: Elite configurations (first number is the configuration ID; listed from best to worst according to the sum of ranks):
     dataset  job_id cutoff metafolds           task sparse f_eng1 f_eng2 scaling algorithm pre_scaling extraction ext_components selection lr_C lr_solver multi_class       C kernel rf_estimators criterion_classification criterion_regression max_features max_depth min_samples_leaf solver alpha hidden_layers neurons1 activation n_neighbors weights ab_estimators ab_learning_rate ab_loss whiten svd_solver ica_algorithm ica_fun dl_fit_algorithm dl_transform_algorithm sel_model sel_score_classification sel_score_regression sel_percentile sel_threshold max_iter lr_penalty degree gamma max_depth_value mlp_learning_rate learning_rate_init neurons2 neurons3 lr_dual
149 cifar100 1554142     20         1 classification  False   None   None   False       SVM        <NA>       <NA>             NA      <NA>   NA      <NA>        <NA>  2.8652 linear            NA                     <NA>                   NA           NA      <NA>               NA   <NA>    NA            NA       NA       <NA>          NA    <NA>            NA               NA      NA   <NA>       <NA>          <NA>    <NA>             <NA>                   <NA>      <NA>                     <NA>                   NA             NA          <NA>       NA       <NA>     NA    NA              NA              <NA>                 NA       NA       NA    <NA>
152 cifar100 1554142     20         1 classification  False   None   None   False       SVM        <NA>       <NA>             NA      <NA>   NA      <NA>        <NA> -3.7441 linear            NA                     <NA>                   NA           NA      <NA>               NA   <NA>    NA            NA       NA       <NA>          NA    <NA>            NA               NA      NA   <NA>       <NA>          <NA>    <NA>             <NA>                   <NA>      <NA>                     <NA>                   NA             NA          <NA>       NA       <NA>     NA    NA              NA              <NA>                 NA       NA       NA    <NA>
153 cifar100 1554142     20         1 classification  False   None   None   False       SVM        <NA>       <NA>             NA      <NA>   NA      <NA>        <NA>  0.1008 linear            NA                     <NA>                   NA           NA      <NA>               NA   <NA>    NA            NA       NA       <NA>          NA    <NA>            NA               NA      NA   <NA>       <NA>          <NA>    <NA>             <NA>                   <NA>      <NA>                     <NA>                   NA             NA          <NA>       NA       <NA>     NA    NA              NA              <NA>                 NA       NA       NA    <NA>
159 cifar100 1554142     20         1 classification  False   None   None   False       SVM        <NA>       <NA>             NA      <NA>   NA      <NA>        <NA> -3.3959 linear            NA                     <NA>                   NA           NA      <NA>               NA   <NA>    NA            NA       NA       <NA>          NA    <NA>            NA               NA      NA   <NA>       <NA>          <NA>    <NA>             <NA>                   <NA>      <NA>                     <NA>                   NA             NA          <NA>       NA       <NA>     NA    NA              NA              <NA>                 NA       NA       NA    <NA>
163 cifar100 1554142     20         1 classification  False   None   None   False       SVM        <NA>       <NA>             NA      <NA>   NA      <NA>        <NA>  0.1232 linear            NA                     <NA>                   NA           NA      <NA>               NA   <NA>    NA            NA       NA       <NA>          NA    <NA>            NA               NA      NA   <NA>       <NA>          <NA>    <NA>             <NA>                   <NA>      <NA>                     <NA>                   NA             NA          <NA>       NA       <NA>     NA    NA              NA              <NA>                 NA       NA       NA    <NA>
164 cifar100 1554142     20         1 classification  False   None   None   False       SVM        <NA>       <NA>             NA      <NA>   NA      <NA>        <NA> -2.2510 linear            NA                     <NA>                   NA           NA      <NA>               NA   <NA>    NA            NA       NA       <NA>          NA    <NA>            NA               NA      NA   <NA>       <NA>          <NA>    <NA>             <NA>                   <NA>      <NA>                     <NA>                   NA             NA          <NA>       NA       <NA>     NA    NA              NA              <NA>                 NA       NA       NA    <NA>
165 cifar100 1554142     20         1 classification  False   None   None   False       SVM        <NA>       <NA>             NA      <NA>   NA      <NA>        <NA> -3.8585 linear            NA                     <NA>                   NA           NA      <NA>               NA   <NA>    NA            NA       NA       <NA>          NA    <NA>            NA               NA      NA   <NA>       <NA>          <NA>    <NA>             <NA>                   <NA>      <NA>                     <NA>                   NA             NA          <NA>       NA       <NA>     NA    NA              NA              <NA>                 NA       NA       NA    <NA>
# 2020-07-06 16:05:37 BRT: Iteration 6 of 7
# experimentsUsedSoFar: 1194
# remainingBudget: 806
# currentBudget: 403
# nbConfigurations: 37
  Markers:
     x No test is performed.
     - The test is performed and some configurations are discarded.
     = The test is performed but no configuration is discarded.
     ! The test is performed and configurations could be discarded but elite configurations are preserved.
     . All alive configurations are elite and nothing is discarded

+-+-----------+-----------+-----------+---------------+-----------+--------+-----+----+------+
| |   Instance|      Alive|       Best|      Mean best| Exp so far|  W time|  rho|KenW|  Qvar|
+-+-----------+-----------+-----------+---------------+-----------+--------+-----+----+------+
|x|         13|         37|        209|  -0.1092000000|         37|00:20:01|   NA|  NA|    NA|
|x|          9|         37|        149|  -0.1088000000|         67|00:20:01|+0.37|0.69|0.0000|
|x|          8|         37|        149|  -0.1122666667|         97|00:20:01|+0.58|0.72|0.0000|
|x|         12|         37|        149|  -0.1129000000|        127|00:20:01|+0.69|0.76|0.0000|
|!|          1|         35|        149|  -0.1131200000|        157|00:20:01|-0.20|0.04|1.1657|
|=|          7|         35|        149|  -0.1117333333|        185|00:03:37|-0.20|0.00|1.1657|
|=|          5|         35|        149|  -0.1106285714|        213|00:03:37|-0.14|0.02|1.1102|
|=|          6|         35|        149|  -0.1115000000|        241|00:03:37|-0.14|0.00|1.1102|
|=|          3|         35|        209|  -0.1125333333|        269|00:03:41|-0.11|0.01|1.0794|
|=|          2|         35|        149|  -0.1113600000|        297|00:03:41|-0.11|0.00|1.0794|
|=|         10|         35|        209|  -0.1129454545|        325|00:03:36|-0.09|0.01|1.0597|
|=|         11|         35|        149|  -0.1121666667|        353|00:03:38|-0.09|0.00|1.0597|
|=|          4|         35|        149|  -0.1120923077|        381|00:03:36|-0.08|0.01|1.0462|
+-+-----------+-----------+-----------+---------------+-----------+--------+-----+----+------+
Best-so-far configuration:         149    mean value:   -0.1120923077
Description of the best-so-far configuration:
    .ID.  dataset  job_id cutoff metafolds           task sparse f_eng1 f_eng2 scaling algorithm pre_scaling extraction ext_components selection lr_C lr_solver multi_class      C kernel rf_estimators criterion_classification criterion_regression max_features max_depth min_samples_leaf solver alpha hidden_layers neurons1 activation n_neighbors weights ab_estimators ab_learning_rate ab_loss whiten svd_solver ica_algorithm ica_fun dl_fit_algorithm dl_transform_algorithm sel_model sel_score_classification sel_score_regression sel_percentile sel_threshold max_iter lr_penalty degree gamma max_depth_value mlp_learning_rate learning_rate_init neurons2 neurons3 lr_dual .PARENT.
149  149 cifar100 1554142     20         1 classification  False   None   None   False       SVM        <NA>       <NA>             NA      <NA>   NA      <NA>        <NA> 2.8652 linear            NA                     <NA>                   NA           NA      <NA>               NA   <NA>    NA            NA       NA       <NA>          NA    <NA>            NA               NA      NA   <NA>       <NA>          <NA>    <NA>             <NA>                   <NA>      <NA>                     <NA>                   NA             NA          <NA>       NA       <NA>     NA    NA              NA              <NA>                 NA       NA       NA    <NA>       38

# 2020-07-06 18:14:51 BRT: Elite configurations (first number is the configuration ID; listed from best to worst according to the sum of ranks):
     dataset  job_id cutoff metafolds           task sparse f_eng1 f_eng2 scaling algorithm pre_scaling extraction ext_components selection lr_C lr_solver multi_class       C kernel rf_estimators criterion_classification criterion_regression max_features max_depth min_samples_leaf solver alpha hidden_layers neurons1 activation n_neighbors weights ab_estimators ab_learning_rate ab_loss whiten svd_solver ica_algorithm ica_fun dl_fit_algorithm dl_transform_algorithm sel_model sel_score_classification sel_score_regression sel_percentile sel_threshold max_iter lr_penalty degree gamma max_depth_value mlp_learning_rate learning_rate_init neurons2 neurons3 lr_dual
149 cifar100 1554142     20         1 classification  False   None   None   False       SVM        <NA>       <NA>             NA      <NA>   NA      <NA>        <NA>  2.8652 linear            NA                     <NA>                   NA           NA      <NA>               NA   <NA>    NA            NA       NA       <NA>          NA    <NA>            NA               NA      NA   <NA>       <NA>          <NA>    <NA>             <NA>                   <NA>      <NA>                     <NA>                   NA             NA          <NA>       NA       <NA>     NA    NA              NA              <NA>                 NA       NA       NA    <NA>
152 cifar100 1554142     20         1 classification  False   None   None   False       SVM        <NA>       <NA>             NA      <NA>   NA      <NA>        <NA> -3.7441 linear            NA                     <NA>                   NA           NA      <NA>               NA   <NA>    NA            NA       NA       <NA>          NA    <NA>            NA               NA      NA   <NA>       <NA>          <NA>    <NA>             <NA>                   <NA>      <NA>                     <NA>                   NA             NA          <NA>       NA       <NA>     NA    NA              NA              <NA>                 NA       NA       NA    <NA>
153 cifar100 1554142     20         1 classification  False   None   None   False       SVM        <NA>       <NA>             NA      <NA>   NA      <NA>        <NA>  0.1008 linear            NA                     <NA>                   NA           NA      <NA>               NA   <NA>    NA            NA       NA       <NA>          NA    <NA>            NA               NA      NA   <NA>       <NA>          <NA>    <NA>             <NA>                   <NA>      <NA>                     <NA>                   NA             NA          <NA>       NA       <NA>     NA    NA              NA              <NA>                 NA       NA       NA    <NA>
159 cifar100 1554142     20         1 classification  False   None   None   False       SVM        <NA>       <NA>             NA      <NA>   NA      <NA>        <NA> -3.3959 linear            NA                     <NA>                   NA           NA      <NA>               NA   <NA>    NA            NA       NA       <NA>          NA    <NA>            NA               NA      NA   <NA>       <NA>          <NA>    <NA>             <NA>                   <NA>      <NA>                     <NA>                   NA             NA          <NA>       NA       <NA>     NA    NA              NA              <NA>                 NA       NA       NA    <NA>
163 cifar100 1554142     20         1 classification  False   None   None   False       SVM        <NA>       <NA>             NA      <NA>   NA      <NA>        <NA>  0.1232 linear            NA                     <NA>                   NA           NA      <NA>               NA   <NA>    NA            NA       NA       <NA>          NA    <NA>            NA               NA      NA   <NA>       <NA>          <NA>    <NA>             <NA>                   <NA>      <NA>                     <NA>                   NA             NA          <NA>       NA       <NA>     NA    NA              NA              <NA>                 NA       NA       NA    <NA>
164 cifar100 1554142     20         1 classification  False   None   None   False       SVM        <NA>       <NA>             NA      <NA>   NA      <NA>        <NA> -2.2510 linear            NA                     <NA>                   NA           NA      <NA>               NA   <NA>    NA            NA       NA       <NA>          NA    <NA>            NA               NA      NA   <NA>       <NA>          <NA>    <NA>             <NA>                   <NA>      <NA>                     <NA>                   NA             NA          <NA>       NA       <NA>     NA    NA              NA              <NA>                 NA       NA       NA    <NA>
165 cifar100 1554142     20         1 classification  False   None   None   False       SVM        <NA>       <NA>             NA      <NA>   NA      <NA>        <NA> -3.8585 linear            NA                     <NA>                   NA           NA      <NA>               NA   <NA>    NA            NA       NA       <NA>          NA    <NA>            NA               NA      NA   <NA>       <NA>          <NA>    <NA>             <NA>                   <NA>      <NA>                     <NA>                   NA             NA          <NA>       NA       <NA>     NA    NA              NA              <NA>                 NA       NA       NA    <NA>
# 2020-07-06 18:14:51 BRT: Iteration 7 of 7
# experimentsUsedSoFar: 1575
# remainingBudget: 425
# currentBudget: 425
# nbConfigurations: 36
  Markers:
     x No test is performed.
     - The test is performed and some configurations are discarded.
     = The test is performed but no configuration is discarded.
     ! The test is performed and configurations could be discarded but elite configurations are preserved.
     . All alive configurations are elite and nothing is discarded

+-+-----------+-----------+-----------+---------------+-----------+--------+-----+----+------+
| |   Instance|      Alive|       Best|      Mean best| Exp so far|  W time|  rho|KenW|  Qvar|
+-+-----------+-----------+-----------+---------------+-----------+--------+-----+----+------+
|x|         14|         36|        149|  -0.1240000000|         36|00:18:04|   NA|  NA|    NA|
|x|          7|         36|        149|  -0.1144000000|         65|00:17:33|+1.00|1.00|0.0000|
|x|          2|         36|        149|  -0.1118666667|         94|00:17:36|+1.00|1.00|0.0000|
|x|          3|         36|        149|  -0.1126000000|        123|00:18:09|+1.00|1.00|0.0000|
|!|          5|         35|        149|  -0.1108800000|        152|00:17:45|+1.00|1.00|0.0000|
|=|          6|         35|        149|  -0.1120000000|        180|00:03:35|+1.00|1.00|0.0000|
|=|         12|         35|        149|  -0.1124000000|        208|00:03:38|+1.00|1.00|0.0000|
|=|          4|         35|        149|  -0.1122500000|        236|00:03:37|+1.00|1.00|0.0000|
|=|         11|         35|        149|  -0.1122666667|        264|00:03:37|+1.00|1.00|0.0000|
|=|          1|         35|        149|  -0.1124400000|        292|00:03:34|+1.00|1.00|0.0000|
|=|          8|         35|        149|  -0.1130545455|        320|00:03:34|+1.00|1.00|0.0000|
|=|         13|         35|        149|  -0.1123333333|        348|00:03:36|+1.00|1.00|0.0000|
|=|         10|         35|        149|  -0.1129230769|        376|00:03:38|+1.00|1.00|0.0000|
|=|          9|         35|        149|  -0.1129428571|        404|00:03:37|+1.00|1.00|0.0000|
+-+-----------+-----------+-----------+---------------+-----------+--------+-----+----+------+
Best-so-far configuration:         149    mean value:   -0.1129428571
Description of the best-so-far configuration:
    .ID.  dataset  job_id cutoff metafolds           task sparse f_eng1 f_eng2 scaling algorithm pre_scaling extraction ext_components selection lr_C lr_solver multi_class      C kernel rf_estimators criterion_classification criterion_regression max_features max_depth min_samples_leaf solver alpha hidden_layers neurons1 activation n_neighbors weights ab_estimators ab_learning_rate ab_loss whiten svd_solver ica_algorithm ica_fun dl_fit_algorithm dl_transform_algorithm sel_model sel_score_classification sel_score_regression sel_percentile sel_threshold max_iter lr_penalty degree gamma max_depth_value mlp_learning_rate learning_rate_init neurons2 neurons3 lr_dual .PARENT.
149  149 cifar100 1554142     20         1 classification  False   None   None   False       SVM        <NA>       <NA>             NA      <NA>   NA      <NA>        <NA> 2.8652 linear            NA                     <NA>                   NA           NA      <NA>               NA   <NA>    NA            NA       NA       <NA>          NA    <NA>            NA               NA      NA   <NA>       <NA>          <NA>    <NA>             <NA>                   <NA>      <NA>                     <NA>                   NA             NA          <NA>       NA       <NA>     NA    NA              NA              <NA>                 NA       NA       NA    <NA>       38

# 2020-07-06 20:16:33 BRT: Elite configurations (first number is the configuration ID; listed from best to worst according to the sum of ranks):
     dataset  job_id cutoff metafolds           task sparse f_eng1 f_eng2 scaling algorithm pre_scaling extraction ext_components selection lr_C lr_solver multi_class       C kernel rf_estimators criterion_classification criterion_regression max_features max_depth min_samples_leaf solver alpha hidden_layers neurons1 activation n_neighbors weights ab_estimators ab_learning_rate ab_loss whiten svd_solver ica_algorithm ica_fun dl_fit_algorithm dl_transform_algorithm sel_model sel_score_classification sel_score_regression sel_percentile sel_threshold max_iter lr_penalty degree gamma max_depth_value mlp_learning_rate learning_rate_init neurons2 neurons3 lr_dual
149 cifar100 1554142     20         1 classification  False   None   None   False       SVM        <NA>       <NA>             NA      <NA>   NA      <NA>        <NA>  2.8652 linear            NA                     <NA>                   NA           NA      <NA>               NA   <NA>    NA            NA       NA       <NA>          NA    <NA>            NA               NA      NA   <NA>       <NA>          <NA>    <NA>             <NA>                   <NA>      <NA>                     <NA>                   NA             NA          <NA>       NA       <NA>     NA    NA              NA              <NA>                 NA       NA       NA    <NA>
152 cifar100 1554142     20         1 classification  False   None   None   False       SVM        <NA>       <NA>             NA      <NA>   NA      <NA>        <NA> -3.7441 linear            NA                     <NA>                   NA           NA      <NA>               NA   <NA>    NA            NA       NA       <NA>          NA    <NA>            NA               NA      NA   <NA>       <NA>          <NA>    <NA>             <NA>                   <NA>      <NA>                     <NA>                   NA             NA          <NA>       NA       <NA>     NA    NA              NA              <NA>                 NA       NA       NA    <NA>
153 cifar100 1554142     20         1 classification  False   None   None   False       SVM        <NA>       <NA>             NA      <NA>   NA      <NA>        <NA>  0.1008 linear            NA                     <NA>                   NA           NA      <NA>               NA   <NA>    NA            NA       NA       <NA>          NA    <NA>            NA               NA      NA   <NA>       <NA>          <NA>    <NA>             <NA>                   <NA>      <NA>                     <NA>                   NA             NA          <NA>       NA       <NA>     NA    NA              NA              <NA>                 NA       NA       NA    <NA>
159 cifar100 1554142     20         1 classification  False   None   None   False       SVM        <NA>       <NA>             NA      <NA>   NA      <NA>        <NA> -3.3959 linear            NA                     <NA>                   NA           NA      <NA>               NA   <NA>    NA            NA       NA       <NA>          NA    <NA>            NA               NA      NA   <NA>       <NA>          <NA>    <NA>             <NA>                   <NA>      <NA>                     <NA>                   NA             NA          <NA>       NA       <NA>     NA    NA              NA              <NA>                 NA       NA       NA    <NA>
163 cifar100 1554142     20         1 classification  False   None   None   False       SVM        <NA>       <NA>             NA      <NA>   NA      <NA>        <NA>  0.1232 linear            NA                     <NA>                   NA           NA      <NA>               NA   <NA>    NA            NA       NA       <NA>          NA    <NA>            NA               NA      NA   <NA>       <NA>          <NA>    <NA>             <NA>                   <NA>      <NA>                     <NA>                   NA             NA          <NA>       NA       <NA>     NA    NA              NA              <NA>                 NA       NA       NA    <NA>
164 cifar100 1554142     20         1 classification  False   None   None   False       SVM        <NA>       <NA>             NA      <NA>   NA      <NA>        <NA> -2.2510 linear            NA                     <NA>                   NA           NA      <NA>               NA   <NA>    NA            NA       NA       <NA>          NA    <NA>            NA               NA      NA   <NA>       <NA>          <NA>    <NA>             <NA>                   <NA>      <NA>                     <NA>                   NA             NA          <NA>       NA       <NA>     NA    NA              NA              <NA>                 NA       NA       NA    <NA>
165 cifar100 1554142     20         1 classification  False   None   None   False       SVM        <NA>       <NA>             NA      <NA>   NA      <NA>        <NA> -3.8585 linear            NA                     <NA>                   NA           NA      <NA>               NA   <NA>    NA            NA       NA       <NA>          NA    <NA>            NA               NA      NA   <NA>       <NA>          <NA>    <NA>             <NA>                   <NA>      <NA>                     <NA>                   NA             NA          <NA>       NA       <NA>     NA    NA              NA              <NA>                 NA       NA       NA    <NA>
# 2020-07-06 20:16:33 BRT: Stopped because there is not enough budget left to race more than the minimum (7)
# You may either increase the budget or set 'minNbSurvival' to a lower value
# Iteration: 8
# nbIterations: 8
# experimentsUsedSoFar: 1979
# timeUsed: 0
# remainingBudget: 21
# currentBudget: 21
# number of elites: 7
# nbConfigurations: 7
# Best configurations (first number is the configuration ID; listed from best to worst according to the sum of ranks):
     dataset  job_id cutoff metafolds           task sparse f_eng1 f_eng2 scaling algorithm pre_scaling extraction ext_components selection lr_C lr_solver multi_class       C kernel rf_estimators criterion_classification criterion_regression max_features max_depth min_samples_leaf solver alpha hidden_layers neurons1 activation n_neighbors weights ab_estimators ab_learning_rate ab_loss whiten svd_solver ica_algorithm ica_fun dl_fit_algorithm dl_transform_algorithm sel_model sel_score_classification sel_score_regression sel_percentile sel_threshold max_iter lr_penalty degree gamma max_depth_value mlp_learning_rate learning_rate_init neurons2 neurons3 lr_dual
149 cifar100 1554142     20         1 classification  False   None   None   False       SVM        <NA>       <NA>             NA      <NA>   NA      <NA>        <NA>  2.8652 linear            NA                     <NA>                   NA           NA      <NA>               NA   <NA>    NA            NA       NA       <NA>          NA    <NA>            NA               NA      NA   <NA>       <NA>          <NA>    <NA>             <NA>                   <NA>      <NA>                     <NA>                   NA             NA          <NA>       NA       <NA>     NA    NA              NA              <NA>                 NA       NA       NA    <NA>
152 cifar100 1554142     20         1 classification  False   None   None   False       SVM        <NA>       <NA>             NA      <NA>   NA      <NA>        <NA> -3.7441 linear            NA                     <NA>                   NA           NA      <NA>               NA   <NA>    NA            NA       NA       <NA>          NA    <NA>            NA               NA      NA   <NA>       <NA>          <NA>    <NA>             <NA>                   <NA>      <NA>                     <NA>                   NA             NA          <NA>       NA       <NA>     NA    NA              NA              <NA>                 NA       NA       NA    <NA>
153 cifar100 1554142     20         1 classification  False   None   None   False       SVM        <NA>       <NA>             NA      <NA>   NA      <NA>        <NA>  0.1008 linear            NA                     <NA>                   NA           NA      <NA>               NA   <NA>    NA            NA       NA       <NA>          NA    <NA>            NA               NA      NA   <NA>       <NA>          <NA>    <NA>             <NA>                   <NA>      <NA>                     <NA>                   NA             NA          <NA>       NA       <NA>     NA    NA              NA              <NA>                 NA       NA       NA    <NA>
159 cifar100 1554142     20         1 classification  False   None   None   False       SVM        <NA>       <NA>             NA      <NA>   NA      <NA>        <NA> -3.3959 linear            NA                     <NA>                   NA           NA      <NA>               NA   <NA>    NA            NA       NA       <NA>          NA    <NA>            NA               NA      NA   <NA>       <NA>          <NA>    <NA>             <NA>                   <NA>      <NA>                     <NA>                   NA             NA          <NA>       NA       <NA>     NA    NA              NA              <NA>                 NA       NA       NA    <NA>
163 cifar100 1554142     20         1 classification  False   None   None   False       SVM        <NA>       <NA>             NA      <NA>   NA      <NA>        <NA>  0.1232 linear            NA                     <NA>                   NA           NA      <NA>               NA   <NA>    NA            NA       NA       <NA>          NA    <NA>            NA               NA      NA   <NA>       <NA>          <NA>    <NA>             <NA>                   <NA>      <NA>                     <NA>                   NA             NA          <NA>       NA       <NA>     NA    NA              NA              <NA>                 NA       NA       NA    <NA>
164 cifar100 1554142     20         1 classification  False   None   None   False       SVM        <NA>       <NA>             NA      <NA>   NA      <NA>        <NA> -2.2510 linear            NA                     <NA>                   NA           NA      <NA>               NA   <NA>    NA            NA       NA       <NA>          NA    <NA>            NA               NA      NA   <NA>       <NA>          <NA>    <NA>             <NA>                   <NA>      <NA>                     <NA>                   NA             NA          <NA>       NA       <NA>     NA    NA              NA              <NA>                 NA       NA       NA    <NA>
165 cifar100 1554142     20         1 classification  False   None   None   False       SVM        <NA>       <NA>             NA      <NA>   NA      <NA>        <NA> -3.8585 linear            NA                     <NA>                   NA           NA      <NA>               NA   <NA>    NA            NA       NA       <NA>          NA    <NA>            NA               NA      NA   <NA>       <NA>          <NA>    <NA>             <NA>                   <NA>      <NA>                     <NA>                   NA             NA          <NA>       NA       <NA>     NA    NA              NA              <NA>                 NA       NA       NA    <NA>
# Best configurations as commandlines (first number is the configuration ID; same order as above):
149  --dataset cifar100 --job_id 1554142 --cutoff 20 --metafolds 1 --task classification --sparse False --f_eng1 None --f_eng2 None --scaling False --algorithm SVM --C 2.8652 --kernel linear
152  --dataset cifar100 --job_id 1554142 --cutoff 20 --metafolds 1 --task classification --sparse False --f_eng1 None --f_eng2 None --scaling False --algorithm SVM --C -3.7441 --kernel linear
153  --dataset cifar100 --job_id 1554142 --cutoff 20 --metafolds 1 --task classification --sparse False --f_eng1 None --f_eng2 None --scaling False --algorithm SVM --C 0.1008 --kernel linear
159  --dataset cifar100 --job_id 1554142 --cutoff 20 --metafolds 1 --task classification --sparse False --f_eng1 None --f_eng2 None --scaling False --algorithm SVM --C -3.3959 --kernel linear
163  --dataset cifar100 --job_id 1554142 --cutoff 20 --metafolds 1 --task classification --sparse False --f_eng1 None --f_eng2 None --scaling False --algorithm SVM --C 0.1232 --kernel linear
164  --dataset cifar100 --job_id 1554142 --cutoff 20 --metafolds 1 --task classification --sparse False --f_eng1 None --f_eng2 None --scaling False --algorithm SVM --C -2.251 --kernel linear
165  --dataset cifar100 --job_id 1554142 --cutoff 20 --metafolds 1 --task classification --sparse False --f_eng1 None --f_eng2 None --scaling False --algorithm SVM --C -3.8585 --kernel linear
