Warning message:
package ‘irace’ was built under R version 3.3.3 
*******************************************************************************
* irace: An implementation in R of Iterated Race
* Version: 2.4.1844
* Copyright (C) 2010-2017
* Manuel Lopez-Ibanez     <manuel.lopez-ibanez@manchester.ac.uk>
* Jeremie Dubois-Lacoste  
* Leslie Perez Caceres    <leslie.perez.caceres@ulb.ac.be>
*
* This is free software, and you are welcome to redistribute it under certain
* conditions.  See the GNU General Public License for details. There is NO
* WARRANTY; not even for MERCHANTABILITY or FITNESS FOR A PARTICULAR PURPOSE.
*
* irace builds upon previous code from the race package:
*
* race: Racing methods for the selection of the best
* Copyright (C) 2003 Mauro Birattari
*******************************************************************************
# installed at: /home/cemvieira/bin/R/irace
# called with: -s scenario.txt -p mnist/parameters.txt --parallel 32 --train-instances-file mnist/instances.txt --log-file ./output/mnist_irace.Rdata
# 2 expression(s) specifying forbidden configurations read from '/home/cemvieira/isklearn/forbidden.txt'
# 2018-05-04 22:09:28 BRT: Initialization
# Elitist race
# Elitist new instances: 1
# Elitist limit: 2
# nbIterations: 6
# minNbSurvival: 6
# nbParameters: 28
# seed: 726305681
# confidence level: 0.95
# budget: 1000
# mu: 5
# deterministic: TRUE

# 2018-05-04 22:09:28 BRT: Iteration 1 of 6
# experimentsUsedSoFar: 0
# remainingBudget: 1000
# currentBudget: 166
# nbConfigurations: 27
  Markers:
     x No test is performed.
     - The test is performed and some configurations are discarded.
     = The test is performed but no configuration is discarded.
     ! The test is performed and configurations could be discarded but elite configurations are preserved.
                                                                   
+-+-----------+-----------+-----------+---------------+-----------+--------+-----+----+------+
| |   Instance|      Alive|       Best|      Mean best| Exp so far|  W time|  rho|KenW|  Qvar|
+-+-----------+-----------+-----------+---------------+-----------+--------+-----+----+------+
|x|          1|         27|          1|  -0.9067365086|         27|00:15:00|   NA|  NA|    NA|
|x|          2|         27|          1|  -0.9094862404|         54|00:15:00|+1.00|1.00|0.0000|
|x|          3|         27|          1|  -0.9070019655|         81|00:15:00|+1.00|1.00|0.0000|
|x|          4|         27|          1|  -0.9075340963|        108|00:15:00|+1.00|1.00|0.0000|
|-|          5|          2|          1|  -0.9080495639|        135|00:15:00|-0.20|0.04|0.6000|
+-+-----------+-----------+-----------+---------------+-----------+--------+-----+----+------+
Best configuration:           1    mean value:   -0.9080495639
Description of the best configuration:
  .ID. dataset    f_eng1 f_eng2 scaling algorithm pre_scaling extraction        selection    C kernel max_features rf_estimators max_depth min_samples_leaf solver alpha hidden_layers neurons1 activation n_neighbors weights sel_score sel_percentile sel_threshold degree gamma max_depth_value learning_rate_init neurons2 neurons3 .PARENT.
1    1   mnist Selection   None    True       SVM       False         NA SelectPercentile 2.29   poly           NA            NA      <NA>               NA   <NA>    NA            NA       NA       <NA>          NA    <NA>      chi2             83          <NA>      4 -3.94              NA                 NA       NA       NA       NA

# 2018-05-04 23:24:30 BRT: Elite configurations (first number is the configuration ID; listed from best to worst according to the sum of ranks):
   dataset    f_eng1 f_eng2 scaling  algorithm pre_scaling extraction        selection    C kernel max_features rf_estimators max_depth min_samples_leaf solver alpha hidden_layers neurons1 activation n_neighbors weights sel_score sel_percentile sel_threshold degree gamma max_depth_value learning_rate_init neurons2 neurons3
1    mnist Selection   None    True        SVM       False         NA SelectPercentile 2.29   poly           NA            NA      <NA>               NA   <NA>    NA            NA       NA       <NA>          NA    <NA>      chi2             83          <NA>      4 -3.94              NA                 NA       NA       NA
25   mnist      None   None   False KNeighbors        <NA>         NA             <NA>   NA   <NA>           NA            NA      <NA>               NA   <NA>    NA            NA       NA       <NA>           4 uniform      <NA>             NA          <NA>     NA    NA              NA                 NA       NA       NA
# 2018-05-04 23:24:30 BRT: Iteration 2 of 6
# experimentsUsedSoFar: 135
# remainingBudget: 865
# currentBudget: 173
# nbConfigurations: 26
  Markers:
     x No test is performed.
     - The test is performed and some configurations are discarded.
     = The test is performed but no configuration is discarded.
     ! The test is performed and configurations could be discarded but elite configurations are preserved.
                                                                   
+-+-----------+-----------+-----------+---------------+-----------+--------+-----+----+------+
| |   Instance|      Alive|       Best|      Mean best| Exp so far|  W time|  rho|KenW|  Qvar|
+-+-----------+-----------+-----------+---------------+-----------+--------+-----+----+------+
|x|          6|         26|          1|  -0.9092833880|         26|00:15:00|   NA|  NA|    NA|
|x|          3|         26|          1|  -0.9056584019|         50|00:15:00|+0.96|0.98|0.1488|
|x|          1|         26|          1|  -0.9060177708|         74|00:15:00|+0.96|0.98|0.1478|
|x|          2|         26|          1|  -0.9075723211|         98|00:15:00|+0.97|0.98|0.1230|
|-|          5|          3|          1|  -0.9080801438|        122|00:15:03|+0.35|0.48|0.2656|
+-+-----------+-----------+-----------+---------------+-----------+--------+-----+----+------+
Best configuration:           1    mean value:   -0.9080801438
Description of the best configuration:
  .ID. dataset    f_eng1 f_eng2 scaling algorithm pre_scaling extraction        selection    C kernel max_features rf_estimators max_depth min_samples_leaf solver alpha hidden_layers neurons1 activation n_neighbors weights sel_score sel_percentile sel_threshold degree gamma max_depth_value learning_rate_init neurons2 neurons3 .PARENT.
1    1   mnist Selection   None    True       SVM       False         NA SelectPercentile 2.29   poly           NA            NA      <NA>               NA   <NA>    NA            NA       NA       <NA>          NA    <NA>      chi2             83          <NA>      4 -3.94              NA                 NA       NA       NA       NA

# 2018-05-05 00:39:36 BRT: Elite configurations (first number is the configuration ID; listed from best to worst according to the sum of ranks):
   dataset    f_eng1 f_eng2 scaling  algorithm pre_scaling extraction        selection    C kernel max_features rf_estimators max_depth min_samples_leaf solver alpha hidden_layers neurons1 activation n_neighbors weights sel_score sel_percentile sel_threshold degree gamma max_depth_value learning_rate_init neurons2 neurons3
1    mnist Selection   None    True        SVM       False         NA SelectPercentile 2.29   poly           NA            NA      <NA>               NA   <NA>    NA            NA       NA       <NA>          NA    <NA>      chi2             83          <NA>      4 -3.94              NA                 NA       NA       NA
33   mnist      None   None    True        SVM        <NA>         NA             <NA> 1.34   poly           NA            NA      <NA>               NA   <NA>    NA            NA       NA       <NA>          NA    <NA>      <NA>             NA          <NA>      5 -3.25              NA                 NA       NA       NA
25   mnist      None   None   False KNeighbors        <NA>         NA             <NA>   NA   <NA>           NA            NA      <NA>               NA   <NA>    NA            NA       NA       <NA>           4 uniform      <NA>             NA          <NA>     NA    NA              NA                 NA       NA       NA
# 2018-05-05 00:39:36 BRT: Iteration 3 of 6
# experimentsUsedSoFar: 257
# remainingBudget: 743
# currentBudget: 185
# nbConfigurations: 25
  Markers:
     x No test is performed.
     - The test is performed and some configurations are discarded.
     = The test is performed but no configuration is discarded.
     ! The test is performed and configurations could be discarded but elite configurations are preserved.
                                                                   
+-+-----------+-----------+-----------+---------------+-----------+--------+-----+----+------+
| |   Instance|      Alive|       Best|      Mean best| Exp so far|  W time|  rho|KenW|  Qvar|
+-+-----------+-----------+-----------+---------------+-----------+--------+-----+----+------+
|x|          7|         25|          1|  -0.9022487452|         25|00:15:00|   NA|  NA|    NA|
|x|          3|         25|          1|  -0.9021410805|         47|00:15:00|+0.99|1.00|0.0000|
|x|          6|         25|          1|  -0.9045218497|         69|00:15:00|+0.99|0.99|0.0000|
|x|          5|         25|          1|  -0.9059192458|         91|00:15:00|+0.99|0.99|0.0000|
|!|          2|          3|          1|  -0.9071825911|        113|00:15:00|+0.35|0.48|0.3014|
+-+-----------+-----------+-----------+---------------+-----------+--------+-----+----+------+
Best configuration:           1    mean value:   -0.9071825911
Description of the best configuration:
  .ID. dataset    f_eng1 f_eng2 scaling algorithm pre_scaling extraction        selection    C kernel max_features rf_estimators max_depth min_samples_leaf solver alpha hidden_layers neurons1 activation n_neighbors weights sel_score sel_percentile sel_threshold degree gamma max_depth_value learning_rate_init neurons2 neurons3 .PARENT.
1    1   mnist Selection   None    True       SVM       False         NA SelectPercentile 2.29   poly           NA            NA      <NA>               NA   <NA>    NA            NA       NA       <NA>          NA    <NA>      chi2             83          <NA>      4 -3.94              NA                 NA       NA       NA       NA

# 2018-05-05 01:54:37 BRT: Elite configurations (first number is the configuration ID; listed from best to worst according to the sum of ranks):
   dataset    f_eng1 f_eng2 scaling  algorithm pre_scaling extraction        selection    C kernel max_features rf_estimators max_depth min_samples_leaf solver alpha hidden_layers neurons1 activation n_neighbors weights sel_score sel_percentile sel_threshold degree gamma max_depth_value learning_rate_init neurons2 neurons3
1    mnist Selection   None    True        SVM       False         NA SelectPercentile 2.29   poly           NA            NA      <NA>               NA   <NA>    NA            NA       NA       <NA>          NA    <NA>      chi2             83          <NA>      4 -3.94              NA                 NA       NA       NA
25   mnist      None   None   False KNeighbors        <NA>         NA             <NA>   NA   <NA>           NA            NA      <NA>               NA   <NA>    NA            NA       NA       <NA>           4 uniform      <NA>             NA          <NA>     NA    NA              NA                 NA       NA       NA
33   mnist      None   None    True        SVM        <NA>         NA             <NA> 1.34   poly           NA            NA      <NA>               NA   <NA>    NA            NA       NA       <NA>          NA    <NA>      <NA>             NA          <NA>      5 -3.25              NA                 NA       NA       NA
# 2018-05-05 01:54:37 BRT: Iteration 4 of 6
# experimentsUsedSoFar: 370
# remainingBudget: 630
# currentBudget: 210
# nbConfigurations: 25
  Markers:
     x No test is performed.
     - The test is performed and some configurations are discarded.
     = The test is performed but no configuration is discarded.
     ! The test is performed and configurations could be discarded but elite configurations are preserved.
                                                                   
+-+-----------+-----------+-----------+---------------+-----------+--------+-----+----+------+
| |   Instance|      Alive|       Best|      Mean best| Exp so far|  W time|  rho|KenW|  Qvar|
+-+-----------+-----------+-----------+---------------+-----------+--------+-----+----+------+
|x|          8|         25|         33|  -0.9054232127|         25|00:15:00|   NA|  NA|    NA|
|x|          1|         25|         25|  -0.9029065057|         47|00:15:01|+0.72|0.86|0.2057|
|x|          4|         25|         25|  -0.9055005540|         70|00:15:00|+0.82|0.88|0.1371|
|x|          6|         25|         25|  -0.9056700340|         92|00:15:00|+0.85|0.89|0.1380|
|!|          3|          4|         25|  -0.9050500108|        114|00:15:00|+0.36|0.49|0.4588|
+-+-----------+-----------+-----------+---------------+-----------+--------+-----+----+------+
Best configuration:          25    mean value:   -0.9050500108
Description of the best configuration:
   .ID. dataset f_eng1 f_eng2 scaling  algorithm pre_scaling extraction selection  C kernel max_features rf_estimators max_depth min_samples_leaf solver alpha hidden_layers neurons1 activation n_neighbors weights sel_score sel_percentile sel_threshold degree gamma max_depth_value learning_rate_init neurons2 neurons3 .PARENT.
25   25   mnist   None   None   False KNeighbors        <NA>         NA      <NA> NA   <NA>           NA            NA      <NA>               NA   <NA>    NA            NA       NA       <NA>           4 uniform      <NA>             NA          <NA>     NA    NA              NA                 NA       NA       NA       NA

# 2018-05-05 03:09:41 BRT: Elite configurations (first number is the configuration ID; listed from best to worst according to the sum of ranks):
   dataset    f_eng1 f_eng2 scaling  algorithm pre_scaling extraction        selection     C kernel max_features rf_estimators max_depth min_samples_leaf solver alpha hidden_layers neurons1 activation n_neighbors weights sel_score sel_percentile sel_threshold degree gamma max_depth_value learning_rate_init neurons2 neurons3
25   mnist      None   None   False KNeighbors        <NA>         NA             <NA>    NA   <NA>           NA            NA      <NA>               NA   <NA>    NA            NA       NA       <NA>           4 uniform      <NA>             NA          <NA>     NA    NA              NA                 NA       NA       NA
33   mnist      None   None    True        SVM        <NA>         NA             <NA>  1.34   poly           NA            NA      <NA>               NA   <NA>    NA            NA       NA       <NA>          NA    <NA>      <NA>             NA          <NA>      5 -3.25              NA                 NA       NA       NA
95   mnist Selection   None   False        SVM       False         NA  SelectFromModel -2.86   poly           NA            NA      <NA>               NA   <NA>    NA            NA       NA       <NA>          NA    <NA>      <NA>             NA        median      2 -3.52              NA                 NA       NA       NA
1    mnist Selection   None    True        SVM       False         NA SelectPercentile  2.29   poly           NA            NA      <NA>               NA   <NA>    NA            NA       NA       <NA>          NA    <NA>      chi2             83          <NA>      4 -3.94              NA                 NA       NA       NA
# 2018-05-05 03:09:41 BRT: Iteration 5 of 6
# experimentsUsedSoFar: 484
# remainingBudget: 516
# currentBudget: 258
# nbConfigurations: 29
  Markers:
     x No test is performed.
     - The test is performed and some configurations are discarded.
     = The test is performed but no configuration is discarded.
     ! The test is performed and configurations could be discarded but elite configurations are preserved.
                                                                   
+-+-----------+-----------+-----------+---------------+-----------+--------+-----+----+------+
| |   Instance|      Alive|       Best|      Mean best| Exp so far|  W time|  rho|KenW|  Qvar|
+-+-----------+-----------+-----------+---------------+-----------+--------+-----+----+------+
|x|          9|         29|        113|  -0.9110365831|         29|00:14:53|   NA|  NA|    NA|
|x|          6|         29|          1|  -0.9088895330|         54|00:14:44|+0.97|0.98|0.0063|
|x|          2|         29|          1|  -0.9100050127|         80|00:14:49|+0.97|0.98|0.0045|
|x|          7|         29|          1|  -0.9080659458|        106|00:14:43|+0.96|0.97|0.0071|
|!|          5|          5|          1|  -0.9084750435|        132|00:14:47|+0.82|0.86|0.0612|
+-+-----------+-----------+-----------+---------------+-----------+--------+-----+----+------+
Best configuration:           1    mean value:   -0.9084750435
Description of the best configuration:
  .ID. dataset    f_eng1 f_eng2 scaling algorithm pre_scaling extraction        selection    C kernel max_features rf_estimators max_depth min_samples_leaf solver alpha hidden_layers neurons1 activation n_neighbors weights sel_score sel_percentile sel_threshold degree gamma max_depth_value learning_rate_init neurons2 neurons3 .PARENT.
1    1   mnist Selection   None    True       SVM       False         NA SelectPercentile 2.29   poly           NA            NA      <NA>               NA   <NA>    NA            NA       NA       <NA>          NA    <NA>      chi2             83          <NA>      4 -3.94              NA                 NA       NA       NA       NA

# 2018-05-05 04:23:39 BRT: Elite configurations (first number is the configuration ID; listed from best to worst according to the sum of ranks):
    dataset    f_eng1 f_eng2 scaling  algorithm pre_scaling extraction        selection     C kernel max_features rf_estimators max_depth min_samples_leaf solver alpha hidden_layers neurons1 activation n_neighbors weights sel_score sel_percentile sel_threshold degree gamma max_depth_value learning_rate_init neurons2 neurons3
1     mnist Selection   None    True        SVM       False         NA SelectPercentile  2.29   poly           NA            NA      <NA>               NA   <NA>    NA            NA       NA       <NA>          NA    <NA>      chi2             83          <NA>      4 -3.94              NA                 NA       NA       NA
107   mnist      None   None    True        SVM        <NA>         NA             <NA>  2.20   poly           NA            NA      <NA>               NA   <NA>    NA            NA       NA       <NA>          NA    <NA>      <NA>             NA          <NA>      4 -3.96              NA                 NA       NA       NA
25    mnist      None   None   False KNeighbors        <NA>         NA             <NA>    NA   <NA>           NA            NA      <NA>               NA   <NA>    NA            NA       NA       <NA>           4 uniform      <NA>             NA          <NA>     NA    NA              NA                 NA       NA       NA
33    mnist      None   None    True        SVM        <NA>         NA             <NA>  1.34   poly           NA            NA      <NA>               NA   <NA>    NA            NA       NA       <NA>          NA    <NA>      <NA>             NA          <NA>      5 -3.25              NA                 NA       NA       NA
95    mnist Selection   None   False        SVM       False         NA  SelectFromModel -2.86   poly           NA            NA      <NA>               NA   <NA>    NA            NA       NA       <NA>          NA    <NA>      <NA>             NA        median      2 -3.52              NA                 NA       NA       NA
# 2018-05-05 04:23:39 BRT: Iteration 6 of 6
# experimentsUsedSoFar: 616
# remainingBudget: 384
# currentBudget: 384
# nbConfigurations: 42
  Markers:
     x No test is performed.
     - The test is performed and some configurations are discarded.
     = The test is performed but no configuration is discarded.
     ! The test is performed and configurations could be discarded but elite configurations are preserved.
                                                                   
+-+-----------+-----------+-----------+---------------+-----------+--------+-----+----+------+
| |   Instance|      Alive|       Best|      Mean best| Exp so far|  W time|  rho|KenW|  Qvar|
+-+-----------+-----------+-----------+---------------+-----------+--------+-----+----+------+
|x|         10|         42|        107|  -0.9108185467|         42|00:16:45|   NA|  NA|    NA|
|x|          3|         42|         25|  -0.9041917312|         80|00:17:37|+0.79|0.89|0.1336|
|x|          2|         42|        107|  -0.9071803612|        117|00:15:47|+0.86|0.90|0.0891|
|x|          8|         42|        107|  -0.9071002411|        155|00:17:39|+0.87|0.90|0.0755|
|!|          7|          8|        107|  -0.9056638456|        192|00:15:49|+0.42|0.53|0.7741|
|!|          6|          6|        107|  -0.9061202366|        195|00:01:13|+0.26|0.38|0.6588|
+-+-----------+-----------+-----------+---------------+-----------+--------+-----+----+------+
Best configuration:         107    mean value:   -0.9061202366
Description of the best configuration:
    .ID. dataset f_eng1 f_eng2 scaling algorithm pre_scaling extraction selection   C kernel max_features rf_estimators max_depth min_samples_leaf solver alpha hidden_layers neurons1 activation n_neighbors weights sel_score sel_percentile sel_threshold degree gamma max_depth_value learning_rate_init neurons2 neurons3 .PARENT.
107  107   mnist   None   None    True       SVM        <NA>         NA      <NA> 2.2   poly           NA            NA      <NA>               NA   <NA>    NA            NA       NA       <NA>          NA    <NA>      <NA>             NA          <NA>      4 -3.96              NA                 NA       NA       NA        1

# 2018-05-05 05:48:32 BRT: Elite configurations (first number is the configuration ID; listed from best to worst according to the sum of ranks):
    dataset    f_eng1 f_eng2 scaling  algorithm pre_scaling extraction        selection     C kernel max_features rf_estimators max_depth min_samples_leaf solver alpha hidden_layers neurons1 activation n_neighbors weights sel_score sel_percentile sel_threshold degree gamma max_depth_value learning_rate_init neurons2 neurons3
107   mnist      None   None    True        SVM        <NA>         NA             <NA>  2.20   poly           NA            NA      <NA>               NA   <NA>    NA            NA       NA       <NA>          NA    <NA>      <NA>             NA          <NA>      4 -3.96              NA                 NA       NA       NA
121   mnist      None   None    True        SVM        <NA>         NA             <NA>  2.18   poly           NA            NA      <NA>               NA   <NA>    NA            NA       NA       <NA>          NA    <NA>      <NA>             NA          <NA>      5 -2.04              NA                 NA       NA       NA
33    mnist      None   None    True        SVM        <NA>         NA             <NA>  1.34   poly           NA            NA      <NA>               NA   <NA>    NA            NA       NA       <NA>          NA    <NA>      <NA>             NA          <NA>      5 -3.25              NA                 NA       NA       NA
1     mnist Selection   None    True        SVM       False         NA SelectPercentile  2.29   poly           NA            NA      <NA>               NA   <NA>    NA            NA       NA       <NA>          NA    <NA>      chi2             83          <NA>      4 -3.94              NA                 NA       NA       NA
25    mnist      None   None   False KNeighbors        <NA>         NA             <NA>    NA   <NA>           NA            NA      <NA>               NA   <NA>    NA            NA       NA       <NA>           4 uniform      <NA>             NA          <NA>     NA    NA              NA                 NA       NA       NA
95    mnist Selection   None   False        SVM       False         NA  SelectFromModel -2.86   poly           NA            NA      <NA>               NA   <NA>    NA            NA       NA       <NA>          NA    <NA>      <NA>             NA        median      2 -3.52              NA                 NA       NA       NA
# 2018-05-05 05:48:32 BRT: Iteration 7 of 7
# experimentsUsedSoFar: 811
# remainingBudget: 189
# currentBudget: 189
# nbConfigurations: 22
  Markers:
     x No test is performed.
     - The test is performed and some configurations are discarded.
     = The test is performed but no configuration is discarded.
     ! The test is performed and configurations could be discarded but elite configurations are preserved.
                                                                   
+-+-----------+-----------+-----------+---------------+-----------+--------+-----+----+------+
| |   Instance|      Alive|       Best|      Mean best| Exp so far|  W time|  rho|KenW|  Qvar|
+-+-----------+-----------+-----------+---------------+-----------+--------+-----+----+------+
|x|         11|         22|          1|  -0.9186441652|         22|00:05:32|   NA|  NA|    NA|
|x|          4|         22|          1|  -0.9138873270|         40|00:04:10|+0.77|0.89|0.0001|
|x|          8|         22|        164|  -0.9120986799|         56|00:04:10|+0.71|0.81|0.6891|
|x|          6|         22|        164|  -0.9113950864|         72|00:04:09|+0.79|0.84|0.5169|
|!|          5|          8|        164|  -0.9110053134|         89|00:04:10|+0.50|0.60|0.6084|
|!|          9|          7|        164|  -0.9106242903|         92|00:01:16|+0.55|0.62|0.5172|
|!|          3|          7|        164|  -0.9094123086|         93|00:01:17|+0.51|0.58|0.4594|
|!|          2|          7|        164|  -0.9096552148|         94|00:01:13|+0.55|0.60|0.4058|
|!|         10|          7|        164|  -0.9097228869|         95|00:01:15|+0.48|0.54|0.5396|
|!|          7|          5|        164|  -0.9090530832|         96|00:01:14|+0.49|0.54|0.4779|
+-+-----------+-----------+-----------+---------------+-----------+--------+-----+----+------+
Best configuration:         164    mean value:   -0.9090530832
Description of the best configuration:
    .ID. dataset f_eng1 f_eng2 scaling algorithm pre_scaling extraction selection    C kernel max_features rf_estimators max_depth min_samples_leaf solver alpha hidden_layers neurons1 activation n_neighbors weights sel_score sel_percentile sel_threshold degree gamma max_depth_value learning_rate_init neurons2 neurons3 .PARENT.
164  164   mnist   None   None    True       SVM        <NA>         NA      <NA> 3.86   poly           NA            NA      <NA>               NA   <NA>    NA            NA       NA       <NA>          NA    <NA>      <NA>             NA          <NA>      5 -3.81              NA                 NA       NA       NA      107

# 2018-05-05 06:17:04 BRT: Elite configurations (first number is the configuration ID; listed from best to worst according to the sum of ranks):
    dataset    f_eng1 f_eng2 scaling  algorithm pre_scaling extraction        selection     C kernel max_features rf_estimators max_depth min_samples_leaf solver alpha hidden_layers neurons1 activation n_neighbors weights sel_score sel_percentile sel_threshold degree gamma max_depth_value learning_rate_init neurons2 neurons3
164   mnist      None   None    True        SVM        <NA>         NA             <NA>  3.86   poly           NA            NA      <NA>               NA   <NA>    NA            NA       NA       <NA>          NA    <NA>      <NA>             NA          <NA>      5 -3.81              NA                 NA       NA       NA
1     mnist Selection   None    True        SVM       False         NA SelectPercentile  2.29   poly           NA            NA      <NA>               NA   <NA>    NA            NA       NA       <NA>          NA    <NA>      chi2             83          <NA>      4 -3.94              NA                 NA       NA       NA
25    mnist      None   None   False KNeighbors        <NA>         NA             <NA>    NA   <NA>           NA            NA      <NA>               NA   <NA>    NA            NA       NA       <NA>           4 uniform      <NA>             NA          <NA>     NA    NA              NA                 NA       NA       NA
33    mnist      None   None    True        SVM        <NA>         NA             <NA>  1.34   poly           NA            NA      <NA>               NA   <NA>    NA            NA       NA       <NA>          NA    <NA>      <NA>             NA          <NA>      5 -3.25              NA                 NA       NA       NA
95    mnist Selection   None   False        SVM       False         NA  SelectFromModel -2.86   poly           NA            NA      <NA>               NA   <NA>    NA            NA       NA       <NA>          NA    <NA>      <NA>             NA        median      2 -3.52              NA                 NA       NA       NA
# 2018-05-05 06:17:04 BRT: Iteration 8 of 8
# experimentsUsedSoFar: 907
# remainingBudget: 93
# currentBudget: 93
# nbConfigurations: 12
  Markers:
     x No test is performed.
     - The test is performed and some configurations are discarded.
     = The test is performed but no configuration is discarded.
     ! The test is performed and configurations could be discarded but elite configurations are preserved.
                                                                   
+-+-----------+-----------+-----------+---------------+-----------+--------+-----+----+------+
| |   Instance|      Alive|       Best|      Mean best| Exp so far|  W time|  rho|KenW|  Qvar|
+-+-----------+-----------+-----------+---------------+-----------+--------+-----+----+------+
|x|         12|         12|        164|  -0.9122817657|         12|00:05:01|   NA|  NA|    NA|
|x|          1|         12|        164|  -0.9095122591|         20|00:03:57|+0.91|0.95|0.0004|
|x|          8|         12|        164|  -0.9092562377|         27|00:03:57|+0.68|0.79|0.7069|
|x|          9|         12|        164|  -0.9091219720|         34|00:03:51|+0.74|0.81|0.5291|
|!|          4|          5|        164|  -0.9091683393|         41|00:03:54|+0.59|0.67|0.4968|
+-+-----------+-----------+-----------+---------------+-----------+--------+-----+----+------+
Best configuration:         164    mean value:   -0.9091683393
Description of the best configuration:
    .ID. dataset f_eng1 f_eng2 scaling algorithm pre_scaling extraction selection    C kernel max_features rf_estimators max_depth min_samples_leaf solver alpha hidden_layers neurons1 activation n_neighbors weights sel_score sel_percentile sel_threshold degree gamma max_depth_value learning_rate_init neurons2 neurons3 .PARENT.
164  164   mnist   None   None    True       SVM        <NA>         NA      <NA> 3.86   poly           NA            NA      <NA>               NA   <NA>    NA            NA       NA       <NA>          NA    <NA>      <NA>             NA          <NA>      5 -3.81              NA                 NA       NA       NA      107

# 2018-05-05 06:37:48 BRT: Elite configurations (first number is the configuration ID; listed from best to worst according to the sum of ranks):
    dataset    f_eng1 f_eng2 scaling  algorithm pre_scaling extraction        selection     C kernel max_features rf_estimators max_depth min_samples_leaf solver alpha hidden_layers neurons1 activation n_neighbors weights sel_score sel_percentile sel_threshold degree gamma max_depth_value learning_rate_init neurons2 neurons3
164   mnist      None   None    True        SVM        <NA>         NA             <NA>  3.86   poly           NA            NA      <NA>               NA   <NA>    NA            NA       NA       <NA>          NA    <NA>      <NA>             NA          <NA>      5 -3.81              NA                 NA       NA       NA
1     mnist Selection   None    True        SVM       False         NA SelectPercentile  2.29   poly           NA            NA      <NA>               NA   <NA>    NA            NA       NA       <NA>          NA    <NA>      chi2             83          <NA>      4 -3.94              NA                 NA       NA       NA
25    mnist      None   None   False KNeighbors        <NA>         NA             <NA>    NA   <NA>           NA            NA      <NA>               NA   <NA>    NA            NA       NA       <NA>           4 uniform      <NA>             NA          <NA>     NA    NA              NA                 NA       NA       NA
33    mnist      None   None    True        SVM        <NA>         NA             <NA>  1.34   poly           NA            NA      <NA>               NA   <NA>    NA            NA       NA       <NA>          NA    <NA>      <NA>             NA          <NA>      5 -3.25              NA                 NA       NA       NA
95    mnist Selection   None   False        SVM       False         NA  SelectFromModel -2.86   poly           NA            NA      <NA>               NA   <NA>    NA            NA       NA       <NA>          NA    <NA>      <NA>             NA        median      2 -3.52              NA                 NA       NA       NA
# 2018-05-05 06:37:48 BRT: Iteration 9 of 9
# experimentsUsedSoFar: 948
# remainingBudget: 52
# currentBudget: 52
# nbConfigurations: 8
  Markers:
     x No test is performed.
     - The test is performed and some configurations are discarded.
     = The test is performed but no configuration is discarded.
     ! The test is performed and configurations could be discarded but elite configurations are preserved.
                                                                   
+-+-----------+-----------+-----------+---------------+-----------+--------+-----+----+------+
| |   Instance|      Alive|       Best|      Mean best| Exp so far|  W time|  rho|KenW|  Qvar|
+-+-----------+-----------+-----------+---------------+-----------+--------+-----+----+------+
|x|         13|          8|          1|  -0.9129382318|          8|00:02:30|   NA|  NA|    NA|
|x|          7|          8|        164|  -0.9072646594|         11|00:01:07|+0.90|0.95|0.0072|
|x|          9|          8|        164|  -0.9077494979|         14|00:01:06|+0.94|0.96|0.0075|
|x|          1|          8|        164|  -0.9074978116|         17|00:01:07|+0.95|0.96|0.0052|
|!|          5|          5|        164|  -0.9078874935|         20|00:01:06|+0.88|0.90|0.0579|
+-+-----------+-----------+-----------+---------------+-----------+--------+-----+----+------+
Best configuration:         164    mean value:   -0.9078874935
Description of the best configuration:
    .ID. dataset f_eng1 f_eng2 scaling algorithm pre_scaling extraction selection    C kernel max_features rf_estimators max_depth min_samples_leaf solver alpha hidden_layers neurons1 activation n_neighbors weights sel_score sel_percentile sel_threshold degree gamma max_depth_value learning_rate_init neurons2 neurons3 .PARENT.
164  164   mnist   None   None    True       SVM        <NA>         NA      <NA> 3.86   poly           NA            NA      <NA>               NA   <NA>    NA            NA       NA       <NA>          NA    <NA>      <NA>             NA          <NA>      5 -3.81              NA                 NA       NA       NA      107

# 2018-05-05 06:44:46 BRT: Elite configurations (first number is the configuration ID; listed from best to worst according to the sum of ranks):
    dataset    f_eng1 f_eng2 scaling  algorithm pre_scaling extraction        selection     C kernel max_features rf_estimators max_depth min_samples_leaf solver alpha hidden_layers neurons1 activation n_neighbors weights sel_score sel_percentile sel_threshold degree gamma max_depth_value learning_rate_init neurons2 neurons3
164   mnist      None   None    True        SVM        <NA>         NA             <NA>  3.86   poly           NA            NA      <NA>               NA   <NA>    NA            NA       NA       <NA>          NA    <NA>      <NA>             NA          <NA>      5 -3.81              NA                 NA       NA       NA
1     mnist Selection   None    True        SVM       False         NA SelectPercentile  2.29   poly           NA            NA      <NA>               NA   <NA>    NA            NA       NA       <NA>          NA    <NA>      chi2             83          <NA>      4 -3.94              NA                 NA       NA       NA
25    mnist      None   None   False KNeighbors        <NA>         NA             <NA>    NA   <NA>           NA            NA      <NA>               NA   <NA>    NA            NA       NA       <NA>           4 uniform      <NA>             NA          <NA>     NA    NA              NA                 NA       NA       NA
33    mnist      None   None    True        SVM        <NA>         NA             <NA>  1.34   poly           NA            NA      <NA>               NA   <NA>    NA            NA       NA       <NA>          NA    <NA>      <NA>             NA          <NA>      5 -3.25              NA                 NA       NA       NA
95    mnist Selection   None   False        SVM       False         NA  SelectFromModel -2.86   poly           NA            NA      <NA>               NA   <NA>    NA            NA       NA       <NA>          NA    <NA>      <NA>             NA        median      2 -3.52              NA                 NA       NA       NA
# 2018-05-05 06:44:46 BRT: Stopped because there is not enough budget left to race more than the minimum (6)
# You may either increase the budget or set 'minNbSurvival' to a lower value
# Iteration: 10
# nbIterations: 10
# experimentsUsedSoFar: 968
# timeUsed: 0
# remainingBudget: 32
# currentBudget: 32
# number of elites: 5
# nbConfigurations: 6
# Best configurations (first number is the configuration ID; listed from best to worst according to the sum of ranks):
    dataset    f_eng1 f_eng2 scaling  algorithm pre_scaling extraction        selection     C kernel max_features rf_estimators max_depth min_samples_leaf solver alpha hidden_layers neurons1 activation n_neighbors weights sel_score sel_percentile sel_threshold degree gamma max_depth_value learning_rate_init neurons2 neurons3
164   mnist      None   None    True        SVM        <NA>         NA             <NA>  3.86   poly           NA            NA      <NA>               NA   <NA>    NA            NA       NA       <NA>          NA    <NA>      <NA>             NA          <NA>      5 -3.81              NA                 NA       NA       NA
1     mnist Selection   None    True        SVM       False         NA SelectPercentile  2.29   poly           NA            NA      <NA>               NA   <NA>    NA            NA       NA       <NA>          NA    <NA>      chi2             83          <NA>      4 -3.94              NA                 NA       NA       NA
25    mnist      None   None   False KNeighbors        <NA>         NA             <NA>    NA   <NA>           NA            NA      <NA>               NA   <NA>    NA            NA       NA       <NA>           4 uniform      <NA>             NA          <NA>     NA    NA              NA                 NA       NA       NA
33    mnist      None   None    True        SVM        <NA>         NA             <NA>  1.34   poly           NA            NA      <NA>               NA   <NA>    NA            NA       NA       <NA>          NA    <NA>      <NA>             NA          <NA>      5 -3.25              NA                 NA       NA       NA
95    mnist Selection   None   False        SVM       False         NA  SelectFromModel -2.86   poly           NA            NA      <NA>               NA   <NA>    NA            NA       NA       <NA>          NA    <NA>      <NA>             NA        median      2 -3.52              NA                 NA       NA       NA
# Best configurations as commandlines (first number is the configuration ID; same order as above):
164  --dataset mnist --f_eng1 None --f_eng2 None --scaling True --algorithm SVM --C 3.86 --kernel poly --degree 5 --gamma -3.81
1    --dataset mnist --f_eng1 Selection --f_eng2 None --pre_scaling False --selection SelectPercentile --sel_score chi2 --sel_percentile 83 --scaling True --algorithm SVM --C 2.29 --kernel poly --degree 4 --gamma -3.94
25   --dataset mnist --f_eng1 None --f_eng2 None --scaling False --algorithm KNeighbors --n_neighbors 4 --weights uniform
33   --dataset mnist --f_eng1 None --f_eng2 None --scaling True --algorithm SVM --C 1.34 --kernel poly --degree 5 --gamma -3.25
95   --dataset mnist --f_eng1 Selection --f_eng2 None --pre_scaling False --selection SelectFromModel --sel_threshold median --scaling False --algorithm SVM --C -2.86 --kernel poly --degree 2 --gamma -3.52
