Warning message:
package ‘irace’ was built under R version 3.3.3 
*******************************************************************************
* irace: An implementation in R of Iterated Race
* Version: 2.4.1844
* Copyright (C) 2010-2017
* Manuel Lopez-Ibanez     <manuel.lopez-ibanez@manchester.ac.uk>
* Jeremie Dubois-Lacoste  
* Leslie Perez Caceres    <leslie.perez.caceres@ulb.ac.be>
*
* This is free software, and you are welcome to redistribute it under certain
* conditions.  See the GNU General Public License for details. There is NO
* WARRANTY; not even for MERCHANTABILITY or FITNESS FOR A PARTICULAR PURPOSE.
*
* irace builds upon previous code from the race package:
*
* race: Racing methods for the selection of the best
* Copyright (C) 2003 Mauro Birattari
*******************************************************************************
# installed at: /home/cemvieira/bin/R/irace
# called with: -s scenario.txt -p mnist/parameters.txt --parallel 32 --train-instances-file mnist/instances.txt --log-file ./output/mnist_irace.Rdata
# 2 expression(s) specifying forbidden configurations read from '/home/cemvieira/isklearn/forbidden.txt'
# 2018-05-04 08:09:01 BRT: Initialization
# Elitist race
# Elitist new instances: 1
# Elitist limit: 2
# nbIterations: 6
# minNbSurvival: 6
# nbParameters: 28
# seed: 580025468
# confidence level: 0.95
# budget: 1000
# mu: 5
# deterministic: TRUE

# 2018-05-04 08:09:01 BRT: Iteration 1 of 6
# experimentsUsedSoFar: 0
# remainingBudget: 1000
# currentBudget: 166
# nbConfigurations: 27
  Markers:
     x No test is performed.
     - The test is performed and some configurations are discarded.
     = The test is performed but no configuration is discarded.
     ! The test is performed and configurations could be discarded but elite configurations are preserved.
                                                                   
+-+-----------+-----------+-----------+---------------+-----------+--------+-----+----+------+
| |   Instance|      Alive|       Best|      Mean best| Exp so far|  W time|  rho|KenW|  Qvar|
+-+-----------+-----------+-----------+---------------+-----------+--------+-----+----+------+
|x|          1|         27|          9|  -0.9065554734|         27|00:15:00|   NA|  NA|    NA|
|x|          2|         27|          9|  -0.9055521780|         54|00:15:00|+1.00|1.00|0.0000|
|x|          3|         27|          9|  -0.9066090856|         81|00:15:00|+1.00|1.00|0.0000|
|x|          4|         27|          9|  -0.9029186413|        108|00:15:00|+1.00|1.00|0.0000|
|-|          5|          1|          9|  -0.9044600669|        135|00:15:00|   NA|  NA|    NA|
+-+-----------+-----------+-----------+---------------+-----------+--------+-----+----+------+
Best configuration:           9    mean value:   -0.9044600669
Description of the best configuration:
  .ID. dataset f_eng1 f_eng2 scaling algorithm pre_scaling extraction selection    C kernel max_features rf_estimators max_depth min_samples_leaf solver alpha hidden_layers neurons1 activation n_neighbors weights sel_score sel_percentile sel_threshold degree gamma max_depth_value learning_rate_init neurons2 neurons3 .PARENT.
9    9   mnist   None   None   False       SVM        <NA>         NA      <NA> 4.06   poly           NA            NA      <NA>               NA   <NA>    NA            NA       NA       <NA>          NA    <NA>      <NA>             NA          <NA>      5 -1.51              NA                 NA       NA       NA       NA

# 2018-05-04 09:24:04 BRT: Elite configurations (first number is the configuration ID; listed from best to worst according to the sum of ranks):
  dataset f_eng1 f_eng2 scaling algorithm pre_scaling extraction selection    C kernel max_features rf_estimators max_depth min_samples_leaf solver alpha hidden_layers neurons1 activation n_neighbors weights sel_score sel_percentile sel_threshold degree gamma max_depth_value learning_rate_init neurons2 neurons3
9   mnist   None   None   False       SVM        <NA>         NA      <NA> 4.06   poly           NA            NA      <NA>               NA   <NA>    NA            NA       NA       <NA>          NA    <NA>      <NA>             NA          <NA>      5 -1.51              NA                 NA       NA       NA
# 2018-05-04 09:24:04 BRT: Iteration 2 of 6
# experimentsUsedSoFar: 135
# remainingBudget: 865
# currentBudget: 173
# nbConfigurations: 25
  Markers:
     x No test is performed.
     - The test is performed and some configurations are discarded.
     = The test is performed but no configuration is discarded.
     ! The test is performed and configurations could be discarded but elite configurations are preserved.
                                                                   
+-+-----------+-----------+-----------+---------------+-----------+--------+-----+----+------+
| |   Instance|      Alive|       Best|      Mean best| Exp so far|  W time|  rho|KenW|  Qvar|
+-+-----------+-----------+-----------+---------------+-----------+--------+-----+----+------+
|x|          6|         25|         51|  -0.9076388013|         25|00:15:00|   NA|  NA|    NA|
|x|          2|         25|         51|  -0.9087978319|         49|00:15:00|+1.00|1.00|0.0000|
|x|          3|         25|         51|  -0.9095513343|         73|00:15:00|+1.00|1.00|0.0000|
|x|          4|         25|         51|  -0.9079907156|         97|00:15:00|+1.00|1.00|0.0000|
|!|          5|          2|         51|  -0.9097235690|        121|00:15:00|+1.00|1.00|0.0000|
+-+-----------+-----------+-----------+---------------+-----------+--------+-----+----+------+
Best configuration:          51    mean value:   -0.9097235690
Description of the best configuration:
   .ID. dataset f_eng1    f_eng2 scaling  algorithm pre_scaling extraction selection  C kernel max_features rf_estimators max_depth min_samples_leaf solver alpha hidden_layers neurons1 activation n_neighbors  weights sel_score sel_percentile sel_threshold degree gamma max_depth_value learning_rate_init neurons2 neurons3 .PARENT.
51   51   mnist   None Selection    True KNeighbors        True         NA       RFE NA   <NA>           NA            NA      <NA>               NA   <NA>    NA            NA       NA       <NA>           1 distance      <NA>             95          <NA>     NA    NA              NA                 NA       NA       NA        9

# 2018-05-04 10:39:06 BRT: Elite configurations (first number is the configuration ID; listed from best to worst according to the sum of ranks):
   dataset f_eng1    f_eng2 scaling  algorithm pre_scaling extraction selection    C kernel max_features rf_estimators max_depth min_samples_leaf solver alpha hidden_layers neurons1 activation n_neighbors  weights sel_score sel_percentile sel_threshold degree gamma max_depth_value learning_rate_init neurons2 neurons3
51   mnist   None Selection    True KNeighbors        True         NA       RFE   NA   <NA>           NA            NA      <NA>               NA   <NA>    NA            NA       NA       <NA>           1 distance      <NA>             95          <NA>     NA    NA              NA                 NA       NA       NA
9    mnist   None      None   False        SVM        <NA>         NA      <NA> 4.06   poly           NA            NA      <NA>               NA   <NA>    NA            NA       NA       <NA>          NA     <NA>      <NA>             NA          <NA>      5 -1.51              NA                 NA       NA       NA
# 2018-05-04 10:39:06 BRT: Iteration 3 of 6
# experimentsUsedSoFar: 256
# remainingBudget: 744
# currentBudget: 186
# nbConfigurations: 24
  Markers:
     x No test is performed.
     - The test is performed and some configurations are discarded.
     = The test is performed but no configuration is discarded.
     ! The test is performed and configurations could be discarded but elite configurations are preserved.
                                                                   
+-+-----------+-----------+-----------+---------------+-----------+--------+-----+----+------+
| |   Instance|      Alive|       Best|      Mean best| Exp so far|  W time|  rho|KenW|  Qvar|
+-+-----------+-----------+-----------+---------------+-----------+--------+-----+----+------+
|x|          7|         24|         51|  -0.9235140609|         24|00:15:00|   NA|  NA|    NA|
|x|          3|         24|         51|  -0.9172861999|         46|00:15:00|+1.00|1.00|0.0000|
|x|          2|         24|         51|  -0.9148430875|         68|00:15:00|+1.00|1.00|0.0000|
|x|          1|         24|         51|  -0.9144620648|         91|00:15:00|+1.00|1.00|0.0000|
|!|          4|          2|         51|  -0.9122314238|        113|00:15:00|+1.00|1.00|0.0000|
+-+-----------+-----------+-----------+---------------+-----------+--------+-----+----+------+
Best configuration:          51    mean value:   -0.9122314238
Description of the best configuration:
   .ID. dataset f_eng1    f_eng2 scaling  algorithm pre_scaling extraction selection  C kernel max_features rf_estimators max_depth min_samples_leaf solver alpha hidden_layers neurons1 activation n_neighbors  weights sel_score sel_percentile sel_threshold degree gamma max_depth_value learning_rate_init neurons2 neurons3 .PARENT.
51   51   mnist   None Selection    True KNeighbors        True         NA       RFE NA   <NA>           NA            NA      <NA>               NA   <NA>    NA            NA       NA       <NA>           1 distance      <NA>             95          <NA>     NA    NA              NA                 NA       NA       NA        9

# 2018-05-04 11:54:08 BRT: Elite configurations (first number is the configuration ID; listed from best to worst according to the sum of ranks):
   dataset f_eng1    f_eng2 scaling  algorithm pre_scaling extraction selection    C kernel max_features rf_estimators max_depth min_samples_leaf solver alpha hidden_layers neurons1 activation n_neighbors  weights sel_score sel_percentile sel_threshold degree gamma max_depth_value learning_rate_init neurons2 neurons3
51   mnist   None Selection    True KNeighbors        True         NA       RFE   NA   <NA>           NA            NA      <NA>               NA   <NA>    NA            NA       NA       <NA>           1 distance      <NA>             95          <NA>     NA    NA              NA                 NA       NA       NA
9    mnist   None      None   False        SVM        <NA>         NA      <NA> 4.06   poly           NA            NA      <NA>               NA   <NA>    NA            NA       NA       <NA>          NA     <NA>      <NA>             NA          <NA>      5 -1.51              NA                 NA       NA       NA
# 2018-05-04 11:54:08 BRT: Iteration 4 of 6
# experimentsUsedSoFar: 369
# remainingBudget: 631
# currentBudget: 210
# nbConfigurations: 24
  Markers:
     x No test is performed.
     - The test is performed and some configurations are discarded.
     = The test is performed but no configuration is discarded.
     ! The test is performed and configurations could be discarded but elite configurations are preserved.
                                                                   
+-+-----------+-----------+-----------+---------------+-----------+--------+-----+----+------+
| |   Instance|      Alive|       Best|      Mean best| Exp so far|  W time|  rho|KenW|  Qvar|
+-+-----------+-----------+-----------+---------------+-----------+--------+-----+----+------+
|x|          8|         24|         51|  -0.9034993867|         24|00:15:00|   NA|  NA|    NA|
|x|          2|         24|         95|  -0.9067833120|         46|00:15:00|+0.98|0.99|0.0000|
|x|          1|         24|         95|  -0.9089986651|         68|00:15:00|+0.98|0.99|0.0000|
|x|          6|         24|         95|  -0.9086586992|         90|00:15:00|+0.99|0.99|0.0000|
|!|          5|          4|         95|  -0.9103462555|        112|00:15:00|+0.60|0.68|0.0011|
+-+-----------+-----------+-----------+---------------+-----------+--------+-----+----+------+
Best configuration:          95    mean value:   -0.9103462555
Description of the best configuration:
   .ID. dataset f_eng1    f_eng2 scaling  algorithm pre_scaling extraction        selection  C kernel max_features rf_estimators max_depth min_samples_leaf solver alpha hidden_layers neurons1 activation n_neighbors  weights sel_score sel_percentile sel_threshold degree gamma max_depth_value learning_rate_init neurons2 neurons3 .PARENT.
95   95   mnist   None Selection    True KNeighbors       False         NA SelectPercentile NA   <NA>           NA            NA      <NA>               NA   <NA>    NA            NA       NA       <NA>           2 distance f_classif             77          <NA>     NA    NA              NA                 NA       NA       NA       51

# 2018-05-04 13:09:09 BRT: Elite configurations (first number is the configuration ID; listed from best to worst according to the sum of ranks):
   dataset f_eng1    f_eng2 scaling  algorithm pre_scaling extraction        selection    C kernel max_features rf_estimators max_depth min_samples_leaf solver alpha hidden_layers neurons1 activation n_neighbors  weights sel_score sel_percentile sel_threshold degree gamma max_depth_value learning_rate_init neurons2 neurons3
95   mnist   None Selection    True KNeighbors       False         NA SelectPercentile   NA   <NA>           NA            NA      <NA>               NA   <NA>    NA            NA       NA       <NA>           2 distance f_classif             77          <NA>     NA    NA              NA                 NA       NA       NA
51   mnist   None Selection    True KNeighbors        True         NA              RFE   NA   <NA>           NA            NA      <NA>               NA   <NA>    NA            NA       NA       <NA>           1 distance      <NA>             95          <NA>     NA    NA              NA                 NA       NA       NA
79   mnist   None Selection   False KNeighbors       False         NA SelectPercentile   NA   <NA>           NA            NA      <NA>               NA   <NA>    NA            NA       NA       <NA>           1  uniform f_classif             86          <NA>     NA    NA              NA                 NA       NA       NA
9    mnist   None      None   False        SVM        <NA>         NA             <NA> 4.06   poly           NA            NA      <NA>               NA   <NA>    NA            NA       NA       <NA>          NA     <NA>      <NA>             NA          <NA>      5 -1.51              NA                 NA       NA       NA
# 2018-05-04 13:09:09 BRT: Iteration 5 of 6
# experimentsUsedSoFar: 481
# remainingBudget: 519
# currentBudget: 259
# nbConfigurations: 29
  Markers:
     x No test is performed.
     - The test is performed and some configurations are discarded.
     = The test is performed but no configuration is discarded.
     ! The test is performed and configurations could be discarded but elite configurations are preserved.
                                                                   
+-+-----------+-----------+-----------+---------------+-----------+--------+-----+----+------+
| |   Instance|      Alive|       Best|      Mean best| Exp so far|  W time|  rho|KenW|  Qvar|
+-+-----------+-----------+-----------+---------------+-----------+--------+-----+----+------+
|x|          9|         29|        108|  -0.9187922930|         29|00:15:00|   NA|  NA|    NA|
|x|          8|         29|        108|  -0.9112187950|         54|00:15:00|+1.00|1.00|0.0000|
|x|          5|         29|        108|  -0.9131375317|         79|00:15:00|+0.97|0.98|0.0971|
|x|          1|         29|        108|  -0.9140501191|        104|00:15:00|+0.97|0.98|0.0728|
|!|          2|          5|        108|  -0.9135256343|        129|00:15:00|+0.81|0.85|0.0231|
+-+-----------+-----------+-----------+---------------+-----------+--------+-----+----+------+
Best configuration:         108    mean value:   -0.9135256343
Description of the best configuration:
    .ID. dataset f_eng1    f_eng2 scaling  algorithm pre_scaling extraction selection  C kernel max_features rf_estimators max_depth min_samples_leaf solver alpha hidden_layers neurons1 activation n_neighbors  weights sel_score sel_percentile sel_threshold degree gamma max_depth_value learning_rate_init neurons2 neurons3 .PARENT.
108  108   mnist   None Selection   False KNeighbors       False         NA       RFE NA   <NA>           NA            NA      <NA>               NA   <NA>    NA            NA       NA       <NA>           4 distance      <NA>             69          <NA>     NA    NA              NA                 NA       NA       NA       79

# 2018-05-04 14:24:11 BRT: Elite configurations (first number is the configuration ID; listed from best to worst according to the sum of ranks):
    dataset f_eng1    f_eng2 scaling  algorithm pre_scaling extraction        selection    C kernel max_features rf_estimators max_depth min_samples_leaf solver alpha hidden_layers neurons1 activation n_neighbors  weights sel_score sel_percentile sel_threshold degree gamma max_depth_value learning_rate_init neurons2 neurons3
108   mnist   None Selection   False KNeighbors       False         NA              RFE   NA   <NA>           NA            NA      <NA>               NA   <NA>    NA            NA       NA       <NA>           4 distance      <NA>             69          <NA>     NA    NA              NA                 NA       NA       NA
95    mnist   None Selection    True KNeighbors       False         NA SelectPercentile   NA   <NA>           NA            NA      <NA>               NA   <NA>    NA            NA       NA       <NA>           2 distance f_classif             77          <NA>     NA    NA              NA                 NA       NA       NA
51    mnist   None Selection    True KNeighbors        True         NA              RFE   NA   <NA>           NA            NA      <NA>               NA   <NA>    NA            NA       NA       <NA>           1 distance      <NA>             95          <NA>     NA    NA              NA                 NA       NA       NA
79    mnist   None Selection   False KNeighbors       False         NA SelectPercentile   NA   <NA>           NA            NA      <NA>               NA   <NA>    NA            NA       NA       <NA>           1  uniform f_classif             86          <NA>     NA    NA              NA                 NA       NA       NA
9     mnist   None      None   False        SVM        <NA>         NA             <NA> 4.06   poly           NA            NA      <NA>               NA   <NA>    NA            NA       NA       <NA>          NA     <NA>      <NA>             NA          <NA>      5 -1.51              NA                 NA       NA       NA
# 2018-05-04 14:24:11 BRT: Iteration 6 of 6
# experimentsUsedSoFar: 610
# remainingBudget: 390
# currentBudget: 390
# nbConfigurations: 43
  Markers:
     x No test is performed.
     - The test is performed and some configurations are discarded.
     = The test is performed but no configuration is discarded.
     ! The test is performed and configurations could be discarded but elite configurations are preserved.
                                                                   
+-+-----------+-----------+-----------+---------------+-----------+--------+-----+----+------+
| |   Instance|      Alive|       Best|      Mean best| Exp so far|  W time|  rho|KenW|  Qvar|
+-+-----------+-----------+-----------+---------------+-----------+--------+-----+----+------+
|x|         10|         43|        108|  -0.9131088095|         43|00:17:01|   NA|  NA|    NA|
|x|          5|         43|        108|  -0.9150419072|         81|00:16:58|+0.97|0.98|0.0691|
|x|          6|         43|        108|  -0.9138011851|        120|00:17:00|+0.98|0.98|0.0461|
|x|          4|         43|        108|  -0.9117070672|        161|00:17:00|+0.98|0.99|0.0346|
|!|          1|          6|        108|  -0.9127232301|        199|00:16:58|+0.82|0.85|0.0282|
+-+-----------+-----------+-----------+---------------+-----------+--------+-----+----+------+
Best configuration:         108    mean value:   -0.9127232301
Description of the best configuration:
    .ID. dataset f_eng1    f_eng2 scaling  algorithm pre_scaling extraction selection  C kernel max_features rf_estimators max_depth min_samples_leaf solver alpha hidden_layers neurons1 activation n_neighbors  weights sel_score sel_percentile sel_threshold degree gamma max_depth_value learning_rate_init neurons2 neurons3 .PARENT.
108  108   mnist   None Selection   False KNeighbors       False         NA       RFE NA   <NA>           NA            NA      <NA>               NA   <NA>    NA            NA       NA       <NA>           4 distance      <NA>             69          <NA>     NA    NA              NA                 NA       NA       NA       79

# 2018-05-04 15:49:11 BRT: Elite configurations (first number is the configuration ID; listed from best to worst according to the sum of ranks):
    dataset f_eng1    f_eng2 scaling  algorithm pre_scaling extraction        selection    C kernel max_features rf_estimators max_depth min_samples_leaf solver alpha hidden_layers neurons1 activation n_neighbors  weights sel_score sel_percentile sel_threshold degree gamma max_depth_value learning_rate_init neurons2 neurons3
108   mnist   None Selection   False KNeighbors       False         NA              RFE   NA   <NA>           NA            NA      <NA>               NA   <NA>    NA            NA       NA       <NA>           4 distance      <NA>             69          <NA>     NA    NA              NA                 NA       NA       NA
139   mnist   None Selection    True KNeighbors        True         NA              RFE   NA   <NA>           NA            NA      <NA>               NA   <NA>    NA            NA       NA       <NA>           2 distance      <NA>             88          <NA>     NA    NA              NA                 NA       NA       NA
95    mnist   None Selection    True KNeighbors       False         NA SelectPercentile   NA   <NA>           NA            NA      <NA>               NA   <NA>    NA            NA       NA       <NA>           2 distance f_classif             77          <NA>     NA    NA              NA                 NA       NA       NA
51    mnist   None Selection    True KNeighbors        True         NA              RFE   NA   <NA>           NA            NA      <NA>               NA   <NA>    NA            NA       NA       <NA>           1 distance      <NA>             95          <NA>     NA    NA              NA                 NA       NA       NA
79    mnist   None Selection   False KNeighbors       False         NA SelectPercentile   NA   <NA>           NA            NA      <NA>               NA   <NA>    NA            NA       NA       <NA>           1  uniform f_classif             86          <NA>     NA    NA              NA                 NA       NA       NA
9     mnist   None      None   False        SVM        <NA>         NA             <NA> 4.06   poly           NA            NA      <NA>               NA   <NA>    NA            NA       NA       <NA>          NA     <NA>      <NA>             NA          <NA>      5 -1.51              NA                 NA       NA       NA
# 2018-05-04 15:49:11 BRT: Iteration 7 of 7
# experimentsUsedSoFar: 809
# remainingBudget: 191
# currentBudget: 191
# nbConfigurations: 22
  Markers:
     x No test is performed.
     - The test is performed and some configurations are discarded.
     = The test is performed but no configuration is discarded.
     ! The test is performed and configurations could be discarded but elite configurations are preserved.
                                                                   
+-+-----------+-----------+-----------+---------------+-----------+--------+-----+----+------+
| |   Instance|      Alive|       Best|      Mean best| Exp so far|  W time|  rho|KenW|  Qvar|
+-+-----------+-----------+-----------+---------------+-----------+--------+-----+----+------+
|x|         11|         22|        108|  -0.9179296646|         22|00:13:14|   NA|  NA|    NA|
|x|          6|         22|        108|  -0.9146247028|         38|00:12:51|+0.94|0.97|0.0034|
|x|          8|         22|        108|  -0.9109649009|         55|00:12:56|+0.93|0.95|0.0038|
|x|          4|         22|        108|  -0.9095798541|         71|00:12:58|+0.95|0.96|0.0036|
|!|          3|          6|        108|  -0.9098585963|         91|00:13:07|+0.61|0.69|0.1554|
+-+-----------+-----------+-----------+---------------+-----------+--------+-----+----+------+
Best configuration:         108    mean value:   -0.9098585963
Description of the best configuration:
    .ID. dataset f_eng1    f_eng2 scaling  algorithm pre_scaling extraction selection  C kernel max_features rf_estimators max_depth min_samples_leaf solver alpha hidden_layers neurons1 activation n_neighbors  weights sel_score sel_percentile sel_threshold degree gamma max_depth_value learning_rate_init neurons2 neurons3 .PARENT.
108  108   mnist   None Selection   False KNeighbors       False         NA       RFE NA   <NA>           NA            NA      <NA>               NA   <NA>    NA            NA       NA       <NA>           4 distance      <NA>             69          <NA>     NA    NA              NA                 NA       NA       NA       79

# 2018-05-04 16:54:19 BRT: Elite configurations (first number is the configuration ID; listed from best to worst according to the sum of ranks):
    dataset f_eng1    f_eng2 scaling  algorithm pre_scaling extraction        selection    C kernel max_features rf_estimators max_depth min_samples_leaf solver alpha hidden_layers neurons1 activation n_neighbors  weights sel_score sel_percentile sel_threshold degree gamma max_depth_value learning_rate_init neurons2 neurons3
108   mnist   None Selection   False KNeighbors       False         NA              RFE   NA   <NA>           NA            NA      <NA>               NA   <NA>    NA            NA       NA       <NA>           4 distance      <NA>             69          <NA>     NA    NA              NA                 NA       NA       NA
139   mnist   None Selection    True KNeighbors        True         NA              RFE   NA   <NA>           NA            NA      <NA>               NA   <NA>    NA            NA       NA       <NA>           2 distance      <NA>             88          <NA>     NA    NA              NA                 NA       NA       NA
95    mnist   None Selection    True KNeighbors       False         NA SelectPercentile   NA   <NA>           NA            NA      <NA>               NA   <NA>    NA            NA       NA       <NA>           2 distance f_classif             77          <NA>     NA    NA              NA                 NA       NA       NA
51    mnist   None Selection    True KNeighbors        True         NA              RFE   NA   <NA>           NA            NA      <NA>               NA   <NA>    NA            NA       NA       <NA>           1 distance      <NA>             95          <NA>     NA    NA              NA                 NA       NA       NA
79    mnist   None Selection   False KNeighbors       False         NA SelectPercentile   NA   <NA>           NA            NA      <NA>               NA   <NA>    NA            NA       NA       <NA>           1  uniform f_classif             86          <NA>     NA    NA              NA                 NA       NA       NA
9     mnist   None      None   False        SVM        <NA>         NA             <NA> 4.06   poly           NA            NA      <NA>               NA   <NA>    NA            NA       NA       <NA>          NA     <NA>      <NA>             NA          <NA>      5 -1.51              NA                 NA       NA       NA
# 2018-05-04 16:54:19 BRT: Iteration 8 of 8
# experimentsUsedSoFar: 900
# remainingBudget: 100
# currentBudget: 100
# nbConfigurations: 13
  Markers:
     x No test is performed.
     - The test is performed and some configurations are discarded.
     = The test is performed but no configuration is discarded.
     ! The test is performed and configurations could be discarded but elite configurations are preserved.
                                                                   
+-+-----------+-----------+-----------+---------------+-----------+--------+-----+----+------+
| |   Instance|      Alive|       Best|      Mean best| Exp so far|  W time|  rho|KenW|  Qvar|
+-+-----------+-----------+-----------+---------------+-----------+--------+-----+----+------+
|x|         12|         13|        108|  -0.9076467196|         13|00:15:00|   NA|  NA|    NA|
|x|          6|         13|        108|  -0.9094832303|         20|00:15:00|+0.97|0.98|0.0000|
|x|          3|         13|        108|  -0.9099800086|         27|00:15:00|+0.93|0.95|0.0000|
|x|         11|         13|        108|  -0.9119674226|         34|00:15:00|+0.94|0.96|0.0000|
|!|          9|          6|        108|  -0.9133323967|         42|00:15:00|+0.48|0.59|0.1251|
+-+-----------+-----------+-----------+---------------+-----------+--------+-----+----+------+
Best configuration:         108    mean value:   -0.9133323967
Description of the best configuration:
    .ID. dataset f_eng1    f_eng2 scaling  algorithm pre_scaling extraction selection  C kernel max_features rf_estimators max_depth min_samples_leaf solver alpha hidden_layers neurons1 activation n_neighbors  weights sel_score sel_percentile sel_threshold degree gamma max_depth_value learning_rate_init neurons2 neurons3 .PARENT.
108  108   mnist   None Selection   False KNeighbors       False         NA       RFE NA   <NA>           NA            NA      <NA>               NA   <NA>    NA            NA       NA       <NA>           4 distance      <NA>             69          <NA>     NA    NA              NA                 NA       NA       NA       79

# 2018-05-04 18:09:20 BRT: Elite configurations (first number is the configuration ID; listed from best to worst according to the sum of ranks):
    dataset f_eng1    f_eng2 scaling  algorithm pre_scaling extraction        selection    C kernel max_features rf_estimators max_depth min_samples_leaf solver alpha hidden_layers neurons1 activation n_neighbors  weights sel_score sel_percentile sel_threshold degree gamma max_depth_value learning_rate_init neurons2 neurons3
108   mnist   None Selection   False KNeighbors       False         NA              RFE   NA   <NA>           NA            NA      <NA>               NA   <NA>    NA            NA       NA       <NA>           4 distance      <NA>             69          <NA>     NA    NA              NA                 NA       NA       NA
139   mnist   None Selection    True KNeighbors        True         NA              RFE   NA   <NA>           NA            NA      <NA>               NA   <NA>    NA            NA       NA       <NA>           2 distance      <NA>             88          <NA>     NA    NA              NA                 NA       NA       NA
95    mnist   None Selection    True KNeighbors       False         NA SelectPercentile   NA   <NA>           NA            NA      <NA>               NA   <NA>    NA            NA       NA       <NA>           2 distance f_classif             77          <NA>     NA    NA              NA                 NA       NA       NA
51    mnist   None Selection    True KNeighbors        True         NA              RFE   NA   <NA>           NA            NA      <NA>               NA   <NA>    NA            NA       NA       <NA>           1 distance      <NA>             95          <NA>     NA    NA              NA                 NA       NA       NA
79    mnist   None Selection   False KNeighbors       False         NA SelectPercentile   NA   <NA>           NA            NA      <NA>               NA   <NA>    NA            NA       NA       <NA>           1  uniform f_classif             86          <NA>     NA    NA              NA                 NA       NA       NA
9     mnist   None      None   False        SVM        <NA>         NA             <NA> 4.06   poly           NA            NA      <NA>               NA   <NA>    NA            NA       NA       <NA>          NA     <NA>      <NA>             NA          <NA>      5 -1.51              NA                 NA       NA       NA
# 2018-05-04 18:09:20 BRT: Iteration 9 of 9
# experimentsUsedSoFar: 942
# remainingBudget: 58
# currentBudget: 58
# nbConfigurations: 10
  Markers:
     x No test is performed.
     - The test is performed and some configurations are discarded.
     = The test is performed but no configuration is discarded.
     ! The test is performed and configurations could be discarded but elite configurations are preserved.
                                                                   
+-+-----------+-----------+-----------+---------------+-----------+--------+-----+----+------+
| |   Instance|      Alive|       Best|      Mean best| Exp so far|  W time|  rho|KenW|  Qvar|
+-+-----------+-----------+-----------+---------------+-----------+--------+-----+----+------+
|x|         13|         10|        108|  -0.9183590183|         10|00:11:24|   NA|  NA|    NA|
|x|         11|         10|        108|  -0.9181443414|         14|00:10:49|+0.98|0.99|0.0124|
|x|         10|         10|        108|  -0.9164658308|         18|00:10:54|+0.96|0.97|0.0122|
|x|          2|         10|        108|  -0.9152062968|         23|00:10:50|+0.96|0.97|0.0100|
|!|          1|          6|        108|  -0.9155226138|         27|00:10:49|+0.93|0.95|0.0779|
+-+-----------+-----------+-----------+---------------+-----------+--------+-----+----+------+
Best configuration:         108    mean value:   -0.9155226138
Description of the best configuration:
    .ID. dataset f_eng1    f_eng2 scaling  algorithm pre_scaling extraction selection  C kernel max_features rf_estimators max_depth min_samples_leaf solver alpha hidden_layers neurons1 activation n_neighbors  weights sel_score sel_percentile sel_threshold degree gamma max_depth_value learning_rate_init neurons2 neurons3 .PARENT.
108  108   mnist   None Selection   False KNeighbors       False         NA       RFE NA   <NA>           NA            NA      <NA>               NA   <NA>    NA            NA       NA       <NA>           4 distance      <NA>             69          <NA>     NA    NA              NA                 NA       NA       NA       79

# 2018-05-04 19:04:09 BRT: Elite configurations (first number is the configuration ID; listed from best to worst according to the sum of ranks):
    dataset f_eng1    f_eng2 scaling  algorithm pre_scaling extraction        selection    C kernel max_features rf_estimators max_depth min_samples_leaf solver alpha hidden_layers neurons1 activation n_neighbors  weights sel_score sel_percentile sel_threshold degree gamma max_depth_value learning_rate_init neurons2 neurons3
108   mnist   None Selection   False KNeighbors       False         NA              RFE   NA   <NA>           NA            NA      <NA>               NA   <NA>    NA            NA       NA       <NA>           4 distance      <NA>             69          <NA>     NA    NA              NA                 NA       NA       NA
139   mnist   None Selection    True KNeighbors        True         NA              RFE   NA   <NA>           NA            NA      <NA>               NA   <NA>    NA            NA       NA       <NA>           2 distance      <NA>             88          <NA>     NA    NA              NA                 NA       NA       NA
95    mnist   None Selection    True KNeighbors       False         NA SelectPercentile   NA   <NA>           NA            NA      <NA>               NA   <NA>    NA            NA       NA       <NA>           2 distance f_classif             77          <NA>     NA    NA              NA                 NA       NA       NA
51    mnist   None Selection    True KNeighbors        True         NA              RFE   NA   <NA>           NA            NA      <NA>               NA   <NA>    NA            NA       NA       <NA>           1 distance      <NA>             95          <NA>     NA    NA              NA                 NA       NA       NA
79    mnist   None Selection   False KNeighbors       False         NA SelectPercentile   NA   <NA>           NA            NA      <NA>               NA   <NA>    NA            NA       NA       <NA>           1  uniform f_classif             86          <NA>     NA    NA              NA                 NA       NA       NA
9     mnist   None      None   False        SVM        <NA>         NA             <NA> 4.06   poly           NA            NA      <NA>               NA   <NA>    NA            NA       NA       <NA>          NA     <NA>      <NA>             NA          <NA>      5 -1.51              NA                 NA       NA       NA
# 2018-05-04 19:04:09 BRT: Iteration 10 of 10
# experimentsUsedSoFar: 969
# remainingBudget: 31
# currentBudget: 31
# nbConfigurations: 7
  Markers:
     x No test is performed.
     - The test is performed and some configurations are discarded.
     = The test is performed but no configuration is discarded.
     ! The test is performed and configurations could be discarded but elite configurations are preserved.
                                                                   
+-+-----------+-----------+-----------+---------------+-----------+--------+-----+----+------+
| |   Instance|      Alive|       Best|      Mean best| Exp so far|  W time|  rho|KenW|  Qvar|
+-+-----------+-----------+-----------+---------------+-----------+--------+-----+----+------+
|x|         14|          7|        108|  -0.9070170750|          7|00:08:37|   NA|  NA|    NA|
|x|          1|          7|        108|  -0.9119024783|          8|00:00:43|+1.00|1.00|0.0033|
|x|         10|          7|        108|  -0.9123045887|          9|00:00:43|+0.98|0.98|0.0057|
|x|         11|          7|        108|  -0.9137108576|         10|00:00:43|+0.98|0.99|0.0049|
|!|         12|          6|        108|  -0.9124980300|         11|00:00:42|+0.78|0.82|0.0797|
+-+-----------+-----------+-----------+---------------+-----------+--------+-----+----+------+
Best configuration:         108    mean value:   -0.9124980300
Description of the best configuration:
    .ID. dataset f_eng1    f_eng2 scaling  algorithm pre_scaling extraction selection  C kernel max_features rf_estimators max_depth min_samples_leaf solver alpha hidden_layers neurons1 activation n_neighbors  weights sel_score sel_percentile sel_threshold degree gamma max_depth_value learning_rate_init neurons2 neurons3 .PARENT.
108  108   mnist   None Selection   False KNeighbors       False         NA       RFE NA   <NA>           NA            NA      <NA>               NA   <NA>    NA            NA       NA       <NA>           4 distance      <NA>             69          <NA>     NA    NA              NA                 NA       NA       NA       79

# 2018-05-04 19:15:41 BRT: Elite configurations (first number is the configuration ID; listed from best to worst according to the sum of ranks):
    dataset f_eng1    f_eng2 scaling  algorithm pre_scaling extraction        selection    C kernel max_features rf_estimators max_depth min_samples_leaf solver alpha hidden_layers neurons1 activation n_neighbors  weights sel_score sel_percentile sel_threshold degree gamma max_depth_value learning_rate_init neurons2 neurons3
108   mnist   None Selection   False KNeighbors       False         NA              RFE   NA   <NA>           NA            NA      <NA>               NA   <NA>    NA            NA       NA       <NA>           4 distance      <NA>             69          <NA>     NA    NA              NA                 NA       NA       NA
139   mnist   None Selection    True KNeighbors        True         NA              RFE   NA   <NA>           NA            NA      <NA>               NA   <NA>    NA            NA       NA       <NA>           2 distance      <NA>             88          <NA>     NA    NA              NA                 NA       NA       NA
95    mnist   None Selection    True KNeighbors       False         NA SelectPercentile   NA   <NA>           NA            NA      <NA>               NA   <NA>    NA            NA       NA       <NA>           2 distance f_classif             77          <NA>     NA    NA              NA                 NA       NA       NA
51    mnist   None Selection    True KNeighbors        True         NA              RFE   NA   <NA>           NA            NA      <NA>               NA   <NA>    NA            NA       NA       <NA>           1 distance      <NA>             95          <NA>     NA    NA              NA                 NA       NA       NA
79    mnist   None Selection   False KNeighbors       False         NA SelectPercentile   NA   <NA>           NA            NA      <NA>               NA   <NA>    NA            NA       NA       <NA>           1  uniform f_classif             86          <NA>     NA    NA              NA                 NA       NA       NA
9     mnist   None      None   False        SVM        <NA>         NA             <NA> 4.06   poly           NA            NA      <NA>               NA   <NA>    NA            NA       NA       <NA>          NA     <NA>      <NA>             NA          <NA>      5 -1.51              NA                 NA       NA       NA
# 2018-05-04 19:15:41 BRT: Stopped because there is not enough budget left to race more than the minimum (6)
# You may either increase the budget or set 'minNbSurvival' to a lower value
# Iteration: 11
# nbIterations: 11
# experimentsUsedSoFar: 980
# timeUsed: 0
# remainingBudget: 20
# currentBudget: 20
# number of elites: 6
# nbConfigurations: 6
# Best configurations (first number is the configuration ID; listed from best to worst according to the sum of ranks):
    dataset f_eng1    f_eng2 scaling  algorithm pre_scaling extraction        selection    C kernel max_features rf_estimators max_depth min_samples_leaf solver alpha hidden_layers neurons1 activation n_neighbors  weights sel_score sel_percentile sel_threshold degree gamma max_depth_value learning_rate_init neurons2 neurons3
108   mnist   None Selection   False KNeighbors       False         NA              RFE   NA   <NA>           NA            NA      <NA>               NA   <NA>    NA            NA       NA       <NA>           4 distance      <NA>             69          <NA>     NA    NA              NA                 NA       NA       NA
139   mnist   None Selection    True KNeighbors        True         NA              RFE   NA   <NA>           NA            NA      <NA>               NA   <NA>    NA            NA       NA       <NA>           2 distance      <NA>             88          <NA>     NA    NA              NA                 NA       NA       NA
95    mnist   None Selection    True KNeighbors       False         NA SelectPercentile   NA   <NA>           NA            NA      <NA>               NA   <NA>    NA            NA       NA       <NA>           2 distance f_classif             77          <NA>     NA    NA              NA                 NA       NA       NA
51    mnist   None Selection    True KNeighbors        True         NA              RFE   NA   <NA>           NA            NA      <NA>               NA   <NA>    NA            NA       NA       <NA>           1 distance      <NA>             95          <NA>     NA    NA              NA                 NA       NA       NA
79    mnist   None Selection   False KNeighbors       False         NA SelectPercentile   NA   <NA>           NA            NA      <NA>               NA   <NA>    NA            NA       NA       <NA>           1  uniform f_classif             86          <NA>     NA    NA              NA                 NA       NA       NA
9     mnist   None      None   False        SVM        <NA>         NA             <NA> 4.06   poly           NA            NA      <NA>               NA   <NA>    NA            NA       NA       <NA>          NA     <NA>      <NA>             NA          <NA>      5 -1.51              NA                 NA       NA       NA
# Best configurations as commandlines (first number is the configuration ID; same order as above):
108  --dataset mnist --f_eng1 None --f_eng2 Selection --pre_scaling False --selection RFE --sel_percentile 69 --scaling False --algorithm KNeighbors --n_neighbors 4 --weights distance
139  --dataset mnist --f_eng1 None --f_eng2 Selection --pre_scaling True --selection RFE --sel_percentile 88 --scaling True --algorithm KNeighbors --n_neighbors 2 --weights distance
95   --dataset mnist --f_eng1 None --f_eng2 Selection --pre_scaling False --selection SelectPercentile --sel_score f_classif --sel_percentile 77 --scaling True --algorithm KNeighbors --n_neighbors 2 --weights distance
51   --dataset mnist --f_eng1 None --f_eng2 Selection --pre_scaling True --selection RFE --sel_percentile 95 --scaling True --algorithm KNeighbors --n_neighbors 1 --weights distance
79   --dataset mnist --f_eng1 None --f_eng2 Selection --pre_scaling False --selection SelectPercentile --sel_score f_classif --sel_percentile 86 --scaling False --algorithm KNeighbors --n_neighbors 1 --weights uniform
9    --dataset mnist --f_eng1 None --f_eng2 None --scaling False --algorithm SVM --C 4.06 --kernel poly --degree 5 --gamma -1.51
