*******************************************************************************
* irace: An implementation in R of Iterated Race
* Version: 3.1.2112M
* Copyright (C) 2010-2018
* Manuel Lopez-Ibanez     <manuel.lopez-ibanez@manchester.ac.uk>
* Jeremie Dubois-Lacoste  
* Leslie Perez Caceres    <leslie.perez.caceres@ulb.ac.be>
*
* This is free software, and you are welcome to redistribute it under certain
* conditions.  See the GNU General Public License for details. There is NO
* WARRANTY; not even for MERCHANTABILITY or FITNESS FOR A PARTICULAR PURPOSE.
*
* irace builds upon previous code from the race package:
*
* race: Racing methods for the selection of the best
* Copyright (C) 2003 Mauro Birattari
*******************************************************************************
# installed at: /home/cemvieira/bin/R/irace
# called with: -s scenario.txt --max-experiments 2000 -p ./svhn/parameters-1547597.txt --parallel 32 --train-instances-file svhn/new-instances.txt --log-file ./output/svhn/svhn-1f2k10m-irace-1547597.Rdata
# 8 expression(s) specifying forbidden configurations read from '/home/cemvieira/isklearn/forbidden.txt'
# 2020-07-02 20:47:02 BRT: Initialization
# Elitist race
# Elitist new instances: 1
# Elitist limit: 2
# nbIterations: 7
# minNbSurvival: 7
# nbParameters: 50
# seed: 369915249
# confidence level: 0.95
# budget: 2000
# mu: 5
# deterministic: TRUE

# 2020-07-02 20:47:02 BRT: Iteration 1 of 7
# experimentsUsedSoFar: 0
# remainingBudget: 2000
# currentBudget: 285
# nbConfigurations: 47
  Markers:
     x No test is performed.
     - The test is performed and some configurations are discarded.
     = The test is performed but no configuration is discarded.
     ! The test is performed and configurations could be discarded but elite configurations are preserved.
     . All alive configurations are elite and nothing is discarded

+-+-----------+-----------+-----------+---------------+-----------+--------+-----+----+------+
| |   Instance|      Alive|       Best|      Mean best| Exp so far|  W time|  rho|KenW|  Qvar|
+-+-----------+-----------+-----------+---------------+-----------+--------+-----+----+------+
|x|          1|         47|          2|  -0.1994265552|         47|00:20:01|   NA|  NA|    NA|
|x|          2|         47|          2|  -0.2025394122|         94|00:20:01|+0.99|1.00|0.0000|
|x|          3|         47|          2|  -0.2018426747|        141|00:20:01|+1.00|1.00|0.0000|
|x|          4|         47|          2|  -0.2043063593|        188|00:20:01|+1.00|1.00|0.0000|
|!|          5|          1|          2|  -0.2045570574|        235|00:20:01|   NA|  NA|    NA|
+-+-----------+-----------+-----------+---------------+-----------+--------+-----+----+------+
Best-so-far configuration:           2    mean value:   -0.2045570574
Description of the best-so-far configuration:
  .ID. dataset  job_id cutoff metafolds           task sparse f_eng1 f_eng2 scaling          algorithm pre_scaling extraction ext_components selection   lr_C lr_solver multi_class  C kernel rf_estimators criterion_classification criterion_regression max_features max_depth min_samples_leaf solver alpha hidden_layers neurons1 activation n_neighbors weights ab_estimators ab_learning_rate ab_loss whiten svd_solver ica_algorithm ica_fun dl_fit_algorithm dl_transform_algorithm sel_model sel_score_classification sel_score_regression sel_percentile sel_threshold max_iter lr_penalty degree gamma max_depth_value mlp_learning_rate learning_rate_init neurons2 neurons3 lr_dual .PARENT.
2    2    svhn 1547597     10         1 classification  False   None   None    True LogisticRegression        <NA>       <NA>             NA      <NA> -3.892     lbfgs         ovr NA   <NA>            NA                     <NA>                   NA           NA      <NA>               NA   <NA>    NA            NA       NA       <NA>          NA    <NA>            NA               NA      NA   <NA>       <NA>          <NA>    <NA>             <NA>                   <NA>      <NA>                     <NA>                   NA             NA          <NA>      638       <NA>     NA    NA              NA              <NA>                 NA       NA       NA      NA       NA

# 2020-07-02 22:27:10 BRT: Elite configurations (first number is the configuration ID; listed from best to worst according to the sum of ranks):
  dataset  job_id cutoff metafolds           task sparse f_eng1 f_eng2 scaling          algorithm pre_scaling extraction ext_components selection   lr_C lr_solver multi_class  C kernel rf_estimators criterion_classification criterion_regression max_features max_depth min_samples_leaf solver alpha hidden_layers neurons1 activation n_neighbors weights ab_estimators ab_learning_rate ab_loss whiten svd_solver ica_algorithm ica_fun dl_fit_algorithm dl_transform_algorithm sel_model sel_score_classification sel_score_regression sel_percentile sel_threshold max_iter lr_penalty degree gamma max_depth_value mlp_learning_rate learning_rate_init neurons2 neurons3 lr_dual
2    svhn 1547597     10         1 classification  False   None   None    True LogisticRegression        <NA>       <NA>             NA      <NA> -3.892     lbfgs         ovr NA   <NA>            NA                     <NA>                   NA           NA      <NA>               NA   <NA>    NA            NA       NA       <NA>          NA    <NA>            NA               NA      NA   <NA>       <NA>          <NA>    <NA>             <NA>                   <NA>      <NA>                     <NA>                   NA             NA          <NA>      638       <NA>     NA    NA              NA              <NA>                 NA       NA       NA      NA
# 2020-07-02 22:27:10 BRT: Iteration 2 of 7
# experimentsUsedSoFar: 235
# remainingBudget: 1765
# currentBudget: 294
# nbConfigurations: 42
  Markers:
     x No test is performed.
     - The test is performed and some configurations are discarded.
     = The test is performed but no configuration is discarded.
     ! The test is performed and configurations could be discarded but elite configurations are preserved.
     . All alive configurations are elite and nothing is discarded

+-+-----------+-----------+-----------+---------------+-----------+--------+-----+----+------+
| |   Instance|      Alive|       Best|      Mean best| Exp so far|  W time|  rho|KenW|  Qvar|
+-+-----------+-----------+-----------+---------------+-----------+--------+-----+----+------+
|x|          6|         42|         82|  -0.2157513100|         42|00:20:00|   NA|  NA|    NA|
|x|          5|         42|         82|  -0.2139264849|         83|00:20:01|+1.00|1.00|0.0000|
|x|          3|         42|         82|  -0.2145377527|        124|00:20:01|+1.00|1.00|0.0000|
|x|          2|         42|         82|  -0.2181234456|        165|00:20:01|+1.00|1.00|0.0000|
|!|          4|          2|         82|  -0.2195663143|        206|00:20:03|+1.00|1.00|0.0000|
+-+-----------+-----------+-----------+---------------+-----------+--------+-----+----+------+
Best-so-far configuration:           2    mean value:   -0.2044709093
Description of the best-so-far configuration:
  .ID. dataset  job_id cutoff metafolds           task sparse f_eng1 f_eng2 scaling          algorithm pre_scaling extraction ext_components selection   lr_C lr_solver multi_class  C kernel rf_estimators criterion_classification criterion_regression max_features max_depth min_samples_leaf solver alpha hidden_layers neurons1 activation n_neighbors weights ab_estimators ab_learning_rate ab_loss whiten svd_solver ica_algorithm ica_fun dl_fit_algorithm dl_transform_algorithm sel_model sel_score_classification sel_score_regression sel_percentile sel_threshold max_iter lr_penalty degree gamma max_depth_value mlp_learning_rate learning_rate_init neurons2 neurons3 lr_dual .PARENT.
2    2    svhn 1547597     10         1 classification  False   None   None    True LogisticRegression        <NA>       <NA>             NA      <NA> -3.892     lbfgs         ovr NA   <NA>            NA                     <NA>                   NA           NA      <NA>               NA   <NA>    NA            NA       NA       <NA>          NA    <NA>            NA               NA      NA   <NA>       <NA>          <NA>    <NA>             <NA>                   <NA>      <NA>                     <NA>                   NA             NA          <NA>      638       <NA>     NA    NA              NA              <NA>                 NA       NA       NA    <NA>       NA

# 2020-07-03 00:07:20 BRT: Elite configurations (first number is the configuration ID; listed from best to worst according to the sum of ranks):
   dataset  job_id cutoff metafolds           task sparse     f_eng1    f_eng2 scaling          algorithm pre_scaling extraction ext_components       selection   lr_C lr_solver multi_class  C kernel rf_estimators criterion_classification criterion_regression max_features max_depth min_samples_leaf solver alpha hidden_layers neurons1 activation n_neighbors weights ab_estimators ab_learning_rate ab_loss whiten svd_solver ica_algorithm ica_fun dl_fit_algorithm dl_transform_algorithm    sel_model sel_score_classification sel_score_regression sel_percentile sel_threshold max_iter lr_penalty degree gamma max_depth_value mlp_learning_rate learning_rate_init neurons2 neurons3 lr_dual
2     svhn 1547597     10         1 classification  False       None      None    True LogisticRegression        <NA>       <NA>             NA            <NA> -3.892     lbfgs         ovr NA   <NA>            NA                     <NA>                   NA           NA      <NA>               NA   <NA>    NA            NA       NA       <NA>          NA    <NA>            NA               NA      NA   <NA>       <NA>          <NA>    <NA>             <NA>                   <NA>         <NA>                     <NA>                   NA             NA          <NA>      638       <NA>     NA    NA              NA              <NA>                 NA       NA       NA    <NA>
82    svhn 1547597     10         1 classification  False Extraction Selection    True           AdaBoost       False        PCA         0.0408 SelectFromModel     NA      <NA>        <NA> NA   <NA>            NA                     <NA>                   NA           NA      <NA>               NA   <NA>    NA            NA       NA       <NA>          NA    <NA>           328           0.8239      NA   True randomized          <NA>    <NA>             <NA>                   <NA> DecisionTree                     <NA>                   NA             NA          mean       NA       <NA>     NA    NA              NA              <NA>                 NA       NA       NA    <NA>
# 2020-07-03 00:07:20 BRT: Iteration 3 of 7
# experimentsUsedSoFar: 441
# remainingBudget: 1559
# currentBudget: 311
# nbConfigurations: 40
  Markers:
     x No test is performed.
     - The test is performed and some configurations are discarded.
     = The test is performed but no configuration is discarded.
     ! The test is performed and configurations could be discarded but elite configurations are preserved.
     . All alive configurations are elite and nothing is discarded

+-+-----------+-----------+-----------+---------------+-----------+--------+-----+----+------+
| |   Instance|      Alive|       Best|      Mean best| Exp so far|  W time|  rho|KenW|  Qvar|
+-+-----------+-----------+-----------+---------------+-----------+--------+-----+----+------+
|x|          7|         40|          2|  -0.2222127741|         40|00:20:00|   NA|  NA|    NA|
|x|          3|         40|          2|  -0.2113309869|         78|00:20:02|+0.82|0.91|0.1688|
|x|          4|         40|          2|  -0.2114531289|        116|00:20:00|+0.87|0.92|0.1126|
|x|          6|         40|          2|  -0.2095998888|        154|00:20:00|+0.90|0.93|0.0844|
|!|          1|          5|          2|  -0.2075652221|        193|00:20:01|+0.22|0.38|0.8804|
+-+-----------+-----------+-----------+---------------+-----------+--------+-----+----+------+
Best-so-far configuration:          82    mean value:     1227133513.
Description of the best-so-far configuration:
   .ID. dataset  job_id cutoff metafolds           task sparse     f_eng1    f_eng2 scaling algorithm pre_scaling extraction ext_components       selection lr_C lr_solver multi_class  C kernel rf_estimators criterion_classification criterion_regression max_features max_depth min_samples_leaf solver alpha hidden_layers neurons1 activation n_neighbors weights ab_estimators ab_learning_rate ab_loss whiten svd_solver ica_algorithm ica_fun dl_fit_algorithm dl_transform_algorithm    sel_model sel_score_classification sel_score_regression sel_percentile sel_threshold max_iter lr_penalty degree gamma max_depth_value mlp_learning_rate learning_rate_init neurons2 neurons3 lr_dual .PARENT.
82   82    svhn 1547597     10         1 classification  False Extraction Selection    True  AdaBoost       False        PCA         0.0408 SelectFromModel   NA      <NA>        <NA> NA   <NA>            NA                     <NA>                   NA           NA      <NA>               NA   <NA>    NA            NA       NA       <NA>          NA    <NA>           328           0.8239      NA   True randomized          <NA>    <NA>             <NA>                   <NA> DecisionTree                     <NA>                   NA             NA          mean       NA       <NA>     NA    NA              NA              <NA>                 NA       NA       NA    <NA>        2

# 2020-07-03 01:47:27 BRT: Elite configurations (first number is the configuration ID; listed from best to worst according to the sum of ranks):
    dataset  job_id cutoff metafolds           task sparse     f_eng1     f_eng2 scaling          algorithm pre_scaling extraction ext_components       selection   lr_C lr_solver multi_class  C kernel rf_estimators criterion_classification criterion_regression max_features max_depth min_samples_leaf solver alpha hidden_layers neurons1 activation n_neighbors weights ab_estimators ab_learning_rate ab_loss whiten svd_solver ica_algorithm ica_fun dl_fit_algorithm dl_transform_algorithm    sel_model sel_score_classification sel_score_regression sel_percentile sel_threshold max_iter lr_penalty degree gamma max_depth_value mlp_learning_rate learning_rate_init neurons2 neurons3 lr_dual
82     svhn 1547597     10         1 classification  False Extraction  Selection    True           AdaBoost       False        PCA         0.0408 SelectFromModel     NA      <NA>        <NA> NA   <NA>            NA                     <NA>                   NA           NA      <NA>               NA   <NA>    NA            NA       NA       <NA>          NA    <NA>           328           0.8239      NA   True randomized          <NA>    <NA>             <NA>                   <NA> DecisionTree                     <NA>                   NA             NA          mean       NA       <NA>     NA    NA              NA              <NA>                 NA       NA       NA    <NA>
2      svhn 1547597     10         1 classification  False       None       None    True LogisticRegression        <NA>       <NA>             NA            <NA> -3.892     lbfgs         ovr NA   <NA>            NA                     <NA>                   NA           NA      <NA>               NA   <NA>    NA            NA       NA       <NA>          NA    <NA>            NA               NA      NA   <NA>       <NA>          <NA>    <NA>             <NA>                   <NA>         <NA>                     <NA>                   NA             NA          <NA>      638       <NA>     NA    NA              NA              <NA>                 NA       NA       NA    <NA>
120    svhn 1547597     10         1 classification  False       None Extraction    True       DecisionTree       False        PCA         0.1236            <NA>     NA      <NA>        <NA> NA   <NA>            NA                     gini                   NA       0.5011     value           0.0148   <NA>    NA            NA       NA       <NA>          NA    <NA>            NA               NA      NA   True       auto          <NA>    <NA>             <NA>                   <NA>         <NA>                     <NA>                   NA             NA          <NA>       NA       <NA>     NA    NA               2              <NA>                 NA       NA       NA    <NA>
91     svhn 1547597     10         1 classification  False       None       None    True       DecisionTree        <NA>       <NA>             NA            <NA>     NA      <NA>        <NA> NA   <NA>            NA                     gini                   NA       0.1269      none           0.2318   <NA>    NA            NA       NA       <NA>          NA    <NA>            NA               NA      NA   <NA>       <NA>          <NA>    <NA>             <NA>                   <NA>         <NA>                     <NA>                   NA             NA          <NA>       NA       <NA>     NA    NA              16              <NA>                 NA       NA       NA    <NA>
126    svhn 1547597     10         1 classification  False Extraction       None    True       DecisionTree        True        PCA         0.0381            <NA>     NA      <NA>        <NA> NA   <NA>            NA                     gini                   NA       0.3965     value           0.2680   <NA>    NA            NA       NA       <NA>          NA    <NA>            NA               NA      NA   True randomized          <NA>    <NA>             <NA>                   <NA>         <NA>                     <NA>                   NA             NA          <NA>       NA       <NA>     NA    NA              23              <NA>                 NA       NA       NA    <NA>
# 2020-07-03 01:47:27 BRT: Iteration 4 of 7
# experimentsUsedSoFar: 634
# remainingBudget: 1366
# currentBudget: 341
# nbConfigurations: 41
  Markers:
     x No test is performed.
     - The test is performed and some configurations are discarded.
     = The test is performed but no configuration is discarded.
     ! The test is performed and configurations could be discarded but elite configurations are preserved.
     . All alive configurations are elite and nothing is discarded

+-+-----------+-----------+-----------+---------------+-----------+--------+-----+----+------+
| |   Instance|      Alive|       Best|      Mean best| Exp so far|  W time|  rho|KenW|  Qvar|
+-+-----------+-----------+-----------+---------------+-----------+--------+-----+----+------+
|x|          8|         41|        145|  -0.2150857454|         41|00:16:41|   NA|  NA|    NA|
|x|          4|         41|        145|  -0.2187195461|         77|00:14:19|+0.90|0.95|0.0605|
|x|          1|         41|        145|  -0.2143767232|        113|00:14:18|+0.93|0.95|0.0404|
|x|          6|         41|        145|  -0.2141756053|        149|00:14:24|+0.93|0.95|0.0404|
|!|          3|          7|        145|  -0.2124716495|        185|00:14:21|+0.31|0.45|0.8692|
+-+-----------+-----------+-----------+---------------+-----------+--------+-----+----+------+
Best-so-far configuration:          82    mean value:     1610612736.
Description of the best-so-far configuration:
   .ID. dataset  job_id cutoff metafolds           task sparse     f_eng1    f_eng2 scaling algorithm pre_scaling extraction ext_components       selection lr_C lr_solver multi_class  C kernel rf_estimators criterion_classification criterion_regression max_features max_depth min_samples_leaf solver alpha hidden_layers neurons1 activation n_neighbors weights ab_estimators ab_learning_rate ab_loss whiten svd_solver ica_algorithm ica_fun dl_fit_algorithm dl_transform_algorithm    sel_model sel_score_classification sel_score_regression sel_percentile sel_threshold max_iter lr_penalty degree gamma max_depth_value mlp_learning_rate learning_rate_init neurons2 neurons3 lr_dual .PARENT.
82   82    svhn 1547597     10         1 classification  False Extraction Selection    True  AdaBoost       False        PCA         0.0408 SelectFromModel   NA      <NA>        <NA> NA   <NA>            NA                     <NA>                   NA           NA      <NA>               NA   <NA>    NA            NA       NA       <NA>          NA    <NA>           328           0.8239      NA   True randomized          <NA>    <NA>             <NA>                   <NA> DecisionTree                     <NA>                   NA             NA          mean       NA       <NA>     NA    NA              NA              <NA>                 NA       NA       NA    <NA>        2

# 2020-07-03 03:01:34 BRT: Elite configurations (first number is the configuration ID; listed from best to worst according to the sum of ranks):
    dataset  job_id cutoff metafolds           task sparse     f_eng1     f_eng2 scaling          algorithm pre_scaling extraction ext_components       selection    lr_C lr_solver multi_class  C kernel rf_estimators criterion_classification criterion_regression max_features max_depth min_samples_leaf solver alpha hidden_layers neurons1 activation n_neighbors weights ab_estimators ab_learning_rate ab_loss whiten svd_solver ica_algorithm ica_fun dl_fit_algorithm dl_transform_algorithm    sel_model sel_score_classification sel_score_regression sel_percentile sel_threshold max_iter lr_penalty degree gamma max_depth_value mlp_learning_rate learning_rate_init neurons2 neurons3 lr_dual
82     svhn 1547597     10         1 classification  False Extraction  Selection    True           AdaBoost       False        PCA         0.0408 SelectFromModel      NA      <NA>        <NA> NA   <NA>            NA                     <NA>                   NA           NA      <NA>               NA   <NA>    NA            NA       NA       <NA>          NA    <NA>           328           0.8239      NA   True randomized          <NA>    <NA>             <NA>                   <NA> DecisionTree                     <NA>                   NA             NA          mean       NA       <NA>     NA    NA              NA              <NA>                 NA       NA       NA    <NA>
2      svhn 1547597     10         1 classification  False       None       None    True LogisticRegression        <NA>       <NA>             NA            <NA> -3.8920     lbfgs         ovr NA   <NA>            NA                     <NA>                   NA           NA      <NA>               NA   <NA>    NA            NA       NA       <NA>          NA    <NA>            NA               NA      NA   <NA>       <NA>          <NA>    <NA>             <NA>                   <NA>         <NA>                     <NA>                   NA             NA          <NA>      638       <NA>     NA    NA              NA              <NA>                 NA       NA       NA    <NA>
120    svhn 1547597     10         1 classification  False       None Extraction    True       DecisionTree       False        PCA         0.1236            <NA>      NA      <NA>        <NA> NA   <NA>            NA                     gini                   NA       0.5011     value           0.0148   <NA>    NA            NA       NA       <NA>          NA    <NA>            NA               NA      NA   True       auto          <NA>    <NA>             <NA>                   <NA>         <NA>                     <NA>                   NA             NA          <NA>       NA       <NA>     NA    NA               2              <NA>                 NA       NA       NA    <NA>
91     svhn 1547597     10         1 classification  False       None       None    True       DecisionTree        <NA>       <NA>             NA            <NA>      NA      <NA>        <NA> NA   <NA>            NA                     gini                   NA       0.1269      none           0.2318   <NA>    NA            NA       NA       <NA>          NA    <NA>            NA               NA      NA   <NA>       <NA>          <NA>    <NA>             <NA>                   <NA>         <NA>                     <NA>                   NA             NA          <NA>       NA       <NA>     NA    NA              16              <NA>                 NA       NA       NA    <NA>
126    svhn 1547597     10         1 classification  False Extraction       None    True       DecisionTree        True        PCA         0.0381            <NA>      NA      <NA>        <NA> NA   <NA>            NA                     gini                   NA       0.3965     value           0.2680   <NA>    NA            NA       NA       <NA>          NA    <NA>            NA               NA      NA   True randomized          <NA>    <NA>             <NA>                   <NA>         <NA>                     <NA>                   NA             NA          <NA>       NA       <NA>     NA    NA              23              <NA>                 NA       NA       NA    <NA>
145    svhn 1547597     10         1 classification  False       None       None    True LogisticRegression        <NA>       <NA>             NA            <NA> -3.6257     lbfgs         ovr NA   <NA>            NA                     <NA>                   NA           NA      <NA>               NA   <NA>    NA            NA       NA       <NA>          NA    <NA>            NA               NA      NA   <NA>       <NA>          <NA>    <NA>             <NA>                   <NA>         <NA>                     <NA>                   NA             NA          <NA>      917       <NA>     NA    NA              NA              <NA>                 NA       NA       NA    <NA>
161    svhn 1547597     10         1 classification  False       None  Selection   False           AdaBoost       False       <NA>             NA SelectFromModel      NA      <NA>        <NA> NA   <NA>            NA                     <NA>                   NA           NA      <NA>               NA   <NA>    NA            NA       NA       <NA>          NA    <NA>           279           0.1373      NA   <NA>       <NA>          <NA>    <NA>             <NA>                   <NA> DecisionTree                     <NA>                   NA             NA          mean       NA       <NA>     NA    NA              NA              <NA>                 NA       NA       NA    <NA>
# 2020-07-03 03:01:34 BRT: Iteration 5 of 7
# experimentsUsedSoFar: 819
# remainingBudget: 1181
# currentBudget: 393
# nbConfigurations: 44
  Markers:
     x No test is performed.
     - The test is performed and some configurations are discarded.
     = The test is performed but no configuration is discarded.
     ! The test is performed and configurations could be discarded but elite configurations are preserved.
     . All alive configurations are elite and nothing is discarded

+-+-----------+-----------+-----------+---------------+-----------+--------+-----+----+------+
| |   Instance|      Alive|       Best|      Mean best| Exp so far|  W time|  rho|KenW|  Qvar|
+-+-----------+-----------+-----------+---------------+-----------+--------+-----+----+------+
|x|          9|         44|        169|  -0.2487762103|         44|00:18:25|   NA|  NA|    NA|
|x|          4|         44|        169|  -0.2497650833|         81|00:15:59|+0.81|0.90|0.1877|
|x|          6|         44|        196|  -0.2425059044|        118|00:16:13|+0.87|0.92|0.1252|
|x|          7|         44|        196|  -0.2452113346|        157|00:16:27|+0.88|0.91|0.1175|
|!|          1|         12|        196|  -0.2449864744|        194|00:16:04|+0.71|0.77|0.6407|
|!|          5|         11|        196|  -0.2426843859|        204|00:05:34|+0.75|0.79|0.6093|
|-|          8|         11|        196|  -0.2439339720|        208|00:00:59|+0.76|0.80|0.5970|
|-|          2|         11|        196|  -0.2443099396|        217|00:05:39|+0.75|0.78|0.6075|
|!|          3|          3|        196|  -0.2455679804|        221|00:01:01|-0.03|0.09|0.6088|
+-+-----------+-----------+-----------+---------------+-----------+--------+-----+----+------+
Best-so-far configuration:         196    mean value:   -0.2455679804
Description of the best-so-far configuration:
    .ID. dataset  job_id cutoff metafolds           task sparse     f_eng1    f_eng2 scaling algorithm pre_scaling extraction ext_components       selection lr_C lr_solver multi_class  C kernel rf_estimators criterion_classification criterion_regression max_features max_depth min_samples_leaf solver alpha hidden_layers neurons1 activation n_neighbors weights ab_estimators ab_learning_rate ab_loss whiten svd_solver ica_algorithm ica_fun dl_fit_algorithm dl_transform_algorithm    sel_model sel_score_classification sel_score_regression sel_percentile sel_threshold max_iter lr_penalty degree gamma max_depth_value mlp_learning_rate learning_rate_init neurons2 neurons3 lr_dual .PARENT.
196  196    svhn 1547597     10         1 classification  False Extraction Selection    True  AdaBoost       False        PCA         0.0306 SelectFromModel   NA      <NA>        <NA> NA   <NA>            NA                     <NA>                   NA           NA      <NA>               NA   <NA>    NA            NA       NA       <NA>          NA    <NA>           176           0.4685      NA   True randomized          <NA>    <NA>             <NA>                   <NA> DecisionTree                     <NA>                   NA             NA          mean       NA       <NA>     NA    NA              NA              <NA>                 NA       NA       NA    <NA>       82

# 2020-07-03 04:38:01 BRT: Elite configurations (first number is the configuration ID; listed from best to worst according to the sum of ranks):
    dataset  job_id cutoff metafolds           task sparse     f_eng1     f_eng2 scaling    algorithm pre_scaling extraction ext_components       selection lr_C lr_solver multi_class  C kernel rf_estimators criterion_classification criterion_regression max_features max_depth min_samples_leaf solver alpha hidden_layers neurons1 activation n_neighbors weights ab_estimators ab_learning_rate ab_loss whiten svd_solver ica_algorithm ica_fun dl_fit_algorithm dl_transform_algorithm    sel_model sel_score_classification sel_score_regression sel_percentile sel_threshold max_iter lr_penalty degree gamma max_depth_value mlp_learning_rate learning_rate_init neurons2 neurons3 lr_dual
196    svhn 1547597     10         1 classification  False Extraction  Selection    True     AdaBoost       False        PCA         0.0306 SelectFromModel   NA      <NA>        <NA> NA   <NA>            NA                     <NA>                   NA           NA      <NA>               NA   <NA>    NA            NA       NA       <NA>          NA    <NA>           176           0.4685      NA   True randomized          <NA>    <NA>             <NA>                   <NA> DecisionTree                     <NA>                   NA             NA          mean       NA       <NA>     NA    NA              NA              <NA>                 NA       NA       NA    <NA>
169    svhn 1547597     10         1 classification  False       None Extraction    True DecisionTree       False        PCA         0.1340            <NA>   NA      <NA>        <NA> NA   <NA>            NA                     gini                   NA       0.5315      none           0.0184   <NA>    NA            NA       NA       <NA>          NA    <NA>            NA               NA      NA   True       auto          <NA>    <NA>             <NA>                   <NA>         <NA>                     <NA>                   NA             NA          <NA>       NA       <NA>     NA    NA              16              <NA>                 NA       NA       NA    <NA>
167    svhn 1547597     10         1 classification  False       None       None    True DecisionTree        <NA>       <NA>             NA            <NA>   NA      <NA>        <NA> NA   <NA>            NA                     gini                   NA       0.4778     value           0.0327   <NA>    NA            NA       NA       <NA>          NA    <NA>            NA               NA      NA   <NA>       <NA>          <NA>    <NA>             <NA>                   <NA>         <NA>                     <NA>                   NA             NA          <NA>       NA       <NA>     NA    NA              15              <NA>                 NA       NA       NA    <NA>
# 2020-07-03 04:38:01 BRT: Iteration 6 of 7
# experimentsUsedSoFar: 1040
# remainingBudget: 960
# currentBudget: 480
# nbConfigurations: 50
  Markers:
     x No test is performed.
     - The test is performed and some configurations are discarded.
     = The test is performed but no configuration is discarded.
     ! The test is performed and configurations could be discarded but elite configurations are preserved.
     . All alive configurations are elite and nothing is discarded

+-+-----------+-----------+-----------+---------------+-----------+--------+-----+----+------+
| |   Instance|      Alive|       Best|      Mean best| Exp so far|  W time|  rho|KenW|  Qvar|
+-+-----------+-----------+-----------+---------------+-----------+--------+-----+----+------+
|x|         10|         50|        221|  -0.2780916216|         50|00:20:01|   NA|  NA|    NA|
|x|          1|         50|        221|  -0.2780343817|         97|00:20:00|+0.89|0.94|0.0817|
|x|          5|         50|        221|  -0.2748719970|        144|00:20:01|+0.92|0.95|0.0544|
|x|          9|         50|        221|  -0.2722504430|        191|00:20:01|+0.94|0.95|0.0408|
|!|          3|          4|        221|  -0.2706045680|        238|00:20:01|+0.52|0.62|0.3498|
+-+-----------+-----------+-----------+---------------+-----------+--------+-----+----+------+
Best-so-far configuration:         196    mean value:     429496729.4
Description of the best-so-far configuration:
    .ID. dataset  job_id cutoff metafolds           task sparse     f_eng1    f_eng2 scaling algorithm pre_scaling extraction ext_components       selection lr_C lr_solver multi_class  C kernel rf_estimators criterion_classification criterion_regression max_features max_depth min_samples_leaf solver alpha hidden_layers neurons1 activation n_neighbors weights ab_estimators ab_learning_rate ab_loss whiten svd_solver ica_algorithm ica_fun dl_fit_algorithm dl_transform_algorithm    sel_model sel_score_classification sel_score_regression sel_percentile sel_threshold max_iter lr_penalty degree gamma max_depth_value mlp_learning_rate learning_rate_init neurons2 neurons3 lr_dual .PARENT.
196  196    svhn 1547597     10         1 classification  False Extraction Selection    True  AdaBoost       False        PCA         0.0306 SelectFromModel   NA      <NA>        <NA> NA   <NA>            NA                     <NA>                   NA           NA      <NA>               NA   <NA>    NA            NA       NA       <NA>          NA    <NA>           176           0.4685      NA   True randomized          <NA>    <NA>             <NA>                   <NA> DecisionTree                     <NA>                   NA             NA          mean       NA       <NA>     NA    NA              NA              <NA>                 NA       NA       NA    <NA>       82

# 2020-07-03 06:18:09 BRT: Elite configurations (first number is the configuration ID; listed from best to worst according to the sum of ranks):
    dataset  job_id cutoff metafolds           task sparse     f_eng1     f_eng2 scaling    algorithm pre_scaling extraction ext_components       selection lr_C lr_solver multi_class  C kernel rf_estimators criterion_classification criterion_regression max_features max_depth min_samples_leaf solver alpha hidden_layers neurons1 activation n_neighbors weights ab_estimators ab_learning_rate ab_loss whiten svd_solver ica_algorithm ica_fun dl_fit_algorithm dl_transform_algorithm    sel_model sel_score_classification sel_score_regression sel_percentile sel_threshold max_iter lr_penalty degree gamma max_depth_value mlp_learning_rate learning_rate_init neurons2 neurons3 lr_dual
196    svhn 1547597     10         1 classification  False Extraction  Selection    True     AdaBoost       False        PCA         0.0306 SelectFromModel   NA      <NA>        <NA> NA   <NA>            NA                     <NA>                   NA           NA      <NA>               NA   <NA>    NA            NA       NA       <NA>          NA    <NA>           176           0.4685      NA   True randomized          <NA>    <NA>             <NA>                   <NA> DecisionTree                     <NA>                   NA             NA          mean       NA       <NA>     NA    NA              NA              <NA>                 NA       NA       NA    <NA>
169    svhn 1547597     10         1 classification  False       None Extraction    True DecisionTree       False        PCA         0.1340            <NA>   NA      <NA>        <NA> NA   <NA>            NA                     gini                   NA       0.5315      none           0.0184   <NA>    NA            NA       NA       <NA>          NA    <NA>            NA               NA      NA   True       auto          <NA>    <NA>             <NA>                   <NA>         <NA>                     <NA>                   NA             NA          <NA>       NA       <NA>     NA    NA              16              <NA>                 NA       NA       NA    <NA>
167    svhn 1547597     10         1 classification  False       None       None    True DecisionTree        <NA>       <NA>             NA            <NA>   NA      <NA>        <NA> NA   <NA>            NA                     gini                   NA       0.4778     value           0.0327   <NA>    NA            NA       NA       <NA>          NA    <NA>            NA               NA      NA   <NA>       <NA>          <NA>    <NA>             <NA>                   <NA>         <NA>                     <NA>                   NA             NA          <NA>       NA       <NA>     NA    NA              15              <NA>                 NA       NA       NA    <NA>
221    svhn 1547597     10         1 classification  False       None       None    True DecisionTree        <NA>       <NA>             NA            <NA>   NA      <NA>        <NA> NA   <NA>            NA                     gini                   NA       0.4959     value           0.0173   <NA>    NA            NA       NA       <NA>          NA    <NA>            NA               NA      NA   <NA>       <NA>          <NA>    <NA>             <NA>                   <NA>         <NA>                     <NA>                   NA             NA          <NA>       NA       <NA>     NA    NA              25              <NA>                 NA       NA       NA    <NA>
# 2020-07-03 06:18:09 BRT: Iteration 7 of 7
# experimentsUsedSoFar: 1278
# remainingBudget: 722
# currentBudget: 722
# nbConfigurations: 69
  Markers:
     x No test is performed.
     - The test is performed and some configurations are discarded.
     = The test is performed but no configuration is discarded.
     ! The test is performed and configurations could be discarded but elite configurations are preserved.
     . All alive configurations are elite and nothing is discarded

+-+-----------+-----------+-----------+---------------+-----------+--------+-----+----+------+
| |   Instance|      Alive|       Best|      Mean best| Exp so far|  W time|  rho|KenW|  Qvar|
+-+-----------+-----------+-----------+---------------+-----------+--------+-----+----+------+
|x|         11|         69|        308|  -0.2761570761|         69|00:20:02|   NA|  NA|    NA|
|x|          5|         69|        221|  -0.2608812673|        134|00:20:02|+0.91|0.95|0.0290|
|x|         10|         69|        221|  -0.2666180521|        199|00:20:01|+0.93|0.96|0.0193|
|x|          1|         69|        221|  -0.2694578245|        264|00:20:01|+0.94|0.95|0.0193|
|!|          6|          7|        221|  -0.2695817213|        330|00:20:01|+0.44|0.55|0.5326|
+-+-----------+-----------+-----------+---------------+-----------+--------+-----+----+------+
Best-so-far configuration:         169    mean value:   -0.2406572603
Description of the best-so-far configuration:
    .ID. dataset  job_id cutoff metafolds           task sparse f_eng1     f_eng2 scaling    algorithm pre_scaling extraction ext_components selection lr_C lr_solver multi_class  C kernel rf_estimators criterion_classification criterion_regression max_features max_depth min_samples_leaf solver alpha hidden_layers neurons1 activation n_neighbors weights ab_estimators ab_learning_rate ab_loss whiten svd_solver ica_algorithm ica_fun dl_fit_algorithm dl_transform_algorithm sel_model sel_score_classification sel_score_regression sel_percentile sel_threshold max_iter lr_penalty degree gamma max_depth_value mlp_learning_rate learning_rate_init neurons2 neurons3 lr_dual .PARENT.
169  169    svhn 1547597     10         1 classification  False   None Extraction    True DecisionTree       False        PCA          0.134      <NA>   NA      <NA>        <NA> NA   <NA>            NA                     gini                   NA       0.5315      none           0.0184   <NA>    NA            NA       NA       <NA>          NA    <NA>            NA               NA      NA   True       auto          <NA>    <NA>             <NA>                   <NA>      <NA>                     <NA>                   NA             NA          <NA>       NA       <NA>     NA    NA              16              <NA>                 NA       NA       NA    <NA>      120

# 2020-07-03 07:58:20 BRT: Elite configurations (first number is the configuration ID; listed from best to worst according to the sum of ranks):
    dataset  job_id cutoff metafolds           task sparse     f_eng1     f_eng2 scaling    algorithm pre_scaling extraction ext_components       selection lr_C lr_solver multi_class  C kernel rf_estimators criterion_classification criterion_regression max_features max_depth min_samples_leaf solver alpha hidden_layers neurons1 activation n_neighbors weights ab_estimators ab_learning_rate ab_loss whiten svd_solver ica_algorithm ica_fun dl_fit_algorithm dl_transform_algorithm    sel_model sel_score_classification sel_score_regression sel_percentile sel_threshold max_iter lr_penalty degree gamma max_depth_value mlp_learning_rate learning_rate_init neurons2 neurons3 lr_dual
169    svhn 1547597     10         1 classification  False       None Extraction    True DecisionTree       False        PCA         0.1340            <NA>   NA      <NA>        <NA> NA   <NA>            NA                     gini                   NA       0.5315      none           0.0184   <NA>    NA            NA       NA       <NA>          NA    <NA>            NA               NA      NA   True       auto          <NA>    <NA>             <NA>                   <NA>         <NA>                     <NA>                   NA             NA          <NA>       NA       <NA>     NA    NA              16              <NA>                 NA       NA       NA    <NA>
196    svhn 1547597     10         1 classification  False Extraction  Selection    True     AdaBoost       False        PCA         0.0306 SelectFromModel   NA      <NA>        <NA> NA   <NA>            NA                     <NA>                   NA           NA      <NA>               NA   <NA>    NA            NA       NA       <NA>          NA    <NA>           176           0.4685      NA   True randomized          <NA>    <NA>             <NA>                   <NA> DecisionTree                     <NA>                   NA             NA          mean       NA       <NA>     NA    NA              NA              <NA>                 NA       NA       NA    <NA>
167    svhn 1547597     10         1 classification  False       None       None    True DecisionTree        <NA>       <NA>             NA            <NA>   NA      <NA>        <NA> NA   <NA>            NA                     gini                   NA       0.4778     value           0.0327   <NA>    NA            NA       NA       <NA>          NA    <NA>            NA               NA      NA   <NA>       <NA>          <NA>    <NA>             <NA>                   <NA>         <NA>                     <NA>                   NA             NA          <NA>       NA       <NA>     NA    NA              15              <NA>                 NA       NA       NA    <NA>
221    svhn 1547597     10         1 classification  False       None       None    True DecisionTree        <NA>       <NA>             NA            <NA>   NA      <NA>        <NA> NA   <NA>            NA                     gini                   NA       0.4959     value           0.0173   <NA>    NA            NA       NA       <NA>          NA    <NA>            NA               NA      NA   <NA>       <NA>          <NA>    <NA>             <NA>                   <NA>         <NA>                     <NA>                   NA             NA          <NA>       NA       <NA>     NA    NA              25              <NA>                 NA       NA       NA    <NA>
308    svhn 1547597     10         1 classification  False       None Extraction    True DecisionTree       False        PCA         0.0441            <NA>   NA      <NA>        <NA> NA   <NA>            NA                     gini                   NA       0.9630      none           0.0185   <NA>    NA            NA       NA       <NA>          NA    <NA>            NA               NA      NA   True       auto          <NA>    <NA>             <NA>                   <NA>         <NA>                     <NA>                   NA             NA          <NA>       NA       <NA>     NA    NA              11              <NA>                 NA       NA       NA    <NA>
271    svhn 1547597     10         1 classification  False Extraction  Selection    True     AdaBoost       False        PCA         0.0149 SelectFromModel   NA      <NA>        <NA> NA   <NA>            NA                     <NA>                   NA           NA      <NA>               NA   <NA>    NA            NA       NA       <NA>          NA    <NA>           181           0.4418      NA   True randomized          <NA>    <NA>             <NA>                   <NA> DecisionTree                     <NA>                   NA             NA          mean       NA       <NA>     NA    NA              NA              <NA>                 NA       NA       NA    <NA>
303    svhn 1547597     10         1 classification  False Extraction  Selection    True     AdaBoost       False        PCA         0.0660 SelectFromModel   NA      <NA>        <NA> NA   <NA>            NA                     <NA>                   NA           NA      <NA>               NA   <NA>    NA            NA       NA       <NA>          NA    <NA>           150           0.4028      NA   True randomized          <NA>    <NA>             <NA>                   <NA> DecisionTree                     <NA>                   NA             NA          mean       NA       <NA>     NA    NA              NA              <NA>                 NA       NA       NA    <NA>
# 2020-07-03 07:58:20 BRT: Iteration 8 of 8
# experimentsUsedSoFar: 1608
# remainingBudget: 392
# currentBudget: 392
# nbConfigurations: 39
  Markers:
     x No test is performed.
     - The test is performed and some configurations are discarded.
     = The test is performed but no configuration is discarded.
     ! The test is performed and configurations could be discarded but elite configurations are preserved.
     . All alive configurations are elite and nothing is discarded

+-+-----------+-----------+-----------+---------------+-----------+--------+-----+----+------+
| |   Instance|      Alive|       Best|      Mean best| Exp so far|  W time|  rho|KenW|  Qvar|
+-+-----------+-----------+-----------+---------------+-----------+--------+-----+----+------+
|x|         12|         39|        327|  -0.2791116795|         39|00:12:59|   NA|  NA|    NA|
|x|          4|         39|        327|  -0.2717712181|         75|00:10:51|+0.85|0.92|0.0615|
|x|          9|         39|        327|  -0.2720314089|        110|00:10:19|+0.85|0.90|0.0821|
|x|          8|         39|        327|  -0.2718631462|        146|00:10:51|+0.88|0.91|0.0616|
|!|          7|          9|        327|  -0.2726408058|        182|00:10:52|+0.70|0.76|0.1204|
|-|         10|          9|        327|  -0.2728734363|        184|00:00:29|+0.71|0.76|0.3670|
|-|          5|          9|        327|  -0.2747873530|        186|00:00:30|+0.72|0.76|0.4015|
|-|          1|          9|        327|  -0.2750707548|        188|00:00:29|+0.71|0.75|0.4374|
|-|         11|          9|        327|  -0.2739486398|        190|00:00:30|+0.68|0.72|0.4950|
|-|          2|          9|        327|  -0.2741675446|        196|00:01:02|+0.68|0.71|0.5132|
|!|          6|          6|        327|  -0.2729983487|        198|00:00:34|+0.74|0.76|0.3528|
+-+-----------+-----------+-----------+---------------+-----------+--------+-----+----+------+
Best-so-far configuration:         221    mean value:   -0.2649374297
Description of the best-so-far configuration:
    .ID. dataset  job_id cutoff metafolds           task sparse f_eng1 f_eng2 scaling    algorithm pre_scaling extraction ext_components selection lr_C lr_solver multi_class  C kernel rf_estimators criterion_classification criterion_regression max_features max_depth min_samples_leaf solver alpha hidden_layers neurons1 activation n_neighbors weights ab_estimators ab_learning_rate ab_loss whiten svd_solver ica_algorithm ica_fun dl_fit_algorithm dl_transform_algorithm sel_model sel_score_classification sel_score_regression sel_percentile sel_threshold max_iter lr_penalty degree gamma max_depth_value mlp_learning_rate learning_rate_init neurons2 neurons3 lr_dual .PARENT.
221  221    svhn 1547597     10         1 classification  False   None   None    True DecisionTree        <NA>       <NA>             NA      <NA>   NA      <NA>        <NA> NA   <NA>            NA                     gini                   NA       0.4959     value           0.0173   <NA>    NA            NA       NA       <NA>          NA    <NA>            NA               NA      NA   <NA>       <NA>          <NA>    <NA>             <NA>                   <NA>      <NA>                     <NA>                   NA             NA          <NA>       NA       <NA>     NA    NA              25              <NA>                 NA       NA       NA    <NA>      167

# 2020-07-03 08:57:53 BRT: Elite configurations (first number is the configuration ID; listed from best to worst according to the sum of ranks):
    dataset  job_id cutoff metafolds           task sparse     f_eng1     f_eng2 scaling    algorithm pre_scaling extraction ext_components       selection lr_C lr_solver multi_class  C kernel rf_estimators criterion_classification criterion_regression max_features max_depth min_samples_leaf solver alpha hidden_layers neurons1 activation n_neighbors weights ab_estimators ab_learning_rate ab_loss whiten svd_solver ica_algorithm ica_fun dl_fit_algorithm dl_transform_algorithm    sel_model sel_score_classification sel_score_regression sel_percentile sel_threshold max_iter lr_penalty degree gamma max_depth_value mlp_learning_rate learning_rate_init neurons2 neurons3 lr_dual
221    svhn 1547597     10         1 classification  False       None       None    True DecisionTree        <NA>       <NA>             NA            <NA>   NA      <NA>        <NA> NA   <NA>            NA                     gini                   NA       0.4959     value           0.0173   <NA>    NA            NA       NA       <NA>          NA    <NA>            NA               NA      NA   <NA>       <NA>          <NA>    <NA>             <NA>                   <NA>         <NA>                     <NA>                   NA             NA          <NA>       NA       <NA>     NA    NA              25              <NA>                 NA       NA       NA    <NA>
169    svhn 1547597     10         1 classification  False       None Extraction    True DecisionTree       False        PCA         0.1340            <NA>   NA      <NA>        <NA> NA   <NA>            NA                     gini                   NA       0.5315      none           0.0184   <NA>    NA            NA       NA       <NA>          NA    <NA>            NA               NA      NA   True       auto          <NA>    <NA>             <NA>                   <NA>         <NA>                     <NA>                   NA             NA          <NA>       NA       <NA>     NA    NA              16              <NA>                 NA       NA       NA    <NA>
167    svhn 1547597     10         1 classification  False       None       None    True DecisionTree        <NA>       <NA>             NA            <NA>   NA      <NA>        <NA> NA   <NA>            NA                     gini                   NA       0.4778     value           0.0327   <NA>    NA            NA       NA       <NA>          NA    <NA>            NA               NA      NA   <NA>       <NA>          <NA>    <NA>             <NA>                   <NA>         <NA>                     <NA>                   NA             NA          <NA>       NA       <NA>     NA    NA              15              <NA>                 NA       NA       NA    <NA>
196    svhn 1547597     10         1 classification  False Extraction  Selection    True     AdaBoost       False        PCA         0.0306 SelectFromModel   NA      <NA>        <NA> NA   <NA>            NA                     <NA>                   NA           NA      <NA>               NA   <NA>    NA            NA       NA       <NA>          NA    <NA>           176           0.4685      NA   True randomized          <NA>    <NA>             <NA>                   <NA> DecisionTree                     <NA>                   NA             NA          mean       NA       <NA>     NA    NA              NA              <NA>                 NA       NA       NA    <NA>
327    svhn 1547597     10         1 classification  False       None       None    True DecisionTree        <NA>       <NA>             NA            <NA>   NA      <NA>        <NA> NA   <NA>            NA                     gini                   NA       0.4121     value           0.0115   <NA>    NA            NA       NA       <NA>          NA    <NA>            NA               NA      NA   <NA>       <NA>          <NA>    <NA>             <NA>                   <NA>         <NA>                     <NA>                   NA             NA          <NA>       NA       <NA>     NA    NA              28              <NA>                 NA       NA       NA    <NA>
313    svhn 1547597     10         1 classification  False       None       None    True DecisionTree        <NA>       <NA>             NA            <NA>   NA      <NA>        <NA> NA   <NA>            NA                     gini                   NA       0.8411     value           0.0173   <NA>    NA            NA       NA       <NA>          NA    <NA>            NA               NA      NA   <NA>       <NA>          <NA>    <NA>             <NA>                   <NA>         <NA>                     <NA>                   NA             NA          <NA>       NA       <NA>     NA    NA              22              <NA>                 NA       NA       NA    <NA>
# 2020-07-03 08:57:53 BRT: Iteration 9 of 9
# experimentsUsedSoFar: 1806
# remainingBudget: 194
# currentBudget: 194
# nbConfigurations: 20
  Markers:
     x No test is performed.
     - The test is performed and some configurations are discarded.
     = The test is performed but no configuration is discarded.
     ! The test is performed and configurations could be discarded but elite configurations are preserved.
     . All alive configurations are elite and nothing is discarded

+-+-----------+-----------+-----------+---------------+-----------+--------+-----+----+------+
| |   Instance|      Alive|       Best|      Mean best| Exp so far|  W time|  rho|KenW|  Qvar|
+-+-----------+-----------+-----------+---------------+-----------+--------+-----+----+------+
|x|         13|         20|        327|  -0.2721718433|         20|00:07:11|   NA|  NA|    NA|
|x|          4|         20|        327|  -0.2683013000|         34|00:06:06|+0.88|0.94|0.1123|
|x|          2|         20|        327|  -0.2709134292|         48|00:06:24|+0.90|0.93|0.0908|
|x|          6|         20|        327|  -0.2685116694|         62|00:06:21|+0.89|0.92|0.0914|
|!|         11|          6|        327|  -0.2678036795|         76|00:06:09|+0.69|0.75|0.3968|
|.|         10|          6|        327|  -0.2688424976|         76|23:59:59|+0.69|0.74|0.4297|
|.|          7|          6|        327|  -0.2698294900|         76|23:59:59|+0.71|0.75|0.4021|
|.|          5|          6|        327|  -0.2718846604|         76|23:59:59|+0.72|0.76|0.3639|
|.|          9|          6|        327|  -0.2719587860|         76|23:59:59|+0.72|0.75|0.3354|
+-+-----------+-----------+-----------+---------------+-----------+--------+-----+----+------+
Best-so-far configuration:         221    mean value:   -0.2648007727
Description of the best-so-far configuration:
    .ID. dataset  job_id cutoff metafolds           task sparse f_eng1 f_eng2 scaling    algorithm pre_scaling extraction ext_components selection lr_C lr_solver multi_class  C kernel rf_estimators criterion_classification criterion_regression max_features max_depth min_samples_leaf solver alpha hidden_layers neurons1 activation n_neighbors weights ab_estimators ab_learning_rate ab_loss whiten svd_solver ica_algorithm ica_fun dl_fit_algorithm dl_transform_algorithm sel_model sel_score_classification sel_score_regression sel_percentile sel_threshold max_iter lr_penalty degree gamma max_depth_value mlp_learning_rate learning_rate_init neurons2 neurons3 lr_dual .PARENT.
221  221    svhn 1547597     10         1 classification  False   None   None    True DecisionTree        <NA>       <NA>             NA      <NA>   NA      <NA>        <NA> NA   <NA>            NA                     gini                   NA       0.4959     value           0.0173   <NA>    NA            NA       NA       <NA>          NA    <NA>            NA               NA      NA   <NA>       <NA>          <NA>    <NA>             <NA>                   <NA>      <NA>                     <NA>                   NA             NA          <NA>       NA       <NA>     NA    NA              25              <NA>                 NA       NA       NA    <NA>      167

# 2020-07-03 09:30:06 BRT: Elite configurations (first number is the configuration ID; listed from best to worst according to the sum of ranks):
    dataset  job_id cutoff metafolds           task sparse     f_eng1     f_eng2 scaling    algorithm pre_scaling extraction ext_components       selection lr_C lr_solver multi_class  C kernel rf_estimators criterion_classification criterion_regression max_features max_depth min_samples_leaf solver alpha hidden_layers neurons1 activation n_neighbors weights ab_estimators ab_learning_rate ab_loss whiten svd_solver ica_algorithm ica_fun dl_fit_algorithm dl_transform_algorithm    sel_model sel_score_classification sel_score_regression sel_percentile sel_threshold max_iter lr_penalty degree gamma max_depth_value mlp_learning_rate learning_rate_init neurons2 neurons3 lr_dual
221    svhn 1547597     10         1 classification  False       None       None    True DecisionTree        <NA>       <NA>             NA            <NA>   NA      <NA>        <NA> NA   <NA>            NA                     gini                   NA       0.4959     value           0.0173   <NA>    NA            NA       NA       <NA>          NA    <NA>            NA               NA      NA   <NA>       <NA>          <NA>    <NA>             <NA>                   <NA>         <NA>                     <NA>                   NA             NA          <NA>       NA       <NA>     NA    NA              25              <NA>                 NA       NA       NA    <NA>
167    svhn 1547597     10         1 classification  False       None       None    True DecisionTree        <NA>       <NA>             NA            <NA>   NA      <NA>        <NA> NA   <NA>            NA                     gini                   NA       0.4778     value           0.0327   <NA>    NA            NA       NA       <NA>          NA    <NA>            NA               NA      NA   <NA>       <NA>          <NA>    <NA>             <NA>                   <NA>         <NA>                     <NA>                   NA             NA          <NA>       NA       <NA>     NA    NA              15              <NA>                 NA       NA       NA    <NA>
169    svhn 1547597     10         1 classification  False       None Extraction    True DecisionTree       False        PCA         0.1340            <NA>   NA      <NA>        <NA> NA   <NA>            NA                     gini                   NA       0.5315      none           0.0184   <NA>    NA            NA       NA       <NA>          NA    <NA>            NA               NA      NA   True       auto          <NA>    <NA>             <NA>                   <NA>         <NA>                     <NA>                   NA             NA          <NA>       NA       <NA>     NA    NA              16              <NA>                 NA       NA       NA    <NA>
196    svhn 1547597     10         1 classification  False Extraction  Selection    True     AdaBoost       False        PCA         0.0306 SelectFromModel   NA      <NA>        <NA> NA   <NA>            NA                     <NA>                   NA           NA      <NA>               NA   <NA>    NA            NA       NA       <NA>          NA    <NA>           176           0.4685      NA   True randomized          <NA>    <NA>             <NA>                   <NA> DecisionTree                     <NA>                   NA             NA          mean       NA       <NA>     NA    NA              NA              <NA>                 NA       NA       NA    <NA>
327    svhn 1547597     10         1 classification  False       None       None    True DecisionTree        <NA>       <NA>             NA            <NA>   NA      <NA>        <NA> NA   <NA>            NA                     gini                   NA       0.4121     value           0.0115   <NA>    NA            NA       NA       <NA>          NA    <NA>            NA               NA      NA   <NA>       <NA>          <NA>    <NA>             <NA>                   <NA>         <NA>                     <NA>                   NA             NA          <NA>       NA       <NA>     NA    NA              28              <NA>                 NA       NA       NA    <NA>
313    svhn 1547597     10         1 classification  False       None       None    True DecisionTree        <NA>       <NA>             NA            <NA>   NA      <NA>        <NA> NA   <NA>            NA                     gini                   NA       0.8411     value           0.0173   <NA>    NA            NA       NA       <NA>          NA    <NA>            NA               NA      NA   <NA>       <NA>          <NA>    <NA>             <NA>                   <NA>         <NA>                     <NA>                   NA             NA          <NA>       NA       <NA>     NA    NA              22              <NA>                 NA       NA       NA    <NA>
# 2020-07-03 09:30:06 BRT: Iteration 10 of 10
# experimentsUsedSoFar: 1882
# remainingBudget: 118
# currentBudget: 118
# nbConfigurations: 14
  Markers:
     x No test is performed.
     - The test is performed and some configurations are discarded.
     = The test is performed but no configuration is discarded.
     ! The test is performed and configurations could be discarded but elite configurations are preserved.
     . All alive configurations are elite and nothing is discarded

+-+-----------+-----------+-----------+---------------+-----------+--------+-----+----+------+
| |   Instance|      Alive|       Best|      Mean best| Exp so far|  W time|  rho|KenW|  Qvar|
+-+-----------+-----------+-----------+---------------+-----------+--------+-----+----+------+
|x|         14|         14|        362|  -0.2842028682|         14|00:01:39|   NA|  NA|    NA|
|x|         10|         14|        221|  -0.2781332069|         22|00:01:02|+0.86|0.93|0.9420|
|x|          5|         14|        362|  -0.2825745940|         30|00:01:02|+0.85|0.90|0.6362|
|x|         13|         14|        362|  -0.2796349832|         38|00:01:04|+0.88|0.91|0.4882|
|!|          6|          7|        362|  -0.2766793564|         46|00:01:07|+0.75|0.80|0.2767|
+-+-----------+-----------+-----------+---------------+-----------+--------+-----+----+------+
Best-so-far configuration:         221    mean value:   -0.2657560598
Description of the best-so-far configuration:
    .ID. dataset  job_id cutoff metafolds           task sparse f_eng1 f_eng2 scaling    algorithm pre_scaling extraction ext_components selection lr_C lr_solver multi_class  C kernel rf_estimators criterion_classification criterion_regression max_features max_depth min_samples_leaf solver alpha hidden_layers neurons1 activation n_neighbors weights ab_estimators ab_learning_rate ab_loss whiten svd_solver ica_algorithm ica_fun dl_fit_algorithm dl_transform_algorithm sel_model sel_score_classification sel_score_regression sel_percentile sel_threshold max_iter lr_penalty degree gamma max_depth_value mlp_learning_rate learning_rate_init neurons2 neurons3 lr_dual .PARENT.
221  221    svhn 1547597     10         1 classification  False   None   None    True DecisionTree        <NA>       <NA>             NA      <NA>   NA      <NA>        <NA> NA   <NA>            NA                     gini                   NA       0.4959     value           0.0173   <NA>    NA            NA       NA       <NA>          NA    <NA>            NA               NA      NA   <NA>       <NA>          <NA>    <NA>             <NA>                   <NA>      <NA>                     <NA>                   NA             NA          <NA>       NA       <NA>     NA    NA              25              <NA>                 NA       NA       NA    <NA>      167

# 2020-07-03 09:36:02 BRT: Elite configurations (first number is the configuration ID; listed from best to worst according to the sum of ranks):
    dataset  job_id cutoff metafolds           task sparse     f_eng1     f_eng2 scaling    algorithm pre_scaling extraction ext_components       selection lr_C lr_solver multi_class  C kernel rf_estimators criterion_classification criterion_regression max_features max_depth min_samples_leaf solver alpha hidden_layers neurons1 activation n_neighbors weights ab_estimators ab_learning_rate ab_loss whiten svd_solver ica_algorithm ica_fun dl_fit_algorithm dl_transform_algorithm    sel_model sel_score_classification sel_score_regression sel_percentile sel_threshold max_iter lr_penalty degree gamma max_depth_value mlp_learning_rate learning_rate_init neurons2 neurons3 lr_dual
221    svhn 1547597     10         1 classification  False       None       None    True DecisionTree        <NA>       <NA>             NA            <NA>   NA      <NA>        <NA> NA   <NA>            NA                     gini                   NA       0.4959     value           0.0173   <NA>    NA            NA       NA       <NA>          NA    <NA>            NA               NA      NA   <NA>       <NA>          <NA>    <NA>             <NA>                   <NA>         <NA>                     <NA>                   NA             NA          <NA>       NA       <NA>     NA    NA              25              <NA>                 NA       NA       NA    <NA>
167    svhn 1547597     10         1 classification  False       None       None    True DecisionTree        <NA>       <NA>             NA            <NA>   NA      <NA>        <NA> NA   <NA>            NA                     gini                   NA       0.4778     value           0.0327   <NA>    NA            NA       NA       <NA>          NA    <NA>            NA               NA      NA   <NA>       <NA>          <NA>    <NA>             <NA>                   <NA>         <NA>                     <NA>                   NA             NA          <NA>       NA       <NA>     NA    NA              15              <NA>                 NA       NA       NA    <NA>
169    svhn 1547597     10         1 classification  False       None Extraction    True DecisionTree       False        PCA         0.1340            <NA>   NA      <NA>        <NA> NA   <NA>            NA                     gini                   NA       0.5315      none           0.0184   <NA>    NA            NA       NA       <NA>          NA    <NA>            NA               NA      NA   True       auto          <NA>    <NA>             <NA>                   <NA>         <NA>                     <NA>                   NA             NA          <NA>       NA       <NA>     NA    NA              16              <NA>                 NA       NA       NA    <NA>
196    svhn 1547597     10         1 classification  False Extraction  Selection    True     AdaBoost       False        PCA         0.0306 SelectFromModel   NA      <NA>        <NA> NA   <NA>            NA                     <NA>                   NA           NA      <NA>               NA   <NA>    NA            NA       NA       <NA>          NA    <NA>           176           0.4685      NA   True randomized          <NA>    <NA>             <NA>                   <NA> DecisionTree                     <NA>                   NA             NA          mean       NA       <NA>     NA    NA              NA              <NA>                 NA       NA       NA    <NA>
327    svhn 1547597     10         1 classification  False       None       None    True DecisionTree        <NA>       <NA>             NA            <NA>   NA      <NA>        <NA> NA   <NA>            NA                     gini                   NA       0.4121     value           0.0115   <NA>    NA            NA       NA       <NA>          NA    <NA>            NA               NA      NA   <NA>       <NA>          <NA>    <NA>             <NA>                   <NA>         <NA>                     <NA>                   NA             NA          <NA>       NA       <NA>     NA    NA              28              <NA>                 NA       NA       NA    <NA>
313    svhn 1547597     10         1 classification  False       None       None    True DecisionTree        <NA>       <NA>             NA            <NA>   NA      <NA>        <NA> NA   <NA>            NA                     gini                   NA       0.8411     value           0.0173   <NA>    NA            NA       NA       <NA>          NA    <NA>            NA               NA      NA   <NA>       <NA>          <NA>    <NA>             <NA>                   <NA>         <NA>                     <NA>                   NA             NA          <NA>       NA       <NA>     NA    NA              22              <NA>                 NA       NA       NA    <NA>
362    svhn 1547597     10         1 classification  False       None       None    True DecisionTree        <NA>       <NA>             NA            <NA>   NA      <NA>        <NA> NA   <NA>            NA                     gini                   NA       0.8845     value           0.0120   <NA>    NA            NA       NA       <NA>          NA    <NA>            NA               NA      NA   <NA>       <NA>          <NA>    <NA>             <NA>                   <NA>         <NA>                     <NA>                   NA             NA          <NA>       NA       <NA>     NA    NA              28              <NA>                 NA       NA       NA    <NA>
# 2020-07-03 09:36:02 BRT: Iteration 11 of 11
# experimentsUsedSoFar: 1928
# remainingBudget: 72
# currentBudget: 72
# nbConfigurations: 11
  Markers:
     x No test is performed.
     - The test is performed and some configurations are discarded.
     = The test is performed but no configuration is discarded.
     ! The test is performed and configurations could be discarded but elite configurations are preserved.
     . All alive configurations are elite and nothing is discarded

+-+-----------+-----------+-----------+---------------+-----------+--------+-----+----+------+
| |   Instance|      Alive|       Best|      Mean best| Exp so far|  W time|  rho|KenW|  Qvar|
+-+-----------+-----------+-----------+---------------+-----------+--------+-----+----+------+
|x|         15|         11|        362|  -0.2807103305|         11|00:06:35|   NA|  NA|    NA|
|x|         14|         11|        362|  -0.2824565993|         15|00:05:32|+0.94|0.97|0.0589|
|x|          3|         11|        362|  -0.2801519028|         22|00:05:39|+0.95|0.97|0.0381|
|x|         12|         11|        362|  -0.2775622724|         27|00:05:44|+0.84|0.88|0.5271|
|!|          2|          7|        362|  -0.2758049593|         32|00:05:36|+0.85|0.88|0.3506|
+-+-----------+-----------+-----------+---------------+-----------+--------+-----+----+------+
Best-so-far configuration:         327    mean value:   -0.2723595615
Description of the best-so-far configuration:
    .ID. dataset  job_id cutoff metafolds           task sparse f_eng1 f_eng2 scaling    algorithm pre_scaling extraction ext_components selection lr_C lr_solver multi_class  C kernel rf_estimators criterion_classification criterion_regression max_features max_depth min_samples_leaf solver alpha hidden_layers neurons1 activation n_neighbors weights ab_estimators ab_learning_rate ab_loss whiten svd_solver ica_algorithm ica_fun dl_fit_algorithm dl_transform_algorithm sel_model sel_score_classification sel_score_regression sel_percentile sel_threshold max_iter lr_penalty degree gamma max_depth_value mlp_learning_rate learning_rate_init neurons2 neurons3 lr_dual .PARENT.
327  327    svhn 1547597     10         1 classification  False   None   None    True DecisionTree        <NA>       <NA>             NA      <NA>   NA      <NA>        <NA> NA   <NA>            NA                     gini                   NA       0.4121     value           0.0115   <NA>    NA            NA       NA       <NA>          NA    <NA>            NA               NA      NA   <NA>       <NA>          <NA>    <NA>             <NA>                   <NA>      <NA>                     <NA>                   NA             NA          <NA>       NA       <NA>     NA    NA              28              <NA>                 NA       NA       NA    <NA>      167

# 2020-07-03 10:05:10 BRT: Elite configurations (first number is the configuration ID; listed from best to worst according to the sum of ranks):
    dataset  job_id cutoff metafolds           task sparse     f_eng1     f_eng2 scaling    algorithm pre_scaling extraction ext_components       selection lr_C lr_solver multi_class  C kernel rf_estimators criterion_classification criterion_regression max_features max_depth min_samples_leaf solver alpha hidden_layers neurons1 activation n_neighbors weights ab_estimators ab_learning_rate ab_loss whiten svd_solver ica_algorithm ica_fun dl_fit_algorithm dl_transform_algorithm    sel_model sel_score_classification sel_score_regression sel_percentile sel_threshold max_iter lr_penalty degree gamma max_depth_value mlp_learning_rate learning_rate_init neurons2 neurons3 lr_dual
327    svhn 1547597     10         1 classification  False       None       None    True DecisionTree        <NA>       <NA>             NA            <NA>   NA      <NA>        <NA> NA   <NA>            NA                     gini                   NA       0.4121     value           0.0115   <NA>    NA            NA       NA       <NA>          NA    <NA>            NA               NA      NA   <NA>       <NA>          <NA>    <NA>             <NA>                   <NA>         <NA>                     <NA>                   NA             NA          <NA>       NA       <NA>     NA    NA              28              <NA>                 NA       NA       NA    <NA>
221    svhn 1547597     10         1 classification  False       None       None    True DecisionTree        <NA>       <NA>             NA            <NA>   NA      <NA>        <NA> NA   <NA>            NA                     gini                   NA       0.4959     value           0.0173   <NA>    NA            NA       NA       <NA>          NA    <NA>            NA               NA      NA   <NA>       <NA>          <NA>    <NA>             <NA>                   <NA>         <NA>                     <NA>                   NA             NA          <NA>       NA       <NA>     NA    NA              25              <NA>                 NA       NA       NA    <NA>
313    svhn 1547597     10         1 classification  False       None       None    True DecisionTree        <NA>       <NA>             NA            <NA>   NA      <NA>        <NA> NA   <NA>            NA                     gini                   NA       0.8411     value           0.0173   <NA>    NA            NA       NA       <NA>          NA    <NA>            NA               NA      NA   <NA>       <NA>          <NA>    <NA>             <NA>                   <NA>         <NA>                     <NA>                   NA             NA          <NA>       NA       <NA>     NA    NA              22              <NA>                 NA       NA       NA    <NA>
167    svhn 1547597     10         1 classification  False       None       None    True DecisionTree        <NA>       <NA>             NA            <NA>   NA      <NA>        <NA> NA   <NA>            NA                     gini                   NA       0.4778     value           0.0327   <NA>    NA            NA       NA       <NA>          NA    <NA>            NA               NA      NA   <NA>       <NA>          <NA>    <NA>             <NA>                   <NA>         <NA>                     <NA>                   NA             NA          <NA>       NA       <NA>     NA    NA              15              <NA>                 NA       NA       NA    <NA>
169    svhn 1547597     10         1 classification  False       None Extraction    True DecisionTree       False        PCA         0.1340            <NA>   NA      <NA>        <NA> NA   <NA>            NA                     gini                   NA       0.5315      none           0.0184   <NA>    NA            NA       NA       <NA>          NA    <NA>            NA               NA      NA   True       auto          <NA>    <NA>             <NA>                   <NA>         <NA>                     <NA>                   NA             NA          <NA>       NA       <NA>     NA    NA              16              <NA>                 NA       NA       NA    <NA>
196    svhn 1547597     10         1 classification  False Extraction  Selection    True     AdaBoost       False        PCA         0.0306 SelectFromModel   NA      <NA>        <NA> NA   <NA>            NA                     <NA>                   NA           NA      <NA>               NA   <NA>    NA            NA       NA       <NA>          NA    <NA>           176           0.4685      NA   True randomized          <NA>    <NA>             <NA>                   <NA> DecisionTree                     <NA>                   NA             NA          mean       NA       <NA>     NA    NA              NA              <NA>                 NA       NA       NA    <NA>
362    svhn 1547597     10         1 classification  False       None       None    True DecisionTree        <NA>       <NA>             NA            <NA>   NA      <NA>        <NA> NA   <NA>            NA                     gini                   NA       0.8845     value           0.0120   <NA>    NA            NA       NA       <NA>          NA    <NA>            NA               NA      NA   <NA>       <NA>          <NA>    <NA>             <NA>                   <NA>         <NA>                     <NA>                   NA             NA          <NA>       NA       <NA>     NA    NA              28              <NA>                 NA       NA       NA    <NA>
# 2020-07-03 10:05:10 BRT: Iteration 12 of 12
# experimentsUsedSoFar: 1960
# remainingBudget: 40
# currentBudget: 40
# nbConfigurations: 9
  Markers:
     x No test is performed.
     - The test is performed and some configurations are discarded.
     = The test is performed but no configuration is discarded.
     ! The test is performed and configurations could be discarded but elite configurations are preserved.
     . All alive configurations are elite and nothing is discarded

+-+-----------+-----------+-----------+---------------+-----------+--------+-----+----+------+
| |   Instance|      Alive|       Best|      Mean best| Exp so far|  W time|  rho|KenW|  Qvar|
+-+-----------+-----------+-----------+---------------+-----------+--------+-----+----+------+
|x|         16|          9|        362|  -0.2834870991|          9|00:00:45|   NA|  NA|    NA|
|x|         12|          9|        362|  -0.2766402402|         11|00:00:26|+0.82|0.91|0.7554|
|x|         10|          9|        362|  -0.2762156327|         13|00:00:25|+0.87|0.91|0.5036|
|x|         11|          9|        362|  -0.2740283395|         16|00:00:33|+0.88|0.91|0.3777|
|!|         15|          7|        362|  -0.2753647377|         18|00:00:27|+0.81|0.85|0.3340|
|.|          3|          7|        362|  -0.2753943664|         18|23:59:59|+0.82|0.85|0.3830|
|.|          5|          7|        362|  -0.2772172420|         18|23:59:59|+0.84|0.86|0.3462|
+-+-----------+-----------+-----------+---------------+-----------+--------+-----+----+------+
Best-so-far configuration:         327    mean value:   -0.2723340229
Description of the best-so-far configuration:
    .ID. dataset  job_id cutoff metafolds           task sparse f_eng1 f_eng2 scaling    algorithm pre_scaling extraction ext_components selection lr_C lr_solver multi_class  C kernel rf_estimators criterion_classification criterion_regression max_features max_depth min_samples_leaf solver alpha hidden_layers neurons1 activation n_neighbors weights ab_estimators ab_learning_rate ab_loss whiten svd_solver ica_algorithm ica_fun dl_fit_algorithm dl_transform_algorithm sel_model sel_score_classification sel_score_regression sel_percentile sel_threshold max_iter lr_penalty degree gamma max_depth_value mlp_learning_rate learning_rate_init neurons2 neurons3 lr_dual .PARENT.
327  327    svhn 1547597     10         1 classification  False   None   None    True DecisionTree        <NA>       <NA>             NA      <NA>   NA      <NA>        <NA> NA   <NA>            NA                     gini                   NA       0.4121     value           0.0115   <NA>    NA            NA       NA       <NA>          NA    <NA>            NA               NA      NA   <NA>       <NA>          <NA>    <NA>             <NA>                   <NA>      <NA>                     <NA>                   NA             NA          <NA>       NA       <NA>     NA    NA              28              <NA>                 NA       NA       NA    <NA>      167

# 2020-07-03 10:07:50 BRT: Elite configurations (first number is the configuration ID; listed from best to worst according to the sum of ranks):
    dataset  job_id cutoff metafolds           task sparse     f_eng1     f_eng2 scaling    algorithm pre_scaling extraction ext_components       selection lr_C lr_solver multi_class  C kernel rf_estimators criterion_classification criterion_regression max_features max_depth min_samples_leaf solver alpha hidden_layers neurons1 activation n_neighbors weights ab_estimators ab_learning_rate ab_loss whiten svd_solver ica_algorithm ica_fun dl_fit_algorithm dl_transform_algorithm    sel_model sel_score_classification sel_score_regression sel_percentile sel_threshold max_iter lr_penalty degree gamma max_depth_value mlp_learning_rate learning_rate_init neurons2 neurons3 lr_dual
327    svhn 1547597     10         1 classification  False       None       None    True DecisionTree        <NA>       <NA>             NA            <NA>   NA      <NA>        <NA> NA   <NA>            NA                     gini                   NA       0.4121     value           0.0115   <NA>    NA            NA       NA       <NA>          NA    <NA>            NA               NA      NA   <NA>       <NA>          <NA>    <NA>             <NA>                   <NA>         <NA>                     <NA>                   NA             NA          <NA>       NA       <NA>     NA    NA              28              <NA>                 NA       NA       NA    <NA>
221    svhn 1547597     10         1 classification  False       None       None    True DecisionTree        <NA>       <NA>             NA            <NA>   NA      <NA>        <NA> NA   <NA>            NA                     gini                   NA       0.4959     value           0.0173   <NA>    NA            NA       NA       <NA>          NA    <NA>            NA               NA      NA   <NA>       <NA>          <NA>    <NA>             <NA>                   <NA>         <NA>                     <NA>                   NA             NA          <NA>       NA       <NA>     NA    NA              25              <NA>                 NA       NA       NA    <NA>
313    svhn 1547597     10         1 classification  False       None       None    True DecisionTree        <NA>       <NA>             NA            <NA>   NA      <NA>        <NA> NA   <NA>            NA                     gini                   NA       0.8411     value           0.0173   <NA>    NA            NA       NA       <NA>          NA    <NA>            NA               NA      NA   <NA>       <NA>          <NA>    <NA>             <NA>                   <NA>         <NA>                     <NA>                   NA             NA          <NA>       NA       <NA>     NA    NA              22              <NA>                 NA       NA       NA    <NA>
167    svhn 1547597     10         1 classification  False       None       None    True DecisionTree        <NA>       <NA>             NA            <NA>   NA      <NA>        <NA> NA   <NA>            NA                     gini                   NA       0.4778     value           0.0327   <NA>    NA            NA       NA       <NA>          NA    <NA>            NA               NA      NA   <NA>       <NA>          <NA>    <NA>             <NA>                   <NA>         <NA>                     <NA>                   NA             NA          <NA>       NA       <NA>     NA    NA              15              <NA>                 NA       NA       NA    <NA>
169    svhn 1547597     10         1 classification  False       None Extraction    True DecisionTree       False        PCA         0.1340            <NA>   NA      <NA>        <NA> NA   <NA>            NA                     gini                   NA       0.5315      none           0.0184   <NA>    NA            NA       NA       <NA>          NA    <NA>            NA               NA      NA   True       auto          <NA>    <NA>             <NA>                   <NA>         <NA>                     <NA>                   NA             NA          <NA>       NA       <NA>     NA    NA              16              <NA>                 NA       NA       NA    <NA>
196    svhn 1547597     10         1 classification  False Extraction  Selection    True     AdaBoost       False        PCA         0.0306 SelectFromModel   NA      <NA>        <NA> NA   <NA>            NA                     <NA>                   NA           NA      <NA>               NA   <NA>    NA            NA       NA       <NA>          NA    <NA>           176           0.4685      NA   True randomized          <NA>    <NA>             <NA>                   <NA> DecisionTree                     <NA>                   NA             NA          mean       NA       <NA>     NA    NA              NA              <NA>                 NA       NA       NA    <NA>
362    svhn 1547597     10         1 classification  False       None       None    True DecisionTree        <NA>       <NA>             NA            <NA>   NA      <NA>        <NA> NA   <NA>            NA                     gini                   NA       0.8845     value           0.0120   <NA>    NA            NA       NA       <NA>          NA    <NA>            NA               NA      NA   <NA>       <NA>          <NA>    <NA>             <NA>                   <NA>         <NA>                     <NA>                   NA             NA          <NA>       NA       <NA>     NA    NA              28              <NA>                 NA       NA       NA    <NA>
# 2020-07-03 10:07:50 BRT: Stopped because there is not enough budget left to race more than the minimum (7)
# You may either increase the budget or set 'minNbSurvival' to a lower value
# Iteration: 13
# nbIterations: 13
# experimentsUsedSoFar: 1978
# timeUsed: 0
# remainingBudget: 22
# currentBudget: 22
# number of elites: 7
# nbConfigurations: 7
# Best configurations (first number is the configuration ID; listed from best to worst according to the sum of ranks):
    dataset  job_id cutoff metafolds           task sparse     f_eng1     f_eng2 scaling    algorithm pre_scaling extraction ext_components       selection lr_C lr_solver multi_class  C kernel rf_estimators criterion_classification criterion_regression max_features max_depth min_samples_leaf solver alpha hidden_layers neurons1 activation n_neighbors weights ab_estimators ab_learning_rate ab_loss whiten svd_solver ica_algorithm ica_fun dl_fit_algorithm dl_transform_algorithm    sel_model sel_score_classification sel_score_regression sel_percentile sel_threshold max_iter lr_penalty degree gamma max_depth_value mlp_learning_rate learning_rate_init neurons2 neurons3 lr_dual
327    svhn 1547597     10         1 classification  False       None       None    True DecisionTree        <NA>       <NA>             NA            <NA>   NA      <NA>        <NA> NA   <NA>            NA                     gini                   NA       0.4121     value           0.0115   <NA>    NA            NA       NA       <NA>          NA    <NA>            NA               NA      NA   <NA>       <NA>          <NA>    <NA>             <NA>                   <NA>         <NA>                     <NA>                   NA             NA          <NA>       NA       <NA>     NA    NA              28              <NA>                 NA       NA       NA    <NA>
221    svhn 1547597     10         1 classification  False       None       None    True DecisionTree        <NA>       <NA>             NA            <NA>   NA      <NA>        <NA> NA   <NA>            NA                     gini                   NA       0.4959     value           0.0173   <NA>    NA            NA       NA       <NA>          NA    <NA>            NA               NA      NA   <NA>       <NA>          <NA>    <NA>             <NA>                   <NA>         <NA>                     <NA>                   NA             NA          <NA>       NA       <NA>     NA    NA              25              <NA>                 NA       NA       NA    <NA>
313    svhn 1547597     10         1 classification  False       None       None    True DecisionTree        <NA>       <NA>             NA            <NA>   NA      <NA>        <NA> NA   <NA>            NA                     gini                   NA       0.8411     value           0.0173   <NA>    NA            NA       NA       <NA>          NA    <NA>            NA               NA      NA   <NA>       <NA>          <NA>    <NA>             <NA>                   <NA>         <NA>                     <NA>                   NA             NA          <NA>       NA       <NA>     NA    NA              22              <NA>                 NA       NA       NA    <NA>
167    svhn 1547597     10         1 classification  False       None       None    True DecisionTree        <NA>       <NA>             NA            <NA>   NA      <NA>        <NA> NA   <NA>            NA                     gini                   NA       0.4778     value           0.0327   <NA>    NA            NA       NA       <NA>          NA    <NA>            NA               NA      NA   <NA>       <NA>          <NA>    <NA>             <NA>                   <NA>         <NA>                     <NA>                   NA             NA          <NA>       NA       <NA>     NA    NA              15              <NA>                 NA       NA       NA    <NA>
169    svhn 1547597     10         1 classification  False       None Extraction    True DecisionTree       False        PCA         0.1340            <NA>   NA      <NA>        <NA> NA   <NA>            NA                     gini                   NA       0.5315      none           0.0184   <NA>    NA            NA       NA       <NA>          NA    <NA>            NA               NA      NA   True       auto          <NA>    <NA>             <NA>                   <NA>         <NA>                     <NA>                   NA             NA          <NA>       NA       <NA>     NA    NA              16              <NA>                 NA       NA       NA    <NA>
196    svhn 1547597     10         1 classification  False Extraction  Selection    True     AdaBoost       False        PCA         0.0306 SelectFromModel   NA      <NA>        <NA> NA   <NA>            NA                     <NA>                   NA           NA      <NA>               NA   <NA>    NA            NA       NA       <NA>          NA    <NA>           176           0.4685      NA   True randomized          <NA>    <NA>             <NA>                   <NA> DecisionTree                     <NA>                   NA             NA          mean       NA       <NA>     NA    NA              NA              <NA>                 NA       NA       NA    <NA>
362    svhn 1547597     10         1 classification  False       None       None    True DecisionTree        <NA>       <NA>             NA            <NA>   NA      <NA>        <NA> NA   <NA>            NA                     gini                   NA       0.8845     value           0.0120   <NA>    NA            NA       NA       <NA>          NA    <NA>            NA               NA      NA   <NA>       <NA>          <NA>    <NA>             <NA>                   <NA>         <NA>                     <NA>                   NA             NA          <NA>       NA       <NA>     NA    NA              28              <NA>                 NA       NA       NA    <NA>
# Best configurations as commandlines (first number is the configuration ID; same order as above):
327  --dataset svhn --job_id 1547597 --cutoff 10 --metafolds 1 --task classification --sparse False --f_eng1 None --f_eng2 None --scaling True --algorithm DecisionTree --criterion_classification gini --max_features 0.4121 --max_depth value --max_depth_value 28 --min_samples_leaf 0.0115
221  --dataset svhn --job_id 1547597 --cutoff 10 --metafolds 1 --task classification --sparse False --f_eng1 None --f_eng2 None --scaling True --algorithm DecisionTree --criterion_classification gini --max_features 0.4959 --max_depth value --max_depth_value 25 --min_samples_leaf 0.0173
313  --dataset svhn --job_id 1547597 --cutoff 10 --metafolds 1 --task classification --sparse False --f_eng1 None --f_eng2 None --scaling True --algorithm DecisionTree --criterion_classification gini --max_features 0.8411 --max_depth value --max_depth_value 22 --min_samples_leaf 0.0173
167  --dataset svhn --job_id 1547597 --cutoff 10 --metafolds 1 --task classification --sparse False --f_eng1 None --f_eng2 None --scaling True --algorithm DecisionTree --criterion_classification gini --max_features 0.4778 --max_depth value --max_depth_value 15 --min_samples_leaf 0.0327
169  --dataset svhn --job_id 1547597 --cutoff 10 --metafolds 1 --task classification --sparse False --f_eng1 None --f_eng2 Extraction --pre_scaling False --extraction PCA --ext_components 0.134 --whiten True --svd_solver auto --scaling True --algorithm DecisionTree --criterion_classification gini --max_features 0.5315 --max_depth none --max_depth_value 16 --min_samples_leaf 0.0184
196  --dataset svhn --job_id 1547597 --cutoff 10 --metafolds 1 --task classification --sparse False --f_eng1 Extraction --f_eng2 Selection --pre_scaling False --extraction PCA --ext_components 0.0306 --whiten True --svd_solver randomized --selection SelectFromModel --sel_model DecisionTree --sel_threshold mean --scaling True --algorithm AdaBoost --ab_estimators 176 --ab_learning_rate 0.4685
362  --dataset svhn --job_id 1547597 --cutoff 10 --metafolds 1 --task classification --sparse False --f_eng1 None --f_eng2 None --scaling True --algorithm DecisionTree --criterion_classification gini --max_features 0.8845 --max_depth value --max_depth_value 28 --min_samples_leaf 0.012
