*******************************************************************************
* irace: An implementation in R of Iterated Race
* Version: 3.1.2112M
* Copyright (C) 2010-2018
* Manuel Lopez-Ibanez     <manuel.lopez-ibanez@manchester.ac.uk>
* Jeremie Dubois-Lacoste  
* Leslie Perez Caceres    <leslie.perez.caceres@ulb.ac.be>
*
* This is free software, and you are welcome to redistribute it under certain
* conditions.  See the GNU General Public License for details. There is NO
* WARRANTY; not even for MERCHANTABILITY or FITNESS FOR A PARTICULAR PURPOSE.
*
* irace builds upon previous code from the race package:
*
* race: Racing methods for the selection of the best
* Copyright (C) 2003 Mauro Birattari
*******************************************************************************
# installed at: /home/cemvieira/bin/R/irace
# called with: -s scenario.txt --max-experiments 2000 -p ./svhn/parameters-1554196.txt --parallel 32 --train-instances-file svhn/instances.txt --log-file ./output/svhn/svhn-3f2k15m-irace-1554196.Rdata
# 8 expression(s) specifying forbidden configurations read from '/home/cemvieira/isklearn/forbidden.txt'
# 2020-07-06 08:56:30 BRT: Initialization
# Elitist race
# Elitist new instances: 1
# Elitist limit: 2
# nbIterations: 7
# minNbSurvival: 7
# nbParameters: 50
# seed: 973909743
# confidence level: 0.95
# budget: 2000
# mu: 5
# deterministic: TRUE

# 2020-07-06 08:56:30 BRT: Iteration 1 of 7
# experimentsUsedSoFar: 0
# remainingBudget: 2000
# currentBudget: 285
# nbConfigurations: 47
  Markers:
     x No test is performed.
     - The test is performed and some configurations are discarded.
     = The test is performed but no configuration is discarded.
     ! The test is performed and configurations could be discarded but elite configurations are preserved.
     . All alive configurations are elite and nothing is discarded

+-+-----------+-----------+-----------+---------------+-----------+--------+-----+----+------+
| |   Instance|      Alive|       Best|      Mean best| Exp so far|  W time|  rho|KenW|  Qvar|
+-+-----------+-----------+-----------+---------------+-----------+--------+-----+----+------+
|x|          1|         47|         38|  -0.2054660532|         47|00:30:03|   NA|  NA|    NA|
|x|          2|         47|         38|  -0.2039946139|         94|00:30:02|+1.00|1.00|0.0000|
|x|          3|         47|         38|  -0.2007112800|        141|00:30:01|+1.00|1.00|0.0000|
|x|          4|         47|         38|  -0.2012531686|        188|00:30:01|+1.00|1.00|0.0000|
|!|          5|          1|         38|  -0.2020217410|        235|00:30:01|   NA|  NA|    NA|
+-+-----------+-----------+-----------+---------------+-----------+--------+-----+----+------+
Best-so-far configuration:          38    mean value:   -0.2020217410
Description of the best-so-far configuration:
   .ID. dataset  job_id cutoff metafolds           task sparse f_eng1    f_eng2 scaling          algorithm pre_scaling extraction ext_components        selection   lr_C lr_solver multi_class  C kernel rf_estimators criterion_classification criterion_regression max_features max_depth min_samples_leaf solver alpha hidden_layers neurons1 activation n_neighbors weights ab_estimators ab_learning_rate ab_loss whiten svd_solver ica_algorithm ica_fun dl_fit_algorithm dl_transform_algorithm sel_model sel_score_classification sel_score_regression sel_percentile sel_threshold max_iter lr_penalty degree gamma max_depth_value mlp_learning_rate learning_rate_init neurons2 neurons3 lr_dual .PARENT.
38   38    svhn 1554196     15         3 classification  False   None Selection   False LogisticRegression        True       <NA>             NA SelectPercentile 0.2652     lbfgs multinomial NA   <NA>            NA                     <NA>                   NA           NA      <NA>               NA   <NA>    NA            NA       NA       <NA>          NA    <NA>            NA               NA      NA   <NA>       <NA>          <NA>    <NA>             <NA>                   <NA>      <NA>                f_classif                   NA              2          <NA>      453         NA     NA    NA              NA              <NA>                 NA       NA       NA      NA       NA

# 2020-07-06 11:26:42 BRT: Elite configurations (first number is the configuration ID; listed from best to worst according to the sum of ranks):
   dataset  job_id cutoff metafolds           task sparse f_eng1    f_eng2 scaling          algorithm pre_scaling extraction ext_components        selection   lr_C lr_solver multi_class  C kernel rf_estimators criterion_classification criterion_regression max_features max_depth min_samples_leaf solver alpha hidden_layers neurons1 activation n_neighbors weights ab_estimators ab_learning_rate ab_loss whiten svd_solver ica_algorithm ica_fun dl_fit_algorithm dl_transform_algorithm sel_model sel_score_classification sel_score_regression sel_percentile sel_threshold max_iter lr_penalty degree gamma max_depth_value mlp_learning_rate learning_rate_init neurons2 neurons3 lr_dual
38    svhn 1554196     15         3 classification  False   None Selection   False LogisticRegression        True       <NA>             NA SelectPercentile 0.2652     lbfgs multinomial NA   <NA>            NA                     <NA>                   NA           NA      <NA>               NA   <NA>    NA            NA       NA       <NA>          NA    <NA>            NA               NA      NA   <NA>       <NA>          <NA>    <NA>             <NA>                   <NA>      <NA>                f_classif                   NA              2          <NA>      453         NA     NA    NA              NA              <NA>                 NA       NA       NA      NA
# 2020-07-06 11:26:42 BRT: Iteration 2 of 7
# experimentsUsedSoFar: 235
# remainingBudget: 1765
# currentBudget: 294
# nbConfigurations: 42
  Markers:
     x No test is performed.
     - The test is performed and some configurations are discarded.
     = The test is performed but no configuration is discarded.
     ! The test is performed and configurations could be discarded but elite configurations are preserved.
     . All alive configurations are elite and nothing is discarded

+-+-----------+-----------+-----------+---------------+-----------+--------+-----+----+------+
| |   Instance|      Alive|       Best|      Mean best| Exp so far|  W time|  rho|KenW|  Qvar|
+-+-----------+-----------+-----------+---------------+-----------+--------+-----+----+------+
|x|          6|         42|         51|  -0.1865299024|         42|00:30:00|   NA|  NA|    NA|
|x|          3|         42|         51|  -0.1878426594|         83|00:30:01|+0.64|0.82|0.2944|
|x|          2|         42|         51|  -0.1882472442|        124|00:30:01|+0.65|0.76|0.3034|
|x|          4|         42|         51|  -0.1884965615|        165|00:30:01|+0.72|0.79|0.2543|
|!|          5|          2|         51|  -0.1886214618|        206|00:30:00|+0.20|0.36|0.4000|
+-+-----------+-----------+-----------+---------------+-----------+--------+-----+----+------+
Best-so-far configuration:          38    mean value:     715827882.5
Description of the best-so-far configuration:
   .ID. dataset  job_id cutoff metafolds           task sparse f_eng1    f_eng2 scaling          algorithm pre_scaling extraction ext_components        selection   lr_C lr_solver multi_class  C kernel rf_estimators criterion_classification criterion_regression max_features max_depth min_samples_leaf solver alpha hidden_layers neurons1 activation n_neighbors weights ab_estimators ab_learning_rate ab_loss whiten svd_solver ica_algorithm ica_fun dl_fit_algorithm dl_transform_algorithm sel_model sel_score_classification sel_score_regression sel_percentile sel_threshold max_iter lr_penalty degree gamma max_depth_value mlp_learning_rate learning_rate_init neurons2 neurons3 lr_dual .PARENT.
38   38    svhn 1554196     15         3 classification  False   None Selection   False LogisticRegression        True       <NA>             NA SelectPercentile 0.2652     lbfgs multinomial NA   <NA>            NA                     <NA>                   NA           NA      <NA>               NA   <NA>    NA            NA       NA       <NA>          NA    <NA>            NA               NA      NA   <NA>       <NA>          <NA>    <NA>             <NA>                   <NA>      <NA>                f_classif                   NA              2          <NA>      453       <NA>     NA    NA              NA              <NA>                 NA       NA       NA    <NA>       NA

# 2020-07-06 13:56:50 BRT: Elite configurations (first number is the configuration ID; listed from best to worst according to the sum of ranks):
   dataset  job_id cutoff metafolds           task sparse f_eng1    f_eng2 scaling          algorithm pre_scaling extraction ext_components        selection   lr_C lr_solver multi_class  C kernel rf_estimators criterion_classification criterion_regression max_features max_depth min_samples_leaf solver alpha hidden_layers neurons1 activation n_neighbors weights ab_estimators ab_learning_rate ab_loss whiten svd_solver ica_algorithm ica_fun dl_fit_algorithm dl_transform_algorithm sel_model sel_score_classification sel_score_regression sel_percentile sel_threshold max_iter lr_penalty degree gamma max_depth_value mlp_learning_rate learning_rate_init neurons2 neurons3 lr_dual
38    svhn 1554196     15         3 classification  False   None Selection   False LogisticRegression        True       <NA>             NA SelectPercentile 0.2652     lbfgs multinomial NA   <NA>            NA                     <NA>                   NA           NA      <NA>               NA   <NA>    NA            NA       NA       <NA>          NA    <NA>            NA               NA      NA   <NA>       <NA>          <NA>    <NA>             <NA>                   <NA>      <NA>                f_classif                   NA              2          <NA>      453       <NA>     NA    NA              NA              <NA>                 NA       NA       NA    <NA>
51    svhn 1554196     15         3 classification  False   None      None    True       DecisionTree        <NA>       <NA>             NA             <NA>     NA      <NA>        <NA> NA   <NA>            NA                     gini                   NA       0.6864      none            0.351   <NA>    NA            NA       NA       <NA>          NA    <NA>            NA               NA      NA   <NA>       <NA>          <NA>    <NA>             <NA>                   <NA>      <NA>                     <NA>                   NA             NA          <NA>       NA       <NA>     NA    NA               2              <NA>                 NA       NA       NA    <NA>
# 2020-07-06 13:56:50 BRT: Iteration 3 of 7
# experimentsUsedSoFar: 441
# remainingBudget: 1559
# currentBudget: 311
# nbConfigurations: 40
  Markers:
     x No test is performed.
     - The test is performed and some configurations are discarded.
     = The test is performed but no configuration is discarded.
     ! The test is performed and configurations could be discarded but elite configurations are preserved.
     . All alive configurations are elite and nothing is discarded

+-+-----------+-----------+-----------+---------------+-----------+--------+-----+----+------+
| |   Instance|      Alive|       Best|      Mean best| Exp so far|  W time|  rho|KenW|  Qvar|
+-+-----------+-----------+-----------+---------------+-----------+--------+-----+----+------+
|x|          7|         40|        120|  -0.1946354840|         40|00:30:01|   NA|  NA|    NA|
|x|          2|         40|         96|  -0.1919950209|         78|00:30:00|+0.89|0.94|0.0702|
|x|          1|         40|        105|  -0.1906286013|        117|00:30:01|+0.93|0.95|0.0468|
|x|          5|         40|        105|  -0.1917070388|        155|00:30:01|+0.94|0.96|0.0351|
|!|          3|          5|        120|  -0.1969244450|        193|00:30:01|+0.22|0.38|0.7417|
+-+-----------+-----------+-----------+---------------+-----------+--------+-----+----+------+
Best-so-far configuration:          38    mean value:     1227133513.
Description of the best-so-far configuration:
   .ID. dataset  job_id cutoff metafolds           task sparse f_eng1    f_eng2 scaling          algorithm pre_scaling extraction ext_components        selection   lr_C lr_solver multi_class  C kernel rf_estimators criterion_classification criterion_regression max_features max_depth min_samples_leaf solver alpha hidden_layers neurons1 activation n_neighbors weights ab_estimators ab_learning_rate ab_loss whiten svd_solver ica_algorithm ica_fun dl_fit_algorithm dl_transform_algorithm sel_model sel_score_classification sel_score_regression sel_percentile sel_threshold max_iter lr_penalty degree gamma max_depth_value mlp_learning_rate learning_rate_init neurons2 neurons3 lr_dual .PARENT.
38   38    svhn 1554196     15         3 classification  False   None Selection   False LogisticRegression        True       <NA>             NA SelectPercentile 0.2652     lbfgs multinomial NA   <NA>            NA                     <NA>                   NA           NA      <NA>               NA   <NA>    NA            NA       NA       <NA>          NA    <NA>            NA               NA      NA   <NA>       <NA>          <NA>    <NA>             <NA>                   <NA>      <NA>                f_classif                   NA              2          <NA>      453       <NA>     NA    NA              NA              <NA>                 NA       NA       NA    <NA>       NA

# 2020-07-06 16:26:58 BRT: Elite configurations (first number is the configuration ID; listed from best to worst according to the sum of ranks):
    dataset  job_id cutoff metafolds           task sparse f_eng1    f_eng2 scaling          algorithm pre_scaling extraction ext_components        selection   lr_C lr_solver multi_class  C kernel rf_estimators criterion_classification criterion_regression max_features max_depth min_samples_leaf solver alpha hidden_layers neurons1 activation n_neighbors weights ab_estimators ab_learning_rate ab_loss whiten svd_solver ica_algorithm ica_fun dl_fit_algorithm dl_transform_algorithm sel_model sel_score_classification sel_score_regression sel_percentile sel_threshold max_iter lr_penalty degree gamma max_depth_value mlp_learning_rate learning_rate_init neurons2 neurons3 lr_dual
38     svhn 1554196     15         3 classification  False   None Selection   False LogisticRegression        True       <NA>             NA SelectPercentile 0.2652     lbfgs multinomial NA   <NA>            NA                     <NA>                   NA           NA      <NA>               NA   <NA>    NA            NA       NA       <NA>          NA    <NA>            NA               NA      NA   <NA>       <NA>          <NA>    <NA>             <NA>                   <NA>      <NA>                f_classif                   NA              2          <NA>      453       <NA>     NA    NA              NA              <NA>                 NA       NA       NA    <NA>
51     svhn 1554196     15         3 classification  False   None      None    True       DecisionTree        <NA>       <NA>             NA             <NA>     NA      <NA>        <NA> NA   <NA>            NA                     gini                   NA       0.6864      none           0.3510   <NA>    NA            NA       NA       <NA>          NA    <NA>            NA               NA      NA   <NA>       <NA>          <NA>    <NA>             <NA>                   <NA>      <NA>                     <NA>                   NA             NA          <NA>       NA       <NA>     NA    NA               2              <NA>                 NA       NA       NA    <NA>
120    svhn 1554196     15         3 classification  False   None Selection   False       DecisionTree       False       <NA>             NA SelectPercentile     NA      <NA>        <NA> NA   <NA>            NA                  entropy                   NA       0.6090      none           0.1249   <NA>    NA            NA       NA       <NA>          NA    <NA>            NA               NA      NA   <NA>       <NA>          <NA>    <NA>             <NA>                   <NA>      <NA>                f_classif                   NA             44          <NA>       NA       <NA>     NA    NA              36              <NA>                 NA       NA       NA    <NA>
105    svhn 1554196     15         3 classification  False   None Selection   False       DecisionTree        True       <NA>             NA SelectPercentile     NA      <NA>        <NA> NA   <NA>            NA                  entropy                   NA       0.1905     value           0.2997   <NA>    NA            NA       NA       <NA>          NA    <NA>            NA               NA      NA   <NA>       <NA>          <NA>    <NA>             <NA>                   <NA>      <NA>                f_classif                   NA             79          <NA>       NA       <NA>     NA    NA              38              <NA>                 NA       NA       NA    <NA>
96     svhn 1554196     15         3 classification  False   None      None    True       DecisionTree        <NA>       <NA>             NA             <NA>     NA      <NA>        <NA> NA   <NA>            NA                     gini                   NA       0.7883      none           0.3026   <NA>    NA            NA       NA       <NA>          NA    <NA>            NA               NA      NA   <NA>       <NA>          <NA>    <NA>             <NA>                   <NA>      <NA>                     <NA>                   NA             NA          <NA>       NA       <NA>     NA    NA              38              <NA>                 NA       NA       NA    <NA>
# 2020-07-06 16:26:58 BRT: Iteration 4 of 7
# experimentsUsedSoFar: 634
# remainingBudget: 1366
# currentBudget: 341
# nbConfigurations: 41
  Markers:
     x No test is performed.
     - The test is performed and some configurations are discarded.
     = The test is performed but no configuration is discarded.
     ! The test is performed and configurations could be discarded but elite configurations are preserved.
     . All alive configurations are elite and nothing is discarded

+-+-----------+-----------+-----------+---------------+-----------+--------+-----+----+------+
| |   Instance|      Alive|       Best|      Mean best| Exp so far|  W time|  rho|KenW|  Qvar|
+-+-----------+-----------+-----------+---------------+-----------+--------+-----+----+------+
|x|          8|         41|        162|  -0.2127941420|         41|00:20:38|   NA|  NA|    NA|
|x|          1|         41|        162|  -0.2154686052|         77|00:16:12|+0.82|0.91|0.0957|
|x|          2|         41|        162|  -0.2172589245|        113|00:16:14|+0.86|0.91|0.0638|
|x|          3|         41|        162|  -0.2162189244|        149|00:16:17|+0.90|0.92|0.0478|
|!|          4|          7|        162|  -0.2164263058|        188|00:20:33|+0.72|0.78|0.4208|
+-+-----------+-----------+-----------+---------------+-----------+--------+-----+----+------+
Best-so-far configuration:          38    mean value:     1610612736.
Description of the best-so-far configuration:
   .ID. dataset  job_id cutoff metafolds           task sparse f_eng1    f_eng2 scaling          algorithm pre_scaling extraction ext_components        selection   lr_C lr_solver multi_class  C kernel rf_estimators criterion_classification criterion_regression max_features max_depth min_samples_leaf solver alpha hidden_layers neurons1 activation n_neighbors weights ab_estimators ab_learning_rate ab_loss whiten svd_solver ica_algorithm ica_fun dl_fit_algorithm dl_transform_algorithm sel_model sel_score_classification sel_score_regression sel_percentile sel_threshold max_iter lr_penalty degree gamma max_depth_value mlp_learning_rate learning_rate_init neurons2 neurons3 lr_dual .PARENT.
38   38    svhn 1554196     15         3 classification  False   None Selection   False LogisticRegression        True       <NA>             NA SelectPercentile 0.2652     lbfgs multinomial NA   <NA>            NA                     <NA>                   NA           NA      <NA>               NA   <NA>    NA            NA       NA       <NA>          NA    <NA>            NA               NA      NA   <NA>       <NA>          <NA>    <NA>             <NA>                   <NA>      <NA>                f_classif                   NA              2          <NA>      453       <NA>     NA    NA              NA              <NA>                 NA       NA       NA    <NA>       NA

# 2020-07-06 17:56:55 BRT: Elite configurations (first number is the configuration ID; listed from best to worst according to the sum of ranks):
    dataset  job_id cutoff metafolds           task sparse f_eng1    f_eng2 scaling          algorithm pre_scaling extraction ext_components        selection    lr_C lr_solver multi_class  C kernel rf_estimators criterion_classification criterion_regression max_features max_depth min_samples_leaf solver alpha hidden_layers neurons1 activation n_neighbors weights ab_estimators ab_learning_rate ab_loss whiten svd_solver ica_algorithm ica_fun dl_fit_algorithm dl_transform_algorithm    sel_model sel_score_classification sel_score_regression sel_percentile sel_threshold max_iter lr_penalty degree gamma max_depth_value mlp_learning_rate learning_rate_init neurons2 neurons3 lr_dual
38     svhn 1554196     15         3 classification  False   None Selection   False LogisticRegression        True       <NA>             NA SelectPercentile  0.2652     lbfgs multinomial NA   <NA>            NA                     <NA>                   NA           NA      <NA>               NA   <NA>    NA            NA       NA       <NA>          NA    <NA>            NA               NA      NA   <NA>       <NA>          <NA>    <NA>             <NA>                   <NA>         <NA>                f_classif                   NA              2          <NA>      453       <NA>     NA    NA              NA              <NA>                 NA       NA       NA    <NA>
51     svhn 1554196     15         3 classification  False   None      None    True       DecisionTree        <NA>       <NA>             NA             <NA>      NA      <NA>        <NA> NA   <NA>            NA                     gini                   NA       0.6864      none           0.3510   <NA>    NA            NA       NA       <NA>          NA    <NA>            NA               NA      NA   <NA>       <NA>          <NA>    <NA>             <NA>                   <NA>         <NA>                     <NA>                   NA             NA          <NA>       NA       <NA>     NA    NA               2              <NA>                 NA       NA       NA    <NA>
120    svhn 1554196     15         3 classification  False   None Selection   False       DecisionTree       False       <NA>             NA SelectPercentile      NA      <NA>        <NA> NA   <NA>            NA                  entropy                   NA       0.6090      none           0.1249   <NA>    NA            NA       NA       <NA>          NA    <NA>            NA               NA      NA   <NA>       <NA>          <NA>    <NA>             <NA>                   <NA>         <NA>                f_classif                   NA             44          <NA>       NA       <NA>     NA    NA              36              <NA>                 NA       NA       NA    <NA>
105    svhn 1554196     15         3 classification  False   None Selection   False       DecisionTree        True       <NA>             NA SelectPercentile      NA      <NA>        <NA> NA   <NA>            NA                  entropy                   NA       0.1905     value           0.2997   <NA>    NA            NA       NA       <NA>          NA    <NA>            NA               NA      NA   <NA>       <NA>          <NA>    <NA>             <NA>                   <NA>         <NA>                f_classif                   NA             79          <NA>       NA       <NA>     NA    NA              38              <NA>                 NA       NA       NA    <NA>
96     svhn 1554196     15         3 classification  False   None      None    True       DecisionTree        <NA>       <NA>             NA             <NA>      NA      <NA>        <NA> NA   <NA>            NA                     gini                   NA       0.7883      none           0.3026   <NA>    NA            NA       NA       <NA>          NA    <NA>            NA               NA      NA   <NA>       <NA>          <NA>    <NA>             <NA>                   <NA>         <NA>                     <NA>                   NA             NA          <NA>       NA       <NA>     NA    NA              38              <NA>                 NA       NA       NA    <NA>
162    svhn 1554196     15         3 classification  False   None Selection   False LogisticRegression        True       <NA>             NA SelectPercentile -3.0518     lbfgs multinomial NA   <NA>            NA                     <NA>                   NA           NA      <NA>               NA   <NA>    NA            NA       NA       <NA>          NA    <NA>            NA               NA      NA   <NA>       <NA>          <NA>    <NA>             <NA>                   <NA>         <NA>                f_classif                   NA             21          <NA>      402       <NA>     NA    NA              NA              <NA>                 NA       NA       NA    <NA>
146    svhn 1554196     15         3 classification  False   None Selection   False       DecisionTree       False       <NA>             NA  SelectFromModel      NA      <NA>        <NA> NA   <NA>            NA                  entropy                   NA       0.3645      none           0.0915   <NA>    NA            NA       NA       <NA>          NA    <NA>            NA               NA      NA   <NA>       <NA>          <NA>    <NA>             <NA>                   <NA> RandomForest                     <NA>                   NA             NA        median       NA       <NA>     NA    NA              45              <NA>                 NA       NA       NA    <NA>
# 2020-07-06 17:56:55 BRT: Iteration 5 of 7
# experimentsUsedSoFar: 822
# remainingBudget: 1178
# currentBudget: 392
# nbConfigurations: 44
  Markers:
     x No test is performed.
     - The test is performed and some configurations are discarded.
     = The test is performed but no configuration is discarded.
     ! The test is performed and configurations could be discarded but elite configurations are preserved.
     . All alive configurations are elite and nothing is discarded

+-+-----------+-----------+-----------+---------------+-----------+--------+-----+----+------+
| |   Instance|      Alive|       Best|      Mean best| Exp so far|  W time|  rho|KenW|  Qvar|
+-+-----------+-----------+-----------+---------------+-----------+--------+-----+----+------+
|x|          9|         44|        181|  -0.2170661749|         44|00:21:50|   NA|  NA|    NA|
|x|          7|         44|        181|  -0.2216143461|         83|00:18:32|+0.93|0.96|0.0000|
|x|          4|         44|        181|  -0.2254025995|        120|00:17:32|+0.90|0.93|0.0297|
|x|          3|         44|        181|  -0.2261901544|        157|00:17:29|+0.92|0.94|0.0297|
|!|          2|          9|        181|  -0.2245395608|        194|00:17:29|+0.81|0.85|0.5077|
|!|          5|          8|        181|  -0.2245784160|        198|00:01:02|+0.78|0.81|0.4667|
|-|          8|          8|        181|  -0.2248048822|        199|00:00:42|+0.79|0.82|0.4904|
|-|          6|          8|        181|  -0.2254195597|        205|00:01:04|+0.79|0.82|0.4856|
|!|          1|          2|        181|  -0.2252940504|        206|00:00:43|+0.56|0.60|0.2222|
+-+-----------+-----------+-----------+---------------+-----------+--------+-----+----+------+
Best-so-far configuration:         181    mean value:   -0.2252940504
Description of the best-so-far configuration:
    .ID. dataset  job_id cutoff metafolds           task sparse f_eng1 f_eng2 scaling    algorithm pre_scaling extraction ext_components selection lr_C lr_solver multi_class  C kernel rf_estimators criterion_classification criterion_regression max_features max_depth min_samples_leaf solver alpha hidden_layers neurons1 activation n_neighbors weights ab_estimators ab_learning_rate ab_loss whiten svd_solver ica_algorithm ica_fun dl_fit_algorithm dl_transform_algorithm sel_model sel_score_classification sel_score_regression sel_percentile sel_threshold max_iter lr_penalty degree gamma max_depth_value mlp_learning_rate learning_rate_init neurons2 neurons3 lr_dual .PARENT.
181  181    svhn 1554196     15         3 classification  False   None   None    True DecisionTree        <NA>       <NA>             NA      <NA>   NA      <NA>        <NA> NA   <NA>            NA                     gini                   NA       0.5354     value           0.0616   <NA>    NA            NA       NA       <NA>          NA    <NA>            NA               NA      NA   <NA>       <NA>          <NA>    <NA>             <NA>                   <NA>      <NA>                     <NA>                   NA             NA          <NA>       NA       <NA>     NA    NA              10              <NA>                 NA       NA       NA    <NA>       51

# 2020-07-06 19:33:23 BRT: Elite configurations (first number is the configuration ID; listed from best to worst according to the sum of ranks):
    dataset  job_id cutoff metafolds           task sparse f_eng1    f_eng2 scaling          algorithm pre_scaling extraction ext_components        selection    lr_C lr_solver multi_class  C kernel rf_estimators criterion_classification criterion_regression max_features max_depth min_samples_leaf solver alpha hidden_layers neurons1 activation n_neighbors weights ab_estimators ab_learning_rate ab_loss whiten svd_solver ica_algorithm ica_fun dl_fit_algorithm dl_transform_algorithm sel_model sel_score_classification sel_score_regression sel_percentile sel_threshold max_iter lr_penalty degree gamma max_depth_value mlp_learning_rate learning_rate_init neurons2 neurons3 lr_dual
181    svhn 1554196     15         3 classification  False   None      None    True       DecisionTree        <NA>       <NA>             NA             <NA>      NA      <NA>        <NA> NA   <NA>            NA                     gini                   NA       0.5354     value           0.0616   <NA>    NA            NA       NA       <NA>          NA    <NA>            NA               NA      NA   <NA>       <NA>          <NA>    <NA>             <NA>                   <NA>      <NA>                     <NA>                   NA             NA          <NA>       NA       <NA>     NA    NA              10              <NA>                 NA       NA       NA    <NA>
162    svhn 1554196     15         3 classification  False   None Selection   False LogisticRegression        True       <NA>             NA SelectPercentile -3.0518     lbfgs multinomial NA   <NA>            NA                     <NA>                   NA           NA      <NA>               NA   <NA>    NA            NA       NA       <NA>          NA    <NA>            NA               NA      NA   <NA>       <NA>          <NA>    <NA>             <NA>                   <NA>      <NA>                f_classif                   NA             21          <NA>      402       <NA>     NA    NA              NA              <NA>                 NA       NA       NA    <NA>
# 2020-07-06 19:33:23 BRT: Iteration 6 of 7
# experimentsUsedSoFar: 1028
# remainingBudget: 972
# currentBudget: 486
# nbConfigurations: 50
  Markers:
     x No test is performed.
     - The test is performed and some configurations are discarded.
     = The test is performed but no configuration is discarded.
     ! The test is performed and configurations could be discarded but elite configurations are preserved.
     . All alive configurations are elite and nothing is discarded

+-+-----------+-----------+-----------+---------------+-----------+--------+-----+----+------+
| |   Instance|      Alive|       Best|      Mean best| Exp so far|  W time|  rho|KenW|  Qvar|
+-+-----------+-----------+-----------+---------------+-----------+--------+-----+----+------+
|x|         10|         50|        209|  -0.2310579589|         50|00:21:27|   NA|  NA|    NA|
|x|          4|         50|        239|  -0.2313513963|         98|00:20:56|+0.98|0.99|0.0000|
|x|          2|         50|        209|  -0.2307822932|        146|00:20:37|+0.98|0.99|0.0000|
|x|          9|         50|        226|  -0.2277752831|        194|00:20:33|+0.98|0.98|0.0000|
|!|          5|          6|        239|  -0.2293080170|        242|00:20:33|+0.39|0.52|0.3718|
+-+-----------+-----------+-----------+---------------+-----------+--------+-----+----+------+
Best-so-far configuration:         181    mean value:   -0.2248154028
Description of the best-so-far configuration:
    .ID. dataset  job_id cutoff metafolds           task sparse f_eng1 f_eng2 scaling    algorithm pre_scaling extraction ext_components selection lr_C lr_solver multi_class  C kernel rf_estimators criterion_classification criterion_regression max_features max_depth min_samples_leaf solver alpha hidden_layers neurons1 activation n_neighbors weights ab_estimators ab_learning_rate ab_loss whiten svd_solver ica_algorithm ica_fun dl_fit_algorithm dl_transform_algorithm sel_model sel_score_classification sel_score_regression sel_percentile sel_threshold max_iter lr_penalty degree gamma max_depth_value mlp_learning_rate learning_rate_init neurons2 neurons3 lr_dual .PARENT.
181  181    svhn 1554196     15         3 classification  False   None   None    True DecisionTree        <NA>       <NA>             NA      <NA>   NA      <NA>        <NA> NA   <NA>            NA                     gini                   NA       0.5354     value           0.0616   <NA>    NA            NA       NA       <NA>          NA    <NA>            NA               NA      NA   <NA>       <NA>          <NA>    <NA>             <NA>                   <NA>      <NA>                     <NA>                   NA             NA          <NA>       NA       <NA>     NA    NA              10              <NA>                 NA       NA       NA    <NA>       51

# 2020-07-06 21:17:32 BRT: Elite configurations (first number is the configuration ID; listed from best to worst according to the sum of ranks):
    dataset  job_id cutoff metafolds           task sparse f_eng1    f_eng2 scaling          algorithm pre_scaling extraction ext_components        selection    lr_C lr_solver multi_class  C kernel rf_estimators criterion_classification criterion_regression max_features max_depth min_samples_leaf solver alpha hidden_layers neurons1 activation n_neighbors weights ab_estimators ab_learning_rate ab_loss whiten svd_solver ica_algorithm ica_fun dl_fit_algorithm dl_transform_algorithm sel_model sel_score_classification sel_score_regression sel_percentile sel_threshold max_iter lr_penalty degree gamma max_depth_value mlp_learning_rate learning_rate_init neurons2 neurons3 lr_dual
181    svhn 1554196     15         3 classification  False   None      None    True       DecisionTree        <NA>       <NA>             NA             <NA>      NA      <NA>        <NA> NA   <NA>            NA                     gini                   NA       0.5354     value           0.0616   <NA>    NA            NA       NA       <NA>          NA    <NA>            NA               NA      NA   <NA>       <NA>          <NA>    <NA>             <NA>                   <NA>      <NA>                     <NA>                   NA             NA          <NA>       NA       <NA>     NA    NA              10              <NA>                 NA       NA       NA    <NA>
162    svhn 1554196     15         3 classification  False   None Selection   False LogisticRegression        True       <NA>             NA SelectPercentile -3.0518     lbfgs multinomial NA   <NA>            NA                     <NA>                   NA           NA      <NA>               NA   <NA>    NA            NA       NA       <NA>          NA    <NA>            NA               NA      NA   <NA>       <NA>          <NA>    <NA>             <NA>                   <NA>      <NA>                f_classif                   NA             21          <NA>      402       <NA>     NA    NA              NA              <NA>                 NA       NA       NA    <NA>
239    svhn 1554196     15         3 classification  False   None      None    True       DecisionTree        <NA>       <NA>             NA             <NA>      NA      <NA>        <NA> NA   <NA>            NA                     gini                   NA       0.0214     value           0.0294   <NA>    NA            NA       NA       <NA>          NA    <NA>            NA               NA      NA   <NA>       <NA>          <NA>    <NA>             <NA>                   <NA>      <NA>                     <NA>                   NA             NA          <NA>       NA       <NA>     NA    NA              11              <NA>                 NA       NA       NA    <NA>
209    svhn 1554196     15         3 classification  False   None Selection   False LogisticRegression        True       <NA>             NA SelectPercentile -1.3644     lbfgs multinomial NA   <NA>            NA                     <NA>                   NA           NA      <NA>               NA   <NA>    NA            NA       NA       <NA>          NA    <NA>            NA               NA      NA   <NA>       <NA>          <NA>    <NA>             <NA>                   <NA>      <NA>                f_classif                   NA             10          <NA>      949       <NA>     NA    NA              NA              <NA>                 NA       NA       NA    <NA>
226    svhn 1554196     15         3 classification  False   None      None    True       DecisionTree        <NA>       <NA>             NA             <NA>      NA      <NA>        <NA> NA   <NA>            NA                     gini                   NA       0.8256     value           0.0189   <NA>    NA            NA       NA       <NA>          NA    <NA>            NA               NA      NA   <NA>       <NA>          <NA>    <NA>             <NA>                   <NA>      <NA>                     <NA>                   NA             NA          <NA>       NA       <NA>     NA    NA               5              <NA>                 NA       NA       NA    <NA>
227    svhn 1554196     15         3 classification  False   None      None    True       DecisionTree        <NA>       <NA>             NA             <NA>      NA      <NA>        <NA> NA   <NA>            NA                     gini                   NA       0.6098     value           0.0547   <NA>    NA            NA       NA       <NA>          NA    <NA>            NA               NA      NA   <NA>       <NA>          <NA>    <NA>             <NA>                   <NA>      <NA>                     <NA>                   NA             NA          <NA>       NA       <NA>     NA    NA              25              <NA>                 NA       NA       NA    <NA>
# 2020-07-06 21:17:32 BRT: Iteration 7 of 7
# experimentsUsedSoFar: 1270
# remainingBudget: 730
# currentBudget: 730
# nbConfigurations: 71
  Markers:
     x No test is performed.
     - The test is performed and some configurations are discarded.
     = The test is performed but no configuration is discarded.
     ! The test is performed and configurations could be discarded but elite configurations are preserved.
     . All alive configurations are elite and nothing is discarded

+-+-----------+-----------+-----------+---------------+-----------+--------+-----+----+------+
| |   Instance|      Alive|       Best|      Mean best| Exp so far|  W time|  rho|KenW|  Qvar|
+-+-----------+-----------+-----------+---------------+-----------+--------+-----+----+------+
|x|         11|         71|        275|  -0.2652290145|         71|00:24:34|   NA|  NA|    NA|
|x|          9|         71|        275|  -0.2646245029|        136|00:22:47|+0.96|0.98|0.0000|
|x|          2|         71|        275|  -0.2631278761|        201|00:22:49|+0.95|0.97|0.0000|
|x|          7|         71|        275|  -0.2621748251|        270|00:24:12|+0.95|0.96|0.0000|
|!|          4|         11|        275|  -0.2631989964|        335|00:22:47|+0.79|0.83|0.0759|
|!|         10|          8|        275|  -0.2635173756|        340|00:02:05|+0.75|0.79|0.0528|
|!|          5|          4|        275|  -0.2637909868|        342|00:01:00|+0.94|0.95|0.0197|
+-+-----------+-----------+-----------+---------------+-----------+--------+-----+----+------+
Best-so-far configuration:         181    mean value:   -0.2247997312
Description of the best-so-far configuration:
    .ID. dataset  job_id cutoff metafolds           task sparse f_eng1 f_eng2 scaling    algorithm pre_scaling extraction ext_components selection lr_C lr_solver multi_class  C kernel rf_estimators criterion_classification criterion_regression max_features max_depth min_samples_leaf solver alpha hidden_layers neurons1 activation n_neighbors weights ab_estimators ab_learning_rate ab_loss whiten svd_solver ica_algorithm ica_fun dl_fit_algorithm dl_transform_algorithm sel_model sel_score_classification sel_score_regression sel_percentile sel_threshold max_iter lr_penalty degree gamma max_depth_value mlp_learning_rate learning_rate_init neurons2 neurons3 lr_dual .PARENT.
181  181    svhn 1554196     15         3 classification  False   None   None    True DecisionTree        <NA>       <NA>             NA      <NA>   NA      <NA>        <NA> NA   <NA>            NA                     gini                   NA       0.5354     value           0.0616   <NA>    NA            NA       NA       <NA>          NA    <NA>            NA               NA      NA   <NA>       <NA>          <NA>    <NA>             <NA>                   <NA>      <NA>                     <NA>                   NA             NA          <NA>       NA       <NA>     NA    NA              10              <NA>                 NA       NA       NA    <NA>       51

# 2020-07-06 23:17:51 BRT: Elite configurations (first number is the configuration ID; listed from best to worst according to the sum of ranks):
    dataset  job_id cutoff metafolds           task sparse f_eng1    f_eng2 scaling          algorithm pre_scaling extraction ext_components        selection    lr_C lr_solver multi_class  C kernel rf_estimators criterion_classification criterion_regression max_features max_depth min_samples_leaf solver alpha hidden_layers neurons1 activation n_neighbors weights ab_estimators ab_learning_rate ab_loss whiten svd_solver ica_algorithm ica_fun dl_fit_algorithm dl_transform_algorithm sel_model sel_score_classification sel_score_regression sel_percentile sel_threshold max_iter lr_penalty degree gamma max_depth_value mlp_learning_rate learning_rate_init neurons2 neurons3 lr_dual
181    svhn 1554196     15         3 classification  False   None      None    True       DecisionTree        <NA>       <NA>             NA             <NA>      NA      <NA>        <NA> NA   <NA>            NA                     gini                   NA       0.5354     value           0.0616   <NA>    NA            NA       NA       <NA>          NA    <NA>            NA               NA      NA   <NA>       <NA>          <NA>    <NA>             <NA>                   <NA>      <NA>                     <NA>                   NA             NA          <NA>       NA       <NA>     NA    NA              10              <NA>                 NA       NA       NA    <NA>
162    svhn 1554196     15         3 classification  False   None Selection   False LogisticRegression        True       <NA>             NA SelectPercentile -3.0518     lbfgs multinomial NA   <NA>            NA                     <NA>                   NA           NA      <NA>               NA   <NA>    NA            NA       NA       <NA>          NA    <NA>            NA               NA      NA   <NA>       <NA>          <NA>    <NA>             <NA>                   <NA>      <NA>                f_classif                   NA             21          <NA>      402       <NA>     NA    NA              NA              <NA>                 NA       NA       NA    <NA>
275    svhn 1554196     15         3 classification  False   None      None    True       DecisionTree        <NA>       <NA>             NA             <NA>      NA      <NA>        <NA> NA   <NA>            NA                     gini                   NA       0.5378     value           0.0170   <NA>    NA            NA       NA       <NA>          NA    <NA>            NA               NA      NA   <NA>       <NA>          <NA>    <NA>             <NA>                   <NA>      <NA>                     <NA>                   NA             NA          <NA>       NA       <NA>     NA    NA              15              <NA>                 NA       NA       NA    <NA>
271    svhn 1554196     15         3 classification  False   None      None    True       DecisionTree        <NA>       <NA>             NA             <NA>      NA      <NA>        <NA> NA   <NA>            NA                     gini                   NA       0.0350     value           0.0200   <NA>    NA            NA       NA       <NA>          NA    <NA>            NA               NA      NA   <NA>       <NA>          <NA>    <NA>             <NA>                   <NA>      <NA>                     <NA>                   NA             NA          <NA>       NA       <NA>     NA    NA              40              <NA>                 NA       NA       NA    <NA>
# 2020-07-06 23:17:51 BRT: Iteration 8 of 8
# experimentsUsedSoFar: 1612
# remainingBudget: 388
# currentBudget: 388
# nbConfigurations: 36
  Markers:
     x No test is performed.
     - The test is performed and some configurations are discarded.
     = The test is performed but no configuration is discarded.
     ! The test is performed and configurations could be discarded but elite configurations are preserved.
     . All alive configurations are elite and nothing is discarded

+-+-----------+-----------+-----------+---------------+-----------+--------+-----+----+------+
| |   Instance|      Alive|       Best|      Mean best| Exp so far|  W time|  rho|KenW|  Qvar|
+-+-----------+-----------+-----------+---------------+-----------+--------+-----+----+------+
|x|         12|         36|        275|  -0.2704663932|         36|00:09:06|   NA|  NA|    NA|
|x|          7|         36|        275|  -0.2648910326|         68|00:08:19|+0.97|0.99|0.0234|
|x|          4|         36|        275|  -0.2656925822|        100|00:08:25|+0.97|0.98|0.0188|
|x|         11|         36|        275|  -0.2655766903|        132|00:08:24|+0.96|0.97|0.0225|
|!|          6|          4|        275|  -0.2657626733|        166|00:08:29|+1.00|1.00|0.0244|
+-+-----------+-----------+-----------+---------------+-----------+--------+-----+----+------+
Best-so-far configuration:         181    mean value:   -0.2256263380
Description of the best-so-far configuration:
    .ID. dataset  job_id cutoff metafolds           task sparse f_eng1 f_eng2 scaling    algorithm pre_scaling extraction ext_components selection lr_C lr_solver multi_class  C kernel rf_estimators criterion_classification criterion_regression max_features max_depth min_samples_leaf solver alpha hidden_layers neurons1 activation n_neighbors weights ab_estimators ab_learning_rate ab_loss whiten svd_solver ica_algorithm ica_fun dl_fit_algorithm dl_transform_algorithm sel_model sel_score_classification sel_score_regression sel_percentile sel_threshold max_iter lr_penalty degree gamma max_depth_value mlp_learning_rate learning_rate_init neurons2 neurons3 lr_dual .PARENT.
181  181    svhn 1554196     15         3 classification  False   None   None    True DecisionTree        <NA>       <NA>             NA      <NA>   NA      <NA>        <NA> NA   <NA>            NA                     gini                   NA       0.5354     value           0.0616   <NA>    NA            NA       NA       <NA>          NA    <NA>            NA               NA      NA   <NA>       <NA>          <NA>    <NA>             <NA>                   <NA>      <NA>                     <NA>                   NA             NA          <NA>       NA       <NA>     NA    NA              10              <NA>                 NA       NA       NA    <NA>       51

# 2020-07-07 00:00:38 BRT: Elite configurations (first number is the configuration ID; listed from best to worst according to the sum of ranks):
    dataset  job_id cutoff metafolds           task sparse f_eng1    f_eng2 scaling          algorithm pre_scaling extraction ext_components        selection    lr_C lr_solver multi_class  C kernel rf_estimators criterion_classification criterion_regression max_features max_depth min_samples_leaf solver alpha hidden_layers neurons1 activation n_neighbors weights ab_estimators ab_learning_rate ab_loss whiten svd_solver ica_algorithm ica_fun dl_fit_algorithm dl_transform_algorithm sel_model sel_score_classification sel_score_regression sel_percentile sel_threshold max_iter lr_penalty degree gamma max_depth_value mlp_learning_rate learning_rate_init neurons2 neurons3 lr_dual
181    svhn 1554196     15         3 classification  False   None      None    True       DecisionTree        <NA>       <NA>             NA             <NA>      NA      <NA>        <NA> NA   <NA>            NA                     gini                   NA       0.5354     value           0.0616   <NA>    NA            NA       NA       <NA>          NA    <NA>            NA               NA      NA   <NA>       <NA>          <NA>    <NA>             <NA>                   <NA>      <NA>                     <NA>                   NA             NA          <NA>       NA       <NA>     NA    NA              10              <NA>                 NA       NA       NA    <NA>
162    svhn 1554196     15         3 classification  False   None Selection   False LogisticRegression        True       <NA>             NA SelectPercentile -3.0518     lbfgs multinomial NA   <NA>            NA                     <NA>                   NA           NA      <NA>               NA   <NA>    NA            NA       NA       <NA>          NA    <NA>            NA               NA      NA   <NA>       <NA>          <NA>    <NA>             <NA>                   <NA>      <NA>                f_classif                   NA             21          <NA>      402       <NA>     NA    NA              NA              <NA>                 NA       NA       NA    <NA>
275    svhn 1554196     15         3 classification  False   None      None    True       DecisionTree        <NA>       <NA>             NA             <NA>      NA      <NA>        <NA> NA   <NA>            NA                     gini                   NA       0.5378     value           0.0170   <NA>    NA            NA       NA       <NA>          NA    <NA>            NA               NA      NA   <NA>       <NA>          <NA>    <NA>             <NA>                   <NA>      <NA>                     <NA>                   NA             NA          <NA>       NA       <NA>     NA    NA              15              <NA>                 NA       NA       NA    <NA>
271    svhn 1554196     15         3 classification  False   None      None    True       DecisionTree        <NA>       <NA>             NA             <NA>      NA      <NA>        <NA> NA   <NA>            NA                     gini                   NA       0.0350     value           0.0200   <NA>    NA            NA       NA       <NA>          NA    <NA>            NA               NA      NA   <NA>       <NA>          <NA>    <NA>             <NA>                   <NA>      <NA>                     <NA>                   NA             NA          <NA>       NA       <NA>     NA    NA              40              <NA>                 NA       NA       NA    <NA>
# 2020-07-07 00:00:38 BRT: Iteration 9 of 9
# experimentsUsedSoFar: 1778
# remainingBudget: 222
# currentBudget: 222
# nbConfigurations: 20
  Markers:
     x No test is performed.
     - The test is performed and some configurations are discarded.
     = The test is performed but no configuration is discarded.
     ! The test is performed and configurations could be discarded but elite configurations are preserved.
     . All alive configurations are elite and nothing is discarded

+-+-----------+-----------+-----------+---------------+-----------+--------+-----+----+------+
| |   Instance|      Alive|       Best|      Mean best| Exp so far|  W time|  rho|KenW|  Qvar|
+-+-----------+-----------+-----------+---------------+-----------+--------+-----+----+------+
|x|         13|         20|        275|  -0.2629581953|         20|00:07:36|   NA|  NA|    NA|
|x|         12|         20|        275|  -0.2667122943|         36|00:06:48|+0.86|0.93|0.0283|
|x|          5|         20|        275|  -0.2662857475|         52|00:06:55|+0.91|0.94|0.0201|
|x|         10|         20|        275|  -0.2659916286|         68|00:06:53|+0.93|0.94|0.0168|
|!|          4|          6|        275|  -0.2662524392|         84|00:06:51|+0.91|0.93|0.0389|
+-+-----------+-----------+-----------+---------------+-----------+--------+-----+----+------+
Best-so-far configuration:         181    mean value:   -0.2252910458
Description of the best-so-far configuration:
    .ID. dataset  job_id cutoff metafolds           task sparse f_eng1 f_eng2 scaling    algorithm pre_scaling extraction ext_components selection lr_C lr_solver multi_class  C kernel rf_estimators criterion_classification criterion_regression max_features max_depth min_samples_leaf solver alpha hidden_layers neurons1 activation n_neighbors weights ab_estimators ab_learning_rate ab_loss whiten svd_solver ica_algorithm ica_fun dl_fit_algorithm dl_transform_algorithm sel_model sel_score_classification sel_score_regression sel_percentile sel_threshold max_iter lr_penalty degree gamma max_depth_value mlp_learning_rate learning_rate_init neurons2 neurons3 lr_dual .PARENT.
181  181    svhn 1554196     15         3 classification  False   None   None    True DecisionTree        <NA>       <NA>             NA      <NA>   NA      <NA>        <NA> NA   <NA>            NA                     gini                   NA       0.5354     value           0.0616   <NA>    NA            NA       NA       <NA>          NA    <NA>            NA               NA      NA   <NA>       <NA>          <NA>    <NA>             <NA>                   <NA>      <NA>                     <NA>                   NA             NA          <NA>       NA       <NA>     NA    NA              10              <NA>                 NA       NA       NA    <NA>       51

# 2020-07-07 00:35:44 BRT: Elite configurations (first number is the configuration ID; listed from best to worst according to the sum of ranks):
    dataset  job_id cutoff metafolds           task sparse f_eng1    f_eng2 scaling          algorithm pre_scaling extraction ext_components        selection    lr_C lr_solver multi_class  C kernel rf_estimators criterion_classification criterion_regression max_features max_depth min_samples_leaf solver alpha hidden_layers neurons1 activation n_neighbors weights ab_estimators ab_learning_rate ab_loss whiten svd_solver ica_algorithm ica_fun dl_fit_algorithm dl_transform_algorithm sel_model sel_score_classification sel_score_regression sel_percentile sel_threshold max_iter lr_penalty degree gamma max_depth_value mlp_learning_rate learning_rate_init neurons2 neurons3 lr_dual
181    svhn 1554196     15         3 classification  False   None      None    True       DecisionTree        <NA>       <NA>             NA             <NA>      NA      <NA>        <NA> NA   <NA>            NA                     gini                   NA       0.5354     value           0.0616   <NA>    NA            NA       NA       <NA>          NA    <NA>            NA               NA      NA   <NA>       <NA>          <NA>    <NA>             <NA>                   <NA>      <NA>                     <NA>                   NA             NA          <NA>       NA       <NA>     NA    NA              10              <NA>                 NA       NA       NA    <NA>
162    svhn 1554196     15         3 classification  False   None Selection   False LogisticRegression        True       <NA>             NA SelectPercentile -3.0518     lbfgs multinomial NA   <NA>            NA                     <NA>                   NA           NA      <NA>               NA   <NA>    NA            NA       NA       <NA>          NA    <NA>            NA               NA      NA   <NA>       <NA>          <NA>    <NA>             <NA>                   <NA>      <NA>                f_classif                   NA             21          <NA>      402       <NA>     NA    NA              NA              <NA>                 NA       NA       NA    <NA>
275    svhn 1554196     15         3 classification  False   None      None    True       DecisionTree        <NA>       <NA>             NA             <NA>      NA      <NA>        <NA> NA   <NA>            NA                     gini                   NA       0.5378     value           0.0170   <NA>    NA            NA       NA       <NA>          NA    <NA>            NA               NA      NA   <NA>       <NA>          <NA>    <NA>             <NA>                   <NA>      <NA>                     <NA>                   NA             NA          <NA>       NA       <NA>     NA    NA              15              <NA>                 NA       NA       NA    <NA>
271    svhn 1554196     15         3 classification  False   None      None    True       DecisionTree        <NA>       <NA>             NA             <NA>      NA      <NA>        <NA> NA   <NA>            NA                     gini                   NA       0.0350     value           0.0200   <NA>    NA            NA       NA       <NA>          NA    <NA>            NA               NA      NA   <NA>       <NA>          <NA>    <NA>             <NA>                   <NA>      <NA>                     <NA>                   NA             NA          <NA>       NA       <NA>     NA    NA              40              <NA>                 NA       NA       NA    <NA>
352    svhn 1554196     15         3 classification  False   None      None    True       DecisionTree        <NA>       <NA>             NA             <NA>      NA      <NA>        <NA> NA   <NA>            NA                     gini                   NA       0.4184     value           0.0203   <NA>    NA            NA       NA       <NA>          NA    <NA>            NA               NA      NA   <NA>       <NA>          <NA>    <NA>             <NA>                   <NA>      <NA>                     <NA>                   NA             NA          <NA>       NA       <NA>     NA    NA              28              <NA>                 NA       NA       NA    <NA>
351    svhn 1554196     15         3 classification  False   None      None    True       DecisionTree        <NA>       <NA>             NA             <NA>      NA      <NA>        <NA> NA   <NA>            NA                     gini                   NA       0.4892     value           0.0205   <NA>    NA            NA       NA       <NA>          NA    <NA>            NA               NA      NA   <NA>       <NA>          <NA>    <NA>             <NA>                   <NA>      <NA>                     <NA>                   NA             NA          <NA>       NA       <NA>     NA    NA              12              <NA>                 NA       NA       NA    <NA>
# 2020-07-07 00:35:44 BRT: Iteration 10 of 10
# experimentsUsedSoFar: 1862
# remainingBudget: 138
# currentBudget: 138
# nbConfigurations: 15
  Markers:
     x No test is performed.
     - The test is performed and some configurations are discarded.
     = The test is performed but no configuration is discarded.
     ! The test is performed and configurations could be discarded but elite configurations are preserved.
     . All alive configurations are elite and nothing is discarded

+-+-----------+-----------+-----------+---------------+-----------+--------+-----+----+------+
| |   Instance|      Alive|       Best|      Mean best| Exp so far|  W time|  rho|KenW|  Qvar|
+-+-----------+-----------+-----------+---------------+-----------+--------+-----+----+------+
|x|         14|         15|        275|  -0.2670404007|         15|00:01:41|   NA|  NA|    NA|
|x|          3|         15|        275|  -0.2645042477|         28|00:01:10|+0.98|0.99|0.0250|
|x|         13|         15|        275|  -0.2639888969|         37|00:01:06|+0.97|0.98|0.0303|
|x|          8|         15|        275|  -0.2631787282|         50|00:01:08|+0.97|0.97|0.0271|
|!|         11|          6|        275|  -0.2635887855|         61|00:01:07|+0.93|0.95|0.0386|
|.|          4|          6|        275|  -0.2642066015|         61|23:59:59|+0.91|0.93|0.0447|
|.|         10|          6|        275|  -0.2643355544|         61|23:59:59|+0.92|0.93|0.0384|
+-+-----------+-----------+-----------+---------------+-----------+--------+-----+----+------+
Best-so-far configuration:         181    mean value:   -0.2247945460
Description of the best-so-far configuration:
    .ID. dataset  job_id cutoff metafolds           task sparse f_eng1 f_eng2 scaling    algorithm pre_scaling extraction ext_components selection lr_C lr_solver multi_class  C kernel rf_estimators criterion_classification criterion_regression max_features max_depth min_samples_leaf solver alpha hidden_layers neurons1 activation n_neighbors weights ab_estimators ab_learning_rate ab_loss whiten svd_solver ica_algorithm ica_fun dl_fit_algorithm dl_transform_algorithm sel_model sel_score_classification sel_score_regression sel_percentile sel_threshold max_iter lr_penalty degree gamma max_depth_value mlp_learning_rate learning_rate_init neurons2 neurons3 lr_dual .PARENT.
181  181    svhn 1554196     15         3 classification  False   None   None    True DecisionTree        <NA>       <NA>             NA      <NA>   NA      <NA>        <NA> NA   <NA>            NA                     gini                   NA       0.5354     value           0.0616   <NA>    NA            NA       NA       <NA>          NA    <NA>            NA               NA      NA   <NA>       <NA>          <NA>    <NA>             <NA>                   <NA>      <NA>                     <NA>                   NA             NA          <NA>       NA       <NA>     NA    NA              10              <NA>                 NA       NA       NA    <NA>       51

# 2020-07-07 00:41:59 BRT: Elite configurations (first number is the configuration ID; listed from best to worst according to the sum of ranks):
    dataset  job_id cutoff metafolds           task sparse f_eng1    f_eng2 scaling          algorithm pre_scaling extraction ext_components        selection    lr_C lr_solver multi_class  C kernel rf_estimators criterion_classification criterion_regression max_features max_depth min_samples_leaf solver alpha hidden_layers neurons1 activation n_neighbors weights ab_estimators ab_learning_rate ab_loss whiten svd_solver ica_algorithm ica_fun dl_fit_algorithm dl_transform_algorithm sel_model sel_score_classification sel_score_regression sel_percentile sel_threshold max_iter lr_penalty degree gamma max_depth_value mlp_learning_rate learning_rate_init neurons2 neurons3 lr_dual
181    svhn 1554196     15         3 classification  False   None      None    True       DecisionTree        <NA>       <NA>             NA             <NA>      NA      <NA>        <NA> NA   <NA>            NA                     gini                   NA       0.5354     value           0.0616   <NA>    NA            NA       NA       <NA>          NA    <NA>            NA               NA      NA   <NA>       <NA>          <NA>    <NA>             <NA>                   <NA>      <NA>                     <NA>                   NA             NA          <NA>       NA       <NA>     NA    NA              10              <NA>                 NA       NA       NA    <NA>
162    svhn 1554196     15         3 classification  False   None Selection   False LogisticRegression        True       <NA>             NA SelectPercentile -3.0518     lbfgs multinomial NA   <NA>            NA                     <NA>                   NA           NA      <NA>               NA   <NA>    NA            NA       NA       <NA>          NA    <NA>            NA               NA      NA   <NA>       <NA>          <NA>    <NA>             <NA>                   <NA>      <NA>                f_classif                   NA             21          <NA>      402       <NA>     NA    NA              NA              <NA>                 NA       NA       NA    <NA>
275    svhn 1554196     15         3 classification  False   None      None    True       DecisionTree        <NA>       <NA>             NA             <NA>      NA      <NA>        <NA> NA   <NA>            NA                     gini                   NA       0.5378     value           0.0170   <NA>    NA            NA       NA       <NA>          NA    <NA>            NA               NA      NA   <NA>       <NA>          <NA>    <NA>             <NA>                   <NA>      <NA>                     <NA>                   NA             NA          <NA>       NA       <NA>     NA    NA              15              <NA>                 NA       NA       NA    <NA>
271    svhn 1554196     15         3 classification  False   None      None    True       DecisionTree        <NA>       <NA>             NA             <NA>      NA      <NA>        <NA> NA   <NA>            NA                     gini                   NA       0.0350     value           0.0200   <NA>    NA            NA       NA       <NA>          NA    <NA>            NA               NA      NA   <NA>       <NA>          <NA>    <NA>             <NA>                   <NA>      <NA>                     <NA>                   NA             NA          <NA>       NA       <NA>     NA    NA              40              <NA>                 NA       NA       NA    <NA>
352    svhn 1554196     15         3 classification  False   None      None    True       DecisionTree        <NA>       <NA>             NA             <NA>      NA      <NA>        <NA> NA   <NA>            NA                     gini                   NA       0.4184     value           0.0203   <NA>    NA            NA       NA       <NA>          NA    <NA>            NA               NA      NA   <NA>       <NA>          <NA>    <NA>             <NA>                   <NA>      <NA>                     <NA>                   NA             NA          <NA>       NA       <NA>     NA    NA              28              <NA>                 NA       NA       NA    <NA>
351    svhn 1554196     15         3 classification  False   None      None    True       DecisionTree        <NA>       <NA>             NA             <NA>      NA      <NA>        <NA> NA   <NA>            NA                     gini                   NA       0.4892     value           0.0205   <NA>    NA            NA       NA       <NA>          NA    <NA>            NA               NA      NA   <NA>       <NA>          <NA>    <NA>             <NA>                   <NA>      <NA>                     <NA>                   NA             NA          <NA>       NA       <NA>     NA    NA              12              <NA>                 NA       NA       NA    <NA>
# 2020-07-07 00:41:59 BRT: Iteration 11 of 11
# experimentsUsedSoFar: 1923
# remainingBudget: 77
# currentBudget: 77
# nbConfigurations: 10
  Markers:
     x No test is performed.
     - The test is performed and some configurations are discarded.
     = The test is performed but no configuration is discarded.
     ! The test is performed and configurations could be discarded but elite configurations are preserved.
     . All alive configurations are elite and nothing is discarded

+-+-----------+-----------+-----------+---------------+-----------+--------+-----+----+------+
| |   Instance|      Alive|       Best|      Mean best| Exp so far|  W time|  rho|KenW|  Qvar|
+-+-----------+-----------+-----------+---------------+-----------+--------+-----+----+------+
|x|         15|         10|        275|  -0.2655300391|         10|00:02:21|   NA|  NA|    NA|
|x|          2|         10|        275|  -0.2628323308|         16|00:01:44|+0.79|0.90|0.0658|
|x|          7|         10|        275|  -0.2616601112|         22|00:01:44|+0.88|0.92|0.0457|
|x|         11|         10|        275|  -0.2625523370|         26|00:01:15|+0.91|0.93|0.0401|
|!|          9|          6|        275|  -0.2628458679|         32|00:01:43|+0.93|0.94|0.0360|
|.|          8|          6|        275|  -0.2624962603|         32|23:59:59|+0.94|0.95|0.0305|
|.|          5|          6|        275|  -0.2629157451|         32|23:59:59|+0.95|0.96|0.0266|
|.|         13|          6|        275|  -0.2629210514|         32|23:59:59|+0.93|0.94|0.0318|
|.|         12|          6|        275|  -0.2637594227|         32|23:59:59|+0.94|0.95|0.0345|
+-+-----------+-----------+-----------+---------------+-----------+--------+-----+----+------+
Best-so-far configuration:         181    mean value:   -0.2250278893
Description of the best-so-far configuration:
    .ID. dataset  job_id cutoff metafolds           task sparse f_eng1 f_eng2 scaling    algorithm pre_scaling extraction ext_components selection lr_C lr_solver multi_class  C kernel rf_estimators criterion_classification criterion_regression max_features max_depth min_samples_leaf solver alpha hidden_layers neurons1 activation n_neighbors weights ab_estimators ab_learning_rate ab_loss whiten svd_solver ica_algorithm ica_fun dl_fit_algorithm dl_transform_algorithm sel_model sel_score_classification sel_score_regression sel_percentile sel_threshold max_iter lr_penalty degree gamma max_depth_value mlp_learning_rate learning_rate_init neurons2 neurons3 lr_dual .PARENT.
181  181    svhn 1554196     15         3 classification  False   None   None    True DecisionTree        <NA>       <NA>             NA      <NA>   NA      <NA>        <NA> NA   <NA>            NA                     gini                   NA       0.5354     value           0.0616   <NA>    NA            NA       NA       <NA>          NA    <NA>            NA               NA      NA   <NA>       <NA>          <NA>    <NA>             <NA>                   <NA>      <NA>                     <NA>                   NA             NA          <NA>       NA       <NA>     NA    NA              10              <NA>                 NA       NA       NA    <NA>       51

# 2020-07-07 00:50:49 BRT: Elite configurations (first number is the configuration ID; listed from best to worst according to the sum of ranks):
    dataset  job_id cutoff metafolds           task sparse f_eng1    f_eng2 scaling          algorithm pre_scaling extraction ext_components        selection    lr_C lr_solver multi_class  C kernel rf_estimators criterion_classification criterion_regression max_features max_depth min_samples_leaf solver alpha hidden_layers neurons1 activation n_neighbors weights ab_estimators ab_learning_rate ab_loss whiten svd_solver ica_algorithm ica_fun dl_fit_algorithm dl_transform_algorithm sel_model sel_score_classification sel_score_regression sel_percentile sel_threshold max_iter lr_penalty degree gamma max_depth_value mlp_learning_rate learning_rate_init neurons2 neurons3 lr_dual
181    svhn 1554196     15         3 classification  False   None      None    True       DecisionTree        <NA>       <NA>             NA             <NA>      NA      <NA>        <NA> NA   <NA>            NA                     gini                   NA       0.5354     value           0.0616   <NA>    NA            NA       NA       <NA>          NA    <NA>            NA               NA      NA   <NA>       <NA>          <NA>    <NA>             <NA>                   <NA>      <NA>                     <NA>                   NA             NA          <NA>       NA       <NA>     NA    NA              10              <NA>                 NA       NA       NA    <NA>
162    svhn 1554196     15         3 classification  False   None Selection   False LogisticRegression        True       <NA>             NA SelectPercentile -3.0518     lbfgs multinomial NA   <NA>            NA                     <NA>                   NA           NA      <NA>               NA   <NA>    NA            NA       NA       <NA>          NA    <NA>            NA               NA      NA   <NA>       <NA>          <NA>    <NA>             <NA>                   <NA>      <NA>                f_classif                   NA             21          <NA>      402       <NA>     NA    NA              NA              <NA>                 NA       NA       NA    <NA>
275    svhn 1554196     15         3 classification  False   None      None    True       DecisionTree        <NA>       <NA>             NA             <NA>      NA      <NA>        <NA> NA   <NA>            NA                     gini                   NA       0.5378     value           0.0170   <NA>    NA            NA       NA       <NA>          NA    <NA>            NA               NA      NA   <NA>       <NA>          <NA>    <NA>             <NA>                   <NA>      <NA>                     <NA>                   NA             NA          <NA>       NA       <NA>     NA    NA              15              <NA>                 NA       NA       NA    <NA>
271    svhn 1554196     15         3 classification  False   None      None    True       DecisionTree        <NA>       <NA>             NA             <NA>      NA      <NA>        <NA> NA   <NA>            NA                     gini                   NA       0.0350     value           0.0200   <NA>    NA            NA       NA       <NA>          NA    <NA>            NA               NA      NA   <NA>       <NA>          <NA>    <NA>             <NA>                   <NA>      <NA>                     <NA>                   NA             NA          <NA>       NA       <NA>     NA    NA              40              <NA>                 NA       NA       NA    <NA>
352    svhn 1554196     15         3 classification  False   None      None    True       DecisionTree        <NA>       <NA>             NA             <NA>      NA      <NA>        <NA> NA   <NA>            NA                     gini                   NA       0.4184     value           0.0203   <NA>    NA            NA       NA       <NA>          NA    <NA>            NA               NA      NA   <NA>       <NA>          <NA>    <NA>             <NA>                   <NA>      <NA>                     <NA>                   NA             NA          <NA>       NA       <NA>     NA    NA              28              <NA>                 NA       NA       NA    <NA>
351    svhn 1554196     15         3 classification  False   None      None    True       DecisionTree        <NA>       <NA>             NA             <NA>      NA      <NA>        <NA> NA   <NA>            NA                     gini                   NA       0.4892     value           0.0205   <NA>    NA            NA       NA       <NA>          NA    <NA>            NA               NA      NA   <NA>       <NA>          <NA>    <NA>             <NA>                   <NA>      <NA>                     <NA>                   NA             NA          <NA>       NA       <NA>     NA    NA              12              <NA>                 NA       NA       NA    <NA>
# 2020-07-07 00:50:49 BRT: Iteration 12 of 12
# experimentsUsedSoFar: 1955
# remainingBudget: 45
# currentBudget: 45
# nbConfigurations: 8
  Markers:
     x No test is performed.
     - The test is performed and some configurations are discarded.
     = The test is performed but no configuration is discarded.
     ! The test is performed and configurations could be discarded but elite configurations are preserved.
     . All alive configurations are elite and nothing is discarded

+-+-----------+-----------+-----------+---------------+-----------+--------+-----+----+------+
| |   Instance|      Alive|       Best|      Mean best| Exp so far|  W time|  rho|KenW|  Qvar|
+-+-----------+-----------+-----------+---------------+-----------+--------+-----+----+------+
|x|         16|          8|        351|  -0.2595879009|          8|00:01:29|   NA|  NA|    NA|
|x|          2|          8|        352|  -0.2611544971|         10|00:00:27|+0.88|0.94|0.0330|
|x|         12|          8|        352|  -0.2595508615|         12|00:00:27|+0.90|0.94|0.0431|
|x|          8|          8|        275|  -0.2622173436|         14|00:00:27|+0.92|0.94|0.0316|
|!|          5|          6|        275|  -0.2628604056|         16|00:00:28|+0.87|0.90|0.0421|
+-+-----------+-----------+-----------+---------------+-----------+--------+-----+----+------+
Best-so-far configuration:         181    mean value:   -0.2253456920
Description of the best-so-far configuration:
    .ID. dataset  job_id cutoff metafolds           task sparse f_eng1 f_eng2 scaling    algorithm pre_scaling extraction ext_components selection lr_C lr_solver multi_class  C kernel rf_estimators criterion_classification criterion_regression max_features max_depth min_samples_leaf solver alpha hidden_layers neurons1 activation n_neighbors weights ab_estimators ab_learning_rate ab_loss whiten svd_solver ica_algorithm ica_fun dl_fit_algorithm dl_transform_algorithm sel_model sel_score_classification sel_score_regression sel_percentile sel_threshold max_iter lr_penalty degree gamma max_depth_value mlp_learning_rate learning_rate_init neurons2 neurons3 lr_dual .PARENT.
181  181    svhn 1554196     15         3 classification  False   None   None    True DecisionTree        <NA>       <NA>             NA      <NA>   NA      <NA>        <NA> NA   <NA>            NA                     gini                   NA       0.5354     value           0.0616   <NA>    NA            NA       NA       <NA>          NA    <NA>            NA               NA      NA   <NA>       <NA>          <NA>    <NA>             <NA>                   <NA>      <NA>                     <NA>                   NA             NA          <NA>       NA       <NA>     NA    NA              10              <NA>                 NA       NA       NA    <NA>       51

# 2020-07-07 00:54:09 BRT: Elite configurations (first number is the configuration ID; listed from best to worst according to the sum of ranks):
    dataset  job_id cutoff metafolds           task sparse f_eng1    f_eng2 scaling          algorithm pre_scaling extraction ext_components        selection    lr_C lr_solver multi_class  C kernel rf_estimators criterion_classification criterion_regression max_features max_depth min_samples_leaf solver alpha hidden_layers neurons1 activation n_neighbors weights ab_estimators ab_learning_rate ab_loss whiten svd_solver ica_algorithm ica_fun dl_fit_algorithm dl_transform_algorithm sel_model sel_score_classification sel_score_regression sel_percentile sel_threshold max_iter lr_penalty degree gamma max_depth_value mlp_learning_rate learning_rate_init neurons2 neurons3 lr_dual
181    svhn 1554196     15         3 classification  False   None      None    True       DecisionTree        <NA>       <NA>             NA             <NA>      NA      <NA>        <NA> NA   <NA>            NA                     gini                   NA       0.5354     value           0.0616   <NA>    NA            NA       NA       <NA>          NA    <NA>            NA               NA      NA   <NA>       <NA>          <NA>    <NA>             <NA>                   <NA>      <NA>                     <NA>                   NA             NA          <NA>       NA       <NA>     NA    NA              10              <NA>                 NA       NA       NA    <NA>
162    svhn 1554196     15         3 classification  False   None Selection   False LogisticRegression        True       <NA>             NA SelectPercentile -3.0518     lbfgs multinomial NA   <NA>            NA                     <NA>                   NA           NA      <NA>               NA   <NA>    NA            NA       NA       <NA>          NA    <NA>            NA               NA      NA   <NA>       <NA>          <NA>    <NA>             <NA>                   <NA>      <NA>                f_classif                   NA             21          <NA>      402       <NA>     NA    NA              NA              <NA>                 NA       NA       NA    <NA>
275    svhn 1554196     15         3 classification  False   None      None    True       DecisionTree        <NA>       <NA>             NA             <NA>      NA      <NA>        <NA> NA   <NA>            NA                     gini                   NA       0.5378     value           0.0170   <NA>    NA            NA       NA       <NA>          NA    <NA>            NA               NA      NA   <NA>       <NA>          <NA>    <NA>             <NA>                   <NA>      <NA>                     <NA>                   NA             NA          <NA>       NA       <NA>     NA    NA              15              <NA>                 NA       NA       NA    <NA>
271    svhn 1554196     15         3 classification  False   None      None    True       DecisionTree        <NA>       <NA>             NA             <NA>      NA      <NA>        <NA> NA   <NA>            NA                     gini                   NA       0.0350     value           0.0200   <NA>    NA            NA       NA       <NA>          NA    <NA>            NA               NA      NA   <NA>       <NA>          <NA>    <NA>             <NA>                   <NA>      <NA>                     <NA>                   NA             NA          <NA>       NA       <NA>     NA    NA              40              <NA>                 NA       NA       NA    <NA>
352    svhn 1554196     15         3 classification  False   None      None    True       DecisionTree        <NA>       <NA>             NA             <NA>      NA      <NA>        <NA> NA   <NA>            NA                     gini                   NA       0.4184     value           0.0203   <NA>    NA            NA       NA       <NA>          NA    <NA>            NA               NA      NA   <NA>       <NA>          <NA>    <NA>             <NA>                   <NA>      <NA>                     <NA>                   NA             NA          <NA>       NA       <NA>     NA    NA              28              <NA>                 NA       NA       NA    <NA>
351    svhn 1554196     15         3 classification  False   None      None    True       DecisionTree        <NA>       <NA>             NA             <NA>      NA      <NA>        <NA> NA   <NA>            NA                     gini                   NA       0.4892     value           0.0205   <NA>    NA            NA       NA       <NA>          NA    <NA>            NA               NA      NA   <NA>       <NA>          <NA>    <NA>             <NA>                   <NA>      <NA>                     <NA>                   NA             NA          <NA>       NA       <NA>     NA    NA              12              <NA>                 NA       NA       NA    <NA>
# 2020-07-07 00:54:09 BRT: Stopped because there is not enough budget left to race more than the minimum (7)
# You may either increase the budget or set 'minNbSurvival' to a lower value
# Iteration: 13
# nbIterations: 13
# experimentsUsedSoFar: 1971
# timeUsed: 0
# remainingBudget: 29
# currentBudget: 29
# number of elites: 6
# nbConfigurations: 7
# Best configurations (first number is the configuration ID; listed from best to worst according to the sum of ranks):
    dataset  job_id cutoff metafolds           task sparse f_eng1    f_eng2 scaling          algorithm pre_scaling extraction ext_components        selection    lr_C lr_solver multi_class  C kernel rf_estimators criterion_classification criterion_regression max_features max_depth min_samples_leaf solver alpha hidden_layers neurons1 activation n_neighbors weights ab_estimators ab_learning_rate ab_loss whiten svd_solver ica_algorithm ica_fun dl_fit_algorithm dl_transform_algorithm sel_model sel_score_classification sel_score_regression sel_percentile sel_threshold max_iter lr_penalty degree gamma max_depth_value mlp_learning_rate learning_rate_init neurons2 neurons3 lr_dual
181    svhn 1554196     15         3 classification  False   None      None    True       DecisionTree        <NA>       <NA>             NA             <NA>      NA      <NA>        <NA> NA   <NA>            NA                     gini                   NA       0.5354     value           0.0616   <NA>    NA            NA       NA       <NA>          NA    <NA>            NA               NA      NA   <NA>       <NA>          <NA>    <NA>             <NA>                   <NA>      <NA>                     <NA>                   NA             NA          <NA>       NA       <NA>     NA    NA              10              <NA>                 NA       NA       NA    <NA>
162    svhn 1554196     15         3 classification  False   None Selection   False LogisticRegression        True       <NA>             NA SelectPercentile -3.0518     lbfgs multinomial NA   <NA>            NA                     <NA>                   NA           NA      <NA>               NA   <NA>    NA            NA       NA       <NA>          NA    <NA>            NA               NA      NA   <NA>       <NA>          <NA>    <NA>             <NA>                   <NA>      <NA>                f_classif                   NA             21          <NA>      402       <NA>     NA    NA              NA              <NA>                 NA       NA       NA    <NA>
275    svhn 1554196     15         3 classification  False   None      None    True       DecisionTree        <NA>       <NA>             NA             <NA>      NA      <NA>        <NA> NA   <NA>            NA                     gini                   NA       0.5378     value           0.0170   <NA>    NA            NA       NA       <NA>          NA    <NA>            NA               NA      NA   <NA>       <NA>          <NA>    <NA>             <NA>                   <NA>      <NA>                     <NA>                   NA             NA          <NA>       NA       <NA>     NA    NA              15              <NA>                 NA       NA       NA    <NA>
271    svhn 1554196     15         3 classification  False   None      None    True       DecisionTree        <NA>       <NA>             NA             <NA>      NA      <NA>        <NA> NA   <NA>            NA                     gini                   NA       0.0350     value           0.0200   <NA>    NA            NA       NA       <NA>          NA    <NA>            NA               NA      NA   <NA>       <NA>          <NA>    <NA>             <NA>                   <NA>      <NA>                     <NA>                   NA             NA          <NA>       NA       <NA>     NA    NA              40              <NA>                 NA       NA       NA    <NA>
352    svhn 1554196     15         3 classification  False   None      None    True       DecisionTree        <NA>       <NA>             NA             <NA>      NA      <NA>        <NA> NA   <NA>            NA                     gini                   NA       0.4184     value           0.0203   <NA>    NA            NA       NA       <NA>          NA    <NA>            NA               NA      NA   <NA>       <NA>          <NA>    <NA>             <NA>                   <NA>      <NA>                     <NA>                   NA             NA          <NA>       NA       <NA>     NA    NA              28              <NA>                 NA       NA       NA    <NA>
351    svhn 1554196     15         3 classification  False   None      None    True       DecisionTree        <NA>       <NA>             NA             <NA>      NA      <NA>        <NA> NA   <NA>            NA                     gini                   NA       0.4892     value           0.0205   <NA>    NA            NA       NA       <NA>          NA    <NA>            NA               NA      NA   <NA>       <NA>          <NA>    <NA>             <NA>                   <NA>      <NA>                     <NA>                   NA             NA          <NA>       NA       <NA>     NA    NA              12              <NA>                 NA       NA       NA    <NA>
# Best configurations as commandlines (first number is the configuration ID; same order as above):
181  --dataset svhn --job_id 1554196 --cutoff 15 --metafolds 3 --task classification --sparse False --f_eng1 None --f_eng2 None --scaling True --algorithm DecisionTree --criterion_classification gini --max_features 0.5354 --max_depth value --max_depth_value 10 --min_samples_leaf 0.0616
162  --dataset svhn --job_id 1554196 --cutoff 15 --metafolds 3 --task classification --sparse False --f_eng1 None --f_eng2 Selection --pre_scaling True --selection SelectPercentile --sel_score_classification f_classif --sel_percentile 21 --scaling False --algorithm LogisticRegression --lr_C -3.0518 --lr_solver lbfgs --multi_class multinomial --max_iter 402
275  --dataset svhn --job_id 1554196 --cutoff 15 --metafolds 3 --task classification --sparse False --f_eng1 None --f_eng2 None --scaling True --algorithm DecisionTree --criterion_classification gini --max_features 0.5378 --max_depth value --max_depth_value 15 --min_samples_leaf 0.017
271  --dataset svhn --job_id 1554196 --cutoff 15 --metafolds 3 --task classification --sparse False --f_eng1 None --f_eng2 None --scaling True --algorithm DecisionTree --criterion_classification gini --max_features 0.035 --max_depth value --max_depth_value 40 --min_samples_leaf 0.02
352  --dataset svhn --job_id 1554196 --cutoff 15 --metafolds 3 --task classification --sparse False --f_eng1 None --f_eng2 None --scaling True --algorithm DecisionTree --criterion_classification gini --max_features 0.4184 --max_depth value --max_depth_value 28 --min_samples_leaf 0.0203
351  --dataset svhn --job_id 1554196 --cutoff 15 --metafolds 3 --task classification --sparse False --f_eng1 None --f_eng2 None --scaling True --algorithm DecisionTree --criterion_classification gini --max_features 0.4892 --max_depth value --max_depth_value 12 --min_samples_leaf 0.0205
