*******************************************************************************
* irace: An implementation in R of Iterated Race
* Version: 3.1.2112M
* Copyright (C) 2010-2018
* Manuel Lopez-Ibanez     <manuel.lopez-ibanez@manchester.ac.uk>
* Jeremie Dubois-Lacoste  
* Leslie Perez Caceres    <leslie.perez.caceres@ulb.ac.be>
*
* This is free software, and you are welcome to redistribute it under certain
* conditions.  See the GNU General Public License for details. There is NO
* WARRANTY; not even for MERCHANTABILITY or FITNESS FOR A PARTICULAR PURPOSE.
*
* irace builds upon previous code from the race package:
*
* race: Racing methods for the selection of the best
* Copyright (C) 2003 Mauro Birattari
*******************************************************************************
# installed at: /home/cemvieira/bin/R/irace
# called with: -s scenario.txt --max-experiments 2000 -p ./svhn/parameters-1547604.txt --parallel 32 --train-instances-file svhn/new-instances.txt --log-file ./output/svhn/svhn-1f2k20m-irace-1547604.Rdata
# 8 expression(s) specifying forbidden configurations read from '/home/cemvieira/isklearn/forbidden.txt'
# 2020-07-02 22:38:48 BRT: Initialization
# Elitist race
# Elitist new instances: 1
# Elitist limit: 2
# nbIterations: 7
# minNbSurvival: 7
# nbParameters: 50
# seed: 625836498
# confidence level: 0.95
# budget: 2000
# mu: 5
# deterministic: TRUE

# 2020-07-02 22:38:48 BRT: Iteration 1 of 7
# experimentsUsedSoFar: 0
# remainingBudget: 2000
# currentBudget: 285
# nbConfigurations: 47
  Markers:
     x No test is performed.
     - The test is performed and some configurations are discarded.
     = The test is performed but no configuration is discarded.
     ! The test is performed and configurations could be discarded but elite configurations are preserved.
     . All alive configurations are elite and nothing is discarded

+-+-----------+-----------+-----------+---------------+-----------+--------+-----+----+------+
| |   Instance|      Alive|       Best|      Mean best| Exp so far|  W time|  rho|KenW|  Qvar|
+-+-----------+-----------+-----------+---------------+-----------+--------+-----+----+------+
|x|          1|         47|         47|  -0.3417924531|         47|00:40:01|   NA|  NA|    NA|
|x|          2|         47|         47|  -0.3381847035|         94|00:40:00|+1.00|1.00|0.0000|
|x|          3|         47|         47|  -0.3336253711|        141|00:40:01|+1.00|1.00|0.0000|
|x|          4|         47|         47|  -0.3293509319|        188|00:40:01|+1.00|1.00|0.0000|
|!|          5|          1|         47|  -0.3375458588|        235|00:40:01|   NA|  NA|    NA|
+-+-----------+-----------+-----------+---------------+-----------+--------+-----+----+------+
Best-so-far configuration:          47    mean value:   -0.3375458588
Description of the best-so-far configuration:
   .ID. dataset  job_id cutoff metafolds           task sparse f_eng1    f_eng2 scaling  algorithm pre_scaling extraction ext_components        selection lr_C lr_solver multi_class  C kernel rf_estimators criterion_classification criterion_regression max_features max_depth min_samples_leaf solver alpha hidden_layers neurons1 activation n_neighbors  weights ab_estimators ab_learning_rate ab_loss whiten svd_solver ica_algorithm ica_fun dl_fit_algorithm dl_transform_algorithm sel_model sel_score_classification sel_score_regression sel_percentile sel_threshold max_iter lr_penalty degree gamma max_depth_value mlp_learning_rate learning_rate_init neurons2 neurons3 lr_dual .PARENT.
47   47    svhn 1547604     20         1 classification  False   None Selection   False KNeighbors       False       <NA>             NA SelectPercentile   NA      <NA>        <NA> NA   <NA>            NA                     <NA>                   NA           NA      <NA>               NA   <NA>    NA            NA       NA       <NA>          24 distance            NA               NA      NA   <NA>       <NA>          <NA>    <NA>             <NA>                   <NA>      <NA>                f_classif                   NA             35          <NA>       NA       <NA>     NA    NA              NA              <NA>                 NA       NA       NA      NA       NA

# 2020-07-03 01:58:57 BRT: Elite configurations (first number is the configuration ID; listed from best to worst according to the sum of ranks):
   dataset  job_id cutoff metafolds           task sparse f_eng1    f_eng2 scaling  algorithm pre_scaling extraction ext_components        selection lr_C lr_solver multi_class  C kernel rf_estimators criterion_classification criterion_regression max_features max_depth min_samples_leaf solver alpha hidden_layers neurons1 activation n_neighbors  weights ab_estimators ab_learning_rate ab_loss whiten svd_solver ica_algorithm ica_fun dl_fit_algorithm dl_transform_algorithm sel_model sel_score_classification sel_score_regression sel_percentile sel_threshold max_iter lr_penalty degree gamma max_depth_value mlp_learning_rate learning_rate_init neurons2 neurons3 lr_dual
47    svhn 1547604     20         1 classification  False   None Selection   False KNeighbors       False       <NA>             NA SelectPercentile   NA      <NA>        <NA> NA   <NA>            NA                     <NA>                   NA           NA      <NA>               NA   <NA>    NA            NA       NA       <NA>          24 distance            NA               NA      NA   <NA>       <NA>          <NA>    <NA>             <NA>                   <NA>      <NA>                f_classif                   NA             35          <NA>       NA       <NA>     NA    NA              NA              <NA>                 NA       NA       NA      NA
# 2020-07-03 01:58:57 BRT: Iteration 2 of 7
# experimentsUsedSoFar: 235
# remainingBudget: 1765
# currentBudget: 294
# nbConfigurations: 42
  Markers:
     x No test is performed.
     - The test is performed and some configurations are discarded.
     = The test is performed but no configuration is discarded.
     ! The test is performed and configurations could be discarded but elite configurations are preserved.
     . All alive configurations are elite and nothing is discarded

+-+-----------+-----------+-----------+---------------+-----------+--------+-----+----+------+
| |   Instance|      Alive|       Best|      Mean best| Exp so far|  W time|  rho|KenW|  Qvar|
+-+-----------+-----------+-----------+---------------+-----------+--------+-----+----+------+
|x|          6|         42|         82|  -0.6772791637|         42|00:40:01|   NA|  NA|    NA|
|x|          2|         42|         47|  -0.3404065282|         83|00:40:01|+0.90|0.95|0.0601|
|x|          5|         42|         78|  -0.3597740262|        124|00:40:01|+0.93|0.96|0.0401|
|x|          4|         42|         78|  -0.3529321562|        165|00:40:01|+0.93|0.95|0.0401|
|!|          1|          4|         78|  -0.3487380380|        206|00:40:01|+0.24|0.39|0.5021|
+-+-----------+-----------+-----------+---------------+-----------+--------+-----+----+------+
Best-so-far configuration:          47    mean value:   -0.3389942328
Description of the best-so-far configuration:
   .ID. dataset  job_id cutoff metafolds           task sparse f_eng1    f_eng2 scaling  algorithm pre_scaling extraction ext_components        selection lr_C lr_solver multi_class  C kernel rf_estimators criterion_classification criterion_regression max_features max_depth min_samples_leaf solver alpha hidden_layers neurons1 activation n_neighbors  weights ab_estimators ab_learning_rate ab_loss whiten svd_solver ica_algorithm ica_fun dl_fit_algorithm dl_transform_algorithm sel_model sel_score_classification sel_score_regression sel_percentile sel_threshold max_iter lr_penalty degree gamma max_depth_value mlp_learning_rate learning_rate_init neurons2 neurons3 lr_dual .PARENT.
47   47    svhn 1547604     20         1 classification  False   None Selection   False KNeighbors       False       <NA>             NA SelectPercentile   NA      <NA>        <NA> NA   <NA>            NA                     <NA>                   NA           NA      <NA>               NA   <NA>    NA            NA       NA       <NA>          24 distance            NA               NA      NA   <NA>       <NA>          <NA>    <NA>             <NA>                   <NA>      <NA>                f_classif                   NA             35          <NA>       NA       <NA>     NA    NA              NA              <NA>                 NA       NA       NA      NA       NA

# 2020-07-03 05:19:07 BRT: Elite configurations (first number is the configuration ID; listed from best to worst according to the sum of ranks):
   dataset  job_id cutoff metafolds           task sparse     f_eng1    f_eng2 scaling  algorithm pre_scaling extraction ext_components        selection lr_C lr_solver multi_class  C kernel rf_estimators criterion_classification criterion_regression max_features max_depth min_samples_leaf solver alpha hidden_layers neurons1 activation n_neighbors  weights ab_estimators ab_learning_rate ab_loss whiten svd_solver ica_algorithm ica_fun dl_fit_algorithm dl_transform_algorithm sel_model sel_score_classification sel_score_regression sel_percentile sel_threshold max_iter lr_penalty degree gamma max_depth_value mlp_learning_rate learning_rate_init neurons2 neurons3 lr_dual
47    svhn 1547604     20         1 classification  False       None Selection   False KNeighbors       False       <NA>             NA SelectPercentile   NA      <NA>        <NA> NA   <NA>            NA                     <NA>                   NA           NA      <NA>               NA   <NA>    NA            NA       NA       <NA>          24 distance            NA               NA      NA   <NA>       <NA>          <NA>    <NA>             <NA>                   <NA>      <NA>                f_classif                   NA             35          <NA>       NA       <NA>     NA    NA              NA              <NA>                 NA       NA       NA      NA
78    svhn 1547604     20         1 classification  False  Selection      None   False KNeighbors       False       <NA>             NA SelectPercentile   NA      <NA>        <NA> NA   <NA>            NA                     <NA>                   NA           NA      <NA>               NA   <NA>    NA            NA       NA       <NA>          17 distance            NA               NA      NA   <NA>       <NA>          <NA>    <NA>             <NA>                   <NA>      <NA>                f_classif                   NA             19          <NA>       NA       <NA>     NA    NA              NA              <NA>                 NA       NA       NA      NA
81    svhn 1547604     20         1 classification  False Extraction Selection   False KNeighbors        True        PCA         0.7162 SelectPercentile   NA      <NA>        <NA> NA   <NA>            NA                     <NA>                   NA           NA      <NA>               NA   <NA>    NA            NA       NA       <NA>          46 distance            NA               NA      NA  False       full          <NA>    <NA>             <NA>                   <NA>      <NA>                f_classif                   NA             12          <NA>       NA       <NA>     NA    NA              NA              <NA>                 NA       NA       NA      NA
87    svhn 1547604     20         1 classification  False       None      None    True KNeighbors        <NA>       <NA>             NA             <NA>   NA      <NA>        <NA> NA   <NA>            NA                     <NA>                   NA           NA      <NA>               NA   <NA>    NA            NA       NA       <NA>           6 distance            NA               NA      NA   <NA>       <NA>          <NA>    <NA>             <NA>                   <NA>      <NA>                     <NA>                   NA             NA          <NA>       NA       <NA>     NA    NA              NA              <NA>                 NA       NA       NA      NA
# 2020-07-03 05:19:07 BRT: Iteration 3 of 7
# experimentsUsedSoFar: 441
# remainingBudget: 1559
# currentBudget: 311
# nbConfigurations: 41
  Markers:
     x No test is performed.
     - The test is performed and some configurations are discarded.
     = The test is performed but no configuration is discarded.
     ! The test is performed and configurations could be discarded but elite configurations are preserved.
     . All alive configurations are elite and nothing is discarded

+-+-----------+-----------+-----------+---------------+-----------+--------+-----+----+------+
| |   Instance|      Alive|       Best|      Mean best| Exp so far|  W time|  rho|KenW|  Qvar|
+-+-----------+-----------+-----------+---------------+-----------+--------+-----+----+------+
|x|          7|         41|         78|  -0.3773537405|         41|00:37:45|   NA|  NA|    NA|
|x|          2|         41|        103|  -0.3559064979|         78|00:33:52|+0.92|0.96|0.0524|
|x|          6|         41|        103|  -0.3531286630|        115|00:34:01|+0.95|0.97|0.0350|
|x|          3|         41|        103|  -0.3475274301|        155|00:37:58|+0.95|0.96|0.0350|
|!|          1|          5|        103|  -0.3482989205|        192|00:33:32|+0.63|0.70|0.2095|
+-+-----------+-----------+-----------+---------------+-----------+--------+-----+----+------+
Best-so-far configuration:          78    mean value:   -0.3492860928
Description of the best-so-far configuration:
   .ID. dataset  job_id cutoff metafolds           task sparse    f_eng1 f_eng2 scaling  algorithm pre_scaling extraction ext_components        selection lr_C lr_solver multi_class  C kernel rf_estimators criterion_classification criterion_regression max_features max_depth min_samples_leaf solver alpha hidden_layers neurons1 activation n_neighbors  weights ab_estimators ab_learning_rate ab_loss whiten svd_solver ica_algorithm ica_fun dl_fit_algorithm dl_transform_algorithm sel_model sel_score_classification sel_score_regression sel_percentile sel_threshold max_iter lr_penalty degree gamma max_depth_value mlp_learning_rate learning_rate_init neurons2 neurons3 lr_dual .PARENT.
78   78    svhn 1547604     20         1 classification  False Selection   None   False KNeighbors       False       <NA>             NA SelectPercentile   NA      <NA>        <NA> NA   <NA>            NA                     <NA>                   NA           NA      <NA>               NA   <NA>    NA            NA       NA       <NA>          17 distance            NA               NA      NA   <NA>       <NA>          <NA>    <NA>             <NA>                   <NA>      <NA>                f_classif                   NA             19          <NA>       NA       <NA>     NA    NA              NA              <NA>                 NA       NA       NA    <NA>       47

# 2020-07-03 08:16:20 BRT: Elite configurations (first number is the configuration ID; listed from best to worst according to the sum of ranks):
    dataset  job_id cutoff metafolds           task sparse     f_eng1    f_eng2 scaling  algorithm pre_scaling extraction ext_components        selection lr_C lr_solver multi_class  C kernel rf_estimators criterion_classification criterion_regression max_features max_depth min_samples_leaf solver alpha hidden_layers neurons1 activation n_neighbors  weights ab_estimators ab_learning_rate ab_loss whiten svd_solver ica_algorithm ica_fun dl_fit_algorithm dl_transform_algorithm sel_model sel_score_classification sel_score_regression sel_percentile sel_threshold max_iter lr_penalty degree gamma max_depth_value mlp_learning_rate learning_rate_init neurons2 neurons3 lr_dual
78     svhn 1547604     20         1 classification  False  Selection      None   False KNeighbors       False       <NA>             NA SelectPercentile   NA      <NA>        <NA> NA   <NA>            NA                     <NA>                   NA           NA      <NA>               NA   <NA>    NA            NA       NA       <NA>          17 distance            NA               NA      NA   <NA>       <NA>          <NA>    <NA>             <NA>                   <NA>      <NA>                f_classif                   NA             19          <NA>       NA       <NA>     NA    NA              NA              <NA>                 NA       NA       NA    <NA>
47     svhn 1547604     20         1 classification  False       None Selection   False KNeighbors       False       <NA>             NA SelectPercentile   NA      <NA>        <NA> NA   <NA>            NA                     <NA>                   NA           NA      <NA>               NA   <NA>    NA            NA       NA       <NA>          24 distance            NA               NA      NA   <NA>       <NA>          <NA>    <NA>             <NA>                   <NA>      <NA>                f_classif                   NA             35          <NA>       NA       <NA>     NA    NA              NA              <NA>                 NA       NA       NA    <NA>
81     svhn 1547604     20         1 classification  False Extraction Selection   False KNeighbors        True        PCA         0.7162 SelectPercentile   NA      <NA>        <NA> NA   <NA>            NA                     <NA>                   NA           NA      <NA>               NA   <NA>    NA            NA       NA       <NA>          46 distance            NA               NA      NA  False       full          <NA>    <NA>             <NA>                   <NA>      <NA>                f_classif                   NA             12          <NA>       NA       <NA>     NA    NA              NA              <NA>                 NA       NA       NA    <NA>
87     svhn 1547604     20         1 classification  False       None      None    True KNeighbors        <NA>       <NA>             NA             <NA>   NA      <NA>        <NA> NA   <NA>            NA                     <NA>                   NA           NA      <NA>               NA   <NA>    NA            NA       NA       <NA>           6 distance            NA               NA      NA   <NA>       <NA>          <NA>    <NA>             <NA>                   <NA>      <NA>                     <NA>                   NA             NA          <NA>       NA       <NA>     NA    NA              NA              <NA>                 NA       NA       NA    <NA>
103    svhn 1547604     20         1 classification  False       None Selection    True KNeighbors       False       <NA>             NA SelectPercentile   NA      <NA>        <NA> NA   <NA>            NA                     <NA>                   NA           NA      <NA>               NA   <NA>    NA            NA       NA       <NA>          12 distance            NA               NA      NA   <NA>       <NA>          <NA>    <NA>             <NA>                   <NA>      <NA>                f_classif                   NA             50          <NA>       NA       <NA>     NA    NA              NA              <NA>                 NA       NA       NA    <NA>
# 2020-07-03 08:16:20 BRT: Iteration 4 of 7
# experimentsUsedSoFar: 633
# remainingBudget: 1367
# currentBudget: 341
# nbConfigurations: 41
  Markers:
     x No test is performed.
     - The test is performed and some configurations are discarded.
     = The test is performed but no configuration is discarded.
     ! The test is performed and configurations could be discarded but elite configurations are preserved.
     . All alive configurations are elite and nothing is discarded

+-+-----------+-----------+-----------+---------------+-----------+--------+-----+----+------+
| |   Instance|      Alive|       Best|      Mean best| Exp so far|  W time|  rho|KenW|  Qvar|
+-+-----------+-----------+-----------+---------------+-----------+--------+-----+----+------+
|x|          8|         41|         78|  -0.3941819978|         41|00:31:31|   NA|  NA|    NA|
|x|          4|         41|         78|  -0.3632942720|         78|00:26:00|+0.73|0.87|0.1735|
|x|          2|         41|        131|  -0.3545412894|        114|00:25:13|+0.84|0.89|0.1178|
|x|          3|         41|        103|  -0.3436165839|        150|00:25:22|+0.85|0.89|0.0970|
|!|          1|          6|        103|  -0.3451702435|        186|00:25:35|+0.31|0.45|0.5453|
+-+-----------+-----------+-----------+---------------+-----------+--------+-----+----+------+
Best-so-far configuration:          78    mean value:   -0.3548980810
Description of the best-so-far configuration:
   .ID. dataset  job_id cutoff metafolds           task sparse    f_eng1 f_eng2 scaling  algorithm pre_scaling extraction ext_components        selection lr_C lr_solver multi_class  C kernel rf_estimators criterion_classification criterion_regression max_features max_depth min_samples_leaf solver alpha hidden_layers neurons1 activation n_neighbors  weights ab_estimators ab_learning_rate ab_loss whiten svd_solver ica_algorithm ica_fun dl_fit_algorithm dl_transform_algorithm sel_model sel_score_classification sel_score_regression sel_percentile sel_threshold max_iter lr_penalty degree gamma max_depth_value mlp_learning_rate learning_rate_init neurons2 neurons3 lr_dual .PARENT.
78   78    svhn 1547604     20         1 classification  False Selection   None   False KNeighbors       False       <NA>             NA SelectPercentile   NA      <NA>        <NA> NA   <NA>            NA                     <NA>                   NA           NA      <NA>               NA   <NA>    NA            NA       NA       <NA>          17 distance            NA               NA      NA   <NA>       <NA>          <NA>    <NA>             <NA>                   <NA>      <NA>                f_classif                   NA             19          <NA>       NA       <NA>     NA    NA              NA              <NA>                 NA       NA       NA    <NA>       47

# 2020-07-03 10:30:04 BRT: Elite configurations (first number is the configuration ID; listed from best to worst according to the sum of ranks):
    dataset  job_id cutoff metafolds           task sparse     f_eng1    f_eng2 scaling  algorithm pre_scaling extraction ext_components        selection lr_C lr_solver multi_class  C kernel rf_estimators criterion_classification criterion_regression max_features max_depth min_samples_leaf solver alpha hidden_layers neurons1 activation n_neighbors  weights ab_estimators ab_learning_rate ab_loss whiten svd_solver ica_algorithm ica_fun dl_fit_algorithm dl_transform_algorithm    sel_model sel_score_classification sel_score_regression sel_percentile sel_threshold max_iter lr_penalty degree gamma max_depth_value mlp_learning_rate learning_rate_init neurons2 neurons3 lr_dual
78     svhn 1547604     20         1 classification  False  Selection      None   False KNeighbors       False       <NA>             NA SelectPercentile   NA      <NA>        <NA> NA   <NA>            NA                     <NA>                   NA           NA      <NA>               NA   <NA>    NA            NA       NA       <NA>          17 distance            NA               NA      NA   <NA>       <NA>          <NA>    <NA>             <NA>                   <NA>         <NA>                f_classif                   NA             19          <NA>       NA       <NA>     NA    NA              NA              <NA>                 NA       NA       NA    <NA>
47     svhn 1547604     20         1 classification  False       None Selection   False KNeighbors       False       <NA>             NA SelectPercentile   NA      <NA>        <NA> NA   <NA>            NA                     <NA>                   NA           NA      <NA>               NA   <NA>    NA            NA       NA       <NA>          24 distance            NA               NA      NA   <NA>       <NA>          <NA>    <NA>             <NA>                   <NA>         <NA>                f_classif                   NA             35          <NA>       NA       <NA>     NA    NA              NA              <NA>                 NA       NA       NA    <NA>
81     svhn 1547604     20         1 classification  False Extraction Selection   False KNeighbors        True        PCA         0.7162 SelectPercentile   NA      <NA>        <NA> NA   <NA>            NA                     <NA>                   NA           NA      <NA>               NA   <NA>    NA            NA       NA       <NA>          46 distance            NA               NA      NA  False       full          <NA>    <NA>             <NA>                   <NA>         <NA>                f_classif                   NA             12          <NA>       NA       <NA>     NA    NA              NA              <NA>                 NA       NA       NA    <NA>
87     svhn 1547604     20         1 classification  False       None      None    True KNeighbors        <NA>       <NA>             NA             <NA>   NA      <NA>        <NA> NA   <NA>            NA                     <NA>                   NA           NA      <NA>               NA   <NA>    NA            NA       NA       <NA>           6 distance            NA               NA      NA   <NA>       <NA>          <NA>    <NA>             <NA>                   <NA>         <NA>                     <NA>                   NA             NA          <NA>       NA       <NA>     NA    NA              NA              <NA>                 NA       NA       NA    <NA>
103    svhn 1547604     20         1 classification  False       None Selection    True KNeighbors       False       <NA>             NA SelectPercentile   NA      <NA>        <NA> NA   <NA>            NA                     <NA>                   NA           NA      <NA>               NA   <NA>    NA            NA       NA       <NA>          12 distance            NA               NA      NA   <NA>       <NA>          <NA>    <NA>             <NA>                   <NA>         <NA>                f_classif                   NA             50          <NA>       NA       <NA>     NA    NA              NA              <NA>                 NA       NA       NA    <NA>
159    svhn 1547604     20         1 classification  False Extraction Selection   False KNeighbors        True        PCA         0.6647  SelectFromModel   NA      <NA>        <NA> NA   <NA>            NA                     <NA>                   NA           NA      <NA>               NA   <NA>    NA            NA       NA       <NA>          41 distance            NA               NA      NA  False       full          <NA>    <NA>             <NA>                   <NA> DecisionTree                     <NA>                   NA             NA          mean       NA       <NA>     NA    NA              NA              <NA>                 NA       NA       NA    <NA>
# 2020-07-03 10:30:04 BRT: Iteration 5 of 7
# experimentsUsedSoFar: 819
# remainingBudget: 1181
# currentBudget: 393
# nbConfigurations: 44
  Markers:
     x No test is performed.
     - The test is performed and some configurations are discarded.
     = The test is performed but no configuration is discarded.
     ! The test is performed and configurations could be discarded but elite configurations are preserved.
     . All alive configurations are elite and nothing is discarded

+-+-----------+-----------+-----------+---------------+-----------+--------+-----+----+------+
| |   Instance|      Alive|       Best|      Mean best| Exp so far|  W time|  rho|KenW|  Qvar|
+-+-----------+-----------+-----------+---------------+-----------+--------+-----+----+------+
|x|          9|         44|        189|  -0.3167206430|         44|00:25:56|   NA|  NA|    NA|
|x|          2|         44|        189|  -0.3493262516|         82|00:24:52|+0.79|0.90|0.0593|
|x|          4|         44|        172|  -0.3244484533|        120|00:24:48|+0.83|0.89|0.0395|
|x|          8|         44|        103|  -0.3351375535|        158|00:24:58|+0.82|0.86|0.0593|
|!|          3|         12|        103|  -0.3342547891|        196|00:25:14|+0.06|0.24|0.8180|
|=|          6|         12|        103|  -0.3364744898|        203|00:03:01|+0.13|0.27|0.7523|
|!|          5|         11|        103|  -0.3406101038|        211|00:03:03|+0.17|0.29|0.6665|
|!|          7|         10|        166|  -0.3524084579|        217|00:02:50|+0.31|0.39|0.4974|
|!|          1|          6|        103|  -0.3443284661|        221|00:00:43|+0.07|0.17|0.8075|
+-+-----------+-----------+-----------+---------------+-----------+--------+-----+----+------+
Best-so-far configuration:         166    mean value:   -0.3520524847
Description of the best-so-far configuration:
    .ID. dataset  job_id cutoff metafolds           task sparse f_eng1    f_eng2 scaling  algorithm pre_scaling extraction ext_components        selection lr_C lr_solver multi_class  C kernel rf_estimators criterion_classification criterion_regression max_features max_depth min_samples_leaf solver alpha hidden_layers neurons1 activation n_neighbors  weights ab_estimators ab_learning_rate ab_loss whiten svd_solver ica_algorithm ica_fun dl_fit_algorithm dl_transform_algorithm sel_model sel_score_classification sel_score_regression sel_percentile sel_threshold max_iter lr_penalty degree gamma max_depth_value mlp_learning_rate learning_rate_init neurons2 neurons3 lr_dual .PARENT.
166  166    svhn 1547604     20         1 classification  False   None Selection   False KNeighbors       False       <NA>             NA SelectPercentile   NA      <NA>        <NA> NA   <NA>            NA                     <NA>                   NA           NA      <NA>               NA   <NA>    NA            NA       NA       <NA>          12 distance            NA               NA      NA   <NA>       <NA>          <NA>    <NA>             <NA>                   <NA>      <NA>                f_classif                   NA             24          <NA>       NA       <NA>     NA    NA              NA              <NA>                 NA       NA       NA    <NA>       47

# 2020-07-03 12:45:37 BRT: Elite configurations (first number is the configuration ID; listed from best to worst according to the sum of ranks):
    dataset  job_id cutoff metafolds           task sparse    f_eng1    f_eng2 scaling  algorithm pre_scaling extraction ext_components        selection lr_C lr_solver multi_class  C kernel rf_estimators criterion_classification criterion_regression max_features max_depth min_samples_leaf solver alpha hidden_layers neurons1 activation n_neighbors  weights ab_estimators ab_learning_rate ab_loss whiten svd_solver ica_algorithm ica_fun dl_fit_algorithm dl_transform_algorithm sel_model sel_score_classification sel_score_regression sel_percentile sel_threshold max_iter lr_penalty degree gamma max_depth_value mlp_learning_rate learning_rate_init neurons2 neurons3 lr_dual
166    svhn 1547604     20         1 classification  False      None Selection   False KNeighbors       False       <NA>             NA SelectPercentile   NA      <NA>        <NA> NA   <NA>            NA                     <NA>                   NA           NA      <NA>               NA   <NA>    NA            NA       NA       <NA>          12 distance            NA               NA      NA   <NA>       <NA>          <NA>    <NA>             <NA>                   <NA>      <NA>                f_classif                   NA             24          <NA>       NA       <NA>     NA    NA              NA              <NA>                 NA       NA       NA    <NA>
103    svhn 1547604     20         1 classification  False      None Selection    True KNeighbors       False       <NA>             NA SelectPercentile   NA      <NA>        <NA> NA   <NA>            NA                     <NA>                   NA           NA      <NA>               NA   <NA>    NA            NA       NA       <NA>          12 distance            NA               NA      NA   <NA>       <NA>          <NA>    <NA>             <NA>                   <NA>      <NA>                f_classif                   NA             50          <NA>       NA       <NA>     NA    NA              NA              <NA>                 NA       NA       NA    <NA>
172    svhn 1547604     20         1 classification  False      None Selection   False KNeighbors       False       <NA>             NA SelectPercentile   NA      <NA>        <NA> NA   <NA>            NA                     <NA>                   NA           NA      <NA>               NA   <NA>    NA            NA       NA       <NA>          15 distance            NA               NA      NA   <NA>       <NA>          <NA>    <NA>             <NA>                   <NA>      <NA>                f_classif                   NA             44          <NA>       NA       <NA>     NA    NA              NA              <NA>                 NA       NA       NA    <NA>
195    svhn 1547604     20         1 classification  False      None Selection   False KNeighbors       False       <NA>             NA SelectPercentile   NA      <NA>        <NA> NA   <NA>            NA                     <NA>                   NA           NA      <NA>               NA   <NA>    NA            NA       NA       <NA>          18 distance            NA               NA      NA   <NA>       <NA>          <NA>    <NA>             <NA>                   <NA>      <NA>                f_classif                   NA             37          <NA>       NA       <NA>     NA    NA              NA              <NA>                 NA       NA       NA    <NA>
78     svhn 1547604     20         1 classification  False Selection      None   False KNeighbors       False       <NA>             NA SelectPercentile   NA      <NA>        <NA> NA   <NA>            NA                     <NA>                   NA           NA      <NA>               NA   <NA>    NA            NA       NA       <NA>          17 distance            NA               NA      NA   <NA>       <NA>          <NA>    <NA>             <NA>                   <NA>      <NA>                f_classif                   NA             19          <NA>       NA       <NA>     NA    NA              NA              <NA>                 NA       NA       NA    <NA>
167    svhn 1547604     20         1 classification  False      None Selection    True KNeighbors       False       <NA>             NA SelectPercentile   NA      <NA>        <NA> NA   <NA>            NA                     <NA>                   NA           NA      <NA>               NA   <NA>    NA            NA       NA       <NA>          23 distance            NA               NA      NA   <NA>       <NA>          <NA>    <NA>             <NA>                   <NA>      <NA>                f_classif                   NA             51          <NA>       NA       <NA>     NA    NA              NA              <NA>                 NA       NA       NA    <NA>
# 2020-07-03 12:45:37 BRT: Iteration 6 of 7
# experimentsUsedSoFar: 1040
# remainingBudget: 960
# currentBudget: 480
# nbConfigurations: 53
  Markers:
     x No test is performed.
     - The test is performed and some configurations are discarded.
     = The test is performed but no configuration is discarded.
     ! The test is performed and configurations could be discarded but elite configurations are preserved.
     . All alive configurations are elite and nothing is discarded

+-+-----------+-----------+-----------+---------------+-----------+--------+-----+----+------+
| |   Instance|      Alive|       Best|      Mean best| Exp so far|  W time|  rho|KenW|  Qvar|
+-+-----------+-----------+-----------+---------------+-----------+--------+-----+----+------+
|x|         10|         53|        103|  -0.3313285028|         53|00:03:38|   NA|  NA|    NA|
|x|          7|         53|        103|  -0.3473145446|        100|00:03:23|+0.37|0.69|0.1827|
|x|          6|         53|        103|  -0.3474006941|        147|00:03:24|+0.48|0.66|0.1887|
|x|          8|         53|        103|  -0.3515428100|        194|00:03:25|+0.55|0.67|0.1651|
|!|          1|         17|        103|  -0.3515112244|        241|00:03:22|+0.12|0.29|0.8945|
|!|          4|         10|        166|  -0.3547571565|        252|00:00:48|+0.23|0.35|0.7832|
|=|          3|         10|        216|  -0.3508560774|        256|00:00:43|+0.14|0.26|0.8446|
|=|          2|         10|        103|  -0.3460066625|        260|00:00:41|+0.11|0.22|0.8413|
|-|          5|         10|        219|  -0.3534382383|        264|00:00:41|+0.12|0.22|0.8269|
|=|          9|         10|        216|  -0.3476026955|        268|00:00:41|+0.05|0.14|0.8671|
|=|         11|         10|        216|  -0.3493703616|        278|00:00:48|+0.09|0.17|0.8396|
+-+-----------+-----------+-----------+---------------+-----------+--------+-----+----+------+
Best-so-far configuration:         216    mean value:   -0.3493703616
Description of the best-so-far configuration:
    .ID. dataset  job_id cutoff metafolds           task sparse f_eng1    f_eng2 scaling  algorithm pre_scaling extraction ext_components        selection lr_C lr_solver multi_class  C kernel rf_estimators criterion_classification criterion_regression max_features max_depth min_samples_leaf solver alpha hidden_layers neurons1 activation n_neighbors  weights ab_estimators ab_learning_rate ab_loss whiten svd_solver ica_algorithm ica_fun dl_fit_algorithm dl_transform_algorithm sel_model sel_score_classification sel_score_regression sel_percentile sel_threshold max_iter lr_penalty degree gamma max_depth_value mlp_learning_rate learning_rate_init neurons2 neurons3 lr_dual .PARENT.
216  216    svhn 1547604     20         1 classification  False   None Selection   False KNeighbors       False       <NA>             NA SelectPercentile   NA      <NA>        <NA> NA   <NA>            NA                     <NA>                   NA           NA      <NA>               NA   <NA>    NA            NA       NA       <NA>          10 distance            NA               NA      NA   <NA>       <NA>          <NA>    <NA>             <NA>                   <NA>      <NA>                f_classif                   NA             25          <NA>       NA       <NA>     NA    NA              NA              <NA>                 NA       NA       NA    <NA>      195

# 2020-07-03 13:07:18 BRT: Elite configurations (first number is the configuration ID; listed from best to worst according to the sum of ranks):
    dataset  job_id cutoff metafolds           task sparse f_eng1    f_eng2 scaling  algorithm pre_scaling extraction ext_components        selection lr_C lr_solver multi_class  C kernel rf_estimators criterion_classification criterion_regression max_features max_depth min_samples_leaf solver alpha hidden_layers neurons1 activation n_neighbors  weights ab_estimators ab_learning_rate ab_loss whiten svd_solver ica_algorithm ica_fun dl_fit_algorithm dl_transform_algorithm sel_model sel_score_classification sel_score_regression sel_percentile sel_threshold max_iter lr_penalty degree gamma max_depth_value mlp_learning_rate learning_rate_init neurons2 neurons3 lr_dual
216    svhn 1547604     20         1 classification  False   None Selection   False KNeighbors       False       <NA>             NA SelectPercentile   NA      <NA>        <NA> NA   <NA>            NA                     <NA>                   NA           NA      <NA>               NA   <NA>    NA            NA       NA       <NA>          10 distance            NA               NA      NA   <NA>       <NA>          <NA>    <NA>             <NA>                   <NA>      <NA>                f_classif                   NA             25          <NA>       NA       <NA>     NA    NA              NA              <NA>                 NA       NA       NA    <NA>
219    svhn 1547604     20         1 classification  False   None Selection   False KNeighbors       False       <NA>             NA SelectPercentile   NA      <NA>        <NA> NA   <NA>            NA                     <NA>                   NA           NA      <NA>               NA   <NA>    NA            NA       NA       <NA>          11 distance            NA               NA      NA   <NA>       <NA>          <NA>    <NA>             <NA>                   <NA>      <NA>                f_classif                   NA             25          <NA>       NA       <NA>     NA    NA              NA              <NA>                 NA       NA       NA    <NA>
166    svhn 1547604     20         1 classification  False   None Selection   False KNeighbors       False       <NA>             NA SelectPercentile   NA      <NA>        <NA> NA   <NA>            NA                     <NA>                   NA           NA      <NA>               NA   <NA>    NA            NA       NA       <NA>          12 distance            NA               NA      NA   <NA>       <NA>          <NA>    <NA>             <NA>                   <NA>      <NA>                f_classif                   NA             24          <NA>       NA       <NA>     NA    NA              NA              <NA>                 NA       NA       NA    <NA>
103    svhn 1547604     20         1 classification  False   None Selection    True KNeighbors       False       <NA>             NA SelectPercentile   NA      <NA>        <NA> NA   <NA>            NA                     <NA>                   NA           NA      <NA>               NA   <NA>    NA            NA       NA       <NA>          12 distance            NA               NA      NA   <NA>       <NA>          <NA>    <NA>             <NA>                   <NA>      <NA>                f_classif                   NA             50          <NA>       NA       <NA>     NA    NA              NA              <NA>                 NA       NA       NA    <NA>
172    svhn 1547604     20         1 classification  False   None Selection   False KNeighbors       False       <NA>             NA SelectPercentile   NA      <NA>        <NA> NA   <NA>            NA                     <NA>                   NA           NA      <NA>               NA   <NA>    NA            NA       NA       <NA>          15 distance            NA               NA      NA   <NA>       <NA>          <NA>    <NA>             <NA>                   <NA>      <NA>                f_classif                   NA             44          <NA>       NA       <NA>     NA    NA              NA              <NA>                 NA       NA       NA    <NA>
195    svhn 1547604     20         1 classification  False   None Selection   False KNeighbors       False       <NA>             NA SelectPercentile   NA      <NA>        <NA> NA   <NA>            NA                     <NA>                   NA           NA      <NA>               NA   <NA>    NA            NA       NA       <NA>          18 distance            NA               NA      NA   <NA>       <NA>          <NA>    <NA>             <NA>                   <NA>      <NA>                f_classif                   NA             37          <NA>       NA       <NA>     NA    NA              NA              <NA>                 NA       NA       NA    <NA>
210    svhn 1547604     20         1 classification  False   None Selection   False KNeighbors       False       <NA>             NA SelectPercentile   NA      <NA>        <NA> NA   <NA>            NA                     <NA>                   NA           NA      <NA>               NA   <NA>    NA            NA       NA       <NA>          13 distance            NA               NA      NA   <NA>       <NA>          <NA>    <NA>             <NA>                   <NA>      <NA>                f_classif                   NA             49          <NA>       NA       <NA>     NA    NA              NA              <NA>                 NA       NA       NA    <NA>
# 2020-07-03 13:07:18 BRT: Iteration 7 of 7
# experimentsUsedSoFar: 1318
# remainingBudget: 682
# currentBudget: 682
# nbConfigurations: 63
  Markers:
     x No test is performed.
     - The test is performed and some configurations are discarded.
     = The test is performed but no configuration is discarded.
     ! The test is performed and configurations could be discarded but elite configurations are preserved.
     . All alive configurations are elite and nothing is discarded

+-+-----------+-----------+-----------+---------------+-----------+--------+-----+----+------+
| |   Instance|      Alive|       Best|      Mean best| Exp so far|  W time|  rho|KenW|  Qvar|
+-+-----------+-----------+-----------+---------------+-----------+--------+-----+----+------+
|x|         12|         63|        219|  -0.3870961411|         63|00:03:10|   NA|  NA|    NA|
|x|          9|         63|        195|  -0.3380099700|        119|00:02:57|+0.10|0.55|0.7406|
|x|         11|         63|        216|  -0.3473093008|        175|00:02:54|+0.40|0.60|0.5176|
|x|          8|         63|        216|  -0.3597214619|        231|00:02:55|+0.47|0.60|0.4783|
|!|          6|         21|        216|  -0.3588842684|        287|00:02:55|+0.26|0.41|0.5810|
|!|          7|         12|        216|  -0.3624524414|        301|00:00:43|+0.34|0.45|0.5024|
|!|          2|         11|        216|  -0.3592907692|        306|00:00:25|+0.15|0.27|0.7451|
|!|          4|         10|        216|  -0.3570933407|        310|00:00:25|+0.18|0.28|0.7001|
|!|          1|          9|        219|  -0.3559742064|        313|00:00:25|+0.20|0.29|0.7033|
|-|          5|          9|        219|  -0.3592958122|        315|00:00:24|+0.24|0.31|0.6597|
|-|         10|          9|        219|  -0.3543955183|        317|00:00:24|+0.11|0.19|0.7837|
|=|          3|          9|        219|  -0.3519946837|        319|00:00:24|+0.07|0.14|0.8369|
|!|         13|          6|        216|  -0.3581963254|        328|00:00:42|-0.02|0.06|0.8244|
+-+-----------+-----------+-----------+---------------+-----------+--------+-----+----+------+
Best-so-far configuration:         219    mean value:   -0.3579074498
Description of the best-so-far configuration:
    .ID. dataset  job_id cutoff metafolds           task sparse f_eng1    f_eng2 scaling  algorithm pre_scaling extraction ext_components        selection lr_C lr_solver multi_class  C kernel rf_estimators criterion_classification criterion_regression max_features max_depth min_samples_leaf solver alpha hidden_layers neurons1 activation n_neighbors  weights ab_estimators ab_learning_rate ab_loss whiten svd_solver ica_algorithm ica_fun dl_fit_algorithm dl_transform_algorithm sel_model sel_score_classification sel_score_regression sel_percentile sel_threshold max_iter lr_penalty degree gamma max_depth_value mlp_learning_rate learning_rate_init neurons2 neurons3 lr_dual .PARENT.
219  219    svhn 1547604     20         1 classification  False   None Selection   False KNeighbors       False       <NA>             NA SelectPercentile   NA      <NA>        <NA> NA   <NA>            NA                     <NA>                   NA           NA      <NA>               NA   <NA>    NA            NA       NA       <NA>          11 distance            NA               NA      NA   <NA>       <NA>          <NA>    <NA>             <NA>                   <NA>      <NA>                f_classif                   NA             25          <NA>       NA       <NA>     NA    NA              NA              <NA>                 NA       NA       NA    <NA>      195

# 2020-07-03 13:26:09 BRT: Elite configurations (first number is the configuration ID; listed from best to worst according to the sum of ranks):
    dataset  job_id cutoff metafolds           task sparse f_eng1    f_eng2 scaling  algorithm pre_scaling extraction ext_components        selection lr_C lr_solver multi_class  C kernel rf_estimators criterion_classification criterion_regression max_features max_depth min_samples_leaf solver alpha hidden_layers neurons1 activation n_neighbors  weights ab_estimators ab_learning_rate ab_loss whiten svd_solver ica_algorithm ica_fun dl_fit_algorithm dl_transform_algorithm sel_model sel_score_classification sel_score_regression sel_percentile sel_threshold max_iter lr_penalty degree gamma max_depth_value mlp_learning_rate learning_rate_init neurons2 neurons3 lr_dual
219    svhn 1547604     20         1 classification  False   None Selection   False KNeighbors       False       <NA>             NA SelectPercentile   NA      <NA>        <NA> NA   <NA>            NA                     <NA>                   NA           NA      <NA>               NA   <NA>    NA            NA       NA       <NA>          11 distance            NA               NA      NA   <NA>       <NA>          <NA>    <NA>             <NA>                   <NA>      <NA>                f_classif                   NA             25          <NA>       NA       <NA>     NA    NA              NA              <NA>                 NA       NA       NA    <NA>
216    svhn 1547604     20         1 classification  False   None Selection   False KNeighbors       False       <NA>             NA SelectPercentile   NA      <NA>        <NA> NA   <NA>            NA                     <NA>                   NA           NA      <NA>               NA   <NA>    NA            NA       NA       <NA>          10 distance            NA               NA      NA   <NA>       <NA>          <NA>    <NA>             <NA>                   <NA>      <NA>                f_classif                   NA             25          <NA>       NA       <NA>     NA    NA              NA              <NA>                 NA       NA       NA    <NA>
166    svhn 1547604     20         1 classification  False   None Selection   False KNeighbors       False       <NA>             NA SelectPercentile   NA      <NA>        <NA> NA   <NA>            NA                     <NA>                   NA           NA      <NA>               NA   <NA>    NA            NA       NA       <NA>          12 distance            NA               NA      NA   <NA>       <NA>          <NA>    <NA>             <NA>                   <NA>      <NA>                f_classif                   NA             24          <NA>       NA       <NA>     NA    NA              NA              <NA>                 NA       NA       NA    <NA>
258    svhn 1547604     20         1 classification  False   None Selection   False KNeighbors       False       <NA>             NA SelectPercentile   NA      <NA>        <NA> NA   <NA>            NA                     <NA>                   NA           NA      <NA>               NA   <NA>    NA            NA       NA       <NA>          12 distance            NA               NA      NA   <NA>       <NA>          <NA>    <NA>             <NA>                   <NA>      <NA>                f_classif                   NA             20          <NA>       NA       <NA>     NA    NA              NA              <NA>                 NA       NA       NA    <NA>
294    svhn 1547604     20         1 classification  False   None Selection   False KNeighbors       False       <NA>             NA SelectPercentile   NA      <NA>        <NA> NA   <NA>            NA                     <NA>                   NA           NA      <NA>               NA   <NA>    NA            NA       NA       <NA>          16 distance            NA               NA      NA   <NA>       <NA>          <NA>    <NA>             <NA>                   <NA>      <NA>                f_classif                   NA             32          <NA>       NA       <NA>     NA    NA              NA              <NA>                 NA       NA       NA    <NA>
103    svhn 1547604     20         1 classification  False   None Selection    True KNeighbors       False       <NA>             NA SelectPercentile   NA      <NA>        <NA> NA   <NA>            NA                     <NA>                   NA           NA      <NA>               NA   <NA>    NA            NA       NA       <NA>          12 distance            NA               NA      NA   <NA>       <NA>          <NA>    <NA>             <NA>                   <NA>      <NA>                f_classif                   NA             50          <NA>       NA       <NA>     NA    NA              NA              <NA>                 NA       NA       NA    <NA>
# 2020-07-03 13:26:10 BRT: Iteration 8 of 8
# experimentsUsedSoFar: 1646
# remainingBudget: 354
# currentBudget: 354
# nbConfigurations: 30
  Markers:
     x No test is performed.
     - The test is performed and some configurations are discarded.
     = The test is performed but no configuration is discarded.
     ! The test is performed and configurations could be discarded but elite configurations are preserved.
     . All alive configurations are elite and nothing is discarded

+-+-----------+-----------+-----------+---------------+-----------+--------+-----+----+------+
| |   Instance|      Alive|       Best|      Mean best| Exp so far|  W time|  rho|KenW|  Qvar|
+-+-----------+-----------+-----------+---------------+-----------+--------+-----+----+------+
|x|         14|         30|        258|  -0.3712257966|         30|00:01:38|   NA|  NA|    NA|
|x|         11|         30|        258|  -0.3721451454|         54|00:01:29|+0.93|0.96|0.0421|
|x|          8|         30|        258|  -0.3823128925|         78|00:01:29|+0.92|0.95|0.0466|
|x|          1|         30|        219|  -0.3683669593|        102|00:01:28|+0.86|0.89|0.2170|
|!|          6|          8|        219|  -0.3664584225|        126|00:01:25|+0.33|0.46|0.6197|
|=|          2|          8|        219|  -0.3622862295|        128|00:00:24|+0.11|0.26|0.8213|
|=|          9|          8|        219|  -0.3520704307|        130|00:00:24|-0.03|0.12|0.9106|
|=|          7|          8|        219|  -0.3554980639|        132|00:00:26|+0.04|0.16|0.8477|
|=|          4|          8|        219|  -0.3536334757|        134|00:00:24|+0.10|0.20|0.7912|
|!|         13|          7|        219|  -0.3611561923|        136|00:00:29|+0.10|0.19|0.7489|
+-+-----------+-----------+-----------+---------------+-----------+--------+-----+----+------+
Best-so-far configuration:         219    mean value:   -0.3584876008
Description of the best-so-far configuration:
    .ID. dataset  job_id cutoff metafolds           task sparse f_eng1    f_eng2 scaling  algorithm pre_scaling extraction ext_components        selection lr_C lr_solver multi_class  C kernel rf_estimators criterion_classification criterion_regression max_features max_depth min_samples_leaf solver alpha hidden_layers neurons1 activation n_neighbors  weights ab_estimators ab_learning_rate ab_loss whiten svd_solver ica_algorithm ica_fun dl_fit_algorithm dl_transform_algorithm sel_model sel_score_classification sel_score_regression sel_percentile sel_threshold max_iter lr_penalty degree gamma max_depth_value mlp_learning_rate learning_rate_init neurons2 neurons3 lr_dual .PARENT.
219  219    svhn 1547604     20         1 classification  False   None Selection   False KNeighbors       False       <NA>             NA SelectPercentile   NA      <NA>        <NA> NA   <NA>            NA                     <NA>                   NA           NA      <NA>               NA   <NA>    NA            NA       NA       <NA>          11 distance            NA               NA      NA   <NA>       <NA>          <NA>    <NA>             <NA>                   <NA>      <NA>                f_classif                   NA             25          <NA>       NA       <NA>     NA    NA              NA              <NA>                 NA       NA       NA    <NA>      195

# 2020-07-03 13:35:50 BRT: Elite configurations (first number is the configuration ID; listed from best to worst according to the sum of ranks):
    dataset  job_id cutoff metafolds           task sparse f_eng1    f_eng2 scaling  algorithm pre_scaling extraction ext_components        selection lr_C lr_solver multi_class  C kernel rf_estimators criterion_classification criterion_regression max_features max_depth min_samples_leaf solver alpha hidden_layers neurons1 activation n_neighbors  weights ab_estimators ab_learning_rate ab_loss whiten svd_solver ica_algorithm ica_fun dl_fit_algorithm dl_transform_algorithm sel_model sel_score_classification sel_score_regression sel_percentile sel_threshold max_iter lr_penalty degree gamma max_depth_value mlp_learning_rate learning_rate_init neurons2 neurons3 lr_dual
219    svhn 1547604     20         1 classification  False   None Selection   False KNeighbors       False       <NA>             NA SelectPercentile   NA      <NA>        <NA> NA   <NA>            NA                     <NA>                   NA           NA      <NA>               NA   <NA>    NA            NA       NA       <NA>          11 distance            NA               NA      NA   <NA>       <NA>          <NA>    <NA>             <NA>                   <NA>      <NA>                f_classif                   NA             25          <NA>       NA       <NA>     NA    NA              NA              <NA>                 NA       NA       NA    <NA>
216    svhn 1547604     20         1 classification  False   None Selection   False KNeighbors       False       <NA>             NA SelectPercentile   NA      <NA>        <NA> NA   <NA>            NA                     <NA>                   NA           NA      <NA>               NA   <NA>    NA            NA       NA       <NA>          10 distance            NA               NA      NA   <NA>       <NA>          <NA>    <NA>             <NA>                   <NA>      <NA>                f_classif                   NA             25          <NA>       NA       <NA>     NA    NA              NA              <NA>                 NA       NA       NA    <NA>
166    svhn 1547604     20         1 classification  False   None Selection   False KNeighbors       False       <NA>             NA SelectPercentile   NA      <NA>        <NA> NA   <NA>            NA                     <NA>                   NA           NA      <NA>               NA   <NA>    NA            NA       NA       <NA>          12 distance            NA               NA      NA   <NA>       <NA>          <NA>    <NA>             <NA>                   <NA>      <NA>                f_classif                   NA             24          <NA>       NA       <NA>     NA    NA              NA              <NA>                 NA       NA       NA    <NA>
258    svhn 1547604     20         1 classification  False   None Selection   False KNeighbors       False       <NA>             NA SelectPercentile   NA      <NA>        <NA> NA   <NA>            NA                     <NA>                   NA           NA      <NA>               NA   <NA>    NA            NA       NA       <NA>          12 distance            NA               NA      NA   <NA>       <NA>          <NA>    <NA>             <NA>                   <NA>      <NA>                f_classif                   NA             20          <NA>       NA       <NA>     NA    NA              NA              <NA>                 NA       NA       NA    <NA>
294    svhn 1547604     20         1 classification  False   None Selection   False KNeighbors       False       <NA>             NA SelectPercentile   NA      <NA>        <NA> NA   <NA>            NA                     <NA>                   NA           NA      <NA>               NA   <NA>    NA            NA       NA       <NA>          16 distance            NA               NA      NA   <NA>       <NA>          <NA>    <NA>             <NA>                   <NA>      <NA>                f_classif                   NA             32          <NA>       NA       <NA>     NA    NA              NA              <NA>                 NA       NA       NA    <NA>
103    svhn 1547604     20         1 classification  False   None Selection    True KNeighbors       False       <NA>             NA SelectPercentile   NA      <NA>        <NA> NA   <NA>            NA                     <NA>                   NA           NA      <NA>               NA   <NA>    NA            NA       NA       <NA>          12 distance            NA               NA      NA   <NA>       <NA>          <NA>    <NA>             <NA>                   <NA>      <NA>                f_classif                   NA             50          <NA>       NA       <NA>     NA    NA              NA              <NA>                 NA       NA       NA    <NA>
304    svhn 1547604     20         1 classification  False   None Selection   False KNeighbors       False       <NA>             NA SelectPercentile   NA      <NA>        <NA> NA   <NA>            NA                     <NA>                   NA           NA      <NA>               NA   <NA>    NA            NA       NA       <NA>          15 distance            NA               NA      NA   <NA>       <NA>          <NA>    <NA>             <NA>                   <NA>      <NA>                f_classif                   NA             28          <NA>       NA       <NA>     NA    NA              NA              <NA>                 NA       NA       NA    <NA>
# 2020-07-03 13:35:50 BRT: Iteration 9 of 9
# experimentsUsedSoFar: 1782
# remainingBudget: 218
# currentBudget: 218
# nbConfigurations: 21
  Markers:
     x No test is performed.
     - The test is performed and some configurations are discarded.
     = The test is performed but no configuration is discarded.
     ! The test is performed and configurations could be discarded but elite configurations are preserved.
     . All alive configurations are elite and nothing is discarded

+-+-----------+-----------+-----------+---------------+-----------+--------+-----+----+------+
| |   Instance|      Alive|       Best|      Mean best| Exp so far|  W time|  rho|KenW|  Qvar|
+-+-----------+-----------+-----------+---------------+-----------+--------+-----+----+------+
|x|         15|         21|        304|  -0.3552501819|         21|00:01:14|   NA|  NA|    NA|
|x|          5|         21|        337|  -0.3720975137|         36|00:01:05|+0.76|0.88|0.0687|
|x|          4|         21|        258|  -0.3609610573|         50|00:01:02|+0.75|0.83|0.2081|
|x|          7|         21|        258|  -0.3668231996|         64|00:01:00|+0.82|0.86|0.1592|
|!|          9|         11|        304|  -0.3496937464|         78|00:01:00|-0.06|0.15|0.9630|
|=|         12|         11|        304|  -0.3561080124|         83|00:00:33|+0.04|0.20|0.8600|
|=|          8|         11|        304|  -0.3601501780|         87|00:00:34|+0.12|0.25|0.7831|
|=|          1|         11|        304|  -0.3588767149|         91|00:00:34|+0.05|0.17|0.8352|
|!|         14|         10|        304|  -0.3581858502|         95|00:00:34|+0.07|0.17|0.8185|
|=|          3|         10|        304|  -0.3554716693|         99|00:00:28|+0.02|0.11|0.8649|
|=|          6|         10|        219|  -0.3567790581|        102|00:00:28|+0.06|0.15|0.8258|
|!|         13|          9|        219|  -0.3627858567|        105|00:00:27|+0.09|0.16|0.7625|
|=|         10|          9|        219|  -0.3583709892|        108|00:00:27|+0.02|0.10|0.8330|
|=|         11|          9|        219|  -0.3588530815|        110|00:00:28|+0.05|0.12|0.8129|
|=|          2|          9|        219|  -0.3576912270|        112|00:00:30|+0.02|0.09|0.8476|
|=|         16|          9|        219|  -0.3582918345|        121|00:00:48|+0.05|0.11|0.8215|
+-+-----------+-----------+-----------+---------------+-----------+--------+-----+----+------+
Best-so-far configuration:         219    mean value:   -0.3582918345
Description of the best-so-far configuration:
    .ID. dataset  job_id cutoff metafolds           task sparse f_eng1    f_eng2 scaling  algorithm pre_scaling extraction ext_components        selection lr_C lr_solver multi_class  C kernel rf_estimators criterion_classification criterion_regression max_features max_depth min_samples_leaf solver alpha hidden_layers neurons1 activation n_neighbors  weights ab_estimators ab_learning_rate ab_loss whiten svd_solver ica_algorithm ica_fun dl_fit_algorithm dl_transform_algorithm sel_model sel_score_classification sel_score_regression sel_percentile sel_threshold max_iter lr_penalty degree gamma max_depth_value mlp_learning_rate learning_rate_init neurons2 neurons3 lr_dual .PARENT.
219  219    svhn 1547604     20         1 classification  False   None Selection   False KNeighbors       False       <NA>             NA SelectPercentile   NA      <NA>        <NA> NA   <NA>            NA                     <NA>                   NA           NA      <NA>               NA   <NA>    NA            NA       NA       <NA>          11 distance            NA               NA      NA   <NA>       <NA>          <NA>    <NA>             <NA>                   <NA>      <NA>                f_classif                   NA             25          <NA>       NA       <NA>     NA    NA              NA              <NA>                 NA       NA       NA    <NA>      195

# 2020-07-03 13:47:10 BRT: Elite configurations (first number is the configuration ID; listed from best to worst according to the sum of ranks):
    dataset  job_id cutoff metafolds           task sparse f_eng1    f_eng2 scaling  algorithm pre_scaling extraction ext_components        selection lr_C lr_solver multi_class  C kernel rf_estimators criterion_classification criterion_regression max_features max_depth min_samples_leaf solver alpha hidden_layers neurons1 activation n_neighbors  weights ab_estimators ab_learning_rate ab_loss whiten svd_solver ica_algorithm ica_fun dl_fit_algorithm dl_transform_algorithm sel_model sel_score_classification sel_score_regression sel_percentile sel_threshold max_iter lr_penalty degree gamma max_depth_value mlp_learning_rate learning_rate_init neurons2 neurons3 lr_dual
219    svhn 1547604     20         1 classification  False   None Selection   False KNeighbors       False       <NA>             NA SelectPercentile   NA      <NA>        <NA> NA   <NA>            NA                     <NA>                   NA           NA      <NA>               NA   <NA>    NA            NA       NA       <NA>          11 distance            NA               NA      NA   <NA>       <NA>          <NA>    <NA>             <NA>                   <NA>      <NA>                f_classif                   NA             25          <NA>       NA       <NA>     NA    NA              NA              <NA>                 NA       NA       NA    <NA>
258    svhn 1547604     20         1 classification  False   None Selection   False KNeighbors       False       <NA>             NA SelectPercentile   NA      <NA>        <NA> NA   <NA>            NA                     <NA>                   NA           NA      <NA>               NA   <NA>    NA            NA       NA       <NA>          12 distance            NA               NA      NA   <NA>       <NA>          <NA>    <NA>             <NA>                   <NA>      <NA>                f_classif                   NA             20          <NA>       NA       <NA>     NA    NA              NA              <NA>                 NA       NA       NA    <NA>
216    svhn 1547604     20         1 classification  False   None Selection   False KNeighbors       False       <NA>             NA SelectPercentile   NA      <NA>        <NA> NA   <NA>            NA                     <NA>                   NA           NA      <NA>               NA   <NA>    NA            NA       NA       <NA>          10 distance            NA               NA      NA   <NA>       <NA>          <NA>    <NA>             <NA>                   <NA>      <NA>                f_classif                   NA             25          <NA>       NA       <NA>     NA    NA              NA              <NA>                 NA       NA       NA    <NA>
166    svhn 1547604     20         1 classification  False   None Selection   False KNeighbors       False       <NA>             NA SelectPercentile   NA      <NA>        <NA> NA   <NA>            NA                     <NA>                   NA           NA      <NA>               NA   <NA>    NA            NA       NA       <NA>          12 distance            NA               NA      NA   <NA>       <NA>          <NA>    <NA>             <NA>                   <NA>      <NA>                f_classif                   NA             24          <NA>       NA       <NA>     NA    NA              NA              <NA>                 NA       NA       NA    <NA>
304    svhn 1547604     20         1 classification  False   None Selection   False KNeighbors       False       <NA>             NA SelectPercentile   NA      <NA>        <NA> NA   <NA>            NA                     <NA>                   NA           NA      <NA>               NA   <NA>    NA            NA       NA       <NA>          15 distance            NA               NA      NA   <NA>       <NA>          <NA>    <NA>             <NA>                   <NA>      <NA>                f_classif                   NA             28          <NA>       NA       <NA>     NA    NA              NA              <NA>                 NA       NA       NA    <NA>
337    svhn 1547604     20         1 classification  False   None Selection   False KNeighbors       False       <NA>             NA SelectPercentile   NA      <NA>        <NA> NA   <NA>            NA                     <NA>                   NA           NA      <NA>               NA   <NA>    NA            NA       NA       <NA>          11 distance            NA               NA      NA   <NA>       <NA>          <NA>    <NA>             <NA>                   <NA>      <NA>                f_classif                   NA             23          <NA>       NA       <NA>     NA    NA              NA              <NA>                 NA       NA       NA    <NA>
327    svhn 1547604     20         1 classification  False   None Selection   False KNeighbors       False       <NA>             NA SelectPercentile   NA      <NA>        <NA> NA   <NA>            NA                     <NA>                   NA           NA      <NA>               NA   <NA>    NA            NA       NA       <NA>          11 distance            NA               NA      NA   <NA>       <NA>          <NA>    <NA>             <NA>                   <NA>      <NA>                f_classif                   NA             35          <NA>       NA       <NA>     NA    NA              NA              <NA>                 NA       NA       NA    <NA>
# 2020-07-03 13:47:10 BRT: Iteration 10 of 10
# experimentsUsedSoFar: 1903
# remainingBudget: 97
# currentBudget: 97
# nbConfigurations: 12
  Markers:
     x No test is performed.
     - The test is performed and some configurations are discarded.
     = The test is performed but no configuration is discarded.
     ! The test is performed and configurations could be discarded but elite configurations are preserved.
     . All alive configurations are elite and nothing is discarded

+-+-----------+-----------+-----------+---------------+-----------+--------+-----+----+------+
| |   Instance|      Alive|       Best|      Mean best| Exp so far|  W time|  rho|KenW|  Qvar|
+-+-----------+-----------+-----------+---------------+-----------+--------+-----+----+------+
|x|         17|         12|        327|  -0.3707040408|         12|00:00:36|   NA|  NA|    NA|
|x|         16|         12|        166|  -0.3694066400|         17|00:00:23|+0.43|0.72|0.0272|
|x|         10|         12|        166|  -0.3485230029|         22|00:00:24|+0.52|0.68|0.0697|
|x|          4|         12|        166|  -0.3471550966|         27|00:00:22|+0.58|0.69|0.0731|
|!|         14|          9|        166|  -0.3510923739|         32|00:00:25|-0.03|0.17|0.9489|
|=|         15|          9|        166|  -0.3498762309|         34|00:00:21|-0.09|0.09|1.0088|
|=|          5|          9|        166|  -0.3562348983|         36|00:00:22|-0.06|0.09|0.9457|
|=|         12|          9|        166|  -0.3600568134|         38|00:00:20|-0.02|0.11|0.9066|
|=|          6|          9|        166|  -0.3595567282|         40|00:00:21|+0.02|0.13|0.8715|
|=|          8|          9|        166|  -0.3625854460|         42|00:00:21|+0.04|0.13|0.8320|
|=|          7|          9|        166|  -0.3645441492|         44|00:00:20|+0.07|0.15|0.7935|
|=|          1|          9|        166|  -0.3632658616|         46|00:00:21|+0.03|0.12|0.8313|
|=|          9|          9|        345|  -0.3563627162|         48|00:00:20|-0.00|0.08|0.8733|
|=|         11|          9|        166|  -0.3581453447|         50|00:00:20|+0.01|0.08|0.8625|
|=|          3|          9|        345|  -0.3549680779|         52|00:00:21|-0.02|0.05|0.8928|
|=|          2|          9|        345|  -0.3544965482|         54|00:00:20|-0.00|0.06|0.8781|
|=|         13|          9|        345|  -0.3587888275|         56|00:00:21|+0.00|0.06|0.8741|
|=|         18|          9|        345|  -0.3582250361|         65|00:00:29|+0.01|0.07|0.8592|
+-+-----------+-----------+-----------+---------------+-----------+--------+-----+----+------+
Best-so-far configuration:         345    mean value:   -0.3582250361
Description of the best-so-far configuration:
    .ID. dataset  job_id cutoff metafolds           task sparse f_eng1    f_eng2 scaling  algorithm pre_scaling extraction ext_components        selection lr_C lr_solver multi_class  C kernel rf_estimators criterion_classification criterion_regression max_features max_depth min_samples_leaf solver alpha hidden_layers neurons1 activation n_neighbors  weights ab_estimators ab_learning_rate ab_loss whiten svd_solver ica_algorithm ica_fun dl_fit_algorithm dl_transform_algorithm sel_model sel_score_classification sel_score_regression sel_percentile sel_threshold max_iter lr_penalty degree gamma max_depth_value mlp_learning_rate learning_rate_init neurons2 neurons3 lr_dual .PARENT.
345  345    svhn 1547604     20         1 classification  False   None Selection   False KNeighbors       False       <NA>             NA SelectPercentile   NA      <NA>        <NA> NA   <NA>            NA                     <NA>                   NA           NA      <NA>               NA   <NA>    NA            NA       NA       <NA>          12 distance            NA               NA      NA   <NA>       <NA>          <NA>    <NA>             <NA>                   <NA>      <NA>                f_classif                   NA             27          <NA>       NA       <NA>     NA    NA              NA              <NA>                 NA       NA       NA    <NA>      304

# 2020-07-03 13:54:09 BRT: Elite configurations (first number is the configuration ID; listed from best to worst according to the sum of ranks):
    dataset  job_id cutoff metafolds           task sparse f_eng1    f_eng2 scaling  algorithm pre_scaling extraction ext_components        selection lr_C lr_solver multi_class  C kernel rf_estimators criterion_classification criterion_regression max_features max_depth min_samples_leaf solver alpha hidden_layers neurons1 activation n_neighbors  weights ab_estimators ab_learning_rate ab_loss whiten svd_solver ica_algorithm ica_fun dl_fit_algorithm dl_transform_algorithm sel_model sel_score_classification sel_score_regression sel_percentile sel_threshold max_iter lr_penalty degree gamma max_depth_value mlp_learning_rate learning_rate_init neurons2 neurons3 lr_dual
345    svhn 1547604     20         1 classification  False   None Selection   False KNeighbors       False       <NA>             NA SelectPercentile   NA      <NA>        <NA> NA   <NA>            NA                     <NA>                   NA           NA      <NA>               NA   <NA>    NA            NA       NA       <NA>          12 distance            NA               NA      NA   <NA>       <NA>          <NA>    <NA>             <NA>                   <NA>      <NA>                f_classif                   NA             27          <NA>       NA       <NA>     NA    NA              NA              <NA>                 NA       NA       NA    <NA>
258    svhn 1547604     20         1 classification  False   None Selection   False KNeighbors       False       <NA>             NA SelectPercentile   NA      <NA>        <NA> NA   <NA>            NA                     <NA>                   NA           NA      <NA>               NA   <NA>    NA            NA       NA       <NA>          12 distance            NA               NA      NA   <NA>       <NA>          <NA>    <NA>             <NA>                   <NA>      <NA>                f_classif                   NA             20          <NA>       NA       <NA>     NA    NA              NA              <NA>                 NA       NA       NA    <NA>
216    svhn 1547604     20         1 classification  False   None Selection   False KNeighbors       False       <NA>             NA SelectPercentile   NA      <NA>        <NA> NA   <NA>            NA                     <NA>                   NA           NA      <NA>               NA   <NA>    NA            NA       NA       <NA>          10 distance            NA               NA      NA   <NA>       <NA>          <NA>    <NA>             <NA>                   <NA>      <NA>                f_classif                   NA             25          <NA>       NA       <NA>     NA    NA              NA              <NA>                 NA       NA       NA    <NA>
219    svhn 1547604     20         1 classification  False   None Selection   False KNeighbors       False       <NA>             NA SelectPercentile   NA      <NA>        <NA> NA   <NA>            NA                     <NA>                   NA           NA      <NA>               NA   <NA>    NA            NA       NA       <NA>          11 distance            NA               NA      NA   <NA>       <NA>          <NA>    <NA>             <NA>                   <NA>      <NA>                f_classif                   NA             25          <NA>       NA       <NA>     NA    NA              NA              <NA>                 NA       NA       NA    <NA>
166    svhn 1547604     20         1 classification  False   None Selection   False KNeighbors       False       <NA>             NA SelectPercentile   NA      <NA>        <NA> NA   <NA>            NA                     <NA>                   NA           NA      <NA>               NA   <NA>    NA            NA       NA       <NA>          12 distance            NA               NA      NA   <NA>       <NA>          <NA>    <NA>             <NA>                   <NA>      <NA>                f_classif                   NA             24          <NA>       NA       <NA>     NA    NA              NA              <NA>                 NA       NA       NA    <NA>
337    svhn 1547604     20         1 classification  False   None Selection   False KNeighbors       False       <NA>             NA SelectPercentile   NA      <NA>        <NA> NA   <NA>            NA                     <NA>                   NA           NA      <NA>               NA   <NA>    NA            NA       NA       <NA>          11 distance            NA               NA      NA   <NA>       <NA>          <NA>    <NA>             <NA>                   <NA>      <NA>                f_classif                   NA             23          <NA>       NA       <NA>     NA    NA              NA              <NA>                 NA       NA       NA    <NA>
341    svhn 1547604     20         1 classification  False   None Selection   False KNeighbors       False       <NA>             NA SelectPercentile   NA      <NA>        <NA> NA   <NA>            NA                     <NA>                   NA           NA      <NA>               NA   <NA>    NA            NA       NA       <NA>          14 distance            NA               NA      NA   <NA>       <NA>          <NA>    <NA>             <NA>                   <NA>      <NA>                f_classif                   NA             24          <NA>       NA       <NA>     NA    NA              NA              <NA>                 NA       NA       NA    <NA>
# 2020-07-03 13:54:09 BRT: Iteration 11 of 11
# experimentsUsedSoFar: 1968
# remainingBudget: 32
# currentBudget: 32
# nbConfigurations: 8
  Markers:
     x No test is performed.
     - The test is performed and some configurations are discarded.
     = The test is performed but no configuration is discarded.
     ! The test is performed and configurations could be discarded but elite configurations are preserved.
     . All alive configurations are elite and nothing is discarded

+-+-----------+-----------+-----------+---------------+-----------+--------+-----+----+------+
| |   Instance|      Alive|       Best|      Mean best| Exp so far|  W time|  rho|KenW|  Qvar|
+-+-----------+-----------+-----------+---------------+-----------+--------+-----+----+------+
|x|         19|          8|        258|  -0.3498995117|          8|00:00:34|   NA|  NA|    NA|
|x|          5|          8|        258|  -0.3732048254|          9|00:00:31|+1.00|1.00|0.0216|
|x|          3|          8|        337|  -0.3570685499|         10|00:00:31|-0.02|0.32|0.7410|
|x|          6|          8|        337|  -0.3564855004|         11|00:00:32|-0.03|0.23|0.6034|
|=|         12|          8|        341|  -0.3614095234|         12|00:00:31|+0.06|0.25|0.4893|
|=|          4|          8|        166|  -0.3588925568|         13|00:00:32|+0.13|0.27|0.4276|
|=|         18|          8|        345|  -0.3554386505|         14|00:00:31|+0.16|0.28|0.3943|
|!|         11|          7|        258|  -0.3584640168|         15|00:00:31|-0.11|0.02|0.9517|
|.|         14|          7|        258|  -0.3598819924|         15|23:59:59|-0.07|0.05|0.9072|
|.|         16|          7|        258|  -0.3608663234|         15|23:59:59|-0.03|0.07|0.8842|
|.|         17|          7|        258|  -0.3612874368|         15|23:59:59|-0.07|0.03|0.9066|
|.|          2|          7|        258|  -0.3596297751|         15|23:59:59|-0.07|0.02|0.9129|
|.|         13|          7|        258|  -0.3649571546|         15|23:59:59|-0.07|0.01|0.9198|
|.|         15|          7|        258|  -0.3637190270|         15|23:59:59|-0.06|0.01|0.9126|
|.|          1|          7|        258|  -0.3623149186|         15|23:59:59|-0.06|0.01|0.9126|
|.|          7|          7|        258|  -0.3636958378|         15|23:59:59|-0.05|0.01|0.9076|
|.|          8|          7|        258|  -0.3659871642|         15|23:59:59|-0.05|0.02|0.8987|
|.|         10|          7|        258|  -0.3624688827|         15|23:59:59|-0.05|0.01|0.9003|
|.|          9|          7|        258|  -0.3584245051|         15|23:59:59|-0.04|0.01|0.8983|
+-+-----------+-----------+-----------+---------------+-----------+--------+-----+----+------+
Best-so-far configuration:         345    mean value:   -0.3572413823
Description of the best-so-far configuration:
    .ID. dataset  job_id cutoff metafolds           task sparse f_eng1    f_eng2 scaling  algorithm pre_scaling extraction ext_components        selection lr_C lr_solver multi_class  C kernel rf_estimators criterion_classification criterion_regression max_features max_depth min_samples_leaf solver alpha hidden_layers neurons1 activation n_neighbors  weights ab_estimators ab_learning_rate ab_loss whiten svd_solver ica_algorithm ica_fun dl_fit_algorithm dl_transform_algorithm sel_model sel_score_classification sel_score_regression sel_percentile sel_threshold max_iter lr_penalty degree gamma max_depth_value mlp_learning_rate learning_rate_init neurons2 neurons3 lr_dual .PARENT.
345  345    svhn 1547604     20         1 classification  False   None Selection   False KNeighbors       False       <NA>             NA SelectPercentile   NA      <NA>        <NA> NA   <NA>            NA                     <NA>                   NA           NA      <NA>               NA   <NA>    NA            NA       NA       <NA>          12 distance            NA               NA      NA   <NA>       <NA>          <NA>    <NA>             <NA>                   <NA>      <NA>                f_classif                   NA             27          <NA>       NA       <NA>     NA    NA              NA              <NA>                 NA       NA       NA    <NA>      304

# 2020-07-03 13:58:25 BRT: Elite configurations (first number is the configuration ID; listed from best to worst according to the sum of ranks):
    dataset  job_id cutoff metafolds           task sparse f_eng1    f_eng2 scaling  algorithm pre_scaling extraction ext_components        selection lr_C lr_solver multi_class  C kernel rf_estimators criterion_classification criterion_regression max_features max_depth min_samples_leaf solver alpha hidden_layers neurons1 activation n_neighbors  weights ab_estimators ab_learning_rate ab_loss whiten svd_solver ica_algorithm ica_fun dl_fit_algorithm dl_transform_algorithm sel_model sel_score_classification sel_score_regression sel_percentile sel_threshold max_iter lr_penalty degree gamma max_depth_value mlp_learning_rate learning_rate_init neurons2 neurons3 lr_dual
345    svhn 1547604     20         1 classification  False   None Selection   False KNeighbors       False       <NA>             NA SelectPercentile   NA      <NA>        <NA> NA   <NA>            NA                     <NA>                   NA           NA      <NA>               NA   <NA>    NA            NA       NA       <NA>          12 distance            NA               NA      NA   <NA>       <NA>          <NA>    <NA>             <NA>                   <NA>      <NA>                f_classif                   NA             27          <NA>       NA       <NA>     NA    NA              NA              <NA>                 NA       NA       NA    <NA>
258    svhn 1547604     20         1 classification  False   None Selection   False KNeighbors       False       <NA>             NA SelectPercentile   NA      <NA>        <NA> NA   <NA>            NA                     <NA>                   NA           NA      <NA>               NA   <NA>    NA            NA       NA       <NA>          12 distance            NA               NA      NA   <NA>       <NA>          <NA>    <NA>             <NA>                   <NA>      <NA>                f_classif                   NA             20          <NA>       NA       <NA>     NA    NA              NA              <NA>                 NA       NA       NA    <NA>
166    svhn 1547604     20         1 classification  False   None Selection   False KNeighbors       False       <NA>             NA SelectPercentile   NA      <NA>        <NA> NA   <NA>            NA                     <NA>                   NA           NA      <NA>               NA   <NA>    NA            NA       NA       <NA>          12 distance            NA               NA      NA   <NA>       <NA>          <NA>    <NA>             <NA>                   <NA>      <NA>                f_classif                   NA             24          <NA>       NA       <NA>     NA    NA              NA              <NA>                 NA       NA       NA    <NA>
337    svhn 1547604     20         1 classification  False   None Selection   False KNeighbors       False       <NA>             NA SelectPercentile   NA      <NA>        <NA> NA   <NA>            NA                     <NA>                   NA           NA      <NA>               NA   <NA>    NA            NA       NA       <NA>          11 distance            NA               NA      NA   <NA>       <NA>          <NA>    <NA>             <NA>                   <NA>      <NA>                f_classif                   NA             23          <NA>       NA       <NA>     NA    NA              NA              <NA>                 NA       NA       NA    <NA>
216    svhn 1547604     20         1 classification  False   None Selection   False KNeighbors       False       <NA>             NA SelectPercentile   NA      <NA>        <NA> NA   <NA>            NA                     <NA>                   NA           NA      <NA>               NA   <NA>    NA            NA       NA       <NA>          10 distance            NA               NA      NA   <NA>       <NA>          <NA>    <NA>             <NA>                   <NA>      <NA>                f_classif                   NA             25          <NA>       NA       <NA>     NA    NA              NA              <NA>                 NA       NA       NA    <NA>
219    svhn 1547604     20         1 classification  False   None Selection   False KNeighbors       False       <NA>             NA SelectPercentile   NA      <NA>        <NA> NA   <NA>            NA                     <NA>                   NA           NA      <NA>               NA   <NA>    NA            NA       NA       <NA>          11 distance            NA               NA      NA   <NA>       <NA>          <NA>    <NA>             <NA>                   <NA>      <NA>                f_classif                   NA             25          <NA>       NA       <NA>     NA    NA              NA              <NA>                 NA       NA       NA    <NA>
341    svhn 1547604     20         1 classification  False   None Selection   False KNeighbors       False       <NA>             NA SelectPercentile   NA      <NA>        <NA> NA   <NA>            NA                     <NA>                   NA           NA      <NA>               NA   <NA>    NA            NA       NA       <NA>          14 distance            NA               NA      NA   <NA>       <NA>          <NA>    <NA>             <NA>                   <NA>      <NA>                f_classif                   NA             24          <NA>       NA       <NA>     NA    NA              NA              <NA>                 NA       NA       NA    <NA>
# 2020-07-03 13:58:26 BRT: Stopped because there is not enough budget left to race more than the minimum (7)
# You may either increase the budget or set 'minNbSurvival' to a lower value
# Iteration: 12
# nbIterations: 12
# experimentsUsedSoFar: 1983
# timeUsed: 0
# remainingBudget: 17
# currentBudget: 17
# number of elites: 7
# nbConfigurations: 7
# Best configurations (first number is the configuration ID; listed from best to worst according to the sum of ranks):
    dataset  job_id cutoff metafolds           task sparse f_eng1    f_eng2 scaling  algorithm pre_scaling extraction ext_components        selection lr_C lr_solver multi_class  C kernel rf_estimators criterion_classification criterion_regression max_features max_depth min_samples_leaf solver alpha hidden_layers neurons1 activation n_neighbors  weights ab_estimators ab_learning_rate ab_loss whiten svd_solver ica_algorithm ica_fun dl_fit_algorithm dl_transform_algorithm sel_model sel_score_classification sel_score_regression sel_percentile sel_threshold max_iter lr_penalty degree gamma max_depth_value mlp_learning_rate learning_rate_init neurons2 neurons3 lr_dual
345    svhn 1547604     20         1 classification  False   None Selection   False KNeighbors       False       <NA>             NA SelectPercentile   NA      <NA>        <NA> NA   <NA>            NA                     <NA>                   NA           NA      <NA>               NA   <NA>    NA            NA       NA       <NA>          12 distance            NA               NA      NA   <NA>       <NA>          <NA>    <NA>             <NA>                   <NA>      <NA>                f_classif                   NA             27          <NA>       NA       <NA>     NA    NA              NA              <NA>                 NA       NA       NA    <NA>
258    svhn 1547604     20         1 classification  False   None Selection   False KNeighbors       False       <NA>             NA SelectPercentile   NA      <NA>        <NA> NA   <NA>            NA                     <NA>                   NA           NA      <NA>               NA   <NA>    NA            NA       NA       <NA>          12 distance            NA               NA      NA   <NA>       <NA>          <NA>    <NA>             <NA>                   <NA>      <NA>                f_classif                   NA             20          <NA>       NA       <NA>     NA    NA              NA              <NA>                 NA       NA       NA    <NA>
166    svhn 1547604     20         1 classification  False   None Selection   False KNeighbors       False       <NA>             NA SelectPercentile   NA      <NA>        <NA> NA   <NA>            NA                     <NA>                   NA           NA      <NA>               NA   <NA>    NA            NA       NA       <NA>          12 distance            NA               NA      NA   <NA>       <NA>          <NA>    <NA>             <NA>                   <NA>      <NA>                f_classif                   NA             24          <NA>       NA       <NA>     NA    NA              NA              <NA>                 NA       NA       NA    <NA>
337    svhn 1547604     20         1 classification  False   None Selection   False KNeighbors       False       <NA>             NA SelectPercentile   NA      <NA>        <NA> NA   <NA>            NA                     <NA>                   NA           NA      <NA>               NA   <NA>    NA            NA       NA       <NA>          11 distance            NA               NA      NA   <NA>       <NA>          <NA>    <NA>             <NA>                   <NA>      <NA>                f_classif                   NA             23          <NA>       NA       <NA>     NA    NA              NA              <NA>                 NA       NA       NA    <NA>
216    svhn 1547604     20         1 classification  False   None Selection   False KNeighbors       False       <NA>             NA SelectPercentile   NA      <NA>        <NA> NA   <NA>            NA                     <NA>                   NA           NA      <NA>               NA   <NA>    NA            NA       NA       <NA>          10 distance            NA               NA      NA   <NA>       <NA>          <NA>    <NA>             <NA>                   <NA>      <NA>                f_classif                   NA             25          <NA>       NA       <NA>     NA    NA              NA              <NA>                 NA       NA       NA    <NA>
219    svhn 1547604     20         1 classification  False   None Selection   False KNeighbors       False       <NA>             NA SelectPercentile   NA      <NA>        <NA> NA   <NA>            NA                     <NA>                   NA           NA      <NA>               NA   <NA>    NA            NA       NA       <NA>          11 distance            NA               NA      NA   <NA>       <NA>          <NA>    <NA>             <NA>                   <NA>      <NA>                f_classif                   NA             25          <NA>       NA       <NA>     NA    NA              NA              <NA>                 NA       NA       NA    <NA>
341    svhn 1547604     20         1 classification  False   None Selection   False KNeighbors       False       <NA>             NA SelectPercentile   NA      <NA>        <NA> NA   <NA>            NA                     <NA>                   NA           NA      <NA>               NA   <NA>    NA            NA       NA       <NA>          14 distance            NA               NA      NA   <NA>       <NA>          <NA>    <NA>             <NA>                   <NA>      <NA>                f_classif                   NA             24          <NA>       NA       <NA>     NA    NA              NA              <NA>                 NA       NA       NA    <NA>
# Best configurations as commandlines (first number is the configuration ID; same order as above):
345  --dataset svhn --job_id 1547604 --cutoff 20 --metafolds 1 --task classification --sparse False --f_eng1 None --f_eng2 Selection --pre_scaling False --selection SelectPercentile --sel_score_classification f_classif --sel_percentile 27 --scaling False --algorithm KNeighbors --n_neighbors 12 --weights distance
258  --dataset svhn --job_id 1547604 --cutoff 20 --metafolds 1 --task classification --sparse False --f_eng1 None --f_eng2 Selection --pre_scaling False --selection SelectPercentile --sel_score_classification f_classif --sel_percentile 20 --scaling False --algorithm KNeighbors --n_neighbors 12 --weights distance
166  --dataset svhn --job_id 1547604 --cutoff 20 --metafolds 1 --task classification --sparse False --f_eng1 None --f_eng2 Selection --pre_scaling False --selection SelectPercentile --sel_score_classification f_classif --sel_percentile 24 --scaling False --algorithm KNeighbors --n_neighbors 12 --weights distance
337  --dataset svhn --job_id 1547604 --cutoff 20 --metafolds 1 --task classification --sparse False --f_eng1 None --f_eng2 Selection --pre_scaling False --selection SelectPercentile --sel_score_classification f_classif --sel_percentile 23 --scaling False --algorithm KNeighbors --n_neighbors 11 --weights distance
216  --dataset svhn --job_id 1547604 --cutoff 20 --metafolds 1 --task classification --sparse False --f_eng1 None --f_eng2 Selection --pre_scaling False --selection SelectPercentile --sel_score_classification f_classif --sel_percentile 25 --scaling False --algorithm KNeighbors --n_neighbors 10 --weights distance
219  --dataset svhn --job_id 1547604 --cutoff 20 --metafolds 1 --task classification --sparse False --f_eng1 None --f_eng2 Selection --pre_scaling False --selection SelectPercentile --sel_score_classification f_classif --sel_percentile 25 --scaling False --algorithm KNeighbors --n_neighbors 11 --weights distance
341  --dataset svhn --job_id 1547604 --cutoff 20 --metafolds 1 --task classification --sparse False --f_eng1 None --f_eng2 Selection --pre_scaling False --selection SelectPercentile --sel_score_classification f_classif --sel_percentile 24 --scaling False --algorithm KNeighbors --n_neighbors 14 --weights distance
