*******************************************************************************
* irace: An implementation in R of Iterated Race
* Version: 3.1.2112M
* Copyright (C) 2010-2018
* Manuel Lopez-Ibanez     <manuel.lopez-ibanez@manchester.ac.uk>
* Jeremie Dubois-Lacoste  
* Leslie Perez Caceres    <leslie.perez.caceres@ulb.ac.be>
*
* This is free software, and you are welcome to redistribute it under certain
* conditions.  See the GNU General Public License for details. There is NO
* WARRANTY; not even for MERCHANTABILITY or FITNESS FOR A PARTICULAR PURPOSE.
*
* irace builds upon previous code from the race package:
*
* race: Racing methods for the selection of the best
* Copyright (C) 2003 Mauro Birattari
*******************************************************************************
# installed at: /home/cemvieira/bin/R/irace
# called with: -s scenario.txt --max-experiments 2000 -p ./svhn/parameters-1547589.txt --parallel 32 --train-instances-file svhn/instances.txt --log-file ./output/svhn/svhn-3f2k30m-irace-1547589.Rdata
# 8 expression(s) specifying forbidden configurations read from '/home/cemvieira/isklearn/forbidden.txt'
# 2020-07-02 20:02:24 BRT: Initialization
# Elitist race
# Elitist new instances: 1
# Elitist limit: 2
# nbIterations: 7
# minNbSurvival: 7
# nbParameters: 50
# seed: 71105061
# confidence level: 0.95
# budget: 2000
# mu: 5
# deterministic: TRUE

# 2020-07-02 20:02:24 BRT: Iteration 1 of 7
# experimentsUsedSoFar: 0
# remainingBudget: 2000
# currentBudget: 285
# nbConfigurations: 47
  Markers:
     x No test is performed.
     - The test is performed and some configurations are discarded.
     = The test is performed but no configuration is discarded.
     ! The test is performed and configurations could be discarded but elite configurations are preserved.
     . All alive configurations are elite and nothing is discarded

+-+-----------+-----------+-----------+---------------+-----------+--------+-----+----+------+
| |   Instance|      Alive|       Best|      Mean best| Exp so far|  W time|  rho|KenW|  Qvar|
+-+-----------+-----------+-----------+---------------+-----------+--------+-----+----+------+
|x|          1|         47|         21|  -0.3179181216|         47|01:00:00|   NA|  NA|    NA|
|x|          2|         47|         21|  -0.3258351047|         94|01:00:01|+1.00|1.00|0.0000|
|x|          3|         47|         21|  -0.3309277078|        141|01:00:01|+1.00|1.00|0.0000|
|x|          4|         47|         21|  -0.3260115038|        188|01:00:01|+1.00|1.00|0.0000|
|!|          5|          1|         21|  -0.3273891840|        235|01:00:01|   NA|  NA|    NA|
+-+-----------+-----------+-----------+---------------+-----------+--------+-----+----+------+
Best-so-far configuration:          21    mean value:   -0.3273891840
Description of the best-so-far configuration:
   .ID. dataset  job_id cutoff metafolds           task sparse    f_eng1 f_eng2 scaling  algorithm pre_scaling extraction ext_components        selection lr_C lr_solver multi_class  C kernel rf_estimators criterion_classification criterion_regression max_features max_depth min_samples_leaf solver alpha hidden_layers neurons1 activation n_neighbors  weights ab_estimators ab_learning_rate ab_loss whiten svd_solver ica_algorithm ica_fun dl_fit_algorithm dl_transform_algorithm sel_model sel_score_classification sel_score_regression sel_percentile sel_threshold max_iter lr_penalty degree gamma max_depth_value mlp_learning_rate learning_rate_init neurons2 neurons3 lr_dual .PARENT.
21   21    svhn 1547589     30         3 classification  False Selection   None    True KNeighbors       False       <NA>             NA SelectPercentile   NA      <NA>        <NA> NA   <NA>            NA                     <NA>                   NA           NA      <NA>               NA   <NA>    NA            NA       NA       <NA>          47 distance            NA               NA      NA   <NA>       <NA>          <NA>    <NA>             <NA>                   <NA>      <NA>                f_classif                   NA             36          <NA>       NA       <NA>     NA    NA              NA              <NA>                 NA       NA       NA    <NA>       NA

# 2020-07-03 01:02:32 BRT: Elite configurations (first number is the configuration ID; listed from best to worst according to the sum of ranks):
   dataset  job_id cutoff metafolds           task sparse    f_eng1 f_eng2 scaling  algorithm pre_scaling extraction ext_components        selection lr_C lr_solver multi_class  C kernel rf_estimators criterion_classification criterion_regression max_features max_depth min_samples_leaf solver alpha hidden_layers neurons1 activation n_neighbors  weights ab_estimators ab_learning_rate ab_loss whiten svd_solver ica_algorithm ica_fun dl_fit_algorithm dl_transform_algorithm sel_model sel_score_classification sel_score_regression sel_percentile sel_threshold max_iter lr_penalty degree gamma max_depth_value mlp_learning_rate learning_rate_init neurons2 neurons3 lr_dual
21    svhn 1547589     30         3 classification  False Selection   None    True KNeighbors       False       <NA>             NA SelectPercentile   NA      <NA>        <NA> NA   <NA>            NA                     <NA>                   NA           NA      <NA>               NA   <NA>    NA            NA       NA       <NA>          47 distance            NA               NA      NA   <NA>       <NA>          <NA>    <NA>             <NA>                   <NA>      <NA>                f_classif                   NA             36          <NA>       NA       <NA>     NA    NA              NA              <NA>                 NA       NA       NA    <NA>
# 2020-07-03 01:02:32 BRT: Iteration 2 of 7
# experimentsUsedSoFar: 235
# remainingBudget: 1765
# currentBudget: 294
# nbConfigurations: 42
  Markers:
     x No test is performed.
     - The test is performed and some configurations are discarded.
     = The test is performed but no configuration is discarded.
     ! The test is performed and configurations could be discarded but elite configurations are preserved.
     . All alive configurations are elite and nothing is discarded

+-+-----------+-----------+-----------+---------------+-----------+--------+-----+----+------+
| |   Instance|      Alive|       Best|      Mean best| Exp so far|  W time|  rho|KenW|  Qvar|
+-+-----------+-----------+-----------+---------------+-----------+--------+-----+----+------+
|x|          6|         42|         57|  -0.3532699983|         42|01:00:03|   NA|  NA|    NA|
|x|          3|         42|         57|  -0.3560806968|         83|01:00:01|+1.00|1.00|0.0000|
|x|          1|         42|         57|  -0.3507825267|        124|01:00:01|+1.00|1.00|0.0000|
|x|          4|         42|         57|  -0.3484903292|        165|01:00:01|+1.00|1.00|0.0000|
|!|          2|          2|         57|  -0.3481026513|        206|01:00:01|+1.00|1.00|0.0000|
+-+-----------+-----------+-----------+---------------+-----------+--------+-----+----+------+
Best-so-far configuration:          21    mean value:   -0.3245618675
Description of the best-so-far configuration:
   .ID. dataset  job_id cutoff metafolds           task sparse    f_eng1 f_eng2 scaling  algorithm pre_scaling extraction ext_components        selection lr_C lr_solver multi_class  C kernel rf_estimators criterion_classification criterion_regression max_features max_depth min_samples_leaf solver alpha hidden_layers neurons1 activation n_neighbors  weights ab_estimators ab_learning_rate ab_loss whiten svd_solver ica_algorithm ica_fun dl_fit_algorithm dl_transform_algorithm sel_model sel_score_classification sel_score_regression sel_percentile sel_threshold max_iter lr_penalty degree gamma max_depth_value mlp_learning_rate learning_rate_init neurons2 neurons3 lr_dual .PARENT.
21   21    svhn 1547589     30         3 classification  False Selection   None    True KNeighbors       False       <NA>             NA SelectPercentile   NA      <NA>        <NA> NA   <NA>            NA                     <NA>                   NA           NA      <NA>               NA   <NA>    NA            NA       NA       <NA>          47 distance            NA               NA      NA   <NA>       <NA>          <NA>    <NA>             <NA>                   <NA>      <NA>                f_classif                   NA             36          <NA>       NA       <NA>     NA    NA              NA              <NA>                 NA       NA       NA    <NA>       NA

# 2020-07-03 06:02:43 BRT: Elite configurations (first number is the configuration ID; listed from best to worst according to the sum of ranks):
   dataset  job_id cutoff metafolds           task sparse    f_eng1 f_eng2 scaling  algorithm pre_scaling extraction ext_components        selection lr_C lr_solver multi_class  C kernel rf_estimators criterion_classification criterion_regression max_features max_depth min_samples_leaf solver alpha hidden_layers neurons1 activation n_neighbors  weights ab_estimators ab_learning_rate ab_loss whiten svd_solver ica_algorithm ica_fun dl_fit_algorithm dl_transform_algorithm    sel_model sel_score_classification sel_score_regression sel_percentile sel_threshold max_iter lr_penalty degree gamma max_depth_value mlp_learning_rate learning_rate_init neurons2 neurons3 lr_dual
21    svhn 1547589     30         3 classification  False Selection   None    True KNeighbors       False       <NA>             NA SelectPercentile   NA      <NA>        <NA> NA   <NA>            NA                     <NA>                   NA           NA      <NA>               NA   <NA>    NA            NA       NA       <NA>          47 distance            NA               NA      NA   <NA>       <NA>          <NA>    <NA>             <NA>                   <NA>         <NA>                f_classif                   NA             36          <NA>       NA       <NA>     NA    NA              NA              <NA>                 NA       NA       NA    <NA>
57    svhn 1547589     30         3 classification  False Selection   None    True KNeighbors       False       <NA>             NA  SelectFromModel   NA      <NA>        <NA> NA   <NA>            NA                     <NA>                   NA           NA      <NA>               NA   <NA>    NA            NA       NA       <NA>          31  uniform            NA               NA      NA   <NA>       <NA>          <NA>    <NA>             <NA>                   <NA> RandomForest                     <NA>                   NA             NA        median       NA       <NA>     NA    NA              NA              <NA>                 NA       NA       NA    <NA>
# 2020-07-03 06:02:43 BRT: Iteration 3 of 7
# experimentsUsedSoFar: 441
# remainingBudget: 1559
# currentBudget: 311
# nbConfigurations: 40
  Markers:
     x No test is performed.
     - The test is performed and some configurations are discarded.
     = The test is performed but no configuration is discarded.
     ! The test is performed and configurations could be discarded but elite configurations are preserved.
     . All alive configurations are elite and nothing is discarded

+-+-----------+-----------+-----------+---------------+-----------+--------+-----+----+------+
| |   Instance|      Alive|       Best|      Mean best| Exp so far|  W time|  rho|KenW|  Qvar|
+-+-----------+-----------+-----------+---------------+-----------+--------+-----+----+------+
|x|          7|         40|        112|  -0.3265309071|         40|01:00:01|   NA|  NA|    NA|
|x|          2|         40|        112|  -0.3308655156|         78|01:00:00|+0.88|0.94|0.0857|
|x|          6|         40|        112|  -0.3250233720|        116|01:00:01|+0.92|0.95|0.0571|
|x|          3|         40|        112|  -0.3299565046|        154|01:00:01|+0.94|0.96|0.0428|
|!|          5|          4|        112|  -0.3321712163|        193|01:00:01|+0.04|0.23|0.8976|
+-+-----------+-----------+-----------+---------------+-----------+--------+-----+----+------+
Best-so-far configuration:          57    mean value:     1227133513.
Description of the best-so-far configuration:
   .ID. dataset  job_id cutoff metafolds           task sparse    f_eng1 f_eng2 scaling  algorithm pre_scaling extraction ext_components       selection lr_C lr_solver multi_class  C kernel rf_estimators criterion_classification criterion_regression max_features max_depth min_samples_leaf solver alpha hidden_layers neurons1 activation n_neighbors weights ab_estimators ab_learning_rate ab_loss whiten svd_solver ica_algorithm ica_fun dl_fit_algorithm dl_transform_algorithm    sel_model sel_score_classification sel_score_regression sel_percentile sel_threshold max_iter lr_penalty degree gamma max_depth_value mlp_learning_rate learning_rate_init neurons2 neurons3 lr_dual .PARENT.
57   57    svhn 1547589     30         3 classification  False Selection   None    True KNeighbors       False       <NA>             NA SelectFromModel   NA      <NA>        <NA> NA   <NA>            NA                     <NA>                   NA           NA      <NA>               NA   <NA>    NA            NA       NA       <NA>          31 uniform            NA               NA      NA   <NA>       <NA>          <NA>    <NA>             <NA>                   <NA> RandomForest                     <NA>                   NA             NA        median       NA       <NA>     NA    NA              NA              <NA>                 NA       NA       NA    <NA>       21

# 2020-07-03 11:02:50 BRT: Elite configurations (first number is the configuration ID; listed from best to worst according to the sum of ranks):
    dataset  job_id cutoff metafolds           task sparse    f_eng1 f_eng2 scaling  algorithm pre_scaling extraction ext_components        selection lr_C lr_solver multi_class  C kernel rf_estimators criterion_classification criterion_regression max_features max_depth min_samples_leaf solver alpha hidden_layers neurons1 activation n_neighbors  weights ab_estimators ab_learning_rate ab_loss whiten svd_solver ica_algorithm ica_fun dl_fit_algorithm dl_transform_algorithm    sel_model sel_score_classification sel_score_regression sel_percentile sel_threshold max_iter lr_penalty degree gamma max_depth_value mlp_learning_rate learning_rate_init neurons2 neurons3 lr_dual
57     svhn 1547589     30         3 classification  False Selection   None    True KNeighbors       False       <NA>             NA  SelectFromModel   NA      <NA>        <NA> NA   <NA>            NA                     <NA>                   NA           NA      <NA>               NA   <NA>    NA            NA       NA       <NA>          31  uniform            NA               NA      NA   <NA>       <NA>          <NA>    <NA>             <NA>                   <NA> RandomForest                     <NA>                   NA             NA        median       NA       <NA>     NA    NA              NA              <NA>                 NA       NA       NA    <NA>
21     svhn 1547589     30         3 classification  False Selection   None    True KNeighbors       False       <NA>             NA SelectPercentile   NA      <NA>        <NA> NA   <NA>            NA                     <NA>                   NA           NA      <NA>               NA   <NA>    NA            NA       NA       <NA>          47 distance            NA               NA      NA   <NA>       <NA>          <NA>    <NA>             <NA>                   <NA>         <NA>                f_classif                   NA             36          <NA>       NA       <NA>     NA    NA              NA              <NA>                 NA       NA       NA    <NA>
112    svhn 1547589     30         3 classification  False Selection   None   False KNeighbors       False       <NA>             NA SelectPercentile   NA      <NA>        <NA> NA   <NA>            NA                     <NA>                   NA           NA      <NA>               NA   <NA>    NA            NA       NA       <NA>          21  uniform            NA               NA      NA   <NA>       <NA>          <NA>    <NA>             <NA>                   <NA>         <NA>                f_classif                   NA             36          <NA>       NA       <NA>     NA    NA              NA              <NA>                 NA       NA       NA    <NA>
122    svhn 1547589     30         3 classification  False      None   None    True KNeighbors        <NA>       <NA>             NA             <NA>   NA      <NA>        <NA> NA   <NA>            NA                     <NA>                   NA           NA      <NA>               NA   <NA>    NA            NA       NA       <NA>          26 distance            NA               NA      NA   <NA>       <NA>          <NA>    <NA>             <NA>                   <NA>         <NA>                     <NA>                   NA             NA          <NA>       NA       <NA>     NA    NA              NA              <NA>                 NA       NA       NA    <NA>
# 2020-07-03 11:02:50 BRT: Iteration 4 of 7
# experimentsUsedSoFar: 634
# remainingBudget: 1366
# currentBudget: 341
# nbConfigurations: 41
  Markers:
     x No test is performed.
     - The test is performed and some configurations are discarded.
     = The test is performed but no configuration is discarded.
     ! The test is performed and configurations could be discarded but elite configurations are preserved.
     . All alive configurations are elite and nothing is discarded

+-+-----------+-----------+-----------+---------------+-----------+--------+-----+----+------+
| |   Instance|      Alive|       Best|      Mean best| Exp so far|  W time|  rho|KenW|  Qvar|
+-+-----------+-----------+-----------+---------------+-----------+--------+-----+----+------+
|x|          8|         41|        135|  -0.3636500007|         41|00:55:44|   NA|  NA|    NA|
|x|          3|         41|        135|  -0.3654066124|         78|00:41:41|+0.95|0.98|0.0507|
|x|          7|         41|        135|  -0.3631153671|        115|00:41:38|+0.91|0.94|0.0691|
|x|          4|         41|        135|  -0.3609465196|        154|00:49:05|+0.92|0.94|0.0606|
|!|          2|          7|        135|  -0.3613800930|        191|00:41:34|+0.77|0.82|0.5280|
+-+-----------+-----------+-----------+---------------+-----------+--------+-----+----+------+
Best-so-far configuration:          57    mean value:     1073741824.
Description of the best-so-far configuration:
   .ID. dataset  job_id cutoff metafolds           task sparse    f_eng1 f_eng2 scaling  algorithm pre_scaling extraction ext_components       selection lr_C lr_solver multi_class  C kernel rf_estimators criterion_classification criterion_regression max_features max_depth min_samples_leaf solver alpha hidden_layers neurons1 activation n_neighbors weights ab_estimators ab_learning_rate ab_loss whiten svd_solver ica_algorithm ica_fun dl_fit_algorithm dl_transform_algorithm    sel_model sel_score_classification sel_score_regression sel_percentile sel_threshold max_iter lr_penalty degree gamma max_depth_value mlp_learning_rate learning_rate_init neurons2 neurons3 lr_dual .PARENT.
57   57    svhn 1547589     30         3 classification  False Selection   None    True KNeighbors       False       <NA>             NA SelectFromModel   NA      <NA>        <NA> NA   <NA>            NA                     <NA>                   NA           NA      <NA>               NA   <NA>    NA            NA       NA       <NA>          31 uniform            NA               NA      NA   <NA>       <NA>          <NA>    <NA>             <NA>                   <NA> RandomForest                     <NA>                   NA             NA        median       NA       <NA>     NA    NA              NA              <NA>                 NA       NA       NA    <NA>       21

# 2020-07-03 14:52:36 BRT: Elite configurations (first number is the configuration ID; listed from best to worst according to the sum of ranks):
    dataset  job_id cutoff metafolds           task sparse    f_eng1 f_eng2 scaling  algorithm pre_scaling extraction ext_components        selection lr_C lr_solver multi_class  C kernel rf_estimators criterion_classification criterion_regression max_features max_depth min_samples_leaf solver alpha hidden_layers neurons1 activation n_neighbors  weights ab_estimators ab_learning_rate ab_loss whiten svd_solver ica_algorithm ica_fun dl_fit_algorithm dl_transform_algorithm    sel_model sel_score_classification sel_score_regression sel_percentile sel_threshold max_iter lr_penalty degree gamma max_depth_value mlp_learning_rate learning_rate_init neurons2 neurons3 lr_dual
57     svhn 1547589     30         3 classification  False Selection   None    True KNeighbors       False       <NA>             NA  SelectFromModel   NA      <NA>        <NA> NA   <NA>            NA                     <NA>                   NA           NA      <NA>               NA   <NA>    NA            NA       NA       <NA>          31  uniform            NA               NA      NA   <NA>       <NA>          <NA>    <NA>             <NA>                   <NA> RandomForest                     <NA>                   NA             NA        median       NA       <NA>     NA    NA              NA              <NA>                 NA       NA       NA    <NA>
21     svhn 1547589     30         3 classification  False Selection   None    True KNeighbors       False       <NA>             NA SelectPercentile   NA      <NA>        <NA> NA   <NA>            NA                     <NA>                   NA           NA      <NA>               NA   <NA>    NA            NA       NA       <NA>          47 distance            NA               NA      NA   <NA>       <NA>          <NA>    <NA>             <NA>                   <NA>         <NA>                f_classif                   NA             36          <NA>       NA       <NA>     NA    NA              NA              <NA>                 NA       NA       NA    <NA>
112    svhn 1547589     30         3 classification  False Selection   None   False KNeighbors       False       <NA>             NA SelectPercentile   NA      <NA>        <NA> NA   <NA>            NA                     <NA>                   NA           NA      <NA>               NA   <NA>    NA            NA       NA       <NA>          21  uniform            NA               NA      NA   <NA>       <NA>          <NA>    <NA>             <NA>                   <NA>         <NA>                f_classif                   NA             36          <NA>       NA       <NA>     NA    NA              NA              <NA>                 NA       NA       NA    <NA>
122    svhn 1547589     30         3 classification  False      None   None    True KNeighbors        <NA>       <NA>             NA             <NA>   NA      <NA>        <NA> NA   <NA>            NA                     <NA>                   NA           NA      <NA>               NA   <NA>    NA            NA       NA       <NA>          26 distance            NA               NA      NA   <NA>       <NA>          <NA>    <NA>             <NA>                   <NA>         <NA>                     <NA>                   NA             NA          <NA>       NA       <NA>     NA    NA              NA              <NA>                 NA       NA       NA    <NA>
135    svhn 1547589     30         3 classification  False Selection   None    True KNeighbors       False       <NA>             NA  SelectFromModel   NA      <NA>        <NA> NA   <NA>            NA                     <NA>                   NA           NA      <NA>               NA   <NA>    NA            NA       NA       <NA>           5  uniform            NA               NA      NA   <NA>       <NA>          <NA>    <NA>             <NA>                   <NA> RandomForest                     <NA>                   NA             NA        median       NA       <NA>     NA    NA              NA              <NA>                 NA       NA       NA    <NA>
149    svhn 1547589     30         3 classification  False Selection   None    True KNeighbors       False       <NA>             NA SelectPercentile   NA      <NA>        <NA> NA   <NA>            NA                     <NA>                   NA           NA      <NA>               NA   <NA>    NA            NA       NA       <NA>          18  uniform            NA               NA      NA   <NA>       <NA>          <NA>    <NA>             <NA>                   <NA>         <NA>                f_classif                   NA             21          <NA>       NA       <NA>     NA    NA              NA              <NA>                 NA       NA       NA    <NA>
159    svhn 1547589     30         3 classification  False Selection   None    True KNeighbors       False       <NA>             NA  SelectFromModel   NA      <NA>        <NA> NA   <NA>            NA                     <NA>                   NA           NA      <NA>               NA   <NA>    NA            NA       NA       <NA>          36  uniform            NA               NA      NA   <NA>       <NA>          <NA>    <NA>             <NA>                   <NA> RandomForest                     <NA>                   NA             NA        median       NA       <NA>     NA    NA              NA              <NA>                 NA       NA       NA    <NA>
# 2020-07-03 14:52:36 BRT: Iteration 5 of 7
# experimentsUsedSoFar: 825
# remainingBudget: 1175
# currentBudget: 391
# nbConfigurations: 44
  Markers:
     x No test is performed.
     - The test is performed and some configurations are discarded.
     = The test is performed but no configuration is discarded.
     ! The test is performed and configurations could be discarded but elite configurations are preserved.
     . All alive configurations are elite and nothing is discarded

+-+-----------+-----------+-----------+---------------+-----------+--------+-----+----+------+
| |   Instance|      Alive|       Best|      Mean best| Exp so far|  W time|  rho|KenW|  Qvar|
+-+-----------+-----------+-----------+---------------+-----------+--------+-----+----+------+
|x|          9|         44|        135|  -0.3694784741|         44|00:40:42|   NA|  NA|    NA|
|x|          4|         44|        135|  -0.3619592254|         81|00:35:03|+0.96|0.98|0.0635|
|x|          7|         44|        135|  -0.3608171092|        118|00:35:09|+0.91|0.94|0.0845|
|x|          6|         44|        135|  -0.3624099549|        158|00:37:00|+0.92|0.94|0.0634|
|!|          8|         10|        135|  -0.3626579640|        195|00:35:08|+0.84|0.87|0.6377|
|!|          3|          9|        135|  -0.3634088407|        198|00:02:19|+0.84|0.86|0.5558|
|-|          5|          9|        135|  -0.3642339219|        203|00:02:20|+0.81|0.84|0.6401|
|-|          1|          9|        135|  -0.3636012733|        210|00:03:54|+0.83|0.85|0.5860|
|!|          2|          3|        135|  -0.3635471748|        212|00:02:17|+0.14|0.23|0.5479|
+-+-----------+-----------+-----------+---------------+-----------+--------+-----+----+------+
Best-so-far configuration:         135    mean value:   -0.3635471748
Description of the best-so-far configuration:
    .ID. dataset  job_id cutoff metafolds           task sparse    f_eng1 f_eng2 scaling  algorithm pre_scaling extraction ext_components       selection lr_C lr_solver multi_class  C kernel rf_estimators criterion_classification criterion_regression max_features max_depth min_samples_leaf solver alpha hidden_layers neurons1 activation n_neighbors weights ab_estimators ab_learning_rate ab_loss whiten svd_solver ica_algorithm ica_fun dl_fit_algorithm dl_transform_algorithm    sel_model sel_score_classification sel_score_regression sel_percentile sel_threshold max_iter lr_penalty degree gamma max_depth_value mlp_learning_rate learning_rate_init neurons2 neurons3 lr_dual .PARENT.
135  135    svhn 1547589     30         3 classification  False Selection   None    True KNeighbors       False       <NA>             NA SelectFromModel   NA      <NA>        <NA> NA   <NA>            NA                     <NA>                   NA           NA      <NA>               NA   <NA>    NA            NA       NA       <NA>           5 uniform            NA               NA      NA   <NA>       <NA>          <NA>    <NA>             <NA>                   <NA> RandomForest                     <NA>                   NA             NA        median       NA       <NA>     NA    NA              NA              <NA>                 NA       NA       NA    <NA>       57

# 2020-07-03 18:06:35 BRT: Elite configurations (first number is the configuration ID; listed from best to worst according to the sum of ranks):
    dataset  job_id cutoff metafolds           task sparse    f_eng1 f_eng2 scaling  algorithm pre_scaling extraction ext_components       selection lr_C lr_solver multi_class  C kernel rf_estimators criterion_classification criterion_regression max_features max_depth min_samples_leaf solver alpha hidden_layers neurons1 activation n_neighbors  weights ab_estimators ab_learning_rate ab_loss whiten svd_solver ica_algorithm ica_fun dl_fit_algorithm dl_transform_algorithm    sel_model sel_score_classification sel_score_regression sel_percentile sel_threshold max_iter lr_penalty degree gamma max_depth_value mlp_learning_rate learning_rate_init neurons2 neurons3 lr_dual
135    svhn 1547589     30         3 classification  False Selection   None    True KNeighbors       False       <NA>             NA SelectFromModel   NA      <NA>        <NA> NA   <NA>            NA                     <NA>                   NA           NA      <NA>               NA   <NA>    NA            NA       NA       <NA>           5  uniform            NA               NA      NA   <NA>       <NA>          <NA>    <NA>             <NA>                   <NA> RandomForest                     <NA>                   NA             NA        median       NA       <NA>     NA    NA              NA              <NA>                 NA       NA       NA    <NA>
194    svhn 1547589     30         3 classification  False Selection   None    True KNeighbors       False       <NA>             NA SelectFromModel   NA      <NA>        <NA> NA   <NA>            NA                     <NA>                   NA           NA      <NA>               NA   <NA>    NA            NA       NA       <NA>          14  uniform            NA               NA      NA   <NA>       <NA>          <NA>    <NA>             <NA>                   <NA> RandomForest                     <NA>                   NA             NA        median       NA       <NA>     NA    NA              NA              <NA>                 NA       NA       NA    <NA>
193    svhn 1547589     30         3 classification  False Selection   None    True KNeighbors       False       <NA>             NA SelectFromModel   NA      <NA>        <NA> NA   <NA>            NA                     <NA>                   NA           NA      <NA>               NA   <NA>    NA            NA       NA       <NA>          38 distance            NA               NA      NA   <NA>       <NA>          <NA>    <NA>             <NA>                   <NA> RandomForest                     <NA>                   NA             NA        median       NA       <NA>     NA    NA              NA              <NA>                 NA       NA       NA    <NA>
# 2020-07-03 18:06:35 BRT: Iteration 6 of 7
# experimentsUsedSoFar: 1037
# remainingBudget: 963
# currentBudget: 481
# nbConfigurations: 50
  Markers:
     x No test is performed.
     - The test is performed and some configurations are discarded.
     = The test is performed but no configuration is discarded.
     ! The test is performed and configurations could be discarded but elite configurations are preserved.
     . All alive configurations are elite and nothing is discarded

+-+-----------+-----------+-----------+---------------+-----------+--------+-----+----+------+
| |   Instance|      Alive|       Best|      Mean best| Exp so far|  W time|  rho|KenW|  Qvar|
+-+-----------+-----------+-----------+---------------+-----------+--------+-----+----+------+
|x|         10|         50|        228|  -0.3933073407|         50|00:48:17|   NA|  NA|    NA|
|x|          2|         50|        228|  -0.3916412033|         97|00:48:31|+0.99|1.00|0.0465|
|x|          1|         50|        228|  -0.3862860325|        144|00:48:35|+0.99|0.99|0.0310|
|x|          8|         50|        228|  -0.3864947714|        191|00:48:13|+0.99|0.99|0.0232|
|!|          6|          6|        228|  -0.3868631598|        238|00:48:29|+0.86|0.89|0.0386|
+-+-----------+-----------+-----------+---------------+-----------+--------+-----+----+------+
Best-so-far configuration:         135    mean value:   -0.3638501539
Description of the best-so-far configuration:
    .ID. dataset  job_id cutoff metafolds           task sparse    f_eng1 f_eng2 scaling  algorithm pre_scaling extraction ext_components       selection lr_C lr_solver multi_class  C kernel rf_estimators criterion_classification criterion_regression max_features max_depth min_samples_leaf solver alpha hidden_layers neurons1 activation n_neighbors weights ab_estimators ab_learning_rate ab_loss whiten svd_solver ica_algorithm ica_fun dl_fit_algorithm dl_transform_algorithm    sel_model sel_score_classification sel_score_regression sel_percentile sel_threshold max_iter lr_penalty degree gamma max_depth_value mlp_learning_rate learning_rate_init neurons2 neurons3 lr_dual .PARENT.
135  135    svhn 1547589     30         3 classification  False Selection   None    True KNeighbors       False       <NA>             NA SelectFromModel   NA      <NA>        <NA> NA   <NA>            NA                     <NA>                   NA           NA      <NA>               NA   <NA>    NA            NA       NA       <NA>           5 uniform            NA               NA      NA   <NA>       <NA>          <NA>    <NA>             <NA>                   <NA> RandomForest                     <NA>                   NA             NA        median       NA       <NA>     NA    NA              NA              <NA>                 NA       NA       NA    <NA>       57

# 2020-07-03 22:08:46 BRT: Elite configurations (first number is the configuration ID; listed from best to worst according to the sum of ranks):
    dataset  job_id cutoff metafolds           task sparse    f_eng1 f_eng2 scaling  algorithm pre_scaling extraction ext_components       selection lr_C lr_solver multi_class      C kernel rf_estimators criterion_classification criterion_regression max_features max_depth min_samples_leaf solver alpha hidden_layers neurons1 activation n_neighbors  weights ab_estimators ab_learning_rate ab_loss whiten svd_solver ica_algorithm ica_fun dl_fit_algorithm dl_transform_algorithm    sel_model sel_score_classification sel_score_regression sel_percentile sel_threshold max_iter lr_penalty degree   gamma max_depth_value mlp_learning_rate learning_rate_init neurons2 neurons3 lr_dual
135    svhn 1547589     30         3 classification  False Selection   None    True KNeighbors       False       <NA>             NA SelectFromModel   NA      <NA>        <NA>     NA   <NA>            NA                     <NA>                   NA           NA      <NA>               NA   <NA>    NA            NA       NA       <NA>           5  uniform            NA               NA      NA   <NA>       <NA>          <NA>    <NA>             <NA>                   <NA> RandomForest                     <NA>                   NA             NA        median       NA       <NA>     NA      NA              NA              <NA>                 NA       NA       NA    <NA>
194    svhn 1547589     30         3 classification  False Selection   None    True KNeighbors       False       <NA>             NA SelectFromModel   NA      <NA>        <NA>     NA   <NA>            NA                     <NA>                   NA           NA      <NA>               NA   <NA>    NA            NA       NA       <NA>          14  uniform            NA               NA      NA   <NA>       <NA>          <NA>    <NA>             <NA>                   <NA> RandomForest                     <NA>                   NA             NA        median       NA       <NA>     NA      NA              NA              <NA>                 NA       NA       NA    <NA>
193    svhn 1547589     30         3 classification  False Selection   None    True KNeighbors       False       <NA>             NA SelectFromModel   NA      <NA>        <NA>     NA   <NA>            NA                     <NA>                   NA           NA      <NA>               NA   <NA>    NA            NA       NA       <NA>          38 distance            NA               NA      NA   <NA>       <NA>          <NA>    <NA>             <NA>                   <NA> RandomForest                     <NA>                   NA             NA        median       NA       <NA>     NA      NA              NA              <NA>                 NA       NA       NA    <NA>
228    svhn 1547589     30         3 classification  False Selection   None    True KNeighbors       False       <NA>             NA SelectFromModel   NA      <NA>        <NA>     NA   <NA>            NA                     <NA>                   NA           NA      <NA>               NA   <NA>    NA            NA       NA       <NA>          10 distance            NA               NA      NA   <NA>       <NA>          <NA>    <NA>             <NA>                   <NA> RandomForest                     <NA>                   NA             NA        median       NA       <NA>     NA      NA              NA              <NA>                 NA       NA       NA    <NA>
236    svhn 1547589     30         3 classification  False Selection   None    True        SVM       False       <NA>             NA SelectFromModel   NA      <NA>        <NA> 4.7181    rbf            NA                     <NA>                   NA           NA      <NA>               NA   <NA>    NA            NA       NA       <NA>          NA     <NA>            NA               NA      NA   <NA>       <NA>          <NA>    <NA>             <NA>                   <NA> RandomForest                     <NA>                   NA             NA        median       NA       <NA>     NA -4.9614              NA              <NA>                 NA       NA       NA    <NA>
223    svhn 1547589     30         3 classification  False Selection   None    True KNeighbors       False       <NA>             NA SelectFromModel   NA      <NA>        <NA>     NA   <NA>            NA                     <NA>                   NA           NA      <NA>               NA   <NA>    NA            NA       NA       <NA>          41 distance            NA               NA      NA   <NA>       <NA>          <NA>    <NA>             <NA>                   <NA> RandomForest                     <NA>                   NA             NA          mean       NA       <NA>     NA      NA              NA              <NA>                 NA       NA       NA    <NA>
# 2020-07-03 22:08:46 BRT: Iteration 7 of 7
# experimentsUsedSoFar: 1275
# remainingBudget: 725
# currentBudget: 725
# nbConfigurations: 71
  Markers:
     x No test is performed.
     - The test is performed and some configurations are discarded.
     = The test is performed but no configuration is discarded.
     ! The test is performed and configurations could be discarded but elite configurations are preserved.
     . All alive configurations are elite and nothing is discarded

+-+-----------+-----------+-----------+---------------+-----------+--------+-----+----+------+
| |   Instance|      Alive|       Best|      Mean best| Exp so far|  W time|  rho|KenW|  Qvar|
+-+-----------+-----------+-----------+---------------+-----------+--------+-----+----+------+
|x|         11|         71|        293|  -0.3893473955|         71|01:04:36|   NA|  NA|    NA|
|x|          3|         71|        228|  -0.3908715111|        139|01:01:09|+1.00|1.00|0.0000|
|x|          6|         71|        228|  -0.3900265786|        204|01:00:01|+0.96|0.98|0.0190|
|x|          4|         71|        228|  -0.3864791418|        272|01:00:59|+0.97|0.98|0.0142|
|!|          1|         10|        228|  -0.3842984516|        337|01:00:02|+0.79|0.83|0.6143|
|!|          7|          8|        228|  -0.3840700708|        344|00:10:49|+0.80|0.83|0.5546|
|!|          2|          7|        228|  -0.3849136415|        346|00:02:16|+0.73|0.77|0.5552|
+-+-----------+-----------+-----------+---------------+-----------+--------+-----+----+------+
Best-so-far configuration:         135    mean value:   -0.3642502785
Description of the best-so-far configuration:
    .ID. dataset  job_id cutoff metafolds           task sparse    f_eng1 f_eng2 scaling  algorithm pre_scaling extraction ext_components       selection lr_C lr_solver multi_class  C kernel rf_estimators criterion_classification criterion_regression max_features max_depth min_samples_leaf solver alpha hidden_layers neurons1 activation n_neighbors weights ab_estimators ab_learning_rate ab_loss whiten svd_solver ica_algorithm ica_fun dl_fit_algorithm dl_transform_algorithm    sel_model sel_score_classification sel_score_regression sel_percentile sel_threshold max_iter lr_penalty degree gamma max_depth_value mlp_learning_rate learning_rate_init neurons2 neurons3 lr_dual .PARENT.
135  135    svhn 1547589     30         3 classification  False Selection   None    True KNeighbors       False       <NA>             NA SelectFromModel   NA      <NA>        <NA> NA   <NA>            NA                     <NA>                   NA           NA      <NA>               NA   <NA>    NA            NA       NA       <NA>           5 uniform            NA               NA      NA   <NA>       <NA>          <NA>    <NA>             <NA>                   <NA> RandomForest                     <NA>                   NA             NA        median       NA       <NA>     NA    NA              NA              <NA>                 NA       NA       NA    <NA>       57

# 2020-07-04 03:28:46 BRT: Elite configurations (first number is the configuration ID; listed from best to worst according to the sum of ranks):
    dataset  job_id cutoff metafolds           task sparse    f_eng1 f_eng2 scaling  algorithm pre_scaling extraction ext_components       selection lr_C lr_solver multi_class      C kernel rf_estimators criterion_classification criterion_regression max_features max_depth min_samples_leaf solver alpha hidden_layers neurons1 activation n_neighbors  weights ab_estimators ab_learning_rate ab_loss whiten svd_solver ica_algorithm ica_fun dl_fit_algorithm dl_transform_algorithm    sel_model sel_score_classification sel_score_regression sel_percentile sel_threshold max_iter lr_penalty degree   gamma max_depth_value mlp_learning_rate learning_rate_init neurons2 neurons3 lr_dual
135    svhn 1547589     30         3 classification  False Selection   None    True KNeighbors       False       <NA>             NA SelectFromModel   NA      <NA>        <NA>     NA   <NA>            NA                     <NA>                   NA           NA      <NA>               NA   <NA>    NA            NA       NA       <NA>           5  uniform            NA               NA      NA   <NA>       <NA>          <NA>    <NA>             <NA>                   <NA> RandomForest                     <NA>                   NA             NA        median       NA       <NA>     NA      NA              NA              <NA>                 NA       NA       NA    <NA>
193    svhn 1547589     30         3 classification  False Selection   None    True KNeighbors       False       <NA>             NA SelectFromModel   NA      <NA>        <NA>     NA   <NA>            NA                     <NA>                   NA           NA      <NA>               NA   <NA>    NA            NA       NA       <NA>          38 distance            NA               NA      NA   <NA>       <NA>          <NA>    <NA>             <NA>                   <NA> RandomForest                     <NA>                   NA             NA        median       NA       <NA>     NA      NA              NA              <NA>                 NA       NA       NA    <NA>
194    svhn 1547589     30         3 classification  False Selection   None    True KNeighbors       False       <NA>             NA SelectFromModel   NA      <NA>        <NA>     NA   <NA>            NA                     <NA>                   NA           NA      <NA>               NA   <NA>    NA            NA       NA       <NA>          14  uniform            NA               NA      NA   <NA>       <NA>          <NA>    <NA>             <NA>                   <NA> RandomForest                     <NA>                   NA             NA        median       NA       <NA>     NA      NA              NA              <NA>                 NA       NA       NA    <NA>
228    svhn 1547589     30         3 classification  False Selection   None    True KNeighbors       False       <NA>             NA SelectFromModel   NA      <NA>        <NA>     NA   <NA>            NA                     <NA>                   NA           NA      <NA>               NA   <NA>    NA            NA       NA       <NA>          10 distance            NA               NA      NA   <NA>       <NA>          <NA>    <NA>             <NA>                   <NA> RandomForest                     <NA>                   NA             NA        median       NA       <NA>     NA      NA              NA              <NA>                 NA       NA       NA    <NA>
223    svhn 1547589     30         3 classification  False Selection   None    True KNeighbors       False       <NA>             NA SelectFromModel   NA      <NA>        <NA>     NA   <NA>            NA                     <NA>                   NA           NA      <NA>               NA   <NA>    NA            NA       NA       <NA>          41 distance            NA               NA      NA   <NA>       <NA>          <NA>    <NA>             <NA>                   <NA> RandomForest                     <NA>                   NA             NA          mean       NA       <NA>     NA      NA              NA              <NA>                 NA       NA       NA    <NA>
236    svhn 1547589     30         3 classification  False Selection   None    True        SVM       False       <NA>             NA SelectFromModel   NA      <NA>        <NA> 4.7181    rbf            NA                     <NA>                   NA           NA      <NA>               NA   <NA>    NA            NA       NA       <NA>          NA     <NA>            NA               NA      NA   <NA>       <NA>          <NA>    <NA>             <NA>                   <NA> RandomForest                     <NA>                   NA             NA        median       NA       <NA>     NA -4.9614              NA              <NA>                 NA       NA       NA    <NA>
286    svhn 1547589     30         3 classification  False Selection   None    True KNeighbors       False       <NA>             NA SelectFromModel   NA      <NA>        <NA>     NA   <NA>            NA                     <NA>                   NA           NA      <NA>               NA   <NA>    NA            NA       NA       <NA>           8 distance            NA               NA      NA   <NA>       <NA>          <NA>    <NA>             <NA>                   <NA> RandomForest                     <NA>                   NA             NA        median       NA       <NA>     NA      NA              NA              <NA>                 NA       NA       NA    <NA>
# 2020-07-04 03:28:46 BRT: Iteration 8 of 8
# experimentsUsedSoFar: 1621
# remainingBudget: 379
# currentBudget: 379
# nbConfigurations: 38
  Markers:
     x No test is performed.
     - The test is performed and some configurations are discarded.
     = The test is performed but no configuration is discarded.
     ! The test is performed and configurations could be discarded but elite configurations are preserved.
     . All alive configurations are elite and nothing is discarded

+-+-----------+-----------+-----------+---------------+-----------+--------+-----+----+------+
| |   Instance|      Alive|       Best|      Mean best| Exp so far|  W time|  rho|KenW|  Qvar|
+-+-----------+-----------+-----------+---------------+-----------+--------+-----+----+------+
|x|         12|         38|        337|  -0.4904155598|         38|00:30:00|   NA|  NA|    NA|
|x|          2|         38|        337|  -0.4909258588|         69|00:30:00|+0.99|0.99|0.0000|
|x|          9|         38|        337|  -0.4919264935|        104|00:30:00|+0.99|0.99|0.0000|
|x|          6|         38|        337|  -0.4932456009|        135|00:30:00|+0.99|0.99|0.0000|
|!|          3|          9|        337|  -0.4930553080|        166|00:30:00|+0.90|0.92|0.3208|
|-|         11|          9|        337|  -0.4938121750|        168|00:07:31|+0.88|0.90|0.4262|
|!|          8|          8|        337|  -0.4941532385|        171|00:07:33|+0.84|0.87|0.3794|
|-|          4|          8|        337|  -0.4926958645|        172|00:07:36|+0.84|0.86|0.4264|
|-|         10|          8|        337|  -0.4936021476|        174|00:07:24|+0.84|0.86|0.3964|
|-|          1|          8|        337|  -0.4924452854|        175|00:07:37|+0.85|0.87|0.3703|
|-|          5|          8|        337|  -0.4922826026|        180|00:10:29|+0.85|0.87|0.3469|
|!|          7|          1|        337|  -0.4913122104|        181|00:07:42|   NA|  NA|    NA|
+-+-----------+-----------+-----------+---------------+-----------+--------+-----+----+------+
Best-so-far configuration:         337    mean value:   -0.4913122104
Description of the best-so-far configuration:
    .ID. dataset  job_id cutoff metafolds           task sparse    f_eng1 f_eng2 scaling algorithm pre_scaling extraction ext_components       selection lr_C lr_solver multi_class      C kernel rf_estimators criterion_classification criterion_regression max_features max_depth min_samples_leaf solver alpha hidden_layers neurons1 activation n_neighbors weights ab_estimators ab_learning_rate ab_loss whiten svd_solver ica_algorithm ica_fun dl_fit_algorithm dl_transform_algorithm    sel_model sel_score_classification sel_score_regression sel_percentile sel_threshold max_iter lr_penalty degree   gamma max_depth_value mlp_learning_rate learning_rate_init neurons2 neurons3 lr_dual .PARENT.
337  337    svhn 1547589     30         3 classification  False Selection   None    True       SVM       False       <NA>             NA SelectFromModel   NA      <NA>        <NA> 2.6687    rbf            NA                     <NA>                   NA           NA      <NA>               NA   <NA>    NA            NA       NA       <NA>          NA    <NA>            NA               NA      NA   <NA>       <NA>          <NA>    <NA>             <NA>                   <NA> RandomForest                     <NA>                   NA             NA        median       NA       <NA>     NA -3.8881              NA              <NA>                 NA       NA       NA    <NA>      236

# 2020-07-04 06:54:46 BRT: Elite configurations (first number is the configuration ID; listed from best to worst according to the sum of ranks):
    dataset  job_id cutoff metafolds           task sparse    f_eng1 f_eng2 scaling algorithm pre_scaling extraction ext_components       selection lr_C lr_solver multi_class      C kernel rf_estimators criterion_classification criterion_regression max_features max_depth min_samples_leaf solver alpha hidden_layers neurons1 activation n_neighbors weights ab_estimators ab_learning_rate ab_loss whiten svd_solver ica_algorithm ica_fun dl_fit_algorithm dl_transform_algorithm    sel_model sel_score_classification sel_score_regression sel_percentile sel_threshold max_iter lr_penalty degree   gamma max_depth_value mlp_learning_rate learning_rate_init neurons2 neurons3 lr_dual
337    svhn 1547589     30         3 classification  False Selection   None    True       SVM       False       <NA>             NA SelectFromModel   NA      <NA>        <NA> 2.6687    rbf            NA                     <NA>                   NA           NA      <NA>               NA   <NA>    NA            NA       NA       <NA>          NA    <NA>            NA               NA      NA   <NA>       <NA>          <NA>    <NA>             <NA>                   <NA> RandomForest                     <NA>                   NA             NA        median       NA       <NA>     NA -3.8881              NA              <NA>                 NA       NA       NA    <NA>
# 2020-07-04 06:54:46 BRT: Iteration 9 of 9
# experimentsUsedSoFar: 1802
# remainingBudget: 198
# currentBudget: 198
# nbConfigurations: 16
  Markers:
     x No test is performed.
     - The test is performed and some configurations are discarded.
     = The test is performed but no configuration is discarded.
     ! The test is performed and configurations could be discarded but elite configurations are preserved.
     . All alive configurations are elite and nothing is discarded

+-+-----------+-----------+-----------+---------------+-----------+--------+-----+----+------+
| |   Instance|      Alive|       Best|      Mean best| Exp so far|  W time|  rho|KenW|  Qvar|
+-+-----------+-----------+-----------+---------------+-----------+--------+-----+----+------+
|x|         13|         16|        344|  -0.5161861096|         16|00:14:56|   NA|  NA|    NA|
|x|         12|         16|        344|  -0.5195576271|         31|00:14:17|+1.00|1.00|0.0003|
|x|          8|         16|        344|  -0.5221160784|         46|00:14:16|+1.00|1.00|0.0004|
|x|         11|         16|        344|  -0.5226249142|         61|00:14:17|+1.00|1.00|0.0004|
|!|          1|          2|        344|  -0.5222527006|         76|00:14:18|+1.00|1.00|0.0000|
+-+-----------+-----------+-----------+---------------+-----------+--------+-----+----+------+
Best-so-far configuration:         337    mean value:   -0.4903830396
Description of the best-so-far configuration:
    .ID. dataset  job_id cutoff metafolds           task sparse    f_eng1 f_eng2 scaling algorithm pre_scaling extraction ext_components       selection lr_C lr_solver multi_class      C kernel rf_estimators criterion_classification criterion_regression max_features max_depth min_samples_leaf solver alpha hidden_layers neurons1 activation n_neighbors weights ab_estimators ab_learning_rate ab_loss whiten svd_solver ica_algorithm ica_fun dl_fit_algorithm dl_transform_algorithm    sel_model sel_score_classification sel_score_regression sel_percentile sel_threshold max_iter lr_penalty degree   gamma max_depth_value mlp_learning_rate learning_rate_init neurons2 neurons3 lr_dual .PARENT.
337  337    svhn 1547589     30         3 classification  False Selection   None    True       SVM       False       <NA>             NA SelectFromModel   NA      <NA>        <NA> 2.6687    rbf            NA                     <NA>                   NA           NA      <NA>               NA   <NA>    NA            NA       NA       <NA>          NA    <NA>            NA               NA      NA   <NA>       <NA>          <NA>    <NA>             <NA>                   <NA> RandomForest                     <NA>                   NA             NA        median       NA       <NA>     NA -3.8881              NA              <NA>                 NA       NA       NA    <NA>      236

# 2020-07-04 08:06:52 BRT: Elite configurations (first number is the configuration ID; listed from best to worst according to the sum of ranks):
    dataset  job_id cutoff metafolds           task sparse    f_eng1 f_eng2 scaling algorithm pre_scaling extraction ext_components       selection lr_C lr_solver multi_class      C kernel rf_estimators criterion_classification criterion_regression max_features max_depth min_samples_leaf solver alpha hidden_layers neurons1 activation n_neighbors weights ab_estimators ab_learning_rate ab_loss whiten svd_solver ica_algorithm ica_fun dl_fit_algorithm dl_transform_algorithm    sel_model sel_score_classification sel_score_regression sel_percentile sel_threshold max_iter lr_penalty degree   gamma max_depth_value mlp_learning_rate learning_rate_init neurons2 neurons3 lr_dual
337    svhn 1547589     30         3 classification  False Selection   None    True       SVM       False       <NA>             NA SelectFromModel   NA      <NA>        <NA> 2.6687    rbf            NA                     <NA>                   NA           NA      <NA>               NA   <NA>    NA            NA       NA       <NA>          NA    <NA>            NA               NA      NA   <NA>       <NA>          <NA>    <NA>             <NA>                   <NA> RandomForest                     <NA>                   NA             NA        median       NA       <NA>     NA -3.8881              NA              <NA>                 NA       NA       NA    <NA>
344    svhn 1547589     30         3 classification  False Selection   None    True       SVM       False       <NA>             NA SelectFromModel   NA      <NA>        <NA> 3.2736    rbf            NA                     <NA>                   NA           NA      <NA>               NA   <NA>    NA            NA       NA       <NA>          NA    <NA>            NA               NA      NA   <NA>       <NA>          <NA>    <NA>             <NA>                   <NA> RandomForest                     <NA>                   NA             NA        median       NA       <NA>     NA -3.2775              NA              <NA>                 NA       NA       NA    <NA>
# 2020-07-04 08:06:52 BRT: Iteration 10 of 10
# experimentsUsedSoFar: 1878
# remainingBudget: 122
# currentBudget: 122
# nbConfigurations: 10
  Markers:
     x No test is performed.
     - The test is performed and some configurations are discarded.
     = The test is performed but no configuration is discarded.
     ! The test is performed and configurations could be discarded but elite configurations are preserved.
     . All alive configurations are elite and nothing is discarded

+-+-----------+-----------+-----------+---------------+-----------+--------+-----+----+------+
| |   Instance|      Alive|       Best|      Mean best| Exp so far|  W time|  rho|KenW|  Qvar|
+-+-----------+-----------+-----------+---------------+-----------+--------+-----+----+------+
|x|         14|         10|        362|  -0.5312440865|         10|00:11:55|   NA|  NA|    NA|
|x|          7|         10|        362|  -0.5281640017|         19|00:11:47|+0.94|0.97|0.0001|
|x|         12|         10|        362|  -0.5277193835|         27|00:11:35|+0.97|0.98|0.0002|
|x|          9|         10|        362|  -0.5304031200|         36|00:11:46|+0.96|0.97|0.0002|
|!|         11|          3|        362|  -0.5314987680|         44|00:11:37|+1.00|1.00|0.0092|
+-+-----------+-----------+-----------+---------------+-----------+--------+-----+----+------+
Best-so-far configuration:         337    mean value:   -0.4901494107
Description of the best-so-far configuration:
    .ID. dataset  job_id cutoff metafolds           task sparse    f_eng1 f_eng2 scaling algorithm pre_scaling extraction ext_components       selection lr_C lr_solver multi_class      C kernel rf_estimators criterion_classification criterion_regression max_features max_depth min_samples_leaf solver alpha hidden_layers neurons1 activation n_neighbors weights ab_estimators ab_learning_rate ab_loss whiten svd_solver ica_algorithm ica_fun dl_fit_algorithm dl_transform_algorithm    sel_model sel_score_classification sel_score_regression sel_percentile sel_threshold max_iter lr_penalty degree   gamma max_depth_value mlp_learning_rate learning_rate_init neurons2 neurons3 lr_dual .PARENT.
337  337    svhn 1547589     30         3 classification  False Selection   None    True       SVM       False       <NA>             NA SelectFromModel   NA      <NA>        <NA> 2.6687    rbf            NA                     <NA>                   NA           NA      <NA>               NA   <NA>    NA            NA       NA       <NA>          NA    <NA>            NA               NA      NA   <NA>       <NA>          <NA>    <NA>             <NA>                   <NA> RandomForest                     <NA>                   NA             NA        median       NA       <NA>     NA -3.8881              NA              <NA>                 NA       NA       NA    <NA>      236

# 2020-07-04 09:05:35 BRT: Elite configurations (first number is the configuration ID; listed from best to worst according to the sum of ranks):
    dataset  job_id cutoff metafolds           task sparse    f_eng1 f_eng2 scaling algorithm pre_scaling extraction ext_components       selection lr_C lr_solver multi_class      C kernel rf_estimators criterion_classification criterion_regression max_features max_depth min_samples_leaf solver alpha hidden_layers neurons1 activation n_neighbors weights ab_estimators ab_learning_rate ab_loss whiten svd_solver ica_algorithm ica_fun dl_fit_algorithm dl_transform_algorithm    sel_model sel_score_classification sel_score_regression sel_percentile sel_threshold max_iter lr_penalty degree   gamma max_depth_value mlp_learning_rate learning_rate_init neurons2 neurons3 lr_dual
337    svhn 1547589     30         3 classification  False Selection   None    True       SVM       False       <NA>             NA SelectFromModel   NA      <NA>        <NA> 2.6687    rbf            NA                     <NA>                   NA           NA      <NA>               NA   <NA>    NA            NA       NA       <NA>          NA    <NA>            NA               NA      NA   <NA>       <NA>          <NA>    <NA>             <NA>                   <NA> RandomForest                     <NA>                   NA             NA        median       NA       <NA>     NA -3.8881              NA              <NA>                 NA       NA       NA    <NA>
344    svhn 1547589     30         3 classification  False Selection   None    True       SVM       False       <NA>             NA SelectFromModel   NA      <NA>        <NA> 3.2736    rbf            NA                     <NA>                   NA           NA      <NA>               NA   <NA>    NA            NA       NA       <NA>          NA    <NA>            NA               NA      NA   <NA>       <NA>          <NA>    <NA>             <NA>                   <NA> RandomForest                     <NA>                   NA             NA        median       NA       <NA>     NA -3.2775              NA              <NA>                 NA       NA       NA    <NA>
362    svhn 1547589     30         3 classification  False Selection   None    True       SVM       False       <NA>             NA SelectFromModel   NA      <NA>        <NA> 3.4032    rbf            NA                     <NA>                   NA           NA      <NA>               NA   <NA>    NA            NA       NA       <NA>          NA    <NA>            NA               NA      NA   <NA>       <NA>          <NA>    <NA>             <NA>                   <NA> RandomForest                     <NA>                   NA             NA        median       NA       <NA>     NA -2.8401              NA              <NA>                 NA       NA       NA    <NA>
# 2020-07-04 09:05:35 BRT: Iteration 11 of 11
# experimentsUsedSoFar: 1922
# remainingBudget: 78
# currentBudget: 78
# nbConfigurations: 8
  Markers:
     x No test is performed.
     - The test is performed and some configurations are discarded.
     = The test is performed but no configuration is discarded.
     ! The test is performed and configurations could be discarded but elite configurations are preserved.
     . All alive configurations are elite and nothing is discarded

+-+-----------+-----------+-----------+---------------+-----------+--------+-----+----+------+
| |   Instance|      Alive|       Best|      Mean best| Exp so far|  W time|  rho|KenW|  Qvar|
+-+-----------+-----------+-----------+---------------+-----------+--------+-----+----+------+
|x|         15|          8|        362|  -0.5292322450|          8|00:11:29|   NA|  NA|    NA|
|x|          2|          8|        362|  -0.5330869557|         15|00:11:19|+1.00|1.00|0.0001|
|x|          4|          8|        362|  -0.5314551810|         22|00:11:18|+0.97|0.98|0.0001|
|x|          7|          8|        362|  -0.5298623649|         27|00:10:54|+0.98|0.98|0.0001|
|!|          6|          3|        362|  -0.5317143790|         34|00:11:18|+1.00|1.00|0.0019|
+-+-----------+-----------+-----------+---------------+-----------+--------+-----+----+------+
Best-so-far configuration:         337    mean value:   -0.4902240276
Description of the best-so-far configuration:
    .ID. dataset  job_id cutoff metafolds           task sparse    f_eng1 f_eng2 scaling algorithm pre_scaling extraction ext_components       selection lr_C lr_solver multi_class      C kernel rf_estimators criterion_classification criterion_regression max_features max_depth min_samples_leaf solver alpha hidden_layers neurons1 activation n_neighbors weights ab_estimators ab_learning_rate ab_loss whiten svd_solver ica_algorithm ica_fun dl_fit_algorithm dl_transform_algorithm    sel_model sel_score_classification sel_score_regression sel_percentile sel_threshold max_iter lr_penalty degree   gamma max_depth_value mlp_learning_rate learning_rate_init neurons2 neurons3 lr_dual .PARENT.
337  337    svhn 1547589     30         3 classification  False Selection   None    True       SVM       False       <NA>             NA SelectFromModel   NA      <NA>        <NA> 2.6687    rbf            NA                     <NA>                   NA           NA      <NA>               NA   <NA>    NA            NA       NA       <NA>          NA    <NA>            NA               NA      NA   <NA>       <NA>          <NA>    <NA>             <NA>                   <NA> RandomForest                     <NA>                   NA             NA        median       NA       <NA>     NA -3.8881              NA              <NA>                 NA       NA       NA    <NA>      236

# 2020-07-04 10:01:57 BRT: Elite configurations (first number is the configuration ID; listed from best to worst according to the sum of ranks):
    dataset  job_id cutoff metafolds           task sparse    f_eng1 f_eng2 scaling algorithm pre_scaling extraction ext_components       selection lr_C lr_solver multi_class      C kernel rf_estimators criterion_classification criterion_regression max_features max_depth min_samples_leaf solver alpha hidden_layers neurons1 activation n_neighbors weights ab_estimators ab_learning_rate ab_loss whiten svd_solver ica_algorithm ica_fun dl_fit_algorithm dl_transform_algorithm    sel_model sel_score_classification sel_score_regression sel_percentile sel_threshold max_iter lr_penalty degree   gamma max_depth_value mlp_learning_rate learning_rate_init neurons2 neurons3 lr_dual
337    svhn 1547589     30         3 classification  False Selection   None    True       SVM       False       <NA>             NA SelectFromModel   NA      <NA>        <NA> 2.6687    rbf            NA                     <NA>                   NA           NA      <NA>               NA   <NA>    NA            NA       NA       <NA>          NA    <NA>            NA               NA      NA   <NA>       <NA>          <NA>    <NA>             <NA>                   <NA> RandomForest                     <NA>                   NA             NA        median       NA       <NA>     NA -3.8881              NA              <NA>                 NA       NA       NA    <NA>
344    svhn 1547589     30         3 classification  False Selection   None    True       SVM       False       <NA>             NA SelectFromModel   NA      <NA>        <NA> 3.2736    rbf            NA                     <NA>                   NA           NA      <NA>               NA   <NA>    NA            NA       NA       <NA>          NA    <NA>            NA               NA      NA   <NA>       <NA>          <NA>    <NA>             <NA>                   <NA> RandomForest                     <NA>                   NA             NA        median       NA       <NA>     NA -3.2775              NA              <NA>                 NA       NA       NA    <NA>
362    svhn 1547589     30         3 classification  False Selection   None    True       SVM       False       <NA>             NA SelectFromModel   NA      <NA>        <NA> 3.4032    rbf            NA                     <NA>                   NA           NA      <NA>               NA   <NA>    NA            NA       NA       <NA>          NA    <NA>            NA               NA      NA   <NA>       <NA>          <NA>    <NA>             <NA>                   <NA> RandomForest                     <NA>                   NA             NA        median       NA       <NA>     NA -2.8401              NA              <NA>                 NA       NA       NA    <NA>
# 2020-07-04 10:01:57 BRT: Stopped because there is not enough budget left to race more than the minimum (7)
# You may either increase the budget or set 'minNbSurvival' to a lower value
# Iteration: 12
# nbIterations: 12
# experimentsUsedSoFar: 1956
# timeUsed: 0
# remainingBudget: 44
# currentBudget: 44
# number of elites: 3
# nbConfigurations: 5
# Best configurations (first number is the configuration ID; listed from best to worst according to the sum of ranks):
    dataset  job_id cutoff metafolds           task sparse    f_eng1 f_eng2 scaling algorithm pre_scaling extraction ext_components       selection lr_C lr_solver multi_class      C kernel rf_estimators criterion_classification criterion_regression max_features max_depth min_samples_leaf solver alpha hidden_layers neurons1 activation n_neighbors weights ab_estimators ab_learning_rate ab_loss whiten svd_solver ica_algorithm ica_fun dl_fit_algorithm dl_transform_algorithm    sel_model sel_score_classification sel_score_regression sel_percentile sel_threshold max_iter lr_penalty degree   gamma max_depth_value mlp_learning_rate learning_rate_init neurons2 neurons3 lr_dual
337    svhn 1547589     30         3 classification  False Selection   None    True       SVM       False       <NA>             NA SelectFromModel   NA      <NA>        <NA> 2.6687    rbf            NA                     <NA>                   NA           NA      <NA>               NA   <NA>    NA            NA       NA       <NA>          NA    <NA>            NA               NA      NA   <NA>       <NA>          <NA>    <NA>             <NA>                   <NA> RandomForest                     <NA>                   NA             NA        median       NA       <NA>     NA -3.8881              NA              <NA>                 NA       NA       NA    <NA>
344    svhn 1547589     30         3 classification  False Selection   None    True       SVM       False       <NA>             NA SelectFromModel   NA      <NA>        <NA> 3.2736    rbf            NA                     <NA>                   NA           NA      <NA>               NA   <NA>    NA            NA       NA       <NA>          NA    <NA>            NA               NA      NA   <NA>       <NA>          <NA>    <NA>             <NA>                   <NA> RandomForest                     <NA>                   NA             NA        median       NA       <NA>     NA -3.2775              NA              <NA>                 NA       NA       NA    <NA>
362    svhn 1547589     30         3 classification  False Selection   None    True       SVM       False       <NA>             NA SelectFromModel   NA      <NA>        <NA> 3.4032    rbf            NA                     <NA>                   NA           NA      <NA>               NA   <NA>    NA            NA       NA       <NA>          NA    <NA>            NA               NA      NA   <NA>       <NA>          <NA>    <NA>             <NA>                   <NA> RandomForest                     <NA>                   NA             NA        median       NA       <NA>     NA -2.8401              NA              <NA>                 NA       NA       NA    <NA>
# Best configurations as commandlines (first number is the configuration ID; same order as above):
337  --dataset svhn --job_id 1547589 --cutoff 30 --metafolds 3 --task classification --sparse False --f_eng1 Selection --f_eng2 None --pre_scaling False --selection SelectFromModel --sel_model RandomForest --sel_threshold median --scaling True --algorithm SVM --C 2.6687 --kernel rbf --gamma -3.8881
344  --dataset svhn --job_id 1547589 --cutoff 30 --metafolds 3 --task classification --sparse False --f_eng1 Selection --f_eng2 None --pre_scaling False --selection SelectFromModel --sel_model RandomForest --sel_threshold median --scaling True --algorithm SVM --C 3.2736 --kernel rbf --gamma -3.2775
362  --dataset svhn --job_id 1547589 --cutoff 30 --metafolds 3 --task classification --sparse False --f_eng1 Selection --f_eng2 None --pre_scaling False --selection SelectFromModel --sel_model RandomForest --sel_threshold median --scaling True --algorithm SVM --C 3.4032 --kernel rbf --gamma -2.8401
