*******************************************************************************
* irace: An implementation in R of Iterated Race
* Version: 3.1.2112M
* Copyright (C) 2010-2018
* Manuel Lopez-Ibanez     <manuel.lopez-ibanez@manchester.ac.uk>
* Jeremie Dubois-Lacoste  
* Leslie Perez Caceres    <leslie.perez.caceres@ulb.ac.be>
*
* This is free software, and you are welcome to redistribute it under certain
* conditions.  See the GNU General Public License for details. There is NO
* WARRANTY; not even for MERCHANTABILITY or FITNESS FOR A PARTICULAR PURPOSE.
*
* irace builds upon previous code from the race package:
*
* race: Racing methods for the selection of the best
* Copyright (C) 2003 Mauro Birattari
*******************************************************************************
# installed at: /home/cemvieira/bin/R/irace
# called with: -s scenario.txt --max-experiments 5000 -p ./svhn/parameters-1585222.txt --parallel 32 --train-instances-file svhn/instances.txt --log-file ./output/svhn/svhn-3f5k15m-irace-1585222.Rdata
# 8 expression(s) specifying forbidden configurations read from '/home/cemvieira/isklearn/forbidden.txt'
# 2020-08-15 10:06:30 BRT: Initialization
# Elitist race
# Elitist new instances: 1
# Elitist limit: 2
# nbIterations: 7
# minNbSurvival: 7
# nbParameters: 50
# seed: 1868287188
# confidence level: 0.95
# budget: 5000
# mu: 5
# deterministic: TRUE

# 2020-08-15 10:06:30 BRT: Iteration 1 of 7
# experimentsUsedSoFar: 0
# remainingBudget: 5000
# currentBudget: 714
# nbConfigurations: 119
  Markers:
     x No test is performed.
     - The test is performed and some configurations are discarded.
     = The test is performed but no configuration is discarded.
     ! The test is performed and configurations could be discarded but elite configurations are preserved.
     . All alive configurations are elite and nothing is discarded

+-+-----------+-----------+-----------+---------------+-----------+--------+-----+----+------+
| |   Instance|      Alive|       Best|      Mean best| Exp so far|  W time|  rho|KenW|  Qvar|
+-+-----------+-----------+-----------+---------------+-----------+--------+-----+----+------+
|x|          1|        119|         27|  -0.3012102315|        119|01:00:05|   NA|  NA|    NA|
|x|          2|        119|         27|  -0.2856755623|        238|01:00:05|+0.85|0.93|0.1366|
|x|          3|        119|         27|  -0.2918669263|        357|01:00:03|+0.90|0.93|0.0910|
|x|          4|        119|         27|  -0.2846878256|        476|01:00:05|+0.92|0.94|0.0683|
|!|          5|          3|         27|  -0.2838670445|        595|01:00:06|+1.00|1.00|0.0017|
+-+-----------+-----------+-----------+---------------+-----------+--------+-----+----+------+
Best-so-far configuration:          27    mean value:   -0.2838670445
Description of the best-so-far configuration:
   .ID. dataset  job_id cutoff metafolds           task sparse    f_eng1 f_eng2 scaling  algorithm pre_scaling extraction ext_components        selection lr_C lr_solver multi_class  C kernel rf_estimators criterion_classification criterion_regression max_features max_depth min_samples_leaf solver alpha hidden_layers neurons1 activation n_neighbors weights ab_estimators ab_learning_rate ab_loss whiten svd_solver ica_algorithm ica_fun dl_fit_algorithm dl_transform_algorithm sel_model sel_score_classification sel_score_regression sel_percentile sel_threshold max_iter lr_penalty degree gamma max_depth_value mlp_learning_rate learning_rate_init neurons2 neurons3 lr_dual .PARENT.
27   27    svhn 1585222     15         3 classification  False Selection   none   False KNeighbors       False       <NA>             NA SelectPercentile   NA      <NA>        <NA> NA   <NA>            NA                     <NA>                   NA           NA      <NA>               NA   <NA>    NA            NA       NA       <NA>          21 uniform            NA               NA      NA   <NA>       <NA>          <NA>    <NA>             <NA>                   <NA>      <NA>                f_classif                   NA              3          <NA>       NA       <NA>     NA    NA              NA              <NA>                 NA       NA       NA    <NA>       NA

# 2020-08-15 15:07:01 BRT: Elite configurations (first number is the configuration ID; listed from best to worst according to the sum of ranks):
   dataset  job_id cutoff metafolds           task sparse    f_eng1    f_eng2 scaling    algorithm pre_scaling extraction ext_components        selection lr_C lr_solver multi_class  C kernel rf_estimators criterion_classification criterion_regression max_features max_depth min_samples_leaf solver alpha hidden_layers neurons1 activation n_neighbors weights ab_estimators ab_learning_rate ab_loss whiten svd_solver ica_algorithm ica_fun dl_fit_algorithm dl_transform_algorithm    sel_model sel_score_classification sel_score_regression sel_percentile sel_threshold max_iter lr_penalty degree gamma max_depth_value mlp_learning_rate learning_rate_init neurons2 neurons3 lr_dual
27    svhn 1585222     15         3 classification  False Selection      none   False   KNeighbors       False       <NA>             NA SelectPercentile   NA      <NA>        <NA> NA   <NA>            NA                     <NA>                   NA           NA      <NA>               NA   <NA>    NA            NA       NA       <NA>          21 uniform            NA               NA      NA   <NA>       <NA>          <NA>    <NA>             <NA>                   <NA>         <NA>                f_classif                   NA              3          <NA>       NA       <NA>     NA    NA              NA              <NA>                 NA       NA       NA    <NA>
18    svhn 1585222     15         3 classification  False      none Selection    True DecisionTree       False       <NA>             NA  SelectFromModel   NA      <NA>        <NA> NA   <NA>            NA                     gini                   NA       0.5812     value           0.1912   <NA>    NA            NA       NA       <NA>          NA    <NA>            NA               NA      NA   <NA>       <NA>          <NA>    <NA>             <NA>                   <NA> RandomForest                     <NA>                   NA             NA        median       NA       <NA>     NA    NA              24              <NA>                 NA       NA       NA    <NA>
36    svhn 1585222     15         3 classification  False Selection      none   False DecisionTree        True       <NA>             NA SelectPercentile   NA      <NA>        <NA> NA   <NA>            NA                     gini                   NA       0.9096      none           0.3582   <NA>    NA            NA       NA       <NA>          NA    <NA>            NA               NA      NA   <NA>       <NA>          <NA>    <NA>             <NA>                   <NA>         <NA>                f_classif                   NA             50          <NA>       NA       <NA>     NA    NA              19              <NA>                 NA       NA       NA    <NA>
# 2020-08-15 15:07:01 BRT: Iteration 2 of 7
# experimentsUsedSoFar: 595
# remainingBudget: 4405
# currentBudget: 734
# nbConfigurations: 107
  Markers:
     x No test is performed.
     - The test is performed and some configurations are discarded.
     = The test is performed but no configuration is discarded.
     ! The test is performed and configurations could be discarded but elite configurations are preserved.
     . All alive configurations are elite and nothing is discarded

+-+-----------+-----------+-----------+---------------+-----------+--------+-----+----+------+
| |   Instance|      Alive|       Best|      Mean best| Exp so far|  W time|  rho|KenW|  Qvar|
+-+-----------+-----------+-----------+---------------+-----------+--------+-----+----+------+
|x|          6|        107|         27|  -0.2710230251|        107|00:52:56|   NA|  NA|    NA|
|x|          4|        107|         27|  -0.2670867743|        211|00:52:38|+0.96|0.98|0.0439|
|x|          5|        107|         27|  -0.2715858229|        315|00:52:46|+0.97|0.98|0.0293|
|x|          2|        107|         27|  -0.2712245904|        419|00:52:29|+0.98|0.99|0.0219|
|!|          3|          4|         27|  -0.2778296032|        523|00:52:41|+0.88|0.90|0.0031|
+-+-----------+-----------+-----------+---------------+-----------+--------+-----+----+------+
Best-so-far configuration:          27    mean value:   -0.2817263746
Description of the best-so-far configuration:
   .ID. dataset  job_id cutoff metafolds           task sparse    f_eng1 f_eng2 scaling  algorithm pre_scaling extraction ext_components        selection lr_C lr_solver multi_class  C kernel rf_estimators criterion_classification criterion_regression max_features max_depth min_samples_leaf solver alpha hidden_layers neurons1 activation n_neighbors weights ab_estimators ab_learning_rate ab_loss whiten svd_solver ica_algorithm ica_fun dl_fit_algorithm dl_transform_algorithm sel_model sel_score_classification sel_score_regression sel_percentile sel_threshold max_iter lr_penalty degree gamma max_depth_value mlp_learning_rate learning_rate_init neurons2 neurons3 lr_dual .PARENT.
27   27    svhn 1585222     15         3 classification  False Selection   none   False KNeighbors       False       <NA>             NA SelectPercentile   NA      <NA>        <NA> NA   <NA>            NA                     <NA>                   NA           NA      <NA>               NA   <NA>    NA            NA       NA       <NA>          21 uniform            NA               NA      NA   <NA>       <NA>          <NA>    <NA>             <NA>                   <NA>      <NA>                f_classif                   NA              3          <NA>       NA       <NA>     NA    NA              NA              <NA>                 NA       NA       NA    <NA>       NA

# 2020-08-15 19:30:38 BRT: Elite configurations (first number is the configuration ID; listed from best to worst according to the sum of ranks):
    dataset  job_id cutoff metafolds           task sparse    f_eng1    f_eng2 scaling    algorithm pre_scaling extraction ext_components        selection lr_C lr_solver multi_class  C kernel rf_estimators criterion_classification criterion_regression max_features max_depth min_samples_leaf solver alpha hidden_layers neurons1 activation n_neighbors weights ab_estimators ab_learning_rate ab_loss whiten svd_solver ica_algorithm ica_fun dl_fit_algorithm dl_transform_algorithm    sel_model sel_score_classification sel_score_regression sel_percentile sel_threshold max_iter lr_penalty degree gamma max_depth_value mlp_learning_rate learning_rate_init neurons2 neurons3 lr_dual
27     svhn 1585222     15         3 classification  False Selection      none   False   KNeighbors       False       <NA>             NA SelectPercentile   NA      <NA>        <NA> NA   <NA>            NA                     <NA>                   NA           NA      <NA>               NA   <NA>    NA            NA       NA       <NA>          21 uniform            NA               NA      NA   <NA>       <NA>          <NA>    <NA>             <NA>                   <NA>         <NA>                f_classif                   NA              3          <NA>       NA       <NA>     NA    NA              NA              <NA>                 NA       NA       NA    <NA>
18     svhn 1585222     15         3 classification  False      none Selection    True DecisionTree       False       <NA>             NA  SelectFromModel   NA      <NA>        <NA> NA   <NA>            NA                     gini                   NA       0.5812     value           0.1912   <NA>    NA            NA       NA       <NA>          NA    <NA>            NA               NA      NA   <NA>       <NA>          <NA>    <NA>             <NA>                   <NA> RandomForest                     <NA>                   NA             NA        median       NA       <NA>     NA    NA              24              <NA>                 NA       NA       NA    <NA>
36     svhn 1585222     15         3 classification  False Selection      none   False DecisionTree        True       <NA>             NA SelectPercentile   NA      <NA>        <NA> NA   <NA>            NA                     gini                   NA       0.9096      none           0.3582   <NA>    NA            NA       NA       <NA>          NA    <NA>            NA               NA      NA   <NA>       <NA>          <NA>    <NA>             <NA>                   <NA>         <NA>                f_classif                   NA             50          <NA>       NA       <NA>     NA    NA              19              <NA>                 NA       NA       NA    <NA>
152    svhn 1585222     15         3 classification  False      none      none   False DecisionTree        <NA>       <NA>             NA             <NA>   NA      <NA>        <NA> NA   <NA>            NA                     gini                   NA       0.3197      none           0.1620   <NA>    NA            NA       NA       <NA>          NA    <NA>            NA               NA      NA   <NA>       <NA>          <NA>    <NA>             <NA>                   <NA>         <NA>                     <NA>                   NA             NA          <NA>       NA       <NA>     NA    NA              15              <NA>                 NA       NA       NA    <NA>
# 2020-08-15 19:30:38 BRT: Iteration 3 of 7
# experimentsUsedSoFar: 1118
# remainingBudget: 3882
# currentBudget: 776
# nbConfigurations: 100
  Markers:
     x No test is performed.
     - The test is performed and some configurations are discarded.
     = The test is performed but no configuration is discarded.
     ! The test is performed and configurations could be discarded but elite configurations are preserved.
     . All alive configurations are elite and nothing is discarded

+-+-----------+-----------+-----------+---------------+-----------+--------+-----+----+------+
| |   Instance|      Alive|       Best|      Mean best| Exp so far|  W time|  rho|KenW|  Qvar|
+-+-----------+-----------+-----------+---------------+-----------+--------+-----+----+------+
|x|          7|        100|        301|  -0.3179689388|        100|00:45:05|   NA|  NA|    NA|
|x|          2|        100|        301|  -0.3122673770|        196|00:45:05|+1.00|1.00|0.0000|
|x|          6|        100|        301|  -0.3122234519|        292|00:45:05|+1.00|1.00|0.0000|
|x|          5|        100|        301|  -0.3151939001|        388|00:45:04|+1.00|1.00|0.0000|
|!|          4|          6|        301|  -0.3111778479|        484|00:45:04|+0.95|0.96|0.0026|
+-+-----------+-----------+-----------+---------------+-----------+--------+-----+----+------+
Best-so-far configuration:          27    mean value:   -0.2818780431
Description of the best-so-far configuration:
   .ID. dataset  job_id cutoff metafolds           task sparse    f_eng1 f_eng2 scaling  algorithm pre_scaling extraction ext_components        selection lr_C lr_solver multi_class  C kernel rf_estimators criterion_classification criterion_regression max_features max_depth min_samples_leaf solver alpha hidden_layers neurons1 activation n_neighbors weights ab_estimators ab_learning_rate ab_loss whiten svd_solver ica_algorithm ica_fun dl_fit_algorithm dl_transform_algorithm sel_model sel_score_classification sel_score_regression sel_percentile sel_threshold max_iter lr_penalty degree gamma max_depth_value mlp_learning_rate learning_rate_init neurons2 neurons3 lr_dual .PARENT.
27   27    svhn 1585222     15         3 classification  False Selection   none   False KNeighbors       False       <NA>             NA SelectPercentile   NA      <NA>        <NA> NA   <NA>            NA                     <NA>                   NA           NA      <NA>               NA   <NA>    NA            NA       NA       <NA>          21 uniform            NA               NA      NA   <NA>       <NA>          <NA>    <NA>             <NA>                   <NA>      <NA>                f_classif                   NA              3          <NA>       NA       <NA>     NA    NA              NA              <NA>                 NA       NA       NA    <NA>       NA

# 2020-08-15 23:16:06 BRT: Elite configurations (first number is the configuration ID; listed from best to worst according to the sum of ranks):
    dataset  job_id cutoff metafolds           task sparse    f_eng1    f_eng2 scaling    algorithm pre_scaling extraction ext_components        selection lr_C lr_solver multi_class  C kernel rf_estimators criterion_classification criterion_regression max_features max_depth min_samples_leaf solver alpha hidden_layers neurons1 activation n_neighbors weights ab_estimators ab_learning_rate ab_loss whiten svd_solver ica_algorithm ica_fun dl_fit_algorithm dl_transform_algorithm    sel_model sel_score_classification sel_score_regression sel_percentile sel_threshold max_iter lr_penalty degree gamma max_depth_value mlp_learning_rate learning_rate_init neurons2 neurons3 lr_dual
27     svhn 1585222     15         3 classification  False Selection      none   False   KNeighbors       False       <NA>             NA SelectPercentile   NA      <NA>        <NA> NA   <NA>            NA                     <NA>                   NA           NA      <NA>               NA   <NA>    NA            NA       NA       <NA>          21 uniform            NA               NA      NA   <NA>       <NA>          <NA>    <NA>             <NA>                   <NA>         <NA>                f_classif                   NA              3          <NA>       NA       <NA>     NA    NA              NA              <NA>                 NA       NA       NA    <NA>
18     svhn 1585222     15         3 classification  False      none Selection    True DecisionTree       False       <NA>             NA  SelectFromModel   NA      <NA>        <NA> NA   <NA>            NA                     gini                   NA       0.5812     value           0.1912   <NA>    NA            NA       NA       <NA>          NA    <NA>            NA               NA      NA   <NA>       <NA>          <NA>    <NA>             <NA>                   <NA> RandomForest                     <NA>                   NA             NA        median       NA       <NA>     NA    NA              24              <NA>                 NA       NA       NA    <NA>
36     svhn 1585222     15         3 classification  False Selection      none   False DecisionTree        True       <NA>             NA SelectPercentile   NA      <NA>        <NA> NA   <NA>            NA                     gini                   NA       0.9096      none           0.3582   <NA>    NA            NA       NA       <NA>          NA    <NA>            NA               NA      NA   <NA>       <NA>          <NA>    <NA>             <NA>                   <NA>         <NA>                f_classif                   NA             50          <NA>       NA       <NA>     NA    NA              19              <NA>                 NA       NA       NA    <NA>
152    svhn 1585222     15         3 classification  False      none      none   False DecisionTree        <NA>       <NA>             NA             <NA>   NA      <NA>        <NA> NA   <NA>            NA                     gini                   NA       0.3197      none           0.1620   <NA>    NA            NA       NA       <NA>          NA    <NA>            NA               NA      NA   <NA>       <NA>          <NA>    <NA>             <NA>                   <NA>         <NA>                     <NA>                   NA             NA          <NA>       NA       <NA>     NA    NA              15              <NA>                 NA       NA       NA    <NA>
301    svhn 1585222     15         3 classification  False Selection      none   False   KNeighbors       False       <NA>             NA SelectPercentile   NA      <NA>        <NA> NA   <NA>            NA                     <NA>                   NA           NA      <NA>               NA   <NA>    NA            NA       NA       <NA>          36 uniform            NA               NA      NA   <NA>       <NA>          <NA>    <NA>             <NA>                   <NA>         <NA>                f_classif                   NA             30          <NA>       NA       <NA>     NA    NA              NA              <NA>                 NA       NA       NA    <NA>
252    svhn 1585222     15         3 classification  False Selection      none    True   KNeighbors       False       <NA>             NA SelectPercentile   NA      <NA>        <NA> NA   <NA>            NA                     <NA>                   NA           NA      <NA>               NA   <NA>    NA            NA       NA       <NA>          88 uniform            NA               NA      NA   <NA>       <NA>          <NA>    <NA>             <NA>                   <NA>         <NA>                f_classif                   NA             16          <NA>       NA       <NA>     NA    NA              NA              <NA>                 NA       NA       NA    <NA>
# 2020-08-15 23:16:06 BRT: Iteration 4 of 7
# experimentsUsedSoFar: 1602
# remainingBudget: 3398
# currentBudget: 849
# nbConfigurations: 99
  Markers:
     x No test is performed.
     - The test is performed and some configurations are discarded.
     = The test is performed but no configuration is discarded.
     ! The test is performed and configurations could be discarded but elite configurations are preserved.
     . All alive configurations are elite and nothing is discarded

+-+-----------+-----------+-----------+---------------+-----------+--------+-----+----+------+
| |   Instance|      Alive|       Best|      Mean best| Exp so far|  W time|  rho|KenW|  Qvar|
+-+-----------+-----------+-----------+---------------+-----------+--------+-----+----+------+
|x|          8|         99|        375|  -0.3565690815|         99|00:42:21|   NA|  NA|    NA|
|x|          2|         99|        411|  -0.3350786143|        192|00:41:51|+0.99|0.99|0.0000|
|x|          5|         99|        411|  -0.3355686568|        285|00:42:09|+0.99|0.99|0.0000|
|x|          7|         99|        411|  -0.3356736949|        378|00:42:00|+0.99|0.99|0.0000|
|!|          6|         11|        411|  -0.3335471773|        471|00:41:50|+0.95|0.96|0.0056|
|!|          1|          9|        411|  -0.3362703791|        479|00:01:59|+0.94|0.95|0.0028|
|!|          4|          6|        411|  -0.3330074624|        482|00:01:55|+0.92|0.93|0.0025|
+-+-----------+-----------+-----------+---------------+-----------+--------+-----+----+------+
Best-so-far configuration:          27    mean value:   -0.2815421927
Description of the best-so-far configuration:
   .ID. dataset  job_id cutoff metafolds           task sparse    f_eng1 f_eng2 scaling  algorithm pre_scaling extraction ext_components        selection lr_C lr_solver multi_class  C kernel rf_estimators criterion_classification criterion_regression max_features max_depth min_samples_leaf solver alpha hidden_layers neurons1 activation n_neighbors weights ab_estimators ab_learning_rate ab_loss whiten svd_solver ica_algorithm ica_fun dl_fit_algorithm dl_transform_algorithm sel_model sel_score_classification sel_score_regression sel_percentile sel_threshold max_iter lr_penalty degree gamma max_depth_value mlp_learning_rate learning_rate_init neurons2 neurons3 lr_dual .PARENT.
27   27    svhn 1585222     15         3 classification  False Selection   none   False KNeighbors       False       <NA>             NA SelectPercentile   NA      <NA>        <NA> NA   <NA>            NA                     <NA>                   NA           NA      <NA>               NA   <NA>    NA            NA       NA       <NA>          21 uniform            NA               NA      NA   <NA>       <NA>          <NA>    <NA>             <NA>                   <NA>      <NA>                f_classif                   NA              3          <NA>       NA       <NA>     NA    NA              NA              <NA>                 NA       NA       NA    <NA>       NA

# 2020-08-16 02:50:18 BRT: Elite configurations (first number is the configuration ID; listed from best to worst according to the sum of ranks):
    dataset  job_id cutoff metafolds           task sparse    f_eng1    f_eng2 scaling    algorithm pre_scaling extraction ext_components        selection lr_C lr_solver multi_class  C kernel rf_estimators criterion_classification criterion_regression max_features max_depth min_samples_leaf solver alpha hidden_layers neurons1 activation n_neighbors weights ab_estimators ab_learning_rate ab_loss whiten svd_solver ica_algorithm ica_fun dl_fit_algorithm dl_transform_algorithm    sel_model sel_score_classification sel_score_regression sel_percentile sel_threshold max_iter lr_penalty degree gamma max_depth_value mlp_learning_rate learning_rate_init neurons2 neurons3 lr_dual
27     svhn 1585222     15         3 classification  False Selection      none   False   KNeighbors       False       <NA>             NA SelectPercentile   NA      <NA>        <NA> NA   <NA>            NA                     <NA>                   NA           NA      <NA>               NA   <NA>    NA            NA       NA       <NA>          21 uniform            NA               NA      NA   <NA>       <NA>          <NA>    <NA>             <NA>                   <NA>         <NA>                f_classif                   NA              3          <NA>       NA       <NA>     NA    NA              NA              <NA>                 NA       NA       NA    <NA>
152    svhn 1585222     15         3 classification  False      none      none   False DecisionTree        <NA>       <NA>             NA             <NA>   NA      <NA>        <NA> NA   <NA>            NA                     gini                   NA       0.3197      none           0.1620   <NA>    NA            NA       NA       <NA>          NA    <NA>            NA               NA      NA   <NA>       <NA>          <NA>    <NA>             <NA>                   <NA>         <NA>                     <NA>                   NA             NA          <NA>       NA       <NA>     NA    NA              15              <NA>                 NA       NA       NA    <NA>
18     svhn 1585222     15         3 classification  False      none Selection    True DecisionTree       False       <NA>             NA  SelectFromModel   NA      <NA>        <NA> NA   <NA>            NA                     gini                   NA       0.5812     value           0.1912   <NA>    NA            NA       NA       <NA>          NA    <NA>            NA               NA      NA   <NA>       <NA>          <NA>    <NA>             <NA>                   <NA> RandomForest                     <NA>                   NA             NA        median       NA       <NA>     NA    NA              24              <NA>                 NA       NA       NA    <NA>
36     svhn 1585222     15         3 classification  False Selection      none   False DecisionTree        True       <NA>             NA SelectPercentile   NA      <NA>        <NA> NA   <NA>            NA                     gini                   NA       0.9096      none           0.3582   <NA>    NA            NA       NA       <NA>          NA    <NA>            NA               NA      NA   <NA>       <NA>          <NA>    <NA>             <NA>                   <NA>         <NA>                f_classif                   NA             50          <NA>       NA       <NA>     NA    NA              19              <NA>                 NA       NA       NA    <NA>
411    svhn 1585222     15         3 classification  False Selection      none   False   KNeighbors        True       <NA>             NA SelectPercentile   NA      <NA>        <NA> NA   <NA>            NA                     <NA>                   NA           NA      <NA>               NA   <NA>    NA            NA       NA       <NA>          15 uniform            NA               NA      NA   <NA>       <NA>          <NA>    <NA>             <NA>                   <NA>         <NA>                f_classif                   NA             44          <NA>       NA       <NA>     NA    NA              NA              <NA>                 NA       NA       NA    <NA>
384    svhn 1585222     15         3 classification  False Selection      none   False   KNeighbors       False       <NA>             NA SelectPercentile   NA      <NA>        <NA> NA   <NA>            NA                     <NA>                   NA           NA      <NA>               NA   <NA>    NA            NA       NA       <NA>           6 uniform            NA               NA      NA   <NA>       <NA>          <NA>    <NA>             <NA>                   <NA>         <NA>                f_classif                   NA             16          <NA>       NA       <NA>     NA    NA              NA              <NA>                 NA       NA       NA    <NA>
# 2020-08-16 02:50:18 BRT: Iteration 5 of 7
# experimentsUsedSoFar: 2084
# remainingBudget: 2916
# currentBudget: 972
# nbConfigurations: 102
  Markers:
     x No test is performed.
     - The test is performed and some configurations are discarded.
     = The test is performed but no configuration is discarded.
     ! The test is performed and configurations could be discarded but elite configurations are preserved.
     . All alive configurations are elite and nothing is discarded

+-+-----------+-----------+-----------+---------------+-----------+--------+-----+----+------+
| |   Instance|      Alive|       Best|      Mean best| Exp so far|  W time|  rho|KenW|  Qvar|
+-+-----------+-----------+-----------+---------------+-----------+--------+-----+----+------+
|x|          9|        102|        497|  -0.3264722425|        102|00:36:19|   NA|  NA|    NA|
|x|          1|        102|        497|  -0.3429576384|        198|00:35:00|+0.94|0.97|0.0404|
|x|          2|        102|        497|  -0.3345949032|        294|00:35:01|+0.96|0.97|0.0269|
|x|          8|        102|        497|  -0.3405033359|        390|00:35:04|+0.96|0.97|0.0202|
|!|          3|         13|        497|  -0.3412533681|        488|00:35:37|+0.70|0.76|0.6697|
|!|          4|          8|        497|  -0.3368745307|        495|00:03:03|+0.68|0.73|0.6303|
|!|          7|          7|        497|  -0.3370084477|        497|00:01:46|+0.72|0.76|0.5816|
+-+-----------+-----------+-----------+---------------+-----------+--------+-----+----+------+
Best-so-far configuration:         384    mean value:   -0.3323569381
Description of the best-so-far configuration:
    .ID. dataset  job_id cutoff metafolds           task sparse    f_eng1 f_eng2 scaling  algorithm pre_scaling extraction ext_components        selection lr_C lr_solver multi_class  C kernel rf_estimators criterion_classification criterion_regression max_features max_depth min_samples_leaf solver alpha hidden_layers neurons1 activation n_neighbors weights ab_estimators ab_learning_rate ab_loss whiten svd_solver ica_algorithm ica_fun dl_fit_algorithm dl_transform_algorithm sel_model sel_score_classification sel_score_regression sel_percentile sel_threshold max_iter lr_penalty degree gamma max_depth_value mlp_learning_rate learning_rate_init neurons2 neurons3 lr_dual .PARENT.
384  384    svhn 1585222     15         3 classification  False Selection   none   False KNeighbors       False       <NA>             NA SelectPercentile   NA      <NA>        <NA> NA   <NA>            NA                     <NA>                   NA           NA      <NA>               NA   <NA>    NA            NA       NA       <NA>           6 uniform            NA               NA      NA   <NA>       <NA>          <NA>    <NA>             <NA>                   <NA>      <NA>                f_classif                   NA             16          <NA>       NA       <NA>     NA    NA              NA              <NA>                 NA       NA       NA    <NA>       27

# 2020-08-16 05:52:15 BRT: Elite configurations (first number is the configuration ID; listed from best to worst according to the sum of ranks):
    dataset  job_id cutoff metafolds           task sparse    f_eng1    f_eng2 scaling    algorithm pre_scaling extraction ext_components        selection lr_C lr_solver multi_class  C kernel rf_estimators criterion_classification criterion_regression max_features max_depth min_samples_leaf solver alpha hidden_layers neurons1 activation n_neighbors weights ab_estimators ab_learning_rate ab_loss whiten svd_solver ica_algorithm ica_fun dl_fit_algorithm dl_transform_algorithm    sel_model sel_score_classification sel_score_regression sel_percentile sel_threshold max_iter lr_penalty degree gamma max_depth_value mlp_learning_rate learning_rate_init neurons2 neurons3 lr_dual
384    svhn 1585222     15         3 classification  False Selection      none   False   KNeighbors       False       <NA>             NA SelectPercentile   NA      <NA>        <NA> NA   <NA>            NA                     <NA>                   NA           NA      <NA>               NA   <NA>    NA            NA       NA       <NA>           6 uniform            NA               NA      NA   <NA>       <NA>          <NA>    <NA>             <NA>                   <NA>         <NA>                f_classif                   NA             16          <NA>       NA       <NA>     NA    NA              NA              <NA>                 NA       NA       NA    <NA>
411    svhn 1585222     15         3 classification  False Selection      none   False   KNeighbors        True       <NA>             NA SelectPercentile   NA      <NA>        <NA> NA   <NA>            NA                     <NA>                   NA           NA      <NA>               NA   <NA>    NA            NA       NA       <NA>          15 uniform            NA               NA      NA   <NA>       <NA>          <NA>    <NA>             <NA>                   <NA>         <NA>                f_classif                   NA             44          <NA>       NA       <NA>     NA    NA              NA              <NA>                 NA       NA       NA    <NA>
27     svhn 1585222     15         3 classification  False Selection      none   False   KNeighbors       False       <NA>             NA SelectPercentile   NA      <NA>        <NA> NA   <NA>            NA                     <NA>                   NA           NA      <NA>               NA   <NA>    NA            NA       NA       <NA>          21 uniform            NA               NA      NA   <NA>       <NA>          <NA>    <NA>             <NA>                   <NA>         <NA>                f_classif                   NA              3          <NA>       NA       <NA>     NA    NA              NA              <NA>                 NA       NA       NA    <NA>
152    svhn 1585222     15         3 classification  False      none      none   False DecisionTree        <NA>       <NA>             NA             <NA>   NA      <NA>        <NA> NA   <NA>            NA                     gini                   NA       0.3197      none           0.1620   <NA>    NA            NA       NA       <NA>          NA    <NA>            NA               NA      NA   <NA>       <NA>          <NA>    <NA>             <NA>                   <NA>         <NA>                     <NA>                   NA             NA          <NA>       NA       <NA>     NA    NA              15              <NA>                 NA       NA       NA    <NA>
18     svhn 1585222     15         3 classification  False      none Selection    True DecisionTree       False       <NA>             NA  SelectFromModel   NA      <NA>        <NA> NA   <NA>            NA                     gini                   NA       0.5812     value           0.1912   <NA>    NA            NA       NA       <NA>          NA    <NA>            NA               NA      NA   <NA>       <NA>          <NA>    <NA>             <NA>                   <NA> RandomForest                     <NA>                   NA             NA        median       NA       <NA>     NA    NA              24              <NA>                 NA       NA       NA    <NA>
36     svhn 1585222     15         3 classification  False Selection      none   False DecisionTree        True       <NA>             NA SelectPercentile   NA      <NA>        <NA> NA   <NA>            NA                     gini                   NA       0.9096      none           0.3582   <NA>    NA            NA       NA       <NA>          NA    <NA>            NA               NA      NA   <NA>       <NA>          <NA>    <NA>             <NA>                   <NA>         <NA>                f_classif                   NA             50          <NA>       NA       <NA>     NA    NA              19              <NA>                 NA       NA       NA    <NA>
497    svhn 1585222     15         3 classification  False Selection      none   False   KNeighbors        True       <NA>             NA SelectPercentile   NA      <NA>        <NA> NA   <NA>            NA                     <NA>                   NA           NA      <NA>               NA   <NA>    NA            NA       NA       <NA>          11 uniform            NA               NA      NA   <NA>       <NA>          <NA>    <NA>             <NA>                   <NA>         <NA>                f_classif                   NA             41          <NA>       NA       <NA>     NA    NA              NA              <NA>                 NA       NA       NA    <NA>
# 2020-08-16 05:52:15 BRT: Iteration 6 of 7
# experimentsUsedSoFar: 2581
# remainingBudget: 2419
# currentBudget: 1209
# nbConfigurations: 127
  Markers:
     x No test is performed.
     - The test is performed and some configurations are discarded.
     = The test is performed but no configuration is discarded.
     ! The test is performed and configurations could be discarded but elite configurations are preserved.
     . All alive configurations are elite and nothing is discarded

+-+-----------+-----------+-----------+---------------+-----------+--------+-----+----+------+
| |   Instance|      Alive|       Best|      Mean best| Exp so far|  W time|  rho|KenW|  Qvar|
+-+-----------+-----------+-----------+---------------+-----------+--------+-----+----+------+
|x|         10|        127|        512|  -0.3300330629|        127|00:37:53|   NA|  NA|    NA|
|x|          2|        127|        512|  -0.3260854513|        247|00:36:45|+0.97|0.99|0.0234|
|x|          5|        127|        512|  -0.3312435314|        368|00:37:07|+0.98|0.99|0.0156|
|x|          3|        127|        610|  -0.3366379692|        488|00:36:39|+0.96|0.97|0.0230|
|!|          7|         14|        512|  -0.3358682945|        608|00:37:01|+0.70|0.76|0.4357|
|!|          9|         10|        512|  -0.3346803601|        615|00:01:40|+0.75|0.79|0.6014|
|!|          4|          9|        512|  -0.3319305071|        618|00:01:37|+0.80|0.83|0.5481|
|-|          1|          9|        512|  -0.3355531702|        620|00:01:35|+0.82|0.84|0.4910|
|-|          6|          9|        512|  -0.3347998713|        623|00:01:49|+0.84|0.85|0.4455|
|!|          8|          2|        512|  -0.3376777345|        625|00:01:35|-0.07|0.04|0.5333|
+-+-----------+-----------+-----------+---------------+-----------+--------+-----+----+------+
Best-so-far configuration:         610    mean value:   -0.3381803204
Description of the best-so-far configuration:
    .ID. dataset  job_id cutoff metafolds           task sparse    f_eng1 f_eng2 scaling  algorithm pre_scaling extraction ext_components        selection lr_C lr_solver multi_class  C kernel rf_estimators criterion_classification criterion_regression max_features max_depth min_samples_leaf solver alpha hidden_layers neurons1 activation n_neighbors  weights ab_estimators ab_learning_rate ab_loss whiten svd_solver ica_algorithm ica_fun dl_fit_algorithm dl_transform_algorithm sel_model sel_score_classification sel_score_regression sel_percentile sel_threshold max_iter lr_penalty degree gamma max_depth_value mlp_learning_rate learning_rate_init neurons2 neurons3 lr_dual .PARENT.
610  610    svhn 1585222     15         3 classification  False Selection   none   False KNeighbors        True       <NA>             NA SelectPercentile   NA      <NA>        <NA> NA   <NA>            NA                     <NA>                   NA           NA      <NA>               NA   <NA>    NA            NA       NA       <NA>          34 distance            NA               NA      NA   <NA>       <NA>          <NA>    <NA>             <NA>                   <NA>      <NA>                f_classif                   NA             30          <NA>       NA       <NA>     NA    NA              NA              <NA>                 NA       NA       NA    <NA>       27

# 2020-08-16 09:06:07 BRT: Elite configurations (first number is the configuration ID; listed from best to worst according to the sum of ranks):
    dataset  job_id cutoff metafolds           task sparse    f_eng1 f_eng2 scaling  algorithm pre_scaling extraction ext_components        selection lr_C lr_solver multi_class  C kernel rf_estimators criterion_classification criterion_regression max_features max_depth min_samples_leaf solver alpha hidden_layers neurons1 activation n_neighbors  weights ab_estimators ab_learning_rate ab_loss whiten svd_solver ica_algorithm ica_fun dl_fit_algorithm dl_transform_algorithm sel_model sel_score_classification sel_score_regression sel_percentile sel_threshold max_iter lr_penalty degree gamma max_depth_value mlp_learning_rate learning_rate_init neurons2 neurons3 lr_dual
610    svhn 1585222     15         3 classification  False Selection   none   False KNeighbors        True       <NA>             NA SelectPercentile   NA      <NA>        <NA> NA   <NA>            NA                     <NA>                   NA           NA      <NA>               NA   <NA>    NA            NA       NA       <NA>          34 distance            NA               NA      NA   <NA>       <NA>          <NA>    <NA>             <NA>                   <NA>      <NA>                f_classif                   NA             30          <NA>       NA       <NA>     NA    NA              NA              <NA>                 NA       NA       NA    <NA>
512    svhn 1585222     15         3 classification  False Selection   none   False KNeighbors        True       <NA>             NA SelectPercentile   NA      <NA>        <NA> NA   <NA>            NA                     <NA>                   NA           NA      <NA>               NA   <NA>    NA            NA       NA       <NA>          12  uniform            NA               NA      NA   <NA>       <NA>          <NA>    <NA>             <NA>                   <NA>      <NA>                f_classif                   NA             35          <NA>       NA       <NA>     NA    NA              NA              <NA>                 NA       NA       NA    <NA>
# 2020-08-16 09:06:07 BRT: Iteration 7 of 7
# experimentsUsedSoFar: 3206
# remainingBudget: 1794
# currentBudget: 1794
# nbConfigurations: 164
  Markers:
     x No test is performed.
     - The test is performed and some configurations are discarded.
     = The test is performed but no configuration is discarded.
     ! The test is performed and configurations could be discarded but elite configurations are preserved.
     . All alive configurations are elite and nothing is discarded

+-+-----------+-----------+-----------+---------------+-----------+--------+-----+----+------+
| |   Instance|      Alive|       Best|      Mean best| Exp so far|  W time|  rho|KenW|  Qvar|
+-+-----------+-----------+-----------+---------------+-----------+--------+-----+----+------+
|x|         11|        164|        643|  -0.3184776107|        164|01:15:04|   NA|  NA|    NA|
|x|          8|        164|        643|  -0.3471329794|        326|01:15:03|+0.94|0.97|0.0435|
|x|         10|        164|        643|  -0.3432467272|        488|01:15:02|+0.96|0.97|0.0290|
|x|          4|        164|        643|  -0.3384279636|        650|01:15:03|+0.96|0.97|0.0290|
|!|          3|         10|        643|  -0.3455681086|        812|01:15:04|+0.36|0.49|0.5845|
|!|          6|          5|        643|  -0.3453215206|        820|00:01:43|+0.34|0.45|0.4676|
+-+-----------+-----------+-----------+---------------+-----------+--------+-----+----+------+
Best-so-far configuration:         610    mean value:   -0.3360415558
Description of the best-so-far configuration:
    .ID. dataset  job_id cutoff metafolds           task sparse    f_eng1 f_eng2 scaling  algorithm pre_scaling extraction ext_components        selection lr_C lr_solver multi_class  C kernel rf_estimators criterion_classification criterion_regression max_features max_depth min_samples_leaf solver alpha hidden_layers neurons1 activation n_neighbors  weights ab_estimators ab_learning_rate ab_loss whiten svd_solver ica_algorithm ica_fun dl_fit_algorithm dl_transform_algorithm sel_model sel_score_classification sel_score_regression sel_percentile sel_threshold max_iter lr_penalty degree gamma max_depth_value mlp_learning_rate learning_rate_init neurons2 neurons3 lr_dual .PARENT.
610  610    svhn 1585222     15         3 classification  False Selection   none   False KNeighbors        True       <NA>             NA SelectPercentile   NA      <NA>        <NA> NA   <NA>            NA                     <NA>                   NA           NA      <NA>               NA   <NA>    NA            NA       NA       <NA>          34 distance            NA               NA      NA   <NA>       <NA>          <NA>    <NA>             <NA>                   <NA>      <NA>                f_classif                   NA             30          <NA>       NA       <NA>     NA    NA              NA              <NA>                 NA       NA       NA    <NA>       27

# 2020-08-16 15:23:18 BRT: Elite configurations (first number is the configuration ID; listed from best to worst according to the sum of ranks):
    dataset  job_id cutoff metafolds           task sparse    f_eng1     f_eng2 scaling  algorithm pre_scaling extraction ext_components        selection lr_C lr_solver multi_class  C kernel rf_estimators criterion_classification criterion_regression max_features max_depth min_samples_leaf solver alpha hidden_layers neurons1 activation n_neighbors  weights ab_estimators ab_learning_rate ab_loss whiten svd_solver ica_algorithm ica_fun dl_fit_algorithm dl_transform_algorithm sel_model sel_score_classification sel_score_regression sel_percentile sel_threshold max_iter lr_penalty degree gamma max_depth_value mlp_learning_rate learning_rate_init neurons2 neurons3 lr_dual
610    svhn 1585222     15         3 classification  False Selection       none   False KNeighbors        True       <NA>             NA SelectPercentile   NA      <NA>        <NA> NA   <NA>            NA                     <NA>                   NA           NA      <NA>               NA   <NA>    NA            NA       NA       <NA>          34 distance            NA               NA      NA   <NA>       <NA>          <NA>    <NA>             <NA>                   <NA>      <NA>                f_classif                   NA             30          <NA>       NA       <NA>     NA    NA              NA              <NA>                 NA       NA       NA    <NA>
512    svhn 1585222     15         3 classification  False Selection       none   False KNeighbors        True       <NA>             NA SelectPercentile   NA      <NA>        <NA> NA   <NA>            NA                     <NA>                   NA           NA      <NA>               NA   <NA>    NA            NA       NA       <NA>          12  uniform            NA               NA      NA   <NA>       <NA>          <NA>    <NA>             <NA>                   <NA>      <NA>                f_classif                   NA             35          <NA>       NA       <NA>     NA    NA              NA              <NA>                 NA       NA       NA    <NA>
643    svhn 1585222     15         3 classification  False Selection       none   False KNeighbors        True       <NA>             NA SelectPercentile   NA      <NA>        <NA> NA   <NA>            NA                     <NA>                   NA           NA      <NA>               NA   <NA>    NA            NA       NA       <NA>          17 distance            NA               NA      NA   <NA>       <NA>          <NA>    <NA>             <NA>                   <NA>      <NA>                f_classif                   NA             22          <NA>       NA       <NA>     NA    NA              NA              <NA>                 NA       NA       NA    <NA>
679    svhn 1585222     15         3 classification  False Selection Extraction   False KNeighbors       False    FastICA         0.2879 SelectPercentile   NA      <NA>        <NA> NA   <NA>            NA                     <NA>                   NA           NA      <NA>               NA   <NA>    NA            NA       NA       <NA>          19 distance            NA               NA      NA   <NA>       <NA>     deflation    cube             <NA>                   <NA>      <NA>                f_classif                   NA              2          <NA>       NA       <NA>     NA    NA              NA              <NA>                 NA       NA       NA    <NA>
708    svhn 1585222     15         3 classification  False Selection       none   False KNeighbors        True       <NA>             NA SelectPercentile   NA      <NA>        <NA> NA   <NA>            NA                     <NA>                   NA           NA      <NA>               NA   <NA>    NA            NA       NA       <NA>          10 distance            NA               NA      NA   <NA>       <NA>          <NA>    <NA>             <NA>                   <NA>      <NA>                f_classif                   NA             18          <NA>       NA       <NA>     NA    NA              NA              <NA>                 NA       NA       NA    <NA>
# 2020-08-16 15:23:19 BRT: Iteration 8 of 8
# experimentsUsedSoFar: 4026
# remainingBudget: 974
# currentBudget: 974
# nbConfigurations: 85
  Markers:
     x No test is performed.
     - The test is performed and some configurations are discarded.
     = The test is performed but no configuration is discarded.
     ! The test is performed and configurations could be discarded but elite configurations are preserved.
     . All alive configurations are elite and nothing is discarded

+-+-----------+-----------+-----------+---------------+-----------+--------+-----+----+------+
| |   Instance|      Alive|       Best|      Mean best| Exp so far|  W time|  rho|KenW|  Qvar|
+-+-----------+-----------+-----------+---------------+-----------+--------+-----+----+------+
|x|         12|         85|        864|  -0.3704251114|         85|00:32:54|   NA|  NA|    NA|
|x|          3|         85|        864|  -0.3963591577|        165|00:32:24|+0.87|0.93|0.0336|
|x|          9|         85|        864|  -0.3914988912|        248|00:32:38|+0.91|0.94|0.0224|
|x|          6|         85|        864|  -0.3850101484|        328|00:31:51|+0.93|0.95|0.0224|
|!|         11|         11|        864|  -0.3777226082|        408|00:32:03|+0.59|0.67|0.3295|
|!|          4|          6|        864|  -0.3736282750|        414|00:02:16|+0.74|0.78|0.2185|
+-+-----------+-----------+-----------+---------------+-----------+--------+-----+----+------+
Best-so-far configuration:         610    mean value:   -0.3363861095
Description of the best-so-far configuration:
    .ID. dataset  job_id cutoff metafolds           task sparse    f_eng1 f_eng2 scaling  algorithm pre_scaling extraction ext_components        selection lr_C lr_solver multi_class  C kernel rf_estimators criterion_classification criterion_regression max_features max_depth min_samples_leaf solver alpha hidden_layers neurons1 activation n_neighbors  weights ab_estimators ab_learning_rate ab_loss whiten svd_solver ica_algorithm ica_fun dl_fit_algorithm dl_transform_algorithm sel_model sel_score_classification sel_score_regression sel_percentile sel_threshold max_iter lr_penalty degree gamma max_depth_value mlp_learning_rate learning_rate_init neurons2 neurons3 lr_dual .PARENT.
610  610    svhn 1585222     15         3 classification  False Selection   none   False KNeighbors        True       <NA>             NA SelectPercentile   NA      <NA>        <NA> NA   <NA>            NA                     <NA>                   NA           NA      <NA>               NA   <NA>    NA            NA       NA       <NA>          34 distance            NA               NA      NA   <NA>       <NA>          <NA>    <NA>             <NA>                   <NA>      <NA>                f_classif                   NA             30          <NA>       NA       <NA>     NA    NA              NA              <NA>                 NA       NA       NA    <NA>       27

# 2020-08-16 18:07:30 BRT: Elite configurations (first number is the configuration ID; listed from best to worst according to the sum of ranks):
    dataset  job_id cutoff metafolds           task sparse    f_eng1     f_eng2 scaling  algorithm pre_scaling extraction ext_components        selection lr_C lr_solver multi_class  C kernel rf_estimators criterion_classification criterion_regression max_features max_depth min_samples_leaf solver alpha hidden_layers neurons1 activation n_neighbors  weights ab_estimators ab_learning_rate ab_loss whiten svd_solver ica_algorithm ica_fun dl_fit_algorithm dl_transform_algorithm sel_model sel_score_classification sel_score_regression sel_percentile sel_threshold max_iter lr_penalty degree gamma max_depth_value mlp_learning_rate learning_rate_init neurons2 neurons3 lr_dual
610    svhn 1585222     15         3 classification  False Selection       none   False KNeighbors        True       <NA>             NA SelectPercentile   NA      <NA>        <NA> NA   <NA>            NA                     <NA>                   NA           NA      <NA>               NA   <NA>    NA            NA       NA       <NA>          34 distance            NA               NA      NA   <NA>       <NA>          <NA>    <NA>             <NA>                   <NA>      <NA>                f_classif                   NA             30          <NA>       NA       <NA>     NA    NA              NA              <NA>                 NA       NA       NA    <NA>
512    svhn 1585222     15         3 classification  False Selection       none   False KNeighbors        True       <NA>             NA SelectPercentile   NA      <NA>        <NA> NA   <NA>            NA                     <NA>                   NA           NA      <NA>               NA   <NA>    NA            NA       NA       <NA>          12  uniform            NA               NA      NA   <NA>       <NA>          <NA>    <NA>             <NA>                   <NA>      <NA>                f_classif                   NA             35          <NA>       NA       <NA>     NA    NA              NA              <NA>                 NA       NA       NA    <NA>
643    svhn 1585222     15         3 classification  False Selection       none   False KNeighbors        True       <NA>             NA SelectPercentile   NA      <NA>        <NA> NA   <NA>            NA                     <NA>                   NA           NA      <NA>               NA   <NA>    NA            NA       NA       <NA>          17 distance            NA               NA      NA   <NA>       <NA>          <NA>    <NA>             <NA>                   <NA>      <NA>                f_classif                   NA             22          <NA>       NA       <NA>     NA    NA              NA              <NA>                 NA       NA       NA    <NA>
679    svhn 1585222     15         3 classification  False Selection Extraction   False KNeighbors       False    FastICA         0.2879 SelectPercentile   NA      <NA>        <NA> NA   <NA>            NA                     <NA>                   NA           NA      <NA>               NA   <NA>    NA            NA       NA       <NA>          19 distance            NA               NA      NA   <NA>       <NA>     deflation    cube             <NA>                   <NA>      <NA>                f_classif                   NA              2          <NA>       NA       <NA>     NA    NA              NA              <NA>                 NA       NA       NA    <NA>
708    svhn 1585222     15         3 classification  False Selection       none   False KNeighbors        True       <NA>             NA SelectPercentile   NA      <NA>        <NA> NA   <NA>            NA                     <NA>                   NA           NA      <NA>               NA   <NA>    NA            NA       NA       <NA>          10 distance            NA               NA      NA   <NA>       <NA>          <NA>    <NA>             <NA>                   <NA>      <NA>                f_classif                   NA             18          <NA>       NA       <NA>     NA    NA              NA              <NA>                 NA       NA       NA    <NA>
864    svhn 1585222     15         3 classification  False Selection Extraction   False KNeighbors       False    FastICA         0.1255 SelectPercentile   NA      <NA>        <NA> NA   <NA>            NA                     <NA>                   NA           NA      <NA>               NA   <NA>    NA            NA       NA       <NA>          44 distance            NA               NA      NA   <NA>       <NA>      parallel    cube             <NA>                   <NA>      <NA>                f_classif                   NA              8          <NA>       NA       <NA>     NA    NA              NA              <NA>                 NA       NA       NA    <NA>
# 2020-08-16 18:07:30 BRT: Iteration 9 of 9
# experimentsUsedSoFar: 4440
# remainingBudget: 560
# currentBudget: 560
# nbConfigurations: 48
  Markers:
     x No test is performed.
     - The test is performed and some configurations are discarded.
     = The test is performed but no configuration is discarded.
     ! The test is performed and configurations could be discarded but elite configurations are preserved.
     . All alive configurations are elite and nothing is discarded

+-+-----------+-----------+-----------+---------------+-----------+--------+-----+----+------+
| |   Instance|      Alive|       Best|      Mean best| Exp so far|  W time|  rho|KenW|  Qvar|
+-+-----------+-----------+-----------+---------------+-----------+--------+-----+----+------+
|x|         13|         48|        864|  -0.4123492994|         48|00:18:04|   NA|  NA|    NA|
|x|          2|         48|        864|  -0.3990873459|         94|00:17:39|+0.95|0.98|0.1092|
|x|          1|         48|        864|  -0.4091345607|        140|00:17:30|+0.96|0.97|0.1137|
|x|          7|         48|        864|  -0.4066213887|        186|00:17:33|+0.97|0.97|0.0841|
|!|          4|          8|        864|  -0.3959284327|        228|00:16:33|+0.85|0.88|0.1320|
|!|          6|          7|        864|  -0.3908643473|        230|00:01:45|+0.89|0.91|0.0991|
+-+-----------+-----------+-----------+---------------+-----------+--------+-----+----+------+
Best-so-far configuration:         610    mean value:   -0.3379891984
Description of the best-so-far configuration:
    .ID. dataset  job_id cutoff metafolds           task sparse    f_eng1 f_eng2 scaling  algorithm pre_scaling extraction ext_components        selection lr_C lr_solver multi_class  C kernel rf_estimators criterion_classification criterion_regression max_features max_depth min_samples_leaf solver alpha hidden_layers neurons1 activation n_neighbors  weights ab_estimators ab_learning_rate ab_loss whiten svd_solver ica_algorithm ica_fun dl_fit_algorithm dl_transform_algorithm sel_model sel_score_classification sel_score_regression sel_percentile sel_threshold max_iter lr_penalty degree gamma max_depth_value mlp_learning_rate learning_rate_init neurons2 neurons3 lr_dual .PARENT.
610  610    svhn 1585222     15         3 classification  False Selection   none   False KNeighbors        True       <NA>             NA SelectPercentile   NA      <NA>        <NA> NA   <NA>            NA                     <NA>                   NA           NA      <NA>               NA   <NA>    NA            NA       NA       <NA>          34 distance            NA               NA      NA   <NA>       <NA>          <NA>    <NA>             <NA>                   <NA>      <NA>                f_classif                   NA             30          <NA>       NA       <NA>     NA    NA              NA              <NA>                 NA       NA       NA    <NA>       27

# 2020-08-16 19:36:38 BRT: Elite configurations (first number is the configuration ID; listed from best to worst according to the sum of ranks):
    dataset  job_id cutoff metafolds           task sparse    f_eng1     f_eng2 scaling  algorithm pre_scaling extraction ext_components        selection lr_C lr_solver multi_class  C kernel rf_estimators criterion_classification criterion_regression max_features max_depth min_samples_leaf solver alpha hidden_layers neurons1 activation n_neighbors  weights ab_estimators ab_learning_rate ab_loss whiten svd_solver ica_algorithm ica_fun dl_fit_algorithm dl_transform_algorithm sel_model sel_score_classification sel_score_regression sel_percentile sel_threshold max_iter lr_penalty degree gamma max_depth_value mlp_learning_rate learning_rate_init neurons2 neurons3 lr_dual
610    svhn 1585222     15         3 classification  False Selection       none   False KNeighbors        True       <NA>             NA SelectPercentile   NA      <NA>        <NA> NA   <NA>            NA                     <NA>                   NA           NA      <NA>               NA   <NA>    NA            NA       NA       <NA>          34 distance            NA               NA      NA   <NA>       <NA>          <NA>    <NA>             <NA>                   <NA>      <NA>                f_classif                   NA             30          <NA>       NA       <NA>     NA    NA              NA              <NA>                 NA       NA       NA    <NA>
512    svhn 1585222     15         3 classification  False Selection       none   False KNeighbors        True       <NA>             NA SelectPercentile   NA      <NA>        <NA> NA   <NA>            NA                     <NA>                   NA           NA      <NA>               NA   <NA>    NA            NA       NA       <NA>          12  uniform            NA               NA      NA   <NA>       <NA>          <NA>    <NA>             <NA>                   <NA>      <NA>                f_classif                   NA             35          <NA>       NA       <NA>     NA    NA              NA              <NA>                 NA       NA       NA    <NA>
643    svhn 1585222     15         3 classification  False Selection       none   False KNeighbors        True       <NA>             NA SelectPercentile   NA      <NA>        <NA> NA   <NA>            NA                     <NA>                   NA           NA      <NA>               NA   <NA>    NA            NA       NA       <NA>          17 distance            NA               NA      NA   <NA>       <NA>          <NA>    <NA>             <NA>                   <NA>      <NA>                f_classif                   NA             22          <NA>       NA       <NA>     NA    NA              NA              <NA>                 NA       NA       NA    <NA>
679    svhn 1585222     15         3 classification  False Selection Extraction   False KNeighbors       False    FastICA         0.2879 SelectPercentile   NA      <NA>        <NA> NA   <NA>            NA                     <NA>                   NA           NA      <NA>               NA   <NA>    NA            NA       NA       <NA>          19 distance            NA               NA      NA   <NA>       <NA>     deflation    cube             <NA>                   <NA>      <NA>                f_classif                   NA              2          <NA>       NA       <NA>     NA    NA              NA              <NA>                 NA       NA       NA    <NA>
708    svhn 1585222     15         3 classification  False Selection       none   False KNeighbors        True       <NA>             NA SelectPercentile   NA      <NA>        <NA> NA   <NA>            NA                     <NA>                   NA           NA      <NA>               NA   <NA>    NA            NA       NA       <NA>          10 distance            NA               NA      NA   <NA>       <NA>          <NA>    <NA>             <NA>                   <NA>      <NA>                f_classif                   NA             18          <NA>       NA       <NA>     NA    NA              NA              <NA>                 NA       NA       NA    <NA>
864    svhn 1585222     15         3 classification  False Selection Extraction   False KNeighbors       False    FastICA         0.1255 SelectPercentile   NA      <NA>        <NA> NA   <NA>            NA                     <NA>                   NA           NA      <NA>               NA   <NA>    NA            NA       NA       <NA>          44 distance            NA               NA      NA   <NA>       <NA>      parallel    cube             <NA>                   <NA>      <NA>                f_classif                   NA              8          <NA>       NA       <NA>     NA    NA              NA              <NA>                 NA       NA       NA    <NA>
889    svhn 1585222     15         3 classification  False Selection Extraction   False KNeighbors       False    FastICA         0.0543 SelectPercentile   NA      <NA>        <NA> NA   <NA>            NA                     <NA>                   NA           NA      <NA>               NA   <NA>    NA            NA       NA       <NA>          12 distance            NA               NA      NA   <NA>       <NA>     deflation    cube             <NA>                   <NA>      <NA>                f_classif                   NA             51          <NA>       NA       <NA>     NA    NA              NA              <NA>                 NA       NA       NA    <NA>
# 2020-08-16 19:36:38 BRT: Iteration 10 of 10
# experimentsUsedSoFar: 4670
# remainingBudget: 330
# currentBudget: 330
# nbConfigurations: 30
  Markers:
     x No test is performed.
     - The test is performed and some configurations are discarded.
     = The test is performed but no configuration is discarded.
     ! The test is performed and configurations could be discarded but elite configurations are preserved.
     . All alive configurations are elite and nothing is discarded

+-+-----------+-----------+-----------+---------------+-----------+--------+-----+----+------+
| |   Instance|      Alive|       Best|      Mean best| Exp so far|  W time|  rho|KenW|  Qvar|
+-+-----------+-----------+-----------+---------------+-----------+--------+-----+----+------+
|x|         14|         30|        889|  -0.3998699245|         30|00:13:47|   NA|  NA|    NA|
|x|         12|         30|        889|  -0.3956461019|         54|00:12:34|+0.87|0.93|0.1166|
|x|          1|         30|        889|  -0.4000408869|         77|00:10:57|+0.90|0.93|0.0797|
|x|          5|         30|        889|  -0.3979562665|        105|00:13:07|+0.93|0.94|0.0584|
|!|          4|          7|        889|  -0.3944568577|        128|00:11:00|+0.91|0.93|0.0972|
|.|         13|          7|        889|  -0.3938247551|        128|23:59:59|+0.92|0.93|0.1085|
|.|          7|          7|        889|  -0.3943866215|        128|23:59:59|+0.89|0.91|0.0967|
|.|          6|          7|        889|  -0.3936865000|        128|23:59:59|+0.89|0.90|0.0982|
+-+-----------+-----------+-----------+---------------+-----------+--------+-----+----+------+
Best-so-far configuration:         643    mean value:   -0.3508212367
Description of the best-so-far configuration:
    .ID. dataset  job_id cutoff metafolds           task sparse    f_eng1 f_eng2 scaling  algorithm pre_scaling extraction ext_components        selection lr_C lr_solver multi_class  C kernel rf_estimators criterion_classification criterion_regression max_features max_depth min_samples_leaf solver alpha hidden_layers neurons1 activation n_neighbors  weights ab_estimators ab_learning_rate ab_loss whiten svd_solver ica_algorithm ica_fun dl_fit_algorithm dl_transform_algorithm sel_model sel_score_classification sel_score_regression sel_percentile sel_threshold max_iter lr_penalty degree gamma max_depth_value mlp_learning_rate learning_rate_init neurons2 neurons3 lr_dual .PARENT.
643  643    svhn 1585222     15         3 classification  False Selection   none   False KNeighbors        True       <NA>             NA SelectPercentile   NA      <NA>        <NA> NA   <NA>            NA                     <NA>                   NA           NA      <NA>               NA   <NA>    NA            NA       NA       <NA>          17 distance            NA               NA      NA   <NA>       <NA>          <NA>    <NA>             <NA>                   <NA>      <NA>                f_classif                   NA             22          <NA>       NA       <NA>     NA    NA              NA              <NA>                 NA       NA       NA    <NA>      512

# 2020-08-16 20:38:06 BRT: Elite configurations (first number is the configuration ID; listed from best to worst according to the sum of ranks):
    dataset  job_id cutoff metafolds           task sparse    f_eng1     f_eng2 scaling  algorithm pre_scaling extraction ext_components        selection lr_C lr_solver multi_class  C kernel rf_estimators criterion_classification criterion_regression max_features max_depth min_samples_leaf solver alpha hidden_layers neurons1 activation n_neighbors  weights ab_estimators ab_learning_rate ab_loss whiten svd_solver ica_algorithm ica_fun dl_fit_algorithm dl_transform_algorithm sel_model sel_score_classification sel_score_regression sel_percentile sel_threshold max_iter lr_penalty degree gamma max_depth_value mlp_learning_rate learning_rate_init neurons2 neurons3 lr_dual
643    svhn 1585222     15         3 classification  False Selection       none   False KNeighbors        True       <NA>             NA SelectPercentile   NA      <NA>        <NA> NA   <NA>            NA                     <NA>                   NA           NA      <NA>               NA   <NA>    NA            NA       NA       <NA>          17 distance            NA               NA      NA   <NA>       <NA>          <NA>    <NA>             <NA>                   <NA>      <NA>                f_classif                   NA             22          <NA>       NA       <NA>     NA    NA              NA              <NA>                 NA       NA       NA    <NA>
679    svhn 1585222     15         3 classification  False Selection Extraction   False KNeighbors       False    FastICA         0.2879 SelectPercentile   NA      <NA>        <NA> NA   <NA>            NA                     <NA>                   NA           NA      <NA>               NA   <NA>    NA            NA       NA       <NA>          19 distance            NA               NA      NA   <NA>       <NA>     deflation    cube             <NA>                   <NA>      <NA>                f_classif                   NA              2          <NA>       NA       <NA>     NA    NA              NA              <NA>                 NA       NA       NA    <NA>
708    svhn 1585222     15         3 classification  False Selection       none   False KNeighbors        True       <NA>             NA SelectPercentile   NA      <NA>        <NA> NA   <NA>            NA                     <NA>                   NA           NA      <NA>               NA   <NA>    NA            NA       NA       <NA>          10 distance            NA               NA      NA   <NA>       <NA>          <NA>    <NA>             <NA>                   <NA>      <NA>                f_classif                   NA             18          <NA>       NA       <NA>     NA    NA              NA              <NA>                 NA       NA       NA    <NA>
610    svhn 1585222     15         3 classification  False Selection       none   False KNeighbors        True       <NA>             NA SelectPercentile   NA      <NA>        <NA> NA   <NA>            NA                     <NA>                   NA           NA      <NA>               NA   <NA>    NA            NA       NA       <NA>          34 distance            NA               NA      NA   <NA>       <NA>          <NA>    <NA>             <NA>                   <NA>      <NA>                f_classif                   NA             30          <NA>       NA       <NA>     NA    NA              NA              <NA>                 NA       NA       NA    <NA>
512    svhn 1585222     15         3 classification  False Selection       none   False KNeighbors        True       <NA>             NA SelectPercentile   NA      <NA>        <NA> NA   <NA>            NA                     <NA>                   NA           NA      <NA>               NA   <NA>    NA            NA       NA       <NA>          12  uniform            NA               NA      NA   <NA>       <NA>          <NA>    <NA>             <NA>                   <NA>      <NA>                f_classif                   NA             35          <NA>       NA       <NA>     NA    NA              NA              <NA>                 NA       NA       NA    <NA>
864    svhn 1585222     15         3 classification  False Selection Extraction   False KNeighbors       False    FastICA         0.1255 SelectPercentile   NA      <NA>        <NA> NA   <NA>            NA                     <NA>                   NA           NA      <NA>               NA   <NA>    NA            NA       NA       <NA>          44 distance            NA               NA      NA   <NA>       <NA>      parallel    cube             <NA>                   <NA>      <NA>                f_classif                   NA              8          <NA>       NA       <NA>     NA    NA              NA              <NA>                 NA       NA       NA    <NA>
889    svhn 1585222     15         3 classification  False Selection Extraction   False KNeighbors       False    FastICA         0.0543 SelectPercentile   NA      <NA>        <NA> NA   <NA>            NA                     <NA>                   NA           NA      <NA>               NA   <NA>    NA            NA       NA       <NA>          12 distance            NA               NA      NA   <NA>       <NA>     deflation    cube             <NA>                   <NA>      <NA>                f_classif                   NA             51          <NA>       NA       <NA>     NA    NA              NA              <NA>                 NA       NA       NA    <NA>
# 2020-08-16 20:38:06 BRT: Iteration 11 of 11
# experimentsUsedSoFar: 4798
# remainingBudget: 202
# currentBudget: 202
# nbConfigurations: 20
  Markers:
     x No test is performed.
     - The test is performed and some configurations are discarded.
     = The test is performed but no configuration is discarded.
     ! The test is performed and configurations could be discarded but elite configurations are preserved.
     . All alive configurations are elite and nothing is discarded

+-+-----------+-----------+-----------+---------------+-----------+--------+-----+----+------+
| |   Instance|      Alive|       Best|      Mean best| Exp so far|  W time|  rho|KenW|  Qvar|
+-+-----------+-----------+-----------+---------------+-----------+--------+-----+----+------+
|x|         15|         20|        889|  -0.3765084381|         20|00:09:45|   NA|  NA|    NA|
|x|          2|         20|        889|  -0.3839428922|         33|00:07:20|+0.98|0.99|0.0187|
|x|         13|         20|        945|  -0.3944926098|         46|00:07:22|+0.96|0.97|0.0448|
|x|          5|         20|        945|  -0.3935734643|         59|00:07:24|+0.96|0.97|0.0372|
|!|          9|          8|        889|  -0.3899776573|         73|00:08:24|+0.95|0.96|0.0435|
|-|          8|          8|        945|  -0.3951630309|         76|00:01:20|+0.88|0.90|0.0698|
|-|         10|          8|        945|  -0.3922844324|         79|00:01:22|+0.86|0.88|0.0768|
|-|          7|          8|        945|  -0.3932505645|         80|00:00:18|+0.86|0.87|0.0692|
|-|         14|          8|        945|  -0.3946848295|         81|00:00:17|+0.87|0.88|0.0657|
|-|          4|          8|        945|  -0.3909672052|         82|00:00:17|+0.88|0.89|0.0695|
|-|          6|          8|        945|  -0.3894078873|         83|00:00:17|+0.87|0.89|0.0719|
|-|          1|          8|        945|  -0.3932196441|         84|00:00:17|+0.88|0.89|0.0755|
|-|          3|          8|        945|  -0.3954623746|         86|00:00:55|+0.87|0.88|0.0869|
|-|         12|          8|        945|  -0.3941098966|         87|00:00:18|+0.87|0.88|0.0912|
|!|         11|          2|        945|  -0.3915474173|         89|00:00:55|-0.07|0.00|0.5333|
+-+-----------+-----------+-----------+---------------+-----------+--------+-----+----+------+
Best-so-far configuration:         889    mean value:   -0.3904246347
Description of the best-so-far configuration:
    .ID. dataset  job_id cutoff metafolds           task sparse    f_eng1     f_eng2 scaling  algorithm pre_scaling extraction ext_components        selection lr_C lr_solver multi_class  C kernel rf_estimators criterion_classification criterion_regression max_features max_depth min_samples_leaf solver alpha hidden_layers neurons1 activation n_neighbors  weights ab_estimators ab_learning_rate ab_loss whiten svd_solver ica_algorithm ica_fun dl_fit_algorithm dl_transform_algorithm sel_model sel_score_classification sel_score_regression sel_percentile sel_threshold max_iter lr_penalty degree gamma max_depth_value mlp_learning_rate learning_rate_init neurons2 neurons3 lr_dual .PARENT.
889  889    svhn 1585222     15         3 classification  False Selection Extraction   False KNeighbors       False    FastICA         0.0543 SelectPercentile   NA      <NA>        <NA> NA   <NA>            NA                     <NA>                   NA           NA      <NA>               NA   <NA>    NA            NA       NA       <NA>          12 distance            NA               NA      NA   <NA>       <NA>     deflation    cube             <NA>                   <NA>      <NA>                f_classif                   NA             51          <NA>       NA       <NA>     NA    NA              NA              <NA>                 NA       NA       NA    <NA>      679

# 2020-08-16 21:24:46 BRT: Elite configurations (first number is the configuration ID; listed from best to worst according to the sum of ranks):
    dataset  job_id cutoff metafolds           task sparse    f_eng1     f_eng2 scaling  algorithm pre_scaling extraction ext_components        selection lr_C lr_solver multi_class  C kernel rf_estimators criterion_classification criterion_regression max_features max_depth min_samples_leaf solver alpha hidden_layers neurons1 activation n_neighbors  weights ab_estimators ab_learning_rate ab_loss whiten svd_solver ica_algorithm ica_fun dl_fit_algorithm dl_transform_algorithm sel_model sel_score_classification sel_score_regression sel_percentile sel_threshold max_iter lr_penalty degree gamma max_depth_value mlp_learning_rate learning_rate_init neurons2 neurons3 lr_dual
889    svhn 1585222     15         3 classification  False Selection Extraction   False KNeighbors       False    FastICA         0.0543 SelectPercentile   NA      <NA>        <NA> NA   <NA>            NA                     <NA>                   NA           NA      <NA>               NA   <NA>    NA            NA       NA       <NA>          12 distance            NA               NA      NA   <NA>       <NA>     deflation    cube             <NA>                   <NA>      <NA>                f_classif                   NA             51          <NA>       NA       <NA>     NA    NA              NA              <NA>                 NA       NA       NA    <NA>
945    svhn 1585222     15         3 classification  False Selection Extraction   False KNeighbors       False    FastICA         0.1864 SelectPercentile   NA      <NA>        <NA> NA   <NA>            NA                     <NA>                   NA           NA      <NA>               NA   <NA>    NA            NA       NA       <NA>          17 distance            NA               NA      NA   <NA>       <NA>     deflation    cube             <NA>                   <NA>      <NA>                f_classif                   NA              8          <NA>       NA       <NA>     NA    NA              NA              <NA>                 NA       NA       NA    <NA>
# 2020-08-16 21:24:47 BRT: Iteration 12 of 12
# experimentsUsedSoFar: 4887
# remainingBudget: 113
# currentBudget: 113
# nbConfigurations: 8
  Markers:
     x No test is performed.
     - The test is performed and some configurations are discarded.
     = The test is performed but no configuration is discarded.
     ! The test is performed and configurations could be discarded but elite configurations are preserved.
     . All alive configurations are elite and nothing is discarded

+-+-----------+-----------+-----------+---------------+-----------+--------+-----+----+------+
| |   Instance|      Alive|       Best|      Mean best| Exp so far|  W time|  rho|KenW|  Qvar|
+-+-----------+-----------+-----------+---------------+-----------+--------+-----+----+------+
|x|         16|          8|        945|  -0.4017784336|          8|00:14:22|   NA|  NA|    NA|
|x|          3|          8|        945|  -0.4120767868|         14|00:12:41|+1.00|1.00|0.0050|
|x|         14|          8|        945|  -0.4101041743|         20|00:12:25|+0.98|0.99|0.0064|
|x|          5|          8|        945|  -0.4052821377|         26|00:12:37|+0.97|0.98|0.0091|
|!|          1|          2|        945|  -0.4112555039|         32|00:12:43|+0.20|0.36|0.4000|
|.|          4|          2|        945|  -0.4022976845|         32|23:59:59|-0.07|0.11|0.5333|
|.|         13|          2|        945|  -0.4041376117|         32|23:59:59|+0.05|0.18|0.4762|
|.|         12|          2|        945|  -0.4006863706|         32|23:59:59|-0.07|0.06|0.5357|
|.|          8|          2|        945|  -0.4019321120|         32|23:59:59|+0.00|0.11|0.5000|
|.|         15|          2|        945|  -0.3993228357|         32|23:59:59|-0.07|0.04|0.5333|
|.|          6|          2|        945|  -0.3970039151|         32|23:59:59|-0.09|0.01|0.5455|
|.|          2|          2|        945|  -0.3966253642|         32|23:59:59|-0.06|0.03|0.5303|
|.|         11|          2|        945|  -0.3934751598|         32|23:59:59|-0.08|0.01|0.5385|
|.|          7|          2|        945|  -0.3939421833|         32|23:59:59|-0.05|0.02|0.5275|
|.|         10|          2|        945|  -0.3926802272|         32|23:59:59|-0.07|0.00|0.5333|
|.|          9|          2|        945|  -0.3921868558|         32|23:59:59|-0.07|0.00|0.5333|
+-+-----------+-----------+-----------+---------------+-----------+--------+-----+----+------+
Best-so-far configuration:         889    mean value:   -0.3903225492
Description of the best-so-far configuration:
    .ID. dataset  job_id cutoff metafolds           task sparse    f_eng1     f_eng2 scaling  algorithm pre_scaling extraction ext_components        selection lr_C lr_solver multi_class  C kernel rf_estimators criterion_classification criterion_regression max_features max_depth min_samples_leaf solver alpha hidden_layers neurons1 activation n_neighbors  weights ab_estimators ab_learning_rate ab_loss whiten svd_solver ica_algorithm ica_fun dl_fit_algorithm dl_transform_algorithm sel_model sel_score_classification sel_score_regression sel_percentile sel_threshold max_iter lr_penalty degree gamma max_depth_value mlp_learning_rate learning_rate_init neurons2 neurons3 lr_dual .PARENT.
889  889    svhn 1585222     15         3 classification  False Selection Extraction   False KNeighbors       False    FastICA         0.0543 SelectPercentile   NA      <NA>        <NA> NA   <NA>            NA                     <NA>                   NA           NA      <NA>               NA   <NA>    NA            NA       NA       <NA>          12 distance            NA               NA      NA   <NA>       <NA>     deflation    cube             <NA>                   <NA>      <NA>                f_classif                   NA             51          <NA>       NA       <NA>     NA    NA              NA              <NA>                 NA       NA       NA    <NA>      679

# 2020-08-16 22:29:39 BRT: Elite configurations (first number is the configuration ID; listed from best to worst according to the sum of ranks):
    dataset  job_id cutoff metafolds           task sparse    f_eng1     f_eng2 scaling  algorithm pre_scaling extraction ext_components        selection lr_C lr_solver multi_class  C kernel rf_estimators criterion_classification criterion_regression max_features max_depth min_samples_leaf solver alpha hidden_layers neurons1 activation n_neighbors  weights ab_estimators ab_learning_rate ab_loss whiten svd_solver ica_algorithm ica_fun dl_fit_algorithm dl_transform_algorithm sel_model sel_score_classification sel_score_regression sel_percentile sel_threshold max_iter lr_penalty degree gamma max_depth_value mlp_learning_rate learning_rate_init neurons2 neurons3 lr_dual
889    svhn 1585222     15         3 classification  False Selection Extraction   False KNeighbors       False    FastICA         0.0543 SelectPercentile   NA      <NA>        <NA> NA   <NA>            NA                     <NA>                   NA           NA      <NA>               NA   <NA>    NA            NA       NA       <NA>          12 distance            NA               NA      NA   <NA>       <NA>     deflation    cube             <NA>                   <NA>      <NA>                f_classif                   NA             51          <NA>       NA       <NA>     NA    NA              NA              <NA>                 NA       NA       NA    <NA>
945    svhn 1585222     15         3 classification  False Selection Extraction   False KNeighbors       False    FastICA         0.1864 SelectPercentile   NA      <NA>        <NA> NA   <NA>            NA                     <NA>                   NA           NA      <NA>               NA   <NA>    NA            NA       NA       <NA>          17 distance            NA               NA      NA   <NA>       <NA>     deflation    cube             <NA>                   <NA>      <NA>                f_classif                   NA              8          <NA>       NA       <NA>     NA    NA              NA              <NA>                 NA       NA       NA    <NA>
# 2020-08-16 22:29:39 BRT: Stopped because there is not enough budget left to race more than the minimum (7)
# You may either increase the budget or set 'minNbSurvival' to a lower value
# Iteration: 13
# nbIterations: 13
# experimentsUsedSoFar: 4919
# timeUsed: 0
# remainingBudget: 81
# currentBudget: 81
# number of elites: 2
# nbConfigurations: 6
# Best configurations (first number is the configuration ID; listed from best to worst according to the sum of ranks):
    dataset  job_id cutoff metafolds           task sparse    f_eng1     f_eng2 scaling  algorithm pre_scaling extraction ext_components        selection lr_C lr_solver multi_class  C kernel rf_estimators criterion_classification criterion_regression max_features max_depth min_samples_leaf solver alpha hidden_layers neurons1 activation n_neighbors  weights ab_estimators ab_learning_rate ab_loss whiten svd_solver ica_algorithm ica_fun dl_fit_algorithm dl_transform_algorithm sel_model sel_score_classification sel_score_regression sel_percentile sel_threshold max_iter lr_penalty degree gamma max_depth_value mlp_learning_rate learning_rate_init neurons2 neurons3 lr_dual
889    svhn 1585222     15         3 classification  False Selection Extraction   False KNeighbors       False    FastICA         0.0543 SelectPercentile   NA      <NA>        <NA> NA   <NA>            NA                     <NA>                   NA           NA      <NA>               NA   <NA>    NA            NA       NA       <NA>          12 distance            NA               NA      NA   <NA>       <NA>     deflation    cube             <NA>                   <NA>      <NA>                f_classif                   NA             51          <NA>       NA       <NA>     NA    NA              NA              <NA>                 NA       NA       NA    <NA>
945    svhn 1585222     15         3 classification  False Selection Extraction   False KNeighbors       False    FastICA         0.1864 SelectPercentile   NA      <NA>        <NA> NA   <NA>            NA                     <NA>                   NA           NA      <NA>               NA   <NA>    NA            NA       NA       <NA>          17 distance            NA               NA      NA   <NA>       <NA>     deflation    cube             <NA>                   <NA>      <NA>                f_classif                   NA              8          <NA>       NA       <NA>     NA    NA              NA              <NA>                 NA       NA       NA    <NA>
# Best configurations as commandlines (first number is the configuration ID; same order as above):
889  --dataset svhn --job_id 1585222 --cutoff 15 --metafolds 3 --task classification --sparse False --f_eng1 Selection --f_eng2 Extraction --pre_scaling False --extraction FastICA --ext_components 0.0543 --ica_algorithm deflation --ica_fun cube --selection SelectPercentile --sel_score_classification f_classif --sel_percentile 51 --scaling False --algorithm KNeighbors --n_neighbors 12 --weights distance
945  --dataset svhn --job_id 1585222 --cutoff 15 --metafolds 3 --task classification --sparse False --f_eng1 Selection --f_eng2 Extraction --pre_scaling False --extraction FastICA --ext_components 0.1864 --ica_algorithm deflation --ica_fun cube --selection SelectPercentile --sel_score_classification f_classif --sel_percentile 8 --scaling False --algorithm KNeighbors --n_neighbors 17 --weights distance
