*******************************************************************************
* irace: An implementation in R of Iterated Race
* Version: 3.1.2112M
* Copyright (C) 2010-2018
* Manuel Lopez-Ibanez     <manuel.lopez-ibanez@manchester.ac.uk>
* Jeremie Dubois-Lacoste  
* Leslie Perez Caceres    <leslie.perez.caceres@ulb.ac.be>
*
* This is free software, and you are welcome to redistribute it under certain
* conditions.  See the GNU General Public License for details. There is NO
* WARRANTY; not even for MERCHANTABILITY or FITNESS FOR A PARTICULAR PURPOSE.
*
* irace builds upon previous code from the race package:
*
* race: Racing methods for the selection of the best
* Copyright (C) 2003 Mauro Birattari
*******************************************************************************
# installed at: /home/cemvieira/bin/R/irace
# called with: -s scenario.txt --max-experiments 2000 -p ./svhn/parameters-1585217.txt --parallel 32 --train-instances-file svhn/instances.txt --log-file ./output/svhn/svhn-3f2k15m-irace-1585217.Rdata
# 8 expression(s) specifying forbidden configurations read from '/home/cemvieira/isklearn/forbidden.txt'
# 2020-08-15 06:04:16 BRT: Initialization
# Elitist race
# Elitist new instances: 1
# Elitist limit: 2
# nbIterations: 7
# minNbSurvival: 7
# nbParameters: 50
# seed: 1432440233
# confidence level: 0.95
# budget: 2000
# mu: 5
# deterministic: TRUE

# 2020-08-15 06:04:16 BRT: Iteration 1 of 7
# experimentsUsedSoFar: 0
# remainingBudget: 2000
# currentBudget: 285
# nbConfigurations: 47
  Markers:
     x No test is performed.
     - The test is performed and some configurations are discarded.
     = The test is performed but no configuration is discarded.
     ! The test is performed and configurations could be discarded but elite configurations are preserved.
     . All alive configurations are elite and nothing is discarded

+-+-----------+-----------+-----------+---------------+-----------+--------+-----+----+------+
| |   Instance|      Alive|       Best|      Mean best| Exp so far|  W time|  rho|KenW|  Qvar|
+-+-----------+-----------+-----------+---------------+-----------+--------+-----+----+------+
|x|          1|         47|         18|  -0.2295741619|         47|00:30:02|   NA|  NA|    NA|
|x|          2|         47|         18|  -0.2331805933|         94|00:30:01|+1.00|1.00|0.0000|
|x|          3|         47|         18|  -0.2355152842|        141|00:30:01|+1.00|1.00|0.0000|
|x|          4|         47|         18|  -0.2362630706|        188|00:30:01|+1.00|1.00|0.0000|
|!|          5|          1|         18|  -0.2359676897|        235|00:30:01|   NA|  NA|    NA|
+-+-----------+-----------+-----------+---------------+-----------+--------+-----+----+------+
Best-so-far configuration:          18    mean value:   -0.2359676897
Description of the best-so-far configuration:
   .ID. dataset  job_id cutoff metafolds           task sparse f_eng1 f_eng2 scaling    algorithm pre_scaling extraction ext_components selection lr_C lr_solver multi_class  C kernel rf_estimators criterion_classification criterion_regression max_features max_depth min_samples_leaf solver alpha hidden_layers neurons1 activation n_neighbors weights ab_estimators ab_learning_rate ab_loss whiten svd_solver ica_algorithm ica_fun dl_fit_algorithm dl_transform_algorithm sel_model sel_score_classification sel_score_regression sel_percentile sel_threshold max_iter lr_penalty degree gamma max_depth_value mlp_learning_rate learning_rate_init neurons2 neurons3 lr_dual .PARENT.
18   18    svhn 1585217     15         3 classification  False   none   none   False DecisionTree        <NA>       <NA>             NA      <NA>   NA      <NA>        <NA> NA   <NA>            NA                     gini                   NA       0.0526      none           0.0295   <NA>    NA            NA       NA       <NA>          NA    <NA>            NA               NA      NA   <NA>       <NA>          <NA>    <NA>             <NA>                   <NA>      <NA>                     <NA>                   NA             NA          <NA>       NA       <NA>     NA    NA               3              <NA>                 NA       NA       NA      NA       NA

# 2020-08-15 08:34:26 BRT: Elite configurations (first number is the configuration ID; listed from best to worst according to the sum of ranks):
   dataset  job_id cutoff metafolds           task sparse f_eng1 f_eng2 scaling    algorithm pre_scaling extraction ext_components selection lr_C lr_solver multi_class  C kernel rf_estimators criterion_classification criterion_regression max_features max_depth min_samples_leaf solver alpha hidden_layers neurons1 activation n_neighbors weights ab_estimators ab_learning_rate ab_loss whiten svd_solver ica_algorithm ica_fun dl_fit_algorithm dl_transform_algorithm sel_model sel_score_classification sel_score_regression sel_percentile sel_threshold max_iter lr_penalty degree gamma max_depth_value mlp_learning_rate learning_rate_init neurons2 neurons3 lr_dual
18    svhn 1585217     15         3 classification  False   none   none   False DecisionTree        <NA>       <NA>             NA      <NA>   NA      <NA>        <NA> NA   <NA>            NA                     gini                   NA       0.0526      none           0.0295   <NA>    NA            NA       NA       <NA>          NA    <NA>            NA               NA      NA   <NA>       <NA>          <NA>    <NA>             <NA>                   <NA>      <NA>                     <NA>                   NA             NA          <NA>       NA       <NA>     NA    NA               3              <NA>                 NA       NA       NA      NA
# 2020-08-15 08:34:27 BRT: Iteration 2 of 7
# experimentsUsedSoFar: 235
# remainingBudget: 1765
# currentBudget: 294
# nbConfigurations: 42
  Markers:
     x No test is performed.
     - The test is performed and some configurations are discarded.
     = The test is performed but no configuration is discarded.
     ! The test is performed and configurations could be discarded but elite configurations are preserved.
     . All alive configurations are elite and nothing is discarded

+-+-----------+-----------+-----------+---------------+-----------+--------+-----+----+------+
| |   Instance|      Alive|       Best|      Mean best| Exp so far|  W time|  rho|KenW|  Qvar|
+-+-----------+-----------+-----------+---------------+-----------+--------+-----+----+------+
|x|          6|         42|         75|  -0.2668042617|         42|00:30:01|   NA|  NA|    NA|
|x|          3|         42|         75|  -0.2700454633|         83|00:30:01|+1.00|1.00|0.0000|
|x|          4|         42|         75|  -0.2678857982|        124|00:30:01|+1.00|1.00|0.0000|
|x|          2|         42|         75|  -0.2689689408|        165|00:30:01|+1.00|1.00|0.0000|
|!|          1|          2|         75|  -0.2682430669|        206|00:30:01|+1.00|1.00|0.0000|
+-+-----------+-----------+-----------+---------------+-----------+--------+-----+----+------+
Best-so-far configuration:          18    mean value:   -0.2348546800
Description of the best-so-far configuration:
   .ID. dataset  job_id cutoff metafolds           task sparse f_eng1 f_eng2 scaling    algorithm pre_scaling extraction ext_components selection lr_C lr_solver multi_class  C kernel rf_estimators criterion_classification criterion_regression max_features max_depth min_samples_leaf solver alpha hidden_layers neurons1 activation n_neighbors weights ab_estimators ab_learning_rate ab_loss whiten svd_solver ica_algorithm ica_fun dl_fit_algorithm dl_transform_algorithm sel_model sel_score_classification sel_score_regression sel_percentile sel_threshold max_iter lr_penalty degree gamma max_depth_value mlp_learning_rate learning_rate_init neurons2 neurons3 lr_dual .PARENT.
18   18    svhn 1585217     15         3 classification  False   none   none   False DecisionTree        <NA>       <NA>             NA      <NA>   NA      <NA>        <NA> NA   <NA>            NA                     gini                   NA       0.0526      none           0.0295   <NA>    NA            NA       NA       <NA>          NA    <NA>            NA               NA      NA   <NA>       <NA>          <NA>    <NA>             <NA>                   <NA>      <NA>                     <NA>                   NA             NA          <NA>       NA       <NA>     NA    NA               3              <NA>                 NA       NA       NA      NA       NA

# 2020-08-15 11:04:36 BRT: Elite configurations (first number is the configuration ID; listed from best to worst according to the sum of ranks):
   dataset  job_id cutoff metafolds           task sparse f_eng1 f_eng2 scaling    algorithm pre_scaling extraction ext_components selection lr_C lr_solver multi_class  C kernel rf_estimators criterion_classification criterion_regression max_features max_depth min_samples_leaf solver alpha hidden_layers neurons1 activation n_neighbors weights ab_estimators ab_learning_rate ab_loss whiten svd_solver ica_algorithm ica_fun dl_fit_algorithm dl_transform_algorithm sel_model sel_score_classification sel_score_regression sel_percentile sel_threshold max_iter lr_penalty degree gamma max_depth_value mlp_learning_rate learning_rate_init neurons2 neurons3 lr_dual
18    svhn 1585217     15         3 classification  False   none   none   False DecisionTree        <NA>       <NA>             NA      <NA>   NA      <NA>        <NA> NA   <NA>            NA                     gini                   NA       0.0526      none           0.0295   <NA>    NA            NA       NA       <NA>          NA    <NA>            NA               NA      NA   <NA>       <NA>          <NA>    <NA>             <NA>                   <NA>      <NA>                     <NA>                   NA             NA          <NA>       NA       <NA>     NA    NA               3              <NA>                 NA       NA       NA      NA
75    svhn 1585217     15         3 classification  False   none   none   False DecisionTree        <NA>       <NA>             NA      <NA>   NA      <NA>        <NA> NA   <NA>            NA                     gini                   NA       0.5619     value           0.0156   <NA>    NA            NA       NA       <NA>          NA    <NA>            NA               NA      NA   <NA>       <NA>          <NA>    <NA>             <NA>                   <NA>      <NA>                     <NA>                   NA             NA          <NA>       NA       <NA>     NA    NA              22              <NA>                 NA       NA       NA      NA
# 2020-08-15 11:04:36 BRT: Iteration 3 of 7
# experimentsUsedSoFar: 441
# remainingBudget: 1559
# currentBudget: 311
# nbConfigurations: 40
  Markers:
     x No test is performed.
     - The test is performed and some configurations are discarded.
     = The test is performed but no configuration is discarded.
     ! The test is performed and configurations could be discarded but elite configurations are preserved.
     . All alive configurations are elite and nothing is discarded

+-+-----------+-----------+-----------+---------------+-----------+--------+-----+----+------+
| |   Instance|      Alive|       Best|      Mean best| Exp so far|  W time|  rho|KenW|  Qvar|
+-+-----------+-----------+-----------+---------------+-----------+--------+-----+----+------+
|x|          7|         40|         75|  -0.2649060747|         40|00:25:20|   NA|  NA|    NA|
|x|          3|         40|         75|  -0.2690963698|         78|00:22:27|+0.91|0.96|0.0651|
|x|          1|         40|         75|  -0.2678441037|        116|00:22:13|+0.94|0.96|0.0434|
|x|          2|         40|         75|  -0.2689376699|        154|00:23:04|+0.95|0.96|0.0325|
|!|          5|          4|        119|  -0.2481321714|        193|00:24:25|+0.52|0.62|0.5320|
+-+-----------+-----------+-----------+---------------+-----------+--------+-----+----+------+
Best-so-far configuration:          75    mean value:     613566756.3
Description of the best-so-far configuration:
   .ID. dataset  job_id cutoff metafolds           task sparse f_eng1 f_eng2 scaling    algorithm pre_scaling extraction ext_components selection lr_C lr_solver multi_class  C kernel rf_estimators criterion_classification criterion_regression max_features max_depth min_samples_leaf solver alpha hidden_layers neurons1 activation n_neighbors weights ab_estimators ab_learning_rate ab_loss whiten svd_solver ica_algorithm ica_fun dl_fit_algorithm dl_transform_algorithm sel_model sel_score_classification sel_score_regression sel_percentile sel_threshold max_iter lr_penalty degree gamma max_depth_value mlp_learning_rate learning_rate_init neurons2 neurons3 lr_dual .PARENT.
75   75    svhn 1585217     15         3 classification  False   none   none   False DecisionTree        <NA>       <NA>             NA      <NA>   NA      <NA>        <NA> NA   <NA>            NA                     gini                   NA       0.5619     value           0.0156   <NA>    NA            NA       NA       <NA>          NA    <NA>            NA               NA      NA   <NA>       <NA>          <NA>    <NA>             <NA>                   <NA>      <NA>                     <NA>                   NA             NA          <NA>       NA       <NA>     NA    NA              22              <NA>                 NA       NA       NA      NA       18

# 2020-08-15 13:02:08 BRT: Elite configurations (first number is the configuration ID; listed from best to worst according to the sum of ranks):
    dataset  job_id cutoff metafolds           task sparse f_eng1    f_eng2 scaling    algorithm pre_scaling extraction ext_components        selection lr_C lr_solver multi_class  C kernel rf_estimators criterion_classification criterion_regression max_features max_depth min_samples_leaf solver alpha hidden_layers neurons1 activation n_neighbors weights ab_estimators ab_learning_rate ab_loss whiten svd_solver ica_algorithm ica_fun dl_fit_algorithm dl_transform_algorithm sel_model sel_score_classification sel_score_regression sel_percentile sel_threshold max_iter lr_penalty degree gamma max_depth_value mlp_learning_rate learning_rate_init neurons2 neurons3 lr_dual
75     svhn 1585217     15         3 classification  False   none      none   False DecisionTree        <NA>       <NA>             NA             <NA>   NA      <NA>        <NA> NA   <NA>            NA                     gini                   NA       0.5619     value           0.0156   <NA>    NA            NA       NA       <NA>          NA    <NA>            NA               NA      NA   <NA>       <NA>          <NA>    <NA>             <NA>                   <NA>      <NA>                     <NA>                   NA             NA          <NA>       NA       <NA>     NA    NA              22              <NA>                 NA       NA       NA      NA
18     svhn 1585217     15         3 classification  False   none      none   False DecisionTree        <NA>       <NA>             NA             <NA>   NA      <NA>        <NA> NA   <NA>            NA                     gini                   NA       0.0526      none           0.0295   <NA>    NA            NA       NA       <NA>          NA    <NA>            NA               NA      NA   <NA>       <NA>          <NA>    <NA>             <NA>                   <NA>      <NA>                     <NA>                   NA             NA          <NA>       NA       <NA>     NA    NA               3              <NA>                 NA       NA       NA      NA
119    svhn 1585217     15         3 classification  False   none Selection    True DecisionTree       False       <NA>             NA SelectPercentile   NA      <NA>        <NA> NA   <NA>            NA                     gini                   NA       0.7734     value           0.0169   <NA>    NA            NA       NA       <NA>          NA    <NA>            NA               NA      NA   <NA>       <NA>          <NA>    <NA>             <NA>                   <NA>      <NA>                f_classif                   NA             17          <NA>       NA       <NA>     NA    NA              17              <NA>                 NA       NA       NA      NA
113    svhn 1585217     15         3 classification  False   none      none   False DecisionTree        <NA>       <NA>             NA             <NA>   NA      <NA>        <NA> NA   <NA>            NA                     gini                   NA       0.2525     value           0.1056   <NA>    NA            NA       NA       <NA>          NA    <NA>            NA               NA      NA   <NA>       <NA>          <NA>    <NA>             <NA>                   <NA>      <NA>                     <NA>                   NA             NA          <NA>       NA       <NA>     NA    NA              35              <NA>                 NA       NA       NA      NA
# 2020-08-15 13:02:08 BRT: Iteration 4 of 7
# experimentsUsedSoFar: 634
# remainingBudget: 1366
# currentBudget: 341
# nbConfigurations: 41
  Markers:
     x No test is performed.
     - The test is performed and some configurations are discarded.
     = The test is performed but no configuration is discarded.
     ! The test is performed and configurations could be discarded but elite configurations are preserved.
     . All alive configurations are elite and nothing is discarded

+-+-----------+-----------+-----------+---------------+-----------+--------+-----+----+------+
| |   Instance|      Alive|       Best|      Mean best| Exp so far|  W time|  rho|KenW|  Qvar|
+-+-----------+-----------+-----------+---------------+-----------+--------+-----+----+------+
|x|          8|         41|        148|  -0.2627214561|         41|00:18:14|   NA|  NA|    NA|
|x|          5|         41|        148|  -0.2636432574|         78|00:17:06|+0.91|0.95|0.0466|
|x|          3|         41|        148|  -0.2659801773|        115|00:17:04|+0.93|0.96|0.0310|
|x|          1|         41|        148|  -0.2633205088|        152|00:17:05|+0.95|0.96|0.0233|
|!|          2|          6|        148|  -0.2635524609|        189|00:17:08|+0.63|0.71|0.5155|
+-+-----------+-----------+-----------+---------------+-----------+--------+-----+----+------+
Best-so-far configuration:          75    mean value:     536870911.8
Description of the best-so-far configuration:
   .ID. dataset  job_id cutoff metafolds           task sparse f_eng1 f_eng2 scaling    algorithm pre_scaling extraction ext_components selection lr_C lr_solver multi_class  C kernel rf_estimators criterion_classification criterion_regression max_features max_depth min_samples_leaf solver alpha hidden_layers neurons1 activation n_neighbors weights ab_estimators ab_learning_rate ab_loss whiten svd_solver ica_algorithm ica_fun dl_fit_algorithm dl_transform_algorithm sel_model sel_score_classification sel_score_regression sel_percentile sel_threshold max_iter lr_penalty degree gamma max_depth_value mlp_learning_rate learning_rate_init neurons2 neurons3 lr_dual .PARENT.
75   75    svhn 1585217     15         3 classification  False   none   none   False DecisionTree        <NA>       <NA>             NA      <NA>   NA      <NA>        <NA> NA   <NA>            NA                     gini                   NA       0.5619     value           0.0156   <NA>    NA            NA       NA       <NA>          NA    <NA>            NA               NA      NA   <NA>       <NA>          <NA>    <NA>             <NA>                   <NA>      <NA>                     <NA>                   NA             NA          <NA>       NA       <NA>     NA    NA              22              <NA>                 NA       NA       NA      NA       18

# 2020-08-15 14:28:49 BRT: Elite configurations (first number is the configuration ID; listed from best to worst according to the sum of ranks):
    dataset  job_id cutoff metafolds           task sparse f_eng1    f_eng2 scaling    algorithm pre_scaling extraction ext_components        selection lr_C lr_solver multi_class  C kernel rf_estimators criterion_classification criterion_regression max_features max_depth min_samples_leaf solver alpha hidden_layers neurons1 activation n_neighbors weights ab_estimators ab_learning_rate ab_loss whiten svd_solver ica_algorithm ica_fun dl_fit_algorithm dl_transform_algorithm sel_model sel_score_classification sel_score_regression sel_percentile sel_threshold max_iter lr_penalty degree gamma max_depth_value mlp_learning_rate learning_rate_init neurons2 neurons3 lr_dual
75     svhn 1585217     15         3 classification  False   none      none   False DecisionTree        <NA>       <NA>             NA             <NA>   NA      <NA>        <NA> NA   <NA>            NA                     gini                   NA       0.5619     value           0.0156   <NA>    NA            NA       NA       <NA>          NA    <NA>            NA               NA      NA   <NA>       <NA>          <NA>    <NA>             <NA>                   <NA>      <NA>                     <NA>                   NA             NA          <NA>       NA       <NA>     NA    NA              22              <NA>                 NA       NA       NA      NA
18     svhn 1585217     15         3 classification  False   none      none   False DecisionTree        <NA>       <NA>             NA             <NA>   NA      <NA>        <NA> NA   <NA>            NA                     gini                   NA       0.0526      none           0.0295   <NA>    NA            NA       NA       <NA>          NA    <NA>            NA               NA      NA   <NA>       <NA>          <NA>    <NA>             <NA>                   <NA>      <NA>                     <NA>                   NA             NA          <NA>       NA       <NA>     NA    NA               3              <NA>                 NA       NA       NA      NA
119    svhn 1585217     15         3 classification  False   none Selection    True DecisionTree       False       <NA>             NA SelectPercentile   NA      <NA>        <NA> NA   <NA>            NA                     gini                   NA       0.7734     value           0.0169   <NA>    NA            NA       NA       <NA>          NA    <NA>            NA               NA      NA   <NA>       <NA>          <NA>    <NA>             <NA>                   <NA>      <NA>                f_classif                   NA             17          <NA>       NA       <NA>     NA    NA              17              <NA>                 NA       NA       NA      NA
113    svhn 1585217     15         3 classification  False   none      none   False DecisionTree        <NA>       <NA>             NA             <NA>   NA      <NA>        <NA> NA   <NA>            NA                     gini                   NA       0.2525     value           0.1056   <NA>    NA            NA       NA       <NA>          NA    <NA>            NA               NA      NA   <NA>       <NA>          <NA>    <NA>             <NA>                   <NA>      <NA>                     <NA>                   NA             NA          <NA>       NA       <NA>     NA    NA              35              <NA>                 NA       NA       NA      NA
148    svhn 1585217     15         3 classification  False   none      none   False DecisionTree        <NA>       <NA>             NA             <NA>   NA      <NA>        <NA> NA   <NA>            NA                     gini                   NA       0.5328     value           0.0166   <NA>    NA            NA       NA       <NA>          NA    <NA>            NA               NA      NA   <NA>       <NA>          <NA>    <NA>             <NA>                   <NA>      <NA>                     <NA>                   NA             NA          <NA>       NA       <NA>     NA    NA              30              <NA>                 NA       NA       NA      NA
156    svhn 1585217     15         3 classification  False   none      none   False DecisionTree        <NA>       <NA>             NA             <NA>   NA      <NA>        <NA> NA   <NA>            NA                     gini                   NA       0.2220     value           0.0209   <NA>    NA            NA       NA       <NA>          NA    <NA>            NA               NA      NA   <NA>       <NA>          <NA>    <NA>             <NA>                   <NA>      <NA>                     <NA>                   NA             NA          <NA>       NA       <NA>     NA    NA              27              <NA>                 NA       NA       NA      NA
# 2020-08-15 14:28:49 BRT: Iteration 5 of 7
# experimentsUsedSoFar: 823
# remainingBudget: 1177
# currentBudget: 392
# nbConfigurations: 44
  Markers:
     x No test is performed.
     - The test is performed and some configurations are discarded.
     = The test is performed but no configuration is discarded.
     ! The test is performed and configurations could be discarded but elite configurations are preserved.
     . All alive configurations are elite and nothing is discarded

+-+-----------+-----------+-----------+---------------+-----------+--------+-----+----+------+
| |   Instance|      Alive|       Best|      Mean best| Exp so far|  W time|  rho|KenW|  Qvar|
+-+-----------+-----------+-----------+---------------+-----------+--------+-----+----+------+
|x|          9|         44|        148|  -0.2659864230|         44|00:15:32|   NA|  NA|    NA|
|x|          3|         44|         75|  -0.2677404584|         82|00:15:12|+0.96|0.98|0.0688|
|x|          8|         44|        148|  -0.2664539654|        120|00:15:16|+0.97|0.98|0.0459|
|x|          5|         44|        148|  -0.2659817387|        158|00:15:18|+0.92|0.94|0.0799|
|!|          4|          7|        148|  -0.2663008679|        200|00:15:39|+0.71|0.77|0.5035|
+-+-----------+-----------+-----------+---------------+-----------+--------+-----+----+------+
Best-so-far configuration:          75    mean value:     477218588.2
Description of the best-so-far configuration:
   .ID. dataset  job_id cutoff metafolds           task sparse f_eng1 f_eng2 scaling    algorithm pre_scaling extraction ext_components selection lr_C lr_solver multi_class  C kernel rf_estimators criterion_classification criterion_regression max_features max_depth min_samples_leaf solver alpha hidden_layers neurons1 activation n_neighbors weights ab_estimators ab_learning_rate ab_loss whiten svd_solver ica_algorithm ica_fun dl_fit_algorithm dl_transform_algorithm sel_model sel_score_classification sel_score_regression sel_percentile sel_threshold max_iter lr_penalty degree gamma max_depth_value mlp_learning_rate learning_rate_init neurons2 neurons3 lr_dual .PARENT.
75   75    svhn 1585217     15         3 classification  False   none   none   False DecisionTree        <NA>       <NA>             NA      <NA>   NA      <NA>        <NA> NA   <NA>            NA                     gini                   NA       0.5619     value           0.0156   <NA>    NA            NA       NA       <NA>          NA    <NA>            NA               NA      NA   <NA>       <NA>          <NA>    <NA>             <NA>                   <NA>      <NA>                     <NA>                   NA             NA          <NA>       NA       <NA>     NA    NA              22              <NA>                 NA       NA       NA      NA       18

# 2020-08-15 15:45:50 BRT: Elite configurations (first number is the configuration ID; listed from best to worst according to the sum of ranks):
    dataset  job_id cutoff metafolds           task sparse f_eng1    f_eng2 scaling    algorithm pre_scaling extraction ext_components        selection lr_C lr_solver multi_class  C kernel rf_estimators criterion_classification criterion_regression max_features max_depth min_samples_leaf solver alpha hidden_layers neurons1 activation n_neighbors weights ab_estimators ab_learning_rate ab_loss whiten svd_solver ica_algorithm ica_fun dl_fit_algorithm dl_transform_algorithm sel_model sel_score_classification sel_score_regression sel_percentile sel_threshold max_iter lr_penalty degree gamma max_depth_value mlp_learning_rate learning_rate_init neurons2 neurons3 lr_dual
75     svhn 1585217     15         3 classification  False   none      none   False DecisionTree        <NA>       <NA>             NA             <NA>   NA      <NA>        <NA> NA   <NA>            NA                     gini                   NA       0.5619     value           0.0156   <NA>    NA            NA       NA       <NA>          NA    <NA>            NA               NA      NA   <NA>       <NA>          <NA>    <NA>             <NA>                   <NA>      <NA>                     <NA>                   NA             NA          <NA>       NA       <NA>     NA    NA              22              <NA>                 NA       NA       NA      NA
18     svhn 1585217     15         3 classification  False   none      none   False DecisionTree        <NA>       <NA>             NA             <NA>   NA      <NA>        <NA> NA   <NA>            NA                     gini                   NA       0.0526      none           0.0295   <NA>    NA            NA       NA       <NA>          NA    <NA>            NA               NA      NA   <NA>       <NA>          <NA>    <NA>             <NA>                   <NA>      <NA>                     <NA>                   NA             NA          <NA>       NA       <NA>     NA    NA               3              <NA>                 NA       NA       NA      NA
119    svhn 1585217     15         3 classification  False   none Selection    True DecisionTree       False       <NA>             NA SelectPercentile   NA      <NA>        <NA> NA   <NA>            NA                     gini                   NA       0.7734     value           0.0169   <NA>    NA            NA       NA       <NA>          NA    <NA>            NA               NA      NA   <NA>       <NA>          <NA>    <NA>             <NA>                   <NA>      <NA>                f_classif                   NA             17          <NA>       NA       <NA>     NA    NA              17              <NA>                 NA       NA       NA      NA
113    svhn 1585217     15         3 classification  False   none      none   False DecisionTree        <NA>       <NA>             NA             <NA>   NA      <NA>        <NA> NA   <NA>            NA                     gini                   NA       0.2525     value           0.1056   <NA>    NA            NA       NA       <NA>          NA    <NA>            NA               NA      NA   <NA>       <NA>          <NA>    <NA>             <NA>                   <NA>      <NA>                     <NA>                   NA             NA          <NA>       NA       <NA>     NA    NA              35              <NA>                 NA       NA       NA      NA
148    svhn 1585217     15         3 classification  False   none      none   False DecisionTree        <NA>       <NA>             NA             <NA>   NA      <NA>        <NA> NA   <NA>            NA                     gini                   NA       0.5328     value           0.0166   <NA>    NA            NA       NA       <NA>          NA    <NA>            NA               NA      NA   <NA>       <NA>          <NA>    <NA>             <NA>                   <NA>      <NA>                     <NA>                   NA             NA          <NA>       NA       <NA>     NA    NA              30              <NA>                 NA       NA       NA      NA
156    svhn 1585217     15         3 classification  False   none      none   False DecisionTree        <NA>       <NA>             NA             <NA>   NA      <NA>        <NA> NA   <NA>            NA                     gini                   NA       0.2220     value           0.0209   <NA>    NA            NA       NA       <NA>          NA    <NA>            NA               NA      NA   <NA>       <NA>          <NA>    <NA>             <NA>                   <NA>      <NA>                     <NA>                   NA             NA          <NA>       NA       <NA>     NA    NA              27              <NA>                 NA       NA       NA      NA
167    svhn 1585217     15         3 classification  False   none      none    True DecisionTree        <NA>       <NA>             NA             <NA>   NA      <NA>        <NA> NA   <NA>            NA                     gini                   NA       0.4589     value           0.0321   <NA>    NA            NA       NA       <NA>          NA    <NA>            NA               NA      NA   <NA>       <NA>          <NA>    <NA>             <NA>                   <NA>      <NA>                     <NA>                   NA             NA          <NA>       NA       <NA>     NA    NA              23              <NA>                 NA       NA       NA      NA
# 2020-08-15 15:45:50 BRT: Iteration 6 of 7
# experimentsUsedSoFar: 1023
# remainingBudget: 977
# currentBudget: 488
# nbConfigurations: 55
  Markers:
     x No test is performed.
     - The test is performed and some configurations are discarded.
     = The test is performed but no configuration is discarded.
     ! The test is performed and configurations could be discarded but elite configurations are preserved.
     . All alive configurations are elite and nothing is discarded

+-+-----------+-----------+-----------+---------------+-----------+--------+-----+----+------+
| |   Instance|      Alive|       Best|      Mean best| Exp so far|  W time|  rho|KenW|  Qvar|
+-+-----------+-----------+-----------+---------------+-----------+--------+-----+----+------+
|x|         10|         55|        148|  -0.2641683807|         55|00:15:35|   NA|  NA|    NA|
|x|          8|         55|        148|  -0.2634449184|        103|00:15:29|+0.90|0.95|0.0000|
|x|          9|         55|        148|  -0.2642920866|        151|00:15:23|+0.93|0.96|0.0000|
|x|          7|         55|        148|  -0.2636501901|        202|00:15:32|+0.93|0.94|0.0000|
|!|          4|          8|        148|  -0.2644356290|        250|00:15:24|+0.88|0.91|0.0515|
|!|          5|          7|        148|  -0.2644572006|        251|00:00:17|+0.75|0.79|0.4279|
|.|          3|          7|        148|  -0.2653424601|        251|23:59:59|+0.77|0.80|0.3728|
+-+-----------+-----------+-----------+---------------+-----------+--------+-----+----+------+
Best-so-far configuration:          75    mean value:     429496729.4
Description of the best-so-far configuration:
   .ID. dataset  job_id cutoff metafolds           task sparse f_eng1 f_eng2 scaling    algorithm pre_scaling extraction ext_components selection lr_C lr_solver multi_class  C kernel rf_estimators criterion_classification criterion_regression max_features max_depth min_samples_leaf solver alpha hidden_layers neurons1 activation n_neighbors weights ab_estimators ab_learning_rate ab_loss whiten svd_solver ica_algorithm ica_fun dl_fit_algorithm dl_transform_algorithm sel_model sel_score_classification sel_score_regression sel_percentile sel_threshold max_iter lr_penalty degree gamma max_depth_value mlp_learning_rate learning_rate_init neurons2 neurons3 lr_dual .PARENT.
75   75    svhn 1585217     15         3 classification  False   none   none   False DecisionTree        <NA>       <NA>             NA      <NA>   NA      <NA>        <NA> NA   <NA>            NA                     gini                   NA       0.5619     value           0.0156   <NA>    NA            NA       NA       <NA>          NA    <NA>            NA               NA      NA   <NA>       <NA>          <NA>    <NA>             <NA>                   <NA>      <NA>                     <NA>                   NA             NA          <NA>       NA       <NA>     NA    NA              22              <NA>                 NA       NA       NA      NA       18

# 2020-08-15 17:03:34 BRT: Elite configurations (first number is the configuration ID; listed from best to worst according to the sum of ranks):
    dataset  job_id cutoff metafolds           task sparse f_eng1    f_eng2 scaling    algorithm pre_scaling extraction ext_components        selection lr_C lr_solver multi_class  C kernel rf_estimators criterion_classification criterion_regression max_features max_depth min_samples_leaf solver alpha hidden_layers neurons1 activation n_neighbors weights ab_estimators ab_learning_rate ab_loss whiten svd_solver ica_algorithm ica_fun dl_fit_algorithm dl_transform_algorithm sel_model sel_score_classification sel_score_regression sel_percentile sel_threshold max_iter lr_penalty degree gamma max_depth_value mlp_learning_rate learning_rate_init neurons2 neurons3 lr_dual
75     svhn 1585217     15         3 classification  False   none      none   False DecisionTree        <NA>       <NA>             NA             <NA>   NA      <NA>        <NA> NA   <NA>            NA                     gini                   NA       0.5619     value           0.0156   <NA>    NA            NA       NA       <NA>          NA    <NA>            NA               NA      NA   <NA>       <NA>          <NA>    <NA>             <NA>                   <NA>      <NA>                     <NA>                   NA             NA          <NA>       NA       <NA>     NA    NA              22              <NA>                 NA       NA       NA      NA
18     svhn 1585217     15         3 classification  False   none      none   False DecisionTree        <NA>       <NA>             NA             <NA>   NA      <NA>        <NA> NA   <NA>            NA                     gini                   NA       0.0526      none           0.0295   <NA>    NA            NA       NA       <NA>          NA    <NA>            NA               NA      NA   <NA>       <NA>          <NA>    <NA>             <NA>                   <NA>      <NA>                     <NA>                   NA             NA          <NA>       NA       <NA>     NA    NA               3              <NA>                 NA       NA       NA      NA
148    svhn 1585217     15         3 classification  False   none      none   False DecisionTree        <NA>       <NA>             NA             <NA>   NA      <NA>        <NA> NA   <NA>            NA                     gini                   NA       0.5328     value           0.0166   <NA>    NA            NA       NA       <NA>          NA    <NA>            NA               NA      NA   <NA>       <NA>          <NA>    <NA>             <NA>                   <NA>      <NA>                     <NA>                   NA             NA          <NA>       NA       <NA>     NA    NA              30              <NA>                 NA       NA       NA      NA
156    svhn 1585217     15         3 classification  False   none      none   False DecisionTree        <NA>       <NA>             NA             <NA>   NA      <NA>        <NA> NA   <NA>            NA                     gini                   NA       0.2220     value           0.0209   <NA>    NA            NA       NA       <NA>          NA    <NA>            NA               NA      NA   <NA>       <NA>          <NA>    <NA>             <NA>                   <NA>      <NA>                     <NA>                   NA             NA          <NA>       NA       <NA>     NA    NA              27              <NA>                 NA       NA       NA      NA
119    svhn 1585217     15         3 classification  False   none Selection    True DecisionTree       False       <NA>             NA SelectPercentile   NA      <NA>        <NA> NA   <NA>            NA                     gini                   NA       0.7734     value           0.0169   <NA>    NA            NA       NA       <NA>          NA    <NA>            NA               NA      NA   <NA>       <NA>          <NA>    <NA>             <NA>                   <NA>      <NA>                f_classif                   NA             17          <NA>       NA       <NA>     NA    NA              17              <NA>                 NA       NA       NA      NA
113    svhn 1585217     15         3 classification  False   none      none   False DecisionTree        <NA>       <NA>             NA             <NA>   NA      <NA>        <NA> NA   <NA>            NA                     gini                   NA       0.2525     value           0.1056   <NA>    NA            NA       NA       <NA>          NA    <NA>            NA               NA      NA   <NA>       <NA>          <NA>    <NA>             <NA>                   <NA>      <NA>                     <NA>                   NA             NA          <NA>       NA       <NA>     NA    NA              35              <NA>                 NA       NA       NA      NA
167    svhn 1585217     15         3 classification  False   none      none    True DecisionTree        <NA>       <NA>             NA             <NA>   NA      <NA>        <NA> NA   <NA>            NA                     gini                   NA       0.4589     value           0.0321   <NA>    NA            NA       NA       <NA>          NA    <NA>            NA               NA      NA   <NA>       <NA>          <NA>    <NA>             <NA>                   <NA>      <NA>                     <NA>                   NA             NA          <NA>       NA       <NA>     NA    NA              23              <NA>                 NA       NA       NA      NA
# 2020-08-15 17:03:34 BRT: Iteration 7 of 7
# experimentsUsedSoFar: 1274
# remainingBudget: 726
# currentBudget: 726
# nbConfigurations: 72
  Markers:
     x No test is performed.
     - The test is performed and some configurations are discarded.
     = The test is performed but no configuration is discarded.
     ! The test is performed and configurations could be discarded but elite configurations are preserved.
     . All alive configurations are elite and nothing is discarded

+-+-----------+-----------+-----------+---------------+-----------+--------+-----+----+------+
| |   Instance|      Alive|       Best|      Mean best| Exp so far|  W time|  rho|KenW|  Qvar|
+-+-----------+-----------+-----------+---------------+-----------+--------+-----+----+------+
|x|         11|         72|        295|  -0.2779121021|         72|00:02:12|   NA|  NA|    NA|
|x|          3|         72|        295|  -0.2821615649|        137|00:02:02|+0.96|0.98|0.0240|
|x|          1|         72|        295|  -0.2785021800|        203|00:02:01|+0.97|0.98|0.0223|
|x|          5|         72|        295|  -0.2793682336|        268|00:01:50|+0.93|0.95|0.6285|
|!|          7|         12|        295|  -0.2778544700|        333|00:02:04|+0.78|0.82|0.4935|
|!|          6|          8|        295|  -0.2771770574|        343|00:01:20|+0.80|0.83|0.4141|
|-|          8|          8|        295|  -0.2765149716|        344|00:01:19|+0.82|0.85|0.3593|
|-|          2|          8|        295|  -0.2767361852|        346|00:01:15|+0.84|0.86|0.3178|
|-|          9|          8|        295|  -0.2768388390|        347|00:01:13|+0.85|0.87|0.2830|
|-|          4|          8|        295|  -0.2769438152|        348|00:01:20|+0.86|0.88|0.2552|
|!|         10|          1|        295|  -0.2768487611|        349|00:01:19|   NA|  NA|    NA|
+-+-----------+-----------+-----------+---------------+-----------+--------+-----+----+------+
Best-so-far configuration:         295    mean value:   -0.2768487611
Description of the best-so-far configuration:
    .ID. dataset  job_id cutoff metafolds           task sparse f_eng1 f_eng2 scaling    algorithm pre_scaling extraction ext_components selection lr_C lr_solver multi_class  C kernel rf_estimators criterion_classification criterion_regression max_features max_depth min_samples_leaf solver alpha hidden_layers neurons1 activation n_neighbors weights ab_estimators ab_learning_rate ab_loss whiten svd_solver ica_algorithm ica_fun dl_fit_algorithm dl_transform_algorithm sel_model sel_score_classification sel_score_regression sel_percentile sel_threshold max_iter lr_penalty degree gamma max_depth_value mlp_learning_rate learning_rate_init neurons2 neurons3 lr_dual .PARENT.
295  295    svhn 1585217     15         3 classification  False   none   none   False DecisionTree        <NA>       <NA>             NA      <NA>   NA      <NA>        <NA> NA   <NA>            NA                     gini                   NA       0.7817     value           0.0105   <NA>    NA            NA       NA       <NA>          NA    <NA>            NA               NA      NA   <NA>       <NA>          <NA>    <NA>             <NA>                   <NA>      <NA>                     <NA>                   NA             NA          <NA>       NA       <NA>     NA    NA              29              <NA>                 NA       NA       NA      NA      148

# 2020-08-15 17:21:36 BRT: Elite configurations (first number is the configuration ID; listed from best to worst according to the sum of ranks):
    dataset  job_id cutoff metafolds           task sparse f_eng1 f_eng2 scaling    algorithm pre_scaling extraction ext_components selection lr_C lr_solver multi_class  C kernel rf_estimators criterion_classification criterion_regression max_features max_depth min_samples_leaf solver alpha hidden_layers neurons1 activation n_neighbors weights ab_estimators ab_learning_rate ab_loss whiten svd_solver ica_algorithm ica_fun dl_fit_algorithm dl_transform_algorithm sel_model sel_score_classification sel_score_regression sel_percentile sel_threshold max_iter lr_penalty degree gamma max_depth_value mlp_learning_rate learning_rate_init neurons2 neurons3 lr_dual
295    svhn 1585217     15         3 classification  False   none   none   False DecisionTree        <NA>       <NA>             NA      <NA>   NA      <NA>        <NA> NA   <NA>            NA                     gini                   NA       0.7817     value           0.0105   <NA>    NA            NA       NA       <NA>          NA    <NA>            NA               NA      NA   <NA>       <NA>          <NA>    <NA>             <NA>                   <NA>      <NA>                     <NA>                   NA             NA          <NA>       NA       <NA>     NA    NA              29              <NA>                 NA       NA       NA      NA
# 2020-08-15 17:21:36 BRT: Iteration 8 of 8
# experimentsUsedSoFar: 1623
# remainingBudget: 377
# currentBudget: 377
# nbConfigurations: 32
  Markers:
     x No test is performed.
     - The test is performed and some configurations are discarded.
     = The test is performed but no configuration is discarded.
     ! The test is performed and configurations could be discarded but elite configurations are preserved.
     . All alive configurations are elite and nothing is discarded

+-+-----------+-----------+-----------+---------------+-----------+--------+-----+----+------+
| |   Instance|      Alive|       Best|      Mean best| Exp so far|  W time|  rho|KenW|  Qvar|
+-+-----------+-----------+-----------+---------------+-----------+--------+-----+----+------+
|x|         12|         32|        295|  -0.2828263084|         32|00:01:34|   NA|  NA|    NA|
|x|         10|         32|        295|  -0.2793622643|         63|00:01:24|+0.93|0.97|0.0290|
|x|          6|         32|        295|  -0.2775048409|         94|00:01:25|+0.94|0.96|0.0400|
|x|          2|         32|        295|  -0.2776998008|        125|00:01:24|+0.94|0.95|0.0380|
|!|          8|          3|        295|  -0.2766683320|        156|00:01:31|+1.00|1.00|0.0085|
+-+-----------+-----------+-----------+---------------+-----------+--------+-----+----+------+
Best-so-far configuration:         295    mean value:   -0.2773468900
Description of the best-so-far configuration:
    .ID. dataset  job_id cutoff metafolds           task sparse f_eng1 f_eng2 scaling    algorithm pre_scaling extraction ext_components selection lr_C lr_solver multi_class  C kernel rf_estimators criterion_classification criterion_regression max_features max_depth min_samples_leaf solver alpha hidden_layers neurons1 activation n_neighbors weights ab_estimators ab_learning_rate ab_loss whiten svd_solver ica_algorithm ica_fun dl_fit_algorithm dl_transform_algorithm sel_model sel_score_classification sel_score_regression sel_percentile sel_threshold max_iter lr_penalty degree gamma max_depth_value mlp_learning_rate learning_rate_init neurons2 neurons3 lr_dual .PARENT.
295  295    svhn 1585217     15         3 classification  False   none   none   False DecisionTree        <NA>       <NA>             NA      <NA>   NA      <NA>        <NA> NA   <NA>            NA                     gini                   NA       0.7817     value           0.0105   <NA>    NA            NA       NA       <NA>          NA    <NA>            NA               NA      NA   <NA>       <NA>          <NA>    <NA>             <NA>                   <NA>      <NA>                     <NA>                   NA             NA          <NA>       NA       <NA>     NA    NA              29              <NA>                 NA       NA       NA      NA      148

# 2020-08-15 17:28:57 BRT: Elite configurations (first number is the configuration ID; listed from best to worst according to the sum of ranks):
    dataset  job_id cutoff metafolds           task sparse f_eng1 f_eng2 scaling    algorithm pre_scaling extraction ext_components selection lr_C lr_solver multi_class  C kernel rf_estimators criterion_classification criterion_regression max_features max_depth min_samples_leaf solver alpha hidden_layers neurons1 activation n_neighbors weights ab_estimators ab_learning_rate ab_loss whiten svd_solver ica_algorithm ica_fun dl_fit_algorithm dl_transform_algorithm sel_model sel_score_classification sel_score_regression sel_percentile sel_threshold max_iter lr_penalty degree gamma max_depth_value mlp_learning_rate learning_rate_init neurons2 neurons3 lr_dual
295    svhn 1585217     15         3 classification  False   none   none   False DecisionTree        <NA>       <NA>             NA      <NA>   NA      <NA>        <NA> NA   <NA>            NA                     gini                   NA       0.7817     value           0.0105   <NA>    NA            NA       NA       <NA>          NA    <NA>            NA               NA      NA   <NA>       <NA>          <NA>    <NA>             <NA>                   <NA>      <NA>                     <NA>                   NA             NA          <NA>       NA       <NA>     NA    NA              29              <NA>                 NA       NA       NA      NA
343    svhn 1585217     15         3 classification  False   none   none   False DecisionTree        <NA>       <NA>             NA      <NA>   NA      <NA>        <NA> NA   <NA>            NA                     gini                   NA       0.8415     value           0.0189   <NA>    NA            NA       NA       <NA>          NA    <NA>            NA               NA      NA   <NA>       <NA>          <NA>    <NA>             <NA>                   <NA>      <NA>                     <NA>                   NA             NA          <NA>       NA       <NA>     NA    NA              21              <NA>                 NA       NA       NA      NA
319    svhn 1585217     15         3 classification  False   none   none   False DecisionTree        <NA>       <NA>             NA      <NA>   NA      <NA>        <NA> NA   <NA>            NA                     gini                   NA       0.4843     value           0.0285   <NA>    NA            NA       NA       <NA>          NA    <NA>            NA               NA      NA   <NA>       <NA>          <NA>    <NA>             <NA>                   <NA>      <NA>                     <NA>                   NA             NA          <NA>       NA       <NA>     NA    NA              23              <NA>                 NA       NA       NA      NA
# 2020-08-15 17:28:57 BRT: Iteration 9 of 9
# experimentsUsedSoFar: 1779
# remainingBudget: 221
# currentBudget: 221
# nbConfigurations: 19
  Markers:
     x No test is performed.
     - The test is performed and some configurations are discarded.
     = The test is performed but no configuration is discarded.
     ! The test is performed and configurations could be discarded but elite configurations are preserved.
     . All alive configurations are elite and nothing is discarded

+-+-----------+-----------+-----------+---------------+-----------+--------+-----+----+------+
| |   Instance|      Alive|       Best|      Mean best| Exp so far|  W time|  rho|KenW|  Qvar|
+-+-----------+-----------+-----------+---------------+-----------+--------+-----+----+------+
|x|         13|         19|        295|  -0.2759622904|         19|00:01:21|   NA|  NA|    NA|
|x|          1|         19|        295|  -0.2735728502|         37|00:01:35|+0.97|0.99|0.0127|
|x|          7|         19|        295|  -0.2729817055|         55|00:01:30|+0.96|0.97|0.0198|
|x|          4|         19|        295|  -0.2742084293|         73|00:01:23|+0.96|0.97|0.0191|
|!|         12|          4|        295|  -0.2759320051|         89|00:01:20|+0.92|0.94|0.0504|
+-+-----------+-----------+-----------+---------------+-----------+--------+-----+----+------+
Best-so-far configuration:         295    mean value:   -0.2772403824
Description of the best-so-far configuration:
    .ID. dataset  job_id cutoff metafolds           task sparse f_eng1 f_eng2 scaling    algorithm pre_scaling extraction ext_components selection lr_C lr_solver multi_class  C kernel rf_estimators criterion_classification criterion_regression max_features max_depth min_samples_leaf solver alpha hidden_layers neurons1 activation n_neighbors weights ab_estimators ab_learning_rate ab_loss whiten svd_solver ica_algorithm ica_fun dl_fit_algorithm dl_transform_algorithm sel_model sel_score_classification sel_score_regression sel_percentile sel_threshold max_iter lr_penalty degree gamma max_depth_value mlp_learning_rate learning_rate_init neurons2 neurons3 lr_dual .PARENT.
295  295    svhn 1585217     15         3 classification  False   none   none   False DecisionTree        <NA>       <NA>             NA      <NA>   NA      <NA>        <NA> NA   <NA>            NA                     gini                   NA       0.7817     value           0.0105   <NA>    NA            NA       NA       <NA>          NA    <NA>            NA               NA      NA   <NA>       <NA>          <NA>    <NA>             <NA>                   <NA>      <NA>                     <NA>                   NA             NA          <NA>       NA       <NA>     NA    NA              29              <NA>                 NA       NA       NA      NA      148

# 2020-08-15 17:36:09 BRT: Elite configurations (first number is the configuration ID; listed from best to worst according to the sum of ranks):
    dataset  job_id cutoff metafolds           task sparse f_eng1 f_eng2 scaling    algorithm pre_scaling extraction ext_components selection lr_C lr_solver multi_class  C kernel rf_estimators criterion_classification criterion_regression max_features max_depth min_samples_leaf solver alpha hidden_layers neurons1 activation n_neighbors weights ab_estimators ab_learning_rate ab_loss whiten svd_solver ica_algorithm ica_fun dl_fit_algorithm dl_transform_algorithm sel_model sel_score_classification sel_score_regression sel_percentile sel_threshold max_iter lr_penalty degree gamma max_depth_value mlp_learning_rate learning_rate_init neurons2 neurons3 lr_dual
295    svhn 1585217     15         3 classification  False   none   none   False DecisionTree        <NA>       <NA>             NA      <NA>   NA      <NA>        <NA> NA   <NA>            NA                     gini                   NA       0.7817     value           0.0105   <NA>    NA            NA       NA       <NA>          NA    <NA>            NA               NA      NA   <NA>       <NA>          <NA>    <NA>             <NA>                   <NA>      <NA>                     <NA>                   NA             NA          <NA>       NA       <NA>     NA    NA              29              <NA>                 NA       NA       NA      NA
343    svhn 1585217     15         3 classification  False   none   none   False DecisionTree        <NA>       <NA>             NA      <NA>   NA      <NA>        <NA> NA   <NA>            NA                     gini                   NA       0.8415     value           0.0189   <NA>    NA            NA       NA       <NA>          NA    <NA>            NA               NA      NA   <NA>       <NA>          <NA>    <NA>             <NA>                   <NA>      <NA>                     <NA>                   NA             NA          <NA>       NA       <NA>     NA    NA              21              <NA>                 NA       NA       NA      NA
319    svhn 1585217     15         3 classification  False   none   none   False DecisionTree        <NA>       <NA>             NA      <NA>   NA      <NA>        <NA> NA   <NA>            NA                     gini                   NA       0.4843     value           0.0285   <NA>    NA            NA       NA       <NA>          NA    <NA>            NA               NA      NA   <NA>       <NA>          <NA>    <NA>             <NA>                   <NA>      <NA>                     <NA>                   NA             NA          <NA>       NA       <NA>     NA    NA              23              <NA>                 NA       NA       NA      NA
361    svhn 1585217     15         3 classification  False   none   none   False DecisionTree        <NA>       <NA>             NA      <NA>   NA      <NA>        <NA> NA   <NA>            NA                     gini                   NA       0.8347     value           0.0138   <NA>    NA            NA       NA       <NA>          NA    <NA>            NA               NA      NA   <NA>       <NA>          <NA>    <NA>             <NA>                   <NA>      <NA>                     <NA>                   NA             NA          <NA>       NA       <NA>     NA    NA              44              <NA>                 NA       NA       NA      NA
# 2020-08-15 17:36:09 BRT: Iteration 10 of 10
# experimentsUsedSoFar: 1868
# remainingBudget: 132
# currentBudget: 132
# nbConfigurations: 13
  Markers:
     x No test is performed.
     - The test is performed and some configurations are discarded.
     = The test is performed but no configuration is discarded.
     ! The test is performed and configurations could be discarded but elite configurations are preserved.
     . All alive configurations are elite and nothing is discarded

+-+-----------+-----------+-----------+---------------+-----------+--------+-----+----+------+
| |   Instance|      Alive|       Best|      Mean best| Exp so far|  W time|  rho|KenW|  Qvar|
+-+-----------+-----------+-----------+---------------+-----------+--------+-----+----+------+
|x|         14|         13|        295|  -0.2823575632|         13|00:01:29|   NA|  NA|    NA|
|x|          1|         13|        295|  -0.2767704866|         22|00:01:15|+0.97|0.99|0.0248|
|x|          8|         13|        295|  -0.2753611433|         32|00:01:27|+0.97|0.98|0.0208|
|x|         10|         13|        295|  -0.2754954125|         42|00:01:22|+0.97|0.98|0.0197|
|!|         11|          4|        295|  -0.2759787504|         54|00:01:23|+1.00|1.00|0.0392|
+-+-----------+-----------+-----------+---------------+-----------+--------+-----+----+------+
Best-so-far configuration:         295    mean value:   -0.2776058953
Description of the best-so-far configuration:
    .ID. dataset  job_id cutoff metafolds           task sparse f_eng1 f_eng2 scaling    algorithm pre_scaling extraction ext_components selection lr_C lr_solver multi_class  C kernel rf_estimators criterion_classification criterion_regression max_features max_depth min_samples_leaf solver alpha hidden_layers neurons1 activation n_neighbors weights ab_estimators ab_learning_rate ab_loss whiten svd_solver ica_algorithm ica_fun dl_fit_algorithm dl_transform_algorithm sel_model sel_score_classification sel_score_regression sel_percentile sel_threshold max_iter lr_penalty degree gamma max_depth_value mlp_learning_rate learning_rate_init neurons2 neurons3 lr_dual .PARENT.
295  295    svhn 1585217     15         3 classification  False   none   none   False DecisionTree        <NA>       <NA>             NA      <NA>   NA      <NA>        <NA> NA   <NA>            NA                     gini                   NA       0.7817     value           0.0105   <NA>    NA            NA       NA       <NA>          NA    <NA>            NA               NA      NA   <NA>       <NA>          <NA>    <NA>             <NA>                   <NA>      <NA>                     <NA>                   NA             NA          <NA>       NA       <NA>     NA    NA              29              <NA>                 NA       NA       NA      NA      148

# 2020-08-15 17:43:08 BRT: Elite configurations (first number is the configuration ID; listed from best to worst according to the sum of ranks):
    dataset  job_id cutoff metafolds           task sparse f_eng1 f_eng2 scaling    algorithm pre_scaling extraction ext_components selection lr_C lr_solver multi_class  C kernel rf_estimators criterion_classification criterion_regression max_features max_depth min_samples_leaf solver alpha hidden_layers neurons1 activation n_neighbors weights ab_estimators ab_learning_rate ab_loss whiten svd_solver ica_algorithm ica_fun dl_fit_algorithm dl_transform_algorithm sel_model sel_score_classification sel_score_regression sel_percentile sel_threshold max_iter lr_penalty degree gamma max_depth_value mlp_learning_rate learning_rate_init neurons2 neurons3 lr_dual
295    svhn 1585217     15         3 classification  False   none   none   False DecisionTree        <NA>       <NA>             NA      <NA>   NA      <NA>        <NA> NA   <NA>            NA                     gini                   NA       0.7817     value           0.0105   <NA>    NA            NA       NA       <NA>          NA    <NA>            NA               NA      NA   <NA>       <NA>          <NA>    <NA>             <NA>                   <NA>      <NA>                     <NA>                   NA             NA          <NA>       NA       <NA>     NA    NA              29              <NA>                 NA       NA       NA      NA
343    svhn 1585217     15         3 classification  False   none   none   False DecisionTree        <NA>       <NA>             NA      <NA>   NA      <NA>        <NA> NA   <NA>            NA                     gini                   NA       0.8415     value           0.0189   <NA>    NA            NA       NA       <NA>          NA    <NA>            NA               NA      NA   <NA>       <NA>          <NA>    <NA>             <NA>                   <NA>      <NA>                     <NA>                   NA             NA          <NA>       NA       <NA>     NA    NA              21              <NA>                 NA       NA       NA      NA
319    svhn 1585217     15         3 classification  False   none   none   False DecisionTree        <NA>       <NA>             NA      <NA>   NA      <NA>        <NA> NA   <NA>            NA                     gini                   NA       0.4843     value           0.0285   <NA>    NA            NA       NA       <NA>          NA    <NA>            NA               NA      NA   <NA>       <NA>          <NA>    <NA>             <NA>                   <NA>      <NA>                     <NA>                   NA             NA          <NA>       NA       <NA>     NA    NA              23              <NA>                 NA       NA       NA      NA
361    svhn 1585217     15         3 classification  False   none   none   False DecisionTree        <NA>       <NA>             NA      <NA>   NA      <NA>        <NA> NA   <NA>            NA                     gini                   NA       0.8347     value           0.0138   <NA>    NA            NA       NA       <NA>          NA    <NA>            NA               NA      NA   <NA>       <NA>          <NA>    <NA>             <NA>                   <NA>      <NA>                     <NA>                   NA             NA          <NA>       NA       <NA>     NA    NA              44              <NA>                 NA       NA       NA      NA
# 2020-08-15 17:43:08 BRT: Iteration 11 of 11
# experimentsUsedSoFar: 1922
# remainingBudget: 78
# currentBudget: 78
# nbConfigurations: 8
  Markers:
     x No test is performed.
     - The test is performed and some configurations are discarded.
     = The test is performed but no configuration is discarded.
     ! The test is performed and configurations could be discarded but elite configurations are preserved.
     . All alive configurations are elite and nothing is discarded

+-+-----------+-----------+-----------+---------------+-----------+--------+-----+----+------+
| |   Instance|      Alive|       Best|      Mean best| Exp so far|  W time|  rho|KenW|  Qvar|
+-+-----------+-----------+-----------+---------------+-----------+--------+-----+----+------+
|x|         15|          8|        295|  -0.2830884238|          8|00:01:18|   NA|  NA|    NA|
|x|          8|          8|        295|  -0.2778154402|         12|00:01:04|+1.00|1.00|0.0055|
|x|          2|          8|        295|  -0.2779718537|         17|00:01:15|+0.98|0.99|0.0092|
|x|         14|          8|        295|  -0.2790682810|         21|00:00:59|+0.97|0.98|0.0170|
|!|          6|          4|        295|  -0.2780126237|         26|00:01:18|+1.00|1.00|0.0393|
|.|         11|          4|        295|  -0.2779958701|         26|23:59:59|+1.00|1.00|0.0333|
|.|         12|          4|        295|  -0.2786859327|         26|23:59:59|+0.94|0.95|0.0356|
|.|          4|          4|        295|  -0.2785862662|         26|23:59:59|+0.95|0.96|0.0359|
+-+-----------+-----------+-----------+---------------+-----------+--------+-----+----+------+
Best-so-far configuration:         295    mean value:   -0.2779713972
Description of the best-so-far configuration:
    .ID. dataset  job_id cutoff metafolds           task sparse f_eng1 f_eng2 scaling    algorithm pre_scaling extraction ext_components selection lr_C lr_solver multi_class  C kernel rf_estimators criterion_classification criterion_regression max_features max_depth min_samples_leaf solver alpha hidden_layers neurons1 activation n_neighbors weights ab_estimators ab_learning_rate ab_loss whiten svd_solver ica_algorithm ica_fun dl_fit_algorithm dl_transform_algorithm sel_model sel_score_classification sel_score_regression sel_percentile sel_threshold max_iter lr_penalty degree gamma max_depth_value mlp_learning_rate learning_rate_init neurons2 neurons3 lr_dual .PARENT.
295  295    svhn 1585217     15         3 classification  False   none   none   False DecisionTree        <NA>       <NA>             NA      <NA>   NA      <NA>        <NA> NA   <NA>            NA                     gini                   NA       0.7817     value           0.0105   <NA>    NA            NA       NA       <NA>          NA    <NA>            NA               NA      NA   <NA>       <NA>          <NA>    <NA>             <NA>                   <NA>      <NA>                     <NA>                   NA             NA          <NA>       NA       <NA>     NA    NA              29              <NA>                 NA       NA       NA      NA      148

# 2020-08-15 17:49:05 BRT: Elite configurations (first number is the configuration ID; listed from best to worst according to the sum of ranks):
    dataset  job_id cutoff metafolds           task sparse f_eng1 f_eng2 scaling    algorithm pre_scaling extraction ext_components selection lr_C lr_solver multi_class  C kernel rf_estimators criterion_classification criterion_regression max_features max_depth min_samples_leaf solver alpha hidden_layers neurons1 activation n_neighbors weights ab_estimators ab_learning_rate ab_loss whiten svd_solver ica_algorithm ica_fun dl_fit_algorithm dl_transform_algorithm sel_model sel_score_classification sel_score_regression sel_percentile sel_threshold max_iter lr_penalty degree gamma max_depth_value mlp_learning_rate learning_rate_init neurons2 neurons3 lr_dual
295    svhn 1585217     15         3 classification  False   none   none   False DecisionTree        <NA>       <NA>             NA      <NA>   NA      <NA>        <NA> NA   <NA>            NA                     gini                   NA       0.7817     value           0.0105   <NA>    NA            NA       NA       <NA>          NA    <NA>            NA               NA      NA   <NA>       <NA>          <NA>    <NA>             <NA>                   <NA>      <NA>                     <NA>                   NA             NA          <NA>       NA       <NA>     NA    NA              29              <NA>                 NA       NA       NA      NA
361    svhn 1585217     15         3 classification  False   none   none   False DecisionTree        <NA>       <NA>             NA      <NA>   NA      <NA>        <NA> NA   <NA>            NA                     gini                   NA       0.8347     value           0.0138   <NA>    NA            NA       NA       <NA>          NA    <NA>            NA               NA      NA   <NA>       <NA>          <NA>    <NA>             <NA>                   <NA>      <NA>                     <NA>                   NA             NA          <NA>       NA       <NA>     NA    NA              44              <NA>                 NA       NA       NA      NA
343    svhn 1585217     15         3 classification  False   none   none   False DecisionTree        <NA>       <NA>             NA      <NA>   NA      <NA>        <NA> NA   <NA>            NA                     gini                   NA       0.8415     value           0.0189   <NA>    NA            NA       NA       <NA>          NA    <NA>            NA               NA      NA   <NA>       <NA>          <NA>    <NA>             <NA>                   <NA>      <NA>                     <NA>                   NA             NA          <NA>       NA       <NA>     NA    NA              21              <NA>                 NA       NA       NA      NA
319    svhn 1585217     15         3 classification  False   none   none   False DecisionTree        <NA>       <NA>             NA      <NA>   NA      <NA>        <NA> NA   <NA>            NA                     gini                   NA       0.4843     value           0.0285   <NA>    NA            NA       NA       <NA>          NA    <NA>            NA               NA      NA   <NA>       <NA>          <NA>    <NA>             <NA>                   <NA>      <NA>                     <NA>                   NA             NA          <NA>       NA       <NA>     NA    NA              23              <NA>                 NA       NA       NA      NA
# 2020-08-15 17:49:05 BRT: Stopped because there is not enough budget left to race more than the minimum (7)
# You may either increase the budget or set 'minNbSurvival' to a lower value
# Iteration: 12
# nbIterations: 12
# experimentsUsedSoFar: 1948
# timeUsed: 0
# remainingBudget: 52
# currentBudget: 52
# number of elites: 4
# nbConfigurations: 7
# Best configurations (first number is the configuration ID; listed from best to worst according to the sum of ranks):
    dataset  job_id cutoff metafolds           task sparse f_eng1 f_eng2 scaling    algorithm pre_scaling extraction ext_components selection lr_C lr_solver multi_class  C kernel rf_estimators criterion_classification criterion_regression max_features max_depth min_samples_leaf solver alpha hidden_layers neurons1 activation n_neighbors weights ab_estimators ab_learning_rate ab_loss whiten svd_solver ica_algorithm ica_fun dl_fit_algorithm dl_transform_algorithm sel_model sel_score_classification sel_score_regression sel_percentile sel_threshold max_iter lr_penalty degree gamma max_depth_value mlp_learning_rate learning_rate_init neurons2 neurons3 lr_dual
295    svhn 1585217     15         3 classification  False   none   none   False DecisionTree        <NA>       <NA>             NA      <NA>   NA      <NA>        <NA> NA   <NA>            NA                     gini                   NA       0.7817     value           0.0105   <NA>    NA            NA       NA       <NA>          NA    <NA>            NA               NA      NA   <NA>       <NA>          <NA>    <NA>             <NA>                   <NA>      <NA>                     <NA>                   NA             NA          <NA>       NA       <NA>     NA    NA              29              <NA>                 NA       NA       NA      NA
361    svhn 1585217     15         3 classification  False   none   none   False DecisionTree        <NA>       <NA>             NA      <NA>   NA      <NA>        <NA> NA   <NA>            NA                     gini                   NA       0.8347     value           0.0138   <NA>    NA            NA       NA       <NA>          NA    <NA>            NA               NA      NA   <NA>       <NA>          <NA>    <NA>             <NA>                   <NA>      <NA>                     <NA>                   NA             NA          <NA>       NA       <NA>     NA    NA              44              <NA>                 NA       NA       NA      NA
343    svhn 1585217     15         3 classification  False   none   none   False DecisionTree        <NA>       <NA>             NA      <NA>   NA      <NA>        <NA> NA   <NA>            NA                     gini                   NA       0.8415     value           0.0189   <NA>    NA            NA       NA       <NA>          NA    <NA>            NA               NA      NA   <NA>       <NA>          <NA>    <NA>             <NA>                   <NA>      <NA>                     <NA>                   NA             NA          <NA>       NA       <NA>     NA    NA              21              <NA>                 NA       NA       NA      NA
319    svhn 1585217     15         3 classification  False   none   none   False DecisionTree        <NA>       <NA>             NA      <NA>   NA      <NA>        <NA> NA   <NA>            NA                     gini                   NA       0.4843     value           0.0285   <NA>    NA            NA       NA       <NA>          NA    <NA>            NA               NA      NA   <NA>       <NA>          <NA>    <NA>             <NA>                   <NA>      <NA>                     <NA>                   NA             NA          <NA>       NA       <NA>     NA    NA              23              <NA>                 NA       NA       NA      NA
# Best configurations as commandlines (first number is the configuration ID; same order as above):
295  --dataset svhn --job_id 1585217 --cutoff 15 --metafolds 3 --task classification --sparse False --f_eng1 none --f_eng2 none --scaling False --algorithm DecisionTree --criterion_classification gini --max_features 0.7817 --max_depth value --max_depth_value 29 --min_samples_leaf 0.0105
361  --dataset svhn --job_id 1585217 --cutoff 15 --metafolds 3 --task classification --sparse False --f_eng1 none --f_eng2 none --scaling False --algorithm DecisionTree --criterion_classification gini --max_features 0.8347 --max_depth value --max_depth_value 44 --min_samples_leaf 0.0138
343  --dataset svhn --job_id 1585217 --cutoff 15 --metafolds 3 --task classification --sparse False --f_eng1 none --f_eng2 none --scaling False --algorithm DecisionTree --criterion_classification gini --max_features 0.8415 --max_depth value --max_depth_value 21 --min_samples_leaf 0.0189
319  --dataset svhn --job_id 1585217 --cutoff 15 --metafolds 3 --task classification --sparse False --f_eng1 none --f_eng2 none --scaling False --algorithm DecisionTree --criterion_classification gini --max_features 0.4843 --max_depth value --max_depth_value 23 --min_samples_leaf 0.0285
