*******************************************************************************
* irace: An implementation in R of Iterated Race
* Version: 3.1.2112M
* Copyright (C) 2010-2018
* Manuel Lopez-Ibanez     <manuel.lopez-ibanez@manchester.ac.uk>
* Jeremie Dubois-Lacoste  
* Leslie Perez Caceres    <leslie.perez.caceres@ulb.ac.be>
*
* This is free software, and you are welcome to redistribute it under certain
* conditions.  See the GNU General Public License for details. There is NO
* WARRANTY; not even for MERCHANTABILITY or FITNESS FOR A PARTICULAR PURPOSE.
*
* irace builds upon previous code from the race package:
*
* race: Racing methods for the selection of the best
* Copyright (C) 2003 Mauro Birattari
*******************************************************************************
# installed at: /home/cemvieira/bin/R/irace
# called with: -s scenario.txt --max-experiments 2000 -p ./svhn/parameters-1585428.txt --parallel 32 --train-instances-file svhn/new-instances.txt --log-file ./output/svhn/svhn-1f2k10m-irace-1585428.Rdata
# 8 expression(s) specifying forbidden configurations read from '/home/cemvieira/isklearn/forbidden.txt'
# 2020-08-17 01:07:31 BRT: Initialization
# Elitist race
# Elitist new instances: 1
# Elitist limit: 2
# nbIterations: 7
# minNbSurvival: 7
# nbParameters: 50
# seed: 1475779657
# confidence level: 0.95
# budget: 2000
# mu: 5
# deterministic: TRUE

# 2020-08-17 01:07:31 BRT: Iteration 1 of 7
# experimentsUsedSoFar: 0
# remainingBudget: 2000
# currentBudget: 285
# nbConfigurations: 47
  Markers:
     x No test is performed.
     - The test is performed and some configurations are discarded.
     = The test is performed but no configuration is discarded.
     ! The test is performed and configurations could be discarded but elite configurations are preserved.
     . All alive configurations are elite and nothing is discarded

+-+-----------+-----------+-----------+---------------+-----------+--------+-----+----+------+
| |   Instance|      Alive|       Best|      Mean best| Exp so far|  W time|  rho|KenW|  Qvar|
+-+-----------+-----------+-----------+---------------+-----------+--------+-----+----+------+
|x|          1|         47|         43|  -0.3445277447|         47|00:20:02|   NA|  NA|    NA|
|x|          2|         47|         43|  -0.3551656349|         94|00:20:02|+1.00|1.00|0.0000|
|x|          3|         47|         43|  -0.3182345135|        141|00:20:02|+1.00|1.00|0.0000|
|x|          4|         47|         43|  -0.3272673447|        188|00:20:02|+1.00|1.00|0.0000|
|!|          5|          1|         43|  -0.3207483558|        235|00:20:02|   NA|  NA|    NA|
+-+-----------+-----------+-----------+---------------+-----------+--------+-----+----+------+
Best-so-far configuration:          43    mean value:   -0.3207483558
Description of the best-so-far configuration:
   .ID. dataset  job_id cutoff metafolds           task sparse f_eng1    f_eng2 scaling  algorithm pre_scaling extraction ext_components        selection lr_C lr_solver multi_class  C kernel rf_estimators criterion_classification criterion_regression max_features max_depth min_samples_leaf solver alpha hidden_layers neurons1 activation n_neighbors  weights ab_estimators ab_learning_rate ab_loss whiten svd_solver ica_algorithm ica_fun dl_fit_algorithm dl_transform_algorithm sel_model sel_score_classification sel_score_regression sel_percentile sel_threshold max_iter lr_penalty degree gamma max_depth_value mlp_learning_rate learning_rate_init neurons2 neurons3 lr_dual .PARENT.
43   43    svhn 1585428     10         1 classification  False   none Selection    True KNeighbors       False       <NA>             NA SelectPercentile   NA      <NA>        <NA> NA   <NA>            NA                     <NA>                   NA           NA      <NA>               NA   <NA>    NA            NA       NA       <NA>          37 distance            NA               NA      NA   <NA>       <NA>          <NA>    <NA>             <NA>                   <NA>      <NA>                f_classif                   NA              9          <NA>       NA       <NA>     NA    NA              NA              <NA>                 NA       NA       NA      NA       NA

# 2020-08-17 02:47:44 BRT: Elite configurations (first number is the configuration ID; listed from best to worst according to the sum of ranks):
   dataset  job_id cutoff metafolds           task sparse f_eng1    f_eng2 scaling  algorithm pre_scaling extraction ext_components        selection lr_C lr_solver multi_class  C kernel rf_estimators criterion_classification criterion_regression max_features max_depth min_samples_leaf solver alpha hidden_layers neurons1 activation n_neighbors  weights ab_estimators ab_learning_rate ab_loss whiten svd_solver ica_algorithm ica_fun dl_fit_algorithm dl_transform_algorithm sel_model sel_score_classification sel_score_regression sel_percentile sel_threshold max_iter lr_penalty degree gamma max_depth_value mlp_learning_rate learning_rate_init neurons2 neurons3 lr_dual
43    svhn 1585428     10         1 classification  False   none Selection    True KNeighbors       False       <NA>             NA SelectPercentile   NA      <NA>        <NA> NA   <NA>            NA                     <NA>                   NA           NA      <NA>               NA   <NA>    NA            NA       NA       <NA>          37 distance            NA               NA      NA   <NA>       <NA>          <NA>    <NA>             <NA>                   <NA>      <NA>                f_classif                   NA              9          <NA>       NA       <NA>     NA    NA              NA              <NA>                 NA       NA       NA      NA
# 2020-08-17 02:47:44 BRT: Iteration 2 of 7
# experimentsUsedSoFar: 235
# remainingBudget: 1765
# currentBudget: 294
# nbConfigurations: 42
  Markers:
     x No test is performed.
     - The test is performed and some configurations are discarded.
     = The test is performed but no configuration is discarded.
     ! The test is performed and configurations could be discarded but elite configurations are preserved.
     . All alive configurations are elite and nothing is discarded

+-+-----------+-----------+-----------+---------------+-----------+--------+-----+----+------+
| |   Instance|      Alive|       Best|      Mean best| Exp so far|  W time|  rho|KenW|  Qvar|
+-+-----------+-----------+-----------+---------------+-----------+--------+-----+----+------+
|x|          6|         42|         43|  -0.3218929566|         42|00:20:01|   NA|  NA|    NA|
|x|          2|         42|         43|  -0.3438482408|         83|00:20:07|+1.00|1.00|0.0000|
|x|          1|         42|         43|  -0.3440747421|        124|00:20:01|+0.95|0.97|0.0567|
|x|          5|         42|         43|  -0.3317241566|        165|00:20:01|+0.95|0.96|0.0567|
|!|          4|          2|         43|  -0.3362524930|        206|00:20:01|+1.00|1.00|0.0000|
+-+-----------+-----------+-----------+---------------+-----------+--------+-----+----+------+
Best-so-far configuration:          43    mean value:   -0.3209391226
Description of the best-so-far configuration:
   .ID. dataset  job_id cutoff metafolds           task sparse f_eng1    f_eng2 scaling  algorithm pre_scaling extraction ext_components        selection lr_C lr_solver multi_class  C kernel rf_estimators criterion_classification criterion_regression max_features max_depth min_samples_leaf solver alpha hidden_layers neurons1 activation n_neighbors  weights ab_estimators ab_learning_rate ab_loss whiten svd_solver ica_algorithm ica_fun dl_fit_algorithm dl_transform_algorithm sel_model sel_score_classification sel_score_regression sel_percentile sel_threshold max_iter lr_penalty degree gamma max_depth_value mlp_learning_rate learning_rate_init neurons2 neurons3 lr_dual .PARENT.
43   43    svhn 1585428     10         1 classification  False   none Selection    True KNeighbors       False       <NA>             NA SelectPercentile   NA      <NA>        <NA> NA   <NA>            NA                     <NA>                   NA           NA      <NA>               NA   <NA>    NA            NA       NA       <NA>          37 distance            NA               NA      NA   <NA>       <NA>          <NA>    <NA>             <NA>                   <NA>      <NA>                f_classif                   NA              9          <NA>       NA       <NA>     NA    NA              NA              <NA>                 NA       NA       NA      NA       NA

# 2020-08-17 04:27:59 BRT: Elite configurations (first number is the configuration ID; listed from best to worst according to the sum of ranks):
   dataset  job_id cutoff metafolds           task sparse    f_eng1     f_eng2 scaling  algorithm pre_scaling extraction ext_components        selection lr_C lr_solver multi_class  C kernel rf_estimators criterion_classification criterion_regression max_features max_depth min_samples_leaf solver alpha hidden_layers neurons1 activation n_neighbors  weights ab_estimators ab_learning_rate ab_loss whiten svd_solver ica_algorithm ica_fun dl_fit_algorithm dl_transform_algorithm    sel_model sel_score_classification sel_score_regression sel_percentile sel_threshold max_iter lr_penalty degree gamma max_depth_value mlp_learning_rate learning_rate_init neurons2 neurons3 lr_dual
43    svhn 1585428     10         1 classification  False      none  Selection    True KNeighbors       False       <NA>             NA SelectPercentile   NA      <NA>        <NA> NA   <NA>            NA                     <NA>                   NA           NA      <NA>               NA   <NA>    NA            NA       NA       <NA>          37 distance            NA               NA      NA   <NA>       <NA>          <NA>    <NA>             <NA>                   <NA>         <NA>                f_classif                   NA              9          <NA>       NA       <NA>     NA    NA              NA              <NA>                 NA       NA       NA      NA
84    svhn 1585428     10         1 classification  False Selection Extraction    True KNeighbors        True    FastICA          0.128  SelectFromModel   NA      <NA>        <NA> NA   <NA>            NA                     <NA>                   NA           NA      <NA>               NA   <NA>    NA            NA       NA       <NA>          86 distance            NA               NA      NA   <NA>       <NA>     deflation    cube             <NA>                   <NA> DecisionTree                     <NA>                   NA             NA          mean       NA       <NA>     NA    NA              NA              <NA>                 NA       NA       NA      NA
# 2020-08-17 04:27:59 BRT: Iteration 3 of 7
# experimentsUsedSoFar: 441
# remainingBudget: 1559
# currentBudget: 311
# nbConfigurations: 40
  Markers:
     x No test is performed.
     - The test is performed and some configurations are discarded.
     = The test is performed but no configuration is discarded.
     ! The test is performed and configurations could be discarded but elite configurations are preserved.
     . All alive configurations are elite and nothing is discarded

+-+-----------+-----------+-----------+---------------+-----------+--------+-----+----+------+
| |   Instance|      Alive|       Best|      Mean best| Exp so far|  W time|  rho|KenW|  Qvar|
+-+-----------+-----------+-----------+---------------+-----------+--------+-----+----+------+
|x|          7|         40|        125|  -0.3684118038|         40|00:20:01|   NA|  NA|    NA|
|x|          6|         40|        125|  -0.3508901050|         78|00:20:01|+0.78|0.89|0.2373|
|x|          5|         40|        125|  -0.3385387004|        116|00:20:01|+0.85|0.90|0.1582|
|x|          4|         40|        125|  -0.3433964298|        154|00:20:01|+0.89|0.92|0.1186|
|!|          3|          5|        125|  -0.3306444922|        193|00:20:00|+0.71|0.77|0.1029|
+-+-----------+-----------+-----------+---------------+-----------+--------+-----+----+------+
Best-so-far configuration:          43    mean value:   -0.3259651219
Description of the best-so-far configuration:
   .ID. dataset  job_id cutoff metafolds           task sparse f_eng1    f_eng2 scaling  algorithm pre_scaling extraction ext_components        selection lr_C lr_solver multi_class  C kernel rf_estimators criterion_classification criterion_regression max_features max_depth min_samples_leaf solver alpha hidden_layers neurons1 activation n_neighbors  weights ab_estimators ab_learning_rate ab_loss whiten svd_solver ica_algorithm ica_fun dl_fit_algorithm dl_transform_algorithm sel_model sel_score_classification sel_score_regression sel_percentile sel_threshold max_iter lr_penalty degree gamma max_depth_value mlp_learning_rate learning_rate_init neurons2 neurons3 lr_dual .PARENT.
43   43    svhn 1585428     10         1 classification  False   none Selection    True KNeighbors       False       <NA>             NA SelectPercentile   NA      <NA>        <NA> NA   <NA>            NA                     <NA>                   NA           NA      <NA>               NA   <NA>    NA            NA       NA       <NA>          37 distance            NA               NA      NA   <NA>       <NA>          <NA>    <NA>             <NA>                   <NA>      <NA>                f_classif                   NA              9          <NA>       NA       <NA>     NA    NA              NA              <NA>                 NA       NA       NA      NA       NA

# 2020-08-17 06:08:07 BRT: Elite configurations (first number is the configuration ID; listed from best to worst according to the sum of ranks):
    dataset  job_id cutoff metafolds           task sparse    f_eng1     f_eng2 scaling  algorithm pre_scaling extraction ext_components        selection lr_C lr_solver multi_class  C kernel rf_estimators criterion_classification criterion_regression max_features max_depth min_samples_leaf solver alpha hidden_layers neurons1 activation n_neighbors  weights ab_estimators ab_learning_rate ab_loss whiten svd_solver ica_algorithm ica_fun dl_fit_algorithm dl_transform_algorithm    sel_model sel_score_classification sel_score_regression sel_percentile sel_threshold max_iter lr_penalty degree gamma max_depth_value mlp_learning_rate learning_rate_init neurons2 neurons3 lr_dual
43     svhn 1585428     10         1 classification  False      none  Selection    True KNeighbors       False       <NA>             NA SelectPercentile   NA      <NA>        <NA> NA   <NA>            NA                     <NA>                   NA           NA      <NA>               NA   <NA>    NA            NA       NA       <NA>          37 distance            NA               NA      NA   <NA>       <NA>          <NA>    <NA>             <NA>                   <NA>         <NA>                f_classif                   NA              9          <NA>       NA       <NA>     NA    NA              NA              <NA>                 NA       NA       NA      NA
84     svhn 1585428     10         1 classification  False Selection Extraction    True KNeighbors        True    FastICA          0.128  SelectFromModel   NA      <NA>        <NA> NA   <NA>            NA                     <NA>                   NA           NA      <NA>               NA   <NA>    NA            NA       NA       <NA>          86 distance            NA               NA      NA   <NA>       <NA>     deflation    cube             <NA>                   <NA> DecisionTree                     <NA>                   NA             NA          mean       NA       <NA>     NA    NA              NA              <NA>                 NA       NA       NA      NA
125    svhn 1585428     10         1 classification  False      none  Selection    True KNeighbors       False       <NA>             NA SelectPercentile   NA      <NA>        <NA> NA   <NA>            NA                     <NA>                   NA           NA      <NA>               NA   <NA>    NA            NA       NA       <NA>          16  uniform            NA               NA      NA   <NA>       <NA>          <NA>    <NA>             <NA>                   <NA>         <NA>                f_classif                   NA             23          <NA>       NA       <NA>     NA    NA              NA              <NA>                 NA       NA       NA      NA
113    svhn 1585428     10         1 classification  False      none  Selection    True KNeighbors       False       <NA>             NA SelectPercentile   NA      <NA>        <NA> NA   <NA>            NA                     <NA>                   NA           NA      <NA>               NA   <NA>    NA            NA       NA       <NA>          53  uniform            NA               NA      NA   <NA>       <NA>          <NA>    <NA>             <NA>                   <NA>         <NA>                f_classif                   NA             17          <NA>       NA       <NA>     NA    NA              NA              <NA>                 NA       NA       NA      NA
115    svhn 1585428     10         1 classification  False      none  Selection   False KNeighbors       False       <NA>             NA SelectPercentile   NA      <NA>        <NA> NA   <NA>            NA                     <NA>                   NA           NA      <NA>               NA   <NA>    NA            NA       NA       <NA>          40  uniform            NA               NA      NA   <NA>       <NA>          <NA>    <NA>             <NA>                   <NA>         <NA>                f_classif                   NA             57          <NA>       NA       <NA>     NA    NA              NA              <NA>                 NA       NA       NA      NA
# 2020-08-17 06:08:07 BRT: Iteration 4 of 7
# experimentsUsedSoFar: 634
# remainingBudget: 1366
# currentBudget: 341
# nbConfigurations: 41
  Markers:
     x No test is performed.
     - The test is performed and some configurations are discarded.
     = The test is performed but no configuration is discarded.
     ! The test is performed and configurations could be discarded but elite configurations are preserved.
     . All alive configurations are elite and nothing is discarded

+-+-----------+-----------+-----------+---------------+-----------+--------+-----+----+------+
| |   Instance|      Alive|       Best|      Mean best| Exp so far|  W time|  rho|KenW|  Qvar|
+-+-----------+-----------+-----------+---------------+-----------+--------+-----+----+------+
|x|          8|         41|        125|  -0.3693775999|         41|00:13:35|   NA|  NA|    NA|
|x|          3|         41|        160|  -0.3320106868|         77|00:11:17|+0.98|0.99|0.0000|
|x|          2|         41|        125|  -0.3506456126|        116|00:12:42|+0.96|0.98|0.0338|
|x|          5|         41|        160|  -0.3453768982|        152|00:11:20|+0.97|0.97|0.0338|
|!|          4|          9|        125|  -0.3447484694|        188|00:11:22|+0.62|0.70|0.1171|
|-|          6|          9|        125|  -0.3428517922|        192|00:00:43|+0.66|0.71|0.1191|
|!|          7|          6|        125|  -0.3465032225|        196|00:00:43|+0.60|0.66|0.0277|
+-+-----------+-----------+-----------+---------------+-----------+--------+-----+----+------+
Best-so-far configuration:          43    mean value:   -0.3277379067
Description of the best-so-far configuration:
   .ID. dataset  job_id cutoff metafolds           task sparse f_eng1    f_eng2 scaling  algorithm pre_scaling extraction ext_components        selection lr_C lr_solver multi_class  C kernel rf_estimators criterion_classification criterion_regression max_features max_depth min_samples_leaf solver alpha hidden_layers neurons1 activation n_neighbors  weights ab_estimators ab_learning_rate ab_loss whiten svd_solver ica_algorithm ica_fun dl_fit_algorithm dl_transform_algorithm sel_model sel_score_classification sel_score_regression sel_percentile sel_threshold max_iter lr_penalty degree gamma max_depth_value mlp_learning_rate learning_rate_init neurons2 neurons3 lr_dual .PARENT.
43   43    svhn 1585428     10         1 classification  False   none Selection    True KNeighbors       False       <NA>             NA SelectPercentile   NA      <NA>        <NA> NA   <NA>            NA                     <NA>                   NA           NA      <NA>               NA   <NA>    NA            NA       NA       <NA>          37 distance            NA               NA      NA   <NA>       <NA>          <NA>    <NA>             <NA>                   <NA>      <NA>                f_classif                   NA              9          <NA>       NA       <NA>     NA    NA              NA              <NA>                 NA       NA       NA      NA       NA

# 2020-08-17 07:09:54 BRT: Elite configurations (first number is the configuration ID; listed from best to worst according to the sum of ranks):
    dataset  job_id cutoff metafolds           task sparse    f_eng1     f_eng2 scaling  algorithm pre_scaling extraction ext_components        selection lr_C lr_solver multi_class  C kernel rf_estimators criterion_classification criterion_regression max_features max_depth min_samples_leaf solver alpha hidden_layers neurons1 activation n_neighbors  weights ab_estimators ab_learning_rate ab_loss whiten svd_solver ica_algorithm ica_fun dl_fit_algorithm dl_transform_algorithm    sel_model sel_score_classification sel_score_regression sel_percentile sel_threshold max_iter lr_penalty degree gamma max_depth_value mlp_learning_rate learning_rate_init neurons2 neurons3 lr_dual
43     svhn 1585428     10         1 classification  False      none  Selection    True KNeighbors       False       <NA>             NA SelectPercentile   NA      <NA>        <NA> NA   <NA>            NA                     <NA>                   NA           NA      <NA>               NA   <NA>    NA            NA       NA       <NA>          37 distance            NA               NA      NA   <NA>       <NA>          <NA>    <NA>             <NA>                   <NA>         <NA>                f_classif                   NA              9          <NA>       NA       <NA>     NA    NA              NA              <NA>                 NA       NA       NA      NA
84     svhn 1585428     10         1 classification  False Selection Extraction    True KNeighbors        True    FastICA          0.128  SelectFromModel   NA      <NA>        <NA> NA   <NA>            NA                     <NA>                   NA           NA      <NA>               NA   <NA>    NA            NA       NA       <NA>          86 distance            NA               NA      NA   <NA>       <NA>     deflation    cube             <NA>                   <NA> DecisionTree                     <NA>                   NA             NA          mean       NA       <NA>     NA    NA              NA              <NA>                 NA       NA       NA      NA
125    svhn 1585428     10         1 classification  False      none  Selection    True KNeighbors       False       <NA>             NA SelectPercentile   NA      <NA>        <NA> NA   <NA>            NA                     <NA>                   NA           NA      <NA>               NA   <NA>    NA            NA       NA       <NA>          16  uniform            NA               NA      NA   <NA>       <NA>          <NA>    <NA>             <NA>                   <NA>         <NA>                f_classif                   NA             23          <NA>       NA       <NA>     NA    NA              NA              <NA>                 NA       NA       NA      NA
155    svhn 1585428     10         1 classification  False      none  Selection    True KNeighbors       False       <NA>             NA SelectPercentile   NA      <NA>        <NA> NA   <NA>            NA                     <NA>                   NA           NA      <NA>               NA   <NA>    NA            NA       NA       <NA>          26 distance            NA               NA      NA   <NA>       <NA>          <NA>    <NA>             <NA>                   <NA>         <NA>                f_classif                   NA             12          <NA>       NA       <NA>     NA    NA              NA              <NA>                 NA       NA       NA      NA
151    svhn 1585428     10         1 classification  False      none  Selection   False KNeighbors       False       <NA>             NA SelectPercentile   NA      <NA>        <NA> NA   <NA>            NA                     <NA>                   NA           NA      <NA>               NA   <NA>    NA            NA       NA       <NA>          36 distance            NA               NA      NA   <NA>       <NA>          <NA>    <NA>             <NA>                   <NA>         <NA>                f_classif                   NA             26          <NA>       NA       <NA>     NA    NA              NA              <NA>                 NA       NA       NA      NA
160    svhn 1585428     10         1 classification  False      none  Selection   False KNeighbors       False       <NA>             NA SelectPercentile   NA      <NA>        <NA> NA   <NA>            NA                     <NA>                   NA           NA      <NA>               NA   <NA>    NA            NA       NA       <NA>          12 distance            NA               NA      NA   <NA>       <NA>          <NA>    <NA>             <NA>                   <NA>         <NA>                f_classif                   NA             58          <NA>       NA       <NA>     NA    NA              NA              <NA>                 NA       NA       NA      NA
# 2020-08-17 07:09:54 BRT: Iteration 5 of 7
# experimentsUsedSoFar: 830
# remainingBudget: 1170
# currentBudget: 390
# nbConfigurations: 43
  Markers:
     x No test is performed.
     - The test is performed and some configurations are discarded.
     = The test is performed but no configuration is discarded.
     ! The test is performed and configurations could be discarded but elite configurations are preserved.
     . All alive configurations are elite and nothing is discarded

+-+-----------+-----------+-----------+---------------+-----------+--------+-----+----+------+
| |   Instance|      Alive|       Best|      Mean best| Exp so far|  W time|  rho|KenW|  Qvar|
+-+-----------+-----------+-----------+---------------+-----------+--------+-----+----+------+
|x|          9|         43|        180|  -0.3602175889|         43|00:10:56|   NA|  NA|    NA|
|x|          1|         43|        180|  -0.3585092864|         84|00:10:47|+0.97|0.99|0.0597|
|x|          6|         43|        182|  -0.3545288949|        121|00:10:23|+0.96|0.97|0.0398|
|x|          3|         43|        182|  -0.3381900979|        158|00:10:23|+0.87|0.90|0.0398|
|!|          5|          9|        187|  -0.3350280535|        195|00:10:23|+0.62|0.69|0.0684|
|-|          4|          9|        182|  -0.3418972276|        198|00:00:35|+0.60|0.67|0.0677|
|-|          8|          9|        182|  -0.3474196631|        201|00:00:34|+0.65|0.70|0.0618|
|!|          2|          8|        182|  -0.3580413039|        204|00:00:34|+0.77|0.80|0.0481|
|!|          7|          2|        182|  -0.3613765468|        206|00:00:21|-0.11|0.01|0.5556|
+-+-----------+-----------+-----------+---------------+-----------+--------+-----+----+------+
Best-so-far configuration:         182    mean value:   -0.3613765468
Description of the best-so-far configuration:
    .ID. dataset  job_id cutoff metafolds           task sparse f_eng1    f_eng2 scaling  algorithm pre_scaling extraction ext_components        selection lr_C lr_solver multi_class  C kernel rf_estimators criterion_classification criterion_regression max_features max_depth min_samples_leaf solver alpha hidden_layers neurons1 activation n_neighbors  weights ab_estimators ab_learning_rate ab_loss whiten svd_solver ica_algorithm ica_fun dl_fit_algorithm dl_transform_algorithm sel_model sel_score_classification sel_score_regression sel_percentile sel_threshold max_iter lr_penalty degree gamma max_depth_value mlp_learning_rate learning_rate_init neurons2 neurons3 lr_dual .PARENT.
182  182    svhn 1585428     10         1 classification  False   none Selection    True KNeighbors       False       <NA>             NA SelectPercentile   NA      <NA>        <NA> NA   <NA>            NA                     <NA>                   NA           NA      <NA>               NA   <NA>    NA            NA       NA       <NA>           7 distance            NA               NA      NA   <NA>       <NA>          <NA>    <NA>             <NA>                   <NA>      <NA>                f_classif                   NA             26          <NA>       NA       <NA>     NA    NA              NA              <NA>                 NA       NA       NA      NA      155

# 2020-08-17 08:04:55 BRT: Elite configurations (first number is the configuration ID; listed from best to worst according to the sum of ranks):
    dataset  job_id cutoff metafolds           task sparse f_eng1    f_eng2 scaling  algorithm pre_scaling extraction ext_components        selection lr_C lr_solver multi_class  C kernel rf_estimators criterion_classification criterion_regression max_features max_depth min_samples_leaf solver alpha hidden_layers neurons1 activation n_neighbors  weights ab_estimators ab_learning_rate ab_loss whiten svd_solver ica_algorithm ica_fun dl_fit_algorithm dl_transform_algorithm sel_model sel_score_classification sel_score_regression sel_percentile sel_threshold max_iter lr_penalty degree gamma max_depth_value mlp_learning_rate learning_rate_init neurons2 neurons3 lr_dual
182    svhn 1585428     10         1 classification  False   none Selection    True KNeighbors       False       <NA>             NA SelectPercentile   NA      <NA>        <NA> NA   <NA>            NA                     <NA>                   NA           NA      <NA>               NA   <NA>    NA            NA       NA       <NA>           7 distance            NA               NA      NA   <NA>       <NA>          <NA>    <NA>             <NA>                   <NA>      <NA>                f_classif                   NA             26          <NA>       NA       <NA>     NA    NA              NA              <NA>                 NA       NA       NA      NA
187    svhn 1585428     10         1 classification  False   none Selection   False KNeighbors       False       <NA>             NA SelectPercentile   NA      <NA>        <NA> NA   <NA>            NA                     <NA>                   NA           NA      <NA>               NA   <NA>    NA            NA       NA       <NA>          12 distance            NA               NA      NA   <NA>       <NA>          <NA>    <NA>             <NA>                   <NA>      <NA>                f_classif                   NA             25          <NA>       NA       <NA>     NA    NA              NA              <NA>                 NA       NA       NA      NA
# 2020-08-17 08:04:55 BRT: Iteration 6 of 7
# experimentsUsedSoFar: 1036
# remainingBudget: 964
# currentBudget: 482
# nbConfigurations: 50
  Markers:
     x No test is performed.
     - The test is performed and some configurations are discarded.
     = The test is performed but no configuration is discarded.
     ! The test is performed and configurations could be discarded but elite configurations are preserved.
     . All alive configurations are elite and nothing is discarded

+-+-----------+-----------+-----------+---------------+-----------+--------+-----+----+------+
| |   Instance|      Alive|       Best|      Mean best| Exp so far|  W time|  rho|KenW|  Qvar|
+-+-----------+-----------+-----------+---------------+-----------+--------+-----+----+------+
|x|         10|         50|        234|  -0.3725740949|         50|00:10:00|   NA|  NA|    NA|
|x|          3|         50|        242|  -0.3537508089|         98|00:10:01|+0.19|0.59|0.0000|
|x|          4|         50|        242|  -0.3492163073|        146|00:10:00|+0.28|0.52|0.0000|
|x|          9|         50|        182|  -0.3457370802|        194|00:10:00|+0.46|0.59|0.0000|
|!|          5|         20|        247|  -0.3402829805|        242|00:10:00|+0.03|0.23|0.8802|
|!|          7|          9|        228|  -0.3503542385|        260|00:00:58|+0.09|0.24|0.8831|
|!|          8|          5|        228|  -0.3549780214|        267|00:00:46|-0.08|0.08|0.8583|
+-+-----------+-----------+-----------+---------------+-----------+--------+-----+----+------+
Best-so-far configuration:         182    mean value:   -0.3612950193
Description of the best-so-far configuration:
    .ID. dataset  job_id cutoff metafolds           task sparse f_eng1    f_eng2 scaling  algorithm pre_scaling extraction ext_components        selection lr_C lr_solver multi_class  C kernel rf_estimators criterion_classification criterion_regression max_features max_depth min_samples_leaf solver alpha hidden_layers neurons1 activation n_neighbors  weights ab_estimators ab_learning_rate ab_loss whiten svd_solver ica_algorithm ica_fun dl_fit_algorithm dl_transform_algorithm sel_model sel_score_classification sel_score_regression sel_percentile sel_threshold max_iter lr_penalty degree gamma max_depth_value mlp_learning_rate learning_rate_init neurons2 neurons3 lr_dual .PARENT.
182  182    svhn 1585428     10         1 classification  False   none Selection    True KNeighbors       False       <NA>             NA SelectPercentile   NA      <NA>        <NA> NA   <NA>            NA                     <NA>                   NA           NA      <NA>               NA   <NA>    NA            NA       NA       <NA>           7 distance            NA               NA      NA   <NA>       <NA>          <NA>    <NA>             <NA>                   <NA>      <NA>                f_classif                   NA             26          <NA>       NA       <NA>     NA    NA              NA              <NA>                 NA       NA       NA      NA      155

# 2020-08-17 08:56:46 BRT: Elite configurations (first number is the configuration ID; listed from best to worst according to the sum of ranks):
    dataset  job_id cutoff metafolds           task sparse f_eng1    f_eng2 scaling  algorithm pre_scaling extraction ext_components        selection lr_C lr_solver multi_class  C kernel rf_estimators criterion_classification criterion_regression max_features max_depth min_samples_leaf solver alpha hidden_layers neurons1 activation n_neighbors  weights ab_estimators ab_learning_rate ab_loss whiten svd_solver ica_algorithm ica_fun dl_fit_algorithm dl_transform_algorithm sel_model sel_score_classification sel_score_regression sel_percentile sel_threshold max_iter lr_penalty degree gamma max_depth_value mlp_learning_rate learning_rate_init neurons2 neurons3 lr_dual
182    svhn 1585428     10         1 classification  False   none Selection    True KNeighbors       False       <NA>             NA SelectPercentile   NA      <NA>        <NA> NA   <NA>            NA                     <NA>                   NA           NA      <NA>               NA   <NA>    NA            NA       NA       <NA>           7 distance            NA               NA      NA   <NA>       <NA>          <NA>    <NA>             <NA>                   <NA>      <NA>                f_classif                   NA             26          <NA>       NA       <NA>     NA    NA              NA              <NA>                 NA       NA       NA      NA
187    svhn 1585428     10         1 classification  False   none Selection   False KNeighbors       False       <NA>             NA SelectPercentile   NA      <NA>        <NA> NA   <NA>            NA                     <NA>                   NA           NA      <NA>               NA   <NA>    NA            NA       NA       <NA>          12 distance            NA               NA      NA   <NA>       <NA>          <NA>    <NA>             <NA>                   <NA>      <NA>                f_classif                   NA             25          <NA>       NA       <NA>     NA    NA              NA              <NA>                 NA       NA       NA      NA
228    svhn 1585428     10         1 classification  False   none Selection   False KNeighbors       False       <NA>             NA SelectPercentile   NA      <NA>        <NA> NA   <NA>            NA                     <NA>                   NA           NA      <NA>               NA   <NA>    NA            NA       NA       <NA>          12 distance            NA               NA      NA   <NA>       <NA>          <NA>    <NA>             <NA>                   <NA>      <NA>                f_classif                   NA             23          <NA>       NA       <NA>     NA    NA              NA              <NA>                 NA       NA       NA      NA
234    svhn 1585428     10         1 classification  False   none Selection    True KNeighbors       False       <NA>             NA SelectPercentile   NA      <NA>        <NA> NA   <NA>            NA                     <NA>                   NA           NA      <NA>               NA   <NA>    NA            NA       NA       <NA>          14 distance            NA               NA      NA   <NA>       <NA>          <NA>    <NA>             <NA>                   <NA>      <NA>                f_classif                   NA             16          <NA>       NA       <NA>     NA    NA              NA              <NA>                 NA       NA       NA      NA
247    svhn 1585428     10         1 classification  False   none Selection    True KNeighbors       False       <NA>             NA SelectPercentile   NA      <NA>        <NA> NA   <NA>            NA                     <NA>                   NA           NA      <NA>               NA   <NA>    NA            NA       NA       <NA>          16 distance            NA               NA      NA   <NA>       <NA>          <NA>    <NA>             <NA>                   <NA>      <NA>                f_classif                   NA             34          <NA>       NA       <NA>     NA    NA              NA              <NA>                 NA       NA       NA      NA
# 2020-08-17 08:56:46 BRT: Iteration 7 of 7
# experimentsUsedSoFar: 1303
# remainingBudget: 697
# currentBudget: 697
# nbConfigurations: 67
  Markers:
     x No test is performed.
     - The test is performed and some configurations are discarded.
     = The test is performed but no configuration is discarded.
     ! The test is performed and configurations could be discarded but elite configurations are preserved.
     . All alive configurations are elite and nothing is discarded

+-+-----------+-----------+-----------+---------------+-----------+--------+-----+----+------+
| |   Instance|      Alive|       Best|      Mean best| Exp so far|  W time|  rho|KenW|  Qvar|
+-+-----------+-----------+-----------+---------------+-----------+--------+-----+----+------+
|x|         11|         67|        228|  -0.3735802877|         67|00:03:46|   NA|  NA|    NA|
|x|          6|         67|        302|  -0.3608343581|        132|00:03:45|+0.93|0.96|0.0374|
|x|          5|         67|        302|  -0.3512568727|        194|00:03:41|+0.90|0.94|0.0683|
|x|         10|         67|        302|  -0.3535773867|        256|00:03:40|+0.87|0.90|0.0781|
|!|          2|         12|        302|  -0.3686312054|        321|00:03:38|+0.10|0.28|0.8337|
|=|          8|         12|        302|  -0.3710722759|        328|00:00:34|+0.13|0.27|0.7965|
|=|          9|         12|        302|  -0.3695556393|        335|00:00:38|+0.07|0.21|0.8554|
|=|          1|         12|        302|  -0.3676433744|        345|00:00:53|+0.11|0.22|0.8274|
|!|          7|          8|        302|  -0.3702214914|        352|00:01:13|+0.09|0.19|0.7675|
|=|          3|          8|        302|  -0.3625811178|        355|00:01:09|+0.04|0.14|0.8140|
|=|          4|          8|        302|  -0.3635075909|        358|00:02:13|+0.06|0.15|0.8058|
|=|         12|          8|        302|  -0.3639934816|        366|00:02:17|+0.08|0.16|0.7963|
+-+-----------+-----------+-----------+---------------+-----------+--------+-----+----+------+
Best-so-far configuration:         302    mean value:   -0.3639934816
Description of the best-so-far configuration:
    .ID. dataset  job_id cutoff metafolds           task sparse f_eng1    f_eng2 scaling  algorithm pre_scaling extraction ext_components        selection lr_C lr_solver multi_class  C kernel rf_estimators criterion_classification criterion_regression max_features max_depth min_samples_leaf solver alpha hidden_layers neurons1 activation n_neighbors  weights ab_estimators ab_learning_rate ab_loss whiten svd_solver ica_algorithm ica_fun dl_fit_algorithm dl_transform_algorithm sel_model sel_score_classification sel_score_regression sel_percentile sel_threshold max_iter lr_penalty degree gamma max_depth_value mlp_learning_rate learning_rate_init neurons2 neurons3 lr_dual .PARENT.
302  302    svhn 1585428     10         1 classification  False   none Selection    True KNeighbors       False       <NA>             NA SelectPercentile   NA      <NA>        <NA> NA   <NA>            NA                     <NA>                   NA           NA      <NA>               NA   <NA>    NA            NA       NA       <NA>          10 distance            NA               NA      NA   <NA>       <NA>          <NA>    <NA>             <NA>                   <NA>      <NA>                f_classif                   NA             28          <NA>       NA       <NA>     NA    NA              NA              <NA>                 NA       NA       NA      NA      247

# 2020-08-17 09:24:24 BRT: Elite configurations (first number is the configuration ID; listed from best to worst according to the sum of ranks):
    dataset  job_id cutoff metafolds           task sparse f_eng1    f_eng2 scaling  algorithm pre_scaling extraction ext_components        selection lr_C lr_solver multi_class  C kernel rf_estimators criterion_classification criterion_regression max_features max_depth min_samples_leaf solver alpha hidden_layers neurons1 activation n_neighbors  weights ab_estimators ab_learning_rate ab_loss whiten svd_solver ica_algorithm ica_fun dl_fit_algorithm dl_transform_algorithm sel_model sel_score_classification sel_score_regression sel_percentile sel_threshold max_iter lr_penalty degree gamma max_depth_value mlp_learning_rate learning_rate_init neurons2 neurons3 lr_dual
302    svhn 1585428     10         1 classification  False   none Selection    True KNeighbors       False       <NA>             NA SelectPercentile   NA      <NA>        <NA> NA   <NA>            NA                     <NA>                   NA           NA      <NA>               NA   <NA>    NA            NA       NA       <NA>          10 distance            NA               NA      NA   <NA>       <NA>          <NA>    <NA>             <NA>                   <NA>      <NA>                f_classif                   NA             28          <NA>       NA       <NA>     NA    NA              NA              <NA>                 NA       NA       NA      NA
182    svhn 1585428     10         1 classification  False   none Selection    True KNeighbors       False       <NA>             NA SelectPercentile   NA      <NA>        <NA> NA   <NA>            NA                     <NA>                   NA           NA      <NA>               NA   <NA>    NA            NA       NA       <NA>           7 distance            NA               NA      NA   <NA>       <NA>          <NA>    <NA>             <NA>                   <NA>      <NA>                f_classif                   NA             26          <NA>       NA       <NA>     NA    NA              NA              <NA>                 NA       NA       NA      NA
187    svhn 1585428     10         1 classification  False   none Selection   False KNeighbors       False       <NA>             NA SelectPercentile   NA      <NA>        <NA> NA   <NA>            NA                     <NA>                   NA           NA      <NA>               NA   <NA>    NA            NA       NA       <NA>          12 distance            NA               NA      NA   <NA>       <NA>          <NA>    <NA>             <NA>                   <NA>      <NA>                f_classif                   NA             25          <NA>       NA       <NA>     NA    NA              NA              <NA>                 NA       NA       NA      NA
228    svhn 1585428     10         1 classification  False   none Selection   False KNeighbors       False       <NA>             NA SelectPercentile   NA      <NA>        <NA> NA   <NA>            NA                     <NA>                   NA           NA      <NA>               NA   <NA>    NA            NA       NA       <NA>          12 distance            NA               NA      NA   <NA>       <NA>          <NA>    <NA>             <NA>                   <NA>      <NA>                f_classif                   NA             23          <NA>       NA       <NA>     NA    NA              NA              <NA>                 NA       NA       NA      NA
234    svhn 1585428     10         1 classification  False   none Selection    True KNeighbors       False       <NA>             NA SelectPercentile   NA      <NA>        <NA> NA   <NA>            NA                     <NA>                   NA           NA      <NA>               NA   <NA>    NA            NA       NA       <NA>          14 distance            NA               NA      NA   <NA>       <NA>          <NA>    <NA>             <NA>                   <NA>      <NA>                f_classif                   NA             16          <NA>       NA       <NA>     NA    NA              NA              <NA>                 NA       NA       NA      NA
268    svhn 1585428     10         1 classification  False   none Selection    True KNeighbors       False       <NA>             NA SelectPercentile   NA      <NA>        <NA> NA   <NA>            NA                     <NA>                   NA           NA      <NA>               NA   <NA>    NA            NA       NA       <NA>           8 distance            NA               NA      NA   <NA>       <NA>          <NA>    <NA>             <NA>                   <NA>      <NA>                f_classif                   NA             30          <NA>       NA       <NA>     NA    NA              NA              <NA>                 NA       NA       NA      NA
274    svhn 1585428     10         1 classification  False   none Selection    True KNeighbors       False       <NA>             NA SelectPercentile   NA      <NA>        <NA> NA   <NA>            NA                     <NA>                   NA           NA      <NA>               NA   <NA>    NA            NA       NA       <NA>          12 distance            NA               NA      NA   <NA>       <NA>          <NA>    <NA>             <NA>                   <NA>      <NA>                f_classif                   NA             33          <NA>       NA       <NA>     NA    NA              NA              <NA>                 NA       NA       NA      NA
# 2020-08-17 09:24:24 BRT: Iteration 8 of 8
# experimentsUsedSoFar: 1669
# remainingBudget: 331
# currentBudget: 331
# nbConfigurations: 31
  Markers:
     x No test is performed.
     - The test is performed and some configurations are discarded.
     = The test is performed but no configuration is discarded.
     ! The test is performed and configurations could be discarded but elite configurations are preserved.
     . All alive configurations are elite and nothing is discarded

+-+-----------+-----------+-----------+---------------+-----------+--------+-----+----+------+
| |   Instance|      Alive|       Best|      Mean best| Exp so far|  W time|  rho|KenW|  Qvar|
+-+-----------+-----------+-----------+---------------+-----------+--------+-----+----+------+
|x|         13|         31|        182|  -0.3491055209|         31|00:08:04|   NA|  NA|    NA|
|x|          1|         31|        182|  -0.3533288835|         55|00:03:39|+0.81|0.91|0.1947|
|x|         11|         31|        182|  -0.3556202003|         79|00:01:21|+0.85|0.90|0.1470|
|x|          8|         31|        187|  -0.3623832056|        103|00:01:23|+0.83|0.87|0.1378|
|!|          6|          8|        187|  -0.3602379525|        127|00:01:26|-0.09|0.13|0.9381|
|=|         12|          8|        187|  -0.3619789478|        128|00:00:34|-0.03|0.14|0.8946|
|=|          9|          8|        302|  -0.3622314805|        129|00:00:20|-0.02|0.13|0.8521|
|=|         10|          8|        302|  -0.3620199115|        130|00:00:20|+0.02|0.14|0.8462|
|=|          4|          8|        302|  -0.3632146237|        131|00:00:24|+0.07|0.18|0.8234|
|=|          3|          8|        302|  -0.3562749368|        132|00:00:20|+0.02|0.12|0.8683|
|=|          5|          8|        302|  -0.3540773882|        133|00:00:20|-0.02|0.08|0.8813|
|=|          7|          8|        302|  -0.3571414749|        134|00:00:22|+0.01|0.09|0.8674|
|=|          2|          8|        302|  -0.3626572445|        135|00:00:21|+0.01|0.09|0.8605|
|=|         14|          8|        302|  -0.3593647944|        143|00:00:43|+0.01|0.08|0.8610|
+-+-----------+-----------+-----------+---------------+-----------+--------+-----+----+------+
Best-so-far configuration:         302    mean value:   -0.3593647944
Description of the best-so-far configuration:
    .ID. dataset  job_id cutoff metafolds           task sparse f_eng1    f_eng2 scaling  algorithm pre_scaling extraction ext_components        selection lr_C lr_solver multi_class  C kernel rf_estimators criterion_classification criterion_regression max_features max_depth min_samples_leaf solver alpha hidden_layers neurons1 activation n_neighbors  weights ab_estimators ab_learning_rate ab_loss whiten svd_solver ica_algorithm ica_fun dl_fit_algorithm dl_transform_algorithm sel_model sel_score_classification sel_score_regression sel_percentile sel_threshold max_iter lr_penalty degree gamma max_depth_value mlp_learning_rate learning_rate_init neurons2 neurons3 lr_dual .PARENT.
302  302    svhn 1585428     10         1 classification  False   none Selection    True KNeighbors       False       <NA>             NA SelectPercentile   NA      <NA>        <NA> NA   <NA>            NA                     <NA>                   NA           NA      <NA>               NA   <NA>    NA            NA       NA       <NA>          10 distance            NA               NA      NA   <NA>       <NA>          <NA>    <NA>             <NA>                   <NA>      <NA>                f_classif                   NA             28          <NA>       NA       <NA>     NA    NA              NA              <NA>                 NA       NA       NA      NA      247

# 2020-08-17 09:44:09 BRT: Elite configurations (first number is the configuration ID; listed from best to worst according to the sum of ranks):
    dataset  job_id cutoff metafolds           task sparse f_eng1    f_eng2 scaling  algorithm pre_scaling extraction ext_components        selection lr_C lr_solver multi_class  C kernel rf_estimators criterion_classification criterion_regression max_features max_depth min_samples_leaf solver alpha hidden_layers neurons1 activation n_neighbors  weights ab_estimators ab_learning_rate ab_loss whiten svd_solver ica_algorithm ica_fun dl_fit_algorithm dl_transform_algorithm sel_model sel_score_classification sel_score_regression sel_percentile sel_threshold max_iter lr_penalty degree gamma max_depth_value mlp_learning_rate learning_rate_init neurons2 neurons3 lr_dual
302    svhn 1585428     10         1 classification  False   none Selection    True KNeighbors       False       <NA>             NA SelectPercentile   NA      <NA>        <NA> NA   <NA>            NA                     <NA>                   NA           NA      <NA>               NA   <NA>    NA            NA       NA       <NA>          10 distance            NA               NA      NA   <NA>       <NA>          <NA>    <NA>             <NA>                   <NA>      <NA>                f_classif                   NA             28          <NA>       NA       <NA>     NA    NA              NA              <NA>                 NA       NA       NA      NA
182    svhn 1585428     10         1 classification  False   none Selection    True KNeighbors       False       <NA>             NA SelectPercentile   NA      <NA>        <NA> NA   <NA>            NA                     <NA>                   NA           NA      <NA>               NA   <NA>    NA            NA       NA       <NA>           7 distance            NA               NA      NA   <NA>       <NA>          <NA>    <NA>             <NA>                   <NA>      <NA>                f_classif                   NA             26          <NA>       NA       <NA>     NA    NA              NA              <NA>                 NA       NA       NA      NA
187    svhn 1585428     10         1 classification  False   none Selection   False KNeighbors       False       <NA>             NA SelectPercentile   NA      <NA>        <NA> NA   <NA>            NA                     <NA>                   NA           NA      <NA>               NA   <NA>    NA            NA       NA       <NA>          12 distance            NA               NA      NA   <NA>       <NA>          <NA>    <NA>             <NA>                   <NA>      <NA>                f_classif                   NA             25          <NA>       NA       <NA>     NA    NA              NA              <NA>                 NA       NA       NA      NA
268    svhn 1585428     10         1 classification  False   none Selection    True KNeighbors       False       <NA>             NA SelectPercentile   NA      <NA>        <NA> NA   <NA>            NA                     <NA>                   NA           NA      <NA>               NA   <NA>    NA            NA       NA       <NA>           8 distance            NA               NA      NA   <NA>       <NA>          <NA>    <NA>             <NA>                   <NA>      <NA>                f_classif                   NA             30          <NA>       NA       <NA>     NA    NA              NA              <NA>                 NA       NA       NA      NA
228    svhn 1585428     10         1 classification  False   none Selection   False KNeighbors       False       <NA>             NA SelectPercentile   NA      <NA>        <NA> NA   <NA>            NA                     <NA>                   NA           NA      <NA>               NA   <NA>    NA            NA       NA       <NA>          12 distance            NA               NA      NA   <NA>       <NA>          <NA>    <NA>             <NA>                   <NA>      <NA>                f_classif                   NA             23          <NA>       NA       <NA>     NA    NA              NA              <NA>                 NA       NA       NA      NA
274    svhn 1585428     10         1 classification  False   none Selection    True KNeighbors       False       <NA>             NA SelectPercentile   NA      <NA>        <NA> NA   <NA>            NA                     <NA>                   NA           NA      <NA>               NA   <NA>    NA            NA       NA       <NA>          12 distance            NA               NA      NA   <NA>       <NA>          <NA>    <NA>             <NA>                   <NA>      <NA>                f_classif                   NA             33          <NA>       NA       <NA>     NA    NA              NA              <NA>                 NA       NA       NA      NA
234    svhn 1585428     10         1 classification  False   none Selection    True KNeighbors       False       <NA>             NA SelectPercentile   NA      <NA>        <NA> NA   <NA>            NA                     <NA>                   NA           NA      <NA>               NA   <NA>    NA            NA       NA       <NA>          14 distance            NA               NA      NA   <NA>       <NA>          <NA>    <NA>             <NA>                   <NA>      <NA>                f_classif                   NA             16          <NA>       NA       <NA>     NA    NA              NA              <NA>                 NA       NA       NA      NA
# 2020-08-17 09:44:09 BRT: Iteration 9 of 9
# experimentsUsedSoFar: 1812
# remainingBudget: 188
# currentBudget: 188
# nbConfigurations: 19
  Markers:
     x No test is performed.
     - The test is performed and some configurations are discarded.
     = The test is performed but no configuration is discarded.
     ! The test is performed and configurations could be discarded but elite configurations are preserved.
     . All alive configurations are elite and nothing is discarded

+-+-----------+-----------+-----------+---------------+-----------+--------+-----+----+------+
| |   Instance|      Alive|       Best|      Mean best| Exp so far|  W time|  rho|KenW|  Qvar|
+-+-----------+-----------+-----------+---------------+-----------+--------+-----+----+------+
|x|         15|         19|        268|  -0.3595732324|         19|00:02:54|   NA|  NA|    NA|
|x|          7|         19|        302|  -0.3726141849|         31|00:02:43|+0.06|0.53|0.6854|
|x|         13|         19|        182|  -0.3642929499|         43|00:02:32|+0.47|0.65|0.3975|
|x|          6|         19|        302|  -0.3616202656|         55|00:03:20|+0.57|0.68|0.3065|
|!|          1|          8|        182|  -0.3596955633|         67|00:01:29|-0.04|0.17|0.8644|
|=|          3|          8|        302|  -0.3490927230|         68|00:01:22|+0.02|0.19|0.8457|
|=|          8|          8|        187|  -0.3525269928|         69|00:00:23|-0.03|0.12|0.8563|
|=|          9|          8|        302|  -0.3547862232|         70|00:00:39|-0.01|0.12|0.8390|
|=|         12|          8|        302|  -0.3564031184|         71|00:00:17|+0.03|0.13|0.8220|
|=|          4|          8|        302|  -0.3580400387|         72|00:00:17|+0.04|0.14|0.8391|
|=|         11|          8|        302|  -0.3588580736|         73|00:00:22|-0.01|0.08|0.8756|
|=|         10|          8|        302|  -0.3589981448|         74|00:00:21|-0.02|0.07|0.8863|
|=|          2|          8|        302|  -0.3643710937|         75|00:00:16|-0.00|0.08|0.8752|
|=|         14|          8|        302|  -0.3609562258|         76|00:00:16|+0.00|0.07|0.8749|
|=|          5|          8|        302|  -0.3590326042|         77|00:00:17|+0.00|0.07|0.8625|
|=|         16|          8|        302|  -0.3611628383|         85|00:00:29|-0.00|0.06|0.8641|
+-+-----------+-----------+-----------+---------------+-----------+--------+-----+----+------+
Best-so-far configuration:         302    mean value:   -0.3611628383
Description of the best-so-far configuration:
    .ID. dataset  job_id cutoff metafolds           task sparse f_eng1    f_eng2 scaling  algorithm pre_scaling extraction ext_components        selection lr_C lr_solver multi_class  C kernel rf_estimators criterion_classification criterion_regression max_features max_depth min_samples_leaf solver alpha hidden_layers neurons1 activation n_neighbors  weights ab_estimators ab_learning_rate ab_loss whiten svd_solver ica_algorithm ica_fun dl_fit_algorithm dl_transform_algorithm sel_model sel_score_classification sel_score_regression sel_percentile sel_threshold max_iter lr_penalty degree gamma max_depth_value mlp_learning_rate learning_rate_init neurons2 neurons3 lr_dual .PARENT.
302  302    svhn 1585428     10         1 classification  False   none Selection    True KNeighbors       False       <NA>             NA SelectPercentile   NA      <NA>        <NA> NA   <NA>            NA                     <NA>                   NA           NA      <NA>               NA   <NA>    NA            NA       NA       <NA>          10 distance            NA               NA      NA   <NA>       <NA>          <NA>    <NA>             <NA>                   <NA>      <NA>                f_classif                   NA             28          <NA>       NA       <NA>     NA    NA              NA              <NA>                 NA       NA       NA      NA      247

# 2020-08-17 10:02:16 BRT: Elite configurations (first number is the configuration ID; listed from best to worst according to the sum of ranks):
    dataset  job_id cutoff metafolds           task sparse f_eng1    f_eng2 scaling  algorithm pre_scaling extraction ext_components        selection lr_C lr_solver multi_class  C kernel rf_estimators criterion_classification criterion_regression max_features max_depth min_samples_leaf solver alpha hidden_layers neurons1 activation n_neighbors  weights ab_estimators ab_learning_rate ab_loss whiten svd_solver ica_algorithm ica_fun dl_fit_algorithm dl_transform_algorithm sel_model sel_score_classification sel_score_regression sel_percentile sel_threshold max_iter lr_penalty degree gamma max_depth_value mlp_learning_rate learning_rate_init neurons2 neurons3 lr_dual
302    svhn 1585428     10         1 classification  False   none Selection    True KNeighbors       False       <NA>             NA SelectPercentile   NA      <NA>        <NA> NA   <NA>            NA                     <NA>                   NA           NA      <NA>               NA   <NA>    NA            NA       NA       <NA>          10 distance            NA               NA      NA   <NA>       <NA>          <NA>    <NA>             <NA>                   <NA>      <NA>                f_classif                   NA             28          <NA>       NA       <NA>     NA    NA              NA              <NA>                 NA       NA       NA      NA
182    svhn 1585428     10         1 classification  False   none Selection    True KNeighbors       False       <NA>             NA SelectPercentile   NA      <NA>        <NA> NA   <NA>            NA                     <NA>                   NA           NA      <NA>               NA   <NA>    NA            NA       NA       <NA>           7 distance            NA               NA      NA   <NA>       <NA>          <NA>    <NA>             <NA>                   <NA>      <NA>                f_classif                   NA             26          <NA>       NA       <NA>     NA    NA              NA              <NA>                 NA       NA       NA      NA
187    svhn 1585428     10         1 classification  False   none Selection   False KNeighbors       False       <NA>             NA SelectPercentile   NA      <NA>        <NA> NA   <NA>            NA                     <NA>                   NA           NA      <NA>               NA   <NA>    NA            NA       NA       <NA>          12 distance            NA               NA      NA   <NA>       <NA>          <NA>    <NA>             <NA>                   <NA>      <NA>                f_classif                   NA             25          <NA>       NA       <NA>     NA    NA              NA              <NA>                 NA       NA       NA      NA
268    svhn 1585428     10         1 classification  False   none Selection    True KNeighbors       False       <NA>             NA SelectPercentile   NA      <NA>        <NA> NA   <NA>            NA                     <NA>                   NA           NA      <NA>               NA   <NA>    NA            NA       NA       <NA>           8 distance            NA               NA      NA   <NA>       <NA>          <NA>    <NA>             <NA>                   <NA>      <NA>                f_classif                   NA             30          <NA>       NA       <NA>     NA    NA              NA              <NA>                 NA       NA       NA      NA
228    svhn 1585428     10         1 classification  False   none Selection   False KNeighbors       False       <NA>             NA SelectPercentile   NA      <NA>        <NA> NA   <NA>            NA                     <NA>                   NA           NA      <NA>               NA   <NA>    NA            NA       NA       <NA>          12 distance            NA               NA      NA   <NA>       <NA>          <NA>    <NA>             <NA>                   <NA>      <NA>                f_classif                   NA             23          <NA>       NA       <NA>     NA    NA              NA              <NA>                 NA       NA       NA      NA
337    svhn 1585428     10         1 classification  False   none Selection   False KNeighbors       False       <NA>             NA SelectPercentile   NA      <NA>        <NA> NA   <NA>            NA                     <NA>                   NA           NA      <NA>               NA   <NA>    NA            NA       NA       <NA>          10 distance            NA               NA      NA   <NA>       <NA>          <NA>    <NA>             <NA>                   <NA>      <NA>                f_classif                   NA             21          <NA>       NA       <NA>     NA    NA              NA              <NA>                 NA       NA       NA      NA
274    svhn 1585428     10         1 classification  False   none Selection    True KNeighbors       False       <NA>             NA SelectPercentile   NA      <NA>        <NA> NA   <NA>            NA                     <NA>                   NA           NA      <NA>               NA   <NA>    NA            NA       NA       <NA>          12 distance            NA               NA      NA   <NA>       <NA>          <NA>    <NA>             <NA>                   <NA>      <NA>                f_classif                   NA             33          <NA>       NA       <NA>     NA    NA              NA              <NA>                 NA       NA       NA      NA
# 2020-08-17 10:02:16 BRT: Iteration 10 of 10
# experimentsUsedSoFar: 1897
# remainingBudget: 103
# currentBudget: 103
# nbConfigurations: 12
  Markers:
     x No test is performed.
     - The test is performed and some configurations are discarded.
     = The test is performed but no configuration is discarded.
     ! The test is performed and configurations could be discarded but elite configurations are preserved.
     . All alive configurations are elite and nothing is discarded

+-+-----------+-----------+-----------+---------------+-----------+--------+-----+----+------+
| |   Instance|      Alive|       Best|      Mean best| Exp so far|  W time|  rho|KenW|  Qvar|
+-+-----------+-----------+-----------+---------------+-----------+--------+-----+----+------+
|x|         17|         12|        337|  -0.3482817129|         12|00:00:59|   NA|  NA|    NA|
|x|         16|         12|        337|  -0.3737028411|         17|00:00:40|+0.94|0.97|0.0378|
|x|          6|         12|        228|  -0.3634333491|         22|00:00:40|+0.82|0.88|0.0479|
|x|         10|         12|        228|  -0.3655848933|         27|00:00:43|+0.86|0.90|0.0355|
|!|         12|          7|        187|  -0.3648616351|         32|00:00:42|+0.21|0.37|0.6934|
|.|         13|          7|        187|  -0.3616387464|         32|23:59:59|+0.09|0.24|0.7829|
|.|          5|          7|        187|  -0.3563336919|         32|23:59:59|-0.02|0.13|0.8701|
|.|         14|          7|        187|  -0.3505098981|         32|23:59:59|-0.07|0.07|0.9110|
|.|          3|          7|        187|  -0.3439662776|         32|23:59:59|-0.04|0.07|0.9110|
|.|          7|          7|        187|  -0.3481587098|         32|23:59:59|-0.04|0.06|0.9088|
|.|          9|          7|        187|  -0.3484342116|         32|23:59:59|-0.02|0.07|0.8926|
|.|          1|          7|        187|  -0.3490791456|         32|23:59:59|-0.00|0.08|0.8676|
|.|          2|          7|        187|  -0.3549215281|         32|23:59:59|+0.01|0.09|0.8614|
|.|          4|          7|        187|  -0.3559800870|         32|23:59:59|+0.04|0.11|0.8428|
|.|         11|          7|        187|  -0.3561155926|         32|23:59:59|+0.01|0.08|0.8569|
|.|          8|          7|        187|  -0.3582222699|         32|23:59:59|+0.01|0.07|0.8626|
|.|         15|          7|        187|  -0.3575623684|         32|23:59:59|-0.00|0.06|0.8647|
+-+-----------+-----------+-----------+---------------+-----------+--------+-----+----+------+
Best-so-far configuration:         302    mean value:   -0.3599223538
Description of the best-so-far configuration:
    .ID. dataset  job_id cutoff metafolds           task sparse f_eng1    f_eng2 scaling  algorithm pre_scaling extraction ext_components        selection lr_C lr_solver multi_class  C kernel rf_estimators criterion_classification criterion_regression max_features max_depth min_samples_leaf solver alpha hidden_layers neurons1 activation n_neighbors  weights ab_estimators ab_learning_rate ab_loss whiten svd_solver ica_algorithm ica_fun dl_fit_algorithm dl_transform_algorithm sel_model sel_score_classification sel_score_regression sel_percentile sel_threshold max_iter lr_penalty degree gamma max_depth_value mlp_learning_rate learning_rate_init neurons2 neurons3 lr_dual .PARENT.
302  302    svhn 1585428     10         1 classification  False   none Selection    True KNeighbors       False       <NA>             NA SelectPercentile   NA      <NA>        <NA> NA   <NA>            NA                     <NA>                   NA           NA      <NA>               NA   <NA>    NA            NA       NA       <NA>          10 distance            NA               NA      NA   <NA>       <NA>          <NA>    <NA>             <NA>                   <NA>      <NA>                f_classif                   NA             28          <NA>       NA       <NA>     NA    NA              NA              <NA>                 NA       NA       NA      NA      247

# 2020-08-17 10:06:03 BRT: Elite configurations (first number is the configuration ID; listed from best to worst according to the sum of ranks):
    dataset  job_id cutoff metafolds           task sparse f_eng1    f_eng2 scaling  algorithm pre_scaling extraction ext_components        selection lr_C lr_solver multi_class  C kernel rf_estimators criterion_classification criterion_regression max_features max_depth min_samples_leaf solver alpha hidden_layers neurons1 activation n_neighbors  weights ab_estimators ab_learning_rate ab_loss whiten svd_solver ica_algorithm ica_fun dl_fit_algorithm dl_transform_algorithm sel_model sel_score_classification sel_score_regression sel_percentile sel_threshold max_iter lr_penalty degree gamma max_depth_value mlp_learning_rate learning_rate_init neurons2 neurons3 lr_dual
302    svhn 1585428     10         1 classification  False   none Selection    True KNeighbors       False       <NA>             NA SelectPercentile   NA      <NA>        <NA> NA   <NA>            NA                     <NA>                   NA           NA      <NA>               NA   <NA>    NA            NA       NA       <NA>          10 distance            NA               NA      NA   <NA>       <NA>          <NA>    <NA>             <NA>                   <NA>      <NA>                f_classif                   NA             28          <NA>       NA       <NA>     NA    NA              NA              <NA>                 NA       NA       NA      NA
182    svhn 1585428     10         1 classification  False   none Selection    True KNeighbors       False       <NA>             NA SelectPercentile   NA      <NA>        <NA> NA   <NA>            NA                     <NA>                   NA           NA      <NA>               NA   <NA>    NA            NA       NA       <NA>           7 distance            NA               NA      NA   <NA>       <NA>          <NA>    <NA>             <NA>                   <NA>      <NA>                f_classif                   NA             26          <NA>       NA       <NA>     NA    NA              NA              <NA>                 NA       NA       NA      NA
187    svhn 1585428     10         1 classification  False   none Selection   False KNeighbors       False       <NA>             NA SelectPercentile   NA      <NA>        <NA> NA   <NA>            NA                     <NA>                   NA           NA      <NA>               NA   <NA>    NA            NA       NA       <NA>          12 distance            NA               NA      NA   <NA>       <NA>          <NA>    <NA>             <NA>                   <NA>      <NA>                f_classif                   NA             25          <NA>       NA       <NA>     NA    NA              NA              <NA>                 NA       NA       NA      NA
337    svhn 1585428     10         1 classification  False   none Selection   False KNeighbors       False       <NA>             NA SelectPercentile   NA      <NA>        <NA> NA   <NA>            NA                     <NA>                   NA           NA      <NA>               NA   <NA>    NA            NA       NA       <NA>          10 distance            NA               NA      NA   <NA>       <NA>          <NA>    <NA>             <NA>                   <NA>      <NA>                f_classif                   NA             21          <NA>       NA       <NA>     NA    NA              NA              <NA>                 NA       NA       NA      NA
228    svhn 1585428     10         1 classification  False   none Selection   False KNeighbors       False       <NA>             NA SelectPercentile   NA      <NA>        <NA> NA   <NA>            NA                     <NA>                   NA           NA      <NA>               NA   <NA>    NA            NA       NA       <NA>          12 distance            NA               NA      NA   <NA>       <NA>          <NA>    <NA>             <NA>                   <NA>      <NA>                f_classif                   NA             23          <NA>       NA       <NA>     NA    NA              NA              <NA>                 NA       NA       NA      NA
268    svhn 1585428     10         1 classification  False   none Selection    True KNeighbors       False       <NA>             NA SelectPercentile   NA      <NA>        <NA> NA   <NA>            NA                     <NA>                   NA           NA      <NA>               NA   <NA>    NA            NA       NA       <NA>           8 distance            NA               NA      NA   <NA>       <NA>          <NA>    <NA>             <NA>                   <NA>      <NA>                f_classif                   NA             30          <NA>       NA       <NA>     NA    NA              NA              <NA>                 NA       NA       NA      NA
274    svhn 1585428     10         1 classification  False   none Selection    True KNeighbors       False       <NA>             NA SelectPercentile   NA      <NA>        <NA> NA   <NA>            NA                     <NA>                   NA           NA      <NA>               NA   <NA>    NA            NA       NA       <NA>          12 distance            NA               NA      NA   <NA>       <NA>          <NA>    <NA>             <NA>                   <NA>      <NA>                f_classif                   NA             33          <NA>       NA       <NA>     NA    NA              NA              <NA>                 NA       NA       NA      NA
# 2020-08-17 10:06:03 BRT: Iteration 11 of 11
# experimentsUsedSoFar: 1929
# remainingBudget: 71
# currentBudget: 71
# nbConfigurations: 10
  Markers:
     x No test is performed.
     - The test is performed and some configurations are discarded.
     = The test is performed but no configuration is discarded.
     ! The test is performed and configurations could be discarded but elite configurations are preserved.
     . All alive configurations are elite and nothing is discarded

+-+-----------+-----------+-----------+---------------+-----------+--------+-----+----+------+
| |   Instance|      Alive|       Best|      Mean best| Exp so far|  W time|  rho|KenW|  Qvar|
+-+-----------+-----------+-----------+---------------+-----------+--------+-----+----+------+
|x|         18|         10|        268|  -0.3585282241|         10|00:00:38|   NA|  NA|    NA|
|x|         11|         10|        268|  -0.3622491918|         13|00:00:43|+0.25|0.62|0.4351|
|x|          9|         10|        268|  -0.3630082027|         16|00:00:32|+0.34|0.56|0.4939|
|x|          3|         10|        302|  -0.3436607338|         19|00:00:34|+0.24|0.43|0.5436|
|=|          7|         10|        302|  -0.3530978726|         22|00:00:35|+0.20|0.36|0.6160|
|!|         15|          9|        302|  -0.3533118842|         25|00:00:42|+0.01|0.17|0.9018|
|=|         12|          9|        302|  -0.3556013693|         27|00:00:31|-0.01|0.13|0.9199|
|=|          5|          9|        302|  -0.3526639359|         29|00:00:28|+0.05|0.17|0.8768|
|=|          8|          9|        302|  -0.3560654573|         31|00:00:31|-0.01|0.10|0.9293|
|=|         17|          9|        302|  -0.3544663717|         33|00:00:26|-0.05|0.06|0.9513|
|=|         16|          9|        302|  -0.3579800060|         35|00:00:28|-0.04|0.06|0.9396|
|=|          6|          9|        302|  -0.3577008633|         37|00:00:31|-0.02|0.06|0.9281|
|=|         10|          9|        302|  -0.3579191760|         39|00:00:43|-0.02|0.06|0.9235|
|=|          2|          9|        302|  -0.3629854120|         41|00:00:29|-0.02|0.05|0.9181|
|=|         14|          9|        302|  -0.3598905808|         43|00:00:37|-0.02|0.05|0.9138|
|=|          4|          9|        302|  -0.3606956895|         45|00:00:29|-0.01|0.06|0.9062|
|=|          1|          9|        302|  -0.3603169737|         47|00:00:35|-0.00|0.06|0.8993|
|=|         13|          9|        302|  -0.3595561640|         49|00:00:39|+0.02|0.07|0.8842|
|=|         19|          9|        302|  -0.3588455245|         58|00:00:52|+0.04|0.09|0.8645|
+-+-----------+-----------+-----------+---------------+-----------+--------+-----+----+------+
Best-so-far configuration:         302    mean value:   -0.3588455245
Description of the best-so-far configuration:
    .ID. dataset  job_id cutoff metafolds           task sparse f_eng1    f_eng2 scaling  algorithm pre_scaling extraction ext_components        selection lr_C lr_solver multi_class  C kernel rf_estimators criterion_classification criterion_regression max_features max_depth min_samples_leaf solver alpha hidden_layers neurons1 activation n_neighbors  weights ab_estimators ab_learning_rate ab_loss whiten svd_solver ica_algorithm ica_fun dl_fit_algorithm dl_transform_algorithm sel_model sel_score_classification sel_score_regression sel_percentile sel_threshold max_iter lr_penalty degree gamma max_depth_value mlp_learning_rate learning_rate_init neurons2 neurons3 lr_dual .PARENT.
302  302    svhn 1585428     10         1 classification  False   none Selection    True KNeighbors       False       <NA>             NA SelectPercentile   NA      <NA>        <NA> NA   <NA>            NA                     <NA>                   NA           NA      <NA>               NA   <NA>    NA            NA       NA       <NA>          10 distance            NA               NA      NA   <NA>       <NA>          <NA>    <NA>             <NA>                   <NA>      <NA>                f_classif                   NA             28          <NA>       NA       <NA>     NA    NA              NA              <NA>                 NA       NA       NA      NA      247

# 2020-08-17 10:17:16 BRT: Elite configurations (first number is the configuration ID; listed from best to worst according to the sum of ranks):
    dataset  job_id cutoff metafolds           task sparse f_eng1    f_eng2 scaling  algorithm pre_scaling extraction ext_components        selection lr_C lr_solver multi_class  C kernel rf_estimators criterion_classification criterion_regression max_features max_depth min_samples_leaf solver alpha hidden_layers neurons1 activation n_neighbors  weights ab_estimators ab_learning_rate ab_loss whiten svd_solver ica_algorithm ica_fun dl_fit_algorithm dl_transform_algorithm sel_model sel_score_classification sel_score_regression sel_percentile sel_threshold max_iter lr_penalty degree gamma max_depth_value mlp_learning_rate learning_rate_init neurons2 neurons3 lr_dual
302    svhn 1585428     10         1 classification  False   none Selection    True KNeighbors       False       <NA>             NA SelectPercentile   NA      <NA>        <NA> NA   <NA>            NA                     <NA>                   NA           NA      <NA>               NA   <NA>    NA            NA       NA       <NA>          10 distance            NA               NA      NA   <NA>       <NA>          <NA>    <NA>             <NA>                   <NA>      <NA>                f_classif                   NA             28          <NA>       NA       <NA>     NA    NA              NA              <NA>                 NA       NA       NA      NA
182    svhn 1585428     10         1 classification  False   none Selection    True KNeighbors       False       <NA>             NA SelectPercentile   NA      <NA>        <NA> NA   <NA>            NA                     <NA>                   NA           NA      <NA>               NA   <NA>    NA            NA       NA       <NA>           7 distance            NA               NA      NA   <NA>       <NA>          <NA>    <NA>             <NA>                   <NA>      <NA>                f_classif                   NA             26          <NA>       NA       <NA>     NA    NA              NA              <NA>                 NA       NA       NA      NA
187    svhn 1585428     10         1 classification  False   none Selection   False KNeighbors       False       <NA>             NA SelectPercentile   NA      <NA>        <NA> NA   <NA>            NA                     <NA>                   NA           NA      <NA>               NA   <NA>    NA            NA       NA       <NA>          12 distance            NA               NA      NA   <NA>       <NA>          <NA>    <NA>             <NA>                   <NA>      <NA>                f_classif                   NA             25          <NA>       NA       <NA>     NA    NA              NA              <NA>                 NA       NA       NA      NA
268    svhn 1585428     10         1 classification  False   none Selection    True KNeighbors       False       <NA>             NA SelectPercentile   NA      <NA>        <NA> NA   <NA>            NA                     <NA>                   NA           NA      <NA>               NA   <NA>    NA            NA       NA       <NA>           8 distance            NA               NA      NA   <NA>       <NA>          <NA>    <NA>             <NA>                   <NA>      <NA>                f_classif                   NA             30          <NA>       NA       <NA>     NA    NA              NA              <NA>                 NA       NA       NA      NA
337    svhn 1585428     10         1 classification  False   none Selection   False KNeighbors       False       <NA>             NA SelectPercentile   NA      <NA>        <NA> NA   <NA>            NA                     <NA>                   NA           NA      <NA>               NA   <NA>    NA            NA       NA       <NA>          10 distance            NA               NA      NA   <NA>       <NA>          <NA>    <NA>             <NA>                   <NA>      <NA>                f_classif                   NA             21          <NA>       NA       <NA>     NA    NA              NA              <NA>                 NA       NA       NA      NA
228    svhn 1585428     10         1 classification  False   none Selection   False KNeighbors       False       <NA>             NA SelectPercentile   NA      <NA>        <NA> NA   <NA>            NA                     <NA>                   NA           NA      <NA>               NA   <NA>    NA            NA       NA       <NA>          12 distance            NA               NA      NA   <NA>       <NA>          <NA>    <NA>             <NA>                   <NA>      <NA>                f_classif                   NA             23          <NA>       NA       <NA>     NA    NA              NA              <NA>                 NA       NA       NA      NA
353    svhn 1585428     10         1 classification  False   none Selection    True KNeighbors       False       <NA>             NA SelectPercentile   NA      <NA>        <NA> NA   <NA>            NA                     <NA>                   NA           NA      <NA>               NA   <NA>    NA            NA       NA       <NA>           8 distance            NA               NA      NA   <NA>       <NA>          <NA>    <NA>             <NA>                   <NA>      <NA>                f_classif                   NA             32          <NA>       NA       <NA>     NA    NA              NA              <NA>                 NA       NA       NA      NA
# 2020-08-17 10:17:16 BRT: Stopped because there is not enough budget left to race more than the minimum (7)
# You may either increase the budget or set 'minNbSurvival' to a lower value
# Iteration: 12
# nbIterations: 12
# experimentsUsedSoFar: 1987
# timeUsed: 0
# remainingBudget: 13
# currentBudget: 13
# number of elites: 7
# nbConfigurations: 7
# Best configurations (first number is the configuration ID; listed from best to worst according to the sum of ranks):
    dataset  job_id cutoff metafolds           task sparse f_eng1    f_eng2 scaling  algorithm pre_scaling extraction ext_components        selection lr_C lr_solver multi_class  C kernel rf_estimators criterion_classification criterion_regression max_features max_depth min_samples_leaf solver alpha hidden_layers neurons1 activation n_neighbors  weights ab_estimators ab_learning_rate ab_loss whiten svd_solver ica_algorithm ica_fun dl_fit_algorithm dl_transform_algorithm sel_model sel_score_classification sel_score_regression sel_percentile sel_threshold max_iter lr_penalty degree gamma max_depth_value mlp_learning_rate learning_rate_init neurons2 neurons3 lr_dual
302    svhn 1585428     10         1 classification  False   none Selection    True KNeighbors       False       <NA>             NA SelectPercentile   NA      <NA>        <NA> NA   <NA>            NA                     <NA>                   NA           NA      <NA>               NA   <NA>    NA            NA       NA       <NA>          10 distance            NA               NA      NA   <NA>       <NA>          <NA>    <NA>             <NA>                   <NA>      <NA>                f_classif                   NA             28          <NA>       NA       <NA>     NA    NA              NA              <NA>                 NA       NA       NA      NA
182    svhn 1585428     10         1 classification  False   none Selection    True KNeighbors       False       <NA>             NA SelectPercentile   NA      <NA>        <NA> NA   <NA>            NA                     <NA>                   NA           NA      <NA>               NA   <NA>    NA            NA       NA       <NA>           7 distance            NA               NA      NA   <NA>       <NA>          <NA>    <NA>             <NA>                   <NA>      <NA>                f_classif                   NA             26          <NA>       NA       <NA>     NA    NA              NA              <NA>                 NA       NA       NA      NA
187    svhn 1585428     10         1 classification  False   none Selection   False KNeighbors       False       <NA>             NA SelectPercentile   NA      <NA>        <NA> NA   <NA>            NA                     <NA>                   NA           NA      <NA>               NA   <NA>    NA            NA       NA       <NA>          12 distance            NA               NA      NA   <NA>       <NA>          <NA>    <NA>             <NA>                   <NA>      <NA>                f_classif                   NA             25          <NA>       NA       <NA>     NA    NA              NA              <NA>                 NA       NA       NA      NA
268    svhn 1585428     10         1 classification  False   none Selection    True KNeighbors       False       <NA>             NA SelectPercentile   NA      <NA>        <NA> NA   <NA>            NA                     <NA>                   NA           NA      <NA>               NA   <NA>    NA            NA       NA       <NA>           8 distance            NA               NA      NA   <NA>       <NA>          <NA>    <NA>             <NA>                   <NA>      <NA>                f_classif                   NA             30          <NA>       NA       <NA>     NA    NA              NA              <NA>                 NA       NA       NA      NA
337    svhn 1585428     10         1 classification  False   none Selection   False KNeighbors       False       <NA>             NA SelectPercentile   NA      <NA>        <NA> NA   <NA>            NA                     <NA>                   NA           NA      <NA>               NA   <NA>    NA            NA       NA       <NA>          10 distance            NA               NA      NA   <NA>       <NA>          <NA>    <NA>             <NA>                   <NA>      <NA>                f_classif                   NA             21          <NA>       NA       <NA>     NA    NA              NA              <NA>                 NA       NA       NA      NA
228    svhn 1585428     10         1 classification  False   none Selection   False KNeighbors       False       <NA>             NA SelectPercentile   NA      <NA>        <NA> NA   <NA>            NA                     <NA>                   NA           NA      <NA>               NA   <NA>    NA            NA       NA       <NA>          12 distance            NA               NA      NA   <NA>       <NA>          <NA>    <NA>             <NA>                   <NA>      <NA>                f_classif                   NA             23          <NA>       NA       <NA>     NA    NA              NA              <NA>                 NA       NA       NA      NA
353    svhn 1585428     10         1 classification  False   none Selection    True KNeighbors       False       <NA>             NA SelectPercentile   NA      <NA>        <NA> NA   <NA>            NA                     <NA>                   NA           NA      <NA>               NA   <NA>    NA            NA       NA       <NA>           8 distance            NA               NA      NA   <NA>       <NA>          <NA>    <NA>             <NA>                   <NA>      <NA>                f_classif                   NA             32          <NA>       NA       <NA>     NA    NA              NA              <NA>                 NA       NA       NA      NA
# Best configurations as commandlines (first number is the configuration ID; same order as above):
302  --dataset svhn --job_id 1585428 --cutoff 10 --metafolds 1 --task classification --sparse False --f_eng1 none --f_eng2 Selection --pre_scaling False --selection SelectPercentile --sel_score_classification f_classif --sel_percentile 28 --scaling True --algorithm KNeighbors --n_neighbors 10 --weights distance
182  --dataset svhn --job_id 1585428 --cutoff 10 --metafolds 1 --task classification --sparse False --f_eng1 none --f_eng2 Selection --pre_scaling False --selection SelectPercentile --sel_score_classification f_classif --sel_percentile 26 --scaling True --algorithm KNeighbors --n_neighbors 7 --weights distance
187  --dataset svhn --job_id 1585428 --cutoff 10 --metafolds 1 --task classification --sparse False --f_eng1 none --f_eng2 Selection --pre_scaling False --selection SelectPercentile --sel_score_classification f_classif --sel_percentile 25 --scaling False --algorithm KNeighbors --n_neighbors 12 --weights distance
268  --dataset svhn --job_id 1585428 --cutoff 10 --metafolds 1 --task classification --sparse False --f_eng1 none --f_eng2 Selection --pre_scaling False --selection SelectPercentile --sel_score_classification f_classif --sel_percentile 30 --scaling True --algorithm KNeighbors --n_neighbors 8 --weights distance
337  --dataset svhn --job_id 1585428 --cutoff 10 --metafolds 1 --task classification --sparse False --f_eng1 none --f_eng2 Selection --pre_scaling False --selection SelectPercentile --sel_score_classification f_classif --sel_percentile 21 --scaling False --algorithm KNeighbors --n_neighbors 10 --weights distance
228  --dataset svhn --job_id 1585428 --cutoff 10 --metafolds 1 --task classification --sparse False --f_eng1 none --f_eng2 Selection --pre_scaling False --selection SelectPercentile --sel_score_classification f_classif --sel_percentile 23 --scaling False --algorithm KNeighbors --n_neighbors 12 --weights distance
353  --dataset svhn --job_id 1585428 --cutoff 10 --metafolds 1 --task classification --sparse False --f_eng1 none --f_eng2 Selection --pre_scaling False --selection SelectPercentile --sel_score_classification f_classif --sel_percentile 32 --scaling True --algorithm KNeighbors --n_neighbors 8 --weights distance
