*******************************************************************************
* irace: An implementation in R of Iterated Race
* Version: 3.1.2112M
* Copyright (C) 2010-2018
* Manuel Lopez-Ibanez     <manuel.lopez-ibanez@manchester.ac.uk>
* Jeremie Dubois-Lacoste  
* Leslie Perez Caceres    <leslie.perez.caceres@ulb.ac.be>
*
* This is free software, and you are welcome to redistribute it under certain
* conditions.  See the GNU General Public License for details. There is NO
* WARRANTY; not even for MERCHANTABILITY or FITNESS FOR A PARTICULAR PURPOSE.
*
* irace builds upon previous code from the race package:
*
* race: Racing methods for the selection of the best
* Copyright (C) 2003 Mauro Birattari
*******************************************************************************
# installed at: /home/cemvieira/bin/R/irace
# called with: -s scenario.txt --max-experiments 2000 -p ./svhn/parameters-1585215.txt --parallel 32 --train-instances-file svhn/instances.txt --log-file ./output/svhn/svhn-3f2k15m-irace-1585215.Rdata
# 8 expression(s) specifying forbidden configurations read from '/home/cemvieira/isklearn/forbidden.txt'
# 2020-08-15 05:41:32 BRT: Initialization
# Elitist race
# Elitist new instances: 1
# Elitist limit: 2
# nbIterations: 7
# minNbSurvival: 7
# nbParameters: 50
# seed: 1529782115
# confidence level: 0.95
# budget: 2000
# mu: 5
# deterministic: TRUE

# 2020-08-15 05:41:32 BRT: Iteration 1 of 7
# experimentsUsedSoFar: 0
# remainingBudget: 2000
# currentBudget: 285
# nbConfigurations: 47
  Markers:
     x No test is performed.
     - The test is performed and some configurations are discarded.
     = The test is performed but no configuration is discarded.
     ! The test is performed and configurations could be discarded but elite configurations are preserved.
     . All alive configurations are elite and nothing is discarded

+-+-----------+-----------+-----------+---------------+-----------+--------+-----+----+------+
| |   Instance|      Alive|       Best|      Mean best| Exp so far|  W time|  rho|KenW|  Qvar|
+-+-----------+-----------+-----------+---------------+-----------+--------+-----+----+------+
|x|          1|         47|         17|  -0.1892076887|         47|00:30:02|   NA|  NA|    NA|
|x|          2|         47|         17|    2147483648.|         94|00:30:01|+0.00|0.50|0.4894|
|x|          3|         47|         17|    1431655765.|        141|00:30:01|+0.50|0.67|0.3262|
|x|          4|         47|         17|    1073741824.|        188|00:30:01|+0.67|0.75|0.2447|
|!|          5|          1|         17|    858993459.0|        235|00:30:01|   NA|  NA|    NA|
+-+-----------+-----------+-----------+---------------+-----------+--------+-----+----+------+
Best-so-far configuration:          17    mean value:     858993459.0
Description of the best-so-far configuration:
   .ID. dataset  job_id cutoff metafolds           task sparse f_eng1 f_eng2 scaling    algorithm pre_scaling extraction ext_components selection lr_C lr_solver multi_class  C kernel rf_estimators criterion_classification criterion_regression max_features max_depth min_samples_leaf solver alpha hidden_layers neurons1 activation n_neighbors weights ab_estimators ab_learning_rate ab_loss whiten svd_solver ica_algorithm ica_fun dl_fit_algorithm dl_transform_algorithm sel_model sel_score_classification sel_score_regression sel_percentile sel_threshold max_iter lr_penalty degree gamma max_depth_value mlp_learning_rate learning_rate_init neurons2 neurons3 lr_dual .PARENT.
17   17    svhn 1585215     15         3 classification  False   none   none   False RandomForest        <NA>       <NA>             NA      <NA>   NA      <NA>        <NA> NA   <NA>           964                     gini                   NA       0.4143      none           0.4447   <NA>    NA            NA       NA       <NA>          NA    <NA>            NA               NA      NA   <NA>       <NA>          <NA>    <NA>             <NA>                   <NA>      <NA>                     <NA>                   NA             NA          <NA>       NA       <NA>     NA    NA              NA              <NA>                 NA       NA       NA    <NA>       NA

# 2020-08-15 08:11:42 BRT: Elite configurations (first number is the configuration ID; listed from best to worst according to the sum of ranks):
   dataset  job_id cutoff metafolds           task sparse f_eng1 f_eng2 scaling    algorithm pre_scaling extraction ext_components selection lr_C lr_solver multi_class  C kernel rf_estimators criterion_classification criterion_regression max_features max_depth min_samples_leaf solver alpha hidden_layers neurons1 activation n_neighbors weights ab_estimators ab_learning_rate ab_loss whiten svd_solver ica_algorithm ica_fun dl_fit_algorithm dl_transform_algorithm sel_model sel_score_classification sel_score_regression sel_percentile sel_threshold max_iter lr_penalty degree gamma max_depth_value mlp_learning_rate learning_rate_init neurons2 neurons3 lr_dual
17    svhn 1585215     15         3 classification  False   none   none   False RandomForest        <NA>       <NA>             NA      <NA>   NA      <NA>        <NA> NA   <NA>           964                     gini                   NA       0.4143      none           0.4447   <NA>    NA            NA       NA       <NA>          NA    <NA>            NA               NA      NA   <NA>       <NA>          <NA>    <NA>             <NA>                   <NA>      <NA>                     <NA>                   NA             NA          <NA>       NA       <NA>     NA    NA              NA              <NA>                 NA       NA       NA    <NA>
# 2020-08-15 08:11:42 BRT: Iteration 2 of 7
# experimentsUsedSoFar: 235
# remainingBudget: 1765
# currentBudget: 294
# nbConfigurations: 42
  Markers:
     x No test is performed.
     - The test is performed and some configurations are discarded.
     = The test is performed but no configuration is discarded.
     ! The test is performed and configurations could be discarded but elite configurations are preserved.
     . All alive configurations are elite and nothing is discarded

+-+-----------+-----------+-----------+---------------+-----------+--------+-----+----+------+
| |   Instance|      Alive|       Best|      Mean best| Exp so far|  W time|  rho|KenW|  Qvar|
+-+-----------+-----------+-----------+---------------+-----------+--------+-----+----+------+
|x|          6|         42|         17|  -0.1891604457|         42|00:30:01|   NA|  NA|    NA|
|x|          3|         42|         17|  -0.1891665429|         83|00:30:01|+1.00|1.00|0.0000|
|x|          4|         42|         17|  -0.1892048271|        124|00:30:01|+1.00|1.00|0.0000|
|x|          1|         42|         17|  -0.1892055425|        165|00:30:01|+1.00|1.00|0.0000|
|!|          5|          1|         17|  -0.1892034859|        206|00:30:01|   NA|  NA|    NA|
|.|          2|          1|         17|    715827882.5|        206|23:59:59|   NA|  NA|    NA|
+-+-----------+-----------+-----------+---------------+-----------+--------+-----+----+------+
Best-so-far configuration:          17    mean value:     715827882.5
Description of the best-so-far configuration:
   .ID. dataset  job_id cutoff metafolds           task sparse f_eng1 f_eng2 scaling    algorithm pre_scaling extraction ext_components selection lr_C lr_solver multi_class  C kernel rf_estimators criterion_classification criterion_regression max_features max_depth min_samples_leaf solver alpha hidden_layers neurons1 activation n_neighbors weights ab_estimators ab_learning_rate ab_loss whiten svd_solver ica_algorithm ica_fun dl_fit_algorithm dl_transform_algorithm sel_model sel_score_classification sel_score_regression sel_percentile sel_threshold max_iter lr_penalty degree gamma max_depth_value mlp_learning_rate learning_rate_init neurons2 neurons3 lr_dual .PARENT.
17   17    svhn 1585215     15         3 classification  False   none   none   False RandomForest        <NA>       <NA>             NA      <NA>   NA      <NA>        <NA> NA   <NA>           964                     gini                   NA       0.4143      none           0.4447   <NA>    NA            NA       NA       <NA>          NA    <NA>            NA               NA      NA   <NA>       <NA>          <NA>    <NA>             <NA>                   <NA>      <NA>                     <NA>                   NA             NA          <NA>       NA       <NA>     NA    NA              NA              <NA>                 NA       NA       NA    <NA>       NA

# 2020-08-15 10:41:51 BRT: Elite configurations (first number is the configuration ID; listed from best to worst according to the sum of ranks):
   dataset  job_id cutoff metafolds           task sparse f_eng1 f_eng2 scaling    algorithm pre_scaling extraction ext_components selection lr_C lr_solver multi_class  C kernel rf_estimators criterion_classification criterion_regression max_features max_depth min_samples_leaf solver alpha hidden_layers neurons1 activation n_neighbors weights ab_estimators ab_learning_rate ab_loss whiten svd_solver ica_algorithm ica_fun dl_fit_algorithm dl_transform_algorithm sel_model sel_score_classification sel_score_regression sel_percentile sel_threshold max_iter lr_penalty degree gamma max_depth_value mlp_learning_rate learning_rate_init neurons2 neurons3 lr_dual
17    svhn 1585215     15         3 classification  False   none   none   False RandomForest        <NA>       <NA>             NA      <NA>   NA      <NA>        <NA> NA   <NA>           964                     gini                   NA       0.4143      none           0.4447   <NA>    NA            NA       NA       <NA>          NA    <NA>            NA               NA      NA   <NA>       <NA>          <NA>    <NA>             <NA>                   <NA>      <NA>                     <NA>                   NA             NA          <NA>       NA       <NA>     NA    NA              NA              <NA>                 NA       NA       NA    <NA>
# 2020-08-15 10:41:51 BRT: Iteration 3 of 7
# experimentsUsedSoFar: 441
# remainingBudget: 1559
# currentBudget: 311
# nbConfigurations: 39
  Markers:
     x No test is performed.
     - The test is performed and some configurations are discarded.
     = The test is performed but no configuration is discarded.
     ! The test is performed and configurations could be discarded but elite configurations are preserved.
     . All alive configurations are elite and nothing is discarded

+-+-----------+-----------+-----------+---------------+-----------+--------+-----+----+------+
| |   Instance|      Alive|       Best|      Mean best| Exp so far|  W time|  rho|KenW|  Qvar|
+-+-----------+-----------+-----------+---------------+-----------+--------+-----+----+------+
|x|          7|         39|        100|  -0.1922114051|         39|00:23:23|   NA|  NA|    NA|
|x|          1|         39|        100|  -0.1914339397|         77|00:22:59|+1.00|1.00|0.0000|
|x|          4|         39|        100|  -0.1906547685|        115|00:22:09|+0.99|0.99|0.0000|
|x|          5|         39|        100|  -0.1907466901|        153|00:22:53|+0.99|0.99|0.0000|
|!|          3|          2|        100|  -0.1905211862|        191|00:23:05|+0.20|0.36|0.4000|
+-+-----------+-----------+-----------+---------------+-----------+--------+-----+----+------+
Best-so-far configuration:          17    mean value:     613566756.4
Description of the best-so-far configuration:
   .ID. dataset  job_id cutoff metafolds           task sparse f_eng1 f_eng2 scaling    algorithm pre_scaling extraction ext_components selection lr_C lr_solver multi_class  C kernel rf_estimators criterion_classification criterion_regression max_features max_depth min_samples_leaf solver alpha hidden_layers neurons1 activation n_neighbors weights ab_estimators ab_learning_rate ab_loss whiten svd_solver ica_algorithm ica_fun dl_fit_algorithm dl_transform_algorithm sel_model sel_score_classification sel_score_regression sel_percentile sel_threshold max_iter lr_penalty degree gamma max_depth_value mlp_learning_rate learning_rate_init neurons2 neurons3 lr_dual .PARENT.
17   17    svhn 1585215     15         3 classification  False   none   none   False RandomForest        <NA>       <NA>             NA      <NA>   NA      <NA>        <NA> NA   <NA>           964                     gini                   NA       0.4143      none           0.4447   <NA>    NA            NA       NA       <NA>          NA    <NA>            NA               NA      NA   <NA>       <NA>          <NA>    <NA>             <NA>                   <NA>      <NA>                     <NA>                   NA             NA          <NA>       NA       <NA>     NA    NA              NA              <NA>                 NA       NA       NA    <NA>       NA

# 2020-08-15 12:36:25 BRT: Elite configurations (first number is the configuration ID; listed from best to worst according to the sum of ranks):
    dataset  job_id cutoff metafolds           task sparse f_eng1 f_eng2 scaling    algorithm pre_scaling extraction ext_components selection lr_C lr_solver multi_class  C kernel rf_estimators criterion_classification criterion_regression max_features max_depth min_samples_leaf solver alpha hidden_layers neurons1 activation n_neighbors weights ab_estimators ab_learning_rate ab_loss whiten svd_solver ica_algorithm ica_fun dl_fit_algorithm dl_transform_algorithm sel_model sel_score_classification sel_score_regression sel_percentile sel_threshold max_iter lr_penalty degree gamma max_depth_value mlp_learning_rate learning_rate_init neurons2 neurons3 lr_dual
17     svhn 1585215     15         3 classification  False   none   none   False RandomForest        <NA>       <NA>             NA      <NA>   NA      <NA>        <NA> NA   <NA>           964                     gini                   NA       0.4143      none           0.4447   <NA>    NA            NA       NA       <NA>          NA    <NA>            NA               NA      NA   <NA>       <NA>          <NA>    <NA>             <NA>                   <NA>      <NA>                     <NA>                   NA             NA          <NA>       NA       <NA>     NA    NA              NA              <NA>                 NA       NA       NA    <NA>
100    svhn 1585215     15         3 classification  False   none   none   False DecisionTree        <NA>       <NA>             NA      <NA>   NA      <NA>        <NA> NA   <NA>            NA                  entropy                   NA       0.5085     value           0.2434   <NA>    NA            NA       NA       <NA>          NA    <NA>            NA               NA      NA   <NA>       <NA>          <NA>    <NA>             <NA>                   <NA>      <NA>                     <NA>                   NA             NA          <NA>       NA       <NA>     NA    NA              48              <NA>                 NA       NA       NA    <NA>
# 2020-08-15 12:36:25 BRT: Iteration 4 of 7
# experimentsUsedSoFar: 632
# remainingBudget: 1368
# currentBudget: 342
# nbConfigurations: 39
  Markers:
     x No test is performed.
     - The test is performed and some configurations are discarded.
     = The test is performed but no configuration is discarded.
     ! The test is performed and configurations could be discarded but elite configurations are preserved.
     . All alive configurations are elite and nothing is discarded

+-+-----------+-----------+-----------+---------------+-----------+--------+-----+----+------+
| |   Instance|      Alive|       Best|      Mean best| Exp so far|  W time|  rho|KenW|  Qvar|
+-+-----------+-----------+-----------+---------------+-----------+--------+-----+----+------+
|x|          8|         39|        155|  -0.2549454051|         39|00:21:37|   NA|  NA|    NA|
|x|          3|         39|        155|  -0.2619315760|         76|00:21:29|+0.99|0.99|0.0000|
|x|          7|         39|        155|  -0.2613918038|        113|00:21:19|+0.99|1.00|0.0000|
|x|          6|         39|        155|  -0.2620642061|        151|00:21:24|+0.99|1.00|0.0000|
|!|          4|          3|        155|  -0.2623223220|        188|00:21:36|+0.70|0.76|0.0002|
+-+-----------+-----------+-----------+---------------+-----------+--------+-----+----+------+
Best-so-far configuration:          17    mean value:     536870911.8
Description of the best-so-far configuration:
   .ID. dataset  job_id cutoff metafolds           task sparse f_eng1 f_eng2 scaling    algorithm pre_scaling extraction ext_components selection lr_C lr_solver multi_class  C kernel rf_estimators criterion_classification criterion_regression max_features max_depth min_samples_leaf solver alpha hidden_layers neurons1 activation n_neighbors weights ab_estimators ab_learning_rate ab_loss whiten svd_solver ica_algorithm ica_fun dl_fit_algorithm dl_transform_algorithm sel_model sel_score_classification sel_score_regression sel_percentile sel_threshold max_iter lr_penalty degree gamma max_depth_value mlp_learning_rate learning_rate_init neurons2 neurons3 lr_dual .PARENT.
17   17    svhn 1585215     15         3 classification  False   none   none   False RandomForest        <NA>       <NA>             NA      <NA>   NA      <NA>        <NA> NA   <NA>           964                     gini                   NA       0.4143      none           0.4447   <NA>    NA            NA       NA       <NA>          NA    <NA>            NA               NA      NA   <NA>       <NA>          <NA>    <NA>             <NA>                   <NA>      <NA>                     <NA>                   NA             NA          <NA>       NA       <NA>     NA    NA              NA              <NA>                 NA       NA       NA    <NA>       NA

# 2020-08-15 14:23:53 BRT: Elite configurations (first number is the configuration ID; listed from best to worst according to the sum of ranks):
    dataset  job_id cutoff metafolds           task sparse f_eng1 f_eng2 scaling    algorithm pre_scaling extraction ext_components selection lr_C lr_solver multi_class  C kernel rf_estimators criterion_classification criterion_regression max_features max_depth min_samples_leaf solver alpha hidden_layers neurons1 activation n_neighbors weights ab_estimators ab_learning_rate ab_loss whiten svd_solver ica_algorithm ica_fun dl_fit_algorithm dl_transform_algorithm sel_model sel_score_classification sel_score_regression sel_percentile sel_threshold max_iter lr_penalty degree gamma max_depth_value mlp_learning_rate learning_rate_init neurons2 neurons3 lr_dual
17     svhn 1585215     15         3 classification  False   none   none   False RandomForest        <NA>       <NA>             NA      <NA>   NA      <NA>        <NA> NA   <NA>           964                     gini                   NA       0.4143      none           0.4447   <NA>    NA            NA       NA       <NA>          NA    <NA>            NA               NA      NA   <NA>       <NA>          <NA>    <NA>             <NA>                   <NA>      <NA>                     <NA>                   NA             NA          <NA>       NA       <NA>     NA    NA              NA              <NA>                 NA       NA       NA    <NA>
100    svhn 1585215     15         3 classification  False   none   none   False DecisionTree        <NA>       <NA>             NA      <NA>   NA      <NA>        <NA> NA   <NA>            NA                  entropy                   NA       0.5085     value           0.2434   <NA>    NA            NA       NA       <NA>          NA    <NA>            NA               NA      NA   <NA>       <NA>          <NA>    <NA>             <NA>                   <NA>      <NA>                     <NA>                   NA             NA          <NA>       NA       <NA>     NA    NA              48              <NA>                 NA       NA       NA    <NA>
155    svhn 1585215     15         3 classification  False   none   none   False DecisionTree        <NA>       <NA>             NA      <NA>   NA      <NA>        <NA> NA   <NA>            NA                     gini                   NA       0.5790     value           0.0194   <NA>    NA            NA       NA       <NA>          NA    <NA>            NA               NA      NA   <NA>       <NA>          <NA>    <NA>             <NA>                   <NA>      <NA>                     <NA>                   NA             NA          <NA>       NA       <NA>     NA    NA              20              <NA>                 NA       NA       NA    <NA>
# 2020-08-15 14:23:53 BRT: Iteration 5 of 7
# experimentsUsedSoFar: 820
# remainingBudget: 1180
# currentBudget: 393
# nbConfigurations: 41
  Markers:
     x No test is performed.
     - The test is performed and some configurations are discarded.
     = The test is performed but no configuration is discarded.
     ! The test is performed and configurations could be discarded but elite configurations are preserved.
     . All alive configurations are elite and nothing is discarded

+-+-----------+-----------+-----------+---------------+-----------+--------+-----+----+------+
| |   Instance|      Alive|       Best|      Mean best| Exp so far|  W time|  rho|KenW|  Qvar|
+-+-----------+-----------+-----------+---------------+-----------+--------+-----+----+------+
|x|          9|         41|        173|  -0.3039573386|         41|00:15:59|   NA|  NA|    NA|
|x|          1|         41|        173|  -0.3010564225|         80|00:15:34|+0.91|0.96|0.0000|
|x|          5|         41|        173|  -0.2990068995|        119|00:15:34|+0.93|0.96|0.0000|
|x|          4|         41|        173|  -0.2989194260|        157|00:15:30|+0.93|0.94|0.0000|
|!|          8|          6|        173|  -0.2988122558|        195|00:15:30|+0.94|0.95|0.0050|
+-+-----------+-----------+-----------+---------------+-----------+--------+-----+----+------+
Best-so-far configuration:          17    mean value:     477218588.3
Description of the best-so-far configuration:
   .ID. dataset  job_id cutoff metafolds           task sparse f_eng1 f_eng2 scaling    algorithm pre_scaling extraction ext_components selection lr_C lr_solver multi_class  C kernel rf_estimators criterion_classification criterion_regression max_features max_depth min_samples_leaf solver alpha hidden_layers neurons1 activation n_neighbors weights ab_estimators ab_learning_rate ab_loss whiten svd_solver ica_algorithm ica_fun dl_fit_algorithm dl_transform_algorithm sel_model sel_score_classification sel_score_regression sel_percentile sel_threshold max_iter lr_penalty degree gamma max_depth_value mlp_learning_rate learning_rate_init neurons2 neurons3 lr_dual .PARENT.
17   17    svhn 1585215     15         3 classification  False   none   none   False RandomForest        <NA>       <NA>             NA      <NA>   NA      <NA>        <NA> NA   <NA>           964                     gini                   NA       0.4143      none           0.4447   <NA>    NA            NA       NA       <NA>          NA    <NA>            NA               NA      NA   <NA>       <NA>          <NA>    <NA>             <NA>                   <NA>      <NA>                     <NA>                   NA             NA          <NA>       NA       <NA>     NA    NA              NA              <NA>                 NA       NA       NA    <NA>       NA

# 2020-08-15 15:42:02 BRT: Elite configurations (first number is the configuration ID; listed from best to worst according to the sum of ranks):
    dataset  job_id cutoff metafolds           task sparse f_eng1 f_eng2 scaling    algorithm pre_scaling extraction ext_components selection lr_C lr_solver multi_class  C kernel rf_estimators criterion_classification criterion_regression max_features max_depth min_samples_leaf solver alpha hidden_layers neurons1 activation n_neighbors  weights ab_estimators ab_learning_rate ab_loss whiten svd_solver ica_algorithm ica_fun dl_fit_algorithm dl_transform_algorithm sel_model sel_score_classification sel_score_regression sel_percentile sel_threshold max_iter lr_penalty degree gamma max_depth_value mlp_learning_rate learning_rate_init neurons2 neurons3 lr_dual
17     svhn 1585215     15         3 classification  False   none   none   False RandomForest        <NA>       <NA>             NA      <NA>   NA      <NA>        <NA> NA   <NA>           964                     gini                   NA       0.4143      none           0.4447   <NA>    NA            NA       NA       <NA>          NA     <NA>            NA               NA      NA   <NA>       <NA>          <NA>    <NA>             <NA>                   <NA>      <NA>                     <NA>                   NA             NA          <NA>       NA       <NA>     NA    NA              NA              <NA>                 NA       NA       NA    <NA>
155    svhn 1585215     15         3 classification  False   none   none   False DecisionTree        <NA>       <NA>             NA      <NA>   NA      <NA>        <NA> NA   <NA>            NA                     gini                   NA       0.5790     value           0.0194   <NA>    NA            NA       NA       <NA>          NA     <NA>            NA               NA      NA   <NA>       <NA>          <NA>    <NA>             <NA>                   <NA>      <NA>                     <NA>                   NA             NA          <NA>       NA       <NA>     NA    NA              20              <NA>                 NA       NA       NA    <NA>
100    svhn 1585215     15         3 classification  False   none   none   False DecisionTree        <NA>       <NA>             NA      <NA>   NA      <NA>        <NA> NA   <NA>            NA                  entropy                   NA       0.5085     value           0.2434   <NA>    NA            NA       NA       <NA>          NA     <NA>            NA               NA      NA   <NA>       <NA>          <NA>    <NA>             <NA>                   <NA>      <NA>                     <NA>                   NA             NA          <NA>       NA       <NA>     NA    NA              48              <NA>                 NA       NA       NA    <NA>
173    svhn 1585215     15         3 classification  False   none   none   False   KNeighbors        <NA>       <NA>             NA      <NA>   NA      <NA>        <NA> NA   <NA>            NA                     <NA>                   NA           NA      <NA>               NA   <NA>    NA            NA       NA       <NA>          51 distance            NA               NA      NA   <NA>       <NA>          <NA>    <NA>             <NA>                   <NA>      <NA>                     <NA>                   NA             NA          <NA>       NA       <NA>     NA    NA              NA              <NA>                 NA       NA       NA    <NA>
190    svhn 1585215     15         3 classification  False   none   none   False DecisionTree        <NA>       <NA>             NA      <NA>   NA      <NA>        <NA> NA   <NA>            NA                     gini                   NA       0.5104      none           0.0633   <NA>    NA            NA       NA       <NA>          NA     <NA>            NA               NA      NA   <NA>       <NA>          <NA>    <NA>             <NA>                   <NA>      <NA>                     <NA>                   NA             NA          <NA>       NA       <NA>     NA    NA              25              <NA>                 NA       NA       NA    <NA>
181    svhn 1585215     15         3 classification  False   none   none   False DecisionTree        <NA>       <NA>             NA      <NA>   NA      <NA>        <NA> NA   <NA>            NA                  entropy                   NA       0.4950     value           0.0363   <NA>    NA            NA       NA       <NA>          NA     <NA>            NA               NA      NA   <NA>       <NA>          <NA>    <NA>             <NA>                   <NA>      <NA>                     <NA>                   NA             NA          <NA>       NA       <NA>     NA    NA               5              <NA>                 NA       NA       NA    <NA>
# 2020-08-15 15:42:02 BRT: Iteration 6 of 7
# experimentsUsedSoFar: 1015
# remainingBudget: 985
# currentBudget: 492
# nbConfigurations: 54
  Markers:
     x No test is performed.
     - The test is performed and some configurations are discarded.
     = The test is performed but no configuration is discarded.
     ! The test is performed and configurations could be discarded but elite configurations are preserved.
     . All alive configurations are elite and nothing is discarded

+-+-----------+-----------+-----------+---------------+-----------+--------+-----+----+------+
| |   Instance|      Alive|       Best|      Mean best| Exp so far|  W time|  rho|KenW|  Qvar|
+-+-----------+-----------+-----------+---------------+-----------+--------+-----+----+------+
|x|         10|         54|        212|  -0.2707966652|         54|00:17:19|   NA|  NA|    NA|
|x|          3|         54|        155|  -0.2639211760|        105|00:16:45|+0.94|0.97|0.0000|
|x|          4|         54|        155|  -0.2637323791|        153|00:16:33|+0.88|0.92|0.0332|
|x|          6|         54|        155|  -0.2638196376|        204|00:17:01|+0.89|0.92|0.0249|
|!|          1|         11|        212|  -0.2666274080|        252|00:16:38|+0.63|0.71|0.9245|
|!|          2|          8|        155|  -0.2631912650|        262|00:03:41|+0.57|0.64|0.8542|
|-|          5|          8|        212|  -0.2655161913|        264|00:00:41|+0.59|0.65|0.8434|
|!|          9|          7|        212|  -0.2653327029|        266|00:00:41|+0.55|0.61|0.7937|
+-+-----------+-----------+-----------+---------------+-----------+--------+-----+----+------+
Best-so-far configuration:         155    mean value:   -0.2614335808
Description of the best-so-far configuration:
    .ID. dataset  job_id cutoff metafolds           task sparse f_eng1 f_eng2 scaling    algorithm pre_scaling extraction ext_components selection lr_C lr_solver multi_class  C kernel rf_estimators criterion_classification criterion_regression max_features max_depth min_samples_leaf solver alpha hidden_layers neurons1 activation n_neighbors weights ab_estimators ab_learning_rate ab_loss whiten svd_solver ica_algorithm ica_fun dl_fit_algorithm dl_transform_algorithm sel_model sel_score_classification sel_score_regression sel_percentile sel_threshold max_iter lr_penalty degree gamma max_depth_value mlp_learning_rate learning_rate_init neurons2 neurons3 lr_dual .PARENT.
155  155    svhn 1585215     15         3 classification  False   none   none   False DecisionTree        <NA>       <NA>             NA      <NA>   NA      <NA>        <NA> NA   <NA>            NA                     gini                   NA        0.579     value           0.0194   <NA>    NA            NA       NA       <NA>          NA    <NA>            NA               NA      NA   <NA>       <NA>          <NA>    <NA>             <NA>                   <NA>      <NA>                     <NA>                   NA             NA          <NA>       NA       <NA>     NA    NA              20              <NA>                 NA       NA       NA    <NA>      100

# 2020-08-15 17:11:28 BRT: Elite configurations (first number is the configuration ID; listed from best to worst according to the sum of ranks):
    dataset  job_id cutoff metafolds           task sparse f_eng1 f_eng2 scaling    algorithm pre_scaling extraction ext_components selection lr_C lr_solver multi_class  C kernel rf_estimators criterion_classification criterion_regression max_features max_depth min_samples_leaf solver alpha hidden_layers neurons1 activation n_neighbors  weights ab_estimators ab_learning_rate ab_loss whiten svd_solver ica_algorithm ica_fun dl_fit_algorithm dl_transform_algorithm sel_model sel_score_classification sel_score_regression sel_percentile sel_threshold max_iter lr_penalty degree gamma max_depth_value mlp_learning_rate learning_rate_init neurons2 neurons3 lr_dual
155    svhn 1585215     15         3 classification  False   none   none   False DecisionTree        <NA>       <NA>             NA      <NA>   NA      <NA>        <NA> NA   <NA>            NA                     gini                   NA       0.5790     value           0.0194   <NA>    NA            NA       NA       <NA>          NA     <NA>            NA               NA      NA   <NA>       <NA>          <NA>    <NA>             <NA>                   <NA>      <NA>                     <NA>                   NA             NA          <NA>       NA       <NA>     NA    NA              20              <NA>                 NA       NA       NA    <NA>
100    svhn 1585215     15         3 classification  False   none   none   False DecisionTree        <NA>       <NA>             NA      <NA>   NA      <NA>        <NA> NA   <NA>            NA                  entropy                   NA       0.5085     value           0.2434   <NA>    NA            NA       NA       <NA>          NA     <NA>            NA               NA      NA   <NA>       <NA>          <NA>    <NA>             <NA>                   <NA>      <NA>                     <NA>                   NA             NA          <NA>       NA       <NA>     NA    NA              48              <NA>                 NA       NA       NA    <NA>
17     svhn 1585215     15         3 classification  False   none   none   False RandomForest        <NA>       <NA>             NA      <NA>   NA      <NA>        <NA> NA   <NA>           964                     gini                   NA       0.4143      none           0.4447   <NA>    NA            NA       NA       <NA>          NA     <NA>            NA               NA      NA   <NA>       <NA>          <NA>    <NA>             <NA>                   <NA>      <NA>                     <NA>                   NA             NA          <NA>       NA       <NA>     NA    NA              NA              <NA>                 NA       NA       NA    <NA>
173    svhn 1585215     15         3 classification  False   none   none   False   KNeighbors        <NA>       <NA>             NA      <NA>   NA      <NA>        <NA> NA   <NA>            NA                     <NA>                   NA           NA      <NA>               NA   <NA>    NA            NA       NA       <NA>          51 distance            NA               NA      NA   <NA>       <NA>          <NA>    <NA>             <NA>                   <NA>      <NA>                     <NA>                   NA             NA          <NA>       NA       <NA>     NA    NA              NA              <NA>                 NA       NA       NA    <NA>
190    svhn 1585215     15         3 classification  False   none   none   False DecisionTree        <NA>       <NA>             NA      <NA>   NA      <NA>        <NA> NA   <NA>            NA                     gini                   NA       0.5104      none           0.0633   <NA>    NA            NA       NA       <NA>          NA     <NA>            NA               NA      NA   <NA>       <NA>          <NA>    <NA>             <NA>                   <NA>      <NA>                     <NA>                   NA             NA          <NA>       NA       <NA>     NA    NA              25              <NA>                 NA       NA       NA    <NA>
181    svhn 1585215     15         3 classification  False   none   none   False DecisionTree        <NA>       <NA>             NA      <NA>   NA      <NA>        <NA> NA   <NA>            NA                  entropy                   NA       0.4950     value           0.0363   <NA>    NA            NA       NA       <NA>          NA     <NA>            NA               NA      NA   <NA>       <NA>          <NA>    <NA>             <NA>                   <NA>      <NA>                     <NA>                   NA             NA          <NA>       NA       <NA>     NA    NA               5              <NA>                 NA       NA       NA    <NA>
212    svhn 1585215     15         3 classification  False   none   none   False DecisionTree        <NA>       <NA>             NA      <NA>   NA      <NA>        <NA> NA   <NA>            NA                     gini                   NA       0.0846     value           0.0124   <NA>    NA            NA       NA       <NA>          NA     <NA>            NA               NA      NA   <NA>       <NA>          <NA>    <NA>             <NA>                   <NA>      <NA>                     <NA>                   NA             NA          <NA>       NA       <NA>     NA    NA              38              <NA>                 NA       NA       NA    <NA>
# 2020-08-15 17:11:28 BRT: Iteration 7 of 7
# experimentsUsedSoFar: 1281
# remainingBudget: 719
# currentBudget: 719
# nbConfigurations: 71
  Markers:
     x No test is performed.
     - The test is performed and some configurations are discarded.
     = The test is performed but no configuration is discarded.
     ! The test is performed and configurations could be discarded but elite configurations are preserved.
     . All alive configurations are elite and nothing is discarded

+-+-----------+-----------+-----------+---------------+-----------+--------+-----+----+------+
| |   Instance|      Alive|       Best|      Mean best| Exp so far|  W time|  rho|KenW|  Qvar|
+-+-----------+-----------+-----------+---------------+-----------+--------+-----+----+------+
|x|         11|         71|        309|  -0.2919364347|         71|00:16:52|   NA|  NA|    NA|
|x|          3|         71|        155|  -0.2627734323|        135|00:17:03|+0.82|0.91|0.0367|
|x|          8|         71|        212|  -0.2650397704|        200|00:16:45|+0.80|0.87|0.0499|
|x|          6|         71|        212|  -0.2658501511|        264|00:16:34|+0.84|0.88|0.0372|
|!|          9|         13|        212|  -0.2654897778|        328|00:16:40|+0.70|0.76|0.9480|
|!|          2|          8|        212|  -0.2648103018|        334|00:01:24|+0.58|0.65|0.8591|
|!|          7|          7|        212|  -0.2647243245|        339|00:03:40|+0.54|0.61|0.8369|
|.|          4|          7|        212|  -0.2643612137|        339|23:59:59|+0.55|0.61|0.8001|
|.|          1|          7|        212|  -0.2647463438|        339|23:59:59|+0.59|0.63|0.7557|
|.|         10|          7|        212|  -0.2653513760|        339|23:59:59|+0.56|0.60|0.7887|
|.|          5|          7|        212|  -0.2652342852|        339|23:59:59|+0.58|0.62|0.7590|
+-+-----------+-----------+-----------+---------------+-----------+--------+-----+----+------+
Best-so-far configuration:         212    mean value:   -0.2652342852
Description of the best-so-far configuration:
    .ID. dataset  job_id cutoff metafolds           task sparse f_eng1 f_eng2 scaling    algorithm pre_scaling extraction ext_components selection lr_C lr_solver multi_class  C kernel rf_estimators criterion_classification criterion_regression max_features max_depth min_samples_leaf solver alpha hidden_layers neurons1 activation n_neighbors weights ab_estimators ab_learning_rate ab_loss whiten svd_solver ica_algorithm ica_fun dl_fit_algorithm dl_transform_algorithm sel_model sel_score_classification sel_score_regression sel_percentile sel_threshold max_iter lr_penalty degree gamma max_depth_value mlp_learning_rate learning_rate_init neurons2 neurons3 lr_dual .PARENT.
212  212    svhn 1585215     15         3 classification  False   none   none   False DecisionTree        <NA>       <NA>             NA      <NA>   NA      <NA>        <NA> NA   <NA>            NA                     gini                   NA       0.0846     value           0.0124   <NA>    NA            NA       NA       <NA>          NA    <NA>            NA               NA      NA   <NA>       <NA>          <NA>    <NA>             <NA>                   <NA>      <NA>                     <NA>                   NA             NA          <NA>       NA       <NA>     NA    NA              38              <NA>                 NA       NA       NA    <NA>      190

# 2020-08-15 18:40:32 BRT: Elite configurations (first number is the configuration ID; listed from best to worst according to the sum of ranks):
    dataset  job_id cutoff metafolds           task sparse f_eng1 f_eng2 scaling    algorithm pre_scaling extraction ext_components selection lr_C lr_solver multi_class  C kernel rf_estimators criterion_classification criterion_regression max_features max_depth min_samples_leaf solver alpha hidden_layers neurons1 activation n_neighbors  weights ab_estimators ab_learning_rate ab_loss whiten svd_solver ica_algorithm ica_fun dl_fit_algorithm dl_transform_algorithm sel_model sel_score_classification sel_score_regression sel_percentile sel_threshold max_iter lr_penalty degree gamma max_depth_value mlp_learning_rate learning_rate_init neurons2 neurons3 lr_dual
212    svhn 1585215     15         3 classification  False   none   none   False DecisionTree        <NA>       <NA>             NA      <NA>   NA      <NA>        <NA> NA   <NA>            NA                     gini                   NA       0.0846     value           0.0124   <NA>    NA            NA       NA       <NA>          NA     <NA>            NA               NA      NA   <NA>       <NA>          <NA>    <NA>             <NA>                   <NA>      <NA>                     <NA>                   NA             NA          <NA>       NA       <NA>     NA    NA              38              <NA>                 NA       NA       NA    <NA>
155    svhn 1585215     15         3 classification  False   none   none   False DecisionTree        <NA>       <NA>             NA      <NA>   NA      <NA>        <NA> NA   <NA>            NA                     gini                   NA       0.5790     value           0.0194   <NA>    NA            NA       NA       <NA>          NA     <NA>            NA               NA      NA   <NA>       <NA>          <NA>    <NA>             <NA>                   <NA>      <NA>                     <NA>                   NA             NA          <NA>       NA       <NA>     NA    NA              20              <NA>                 NA       NA       NA    <NA>
173    svhn 1585215     15         3 classification  False   none   none   False   KNeighbors        <NA>       <NA>             NA      <NA>   NA      <NA>        <NA> NA   <NA>            NA                     <NA>                   NA           NA      <NA>               NA   <NA>    NA            NA       NA       <NA>          51 distance            NA               NA      NA   <NA>       <NA>          <NA>    <NA>             <NA>                   <NA>      <NA>                     <NA>                   NA             NA          <NA>       NA       <NA>     NA    NA              NA              <NA>                 NA       NA       NA    <NA>
190    svhn 1585215     15         3 classification  False   none   none   False DecisionTree        <NA>       <NA>             NA      <NA>   NA      <NA>        <NA> NA   <NA>            NA                     gini                   NA       0.5104      none           0.0633   <NA>    NA            NA       NA       <NA>          NA     <NA>            NA               NA      NA   <NA>       <NA>          <NA>    <NA>             <NA>                   <NA>      <NA>                     <NA>                   NA             NA          <NA>       NA       <NA>     NA    NA              25              <NA>                 NA       NA       NA    <NA>
181    svhn 1585215     15         3 classification  False   none   none   False DecisionTree        <NA>       <NA>             NA      <NA>   NA      <NA>        <NA> NA   <NA>            NA                  entropy                   NA       0.4950     value           0.0363   <NA>    NA            NA       NA       <NA>          NA     <NA>            NA               NA      NA   <NA>       <NA>          <NA>    <NA>             <NA>                   <NA>      <NA>                     <NA>                   NA             NA          <NA>       NA       <NA>     NA    NA               5              <NA>                 NA       NA       NA    <NA>
100    svhn 1585215     15         3 classification  False   none   none   False DecisionTree        <NA>       <NA>             NA      <NA>   NA      <NA>        <NA> NA   <NA>            NA                  entropy                   NA       0.5085     value           0.2434   <NA>    NA            NA       NA       <NA>          NA     <NA>            NA               NA      NA   <NA>       <NA>          <NA>    <NA>             <NA>                   <NA>      <NA>                     <NA>                   NA             NA          <NA>       NA       <NA>     NA    NA              48              <NA>                 NA       NA       NA    <NA>
17     svhn 1585215     15         3 classification  False   none   none   False RandomForest        <NA>       <NA>             NA      <NA>   NA      <NA>        <NA> NA   <NA>           964                     gini                   NA       0.4143      none           0.4447   <NA>    NA            NA       NA       <NA>          NA     <NA>            NA               NA      NA   <NA>       <NA>          <NA>    <NA>             <NA>                   <NA>      <NA>                     <NA>                   NA             NA          <NA>       NA       <NA>     NA    NA              NA              <NA>                 NA       NA       NA    <NA>
# 2020-08-15 18:40:32 BRT: Iteration 8 of 8
# experimentsUsedSoFar: 1620
# remainingBudget: 380
# currentBudget: 380
# nbConfigurations: 38
  Markers:
     x No test is performed.
     - The test is performed and some configurations are discarded.
     = The test is performed but no configuration is discarded.
     ! The test is performed and configurations could be discarded but elite configurations are preserved.
     . All alive configurations are elite and nothing is discarded

+-+-----------+-----------+-----------+---------------+-----------+--------+-----+----+------+
| |   Instance|      Alive|       Best|      Mean best| Exp so far|  W time|  rho|KenW|  Qvar|
+-+-----------+-----------+-----------+---------------+-----------+--------+-----+----+------+
|x|         12|         38|        173|  -0.2942464706|         38|00:15:00|   NA|  NA|    NA|
|x|          9|         38|        173|  -0.2991019046|         69|00:15:00|+0.98|0.99|0.0000|
|x|          6|         38|        328|  -0.3026606644|        100|00:15:00|+0.88|0.92|0.1964|
|x|         10|         38|        328|  -0.3010200075|        131|00:15:00|+0.87|0.91|0.1964|
|!|          4|         10|        328|  -0.3005474070|        162|00:15:00|+0.69|0.75|0.7418|
|!|          2|          9|        328|  -0.3015862603|        165|00:04:00|+0.69|0.74|0.7285|
|-|          5|          9|        328|  -0.3006322022|        167|00:03:44|+0.72|0.76|0.6630|
|!|          8|          8|        328|  -0.3003511238|        169|00:03:46|+0.72|0.76|0.6261|
|-|          1|          8|        328|  -0.3001071663|        170|00:03:39|+0.75|0.77|0.5737|
|-|          3|          8|        328|  -0.3011704447|        171|00:03:41|+0.70|0.73|0.6570|
|-|         11|          8|        328|  -0.3009760102|        172|00:03:39|+0.68|0.71|0.6996|
|!|          7|          1|        328|  -0.3018420783|        173|00:03:40|   NA|  NA|    NA|
+-+-----------+-----------+-----------+---------------+-----------+--------+-----+----+------+
Best-so-far configuration:         328    mean value:   -0.3018420783
Description of the best-so-far configuration:
    .ID. dataset  job_id cutoff metafolds           task sparse f_eng1 f_eng2 scaling  algorithm pre_scaling extraction ext_components selection lr_C lr_solver multi_class  C kernel rf_estimators criterion_classification criterion_regression max_features max_depth min_samples_leaf solver alpha hidden_layers neurons1 activation n_neighbors  weights ab_estimators ab_learning_rate ab_loss whiten svd_solver ica_algorithm ica_fun dl_fit_algorithm dl_transform_algorithm sel_model sel_score_classification sel_score_regression sel_percentile sel_threshold max_iter lr_penalty degree gamma max_depth_value mlp_learning_rate learning_rate_init neurons2 neurons3 lr_dual .PARENT.
328  328    svhn 1585215     15         3 classification  False   none   none   False KNeighbors        <NA>       <NA>             NA      <NA>   NA      <NA>        <NA> NA   <NA>            NA                     <NA>                   NA           NA      <NA>               NA   <NA>    NA            NA       NA       <NA>          51 distance            NA               NA      NA   <NA>       <NA>          <NA>    <NA>             <NA>                   <NA>      <NA>                     <NA>                   NA             NA          <NA>       NA       <NA>     NA    NA              NA              <NA>                 NA       NA       NA    <NA>      173

# 2020-08-15 20:21:50 BRT: Elite configurations (first number is the configuration ID; listed from best to worst according to the sum of ranks):
    dataset  job_id cutoff metafolds           task sparse f_eng1 f_eng2 scaling  algorithm pre_scaling extraction ext_components selection lr_C lr_solver multi_class  C kernel rf_estimators criterion_classification criterion_regression max_features max_depth min_samples_leaf solver alpha hidden_layers neurons1 activation n_neighbors  weights ab_estimators ab_learning_rate ab_loss whiten svd_solver ica_algorithm ica_fun dl_fit_algorithm dl_transform_algorithm sel_model sel_score_classification sel_score_regression sel_percentile sel_threshold max_iter lr_penalty degree gamma max_depth_value mlp_learning_rate learning_rate_init neurons2 neurons3 lr_dual
328    svhn 1585215     15         3 classification  False   none   none   False KNeighbors        <NA>       <NA>             NA      <NA>   NA      <NA>        <NA> NA   <NA>            NA                     <NA>                   NA           NA      <NA>               NA   <NA>    NA            NA       NA       <NA>          51 distance            NA               NA      NA   <NA>       <NA>          <NA>    <NA>             <NA>                   <NA>      <NA>                     <NA>                   NA             NA          <NA>       NA       <NA>     NA    NA              NA              <NA>                 NA       NA       NA    <NA>
# 2020-08-15 20:21:50 BRT: Iteration 9 of 9
# experimentsUsedSoFar: 1793
# remainingBudget: 207
# currentBudget: 207
# nbConfigurations: 16
  Markers:
     x No test is performed.
     - The test is performed and some configurations are discarded.
     = The test is performed but no configuration is discarded.
     ! The test is performed and configurations could be discarded but elite configurations are preserved.
     . All alive configurations are elite and nothing is discarded

+-+-----------+-----------+-----------+---------------+-----------+--------+-----+----+------+
| |   Instance|      Alive|       Best|      Mean best| Exp so far|  W time|  rho|KenW|  Qvar|
+-+-----------+-----------+-----------+---------------+-----------+--------+-----+----+------+
|x|         13|         16|        355|  -0.1891431580|         16|00:15:00|   NA|  NA|    NA|
|x|          3|         16|        355|  -0.1891578990|         31|00:15:00|+0.60|0.80|0.2971|
|x|          5|         16|        355|  -0.1891703525|         46|00:15:00|+0.76|0.84|0.1980|
|x|         10|         16|        355|  -0.1891937956|         61|00:15:00|+0.83|0.87|0.1485|
|!|          4|          2|        355|  -0.1892113156|         76|00:15:00|+0.20|0.36|0.4000|
+-+-----------+-----------+-----------+---------------+-----------+--------+-----+----+------+
Best-so-far configuration:         328    mean value:     330382099.4
Description of the best-so-far configuration:
    .ID. dataset  job_id cutoff metafolds           task sparse f_eng1 f_eng2 scaling  algorithm pre_scaling extraction ext_components selection lr_C lr_solver multi_class  C kernel rf_estimators criterion_classification criterion_regression max_features max_depth min_samples_leaf solver alpha hidden_layers neurons1 activation n_neighbors  weights ab_estimators ab_learning_rate ab_loss whiten svd_solver ica_algorithm ica_fun dl_fit_algorithm dl_transform_algorithm sel_model sel_score_classification sel_score_regression sel_percentile sel_threshold max_iter lr_penalty degree gamma max_depth_value mlp_learning_rate learning_rate_init neurons2 neurons3 lr_dual .PARENT.
328  328    svhn 1585215     15         3 classification  False   none   none   False KNeighbors        <NA>       <NA>             NA      <NA>   NA      <NA>        <NA> NA   <NA>            NA                     <NA>                   NA           NA      <NA>               NA   <NA>    NA            NA       NA       <NA>          51 distance            NA               NA      NA   <NA>       <NA>          <NA>    <NA>             <NA>                   <NA>      <NA>                     <NA>                   NA             NA          <NA>       NA       <NA>     NA    NA              NA              <NA>                 NA       NA       NA    <NA>      173

# 2020-08-15 21:36:54 BRT: Elite configurations (first number is the configuration ID; listed from best to worst according to the sum of ranks):
    dataset  job_id cutoff metafolds           task sparse f_eng1 f_eng2 scaling    algorithm pre_scaling extraction ext_components selection lr_C lr_solver multi_class  C kernel rf_estimators criterion_classification criterion_regression max_features max_depth min_samples_leaf solver alpha hidden_layers neurons1 activation n_neighbors  weights ab_estimators ab_learning_rate ab_loss whiten svd_solver ica_algorithm ica_fun dl_fit_algorithm dl_transform_algorithm sel_model sel_score_classification sel_score_regression sel_percentile sel_threshold max_iter lr_penalty degree gamma max_depth_value mlp_learning_rate learning_rate_init neurons2 neurons3 lr_dual
328    svhn 1585215     15         3 classification  False   none   none   False   KNeighbors        <NA>       <NA>             NA      <NA>   NA      <NA>        <NA> NA   <NA>            NA                     <NA>                   NA           NA      <NA>               NA   <NA>    NA            NA       NA       <NA>          51 distance            NA               NA      NA   <NA>       <NA>          <NA>    <NA>             <NA>                   <NA>      <NA>                     <NA>                   NA             NA          <NA>       NA       <NA>     NA    NA              NA              <NA>                 NA       NA       NA    <NA>
355    svhn 1585215     15         3 classification  False   none   none   False RandomForest        <NA>       <NA>             NA      <NA>   NA      <NA>        <NA> NA   <NA>           716                     gini                   NA       0.5889     value           0.3707   <NA>    NA            NA       NA       <NA>          NA     <NA>            NA               NA      NA   <NA>       <NA>          <NA>    <NA>             <NA>                   <NA>      <NA>                     <NA>                   NA             NA          <NA>       NA       <NA>     NA    NA              44              <NA>                 NA       NA       NA    <NA>
# 2020-08-15 21:36:55 BRT: Iteration 10 of 10
# experimentsUsedSoFar: 1869
# remainingBudget: 131
# currentBudget: 131
# nbConfigurations: 11
  Markers:
     x No test is performed.
     - The test is performed and some configurations are discarded.
     = The test is performed but no configuration is discarded.
     ! The test is performed and configurations could be discarded but elite configurations are preserved.
     . All alive configurations are elite and nothing is discarded

+-+-----------+-----------+-----------+---------------+-----------+--------+-----+----+------+
| |   Instance|      Alive|       Best|      Mean best| Exp so far|  W time|  rho|KenW|  Qvar|
+-+-----------+-----------+-----------+---------------+-----------+--------+-----+----+------+
|x|         14|         11|        355|  -0.1892293112|         11|00:15:00|   NA|  NA|    NA|
|x|         12|         11|        355|  -0.1892528153|         21|00:15:00|+0.57|0.78|0.2993|
|x|          3|         11|        355|  -0.1892260902|         30|00:15:00|+0.74|0.82|0.1995|
|x|          9|         11|        355|  -0.1892343296|         40|00:15:00|+0.81|0.86|0.1496|
|!|          8|          2|        355|  -0.1892254683|         50|00:15:00|+0.20|0.36|0.4000|
+-+-----------+-----------+-----------+---------------+-----------+--------+-----+----+------+
Best-so-far configuration:         328    mean value:     613566756.3
Description of the best-so-far configuration:
    .ID. dataset  job_id cutoff metafolds           task sparse f_eng1 f_eng2 scaling  algorithm pre_scaling extraction ext_components selection lr_C lr_solver multi_class  C kernel rf_estimators criterion_classification criterion_regression max_features max_depth min_samples_leaf solver alpha hidden_layers neurons1 activation n_neighbors  weights ab_estimators ab_learning_rate ab_loss whiten svd_solver ica_algorithm ica_fun dl_fit_algorithm dl_transform_algorithm sel_model sel_score_classification sel_score_regression sel_percentile sel_threshold max_iter lr_penalty degree gamma max_depth_value mlp_learning_rate learning_rate_init neurons2 neurons3 lr_dual .PARENT.
328  328    svhn 1585215     15         3 classification  False   none   none   False KNeighbors        <NA>       <NA>             NA      <NA>   NA      <NA>        <NA> NA   <NA>            NA                     <NA>                   NA           NA      <NA>               NA   <NA>    NA            NA       NA       <NA>          51 distance            NA               NA      NA   <NA>       <NA>          <NA>    <NA>             <NA>                   <NA>      <NA>                     <NA>                   NA             NA          <NA>       NA       <NA>     NA    NA              NA              <NA>                 NA       NA       NA    <NA>      173

# 2020-08-15 22:51:58 BRT: Elite configurations (first number is the configuration ID; listed from best to worst according to the sum of ranks):
    dataset  job_id cutoff metafolds           task sparse f_eng1 f_eng2 scaling    algorithm pre_scaling extraction ext_components selection lr_C lr_solver multi_class  C kernel rf_estimators criterion_classification criterion_regression max_features max_depth min_samples_leaf solver alpha hidden_layers neurons1 activation n_neighbors  weights ab_estimators ab_learning_rate ab_loss whiten svd_solver ica_algorithm ica_fun dl_fit_algorithm dl_transform_algorithm sel_model sel_score_classification sel_score_regression sel_percentile sel_threshold max_iter lr_penalty degree gamma max_depth_value mlp_learning_rate learning_rate_init neurons2 neurons3 lr_dual
328    svhn 1585215     15         3 classification  False   none   none   False   KNeighbors        <NA>       <NA>             NA      <NA>   NA      <NA>        <NA> NA   <NA>            NA                     <NA>                   NA           NA      <NA>               NA   <NA>    NA            NA       NA       <NA>          51 distance            NA               NA      NA   <NA>       <NA>          <NA>    <NA>             <NA>                   <NA>      <NA>                     <NA>                   NA             NA          <NA>       NA       <NA>     NA    NA              NA              <NA>                 NA       NA       NA    <NA>
355    svhn 1585215     15         3 classification  False   none   none   False RandomForest        <NA>       <NA>             NA      <NA>   NA      <NA>        <NA> NA   <NA>           716                     gini                   NA       0.5889     value           0.3707   <NA>    NA            NA       NA       <NA>          NA     <NA>            NA               NA      NA   <NA>       <NA>          <NA>    <NA>             <NA>                   <NA>      <NA>                     <NA>                   NA             NA          <NA>       NA       <NA>     NA    NA              44              <NA>                 NA       NA       NA    <NA>
# 2020-08-15 22:51:58 BRT: Stopped because there is not enough budget left to race more than the minimum (7)
# You may either increase the budget or set 'minNbSurvival' to a lower value
# Iteration: 11
# nbIterations: 11
# experimentsUsedSoFar: 1919
# timeUsed: 0
# remainingBudget: 81
# currentBudget: 81
# number of elites: 2
# nbConfigurations: 7
# Best configurations (first number is the configuration ID; listed from best to worst according to the sum of ranks):
    dataset  job_id cutoff metafolds           task sparse f_eng1 f_eng2 scaling    algorithm pre_scaling extraction ext_components selection lr_C lr_solver multi_class  C kernel rf_estimators criterion_classification criterion_regression max_features max_depth min_samples_leaf solver alpha hidden_layers neurons1 activation n_neighbors  weights ab_estimators ab_learning_rate ab_loss whiten svd_solver ica_algorithm ica_fun dl_fit_algorithm dl_transform_algorithm sel_model sel_score_classification sel_score_regression sel_percentile sel_threshold max_iter lr_penalty degree gamma max_depth_value mlp_learning_rate learning_rate_init neurons2 neurons3 lr_dual
328    svhn 1585215     15         3 classification  False   none   none   False   KNeighbors        <NA>       <NA>             NA      <NA>   NA      <NA>        <NA> NA   <NA>            NA                     <NA>                   NA           NA      <NA>               NA   <NA>    NA            NA       NA       <NA>          51 distance            NA               NA      NA   <NA>       <NA>          <NA>    <NA>             <NA>                   <NA>      <NA>                     <NA>                   NA             NA          <NA>       NA       <NA>     NA    NA              NA              <NA>                 NA       NA       NA    <NA>
355    svhn 1585215     15         3 classification  False   none   none   False RandomForest        <NA>       <NA>             NA      <NA>   NA      <NA>        <NA> NA   <NA>           716                     gini                   NA       0.5889     value           0.3707   <NA>    NA            NA       NA       <NA>          NA     <NA>            NA               NA      NA   <NA>       <NA>          <NA>    <NA>             <NA>                   <NA>      <NA>                     <NA>                   NA             NA          <NA>       NA       <NA>     NA    NA              44              <NA>                 NA       NA       NA    <NA>
# Best configurations as commandlines (first number is the configuration ID; same order as above):
328  --dataset svhn --job_id 1585215 --cutoff 15 --metafolds 3 --task classification --sparse False --f_eng1 none --f_eng2 none --scaling False --algorithm KNeighbors --n_neighbors 51 --weights distance
355  --dataset svhn --job_id 1585215 --cutoff 15 --metafolds 3 --task classification --sparse False --f_eng1 none --f_eng2 none --scaling False --algorithm RandomForest --rf_estimators 716 --criterion_classification gini --max_features 0.5889 --max_depth value --max_depth_value 44 --min_samples_leaf 0.3707
