*******************************************************************************
* irace: An implementation in R of Iterated Race
* Version: 3.1.2112M
* Copyright (C) 2010-2018
* Manuel Lopez-Ibanez     <manuel.lopez-ibanez@manchester.ac.uk>
* Jeremie Dubois-Lacoste  
* Leslie Perez Caceres    <leslie.perez.caceres@ulb.ac.be>
*
* This is free software, and you are welcome to redistribute it under certain
* conditions.  See the GNU General Public License for details. There is NO
* WARRANTY; not even for MERCHANTABILITY or FITNESS FOR A PARTICULAR PURPOSE.
*
* irace builds upon previous code from the race package:
*
* race: Racing methods for the selection of the best
* Copyright (C) 2003 Mauro Birattari
*******************************************************************************
# installed at: /home/cemvieira/bin/R/irace
# called with: -s scenario.txt --max-experiments 2000 -p ./svhn/parameters-1585213.txt --parallel 32 --train-instances-file svhn/instances.txt --log-file ./output/svhn/svhn-3f2k15m-irace-1585213.Rdata
# 8 expression(s) specifying forbidden configurations read from '/home/cemvieira/isklearn/forbidden.txt'
# 2020-08-15 04:33:58 BRT: Initialization
# Elitist race
# Elitist new instances: 1
# Elitist limit: 2
# nbIterations: 7
# minNbSurvival: 7
# nbParameters: 50
# seed: 201976702
# confidence level: 0.95
# budget: 2000
# mu: 5
# deterministic: TRUE

# 2020-08-15 04:33:58 BRT: Iteration 1 of 7
# experimentsUsedSoFar: 0
# remainingBudget: 2000
# currentBudget: 285
# nbConfigurations: 47
  Markers:
     x No test is performed.
     - The test is performed and some configurations are discarded.
     = The test is performed but no configuration is discarded.
     ! The test is performed and configurations could be discarded but elite configurations are preserved.
     . All alive configurations are elite and nothing is discarded

+-+-----------+-----------+-----------+---------------+-----------+--------+-----+----+------+
| |   Instance|      Alive|       Best|      Mean best| Exp so far|  W time|  rho|KenW|  Qvar|
+-+-----------+-----------+-----------+---------------+-----------+--------+-----+----+------+
|x|          1|         47|          3|  -0.1986108992|         47|00:30:01|   NA|  NA|    NA|
|x|          2|         47|          3|  -0.1979421032|         94|00:30:01|+1.00|1.00|0.0000|
|x|          3|         47|          3|  -0.1963103328|        141|00:30:01|+1.00|1.00|0.0000|
|x|          4|         47|          3|  -0.1962474671|        188|00:30:05|+1.00|1.00|0.0000|
|!|          5|          1|          3|  -0.1956270243|        235|00:30:02|   NA|  NA|    NA|
+-+-----------+-----------+-----------+---------------+-----------+--------+-----+----+------+
Best-so-far configuration:           3    mean value:   -0.1956270243
Description of the best-so-far configuration:
  .ID. dataset  job_id cutoff metafolds           task sparse f_eng1 f_eng2 scaling    algorithm pre_scaling extraction ext_components selection lr_C lr_solver multi_class  C kernel rf_estimators criterion_classification criterion_regression max_features max_depth min_samples_leaf solver alpha hidden_layers neurons1 activation n_neighbors weights ab_estimators ab_learning_rate ab_loss whiten svd_solver ica_algorithm ica_fun dl_fit_algorithm dl_transform_algorithm sel_model sel_score_classification sel_score_regression sel_percentile sel_threshold max_iter lr_penalty degree gamma max_depth_value mlp_learning_rate learning_rate_init neurons2 neurons3 lr_dual .PARENT.
3    3    svhn 1585213     15         3 classification  False   none   none    True DecisionTree        <NA>       <NA>             NA      <NA>   NA      <NA>        <NA> NA   <NA>            NA                     gini                   NA       0.9997      none           0.1702   <NA>    NA            NA       NA       <NA>          NA    <NA>            NA               NA      NA   <NA>       <NA>          <NA>    <NA>             <NA>                   <NA>      <NA>                     <NA>                   NA             NA          <NA>       NA       <NA>     NA    NA              37              <NA>                 NA       NA       NA      NA       NA

# 2020-08-15 07:04:13 BRT: Elite configurations (first number is the configuration ID; listed from best to worst according to the sum of ranks):
  dataset  job_id cutoff metafolds           task sparse f_eng1 f_eng2 scaling    algorithm pre_scaling extraction ext_components selection lr_C lr_solver multi_class  C kernel rf_estimators criterion_classification criterion_regression max_features max_depth min_samples_leaf solver alpha hidden_layers neurons1 activation n_neighbors weights ab_estimators ab_learning_rate ab_loss whiten svd_solver ica_algorithm ica_fun dl_fit_algorithm dl_transform_algorithm sel_model sel_score_classification sel_score_regression sel_percentile sel_threshold max_iter lr_penalty degree gamma max_depth_value mlp_learning_rate learning_rate_init neurons2 neurons3 lr_dual
3    svhn 1585213     15         3 classification  False   none   none    True DecisionTree        <NA>       <NA>             NA      <NA>   NA      <NA>        <NA> NA   <NA>            NA                     gini                   NA       0.9997      none           0.1702   <NA>    NA            NA       NA       <NA>          NA    <NA>            NA               NA      NA   <NA>       <NA>          <NA>    <NA>             <NA>                   <NA>      <NA>                     <NA>                   NA             NA          <NA>       NA       <NA>     NA    NA              37              <NA>                 NA       NA       NA      NA
# 2020-08-15 07:04:13 BRT: Iteration 2 of 7
# experimentsUsedSoFar: 235
# remainingBudget: 1765
# currentBudget: 294
# nbConfigurations: 42
  Markers:
     x No test is performed.
     - The test is performed and some configurations are discarded.
     = The test is performed but no configuration is discarded.
     ! The test is performed and configurations could be discarded but elite configurations are preserved.
     . All alive configurations are elite and nothing is discarded

+-+-----------+-----------+-----------+---------------+-----------+--------+-----+----+------+
| |   Instance|      Alive|       Best|      Mean best| Exp so far|  W time|  rho|KenW|  Qvar|
+-+-----------+-----------+-----------+---------------+-----------+--------+-----+----+------+
|x|          6|         42|         86|  -0.2688285464|         42|00:30:02|   NA|  NA|    NA|
|x|          4|         42|         86|  -0.2764711129|         83|00:30:01|+1.00|1.00|0.0000|
|x|          2|         42|         86|  -0.2744699960|        124|00:30:01|+0.95|0.97|0.0567|
|x|          5|         42|         86|  -0.2747906491|        165|00:30:01|+0.97|0.97|0.0425|
|!|          3|          2|         86|  -0.2733181610|        206|00:30:01|+1.00|1.00|0.0000|
+-+-----------+-----------+-----------+---------------+-----------+--------+-----+----+------+
Best-so-far configuration:           3    mean value:   -0.1958461411
Description of the best-so-far configuration:
  .ID. dataset  job_id cutoff metafolds           task sparse f_eng1 f_eng2 scaling    algorithm pre_scaling extraction ext_components selection lr_C lr_solver multi_class  C kernel rf_estimators criterion_classification criterion_regression max_features max_depth min_samples_leaf solver alpha hidden_layers neurons1 activation n_neighbors weights ab_estimators ab_learning_rate ab_loss whiten svd_solver ica_algorithm ica_fun dl_fit_algorithm dl_transform_algorithm sel_model sel_score_classification sel_score_regression sel_percentile sel_threshold max_iter lr_penalty degree gamma max_depth_value mlp_learning_rate learning_rate_init neurons2 neurons3 lr_dual .PARENT.
3    3    svhn 1585213     15         3 classification  False   none   none    True DecisionTree        <NA>       <NA>             NA      <NA>   NA      <NA>        <NA> NA   <NA>            NA                     gini                   NA       0.9997      none           0.1702   <NA>    NA            NA       NA       <NA>          NA    <NA>            NA               NA      NA   <NA>       <NA>          <NA>    <NA>             <NA>                   <NA>      <NA>                     <NA>                   NA             NA          <NA>       NA       <NA>     NA    NA              37              <NA>                 NA       NA       NA      NA       NA

# 2020-08-15 09:34:21 BRT: Elite configurations (first number is the configuration ID; listed from best to worst according to the sum of ranks):
   dataset  job_id cutoff metafolds           task sparse    f_eng1 f_eng2 scaling    algorithm pre_scaling extraction ext_components        selection lr_C lr_solver multi_class  C kernel rf_estimators criterion_classification criterion_regression max_features max_depth min_samples_leaf solver alpha hidden_layers neurons1 activation n_neighbors weights ab_estimators ab_learning_rate ab_loss whiten svd_solver ica_algorithm ica_fun dl_fit_algorithm dl_transform_algorithm sel_model sel_score_classification sel_score_regression sel_percentile sel_threshold max_iter lr_penalty degree gamma max_depth_value mlp_learning_rate learning_rate_init neurons2 neurons3 lr_dual
3     svhn 1585213     15         3 classification  False      none   none    True DecisionTree        <NA>       <NA>             NA             <NA>   NA      <NA>        <NA> NA   <NA>            NA                     gini                   NA       0.9997      none           0.1702   <NA>    NA            NA       NA       <NA>          NA    <NA>            NA               NA      NA   <NA>       <NA>          <NA>    <NA>             <NA>                   <NA>      <NA>                     <NA>                   NA             NA          <NA>       NA       <NA>     NA    NA              37              <NA>                 NA       NA       NA      NA
86    svhn 1585213     15         3 classification  False Selection   none    True   KNeighbors       False       <NA>             NA SelectPercentile   NA      <NA>        <NA> NA   <NA>            NA                     <NA>                   NA           NA      <NA>               NA   <NA>    NA            NA       NA       <NA>          93 uniform            NA               NA      NA   <NA>       <NA>          <NA>    <NA>             <NA>                   <NA>      <NA>                f_classif                   NA             57          <NA>       NA       <NA>     NA    NA              NA              <NA>                 NA       NA       NA      NA
# 2020-08-15 09:34:21 BRT: Iteration 3 of 7
# experimentsUsedSoFar: 441
# remainingBudget: 1559
# currentBudget: 311
# nbConfigurations: 40
  Markers:
     x No test is performed.
     - The test is performed and some configurations are discarded.
     = The test is performed but no configuration is discarded.
     ! The test is performed and configurations could be discarded but elite configurations are preserved.
     . All alive configurations are elite and nothing is discarded

+-+-----------+-----------+-----------+---------------+-----------+--------+-----+----+------+
| |   Instance|      Alive|       Best|      Mean best| Exp so far|  W time|  rho|KenW|  Qvar|
+-+-----------+-----------+-----------+---------------+-----------+--------+-----+----+------+
|x|          7|         40|         89|  -0.2072708223|         40|00:25:18|   NA|  NA|    NA|
|x|          3|         40|         89|  -0.2043614564|         78|00:21:47|+0.89|0.95|0.0551|
|x|          2|         40|         89|  -0.2054025327|        116|00:21:53|+0.93|0.95|0.0368|
|x|          5|         40|         89|  -0.2065715810|        154|00:21:55|+0.95|0.96|0.0276|
|!|          1|          4|         89|  -0.2078583639|        193|00:22:35|+0.28|0.42|0.8961|
+-+-----------+-----------+-----------+---------------+-----------+--------+-----+----+------+
Best-so-far configuration:          86    mean value:     1227133513.
Description of the best-so-far configuration:
   .ID. dataset  job_id cutoff metafolds           task sparse    f_eng1 f_eng2 scaling  algorithm pre_scaling extraction ext_components        selection lr_C lr_solver multi_class  C kernel rf_estimators criterion_classification criterion_regression max_features max_depth min_samples_leaf solver alpha hidden_layers neurons1 activation n_neighbors weights ab_estimators ab_learning_rate ab_loss whiten svd_solver ica_algorithm ica_fun dl_fit_algorithm dl_transform_algorithm sel_model sel_score_classification sel_score_regression sel_percentile sel_threshold max_iter lr_penalty degree gamma max_depth_value mlp_learning_rate learning_rate_init neurons2 neurons3 lr_dual .PARENT.
86   86    svhn 1585213     15         3 classification  False Selection   none    True KNeighbors       False       <NA>             NA SelectPercentile   NA      <NA>        <NA> NA   <NA>            NA                     <NA>                   NA           NA      <NA>               NA   <NA>    NA            NA       NA       <NA>          93 uniform            NA               NA      NA   <NA>       <NA>          <NA>    <NA>             <NA>                   <NA>      <NA>                f_classif                   NA             57          <NA>       NA       <NA>     NA    NA              NA              <NA>                 NA       NA       NA      NA        3

# 2020-08-15 11:27:52 BRT: Elite configurations (first number is the configuration ID; listed from best to worst according to the sum of ranks):
    dataset  job_id cutoff metafolds           task sparse    f_eng1 f_eng2 scaling    algorithm pre_scaling extraction ext_components        selection lr_C lr_solver multi_class  C kernel rf_estimators criterion_classification criterion_regression max_features max_depth min_samples_leaf solver alpha hidden_layers neurons1 activation n_neighbors weights ab_estimators ab_learning_rate ab_loss whiten svd_solver ica_algorithm ica_fun dl_fit_algorithm dl_transform_algorithm sel_model sel_score_classification sel_score_regression sel_percentile sel_threshold max_iter lr_penalty degree gamma max_depth_value mlp_learning_rate learning_rate_init neurons2 neurons3 lr_dual
86     svhn 1585213     15         3 classification  False Selection   none    True   KNeighbors       False       <NA>             NA SelectPercentile   NA      <NA>        <NA> NA   <NA>            NA                     <NA>                   NA           NA      <NA>               NA   <NA>    NA            NA       NA       <NA>          93 uniform            NA               NA      NA   <NA>       <NA>          <NA>    <NA>             <NA>                   <NA>      <NA>                f_classif                   NA             57          <NA>       NA       <NA>     NA    NA              NA              <NA>                 NA       NA       NA      NA
3      svhn 1585213     15         3 classification  False      none   none    True DecisionTree        <NA>       <NA>             NA             <NA>   NA      <NA>        <NA> NA   <NA>            NA                     gini                   NA       0.9997      none           0.1702   <NA>    NA            NA       NA       <NA>          NA    <NA>            NA               NA      NA   <NA>       <NA>          <NA>    <NA>             <NA>                   <NA>      <NA>                     <NA>                   NA             NA          <NA>       NA       <NA>     NA    NA              37              <NA>                 NA       NA       NA      NA
89     svhn 1585213     15         3 classification  False      none   none    True DecisionTree        <NA>       <NA>             NA             <NA>   NA      <NA>        <NA> NA   <NA>            NA                  entropy                   NA       0.2479      none           0.0749   <NA>    NA            NA       NA       <NA>          NA    <NA>            NA               NA      NA   <NA>       <NA>          <NA>    <NA>             <NA>                   <NA>      <NA>                     <NA>                   NA             NA          <NA>       NA       <NA>     NA    NA              32              <NA>                 NA       NA       NA      NA
119    svhn 1585213     15         3 classification  False      none   none    True DecisionTree        <NA>       <NA>             NA             <NA>   NA      <NA>        <NA> NA   <NA>            NA                     gini                   NA       0.3508      none           0.1479   <NA>    NA            NA       NA       <NA>          NA    <NA>            NA               NA      NA   <NA>       <NA>          <NA>    <NA>             <NA>                   <NA>      <NA>                     <NA>                   NA             NA          <NA>       NA       <NA>     NA    NA               9              <NA>                 NA       NA       NA      NA
# 2020-08-15 11:27:52 BRT: Iteration 4 of 7
# experimentsUsedSoFar: 634
# remainingBudget: 1366
# currentBudget: 341
# nbConfigurations: 41
  Markers:
     x No test is performed.
     - The test is performed and some configurations are discarded.
     = The test is performed but no configuration is discarded.
     ! The test is performed and configurations could be discarded but elite configurations are preserved.
     . All alive configurations are elite and nothing is discarded

+-+-----------+-----------+-----------+---------------+-----------+--------+-----+----+------+
| |   Instance|      Alive|       Best|      Mean best| Exp so far|  W time|  rho|KenW|  Qvar|
+-+-----------+-----------+-----------+---------------+-----------+--------+-----+----+------+
|x|          8|         41|        147|  -0.3409910408|         41|00:21:50|   NA|  NA|    NA|
|x|          3|         41|        147|  -0.3353951867|         78|00:21:41|+0.92|0.96|0.0493|
|x|          7|         41|        147|  -0.3345977815|        115|00:21:05|+0.94|0.96|0.0329|
|x|          4|         41|        147|  -0.3387459765|        154|00:21:33|+0.94|0.96|0.0329|
|!|          6|          6|        147|  -0.3346095851|        193|00:21:56|+0.77|0.82|0.6106|
+-+-----------+-----------+-----------+---------------+-----------+--------+-----+----+------+
Best-so-far configuration:          89    mean value:   -0.2100853476
Description of the best-so-far configuration:
   .ID. dataset  job_id cutoff metafolds           task sparse f_eng1 f_eng2 scaling    algorithm pre_scaling extraction ext_components selection lr_C lr_solver multi_class  C kernel rf_estimators criterion_classification criterion_regression max_features max_depth min_samples_leaf solver alpha hidden_layers neurons1 activation n_neighbors weights ab_estimators ab_learning_rate ab_loss whiten svd_solver ica_algorithm ica_fun dl_fit_algorithm dl_transform_algorithm sel_model sel_score_classification sel_score_regression sel_percentile sel_threshold max_iter lr_penalty degree gamma max_depth_value mlp_learning_rate learning_rate_init neurons2 neurons3 lr_dual .PARENT.
89   89    svhn 1585213     15         3 classification  False   none   none    True DecisionTree        <NA>       <NA>             NA      <NA>   NA      <NA>        <NA> NA   <NA>            NA                  entropy                   NA       0.2479      none           0.0749   <NA>    NA            NA       NA       <NA>          NA    <NA>            NA               NA      NA   <NA>       <NA>          <NA>    <NA>             <NA>                   <NA>      <NA>                     <NA>                   NA             NA          <NA>       NA       <NA>     NA    NA              32              <NA>                 NA       NA       NA    <NA>        3

# 2020-08-15 13:16:02 BRT: Elite configurations (first number is the configuration ID; listed from best to worst according to the sum of ranks):
    dataset  job_id cutoff metafolds           task sparse    f_eng1 f_eng2 scaling    algorithm pre_scaling extraction ext_components        selection lr_C lr_solver multi_class  C kernel rf_estimators criterion_classification criterion_regression max_features max_depth min_samples_leaf solver alpha hidden_layers neurons1 activation n_neighbors weights ab_estimators ab_learning_rate ab_loss whiten svd_solver ica_algorithm ica_fun dl_fit_algorithm dl_transform_algorithm sel_model sel_score_classification sel_score_regression sel_percentile sel_threshold max_iter lr_penalty degree gamma max_depth_value mlp_learning_rate learning_rate_init neurons2 neurons3 lr_dual
89     svhn 1585213     15         3 classification  False      none   none    True DecisionTree        <NA>       <NA>             NA             <NA>   NA      <NA>        <NA> NA   <NA>            NA                  entropy                   NA       0.2479      none           0.0749   <NA>    NA            NA       NA       <NA>          NA    <NA>            NA               NA      NA   <NA>       <NA>          <NA>    <NA>             <NA>                   <NA>      <NA>                     <NA>                   NA             NA          <NA>       NA       <NA>     NA    NA              32              <NA>                 NA       NA       NA    <NA>
86     svhn 1585213     15         3 classification  False Selection   none    True   KNeighbors       False       <NA>             NA SelectPercentile   NA      <NA>        <NA> NA   <NA>            NA                     <NA>                   NA           NA      <NA>               NA   <NA>    NA            NA       NA       <NA>          93 uniform            NA               NA      NA   <NA>       <NA>          <NA>    <NA>             <NA>                   <NA>      <NA>                f_classif                   NA             57          <NA>       NA       <NA>     NA    NA              NA              <NA>                 NA       NA       NA    <NA>
119    svhn 1585213     15         3 classification  False      none   none    True DecisionTree        <NA>       <NA>             NA             <NA>   NA      <NA>        <NA> NA   <NA>            NA                     gini                   NA       0.3508      none           0.1479   <NA>    NA            NA       NA       <NA>          NA    <NA>            NA               NA      NA   <NA>       <NA>          <NA>    <NA>             <NA>                   <NA>      <NA>                     <NA>                   NA             NA          <NA>       NA       <NA>     NA    NA               9              <NA>                 NA       NA       NA    <NA>
3      svhn 1585213     15         3 classification  False      none   none    True DecisionTree        <NA>       <NA>             NA             <NA>   NA      <NA>        <NA> NA   <NA>            NA                     gini                   NA       0.9997      none           0.1702   <NA>    NA            NA       NA       <NA>          NA    <NA>            NA               NA      NA   <NA>       <NA>          <NA>    <NA>             <NA>                   <NA>      <NA>                     <NA>                   NA             NA          <NA>       NA       <NA>     NA    NA              37              <NA>                 NA       NA       NA    <NA>
147    svhn 1585213     15         3 classification  False Selection   none    True   KNeighbors       False       <NA>             NA SelectPercentile   NA      <NA>        <NA> NA   <NA>            NA                     <NA>                   NA           NA      <NA>               NA   <NA>    NA            NA       NA       <NA>           1 uniform            NA               NA      NA   <NA>       <NA>          <NA>    <NA>             <NA>                   <NA>      <NA>                f_classif                   NA             18          <NA>       NA       <NA>     NA    NA              NA              <NA>                 NA       NA       NA    <NA>
135    svhn 1585213     15         3 classification  False Selection   none    True   KNeighbors       False       <NA>             NA SelectPercentile   NA      <NA>        <NA> NA   <NA>            NA                     <NA>                   NA           NA      <NA>               NA   <NA>    NA            NA       NA       <NA>          99 uniform            NA               NA      NA   <NA>       <NA>          <NA>    <NA>             <NA>                   <NA>      <NA>                f_classif                   NA             24          <NA>       NA       <NA>     NA    NA              NA              <NA>                 NA       NA       NA    <NA>
# 2020-08-15 13:16:02 BRT: Iteration 5 of 7
# experimentsUsedSoFar: 827
# remainingBudget: 1173
# currentBudget: 391
# nbConfigurations: 43
  Markers:
     x No test is performed.
     - The test is performed and some configurations are discarded.
     = The test is performed but no configuration is discarded.
     ! The test is performed and configurations could be discarded but elite configurations are preserved.
     . All alive configurations are elite and nothing is discarded

+-+-----------+-----------+-----------+---------------+-----------+--------+-----+----+------+
| |   Instance|      Alive|       Best|      Mean best| Exp so far|  W time|  rho|KenW|  Qvar|
+-+-----------+-----------+-----------+---------------+-----------+--------+-----+----+------+
|x|          9|         43|        172|  -0.3315177505|         43|00:20:04|   NA|  NA|    NA|
|x|          3|         43|        147|  -0.3279009590|         80|00:18:37|+0.87|0.93|0.1034|
|x|          2|         43|        147|  -0.3312504513|        119|00:19:54|+0.86|0.91|0.1039|
|x|          5|         43|        147|  -0.3308383596|        158|00:19:17|+0.89|0.92|0.0777|
|!|          1|         11|        172|  -0.3298534108|        197|00:19:23|+0.95|0.96|0.5193|
|!|          8|          7|        172|  -0.3320533026|        202|00:01:44|+0.84|0.87|0.5619|
+-+-----------+-----------+-----------+---------------+-----------+--------+-----+----+------+
Best-so-far configuration:         147    mean value:   -0.3315053725
Description of the best-so-far configuration:
    .ID. dataset  job_id cutoff metafolds           task sparse    f_eng1 f_eng2 scaling  algorithm pre_scaling extraction ext_components        selection lr_C lr_solver multi_class  C kernel rf_estimators criterion_classification criterion_regression max_features max_depth min_samples_leaf solver alpha hidden_layers neurons1 activation n_neighbors weights ab_estimators ab_learning_rate ab_loss whiten svd_solver ica_algorithm ica_fun dl_fit_algorithm dl_transform_algorithm sel_model sel_score_classification sel_score_regression sel_percentile sel_threshold max_iter lr_penalty degree gamma max_depth_value mlp_learning_rate learning_rate_init neurons2 neurons3 lr_dual .PARENT.
147  147    svhn 1585213     15         3 classification  False Selection   none    True KNeighbors       False       <NA>             NA SelectPercentile   NA      <NA>        <NA> NA   <NA>            NA                     <NA>                   NA           NA      <NA>               NA   <NA>    NA            NA       NA       <NA>           1 uniform            NA               NA      NA   <NA>       <NA>          <NA>    <NA>             <NA>                   <NA>      <NA>                f_classif                   NA             18          <NA>       NA       <NA>     NA    NA              NA              <NA>                 NA       NA       NA    <NA>       86

# 2020-08-15 14:55:04 BRT: Elite configurations (first number is the configuration ID; listed from best to worst according to the sum of ranks):
    dataset  job_id cutoff metafolds           task sparse    f_eng1 f_eng2 scaling    algorithm pre_scaling extraction ext_components        selection lr_C lr_solver multi_class  C kernel rf_estimators criterion_classification criterion_regression max_features max_depth min_samples_leaf solver alpha hidden_layers neurons1 activation n_neighbors weights ab_estimators ab_learning_rate ab_loss whiten svd_solver ica_algorithm ica_fun dl_fit_algorithm dl_transform_algorithm sel_model sel_score_classification sel_score_regression sel_percentile sel_threshold max_iter lr_penalty degree gamma max_depth_value mlp_learning_rate learning_rate_init neurons2 neurons3 lr_dual
147    svhn 1585213     15         3 classification  False Selection   none    True   KNeighbors       False       <NA>             NA SelectPercentile   NA      <NA>        <NA> NA   <NA>            NA                     <NA>                   NA           NA      <NA>               NA   <NA>    NA            NA       NA       <NA>           1 uniform            NA               NA      NA   <NA>       <NA>          <NA>    <NA>             <NA>                   <NA>      <NA>                f_classif                   NA             18          <NA>       NA       <NA>     NA    NA              NA              <NA>                 NA       NA       NA    <NA>
135    svhn 1585213     15         3 classification  False Selection   none    True   KNeighbors       False       <NA>             NA SelectPercentile   NA      <NA>        <NA> NA   <NA>            NA                     <NA>                   NA           NA      <NA>               NA   <NA>    NA            NA       NA       <NA>          99 uniform            NA               NA      NA   <NA>       <NA>          <NA>    <NA>             <NA>                   <NA>      <NA>                f_classif                   NA             24          <NA>       NA       <NA>     NA    NA              NA              <NA>                 NA       NA       NA    <NA>
89     svhn 1585213     15         3 classification  False      none   none    True DecisionTree        <NA>       <NA>             NA             <NA>   NA      <NA>        <NA> NA   <NA>            NA                  entropy                   NA       0.2479      none           0.0749   <NA>    NA            NA       NA       <NA>          NA    <NA>            NA               NA      NA   <NA>       <NA>          <NA>    <NA>             <NA>                   <NA>      <NA>                     <NA>                   NA             NA          <NA>       NA       <NA>     NA    NA              32              <NA>                 NA       NA       NA    <NA>
86     svhn 1585213     15         3 classification  False Selection   none    True   KNeighbors       False       <NA>             NA SelectPercentile   NA      <NA>        <NA> NA   <NA>            NA                     <NA>                   NA           NA      <NA>               NA   <NA>    NA            NA       NA       <NA>          93 uniform            NA               NA      NA   <NA>       <NA>          <NA>    <NA>             <NA>                   <NA>      <NA>                f_classif                   NA             57          <NA>       NA       <NA>     NA    NA              NA              <NA>                 NA       NA       NA    <NA>
119    svhn 1585213     15         3 classification  False      none   none    True DecisionTree        <NA>       <NA>             NA             <NA>   NA      <NA>        <NA> NA   <NA>            NA                     gini                   NA       0.3508      none           0.1479   <NA>    NA            NA       NA       <NA>          NA    <NA>            NA               NA      NA   <NA>       <NA>          <NA>    <NA>             <NA>                   <NA>      <NA>                     <NA>                   NA             NA          <NA>       NA       <NA>     NA    NA               9              <NA>                 NA       NA       NA    <NA>
3      svhn 1585213     15         3 classification  False      none   none    True DecisionTree        <NA>       <NA>             NA             <NA>   NA      <NA>        <NA> NA   <NA>            NA                     gini                   NA       0.9997      none           0.1702   <NA>    NA            NA       NA       <NA>          NA    <NA>            NA               NA      NA   <NA>       <NA>          <NA>    <NA>             <NA>                   <NA>      <NA>                     <NA>                   NA             NA          <NA>       NA       <NA>     NA    NA              37              <NA>                 NA       NA       NA    <NA>
172    svhn 1585213     15         3 classification  False Selection   none    True   KNeighbors       False       <NA>             NA SelectPercentile   NA      <NA>        <NA> NA   <NA>            NA                     <NA>                   NA           NA      <NA>               NA   <NA>    NA            NA       NA       <NA>          27 uniform            NA               NA      NA   <NA>       <NA>          <NA>    <NA>             <NA>                   <NA>      <NA>                f_classif                   NA             26          <NA>       NA       <NA>     NA    NA              NA              <NA>                 NA       NA       NA    <NA>
# 2020-08-15 14:55:04 BRT: Iteration 6 of 7
# experimentsUsedSoFar: 1029
# remainingBudget: 971
# currentBudget: 485
# nbConfigurations: 54
  Markers:
     x No test is performed.
     - The test is performed and some configurations are discarded.
     = The test is performed but no configuration is discarded.
     ! The test is performed and configurations could be discarded but elite configurations are preserved.
     . All alive configurations are elite and nothing is discarded

+-+-----------+-----------+-----------+---------------+-----------+--------+-----+----+------+
| |   Instance|      Alive|       Best|      Mean best| Exp so far|  W time|  rho|KenW|  Qvar|
+-+-----------+-----------+-----------+---------------+-----------+--------+-----+----+------+
|x|         10|         54|        244|  -0.3455758350|         54|00:18:33|   NA|  NA|    NA|
|x|          1|         54|        244|  -0.3358514136|        101|00:17:42|+0.94|0.97|0.1440|
|x|          9|         54|        244|  -0.3365607792|        148|00:17:46|+0.96|0.97|0.0960|
|x|          3|         54|        244|  -0.3349991316|        195|00:18:27|+0.96|0.97|0.0846|
|!|          8|         12|        244|  -0.3373971217|        242|00:18:11|+0.86|0.89|0.4973|
|!|          6|          8|        244|  -0.3363134670|        248|00:01:48|+0.89|0.91|0.5313|
|-|          7|          8|        244|  -0.3369965416|        250|00:01:01|+0.90|0.91|0.5059|
|-|          4|          8|        244|  -0.3379285050|        252|00:01:01|+0.88|0.90|0.5092|
|-|          5|          8|        244|  -0.3371940872|        253|00:00:26|+0.88|0.90|0.4981|
|!|          2|          1|        244|  -0.3374684264|        254|00:00:26|   NA|  NA|    NA|
+-+-----------+-----------+-----------+---------------+-----------+--------+-----+----+------+
Best-so-far configuration:         244    mean value:   -0.3374684264
Description of the best-so-far configuration:
    .ID. dataset  job_id cutoff metafolds           task sparse    f_eng1 f_eng2 scaling  algorithm pre_scaling extraction ext_components        selection lr_C lr_solver multi_class  C kernel rf_estimators criterion_classification criterion_regression max_features max_depth min_samples_leaf solver alpha hidden_layers neurons1 activation n_neighbors weights ab_estimators ab_learning_rate ab_loss whiten svd_solver ica_algorithm ica_fun dl_fit_algorithm dl_transform_algorithm sel_model sel_score_classification sel_score_regression sel_percentile sel_threshold max_iter lr_penalty degree gamma max_depth_value mlp_learning_rate learning_rate_init neurons2 neurons3 lr_dual .PARENT.
244  244    svhn 1585213     15         3 classification  False Selection   none    True KNeighbors       False       <NA>             NA SelectPercentile   NA      <NA>        <NA> NA   <NA>            NA                     <NA>                   NA           NA      <NA>               NA   <NA>    NA            NA       NA       <NA>           6 uniform            NA               NA      NA   <NA>       <NA>          <NA>    <NA>             <NA>                   <NA>      <NA>                f_classif                   NA             11          <NA>       NA       <NA>     NA    NA              NA              <NA>                 NA       NA       NA    <NA>      147

# 2020-08-15 16:30:33 BRT: Elite configurations (first number is the configuration ID; listed from best to worst according to the sum of ranks):
    dataset  job_id cutoff metafolds           task sparse    f_eng1 f_eng2 scaling  algorithm pre_scaling extraction ext_components        selection lr_C lr_solver multi_class  C kernel rf_estimators criterion_classification criterion_regression max_features max_depth min_samples_leaf solver alpha hidden_layers neurons1 activation n_neighbors weights ab_estimators ab_learning_rate ab_loss whiten svd_solver ica_algorithm ica_fun dl_fit_algorithm dl_transform_algorithm sel_model sel_score_classification sel_score_regression sel_percentile sel_threshold max_iter lr_penalty degree gamma max_depth_value mlp_learning_rate learning_rate_init neurons2 neurons3 lr_dual
244    svhn 1585213     15         3 classification  False Selection   none    True KNeighbors       False       <NA>             NA SelectPercentile   NA      <NA>        <NA> NA   <NA>            NA                     <NA>                   NA           NA      <NA>               NA   <NA>    NA            NA       NA       <NA>           6 uniform            NA               NA      NA   <NA>       <NA>          <NA>    <NA>             <NA>                   <NA>      <NA>                f_classif                   NA             11          <NA>       NA       <NA>     NA    NA              NA              <NA>                 NA       NA       NA    <NA>
# 2020-08-15 16:30:33 BRT: Iteration 7 of 7
# experimentsUsedSoFar: 1283
# remainingBudget: 717
# currentBudget: 717
# nbConfigurations: 66
  Markers:
     x No test is performed.
     - The test is performed and some configurations are discarded.
     = The test is performed but no configuration is discarded.
     ! The test is performed and configurations could be discarded but elite configurations are preserved.
     . All alive configurations are elite and nothing is discarded

+-+-----------+-----------+-----------+---------------+-----------+--------+-----+----+------+
| |   Instance|      Alive|       Best|      Mean best| Exp so far|  W time|  rho|KenW|  Qvar|
+-+-----------+-----------+-----------+---------------+-----------+--------+-----+----+------+
|x|         11|         66|        273|  -0.5032638995|         66|00:30:01|   NA|  NA|    NA|
|x|          7|         66|        273|  -0.5031267697|        131|00:30:01|+1.00|1.00|0.0000|
|x|          5|         66|        273|  -0.4993983241|        196|00:30:01|+1.00|1.00|0.0000|
|x|          1|         66|        273|  -0.4954382748|        261|00:30:01|+1.00|1.00|0.0000|
|!|          9|          3|        273|  -0.4959374074|        326|00:30:00|+1.00|1.00|0.0030|
+-+-----------+-----------+-----------+---------------+-----------+--------+-----+----+------+
Best-so-far configuration:         244    mean value:   -0.3379111060
Description of the best-so-far configuration:
    .ID. dataset  job_id cutoff metafolds           task sparse    f_eng1 f_eng2 scaling  algorithm pre_scaling extraction ext_components        selection lr_C lr_solver multi_class  C kernel rf_estimators criterion_classification criterion_regression max_features max_depth min_samples_leaf solver alpha hidden_layers neurons1 activation n_neighbors weights ab_estimators ab_learning_rate ab_loss whiten svd_solver ica_algorithm ica_fun dl_fit_algorithm dl_transform_algorithm sel_model sel_score_classification sel_score_regression sel_percentile sel_threshold max_iter lr_penalty degree gamma max_depth_value mlp_learning_rate learning_rate_init neurons2 neurons3 lr_dual .PARENT.
244  244    svhn 1585213     15         3 classification  False Selection   none    True KNeighbors       False       <NA>             NA SelectPercentile   NA      <NA>        <NA> NA   <NA>            NA                     <NA>                   NA           NA      <NA>               NA   <NA>    NA            NA       NA       <NA>           6 uniform            NA               NA      NA   <NA>       <NA>          <NA>    <NA>             <NA>                   <NA>      <NA>                f_classif                   NA             11          <NA>       NA       <NA>     NA    NA              NA              <NA>                 NA       NA       NA    <NA>      147

# 2020-08-15 19:00:43 BRT: Elite configurations (first number is the configuration ID; listed from best to worst according to the sum of ranks):
    dataset  job_id cutoff metafolds           task sparse    f_eng1 f_eng2 scaling  algorithm pre_scaling extraction ext_components        selection lr_C lr_solver multi_class      C kernel rf_estimators criterion_classification criterion_regression max_features max_depth min_samples_leaf solver alpha hidden_layers neurons1 activation n_neighbors weights ab_estimators ab_learning_rate ab_loss whiten svd_solver ica_algorithm ica_fun dl_fit_algorithm dl_transform_algorithm    sel_model sel_score_classification sel_score_regression sel_percentile sel_threshold max_iter lr_penalty degree  gamma max_depth_value mlp_learning_rate learning_rate_init neurons2 neurons3 lr_dual
244    svhn 1585213     15         3 classification  False Selection   none    True KNeighbors       False       <NA>             NA SelectPercentile   NA      <NA>        <NA>     NA   <NA>            NA                     <NA>                   NA           NA      <NA>               NA   <NA>    NA            NA       NA       <NA>           6 uniform            NA               NA      NA   <NA>       <NA>          <NA>    <NA>             <NA>                   <NA>         <NA>                f_classif                   NA             11          <NA>       NA       <NA>     NA     NA              NA              <NA>                 NA       NA       NA    <NA>
273    svhn 1585213     15         3 classification  False Selection   none    True        SVM       False       <NA>             NA SelectPercentile   NA      <NA>        <NA> 0.4146   poly            NA                     <NA>                   NA           NA      <NA>               NA   <NA>    NA            NA       NA       <NA>          NA    <NA>            NA               NA      NA   <NA>       <NA>          <NA>    <NA>             <NA>                   <NA>         <NA>                f_classif                   NA              7          <NA>       NA       <NA>      2 0.3563              NA              <NA>                 NA       NA       NA    <NA>
296    svhn 1585213     15         3 classification  False Selection   none    True KNeighbors       False       <NA>             NA  SelectFromModel   NA      <NA>        <NA>     NA   <NA>            NA                     <NA>                   NA           NA      <NA>               NA   <NA>    NA            NA       NA       <NA>           7 uniform            NA               NA      NA   <NA>       <NA>          <NA>    <NA>             <NA>                   <NA> RandomForest                     <NA>                   NA             NA        median       NA       <NA>     NA     NA              NA              <NA>                 NA       NA       NA    <NA>
# 2020-08-15 19:00:43 BRT: Iteration 8 of 8
# experimentsUsedSoFar: 1609
# remainingBudget: 391
# currentBudget: 391
# nbConfigurations: 35
  Markers:
     x No test is performed.
     - The test is performed and some configurations are discarded.
     = The test is performed but no configuration is discarded.
     ! The test is performed and configurations could be discarded but elite configurations are preserved.
     . All alive configurations are elite and nothing is discarded

+-+-----------+-----------+-----------+---------------+-----------+--------+-----+----+------+
| |   Instance|      Alive|       Best|      Mean best| Exp so far|  W time|  rho|KenW|  Qvar|
+-+-----------+-----------+-----------+---------------+-----------+--------+-----+----+------+
|x|         12|         35|        325|  -0.5311382470|         35|00:15:43|   NA|  NA|    NA|
|x|          8|         35|        325|  -0.5457811671|         69|00:15:32|+1.00|1.00|0.0000|
|x|          7|         35|        325|  -0.5475593272|        101|00:15:00|+1.00|1.00|0.0000|
|x|         11|         35|        325|  -0.5483771561|        133|00:15:01|+0.99|1.00|0.0000|
|!|         10|          5|        325|  -0.5473874382|        167|00:15:40|+0.96|0.97|0.0043|
+-+-----------+-----------+-----------+---------------+-----------+--------+-----+----+------+
Best-so-far configuration:         244    mean value:   -0.3362280597
Description of the best-so-far configuration:
    .ID. dataset  job_id cutoff metafolds           task sparse    f_eng1 f_eng2 scaling  algorithm pre_scaling extraction ext_components        selection lr_C lr_solver multi_class  C kernel rf_estimators criterion_classification criterion_regression max_features max_depth min_samples_leaf solver alpha hidden_layers neurons1 activation n_neighbors weights ab_estimators ab_learning_rate ab_loss whiten svd_solver ica_algorithm ica_fun dl_fit_algorithm dl_transform_algorithm sel_model sel_score_classification sel_score_regression sel_percentile sel_threshold max_iter lr_penalty degree gamma max_depth_value mlp_learning_rate learning_rate_init neurons2 neurons3 lr_dual .PARENT.
244  244    svhn 1585213     15         3 classification  False Selection   none    True KNeighbors       False       <NA>             NA SelectPercentile   NA      <NA>        <NA> NA   <NA>            NA                     <NA>                   NA           NA      <NA>               NA   <NA>    NA            NA       NA       <NA>           6 uniform            NA               NA      NA   <NA>       <NA>          <NA>    <NA>             <NA>                   <NA>      <NA>                f_classif                   NA             11          <NA>       NA       <NA>     NA    NA              NA              <NA>                 NA       NA       NA    <NA>      147

# 2020-08-15 20:17:42 BRT: Elite configurations (first number is the configuration ID; listed from best to worst according to the sum of ranks):
    dataset  job_id cutoff metafolds           task sparse    f_eng1 f_eng2 scaling  algorithm pre_scaling extraction ext_components        selection lr_C lr_solver multi_class       C kernel rf_estimators criterion_classification criterion_regression max_features max_depth min_samples_leaf solver alpha hidden_layers neurons1 activation n_neighbors weights ab_estimators ab_learning_rate ab_loss whiten svd_solver ica_algorithm ica_fun dl_fit_algorithm dl_transform_algorithm    sel_model sel_score_classification sel_score_regression sel_percentile sel_threshold max_iter lr_penalty degree   gamma max_depth_value mlp_learning_rate learning_rate_init neurons2 neurons3 lr_dual
244    svhn 1585213     15         3 classification  False Selection   none    True KNeighbors       False       <NA>             NA SelectPercentile   NA      <NA>        <NA>      NA   <NA>            NA                     <NA>                   NA           NA      <NA>               NA   <NA>    NA            NA       NA       <NA>           6 uniform            NA               NA      NA   <NA>       <NA>          <NA>    <NA>             <NA>                   <NA>         <NA>                f_classif                   NA             11          <NA>       NA       <NA>     NA      NA              NA              <NA>                 NA       NA       NA    <NA>
273    svhn 1585213     15         3 classification  False Selection   none    True        SVM       False       <NA>             NA SelectPercentile   NA      <NA>        <NA>  0.4146   poly            NA                     <NA>                   NA           NA      <NA>               NA   <NA>    NA            NA       NA       <NA>          NA    <NA>            NA               NA      NA   <NA>       <NA>          <NA>    <NA>             <NA>                   <NA>         <NA>                f_classif                   NA              7          <NA>       NA       <NA>      2  0.3563              NA              <NA>                 NA       NA       NA    <NA>
296    svhn 1585213     15         3 classification  False Selection   none    True KNeighbors       False       <NA>             NA  SelectFromModel   NA      <NA>        <NA>      NA   <NA>            NA                     <NA>                   NA           NA      <NA>               NA   <NA>    NA            NA       NA       <NA>           7 uniform            NA               NA      NA   <NA>       <NA>          <NA>    <NA>             <NA>                   <NA> RandomForest                     <NA>                   NA             NA        median       NA       <NA>     NA      NA              NA              <NA>                 NA       NA       NA    <NA>
325    svhn 1585213     15         3 classification  False Selection   none    True        SVM       False       <NA>             NA SelectPercentile   NA      <NA>        <NA>  4.0543   poly            NA                     <NA>                   NA           NA      <NA>               NA   <NA>    NA            NA       NA       <NA>          NA    <NA>            NA               NA      NA   <NA>       <NA>          <NA>    <NA>             <NA>                   <NA>         <NA>                f_classif                   NA             28          <NA>       NA       <NA>      2 -2.6972              NA              <NA>                 NA       NA       NA    <NA>
328    svhn 1585213     15         3 classification  False Selection   none    True        SVM       False       <NA>             NA SelectPercentile   NA      <NA>        <NA> -2.5283   poly            NA                     <NA>                   NA           NA      <NA>               NA   <NA>    NA            NA       NA       <NA>          NA    <NA>            NA               NA      NA   <NA>       <NA>          <NA>    <NA>             <NA>                   <NA>         <NA>                f_classif                   NA             25          <NA>       NA       <NA>      2  0.3248              NA              <NA>                 NA       NA       NA    <NA>
# 2020-08-15 20:17:42 BRT: Iteration 9 of 9
# experimentsUsedSoFar: 1776
# remainingBudget: 224
# currentBudget: 224
# nbConfigurations: 21
  Markers:
     x No test is performed.
     - The test is performed and some configurations are discarded.
     = The test is performed but no configuration is discarded.
     ! The test is performed and configurations could be discarded but elite configurations are preserved.
     . All alive configurations are elite and nothing is discarded

+-+-----------+-----------+-----------+---------------+-----------+--------+-----+----+------+
| |   Instance|      Alive|       Best|      Mean best| Exp so far|  W time|  rho|KenW|  Qvar|
+-+-----------+-----------+-----------+---------------+-----------+--------+-----+----+------+
|x|         13|         21|        325|  -0.5308203289|         21|00:15:00|   NA|  NA|    NA|
|x|          2|         21|        325|  -0.5424366255|         41|00:15:00|+0.88|0.94|0.0000|
|x|          5|         21|        325|  -0.5445063155|         59|00:15:00|+0.93|0.95|0.0000|
|x|          9|         21|        325|  -0.5417350449|         77|00:15:00|+0.93|0.95|0.0000|
|!|         11|          5|        325|  -0.5435541645|         93|00:15:00|+0.96|0.97|0.0035|
+-+-----------+-----------+-----------+---------------+-----------+--------+-----+----+------+
Best-so-far configuration:         244    mean value:   -0.3342074239
Description of the best-so-far configuration:
    .ID. dataset  job_id cutoff metafolds           task sparse    f_eng1 f_eng2 scaling  algorithm pre_scaling extraction ext_components        selection lr_C lr_solver multi_class  C kernel rf_estimators criterion_classification criterion_regression max_features max_depth min_samples_leaf solver alpha hidden_layers neurons1 activation n_neighbors weights ab_estimators ab_learning_rate ab_loss whiten svd_solver ica_algorithm ica_fun dl_fit_algorithm dl_transform_algorithm sel_model sel_score_classification sel_score_regression sel_percentile sel_threshold max_iter lr_penalty degree gamma max_depth_value mlp_learning_rate learning_rate_init neurons2 neurons3 lr_dual .PARENT.
244  244    svhn 1585213     15         3 classification  False Selection   none    True KNeighbors       False       <NA>             NA SelectPercentile   NA      <NA>        <NA> NA   <NA>            NA                     <NA>                   NA           NA      <NA>               NA   <NA>    NA            NA       NA       <NA>           6 uniform            NA               NA      NA   <NA>       <NA>          <NA>    <NA>             <NA>                   <NA>      <NA>                f_classif                   NA             11          <NA>       NA       <NA>     NA    NA              NA              <NA>                 NA       NA       NA    <NA>      147

# 2020-08-15 21:32:45 BRT: Elite configurations (first number is the configuration ID; listed from best to worst according to the sum of ranks):
    dataset  job_id cutoff metafolds           task sparse    f_eng1 f_eng2 scaling  algorithm pre_scaling extraction ext_components        selection lr_C lr_solver multi_class       C kernel rf_estimators criterion_classification criterion_regression max_features max_depth min_samples_leaf solver alpha hidden_layers neurons1 activation n_neighbors weights ab_estimators ab_learning_rate ab_loss whiten svd_solver ica_algorithm ica_fun dl_fit_algorithm dl_transform_algorithm    sel_model sel_score_classification sel_score_regression sel_percentile sel_threshold max_iter lr_penalty degree   gamma max_depth_value mlp_learning_rate learning_rate_init neurons2 neurons3 lr_dual
244    svhn 1585213     15         3 classification  False Selection   none    True KNeighbors       False       <NA>             NA SelectPercentile   NA      <NA>        <NA>      NA   <NA>            NA                     <NA>                   NA           NA      <NA>               NA   <NA>    NA            NA       NA       <NA>           6 uniform            NA               NA      NA   <NA>       <NA>          <NA>    <NA>             <NA>                   <NA>         <NA>                f_classif                   NA             11          <NA>       NA       <NA>     NA      NA              NA              <NA>                 NA       NA       NA    <NA>
273    svhn 1585213     15         3 classification  False Selection   none    True        SVM       False       <NA>             NA SelectPercentile   NA      <NA>        <NA>  0.4146   poly            NA                     <NA>                   NA           NA      <NA>               NA   <NA>    NA            NA       NA       <NA>          NA    <NA>            NA               NA      NA   <NA>       <NA>          <NA>    <NA>             <NA>                   <NA>         <NA>                f_classif                   NA              7          <NA>       NA       <NA>      2  0.3563              NA              <NA>                 NA       NA       NA    <NA>
296    svhn 1585213     15         3 classification  False Selection   none    True KNeighbors       False       <NA>             NA  SelectFromModel   NA      <NA>        <NA>      NA   <NA>            NA                     <NA>                   NA           NA      <NA>               NA   <NA>    NA            NA       NA       <NA>           7 uniform            NA               NA      NA   <NA>       <NA>          <NA>    <NA>             <NA>                   <NA> RandomForest                     <NA>                   NA             NA        median       NA       <NA>     NA      NA              NA              <NA>                 NA       NA       NA    <NA>
325    svhn 1585213     15         3 classification  False Selection   none    True        SVM       False       <NA>             NA SelectPercentile   NA      <NA>        <NA>  4.0543   poly            NA                     <NA>                   NA           NA      <NA>               NA   <NA>    NA            NA       NA       <NA>          NA    <NA>            NA               NA      NA   <NA>       <NA>          <NA>    <NA>             <NA>                   <NA>         <NA>                f_classif                   NA             28          <NA>       NA       <NA>      2 -2.6972              NA              <NA>                 NA       NA       NA    <NA>
328    svhn 1585213     15         3 classification  False Selection   none    True        SVM       False       <NA>             NA SelectPercentile   NA      <NA>        <NA> -2.5283   poly            NA                     <NA>                   NA           NA      <NA>               NA   <NA>    NA            NA       NA       <NA>          NA    <NA>            NA               NA      NA   <NA>       <NA>          <NA>    <NA>             <NA>                   <NA>         <NA>                f_classif                   NA             25          <NA>       NA       <NA>      2  0.3248              NA              <NA>                 NA       NA       NA    <NA>
# 2020-08-15 21:32:45 BRT: Iteration 10 of 10
# experimentsUsedSoFar: 1869
# remainingBudget: 131
# currentBudget: 131
# nbConfigurations: 14
  Markers:
     x No test is performed.
     - The test is performed and some configurations are discarded.
     = The test is performed but no configuration is discarded.
     ! The test is performed and configurations could be discarded but elite configurations are preserved.
     . All alive configurations are elite and nothing is discarded

+-+-----------+-----------+-----------+---------------+-----------+--------+-----+----+------+
| |   Instance|      Alive|       Best|      Mean best| Exp so far|  W time|  rho|KenW|  Qvar|
+-+-----------+-----------+-----------+---------------+-----------+--------+-----+----+------+
|x|         14|         14|        365|  -0.5407995492|         14|00:12:42|   NA|  NA|    NA|
|x|          6|         14|        365|  -0.5375394989|         27|00:13:25|+0.99|0.99|0.0012|
|x|          3|         14|        365|  -0.5412027313|         40|00:13:10|+0.99|0.99|0.0012|
|x|          7|         14|        365|  -0.5455909886|         49|00:13:33|+0.99|0.99|0.0012|
|!|         12|          6|        365|  -0.5427766662|         58|00:15:00|+0.98|0.98|0.0017|
+-+-----------+-----------+-----------+---------------+-----------+--------+-----+----+------+
Best-so-far configuration:         244    mean value:   -0.3333520736
Description of the best-so-far configuration:
    .ID. dataset  job_id cutoff metafolds           task sparse    f_eng1 f_eng2 scaling  algorithm pre_scaling extraction ext_components        selection lr_C lr_solver multi_class  C kernel rf_estimators criterion_classification criterion_regression max_features max_depth min_samples_leaf solver alpha hidden_layers neurons1 activation n_neighbors weights ab_estimators ab_learning_rate ab_loss whiten svd_solver ica_algorithm ica_fun dl_fit_algorithm dl_transform_algorithm sel_model sel_score_classification sel_score_regression sel_percentile sel_threshold max_iter lr_penalty degree gamma max_depth_value mlp_learning_rate learning_rate_init neurons2 neurons3 lr_dual .PARENT.
244  244    svhn 1585213     15         3 classification  False Selection   none    True KNeighbors       False       <NA>             NA SelectPercentile   NA      <NA>        <NA> NA   <NA>            NA                     <NA>                   NA           NA      <NA>               NA   <NA>    NA            NA       NA       <NA>           6 uniform            NA               NA      NA   <NA>       <NA>          <NA>    <NA>             <NA>                   <NA>      <NA>                f_classif                   NA             11          <NA>       NA       <NA>     NA    NA              NA              <NA>                 NA       NA       NA    <NA>      147

# 2020-08-15 22:40:38 BRT: Elite configurations (first number is the configuration ID; listed from best to worst according to the sum of ranks):
    dataset  job_id cutoff metafolds           task sparse    f_eng1 f_eng2 scaling  algorithm pre_scaling extraction ext_components        selection lr_C lr_solver multi_class       C kernel rf_estimators criterion_classification criterion_regression max_features max_depth min_samples_leaf solver alpha hidden_layers neurons1 activation n_neighbors weights ab_estimators ab_learning_rate ab_loss whiten svd_solver ica_algorithm ica_fun dl_fit_algorithm dl_transform_algorithm    sel_model sel_score_classification sel_score_regression sel_percentile sel_threshold max_iter lr_penalty degree   gamma max_depth_value mlp_learning_rate learning_rate_init neurons2 neurons3 lr_dual
244    svhn 1585213     15         3 classification  False Selection   none    True KNeighbors       False       <NA>             NA SelectPercentile   NA      <NA>        <NA>      NA   <NA>            NA                     <NA>                   NA           NA      <NA>               NA   <NA>    NA            NA       NA       <NA>           6 uniform            NA               NA      NA   <NA>       <NA>          <NA>    <NA>             <NA>                   <NA>         <NA>                f_classif                   NA             11          <NA>       NA       <NA>     NA      NA              NA              <NA>                 NA       NA       NA    <NA>
273    svhn 1585213     15         3 classification  False Selection   none    True        SVM       False       <NA>             NA SelectPercentile   NA      <NA>        <NA>  0.4146   poly            NA                     <NA>                   NA           NA      <NA>               NA   <NA>    NA            NA       NA       <NA>          NA    <NA>            NA               NA      NA   <NA>       <NA>          <NA>    <NA>             <NA>                   <NA>         <NA>                f_classif                   NA              7          <NA>       NA       <NA>      2  0.3563              NA              <NA>                 NA       NA       NA    <NA>
296    svhn 1585213     15         3 classification  False Selection   none    True KNeighbors       False       <NA>             NA  SelectFromModel   NA      <NA>        <NA>      NA   <NA>            NA                     <NA>                   NA           NA      <NA>               NA   <NA>    NA            NA       NA       <NA>           7 uniform            NA               NA      NA   <NA>       <NA>          <NA>    <NA>             <NA>                   <NA> RandomForest                     <NA>                   NA             NA        median       NA       <NA>     NA      NA              NA              <NA>                 NA       NA       NA    <NA>
325    svhn 1585213     15         3 classification  False Selection   none    True        SVM       False       <NA>             NA SelectPercentile   NA      <NA>        <NA>  4.0543   poly            NA                     <NA>                   NA           NA      <NA>               NA   <NA>    NA            NA       NA       <NA>          NA    <NA>            NA               NA      NA   <NA>       <NA>          <NA>    <NA>             <NA>                   <NA>         <NA>                f_classif                   NA             28          <NA>       NA       <NA>      2 -2.6972              NA              <NA>                 NA       NA       NA    <NA>
328    svhn 1585213     15         3 classification  False Selection   none    True        SVM       False       <NA>             NA SelectPercentile   NA      <NA>        <NA> -2.5283   poly            NA                     <NA>                   NA           NA      <NA>               NA   <NA>    NA            NA       NA       <NA>          NA    <NA>            NA               NA      NA   <NA>       <NA>          <NA>    <NA>             <NA>                   <NA>         <NA>                f_classif                   NA             25          <NA>       NA       <NA>      2  0.3248              NA              <NA>                 NA       NA       NA    <NA>
365    svhn 1585213     15         3 classification  False Selection   none    True        SVM       False       <NA>             NA SelectPercentile   NA      <NA>        <NA>  1.4199   poly            NA                     <NA>                   NA           NA      <NA>               NA   <NA>    NA            NA       NA       <NA>          NA    <NA>            NA               NA      NA   <NA>       <NA>          <NA>    <NA>             <NA>                   <NA>         <NA>                f_classif                   NA             34          <NA>       NA       <NA>      2 -1.5647              NA              <NA>                 NA       NA       NA    <NA>
# 2020-08-15 22:40:38 BRT: Iteration 11 of 11
# experimentsUsedSoFar: 1927
# remainingBudget: 73
# currentBudget: 73
# nbConfigurations: 10
  Markers:
     x No test is performed.
     - The test is performed and some configurations are discarded.
     = The test is performed but no configuration is discarded.
     ! The test is performed and configurations could be discarded but elite configurations are preserved.
     . All alive configurations are elite and nothing is discarded

+-+-----------+-----------+-----------+---------------+-----------+--------+-----+----+------+
| |   Instance|      Alive|       Best|      Mean best| Exp so far|  W time|  rho|KenW|  Qvar|
+-+-----------+-----------+-----------+---------------+-----------+--------+-----+----+------+
|x|         15|         10|        365|  -0.5546683805|         10|00:15:00|   NA|  NA|    NA|
|x|          4|         10|        365|  -0.5609280155|         19|00:15:00|+1.00|1.00|0.0000|
|x|         12|         10|        365|  -0.5511251359|         23|00:15:00|+1.00|1.00|0.0000|
|x|          9|         10|        365|  -0.5471990241|         28|00:15:00|+1.00|1.00|0.0000|
|!|         11|          6|        365|  -0.5484369745|         33|00:15:00|+1.00|1.00|0.0026|
+-+-----------+-----------+-----------+---------------+-----------+--------+-----+----+------+
Best-so-far configuration:         273    mean value:   -0.4981595027
Description of the best-so-far configuration:
    .ID. dataset  job_id cutoff metafolds           task sparse    f_eng1 f_eng2 scaling algorithm pre_scaling extraction ext_components        selection lr_C lr_solver multi_class      C kernel rf_estimators criterion_classification criterion_regression max_features max_depth min_samples_leaf solver alpha hidden_layers neurons1 activation n_neighbors weights ab_estimators ab_learning_rate ab_loss whiten svd_solver ica_algorithm ica_fun dl_fit_algorithm dl_transform_algorithm sel_model sel_score_classification sel_score_regression sel_percentile sel_threshold max_iter lr_penalty degree  gamma max_depth_value mlp_learning_rate learning_rate_init neurons2 neurons3 lr_dual .PARENT.
273  273    svhn 1585213     15         3 classification  False Selection   none    True       SVM       False       <NA>             NA SelectPercentile   NA      <NA>        <NA> 0.4146   poly            NA                     <NA>                   NA           NA      <NA>               NA   <NA>    NA            NA       NA       <NA>          NA    <NA>            NA               NA      NA   <NA>       <NA>          <NA>    <NA>             <NA>                   <NA>      <NA>                f_classif                   NA              7          <NA>       NA       <NA>      2 0.3563              NA              <NA>                 NA       NA       NA    <NA>      244

# 2020-08-15 23:55:40 BRT: Elite configurations (first number is the configuration ID; listed from best to worst according to the sum of ranks):
    dataset  job_id cutoff metafolds           task sparse    f_eng1 f_eng2 scaling  algorithm pre_scaling extraction ext_components        selection lr_C lr_solver multi_class       C kernel rf_estimators criterion_classification criterion_regression max_features max_depth min_samples_leaf solver alpha hidden_layers neurons1 activation n_neighbors weights ab_estimators ab_learning_rate ab_loss whiten svd_solver ica_algorithm ica_fun dl_fit_algorithm dl_transform_algorithm    sel_model sel_score_classification sel_score_regression sel_percentile sel_threshold max_iter lr_penalty degree   gamma max_depth_value mlp_learning_rate learning_rate_init neurons2 neurons3 lr_dual
273    svhn 1585213     15         3 classification  False Selection   none    True        SVM       False       <NA>             NA SelectPercentile   NA      <NA>        <NA>  0.4146   poly            NA                     <NA>                   NA           NA      <NA>               NA   <NA>    NA            NA       NA       <NA>          NA    <NA>            NA               NA      NA   <NA>       <NA>          <NA>    <NA>             <NA>                   <NA>         <NA>                f_classif                   NA              7          <NA>       NA       <NA>      2  0.3563              NA              <NA>                 NA       NA       NA    <NA>
296    svhn 1585213     15         3 classification  False Selection   none    True KNeighbors       False       <NA>             NA  SelectFromModel   NA      <NA>        <NA>      NA   <NA>            NA                     <NA>                   NA           NA      <NA>               NA   <NA>    NA            NA       NA       <NA>           7 uniform            NA               NA      NA   <NA>       <NA>          <NA>    <NA>             <NA>                   <NA> RandomForest                     <NA>                   NA             NA        median       NA       <NA>     NA      NA              NA              <NA>                 NA       NA       NA    <NA>
244    svhn 1585213     15         3 classification  False Selection   none    True KNeighbors       False       <NA>             NA SelectPercentile   NA      <NA>        <NA>      NA   <NA>            NA                     <NA>                   NA           NA      <NA>               NA   <NA>    NA            NA       NA       <NA>           6 uniform            NA               NA      NA   <NA>       <NA>          <NA>    <NA>             <NA>                   <NA>         <NA>                f_classif                   NA             11          <NA>       NA       <NA>     NA      NA              NA              <NA>                 NA       NA       NA    <NA>
325    svhn 1585213     15         3 classification  False Selection   none    True        SVM       False       <NA>             NA SelectPercentile   NA      <NA>        <NA>  4.0543   poly            NA                     <NA>                   NA           NA      <NA>               NA   <NA>    NA            NA       NA       <NA>          NA    <NA>            NA               NA      NA   <NA>       <NA>          <NA>    <NA>             <NA>                   <NA>         <NA>                f_classif                   NA             28          <NA>       NA       <NA>      2 -2.6972              NA              <NA>                 NA       NA       NA    <NA>
328    svhn 1585213     15         3 classification  False Selection   none    True        SVM       False       <NA>             NA SelectPercentile   NA      <NA>        <NA> -2.5283   poly            NA                     <NA>                   NA           NA      <NA>               NA   <NA>    NA            NA       NA       <NA>          NA    <NA>            NA               NA      NA   <NA>       <NA>          <NA>    <NA>             <NA>                   <NA>         <NA>                f_classif                   NA             25          <NA>       NA       <NA>      2  0.3248              NA              <NA>                 NA       NA       NA    <NA>
365    svhn 1585213     15         3 classification  False Selection   none    True        SVM       False       <NA>             NA SelectPercentile   NA      <NA>        <NA>  1.4199   poly            NA                     <NA>                   NA           NA      <NA>               NA   <NA>    NA            NA       NA       <NA>          NA    <NA>            NA               NA      NA   <NA>       <NA>          <NA>    <NA>             <NA>                   <NA>         <NA>                f_classif                   NA             34          <NA>       NA       <NA>      2 -1.5647              NA              <NA>                 NA       NA       NA    <NA>
# 2020-08-15 23:55:40 BRT: Iteration 12 of 12
# experimentsUsedSoFar: 1960
# remainingBudget: 40
# currentBudget: 40
# nbConfigurations: 8
  Markers:
     x No test is performed.
     - The test is performed and some configurations are discarded.
     = The test is performed but no configuration is discarded.
     ! The test is performed and configurations could be discarded but elite configurations are preserved.
     . All alive configurations are elite and nothing is discarded

+-+-----------+-----------+-----------+---------------+-----------+--------+-----+----+------+
| |   Instance|      Alive|       Best|      Mean best| Exp so far|  W time|  rho|KenW|  Qvar|
+-+-----------+-----------+-----------+---------------+-----------+--------+-----+----+------+
|x|         16|          8|        328|  -0.5628344690|          8|00:04:01|   NA|  NA|    NA|
|x|          8|          8|        325|  -0.5614444618|         11|00:03:56|+0.88|0.94|0.0019|
|x|         14|          8|        365|  -0.5556312889|         13|00:02:19|+0.92|0.95|0.0015|
|x|         12|          8|        365|  -0.5496033108|         15|00:02:19|+0.94|0.95|0.0045|
|!|          7|          6|        365|  -0.5514338008|         17|00:02:20|+0.91|0.93|0.0037|
|.|          4|          6|        365|  -0.5540594424|         17|23:59:59|+0.92|0.94|0.0031|
|.|          6|          6|        365|  -0.5512337290|         17|23:59:59|+0.92|0.93|0.0027|
|.|         15|          6|        365|  -0.5516630604|         17|23:59:59|+0.93|0.94|0.0024|
|.|          9|          6|        365|  -0.5498583525|         17|23:59:59|+0.94|0.95|0.0022|
+-+-----------+-----------+-----------+---------------+-----------+--------+-----+----+------+
Best-so-far configuration:         273    mean value:   -0.5001028362
Description of the best-so-far configuration:
    .ID. dataset  job_id cutoff metafolds           task sparse    f_eng1 f_eng2 scaling algorithm pre_scaling extraction ext_components        selection lr_C lr_solver multi_class      C kernel rf_estimators criterion_classification criterion_regression max_features max_depth min_samples_leaf solver alpha hidden_layers neurons1 activation n_neighbors weights ab_estimators ab_learning_rate ab_loss whiten svd_solver ica_algorithm ica_fun dl_fit_algorithm dl_transform_algorithm sel_model sel_score_classification sel_score_regression sel_percentile sel_threshold max_iter lr_penalty degree  gamma max_depth_value mlp_learning_rate learning_rate_init neurons2 neurons3 lr_dual .PARENT.
273  273    svhn 1585213     15         3 classification  False Selection   none    True       SVM       False       <NA>             NA SelectPercentile   NA      <NA>        <NA> 0.4146   poly            NA                     <NA>                   NA           NA      <NA>               NA   <NA>    NA            NA       NA       <NA>          NA    <NA>            NA               NA      NA   <NA>       <NA>          <NA>    <NA>             <NA>                   <NA>      <NA>                f_classif                   NA              7          <NA>       NA       <NA>      2 0.3563              NA              <NA>                 NA       NA       NA    <NA>      244

# 2020-08-16 00:10:38 BRT: Elite configurations (first number is the configuration ID; listed from best to worst according to the sum of ranks):
    dataset  job_id cutoff metafolds           task sparse    f_eng1 f_eng2 scaling  algorithm pre_scaling extraction ext_components        selection lr_C lr_solver multi_class       C kernel rf_estimators criterion_classification criterion_regression max_features max_depth min_samples_leaf solver alpha hidden_layers neurons1 activation n_neighbors weights ab_estimators ab_learning_rate ab_loss whiten svd_solver ica_algorithm ica_fun dl_fit_algorithm dl_transform_algorithm    sel_model sel_score_classification sel_score_regression sel_percentile sel_threshold max_iter lr_penalty degree   gamma max_depth_value mlp_learning_rate learning_rate_init neurons2 neurons3 lr_dual
273    svhn 1585213     15         3 classification  False Selection   none    True        SVM       False       <NA>             NA SelectPercentile   NA      <NA>        <NA>  0.4146   poly            NA                     <NA>                   NA           NA      <NA>               NA   <NA>    NA            NA       NA       <NA>          NA    <NA>            NA               NA      NA   <NA>       <NA>          <NA>    <NA>             <NA>                   <NA>         <NA>                f_classif                   NA              7          <NA>       NA       <NA>      2  0.3563              NA              <NA>                 NA       NA       NA    <NA>
296    svhn 1585213     15         3 classification  False Selection   none    True KNeighbors       False       <NA>             NA  SelectFromModel   NA      <NA>        <NA>      NA   <NA>            NA                     <NA>                   NA           NA      <NA>               NA   <NA>    NA            NA       NA       <NA>           7 uniform            NA               NA      NA   <NA>       <NA>          <NA>    <NA>             <NA>                   <NA> RandomForest                     <NA>                   NA             NA        median       NA       <NA>     NA      NA              NA              <NA>                 NA       NA       NA    <NA>
244    svhn 1585213     15         3 classification  False Selection   none    True KNeighbors       False       <NA>             NA SelectPercentile   NA      <NA>        <NA>      NA   <NA>            NA                     <NA>                   NA           NA      <NA>               NA   <NA>    NA            NA       NA       <NA>           6 uniform            NA               NA      NA   <NA>       <NA>          <NA>    <NA>             <NA>                   <NA>         <NA>                f_classif                   NA             11          <NA>       NA       <NA>     NA      NA              NA              <NA>                 NA       NA       NA    <NA>
325    svhn 1585213     15         3 classification  False Selection   none    True        SVM       False       <NA>             NA SelectPercentile   NA      <NA>        <NA>  4.0543   poly            NA                     <NA>                   NA           NA      <NA>               NA   <NA>    NA            NA       NA       <NA>          NA    <NA>            NA               NA      NA   <NA>       <NA>          <NA>    <NA>             <NA>                   <NA>         <NA>                f_classif                   NA             28          <NA>       NA       <NA>      2 -2.6972              NA              <NA>                 NA       NA       NA    <NA>
328    svhn 1585213     15         3 classification  False Selection   none    True        SVM       False       <NA>             NA SelectPercentile   NA      <NA>        <NA> -2.5283   poly            NA                     <NA>                   NA           NA      <NA>               NA   <NA>    NA            NA       NA       <NA>          NA    <NA>            NA               NA      NA   <NA>       <NA>          <NA>    <NA>             <NA>                   <NA>         <NA>                f_classif                   NA             25          <NA>       NA       <NA>      2  0.3248              NA              <NA>                 NA       NA       NA    <NA>
365    svhn 1585213     15         3 classification  False Selection   none    True        SVM       False       <NA>             NA SelectPercentile   NA      <NA>        <NA>  1.4199   poly            NA                     <NA>                   NA           NA      <NA>               NA   <NA>    NA            NA       NA       <NA>          NA    <NA>            NA               NA      NA   <NA>       <NA>          <NA>    <NA>             <NA>                   <NA>         <NA>                f_classif                   NA             34          <NA>       NA       <NA>      2 -1.5647              NA              <NA>                 NA       NA       NA    <NA>
# 2020-08-16 00:10:38 BRT: Stopped because there is not enough budget left to race more than the minimum (7)
# You may either increase the budget or set 'minNbSurvival' to a lower value
# Iteration: 13
# nbIterations: 13
# experimentsUsedSoFar: 1977
# timeUsed: 0
# remainingBudget: 23
# currentBudget: 23
# number of elites: 6
# nbConfigurations: 7
# Best configurations (first number is the configuration ID; listed from best to worst according to the sum of ranks):
    dataset  job_id cutoff metafolds           task sparse    f_eng1 f_eng2 scaling  algorithm pre_scaling extraction ext_components        selection lr_C lr_solver multi_class       C kernel rf_estimators criterion_classification criterion_regression max_features max_depth min_samples_leaf solver alpha hidden_layers neurons1 activation n_neighbors weights ab_estimators ab_learning_rate ab_loss whiten svd_solver ica_algorithm ica_fun dl_fit_algorithm dl_transform_algorithm    sel_model sel_score_classification sel_score_regression sel_percentile sel_threshold max_iter lr_penalty degree   gamma max_depth_value mlp_learning_rate learning_rate_init neurons2 neurons3 lr_dual
273    svhn 1585213     15         3 classification  False Selection   none    True        SVM       False       <NA>             NA SelectPercentile   NA      <NA>        <NA>  0.4146   poly            NA                     <NA>                   NA           NA      <NA>               NA   <NA>    NA            NA       NA       <NA>          NA    <NA>            NA               NA      NA   <NA>       <NA>          <NA>    <NA>             <NA>                   <NA>         <NA>                f_classif                   NA              7          <NA>       NA       <NA>      2  0.3563              NA              <NA>                 NA       NA       NA    <NA>
296    svhn 1585213     15         3 classification  False Selection   none    True KNeighbors       False       <NA>             NA  SelectFromModel   NA      <NA>        <NA>      NA   <NA>            NA                     <NA>                   NA           NA      <NA>               NA   <NA>    NA            NA       NA       <NA>           7 uniform            NA               NA      NA   <NA>       <NA>          <NA>    <NA>             <NA>                   <NA> RandomForest                     <NA>                   NA             NA        median       NA       <NA>     NA      NA              NA              <NA>                 NA       NA       NA    <NA>
244    svhn 1585213     15         3 classification  False Selection   none    True KNeighbors       False       <NA>             NA SelectPercentile   NA      <NA>        <NA>      NA   <NA>            NA                     <NA>                   NA           NA      <NA>               NA   <NA>    NA            NA       NA       <NA>           6 uniform            NA               NA      NA   <NA>       <NA>          <NA>    <NA>             <NA>                   <NA>         <NA>                f_classif                   NA             11          <NA>       NA       <NA>     NA      NA              NA              <NA>                 NA       NA       NA    <NA>
325    svhn 1585213     15         3 classification  False Selection   none    True        SVM       False       <NA>             NA SelectPercentile   NA      <NA>        <NA>  4.0543   poly            NA                     <NA>                   NA           NA      <NA>               NA   <NA>    NA            NA       NA       <NA>          NA    <NA>            NA               NA      NA   <NA>       <NA>          <NA>    <NA>             <NA>                   <NA>         <NA>                f_classif                   NA             28          <NA>       NA       <NA>      2 -2.6972              NA              <NA>                 NA       NA       NA    <NA>
328    svhn 1585213     15         3 classification  False Selection   none    True        SVM       False       <NA>             NA SelectPercentile   NA      <NA>        <NA> -2.5283   poly            NA                     <NA>                   NA           NA      <NA>               NA   <NA>    NA            NA       NA       <NA>          NA    <NA>            NA               NA      NA   <NA>       <NA>          <NA>    <NA>             <NA>                   <NA>         <NA>                f_classif                   NA             25          <NA>       NA       <NA>      2  0.3248              NA              <NA>                 NA       NA       NA    <NA>
365    svhn 1585213     15         3 classification  False Selection   none    True        SVM       False       <NA>             NA SelectPercentile   NA      <NA>        <NA>  1.4199   poly            NA                     <NA>                   NA           NA      <NA>               NA   <NA>    NA            NA       NA       <NA>          NA    <NA>            NA               NA      NA   <NA>       <NA>          <NA>    <NA>             <NA>                   <NA>         <NA>                f_classif                   NA             34          <NA>       NA       <NA>      2 -1.5647              NA              <NA>                 NA       NA       NA    <NA>
# Best configurations as commandlines (first number is the configuration ID; same order as above):
273  --dataset svhn --job_id 1585213 --cutoff 15 --metafolds 3 --task classification --sparse False --f_eng1 Selection --f_eng2 none --pre_scaling False --selection SelectPercentile --sel_score_classification f_classif --sel_percentile 7 --scaling True --algorithm SVM --C 0.4146 --kernel poly --degree 2 --gamma 0.3563
296  --dataset svhn --job_id 1585213 --cutoff 15 --metafolds 3 --task classification --sparse False --f_eng1 Selection --f_eng2 none --pre_scaling False --selection SelectFromModel --sel_model RandomForest --sel_threshold median --scaling True --algorithm KNeighbors --n_neighbors 7 --weights uniform
244  --dataset svhn --job_id 1585213 --cutoff 15 --metafolds 3 --task classification --sparse False --f_eng1 Selection --f_eng2 none --pre_scaling False --selection SelectPercentile --sel_score_classification f_classif --sel_percentile 11 --scaling True --algorithm KNeighbors --n_neighbors 6 --weights uniform
325  --dataset svhn --job_id 1585213 --cutoff 15 --metafolds 3 --task classification --sparse False --f_eng1 Selection --f_eng2 none --pre_scaling False --selection SelectPercentile --sel_score_classification f_classif --sel_percentile 28 --scaling True --algorithm SVM --C 4.0543 --kernel poly --degree 2 --gamma -2.6972
328  --dataset svhn --job_id 1585213 --cutoff 15 --metafolds 3 --task classification --sparse False --f_eng1 Selection --f_eng2 none --pre_scaling False --selection SelectPercentile --sel_score_classification f_classif --sel_percentile 25 --scaling True --algorithm SVM --C -2.5283 --kernel poly --degree 2 --gamma 0.3248
365  --dataset svhn --job_id 1585213 --cutoff 15 --metafolds 3 --task classification --sparse False --f_eng1 Selection --f_eng2 none --pre_scaling False --selection SelectPercentile --sel_score_classification f_classif --sel_percentile 34 --scaling True --algorithm SVM --C 1.4199 --kernel poly --degree 2 --gamma -1.5647
